BackupNameAttachment=" Build(0) 27 May 22 (10 52 41)"  -- used by backup system
Log Started at Fri May 27 10:52:41 2022
Built on Oct 13 2019 19:15:33
Running 64 bit Windows version
Command Line: "E:\Games\Steam\steamapps\common\Pandemic Express\Bin/win_x64/PandemicExpress.exe"
Executable: E:\Games\Steam\steamapps\common\Pandemic Express\Bin\win_x64\PandemicExpress.exe
FileVersion: 1.0.0.0
ProductVersion: 1.0.0.0
Added MOD directory <%engineroot%/engine> to CryPak

Total number of logical processors: 12
Number of available logical processors: 12
Total number of system cores: 6
Number of cores available to process: 6
 
Processor 0:
  CPU: AMD AMD Ryzen 5 3600 6-Core Processor              
  Family: 15, Model: 1, Stepping: 0
  FPU: On-Chip
  Features: FP16, SSE, SSE2, SSE3, SSE4.2, AVX, AVX2, FMA3
  Serial number not present or disabled
 
Processor 1:
  CPU: AMD AMD Ryzen 5 3600 6-Core Processor              
  Family: 15, Model: 1, Stepping: 0
  FPU: On-Chip
  Features: FP16, SSE, SSE2, SSE3, SSE4.2, AVX, AVX2, FMA3
  Serial number not present or disabled
 
Processor 2:
  CPU: AMD AMD Ryzen 5 3600 6-Core Processor              
  Family: 15, Model: 1, Stepping: 0
  FPU: On-Chip
  Features: FP16, SSE, SSE2, SSE3, SSE4.2, AVX, AVX2, FMA3
  Serial number not present or disabled
 
Processor 3:
  CPU: AMD AMD Ryzen 5 3600 6-Core Processor              
  Family: 15, Model: 1, Stepping: 0
  FPU: On-Chip
  Features: FP16, SSE, SSE2, SSE3, SSE4.2, AVX, AVX2, FMA3
  Serial number not present or disabled
 
Processor 4:
  CPU: AMD AMD Ryzen 5 3600 6-Core Processor              
  Family: 15, Model: 1, Stepping: 0
  FPU: On-Chip
  Features: FP16, SSE, SSE2, SSE3, SSE4.2, AVX, AVX2, FMA3
  Serial number not present or disabled
 
Processor 5:
  CPU: AMD AMD Ryzen 5 3600 6-Core Processor              
  Family: 15, Model: 1, Stepping: 0
  FPU: On-Chip
  Features: FP16, SSE, SSE2, SSE3, SSE4.2, AVX, AVX2, FMA3
  Serial number not present or disabled
 
<10:52:41> Loading Config file system.cfg (system.cfg)
<10:52:41> [Error] [CVARS]: [IGNORED CHANGE] variable [sys_version] from [] to [1.1.0.000.200116]; Marked as [VF_CHEAT]
<10:52:41> OnSysSpecChange(1)
<10:52:41> [Error] [CVARS]: [IGNORED CHANGE] variable [sys_asserts] from [0] to [0]; Marked as [VF_CHEAT]
<10:52:41> GameDir: DATA
<10:52:41> <ThreadConfigInfo>: Thread profile loaded: "pc_8" (config/engine_core.thread_config)  
<10:52:41> Windows 10 64 bit (build 10.0.22000)
<10:52:41> System language: English
<10:52:41> Windows Directory: "C:\Windows"
<10:52:41> Local time is 10:52:41 05/27/22, system running for 1146 minutes
<10:52:41> 16336MB physical memory installed, 7004MB available, 134217727MB virtual memory installed, 57 percent of memory in use
<10:52:41> PageFile usage: 75MB, Working Set: 88MB, Peak PageFile usage: 75MB,
<10:52:41> Current display mode is 2560x1440x32, (Unknown graphics card)
<10:52:41> IBM enhanced (101/102-key) keyboard and 5+ button mouse installed
<10:52:41> --------------------------------------------------------------------------------
<10:52:41> OnSysSpecChange(1)
<10:52:41> Loading Config file LowSpec.cfg (data\config\lowspec.cfg)
<10:52:41> [Error] [CVARS]: [MISSING] [mfx_Timeout] is not a registered console variable; referenced when testing console variable group [sys_spec_gameeffects] = [1]
<10:52:41> [Error] [CVARS]: [MISSING] [ca_AttachmentCullingRation] is not a registered console variable; referenced when testing console variable group [sys_spec_objectdetail] = [1]
<10:52:41> [Error] [CVARS]: [MISSING] [e_DecalsLifeTimeScale] is not a registered console variable; referenced when testing console variable group [sys_spec_objectdetail] = [1]
<10:52:41> [Error] [CVARS]: [MISSING] [e_LodRatio] is not a registered console variable; referenced when testing console variable group [sys_spec_objectdetail] = [1]
<10:52:41> [Error] [CVARS]: [MISSING] [e_MaxViewDistSpecLerp] is not a registered console variable; referenced when testing console variable group [sys_spec_objectdetail] = [1]
<10:52:41> [Error] [CVARS]: [MISSING] [e_MaxViewDistance] is not a registered console variable; referenced when testing console variable group [sys_spec_objectdetail] = [1]
<10:52:41> [Error] [CVARS]: [MISSING] [e_ObjQuality] is not a registered console variable; referenced when testing console variable group [sys_spec_objectdetail] = [1]
<10:52:41> [Error] [CVARS]: [MISSING] [e_TerrainOcclusionCullingMaxDist] is not a registered console variable; referenced when testing console variable group [sys_spec_objectdetail] = [1]
<10:52:41> [Error] [CVARS]: [MISSING] [e_VegetationMinSize] is not a registered console variable; referenced when testing console variable group [sys_spec_objectdetail] = [1]
<10:52:41> [Error] [CVARS]: [MISSING] [e_ViewDistRatio] is not a registered console variable; referenced when testing console variable group [sys_spec_objectdetail] = [1]
<10:52:41> [Error] [CVARS]: [MISSING] [e_ViewDistRatioCustom] is not a registered console variable; referenced when testing console variable group [sys_spec_objectdetail] = [1]
<10:52:41> [Error] [CVARS]: [MISSING] [e_ViewDistRatioDetail] is not a registered console variable; referenced when testing console variable group [sys_spec_objectdetail] = [1]
<10:52:41> [Error] [CVARS]: [MISSING] [e_ViewDistRatioLights] is not a registered console variable; referenced when testing console variable group [sys_spec_objectdetail] = [1]
<10:52:41> [Error] [CVARS]: [MISSING] [e_ViewDistRatioVegetation] is not a registered console variable; referenced when testing console variable group [sys_spec_objectdetail] = [1]
<10:52:41> [Error] [CVARS]: [MISSING] [es_DebrisLifetimeScale] is not a registered console variable; referenced when testing console variable group [sys_spec_objectdetail] = [1]
<10:52:41> [Error] [CVARS]: [MISSING] [e_DecalsOverlapping] is not a registered console variable; referenced when testing console variable group [sys_spec_objectdetail] = [1]
<10:52:41> [Error] [CVARS]: [MISSING] [e_LodMin] is not a registered console variable; referenced when testing console variable group [sys_spec_objectdetail] = [1]
<10:52:41> [Error] [CVARS]: [MISSING] [e_MergedMeshesInstanceDist] is not a registered console variable; referenced when testing console variable group [sys_spec_objectdetail] = [1]
<10:52:41> [Error] [CVARS]: [MISSING] [e_MergedMeshesPool] is not a registered console variable; referenced when testing console variable group [sys_spec_objectdetail] = [1]
<10:52:41> [Error] [CVARS]: [MISSING] [e_OcclusionCullingViewDistRatio] is not a registered console variable; referenced when testing console variable group [sys_spec_objectdetail] = [1]
<10:52:41> [Error] [CVARS]: [MISSING] [e_TerrainLodRatio] is not a registered console variable; referenced when testing console variable group [sys_spec_objectdetail] = [1]
<10:52:41> [Error] [CVARS]: [MISSING] [e_Tessellation] is not a registered console variable; referenced when testing console variable group [sys_spec_objectdetail] = [1]
<10:52:41> [Error] [CVARS]: [MISSING] [e_ViewDistMin] is not a registered console variable; referenced when testing console variable group [sys_spec_objectdetail] = [1]
<10:52:41> [Error] [CVARS]: [MISSING] [e_ParticlesMaxScreenFill] is not a registered console variable; referenced when testing console variable group [sys_spec_particles] = [1]
<10:52:41> [Error] [CVARS]: [MISSING] [e_ParticlesMinDrawPixels] is not a registered console variable; referenced when testing console variable group [sys_spec_particles] = [1]
<10:52:41> [Error] [CVARS]: [MISSING] [e_ParticlesObjectCollisions] is not a registered console variable; referenced when testing console variable group [sys_spec_particles] = [1]
<10:52:41> [Error] [CVARS]: [MISSING] [e_ParticlesQuality] is not a registered console variable; referenced when testing console variable group [sys_spec_particles] = [1]
<10:52:41> [Error] [CVARS]: [MISSING] [e_ParticlesMotionBlur] is not a registered console variable; referenced when testing console variable group [sys_spec_particles] = [1]
<10:52:41> [Error] [CVARS]: [MISSING] [e_CullVegActivation] is not a registered console variable; referenced when testing console variable group [sys_spec_physics] = [1]
<10:52:41> [Error] [CVARS]: [MISSING] [e_FoliageWindActivationDist] is not a registered console variable; referenced when testing console variable group [sys_spec_physics] = [1]
<10:52:41> [Error] [CVARS]: [MISSING] [e_PhysOceanCell] is not a registered console variable; referenced when testing console variable group [sys_spec_physics] = [1]
<10:52:41> [Error] [CVARS]: [MISSING] [es_MaxPhysDist] is not a registered console variable; referenced when testing console variable group [sys_spec_physics] = [1]
<10:52:41> [Error] [CVARS]: [MISSING] [es_MaxPhysDistInvisible] is not a registered console variable; referenced when testing console variable group [sys_spec_physics] = [1]
<10:52:41> [Error] [CVARS]: [MISSING] [g_breakage_particles_limit] is not a registered console variable; referenced when testing console variable group [sys_spec_physics] = [1]
<10:52:41> [Error] [CVARS]: [MISSING] [g_tree_cut_reuse_dist] is not a registered console variable; referenced when testing console variable group [sys_spec_physics] = [1]
<10:52:41> [Error] [CVARS]: [MISSING] [p_max_MC_iters] is not a registered console variable; referenced when testing console variable group [sys_spec_physics] = [1]
<10:52:41> [Error] [CVARS]: [MISSING] [p_max_substeps] is not a registered console variable; referenced when testing console variable group [sys_spec_physics] = [1]
<10:52:41> [Error] [CVARS]: [MISSING] [e_PhysProxyTriLimit] is not a registered console variable; referenced when testing console variable group [sys_spec_physics] = [1]
<10:52:41> [Error] [CVARS]: [MISSING] [p_max_object_splashes] is not a registered console variable; referenced when testing console variable group [sys_spec_physics] = [1]
<10:52:41> [Error] [CVARS]: [MISSING] [p_max_substeps_large_group] is not a registered console variable; referenced when testing console variable group [sys_spec_physics] = [1]
<10:52:41> [Error] [CVARS]: [MISSING] [p_num_bodies_large_group] is not a registered console variable; referenced when testing console variable group [sys_spec_physics] = [1]
<10:52:41> [Error] [CVARS]: [MISSING] [p_splash_dist0] is not a registered console variable; referenced when testing console variable group [sys_spec_physics] = [1]
<10:52:41> [Error] [CVARS]: [MISSING] [p_splash_dist1] is not a registered console variable; referenced when testing console variable group [sys_spec_physics] = [1]
<10:52:41> [Error] [CVARS]: [MISSING] [p_splash_force0] is not a registered console variable; referenced when testing console variable group [sys_spec_physics] = [1]
<10:52:41> [Error] [CVARS]: [MISSING] [p_splash_force1] is not a registered console variable; referenced when testing console variable group [sys_spec_physics] = [1]
<10:52:41> [Error] [CVARS]: [MISSING] [p_splash_vel0] is not a registered console variable; referenced when testing console variable group [sys_spec_physics] = [1]
<10:52:41> [Error] [CVARS]: [MISSING] [p_splash_vel1] is not a registered console variable; referenced when testing console variable group [sys_spec_physics] = [1]
<10:52:41> [Error] [CVARS]: [MISSING] [e_DynamicLightsMaxEntityLights] is not a registered console variable; referenced when testing console variable group [sys_spec_shading] = [1]
<10:52:41> [Error] [CVARS]: [MISSING] [e_SkyUpdateRate] is not a registered console variable; referenced when testing console variable group [sys_spec_shading] = [1]
<10:52:41> [Error] [CVARS]: [MISSING] [e_svoTI_Apply] is not a registered console variable; referenced when testing console variable group [sys_spec_shading] = [1]
<10:52:41> [Error] [CVARS]: [MISSING] [e_svoTI_RsmConeMaxLength] is not a registered console variable; referenced when testing console variable group [sys_spec_shading] = [1]
<10:52:41> [Error] [CVARS]: [MISSING] [e_svoTI_RsmUseColors] is not a registered console variable; referenced when testing console variable group [sys_spec_shading] = [1]
<10:52:41> [Error] [CVARS]: [MISSING] [e_svoTi_Active] is not a registered console variable; referenced when testing console variable group [sys_spec_shading] = [1]
<10:52:41> [Error] [CVARS]: [MISSING] [e_svoti_LowSpecMode] is not a registered console variable; referenced when testing console variable group [sys_spec_shading] = [1]
<10:52:41> [Error] [CVARS]: [MISSING] [e_LightVolumes] is not a registered console variable; referenced when testing console variable group [sys_spec_shading] = [1]
<10:52:41> [Error] [CVARS]: [MISSING] [e_VegetationUseTerrainColor] is not a registered console variable; referenced when testing console variable group [sys_spec_shading] = [1]
<10:52:41> [Error] [CVARS]: [MISSING] [e_GsmLodsNum] is not a registered console variable; referenced when testing console variable group [sys_spec_shadows] = [1]
<10:52:41> [Error] [CVARS]: [MISSING] [e_GsmRange] is not a registered console variable; referenced when testing console variable group [sys_spec_shadows] = [1]
<10:52:41> [Error] [CVARS]: [MISSING] [e_ObjShadowCastSpec] is not a registered console variable; referenced when testing console variable group [sys_spec_shadows] = [1]
<10:52:41> [Error] [CVARS]: [MISSING] [e_ParticlesShadows] is not a registered console variable; referenced when testing console variable group [sys_spec_shadows] = [1]
<10:52:41> [Error] [CVARS]: [MISSING] [e_Shadows] is not a registered console variable; referenced when testing console variable group [sys_spec_shadows] = [1]
<10:52:41> [Error] [CVARS]: [MISSING] [e_ShadowsBlendCascades] is not a registered console variable; referenced when testing console variable group [sys_spec_shadows] = [1]
<10:52:41> [Error] [CVARS]: [MISSING] [e_ShadowsCastViewDistRatio] is not a registered console variable; referenced when testing console variable group [sys_spec_shadows] = [1]
<10:52:41> [Error] [CVARS]: [MISSING] [e_ShadowsLodBiasFixed] is not a registered console variable; referenced when testing console variable group [sys_spec_shadows] = [1]
<10:52:41> [Error] [CVARS]: [MISSING] [e_ShadowsMaxTexRes] is not a registered console variable; referenced when testing console variable group [sys_spec_shadows] = [1]
<10:52:41> [Error] [CVARS]: [MISSING] [e_ShadowsPoolSize] is not a registered console variable; referenced when testing console variable group [sys_spec_shadows] = [1]
<10:52:41> [Error] [CVARS]: [MISSING] [e_ShadowsResScale] is not a registered console variable; referenced when testing console variable group [sys_spec_shadows] = [1]
<10:52:41> [Error] [CVARS]: [MISSING] [e_ShadowsTessellateCascades] is not a registered console variable; referenced when testing console variable group [sys_spec_shadows] = [1]
<10:52:41> [Error] [CVARS]: [MISSING] [e_ShadowsTessellateDLights] is not a registered console variable; referenced when testing console variable group [sys_spec_shadows] = [1]
<10:52:41> [Error] [CVARS]: [MISSING] [e_ShadowsUpdateViewDistRatio] is not a registered console variable; referenced when testing console variable group [sys_spec_shadows] = [1]
<10:52:41> [Error] [CVARS]: [MISSING] [e_VolumetricFog] is not a registered console variable; referenced when testing console variable group [sys_spec_volumetriceffects] = [1]
<10:52:41> [Error] [CVARS]: [MISSING] [e_fog] is not a registered console variable; referenced when testing console variable group [sys_spec_volumetriceffects] = [1]
<10:52:41> [Error] [CVARS]: [MISSING] [e_Clouds] is not a registered console variable; referenced when testing console variable group [sys_spec_volumetriceffects] = [1]
<10:52:41> [Error] [CVARS]: [MISSING] [e_WaterOceanFFT] is not a registered console variable; referenced when testing console variable group [sys_spec_water] = [1]
<10:52:41> [Error] [CVARS]: [MISSING] [e_WaterTessellationAmount] is not a registered console variable; referenced when testing console variable group [sys_spec_water] = [1]
<10:52:41> [Error] [CVARS]: [MISSING] [e_WaterTessellationAmountX] is not a registered console variable; referenced when testing console variable group [sys_spec_water] = [1]
<10:52:41> [Error] [CVARS]: [MISSING] [e_WaterTessellationAmountY] is not a registered console variable; referenced when testing console variable group [sys_spec_water] = [1]
<10:52:41> [Error] [CVARS]: [MISSING] [e_WaterTessellationSwathWidth] is not a registered console variable; referenced when testing console variable group [sys_spec_water] = [1]
<10:52:41> Loading Config file game.cfg (data\game.cfg)
<10:52:41> [Warning] [CVARS]: [CHANGED] variable [sys_asserts] from [0] to [0]; Marked as [VF_CHEAT]
<10:52:41> [Warning] Modifying marked variables will not be allowed in Release mode!
<10:52:41> Stream Engine Initialization
<10:52:41> GameName: Pandemic Express
<10:52:41> BuildTime: Oct 13 2019 19:15:33
<10:52:41> Physics initialization
<10:52:41> Localized language content(english) not available or modified from the original installation.
<10:52:41> Localized language content(english) not available or modified from the original installation.
<10:52:41> Localized language content(english) not available or modified from the original installation.
<10:52:41> <Audio>: AudioSystem initialization
<10:52:41> <Audio> <0.306>: CryAudioImplWwise loaded
<10:52:43> Renderer initialization
<10:52:43> Logging video adapters:
<10:52:43> - NVIDIA GeForce RTX 3070 (vendor = 0x10de, device = 0x2484)
<10:52:43>   - Adapter index: 0
<10:52:43>   - Dedicated video memory: 8043 MB
<10:52:43>   - Feature level: DX11 (SM 5.0)
<10:52:43>   - Displays connected: yes
<10:52:43>   - Suitable rendering device: yes
<10:52:43> - Microsoft Basic Render Driver (vendor = 0x1414, device = 0x008c)
<10:52:43>   - Adapter index: 1
<10:52:43>   - Dedicated video memory: 0 MB
<10:52:43>   - Feature level: DX11 (SM 5.0)
<10:52:43>   - Displays connected: no
<10:52:43>   - Suitable rendering device: no
<10:52:43> Active GPUs: 1
<10:52:44> [Renderer] A display device has been connected to the system
<10:52:44> Loading plugin CryDefaultEntities
<10:52:44> Loading plugin CrySchematycCore
<10:52:44> DLL Failed to load, error code: 7E
<10:52:44> Loading plugin CrySchematycSTDEnv
<10:52:44> DLL Failed to load, error code: 7E
<10:52:44> Loading plugin CrySensorSystem
<10:52:44> DLL Failed to load, error code: 7E
<10:52:44> Loading extension file cryplugin.csv
<10:52:44> Loading plugin ProcAnRandGenerator.dll
<10:52:44> Loading plugin PlayFab.dll
<10:52:44> Loading plugin CEVPlayer.dll
<10:52:45> Font initialization
<10:52:45> Using FreeType 2.5.5
<10:52:46> Network initialization
<10:52:46> [net] Socket IO management: External [iocp], Internal [iocp]
<10:52:46> network hostname: jasper-pc
<10:52:46>   ip:26.133.86.13
<10:52:46>   ip:192.168.20.15
<10:52:46> [Network Version]: PROFILE DEVELOPMENT BUILD
<10:52:46> MovieSystem initialization
<10:52:46> Console initialization
<10:52:46> Time initialization
<10:52:46> Input initialization
<10:52:46> AI initialization
<10:52:46>  
<10:52:46>     con_debug = 0 []
<10:52:46>     con_display_last_messages = 0 []
<10:52:46>     con_line_buffer_size = 1000 []
<10:52:46>     con_restricted = 0 [RESTRICTEDMODE]
<10:52:46>     con_showonload = 0 []
<10:52:46>  
<10:52:46>     con_debug = 0 []
<10:52:46>     con_display_last_messages = 0 []
<10:52:46>     con_line_buffer_size = 1000 []
<10:52:46>     con_restricted = 0 [RESTRICTEDMODE]
<10:52:46>     con_showonload = 0 []
<10:52:46>  
<10:52:46>     con_debug = 0 []
<10:52:46>  
<10:52:46>     con_debug = 0 []
<10:52:46> Initializing Animation System
<10:52:46> Initializing 3D Engine
<10:52:46> Script System Initialization
<10:52:46> Entity system initialization
<10:52:46> Initializing AI System
<10:52:46> Initializing additional systems
<10:52:46> Dynamic Response System initialization
<10:52:46> DLL Failed to load, error code: 7E
<10:52:46> No Dynamic Response System was loaded from a module, will use the NULL implementation.
<10:52:46> [Steam] Steam API initialized successfully
<10:52:47> <ThreadConfigInfo>: [XML Parsing] Thread with name "Main" already loaded. Overriding with new configuration
<10:52:47> <ThreadConfigInfo>: [XML Parsing] Thread with name "Network" already loaded. Overriding with new configuration
<10:52:47> <ThreadConfigInfo>: [XML Parsing] Thread with name "NetworkStallTicker" already loaded. Overriding with new configuration
<10:52:47> <ThreadConfigInfo>: [XML Parsing] Thread with name "ZLibCompressor" already loaded. Overriding with new configuration
<10:52:47> <ThreadConfigInfo>: [XML Parsing] Thread with name "NetworkStallTicker" already loaded. Overriding with new configuration
<10:52:47> <ThreadConfigInfo>: [XML Parsing] Thread with name "ZLibCompressor" already loaded. Overriding with new configuration
<10:52:47> <ThreadConfigInfo>: [XML Parsing] Thread with name "TelemetryCopier" already loaded. Overriding with new configuration
<10:52:47> <ThreadConfigInfo>: [XML Parsing] Thread with name "StatsAgent" already loaded. Overriding with new configuration
<10:52:47> <ThreadConfigInfo>: Thread profile loaded: "pc_8" (config/game.thread_config)  
<10:52:47> Initializing default materials...
<10:52:53> [MFX] Loading FXLib 'breakables' ...
<10:52:53> [MFX] Loading FXLib 'collisions' ...
<10:52:53> [MFX] Loading FXLib 'foley' ...
<10:52:53> [MFX] Loading FXLib 'foley_grunt' ...
<10:52:53> [MFX] Loading FXLib 'foley_player' ...
<10:52:53> [MFX] Loading FXLib 'footstep_grunt' ...
<10:52:53> [MFX] Loading FXLib 'footstep_player' ...
<10:52:53> [MFX] Loading FXLib 'footsteps' ...
<10:52:53> [MFX] Loading FXLib 'grenade' ...
<10:52:53> [MFX] Loading FXLib 'melee' ...
<10:52:53> [MFX] Loading FXLib 'player_fx' ...
<10:52:53> [MFX] Loading FXLib 'projectiles' ...
<10:52:53> [MFX] Loading FXLib 'tornado' ...
<10:52:53> [MFX] Loading FXLib 'vegetation' ...
<10:52:53> [MFX] Loading FXLib 'vehicles' ...
<10:52:53> [MFX] Loading FXLib 'breakables' ...
<10:52:53> [MFX] Loading FXLib 'collisions' ...
<10:52:53> [MFX] Loading FXLib 'foley' ...
<10:52:53> [MFX] Loading FXLib 'foley_grunt' ...
<10:52:53> [MFX] Loading FXLib 'foley_player' ...
<10:52:53> [MFX] Loading FXLib 'footstep_grunt' ...
<10:52:53> [MFX] Loading FXLib 'footstep_player' ...
<10:52:53> [MFX] Loading FXLib 'footsteps' ...
<10:52:53> [MFX] Loading FXLib 'grenade' ...
<10:52:53> [MFX] Loading FXLib 'melee' ...
<10:52:53> [MFX] Loading FXLib 'player_fx' ...
<10:52:53> [MFX] Loading FXLib 'projectiles' ...
<10:52:53> [MFX] Loading FXLib 'tornado' ...
<10:52:53> [MFX] Loading FXLib 'vegetation' ...
<10:52:53> [MFX] Loading FXLib 'vehicles' ...
<10:52:53> Creating socket on port 2838
<10:52:53> CreateDatagramSocket c1
<10:52:53> CreateDatagramSocket c2
<10:53:14> CreateDatagramSocket c1
<10:53:16> Game rules class: InstantAction
<10:53:16> ============================ PrepareLevel Multiplayer/Purgatorium_Esc ============================
<10:54:00> CryAnimation: character-definition not found: objects/characters/human/sdk_player/sdk_player.cdf
<10:54:00> CryAnimation: character-definition not found: objects/characters/human/sdk_player/sdk_player.cdf
<10:54:00> CryAnimation: character-definition not found: objects/characters/human/sdk_player/sdk_player.cdf
<10:54:01> CryAnimation: character-definition not found: objects/characters/human/sdk_player/sdk_player.cdf
<10:54:01> CryAnimation: character-definition not found: objects/characters/human/sdk_player/sdk_player.cdf
<10:54:01> CryAnimation: character-definition not found: objects/characters/human/sdk_player/sdk_player.cdf
<10:54:01> CryAnimation: character-definition not found: objects/characters/human/sdk_player/sdk_player.cdf
<10:54:01> CryAnimation: character-definition not found: objects/characters/human/sdk_player/sdk_player.cdf
<10:54:01> CryAnimation: character-definition not found: objects/characters/human/sdk_player/sdk_player.cdf
<10:54:01> CryAnimation: character-definition not found: objects/characters/human/sdk_player/sdk_player.cdf
<10:54:01> CryAnimation: character-definition not found: objects/characters/human/sdk_player/sdk_player.cdf
<10:54:01> CryAnimation: character-definition not found: objects/characters/human/sdk_player/sdk_player.cdf
<10:54:04> CryAnimation: character-definition not found: objects/characters/human/sdk_player/sdk_player.cdf
<10:54:04> CryAnimation: character-definition not found: objects/characters/human/sdk_player/sdk_player.cdf
<10:54:04> CryAnimation: character-definition not found: objects/characters/human/sdk_player/sdk_player.cdf
<10:54:06> PLAYERNAME Kornflakes
<10:54:06> CryAnimation: character-definition not found: objects/characters/man.cdf
<10:54:07> CryAnimation: character-definition not found: objects/characters/human/sdk_player/sdk_player.cdf
<10:54:07> CryAnimation: character-definition not found: objects/characters/human/sdk_player/sdk_player.cdf
<10:54:07> CryAnimation: character-definition not found: objects/characters/human/sdk_player/sdk_player.cdf
<10:54:39> CryAnimation: character-definition not found: objects/characters/human/sdk_player/sdk_player.cdf
<10:54:39> CryAnimation: character-definition not found: objects/characters/human/sdk_player/sdk_player.cdf
<10:54:39> CryAnimation: character-definition not found: objects/characters/human/sdk_player/sdk_player.cdf
<10:54:46> CryAnimation: character-definition not found: objects/characters/human/sdk_player/sdk_player.cdf
<10:54:46> CryAnimation: character-definition not found: objects/characters/human/sdk_player/sdk_player.cdf
<10:54:46> CryAnimation: character-definition not found: objects/characters/human/sdk_player/sdk_player.cdf
<10:55:33> sed_prerec_msg 
<10:59:41> CVehicleSeat::NetSetPassengerId c2
<10:59:41> CVehicleSeat::Enter called
<10:59:45> CVehicleSeat::Exit called
<10:59:45> CVehicleSeat::Exit called c2
<10:59:45> ClProcessLeave call
<11:03:23> st_used_prerec_msg 
<11:07:18> CTrain::SmplPlaySnd train_gts
<11:07:29> BaseInput - Shutting down all force feedback
<11:07:29> ActionGame - Shutting down all force feedback
<11:07:29> gEnv->pRenderer->Draw2dImage XXX
<11:07:31> CNetSyncSystem::~CNetSyncSystem & Crush?! packets_temp_bf(temp packet data buffs)
<11:07:31> remapped bone indices with refcount '4294967291' still around for 'zombiemodelnew/conserve_fp_nonmm.skin 0x000002EE4F0B3C00
<11:07:31> remapped bone indices with refcount '4294967291' still around for 'objects/zhg_objects/characters/conserve/conserve_head.skin 0x000002EE4F0B1FE0
<11:07:31> remapped bone indices with refcount '4294967291' still around for 'objects/characters/human/dude/source/pin_hands_sk.skin 0x000002EE5FC7AF90
<11:07:31> remapped bone indices with refcount '4294967291' still around for 'pants.skin 0x000002EE5FC7A950
<11:07:31> remapped bone indices with refcount '4294967291' still around for 'torso.skin 0x000002EE5FC73F10
<11:07:31> remapped bone indices with refcount '4294967291' still around for 'objects/zhg_objects/characters/sets/vanityset/vanityset_torso.skin 0x000002EE427FBF10
<11:07:31> remapped bone indices with refcount '4294967291' still around for 'objects/zhg_objects/characters/sets/vanityset/vanityset_torso.skin 0x000002EE427FBBF0
<11:07:31> remapped bone indices with refcount '4294967291' still around for 'objects/zhg_objects/characters/sets/vanityset/vanityset_torso.skin 0x000002EE427FB8D0
<11:07:31> remapped bone indices with refcount '4294967291' still around for 'objects/zhg_objects/characters/sets/vanityset/vanityset_pants.skin 0x000002EE427FB5B0
<11:07:31> remapped bone indices with refcount '4294967291' still around for 'objects/zhg_objects/characters/sets/vanityset/vanityset_pants.skin 0x000002EE427F9350
<11:07:31> remapped bone indices with refcount '4294967291' still around for 'objects/zhg_objects/characters/sets/vanityset/vanityset_pants.skin 0x000002EE427FCEB0
<11:07:31> remapped bone indices with refcount '4294967291' still around for 'objects/zhg_objects/characters/sets/vanityset/vanityset_head.skin 0x000002EE427F9FD0
<11:07:31> remapped bone indices with refcount '4294967291' still around for 'objects/zhg_objects/characters/sets/vanityset/vanityset_head.skin 0x000002EE427FA930
<11:07:31> remapped bone indices with refcount '4294967291' still around for 'objects/zhg_objects/characters/sets/vanityset/vanityset_head.skin 0x000002EE427FC870
<11:07:31> remapped bone indices with refcount '4294967291' still around for 'objects/zhg_objects/characters/sets/safetyset/safetyset_head.skin 0x000002EE427F9CB0
<11:07:31> remapped bone indices with refcount '4294967291' still around for 'objects/zhg_objects/characters/sets/safetyset/safetyset_head.skin 0x000002EE424A86D0
<11:07:31> remapped bone indices with refcount '4294967291' still around for 'objects/zhg_objects/characters/sets/safetyset/safetyset_head.skin 0x000002EE424A8090
<11:07:31> remapped bone indices with refcount '4294967285' still around for 'objects/zhg_objects/characters/sets/rebellionset/rebellionset_torso.skin 0x000002EE424A9670
<11:07:31> remapped bone indices with refcount '4294967285' still around for 'objects/zhg_objects/characters/sets/rebellionset/rebellionset_torso.skin 0x000002EE424A83B0
<11:07:31> remapped bone indices with refcount '4294967285' still around for 'objects/zhg_objects/characters/sets/rebellionset/rebellionset_torso.skin 0x000002EE424A9990
<11:07:31> remapped bone indices with refcount '4294967291' still around for 'objects/zhg_objects/characters/sets/rebellionset/rebellionset_pants.skin 0x000002EE424A8D10
<11:07:31> remapped bone indices with refcount '4294967291' still around for 'objects/zhg_objects/characters/sets/rebellionset/rebellionset_pants.skin 0x000002EE424A9CB0
<11:07:31> remapped bone indices with refcount '4294967291' still around for 'objects/zhg_objects/characters/sets/rebellionset/rebellionset_pants.skin 0x000002EE424A9350
<11:07:31> remapped bone indices with refcount '4294967291' still around for 'objects/zhg_objects/characters/sets/rebellionset/rebellionset_head.skin 0x000002EE424A9030
<11:07:31> remapped bone indices with refcount '4294967291' still around for 'objects/zhg_objects/characters/sets/rebellionset/rebellionset_head.skin 0x000002EE424A89F0
<11:07:31> remapped bone indices with refcount '4294967291' still around for 'objects/zhg_objects/characters/sets/rebellionset/rebellionset_head.skin 0x000002EE42800BA0
<11:07:31> remapped bone indices with refcount '4294967291' still around for 'objects/zhg_objects/characters/sets/rebellionset/rebelliomset_hands.skin 0x000002EE42800880
<11:07:31> remapped bone indices with refcount '4294967291' still around for 'objects/zhg_objects/characters/sets/rebellionset/rebelliomset_hands.skin 0x000002EE427FEF80
<11:07:31> remapped bone indices with refcount '4294967291' still around for 'objects/zhg_objects/characters/sets/rebellionset/rebelliomset_hands.skin 0x000002EE427FF2A0
<11:07:31> remapped bone indices with refcount '4294967291' still around for 'objects/zhg_objects/characters/sets/rebellionset/rebelliomset_hands.skin 0x000002EE42800560
<11:07:31> remapped bone indices with refcount '4294967291' still around for 'objects/zhg_objects/characters/sets/loverset/loverset_torso.skin 0x000002EE427FEC60
<11:07:31> remapped bone indices with refcount '4294967291' still around for 'objects/zhg_objects/characters/sets/loverset/loverset_torso.skin 0x000002EE427FFF20
<11:07:31> remapped bone indices with refcount '4294967291' still around for 'objects/zhg_objects/characters/sets/loverset/loverset_torso.skin 0x000002EE427FE300
<11:07:31> remapped bone indices with refcount '4294967291' still around for 'objects/zhg_objects/characters/sets/loverset/loverset_head.skin 0x000002EE427FE620
<11:07:31> remapped bone indices with refcount '4294967291' still around for 'objects/zhg_objects/characters/sets/loverset/loverset_head.skin 0x000002EE427FE940
<11:07:31> remapped bone indices with refcount '4294967291' still around for 'objects/zhg_objects/characters/sets/loverset/loverset_head.skin 0x000002EE427FDFE0
<11:07:31> remapped bone indices with refcount '4294967291' still around for 'objects/zhg_objects/characters/sets/leaderset/leaderset_torso.skin 0x000002EE427FF5C0
<11:07:31> remapped bone indices with refcount '4294967291' still around for 'objects/zhg_objects/characters/sets/leaderset/leaderset_torso.skin 0x000002EE427FDCC0
<11:07:31> remapped bone indices with refcount '4294967291' still around for 'objects/zhg_objects/characters/sets/leaderset/leaderset_torso.skin 0x000002EE427FD360
<11:07:31> remapped bone indices with refcount '4294967291' still around for 'objects/zhg_objects/characters/sets/leaderset/leaderset_pants.skin 0x000002EE427FFC00
<11:07:31> remapped bone indices with refcount '4294967291' still around for 'objects/zhg_objects/characters/sets/leaderset/leaderset_pants.skin 0x000002EE42800EC0
<11:07:31> remapped bone indices with refcount '4294967291' still around for 'objects/zhg_objects/characters/sets/leaderset/leaderset_pants.skin 0x000002EE427FF8E0
<11:07:31> remapped bone indices with refcount '4294967291' still around for 'objects/zhg_objects/characters/sets/leaderset/leaderset_head.skin 0x000002EE427FD680
<11:07:31> remapped bone indices with refcount '4294967291' still around for 'objects/zhg_objects/characters/sets/leaderset/leaderset_head.skin 0x000002EE42800240
<11:07:31> remapped bone indices with refcount '4294967291' still around for 'objects/zhg_objects/characters/sets/leaderset/leaderset_head.skin 0x000002EE427FD9A0
<11:07:31> remapped bone indices with refcount '4294967291' still around for 'objects/zhg_objects/characters/sets/hopefullset/hopefullset_torso.skin 0x000002EE41B55090
<11:07:31> remapped bone indices with refcount '4294967291' still around for 'objects/zhg_objects/characters/sets/hopefullset/hopefullset_torso.skin 0x000002EE41B58290
<11:07:31> remapped bone indices with refcount '4294967291' still around for 'objects/zhg_objects/characters/sets/hopefullset/hopefullset_torso.skin 0x000002EE41B57C50
<11:07:31> remapped bone indices with refcount '4294967291' still around for 'objects/zhg_objects/characters/sets/hopefullset/hopefullset_pants.skin 0x000002EE41B57F70
<11:07:31> remapped bone indices with refcount '4294967291' still around for 'objects/zhg_objects/characters/sets/hopefullset/hopefullset_pants.skin 0x000002EE41B58BF0
<11:07:31> remapped bone indices with refcount '4294967291' still around for 'objects/zhg_objects/characters/sets/hopefullset/hopefullset_pants.skin 0x000002EE41B588D0
<11:07:31> remapped bone indices with refcount '4294967291' still around for 'objects/zhg_objects/characters/sets/hopefullset/hopefullset_head.skin 0x000002EE41B57930
<11:07:31> remapped bone indices with refcount '4294967291' still around for 'objects/zhg_objects/characters/sets/hopefullset/hopefullset_head.skin 0x000002EE41B56CB0
<11:07:31> remapped bone indices with refcount '4294967291' still around for 'objects/zhg_objects/characters/sets/hopefullset/hopefullset_head.skin 0x000002EE41B553B0
<11:07:31> remapped bone indices with refcount '4294967291' still around for 'objects/zhg_objects/characters/sets/doubtset/doubtset_head.skin 0x000002EE41B56990
