BackupNameAttachment=" Build(0) 20 Jul 23 (23 01 27)"  -- used by backup system
Log Started at Thu Jul 20 23:01:27 2023
Built on Oct 13 2019 19:15:33
Running 64 bit Windows version
Command Line: "X:\SteamLibrary\steamapps\common\Pandemic Express\Bin/win_x64/PandemicExpress.exe"
Executable: X:\SteamLibrary\steamapps\common\Pandemic Express\Bin\win_x64\PandemicExpress.exe
FileVersion: 1.0.0.0
ProductVersion: 1.0.0.0
Added MOD directory <%engineroot%/engine> to CryPak

Total number of logical processors: 16
Number of available logical processors: 16
Total number of system cores: 8
Number of cores available to process: 8
 
Processor 0:
  CPU: AMD AMD Ryzen 7 5700X 8-Core Processor             
  Family: 15, Model: 1, Stepping: 2
  FPU: On-Chip
  Features: FP16, SSE, SSE2, SSE3, SSE4.2, AVX, AVX2, FMA3
  Serial number not present or disabled
 
Processor 1:
  CPU: AMD AMD Ryzen 7 5700X 8-Core Processor             
  Family: 15, Model: 1, Stepping: 2
  FPU: On-Chip
  Features: FP16, SSE, SSE2, SSE3, SSE4.2, AVX, AVX2, FMA3
  Serial number not present or disabled
 
Processor 2:
  CPU: AMD AMD Ryzen 7 5700X 8-Core Processor             
  Family: 15, Model: 1, Stepping: 2
  FPU: On-Chip
  Features: FP16, SSE, SSE2, SSE3, SSE4.2, AVX, AVX2, FMA3
  Serial number not present or disabled
 
Processor 3:
  CPU: AMD AMD Ryzen 7 5700X 8-Core Processor             
  Family: 15, Model: 1, Stepping: 2
  FPU: On-Chip
  Features: FP16, SSE, SSE2, SSE3, SSE4.2, AVX, AVX2, FMA3
  Serial number not present or disabled
 
Processor 4:
  CPU: AMD AMD Ryzen 7 5700X 8-Core Processor             
  Family: 15, Model: 1, Stepping: 2
  FPU: On-Chip
  Features: FP16, SSE, SSE2, SSE3, SSE4.2, AVX, AVX2, FMA3
  Serial number not present or disabled
 
Processor 5:
  CPU: AMD AMD Ryzen 7 5700X 8-Core Processor             
  Family: 15, Model: 1, Stepping: 2
  FPU: On-Chip
  Features: FP16, SSE, SSE2, SSE3, SSE4.2, AVX, AVX2, FMA3
  Serial number not present or disabled
 
Processor 6:
  CPU: AMD AMD Ryzen 7 5700X 8-Core Processor             
  Family: 15, Model: 1, Stepping: 2
  FPU: On-Chip
  Features: FP16, SSE, SSE2, SSE3, SSE4.2, AVX, AVX2, FMA3
  Serial number not present or disabled
 
Processor 7:
  CPU: AMD AMD Ryzen 7 5700X 8-Core Processor             
  Family: 15, Model: 1, Stepping: 2
  FPU: On-Chip
  Features: FP16, SSE, SSE2, SSE3, SSE4.2, AVX, AVX2, FMA3
  Serial number not present or disabled
 
<23:01:27> Loading Config file system.cfg (system.cfg)
<23:01:27> [Error] [CVARS]: [IGNORED CHANGE] variable [sys_version] from [] to [1.1.0.000.200116]; Marked as [VF_CHEAT]
<23:01:27> OnSysSpecChange(1)
<23:01:27> [Error] [CVARS]: [IGNORED CHANGE] variable [sys_asserts] from [0] to [0]; Marked as [VF_CHEAT]
<23:01:27> GameDir: DATA
<23:01:28> <ThreadConfigInfo>: Thread profile loaded: "pc_8" (config/engine_core.thread_config)  
<23:01:28> Windows 10 64 bit (build 10.0.22621)
<23:01:28> System language: English
<23:01:28> Windows Directory: "C:\WINDOWS"
<23:01:28> Local time is 23:01:28 07/20/23, system running for 435 minutes
<23:01:28> 16311MB physical memory installed, 4669MB available, 134217727MB virtual memory installed, 71 percent of memory in use
<23:01:28> PageFile usage: 112MB, Working Set: 129MB, Peak PageFile usage: 115MB,
<23:01:28> Current display mode is 2560x1440x32, (Unknown graphics card)
<23:01:28> IBM enhanced (101/102-key) keyboard and 32+ button mouse installed
<23:01:28> --------------------------------------------------------------------------------
<23:01:28> OnSysSpecChange(1)
<23:01:28> Loading Config file LowSpec.cfg (data\config\lowspec.cfg)
<23:01:28> [Error] [CVARS]: [MISSING] [mfx_Timeout] is not a registered console variable; referenced when testing console variable group [sys_spec_gameeffects] = [1]
<23:01:28> [Error] [CVARS]: [MISSING] [ca_AttachmentCullingRation] is not a registered console variable; referenced when testing console variable group [sys_spec_objectdetail] = [1]
<23:01:28> [Error] [CVARS]: [MISSING] [e_DecalsLifeTimeScale] is not a registered console variable; referenced when testing console variable group [sys_spec_objectdetail] = [1]
<23:01:28> [Error] [CVARS]: [MISSING] [e_LodRatio] is not a registered console variable; referenced when testing console variable group [sys_spec_objectdetail] = [1]
<23:01:28> [Error] [CVARS]: [MISSING] [e_MaxViewDistSpecLerp] is not a registered console variable; referenced when testing console variable group [sys_spec_objectdetail] = [1]
<23:01:28> [Error] [CVARS]: [MISSING] [e_MaxViewDistance] is not a registered console variable; referenced when testing console variable group [sys_spec_objectdetail] = [1]
<23:01:28> [Error] [CVARS]: [MISSING] [e_ObjQuality] is not a registered console variable; referenced when testing console variable group [sys_spec_objectdetail] = [1]
<23:01:28> [Error] [CVARS]: [MISSING] [e_TerrainOcclusionCullingMaxDist] is not a registered console variable; referenced when testing console variable group [sys_spec_objectdetail] = [1]
<23:01:28> [Error] [CVARS]: [MISSING] [e_VegetationMinSize] is not a registered console variable; referenced when testing console variable group [sys_spec_objectdetail] = [1]
<23:01:28> [Error] [CVARS]: [MISSING] [e_ViewDistRatio] is not a registered console variable; referenced when testing console variable group [sys_spec_objectdetail] = [1]
<23:01:28> [Error] [CVARS]: [MISSING] [e_ViewDistRatioCustom] is not a registered console variable; referenced when testing console variable group [sys_spec_objectdetail] = [1]
<23:01:28> [Error] [CVARS]: [MISSING] [e_ViewDistRatioDetail] is not a registered console variable; referenced when testing console variable group [sys_spec_objectdetail] = [1]
<23:01:28> [Error] [CVARS]: [MISSING] [e_ViewDistRatioLights] is not a registered console variable; referenced when testing console variable group [sys_spec_objectdetail] = [1]
<23:01:28> [Error] [CVARS]: [MISSING] [e_ViewDistRatioVegetation] is not a registered console variable; referenced when testing console variable group [sys_spec_objectdetail] = [1]
<23:01:28> [Error] [CVARS]: [MISSING] [es_DebrisLifetimeScale] is not a registered console variable; referenced when testing console variable group [sys_spec_objectdetail] = [1]
<23:01:28> [Error] [CVARS]: [MISSING] [e_DecalsOverlapping] is not a registered console variable; referenced when testing console variable group [sys_spec_objectdetail] = [1]
<23:01:28> [Error] [CVARS]: [MISSING] [e_LodMin] is not a registered console variable; referenced when testing console variable group [sys_spec_objectdetail] = [1]
<23:01:28> [Error] [CVARS]: [MISSING] [e_MergedMeshesInstanceDist] is not a registered console variable; referenced when testing console variable group [sys_spec_objectdetail] = [1]
<23:01:28> [Error] [CVARS]: [MISSING] [e_MergedMeshesPool] is not a registered console variable; referenced when testing console variable group [sys_spec_objectdetail] = [1]
<23:01:28> [Error] [CVARS]: [MISSING] [e_OcclusionCullingViewDistRatio] is not a registered console variable; referenced when testing console variable group [sys_spec_objectdetail] = [1]
<23:01:28> [Error] [CVARS]: [MISSING] [e_TerrainLodRatio] is not a registered console variable; referenced when testing console variable group [sys_spec_objectdetail] = [1]
<23:01:28> [Error] [CVARS]: [MISSING] [e_Tessellation] is not a registered console variable; referenced when testing console variable group [sys_spec_objectdetail] = [1]
<23:01:28> [Error] [CVARS]: [MISSING] [e_ViewDistMin] is not a registered console variable; referenced when testing console variable group [sys_spec_objectdetail] = [1]
<23:01:28> [Error] [CVARS]: [MISSING] [e_ParticlesMaxScreenFill] is not a registered console variable; referenced when testing console variable group [sys_spec_particles] = [1]
<23:01:28> [Error] [CVARS]: [MISSING] [e_ParticlesMinDrawPixels] is not a registered console variable; referenced when testing console variable group [sys_spec_particles] = [1]
<23:01:28> [Error] [CVARS]: [MISSING] [e_ParticlesObjectCollisions] is not a registered console variable; referenced when testing console variable group [sys_spec_particles] = [1]
<23:01:28> [Error] [CVARS]: [MISSING] [e_ParticlesQuality] is not a registered console variable; referenced when testing console variable group [sys_spec_particles] = [1]
<23:01:28> [Error] [CVARS]: [MISSING] [e_ParticlesMotionBlur] is not a registered console variable; referenced when testing console variable group [sys_spec_particles] = [1]
<23:01:28> [Error] [CVARS]: [MISSING] [e_CullVegActivation] is not a registered console variable; referenced when testing console variable group [sys_spec_physics] = [1]
<23:01:28> [Error] [CVARS]: [MISSING] [e_FoliageWindActivationDist] is not a registered console variable; referenced when testing console variable group [sys_spec_physics] = [1]
<23:01:28> [Error] [CVARS]: [MISSING] [e_PhysOceanCell] is not a registered console variable; referenced when testing console variable group [sys_spec_physics] = [1]
<23:01:28> [Error] [CVARS]: [MISSING] [es_MaxPhysDist] is not a registered console variable; referenced when testing console variable group [sys_spec_physics] = [1]
<23:01:28> [Error] [CVARS]: [MISSING] [es_MaxPhysDistInvisible] is not a registered console variable; referenced when testing console variable group [sys_spec_physics] = [1]
<23:01:28> [Error] [CVARS]: [MISSING] [g_breakage_particles_limit] is not a registered console variable; referenced when testing console variable group [sys_spec_physics] = [1]
<23:01:28> [Error] [CVARS]: [MISSING] [g_tree_cut_reuse_dist] is not a registered console variable; referenced when testing console variable group [sys_spec_physics] = [1]
<23:01:28> [Error] [CVARS]: [MISSING] [p_max_MC_iters] is not a registered console variable; referenced when testing console variable group [sys_spec_physics] = [1]
<23:01:28> [Error] [CVARS]: [MISSING] [p_max_substeps] is not a registered console variable; referenced when testing console variable group [sys_spec_physics] = [1]
<23:01:28> [Error] [CVARS]: [MISSING] [e_PhysProxyTriLimit] is not a registered console variable; referenced when testing console variable group [sys_spec_physics] = [1]
<23:01:28> [Error] [CVARS]: [MISSING] [p_max_object_splashes] is not a registered console variable; referenced when testing console variable group [sys_spec_physics] = [1]
<23:01:28> [Error] [CVARS]: [MISSING] [p_max_substeps_large_group] is not a registered console variable; referenced when testing console variable group [sys_spec_physics] = [1]
<23:01:28> [Error] [CVARS]: [MISSING] [p_num_bodies_large_group] is not a registered console variable; referenced when testing console variable group [sys_spec_physics] = [1]
<23:01:28> [Error] [CVARS]: [MISSING] [p_splash_dist0] is not a registered console variable; referenced when testing console variable group [sys_spec_physics] = [1]
<23:01:28> [Error] [CVARS]: [MISSING] [p_splash_dist1] is not a registered console variable; referenced when testing console variable group [sys_spec_physics] = [1]
<23:01:28> [Error] [CVARS]: [MISSING] [p_splash_force0] is not a registered console variable; referenced when testing console variable group [sys_spec_physics] = [1]
<23:01:28> [Error] [CVARS]: [MISSING] [p_splash_force1] is not a registered console variable; referenced when testing console variable group [sys_spec_physics] = [1]
<23:01:28> [Error] [CVARS]: [MISSING] [p_splash_vel0] is not a registered console variable; referenced when testing console variable group [sys_spec_physics] = [1]
<23:01:28> [Error] [CVARS]: [MISSING] [p_splash_vel1] is not a registered console variable; referenced when testing console variable group [sys_spec_physics] = [1]
<23:01:28> [Error] [CVARS]: [MISSING] [e_DynamicLightsMaxEntityLights] is not a registered console variable; referenced when testing console variable group [sys_spec_shading] = [1]
<23:01:28> [Error] [CVARS]: [MISSING] [e_SkyUpdateRate] is not a registered console variable; referenced when testing console variable group [sys_spec_shading] = [1]
<23:01:28> [Error] [CVARS]: [MISSING] [e_svoTI_Apply] is not a registered console variable; referenced when testing console variable group [sys_spec_shading] = [1]
<23:01:28> [Error] [CVARS]: [MISSING] [e_svoTI_RsmConeMaxLength] is not a registered console variable; referenced when testing console variable group [sys_spec_shading] = [1]
<23:01:28> [Error] [CVARS]: [MISSING] [e_svoTI_RsmUseColors] is not a registered console variable; referenced when testing console variable group [sys_spec_shading] = [1]
<23:01:28> [Error] [CVARS]: [MISSING] [e_svoTi_Active] is not a registered console variable; referenced when testing console variable group [sys_spec_shading] = [1]
<23:01:28> [Error] [CVARS]: [MISSING] [e_svoti_LowSpecMode] is not a registered console variable; referenced when testing console variable group [sys_spec_shading] = [1]
<23:01:28> [Error] [CVARS]: [MISSING] [e_LightVolumes] is not a registered console variable; referenced when testing console variable group [sys_spec_shading] = [1]
<23:01:28> [Error] [CVARS]: [MISSING] [e_VegetationUseTerrainColor] is not a registered console variable; referenced when testing console variable group [sys_spec_shading] = [1]
<23:01:28> [Error] [CVARS]: [MISSING] [e_GsmLodsNum] is not a registered console variable; referenced when testing console variable group [sys_spec_shadows] = [1]
<23:01:28> [Error] [CVARS]: [MISSING] [e_GsmRange] is not a registered console variable; referenced when testing console variable group [sys_spec_shadows] = [1]
<23:01:28> [Error] [CVARS]: [MISSING] [e_ObjShadowCastSpec] is not a registered console variable; referenced when testing console variable group [sys_spec_shadows] = [1]
<23:01:28> [Error] [CVARS]: [MISSING] [e_ParticlesShadows] is not a registered console variable; referenced when testing console variable group [sys_spec_shadows] = [1]
<23:01:28> [Error] [CVARS]: [MISSING] [e_Shadows] is not a registered console variable; referenced when testing console variable group [sys_spec_shadows] = [1]
<23:01:28> [Error] [CVARS]: [MISSING] [e_ShadowsBlendCascades] is not a registered console variable; referenced when testing console variable group [sys_spec_shadows] = [1]
<23:01:28> [Error] [CVARS]: [MISSING] [e_ShadowsCastViewDistRatio] is not a registered console variable; referenced when testing console variable group [sys_spec_shadows] = [1]
<23:01:28> [Error] [CVARS]: [MISSING] [e_ShadowsLodBiasFixed] is not a registered console variable; referenced when testing console variable group [sys_spec_shadows] = [1]
<23:01:28> [Error] [CVARS]: [MISSING] [e_ShadowsMaxTexRes] is not a registered console variable; referenced when testing console variable group [sys_spec_shadows] = [1]
<23:01:28> [Error] [CVARS]: [MISSING] [e_ShadowsPoolSize] is not a registered console variable; referenced when testing console variable group [sys_spec_shadows] = [1]
<23:01:28> [Error] [CVARS]: [MISSING] [e_ShadowsResScale] is not a registered console variable; referenced when testing console variable group [sys_spec_shadows] = [1]
<23:01:28> [Error] [CVARS]: [MISSING] [e_ShadowsTessellateCascades] is not a registered console variable; referenced when testing console variable group [sys_spec_shadows] = [1]
<23:01:28> [Error] [CVARS]: [MISSING] [e_ShadowsTessellateDLights] is not a registered console variable; referenced when testing console variable group [sys_spec_shadows] = [1]
<23:01:28> [Error] [CVARS]: [MISSING] [e_ShadowsUpdateViewDistRatio] is not a registered console variable; referenced when testing console variable group [sys_spec_shadows] = [1]
<23:01:28> [Error] [CVARS]: [MISSING] [e_VolumetricFog] is not a registered console variable; referenced when testing console variable group [sys_spec_volumetriceffects] = [1]
<23:01:28> [Error] [CVARS]: [MISSING] [e_fog] is not a registered console variable; referenced when testing console variable group [sys_spec_volumetriceffects] = [1]
<23:01:28> [Error] [CVARS]: [MISSING] [e_Clouds] is not a registered console variable; referenced when testing console variable group [sys_spec_volumetriceffects] = [1]
<23:01:28> [Error] [CVARS]: [MISSING] [e_WaterOceanFFT] is not a registered console variable; referenced when testing console variable group [sys_spec_water] = [1]
<23:01:28> [Error] [CVARS]: [MISSING] [e_WaterTessellationAmount] is not a registered console variable; referenced when testing console variable group [sys_spec_water] = [1]
<23:01:28> [Error] [CVARS]: [MISSING] [e_WaterTessellationAmountX] is not a registered console variable; referenced when testing console variable group [sys_spec_water] = [1]
<23:01:28> [Error] [CVARS]: [MISSING] [e_WaterTessellationAmountY] is not a registered console variable; referenced when testing console variable group [sys_spec_water] = [1]
<23:01:28> [Error] [CVARS]: [MISSING] [e_WaterTessellationSwathWidth] is not a registered console variable; referenced when testing console variable group [sys_spec_water] = [1]
<23:01:28> Loading Config file game.cfg (data\game.cfg)
<23:01:28> [Warning] [CVARS]: [CHANGED] variable [sys_asserts] from [0] to [0]; Marked as [VF_CHEAT]
<23:01:28> [Warning] Modifying marked variables will not be allowed in Release mode!
<23:01:28> Stream Engine Initialization
<23:01:28> GameName: Pandemic Express
<23:01:28> BuildTime: Oct 13 2019 19:15:33
<23:01:28> Physics initialization
<23:01:28> Localized language content(english) not available or modified from the original installation.
<23:01:28> Localized language content(english) not available or modified from the original installation.
<23:01:28> Localized language content(english) not available or modified from the original installation.
<23:01:28> <Audio>: AudioSystem initialization
<23:01:28> <Audio> <1.020>: CryAudioImplWwise loaded
<23:01:31> Renderer initialization
<23:01:31> Logging video adapters:
<23:01:33> - NVIDIA GeForce RTX 3070 (vendor = 0x10de, device = 0x2484)
<23:01:33>   - Adapter index: 0
<23:01:33>   - Dedicated video memory: 8032 MB
<23:01:33>   - Feature level: DX11 (SM 5.0)
<23:01:33>   - Displays connected: yes
<23:01:33>   - Suitable rendering device: yes
<23:01:33> - Microsoft Basic Render Driver (vendor = 0x1414, device = 0x008c)
<23:01:33>   - Adapter index: 1
<23:01:33>   - Dedicated video memory: 0 MB
<23:01:33>   - Feature level: DX11 (SM 5.0)
<23:01:33>   - Displays connected: no
<23:01:33>   - Suitable rendering device: no
<23:01:35> Active GPUs: 1
<23:01:36> [Renderer] A display device has been connected to the system
<23:01:36> Loading plugin CryDefaultEntities
<23:01:36> Loading plugin CrySchematycCore
<23:01:36> DLL Failed to load, error code: 7E
<23:01:36> Loading plugin CrySchematycSTDEnv
<23:01:36> DLL Failed to load, error code: 7E
<23:01:36> Loading plugin CrySensorSystem
<23:01:36> DLL Failed to load, error code: 7E
<23:01:36> Loading extension file cryplugin.csv
<23:01:36> Loading plugin ProcAnRandGenerator.dll
<23:01:36> Loading plugin PlayFab.dll
<23:01:36> Loading plugin CEVPlayer.dll
<23:01:36> Font initialization
<23:01:37> Using FreeType 2.5.5
<23:01:38> Network initialization
<23:01:38> [net] Socket IO management: External [iocp], Internal [iocp]
<23:01:38> network hostname: jasper-pc
<23:01:38>   ip:192.168.20.17
<23:01:38> [Network Version]: PROFILE DEVELOPMENT BUILD
<23:01:38> MovieSystem initialization
<23:01:38> Console initialization
<23:01:38> Time initialization
<23:01:38> Input initialization
<23:01:39> AI initialization
<23:01:39>  
<23:01:39>     con_debug = 0 []
<23:01:39>     con_display_last_messages = 0 []
<23:01:39>     con_line_buffer_size = 1000 []
<23:01:39>     con_restricted = 0 [RESTRICTEDMODE]
<23:01:39>     con_showonload = 0 []
<23:01:39>  
<23:01:39>     con_debug = 0 []
<23:01:39>     con_display_last_messages = 0 []
<23:01:39>     con_line_buffer_size = 1000 []
<23:01:39>     con_restricted = 0 [RESTRICTEDMODE]
<23:01:39>     con_showonload = 0 []
<23:01:39>  
<23:01:39>     con_debug = 0 []
<23:01:39>  
<23:01:39>     con_debug = 0 []
<23:01:39> Initializing Animation System
<23:01:39> Initializing 3D Engine
<23:01:39> Script System Initialization
<23:01:39> Entity system initialization
<23:01:39> Initializing AI System
<23:01:39> Initializing additional systems
<23:01:39> Dynamic Response System initialization
<23:01:39> DLL Failed to load, error code: 7E
<23:01:39> No Dynamic Response System was loaded from a module, will use the NULL implementation.
<23:01:40> [Steam] Steam API initialized successfully
<23:01:41> <ThreadConfigInfo>: [XML Parsing] Thread with name "Main" already loaded. Overriding with new configuration
<23:01:41> <ThreadConfigInfo>: [XML Parsing] Thread with name "Network" already loaded. Overriding with new configuration
<23:01:41> <ThreadConfigInfo>: [XML Parsing] Thread with name "NetworkStallTicker" already loaded. Overriding with new configuration
<23:01:41> <ThreadConfigInfo>: [XML Parsing] Thread with name "ZLibCompressor" already loaded. Overriding with new configuration
<23:01:41> <ThreadConfigInfo>: [XML Parsing] Thread with name "NetworkStallTicker" already loaded. Overriding with new configuration
<23:01:41> <ThreadConfigInfo>: [XML Parsing] Thread with name "ZLibCompressor" already loaded. Overriding with new configuration
<23:01:41> <ThreadConfigInfo>: [XML Parsing] Thread with name "TelemetryCopier" already loaded. Overriding with new configuration
<23:01:41> <ThreadConfigInfo>: [XML Parsing] Thread with name "StatsAgent" already loaded. Overriding with new configuration
<23:01:41> <ThreadConfigInfo>: Thread profile loaded: "pc_8" (config/game.thread_config)  
<23:01:41> Initializing default materials...
<23:01:47> [MFX] Loading FXLib 'breakables' ...
<23:01:47> [MFX] Loading FXLib 'collisions' ...
<23:01:47> [MFX] Loading FXLib 'foley' ...
<23:01:47> [MFX] Loading FXLib 'foley_grunt' ...
<23:01:47> [MFX] Loading FXLib 'foley_player' ...
<23:01:47> [MFX] Loading FXLib 'footstep_grunt' ...
<23:01:47> [MFX] Loading FXLib 'footstep_player' ...
<23:01:47> [MFX] Loading FXLib 'footsteps' ...
<23:01:47> [MFX] Loading FXLib 'grenade' ...
<23:01:47> [MFX] Loading FXLib 'melee' ...
<23:01:47> [MFX] Loading FXLib 'player_fx' ...
<23:01:47> [MFX] Loading FXLib 'projectiles' ...
<23:01:47> [MFX] Loading FXLib 'tornado' ...
<23:01:47> [MFX] Loading FXLib 'vegetation' ...
<23:01:47> [MFX] Loading FXLib 'vehicles' ...
<23:01:47> [MFX] Loading FXLib 'breakables' ...
<23:01:47> [MFX] Loading FXLib 'collisions' ...
<23:01:47> [MFX] Loading FXLib 'foley' ...
<23:01:47> [MFX] Loading FXLib 'foley_grunt' ...
<23:01:47> [MFX] Loading FXLib 'foley_player' ...
<23:01:47> [MFX] Loading FXLib 'footstep_grunt' ...
<23:01:47> [MFX] Loading FXLib 'footstep_player' ...
<23:01:47> [MFX] Loading FXLib 'footsteps' ...
<23:01:47> [MFX] Loading FXLib 'grenade' ...
<23:01:47> [MFX] Loading FXLib 'melee' ...
<23:01:47> [MFX] Loading FXLib 'player_fx' ...
<23:01:47> [MFX] Loading FXLib 'projectiles' ...
<23:01:47> [MFX] Loading FXLib 'tornado' ...
<23:01:47> [MFX] Loading FXLib 'vegetation' ...
<23:01:47> [MFX] Loading FXLib 'vehicles' ...
<23:01:47> Creating socket on port 2838
<23:01:47> CreateDatagramSocket c1
<23:01:47> CreateDatagramSocket c2
<23:03:32>     sys_spec = 1 []
<23:03:32>     sys_spec_full = 1 []
<23:03:37>     sys_spec = 1 []
<23:03:37>     sys_spec_full = 1 []
<23:04:11>     sys_spec = 1 []
<23:04:11>     sys_spec_full = 1 []
<23:04:21> [MFX] Loading FXLib 'breakables' ...
<23:04:21> [MFX] Loading FXLib 'collisions' ...
<23:04:21> [MFX] Loading FXLib 'foley' ...
<23:04:21> [MFX] Loading FXLib 'foley_grunt' ...
<23:04:21> [MFX] Loading FXLib 'foley_player' ...
<23:04:21> [MFX] Loading FXLib 'footstep_grunt' ...
<23:04:21> [MFX] Loading FXLib 'footstep_player' ...
<23:04:21> [MFX] Loading FXLib 'footsteps' ...
<23:04:21> [MFX] Loading FXLib 'grenade' ...
<23:04:21> [MFX] Loading FXLib 'melee' ...
<23:04:21> [MFX] Loading FXLib 'player_fx' ...
<23:04:21> [MFX] Loading FXLib 'projectiles' ...
<23:04:21> [MFX] Loading FXLib 'tornado' ...
<23:04:21> [MFX] Loading FXLib 'vegetation' ...
<23:04:21> [MFX] Loading FXLib 'vehicles' ...
<23:04:21> ============================ Loading level WhereThe ============================
<23:04:21> CreateDatagramSocket c1
<23:04:21> CreateDatagramSocket c2
<23:04:21> CreateDatagramSocket c1
<23:04:21> CreateDatagramSocket c2
<23:04:40> PLAYERNAME Kornflakes
<23:04:40> CryAnimation: character-definition not found: objects/characters/man.cdf
<23:05:20>     sys_spec = 1 []
<23:05:20>     sys_spec_full = 1 []
<23:05:37>     sys_spec = 1 []
<23:05:37>     sys_spec_full = 1 []
<23:08:49> BaseInput - Shutting down all force feedback
<23:08:49> ActionGame - Shutting down all force feedback
<23:08:49> gEnv->pRenderer->Draw2dImage XXX
<23:08:50> CNetSyncSystem::~CNetSyncSystem & Crush?! packets_temp_bf(temp packet data buffs)
<23:08:50> System:Quit
