BackupNameAttachment=" Build(0) 23 Jan 22 (23 10 02)"  -- used by backup system
Log Started at Sun Jan 23 23:10:02 2022
Built on Oct 13 2019 19:15:33
Running 64 bit Windows version
Command Line: "E:\Games\Steam\steamapps\common\Pandemic Express\Bin/win_x64/PandemicExpress.exe"
Executable: E:\Games\Steam\steamapps\common\Pandemic Express\Bin\win_x64\PandemicExpress.exe
FileVersion: 1.0.0.0
ProductVersion: 1.0.0.0
Added MOD directory <%engineroot%/engine> to CryPak

Total number of logical processors: 12
Number of available logical processors: 12
Total number of system cores: 6
Number of cores available to process: 6
 
Processor 0:
  CPU: AMD AMD Ryzen 5 3600 6-Core Processor              
  Family: 15, Model: 1, Stepping: 0
  FPU: On-Chip
  Features: FP16, SSE, SSE2, SSE3, SSE4.2, AVX, AVX2, FMA3
  Serial number not present or disabled
 
Processor 1:
  CPU: AMD AMD Ryzen 5 3600 6-Core Processor              
  Family: 15, Model: 1, Stepping: 0
  FPU: On-Chip
  Features: FP16, SSE, SSE2, SSE3, SSE4.2, AVX, AVX2, FMA3
  Serial number not present or disabled
 
Processor 2:
  CPU: AMD AMD Ryzen 5 3600 6-Core Processor              
  Family: 15, Model: 1, Stepping: 0
  FPU: On-Chip
  Features: FP16, SSE, SSE2, SSE3, SSE4.2, AVX, AVX2, FMA3
  Serial number not present or disabled
 
Processor 3:
  CPU: AMD AMD Ryzen 5 3600 6-Core Processor              
  Family: 15, Model: 1, Stepping: 0
  FPU: On-Chip
  Features: FP16, SSE, SSE2, SSE3, SSE4.2, AVX, AVX2, FMA3
  Serial number not present or disabled
 
Processor 4:
  CPU: AMD AMD Ryzen 5 3600 6-Core Processor              
  Family: 15, Model: 1, Stepping: 0
  FPU: On-Chip
  Features: FP16, SSE, SSE2, SSE3, SSE4.2, AVX, AVX2, FMA3
  Serial number not present or disabled
 
Processor 5:
  CPU: AMD AMD Ryzen 5 3600 6-Core Processor              
  Family: 15, Model: 1, Stepping: 0
  FPU: On-Chip
  Features: FP16, SSE, SSE2, SSE3, SSE4.2, AVX, AVX2, FMA3
  Serial number not present or disabled
 
<23:10:02> Loading Config file system.cfg (system.cfg)
<23:10:02> [Error] [CVARS]: [IGNORED CHANGE] variable [sys_version] from [] to [1.1.0.000.200116]; Marked as [VF_CHEAT]
<23:10:02> OnSysSpecChange(1)
<23:10:02> [Error] [CVARS]: [IGNORED CHANGE] variable [sys_asserts] from [0] to [0]; Marked as [VF_CHEAT]
<23:10:02> GameDir: DATA
<23:10:03> <ThreadConfigInfo>: Thread profile loaded: "pc_8" (config/engine_core.thread_config)  
<23:10:03> Windows 10 64 bit (build 10.0.22000)
<23:10:03> System language: English
<23:10:03> Windows Directory: "C:\Windows"
<23:10:03> Local time is 23:10:03 01/23/22, system running for 3440 minutes
<23:10:03> 16336MB physical memory installed, 6796MB available, 134217727MB virtual memory installed, 58 percent of memory in use
<23:10:03> PageFile usage: 76MB, Working Set: 89MB, Peak PageFile usage: 76MB,
<23:10:03> Current display mode is 2560x1440x32, (Unknown graphics card)
<23:10:03> IBM enhanced (101/102-key) keyboard and 16+ button mouse installed
<23:10:03> --------------------------------------------------------------------------------
<23:10:03> OnSysSpecChange(1)
<23:10:03> Loading Config file LowSpec.cfg (data\config\lowspec.cfg)
<23:10:03> [Error] [CVARS]: [MISSING] [e_DynamicLightsMaxEntityLights] is not a registered console variable; referenced when testing console variable group [sys_spec_shading] = [1]
<23:10:03> [Error] [CVARS]: [MISSING] [e_SkyUpdateRate] is not a registered console variable; referenced when testing console variable group [sys_spec_shading] = [1]
<23:10:03> [Error] [CVARS]: [MISSING] [e_svoTI_Apply] is not a registered console variable; referenced when testing console variable group [sys_spec_shading] = [1]
<23:10:03> [Error] [CVARS]: [MISSING] [e_svoTI_RsmConeMaxLength] is not a registered console variable; referenced when testing console variable group [sys_spec_shading] = [1]
<23:10:03> [Error] [CVARS]: [MISSING] [e_svoTI_RsmUseColors] is not a registered console variable; referenced when testing console variable group [sys_spec_shading] = [1]
<23:10:03> [Error] [CVARS]: [MISSING] [e_svoTi_Active] is not a registered console variable; referenced when testing console variable group [sys_spec_shading] = [1]
<23:10:03> [Error] [CVARS]: [MISSING] [e_svoti_LowSpecMode] is not a registered console variable; referenced when testing console variable group [sys_spec_shading] = [1]
<23:10:03> [Error] [CVARS]: [MISSING] [e_LightVolumes] is not a registered console variable; referenced when testing console variable group [sys_spec_shading] = [1]
<23:10:03> [Error] [CVARS]: [MISSING] [e_VegetationUseTerrainColor] is not a registered console variable; referenced when testing console variable group [sys_spec_shading] = [1]
<23:10:03> Loading Config file game.cfg (data\game.cfg)
<23:10:03> [Warning] [CVARS]: [CHANGED] variable [sys_asserts] from [0] to [0]; Marked as [VF_CHEAT]
<23:10:03> [Warning] Modifying marked variables will not be allowed in Release mode!
<23:10:03> Stream Engine Initialization
<23:10:03> GameName: Pandemic Express
<23:10:03> BuildTime: Oct 13 2019 19:15:33
<23:10:03> Physics initialization
<23:10:03> Localized language content(english) not available or modified from the original installation.
<23:10:03> Localized language content(english) not available or modified from the original installation.
<23:10:03> Localized language content(english) not available or modified from the original installation.
<23:10:03> <Audio>: AudioSystem initialization
<23:10:03> <Audio> <0.300>: CryAudioImplWwise loaded
<23:10:05> Renderer initialization
<23:10:05> Logging video adapters:
<23:10:05> - NVIDIA GeForce RTX 3070 (vendor = 0x10de, device = 0x2484)
<23:10:05>   - Adapter index: 0
<23:10:05>   - Dedicated video memory: 8043 MB
<23:10:05>   - Feature level: DX11 (SM 5.0)
<23:10:05>   - Displays connected: yes
<23:10:05>   - Suitable rendering device: yes
<23:10:05> - Microsoft Basic Render Driver (vendor = 0x1414, device = 0x008c)
<23:10:05>   - Adapter index: 1
<23:10:05>   - Dedicated video memory: 0 MB
<23:10:05>   - Feature level: DX11 (SM 5.0)
<23:10:05>   - Displays connected: no
<23:10:05>   - Suitable rendering device: no
<23:10:05> Active GPUs: 1
<23:10:05> [Renderer] A display device has been connected to the system
<23:10:05> Loading plugin CryDefaultEntities
<23:10:05> Loading plugin CrySchematycCore
<23:10:05> DLL Failed to load, error code: 7E
<23:10:05> Loading plugin CrySchematycSTDEnv
<23:10:05> DLL Failed to load, error code: 7E
<23:10:05> Loading plugin CrySensorSystem
<23:10:05> DLL Failed to load, error code: 7E
<23:10:05> Loading extension file cryplugin.csv
<23:10:05> Loading plugin ProcAnRandGenerator.dll
<23:10:05> Loading plugin PlayFab.dll
<23:10:06> Loading plugin CEVPlayer.dll
<23:10:07> Font initialization
<23:10:07> Using FreeType 2.5.5
<23:10:07> Network initialization
<23:10:07> [net] Socket IO management: External [iocp], Internal [iocp]
<23:10:07> network hostname: jasper-pc
<23:10:07>   ip:26.133.86.13
<23:10:07>   ip:192.168.20.12
<23:10:07> [Network Version]: PROFILE DEVELOPMENT BUILD
<23:10:07> MovieSystem initialization
<23:10:07> Console initialization
<23:10:07> Time initialization
<23:10:07> Input initialization
<23:10:07> AI initialization
<23:10:07>  
<23:10:07>     con_debug = 0 []
<23:10:07>     con_display_last_messages = 0 []
<23:10:07>     con_line_buffer_size = 1000 []
<23:10:07>     con_restricted = 0 [RESTRICTEDMODE]
<23:10:07>     con_showonload = 0 []
<23:10:07>  
<23:10:07>     con_debug = 0 []
<23:10:07>     con_display_last_messages = 0 []
<23:10:07>     con_line_buffer_size = 1000 []
<23:10:07>     con_restricted = 0 [RESTRICTEDMODE]
<23:10:07>     con_showonload = 0 []
<23:10:07>  
<23:10:07>     con_debug = 0 []
<23:10:07>  
<23:10:07>     con_debug = 0 []
<23:10:07> Initializing Animation System
<23:10:08> Initializing 3D Engine
<23:10:08> Script System Initialization
<23:10:08> Entity system initialization
<23:10:08> Initializing AI System
<23:10:08> Initializing additional systems
<23:10:08> Dynamic Response System initialization
<23:10:08> DLL Failed to load, error code: 7E
<23:10:08> No Dynamic Response System was loaded from a module, will use the NULL implementation.
<23:10:08> [Steam] Steam API initialized successfully
<23:10:09> <ThreadConfigInfo>: [XML Parsing] Thread with name "Main" already loaded. Overriding with new configuration
<23:10:09> <ThreadConfigInfo>: [XML Parsing] Thread with name "Network" already loaded. Overriding with new configuration
<23:10:09> <ThreadConfigInfo>: [XML Parsing] Thread with name "NetworkStallTicker" already loaded. Overriding with new configuration
<23:10:09> <ThreadConfigInfo>: [XML Parsing] Thread with name "ZLibCompressor" already loaded. Overriding with new configuration
<23:10:09> <ThreadConfigInfo>: [XML Parsing] Thread with name "NetworkStallTicker" already loaded. Overriding with new configuration
<23:10:09> <ThreadConfigInfo>: [XML Parsing] Thread with name "ZLibCompressor" already loaded. Overriding with new configuration
<23:10:09> <ThreadConfigInfo>: [XML Parsing] Thread with name "TelemetryCopier" already loaded. Overriding with new configuration
<23:10:09> <ThreadConfigInfo>: [XML Parsing] Thread with name "StatsAgent" already loaded. Overriding with new configuration
<23:10:09> <ThreadConfigInfo>: Thread profile loaded: "pc_8" (config/game.thread_config)  
<23:10:09> Initializing default materials...
<23:10:15> [MFX] Loading FXLib 'breakables' ...
<23:10:15> [MFX] Loading FXLib 'collisions' ...
<23:10:15> [MFX] Loading FXLib 'foley' ...
<23:10:15> [MFX] Loading FXLib 'foley_grunt' ...
<23:10:15> [MFX] Loading FXLib 'foley_player' ...
<23:10:15> [MFX] Loading FXLib 'footstep_grunt' ...
<23:10:15> [MFX] Loading FXLib 'footstep_player' ...
<23:10:15> [MFX] Loading FXLib 'footsteps' ...
<23:10:15> [MFX] Loading FXLib 'grenade' ...
<23:10:15> [MFX] Loading FXLib 'melee' ...
<23:10:15> [MFX] Loading FXLib 'player_fx' ...
<23:10:15> [MFX] Loading FXLib 'projectiles' ...
<23:10:15> [MFX] Loading FXLib 'tornado' ...
<23:10:15> [MFX] Loading FXLib 'vegetation' ...
<23:10:15> [MFX] Loading FXLib 'vehicles' ...
<23:10:15> [MFX] Loading FXLib 'breakables' ...
<23:10:15> [MFX] Loading FXLib 'collisions' ...
<23:10:15> [MFX] Loading FXLib 'foley' ...
<23:10:15> [MFX] Loading FXLib 'foley_grunt' ...
<23:10:15> [MFX] Loading FXLib 'foley_player' ...
<23:10:15> [MFX] Loading FXLib 'footstep_grunt' ...
<23:10:15> [MFX] Loading FXLib 'footstep_player' ...
<23:10:15> [MFX] Loading FXLib 'footsteps' ...
<23:10:15> [MFX] Loading FXLib 'grenade' ...
<23:10:15> [MFX] Loading FXLib 'melee' ...
<23:10:15> [MFX] Loading FXLib 'player_fx' ...
<23:10:15> [MFX] Loading FXLib 'projectiles' ...
<23:10:15> [MFX] Loading FXLib 'tornado' ...
<23:10:15> [MFX] Loading FXLib 'vegetation' ...
<23:10:15> [MFX] Loading FXLib 'vehicles' ...
<23:10:15> Creating socket on port 2838
<23:10:15> CreateDatagramSocket c1
<23:10:15> CreateDatagramSocket c2
<23:10:35> CreateDatagramSocket c1
<23:10:37> Game rules class: InstantAction
<23:10:37> ============================ PrepareLevel Multiplayer/Purgatorium_Esc ============================
<23:11:34> CryAnimation: character-definition not found: objects/characters/human/sdk_player/sdk_player.cdf
<23:11:34> CryAnimation: character-definition not found: objects/characters/human/sdk_player/sdk_player.cdf
<23:11:34> CryAnimation: character-definition not found: objects/characters/human/sdk_player/sdk_player.cdf
<23:11:34> CryAnimation: character-definition not found: objects/characters/human/sdk_player/sdk_player.cdf
<23:11:34> CryAnimation: character-definition not found: objects/characters/human/sdk_player/sdk_player.cdf
<23:11:34> CryAnimation: character-definition not found: objects/characters/human/sdk_player/sdk_player.cdf
<23:11:37> CryAnimation: character-definition not found: objects/characters/human/sdk_player/sdk_player.cdf
<23:11:37> CryAnimation: character-definition not found: objects/characters/human/sdk_player/sdk_player.cdf
<23:11:37> CryAnimation: character-definition not found: objects/characters/human/sdk_player/sdk_player.cdf
<23:11:38> PLAYERNAME Kornflakes
<23:11:39> CryAnimation: character-definition not found: objects/characters/man.cdf
<23:11:41> CryAnimation: character-definition not found: objects/characters/human/sdk_player/sdk_player.cdf
<23:11:41> CryAnimation: character-definition not found: objects/characters/human/sdk_player/sdk_player.cdf
<23:11:41> CryAnimation: character-definition not found: objects/characters/human/sdk_player/sdk_player.cdf
<23:14:44> d_prerec_msg 
<23:14:46> CryAnimation: character-definition not found: objects/characters/human/sdk_player/sdk_player.cdf
<23:14:46> CryAnimation: character-definition not found: objects/characters/human/sdk_player/sdk_player.cdf
<23:14:46> CryAnimation: character-definition not found: objects/characters/human/sdk_player/sdk_player.cdf
<23:14:46> d_prerec_msg 
<23:14:47> ed_prerec_msg 
<23:14:53> d_prerec_msg 
<23:16:28> BaseInput - Shutting down all force feedback
<23:16:28> ActionGame - Shutting down all force feedback
<23:16:28> gEnv->pRenderer->Draw2dImage XXX
<23:16:30> CNetSyncSystem::~CNetSyncSystem & Crush?! packets_temp_bf(temp packet data buffs)
<23:16:30> remapped bone indices with refcount '4294967293' still around for 'zombiemodelnew/conserve_fp_nonmm.skin 0x000001A6C8C0F030
<23:16:30> remapped bone indices with refcount '4294967293' still around for 'objects/zhg_objects/characters/conserve/conserve_head.skin 0x000001A6C8C118D0
<23:16:30> remapped bone indices with refcount '4294967294' still around for 'torso.skin 0x000001A7DEEC85D0
<23:16:30> remapped bone indices with refcount '4294967294' still around for 'objects/zhg_objects/characters/sets/rebellionset/rebellionset_head.skin 0x000001A7C0CD2C70
<23:16:30> remapped bone indices with refcount '4294967294' still around for 'objects/zhg_objects/characters/sets/rebellionset/rebellionset_head.skin 0x000001A7C0CD5830
<23:16:30> remapped bone indices with refcount '4294967294' still around for 'objects/zhg_objects/characters/sets/rebellionset/rebellionset_head.skin 0x000001A7C0CD38F0
<23:16:30> remapped bone indices with refcount '4294967294' still around for 'pants.skin 0x000001A7DEEC8C10
<23:16:30> remapped bone indices with refcount '4294967294' still around for 'objects/characters/human/dude/source/pin_hands_sk.skin 0x000001A7BF84B420
<23:16:30> remapped bone indices with refcount '4294967294' still around for 'objects/zhg_objects/characters/sets/doubtset/doubtset_head.skin 0x000001A7BF847F00
<23:16:30> remapped bone indices with refcount '4294967294' still around for 'objects/zhg_objects/characters/sets/vanityset/vanityset_head.skin 0x000001A7C0CD5E70
<23:16:30> remapped bone indices with refcount '4294967294' still around for 'objects/zhg_objects/characters/sets/vanityset/vanityset_head.skin 0x000001A7C0CD4ED0
<23:16:30> remapped bone indices with refcount '4294967294' still around for 'objects/zhg_objects/characters/sets/vanityset/vanityset_head.skin 0x000001A7C0CD51F0
<23:16:30> remapped bone indices with refcount '4294967294' still around for 'objects/zhg_objects/characters/sets/vanityset/vanityset_torso.skin 0x000001A7C0CB1320
<23:16:30> remapped bone indices with refcount '4294967294' still around for 'objects/zhg_objects/characters/sets/vanityset/vanityset_torso.skin 0x000001A7C0CB22C0
<23:16:30> remapped bone indices with refcount '4294967294' still around for 'objects/zhg_objects/characters/sets/vanityset/vanityset_torso.skin 0x000001A7C0CB0380
<23:16:30> remapped bone indices with refcount '4294967294' still around for 'objects/zhg_objects/characters/sets/vanityset/vanityset_pants.skin 0x000001A7C0CB38A0
<23:16:30> remapped bone indices with refcount '4294967294' still around for 'objects/zhg_objects/characters/sets/vanityset/vanityset_pants.skin 0x000001A7C0CB3BC0
<23:16:30> remapped bone indices with refcount '4294967294' still around for 'objects/zhg_objects/characters/sets/vanityset/vanityset_pants.skin 0x000001A7C0CB3EE0
<23:16:30> remapped bone indices with refcount '4294967294' still around for 'objects/zhg_objects/characters/sets/safetyset/safetyset_head.skin 0x000001A7C0CD5510
<23:16:30> remapped bone indices with refcount '4294967294' still around for 'objects/zhg_objects/characters/sets/safetyset/safetyset_head.skin 0x000001A7C0CD32B0
<23:16:30> remapped bone indices with refcount '4294967294' still around for 'objects/zhg_objects/characters/sets/safetyset/safetyset_head.skin 0x000001A7C0CD4BB0
<23:16:30> remapped bone indices with refcount '4294967294' still around for 'objects/zhg_objects/characters/sets/rebellionset/rebelliomset_hands.skin 0x000001A7C0CD3C10
<23:16:30> remapped bone indices with refcount '4294967294' still around for 'objects/zhg_objects/characters/sets/rebellionset/rebelliomset_hands.skin 0x000001A7C0CD6190
<23:16:30> remapped bone indices with refcount '4294967294' still around for 'objects/zhg_objects/characters/sets/rebellionset/rebelliomset_hands.skin 0x000001A7C0CD64B0
<23:16:30> remapped bone indices with refcount '4294967294' still around for 'objects/zhg_objects/characters/sets/rebellionset/rebelliomset_hands.skin 0x000001A7C0CD67D0
<23:16:30> remapped bone indices with refcount '4294967291' still around for 'objects/zhg_objects/characters/sets/rebellionset/rebellionset_torso.skin 0x000001A7C0CD35D0
<23:16:30> remapped bone indices with refcount '4294967291' still around for 'objects/zhg_objects/characters/sets/rebellionset/rebellionset_torso.skin 0x000001A7C0CD4570
<23:16:30> remapped bone indices with refcount '4294967291' still around for 'objects/zhg_objects/characters/sets/rebellionset/rebellionset_torso.skin 0x000001A7C0CD4890
<23:16:30> remapped bone indices with refcount '4294967294' still around for 'objects/zhg_objects/characters/sets/loverset/loverset_head.skin 0x000001A7C07A8320
<23:16:30> remapped bone indices with refcount '4294967294' still around for 'objects/zhg_objects/characters/sets/loverset/loverset_head.skin 0x000001A7C07A8C80
<23:16:30> remapped bone indices with refcount '4294967294' still around for 'objects/zhg_objects/characters/sets/loverset/loverset_head.skin 0x000001A7C07A7380
<23:16:30> remapped bone indices with refcount '4294967294' still around for 'objects/zhg_objects/characters/sets/loverset/loverset_torso.skin 0x000001A7C07A8640
<23:16:30> remapped bone indices with refcount '4294967294' still around for 'objects/zhg_objects/characters/sets/loverset/loverset_torso.skin 0x000001A7C07A76A0
<23:16:30> remapped bone indices with refcount '4294967294' still around for 'objects/zhg_objects/characters/sets/loverset/loverset_torso.skin 0x000001A7C07A79C0
<23:16:30> remapped bone indices with refcount '4294967294' still around for 'objects/zhg_objects/characters/sets/rebellionset/rebellionset_pants.skin 0x000001A7C0CD3F30
<23:16:30> remapped bone indices with refcount '4294967294' still around for 'objects/zhg_objects/characters/sets/rebellionset/rebellionset_pants.skin 0x000001A7C0CD4250
<23:16:30> remapped bone indices with refcount '4294967294' still around for 'objects/zhg_objects/characters/sets/rebellionset/rebellionset_pants.skin 0x000001A7C0CD2F90
<23:16:30> remapped bone indices with refcount '4294967294' still around for 'objects/zhg_objects/characters/sets/leaderset/leaderset_head.skin 0x000001A7C073F670
<23:16:30> remapped bone indices with refcount '4294967294' still around for 'objects/zhg_objects/characters/sets/leaderset/leaderset_head.skin 0x000001A7C073F030
<23:16:30> remapped bone indices with refcount '4294967294' still around for 'objects/zhg_objects/characters/sets/leaderset/leaderset_head.skin 0x000001A7C073F350
<23:16:30> remapped bone indices with refcount '4294967294' still around for 'objects/zhg_objects/characters/sets/leaderset/leaderset_torso.skin 0x000001A7C07A8FA0
<23:16:30> remapped bone indices with refcount '4294967294' still around for 'objects/zhg_objects/characters/sets/leaderset/leaderset_torso.skin 0x000001A7C07A8000
<23:16:30> remapped bone indices with refcount '4294967294' still around for 'objects/zhg_objects/characters/sets/leaderset/leaderset_torso.skin 0x000001A7C07A7CE0
<23:16:30> remapped bone indices with refcount '4294967294' still around for 'objects/zhg_objects/characters/sets/leaderset/leaderset_pants.skin 0x000001A7C073E9F0
<23:16:30> remapped bone indices with refcount '4294967294' still around for 'objects/zhg_objects/characters/sets/leaderset/leaderset_pants.skin 0x000001A7BF84B740
<23:16:30> remapped bone indices with refcount '4294967294' still around for 'objects/zhg_objects/characters/sets/leaderset/leaderset_pants.skin 0x000001A7C07A8960
<23:16:30> remapped bone indices with refcount '4294967294' still around for 'objects/zhg_objects/characters/sets/hopefullset/hopefullset_head.skin 0x000001A7BF84B100
<23:16:30> remapped bone indices with refcount '4294967294' still around for 'objects/zhg_objects/characters/sets/hopefullset/hopefullset_head.skin 0x000001A7BF849B20
<23:16:30> remapped bone indices with refcount '4294967294' still around for 'objects/zhg_objects/characters/sets/hopefullset/hopefullset_head.skin 0x000001A7BF849E40
<23:16:30> remapped bone indices with refcount '4294967294' still around for 'objects/zhg_objects/characters/sets/hopefullset/hopefullset_torso.skin 0x000001A7C073E090
<23:16:30> remapped bone indices with refcount '4294967294' still around for 'objects/zhg_objects/characters/sets/hopefullset/hopefullset_torso.skin 0x000001A7C073F990
<23:16:30> remapped bone indices with refcount '4294967294' still around for 'objects/zhg_objects/characters/sets/hopefullset/hopefullset_torso.skin 0x000001A7C073E6D0
<23:16:30> remapped bone indices with refcount '4294967294' still around for 'objects/zhg_objects/characters/sets/hopefullset/hopefullset_pants.skin 0x000001A7C073FCB0
<23:16:30> remapped bone indices with refcount '4294967294' still around for 'objects/zhg_objects/characters/sets/hopefullset/hopefullset_pants.skin 0x000001A7C073E3B0
<23:16:30> remapped bone indices with refcount '4294967294' still around for 'objects/zhg_objects/characters/sets/hopefullset/hopefullset_pants.skin 0x000001A7C073ED10
