BackupNameAttachment=" Build(0) 26 Feb 23 (08 57 07)"  -- used by backup system
Log Started at Sun Feb 26 08:57:07 2023
Built on Oct 13 2019 19:15:33
Running 64 bit Windows version
Command Line: "E:\Games\Steam\steamapps\common\Pandemic Express\Bin/win_x64/PandemicExpress.exe"
Executable: E:\Games\Steam\steamapps\common\Pandemic Express\Bin\win_x64\PandemicExpress.exe
FileVersion: 1.0.0.0
ProductVersion: 1.0.0.0
Added MOD directory <%engineroot%/engine> to CryPak

Total number of logical processors: 12
Number of available logical processors: 12
Total number of system cores: 6
Number of cores available to process: 6
 
Processor 0:
  CPU: AMD AMD Ryzen 5 3600 6-Core Processor              
  Family: 15, Model: 1, Stepping: 0
  FPU: On-Chip
  Features: FP16, SSE, SSE2, SSE3, SSE4.2, AVX, AVX2, FMA3
  Serial number not present or disabled
 
Processor 1:
  CPU: AMD AMD Ryzen 5 3600 6-Core Processor              
  Family: 15, Model: 1, Stepping: 0
  FPU: On-Chip
  Features: FP16, SSE, SSE2, SSE3, SSE4.2, AVX, AVX2, FMA3
  Serial number not present or disabled
 
Processor 2:
  CPU: AMD AMD Ryzen 5 3600 6-Core Processor              
  Family: 15, Model: 1, Stepping: 0
  FPU: On-Chip
  Features: FP16, SSE, SSE2, SSE3, SSE4.2, AVX, AVX2, FMA3
  Serial number not present or disabled
 
Processor 3:
  CPU: AMD AMD Ryzen 5 3600 6-Core Processor              
  Family: 15, Model: 1, Stepping: 0
  FPU: On-Chip
  Features: FP16, SSE, SSE2, SSE3, SSE4.2, AVX, AVX2, FMA3
  Serial number not present or disabled
 
Processor 4:
  CPU: AMD AMD Ryzen 5 3600 6-Core Processor              
  Family: 15, Model: 1, Stepping: 0
  FPU: On-Chip
  Features: FP16, SSE, SSE2, SSE3, SSE4.2, AVX, AVX2, FMA3
  Serial number not present or disabled
 
Processor 5:
  CPU: AMD AMD Ryzen 5 3600 6-Core Processor              
  Family: 15, Model: 1, Stepping: 0
  FPU: On-Chip
  Features: FP16, SSE, SSE2, SSE3, SSE4.2, AVX, AVX2, FMA3
  Serial number not present or disabled
 
<08:57:07> Loading Config file system.cfg (system.cfg)
<08:57:07> [Error] [CVARS]: [IGNORED CHANGE] variable [sys_version] from [] to [1.1.0.000.200116]; Marked as [VF_CHEAT]
<08:57:07> OnSysSpecChange(1)
<08:57:07> [Error] [CVARS]: [IGNORED CHANGE] variable [sys_asserts] from [0] to [0]; Marked as [VF_CHEAT]
<08:57:07> GameDir: DATA
<08:57:07> <ThreadConfigInfo>: Thread profile loaded: "pc_8" (config/engine_core.thread_config)  
<08:57:07> Windows 10 64 bit (build 10.0.22621)
<08:57:07> System language: English
<08:57:07> Windows Directory: "C:\WINDOWS"
<08:57:07> Local time is 08:57:07 02/26/23, system running for 1094 minutes
<08:57:07> 16311MB physical memory installed, 9435MB available, 134217727MB virtual memory installed, 42 percent of memory in use
<08:57:07> PageFile usage: 76MB, Working Set: 89MB, Peak PageFile usage: 76MB,
<08:57:07> Current display mode is 2560x1440x32, (Unknown graphics card)
<08:57:07> IBM enhanced (101/102-key) keyboard and 32+ button mouse installed
<08:57:07> --------------------------------------------------------------------------------
<08:57:07> OnSysSpecChange(1)
<08:57:07> Loading Config file LowSpec.cfg (data\config\lowspec.cfg)
<08:57:07> [Error] [CVARS]: [MISSING] [mfx_Timeout] is not a registered console variable; referenced when testing console variable group [sys_spec_gameeffects] = [1]
<08:57:07> [Error] [CVARS]: [MISSING] [ca_AttachmentCullingRation] is not a registered console variable; referenced when testing console variable group [sys_spec_objectdetail] = [1]
<08:57:07> [Error] [CVARS]: [MISSING] [e_DecalsLifeTimeScale] is not a registered console variable; referenced when testing console variable group [sys_spec_objectdetail] = [1]
<08:57:07> [Error] [CVARS]: [MISSING] [e_LodRatio] is not a registered console variable; referenced when testing console variable group [sys_spec_objectdetail] = [1]
<08:57:07> [Error] [CVARS]: [MISSING] [e_MaxViewDistSpecLerp] is not a registered console variable; referenced when testing console variable group [sys_spec_objectdetail] = [1]
<08:57:07> [Error] [CVARS]: [MISSING] [e_MaxViewDistance] is not a registered console variable; referenced when testing console variable group [sys_spec_objectdetail] = [1]
<08:57:07> [Error] [CVARS]: [MISSING] [e_ObjQuality] is not a registered console variable; referenced when testing console variable group [sys_spec_objectdetail] = [1]
<08:57:07> [Error] [CVARS]: [MISSING] [e_TerrainOcclusionCullingMaxDist] is not a registered console variable; referenced when testing console variable group [sys_spec_objectdetail] = [1]
<08:57:07> [Error] [CVARS]: [MISSING] [e_VegetationMinSize] is not a registered console variable; referenced when testing console variable group [sys_spec_objectdetail] = [1]
<08:57:07> [Error] [CVARS]: [MISSING] [e_ViewDistRatio] is not a registered console variable; referenced when testing console variable group [sys_spec_objectdetail] = [1]
<08:57:07> [Error] [CVARS]: [MISSING] [e_ViewDistRatioCustom] is not a registered console variable; referenced when testing console variable group [sys_spec_objectdetail] = [1]
<08:57:07> [Error] [CVARS]: [MISSING] [e_ViewDistRatioDetail] is not a registered console variable; referenced when testing console variable group [sys_spec_objectdetail] = [1]
<08:57:07> [Error] [CVARS]: [MISSING] [e_ViewDistRatioLights] is not a registered console variable; referenced when testing console variable group [sys_spec_objectdetail] = [1]
<08:57:07> [Error] [CVARS]: [MISSING] [e_ViewDistRatioVegetation] is not a registered console variable; referenced when testing console variable group [sys_spec_objectdetail] = [1]
<08:57:07> [Error] [CVARS]: [MISSING] [es_DebrisLifetimeScale] is not a registered console variable; referenced when testing console variable group [sys_spec_objectdetail] = [1]
<08:57:07> [Error] [CVARS]: [MISSING] [e_DecalsOverlapping] is not a registered console variable; referenced when testing console variable group [sys_spec_objectdetail] = [1]
<08:57:07> [Error] [CVARS]: [MISSING] [e_LodMin] is not a registered console variable; referenced when testing console variable group [sys_spec_objectdetail] = [1]
<08:57:07> [Error] [CVARS]: [MISSING] [e_MergedMeshesInstanceDist] is not a registered console variable; referenced when testing console variable group [sys_spec_objectdetail] = [1]
<08:57:07> [Error] [CVARS]: [MISSING] [e_MergedMeshesPool] is not a registered console variable; referenced when testing console variable group [sys_spec_objectdetail] = [1]
<08:57:07> [Error] [CVARS]: [MISSING] [e_OcclusionCullingViewDistRatio] is not a registered console variable; referenced when testing console variable group [sys_spec_objectdetail] = [1]
<08:57:07> [Error] [CVARS]: [MISSING] [e_TerrainLodRatio] is not a registered console variable; referenced when testing console variable group [sys_spec_objectdetail] = [1]
<08:57:07> [Error] [CVARS]: [MISSING] [e_Tessellation] is not a registered console variable; referenced when testing console variable group [sys_spec_objectdetail] = [1]
<08:57:07> [Error] [CVARS]: [MISSING] [e_ViewDistMin] is not a registered console variable; referenced when testing console variable group [sys_spec_objectdetail] = [1]
<08:57:07> [Error] [CVARS]: [MISSING] [e_ParticlesMaxScreenFill] is not a registered console variable; referenced when testing console variable group [sys_spec_particles] = [1]
<08:57:07> [Error] [CVARS]: [MISSING] [e_ParticlesMinDrawPixels] is not a registered console variable; referenced when testing console variable group [sys_spec_particles] = [1]
<08:57:07> [Error] [CVARS]: [MISSING] [e_ParticlesObjectCollisions] is not a registered console variable; referenced when testing console variable group [sys_spec_particles] = [1]
<08:57:07> [Error] [CVARS]: [MISSING] [e_ParticlesQuality] is not a registered console variable; referenced when testing console variable group [sys_spec_particles] = [1]
<08:57:07> [Error] [CVARS]: [MISSING] [e_ParticlesMotionBlur] is not a registered console variable; referenced when testing console variable group [sys_spec_particles] = [1]
<08:57:07> [Error] [CVARS]: [MISSING] [e_CullVegActivation] is not a registered console variable; referenced when testing console variable group [sys_spec_physics] = [1]
<08:57:07> [Error] [CVARS]: [MISSING] [e_FoliageWindActivationDist] is not a registered console variable; referenced when testing console variable group [sys_spec_physics] = [1]
<08:57:07> [Error] [CVARS]: [MISSING] [e_PhysOceanCell] is not a registered console variable; referenced when testing console variable group [sys_spec_physics] = [1]
<08:57:07> [Error] [CVARS]: [MISSING] [es_MaxPhysDist] is not a registered console variable; referenced when testing console variable group [sys_spec_physics] = [1]
<08:57:07> [Error] [CVARS]: [MISSING] [es_MaxPhysDistInvisible] is not a registered console variable; referenced when testing console variable group [sys_spec_physics] = [1]
<08:57:07> [Error] [CVARS]: [MISSING] [g_breakage_particles_limit] is not a registered console variable; referenced when testing console variable group [sys_spec_physics] = [1]
<08:57:07> [Error] [CVARS]: [MISSING] [g_tree_cut_reuse_dist] is not a registered console variable; referenced when testing console variable group [sys_spec_physics] = [1]
<08:57:07> [Error] [CVARS]: [MISSING] [p_max_MC_iters] is not a registered console variable; referenced when testing console variable group [sys_spec_physics] = [1]
<08:57:07> [Error] [CVARS]: [MISSING] [p_max_substeps] is not a registered console variable; referenced when testing console variable group [sys_spec_physics] = [1]
<08:57:07> [Error] [CVARS]: [MISSING] [e_PhysProxyTriLimit] is not a registered console variable; referenced when testing console variable group [sys_spec_physics] = [1]
<08:57:07> [Error] [CVARS]: [MISSING] [p_max_object_splashes] is not a registered console variable; referenced when testing console variable group [sys_spec_physics] = [1]
<08:57:07> [Error] [CVARS]: [MISSING] [p_max_substeps_large_group] is not a registered console variable; referenced when testing console variable group [sys_spec_physics] = [1]
<08:57:07> [Error] [CVARS]: [MISSING] [p_num_bodies_large_group] is not a registered console variable; referenced when testing console variable group [sys_spec_physics] = [1]
<08:57:07> [Error] [CVARS]: [MISSING] [p_splash_dist0] is not a registered console variable; referenced when testing console variable group [sys_spec_physics] = [1]
<08:57:07> [Error] [CVARS]: [MISSING] [p_splash_dist1] is not a registered console variable; referenced when testing console variable group [sys_spec_physics] = [1]
<08:57:07> [Error] [CVARS]: [MISSING] [p_splash_force0] is not a registered console variable; referenced when testing console variable group [sys_spec_physics] = [1]
<08:57:07> [Error] [CVARS]: [MISSING] [p_splash_force1] is not a registered console variable; referenced when testing console variable group [sys_spec_physics] = [1]
<08:57:07> [Error] [CVARS]: [MISSING] [p_splash_vel0] is not a registered console variable; referenced when testing console variable group [sys_spec_physics] = [1]
<08:57:07> [Error] [CVARS]: [MISSING] [p_splash_vel1] is not a registered console variable; referenced when testing console variable group [sys_spec_physics] = [1]
<08:57:07> [Error] [CVARS]: [MISSING] [e_DynamicLightsMaxEntityLights] is not a registered console variable; referenced when testing console variable group [sys_spec_shading] = [1]
<08:57:07> [Error] [CVARS]: [MISSING] [e_SkyUpdateRate] is not a registered console variable; referenced when testing console variable group [sys_spec_shading] = [1]
<08:57:07> [Error] [CVARS]: [MISSING] [e_svoTI_Apply] is not a registered console variable; referenced when testing console variable group [sys_spec_shading] = [1]
<08:57:07> [Error] [CVARS]: [MISSING] [e_svoTI_RsmConeMaxLength] is not a registered console variable; referenced when testing console variable group [sys_spec_shading] = [1]
<08:57:07> [Error] [CVARS]: [MISSING] [e_svoTI_RsmUseColors] is not a registered console variable; referenced when testing console variable group [sys_spec_shading] = [1]
<08:57:07> [Error] [CVARS]: [MISSING] [e_svoTi_Active] is not a registered console variable; referenced when testing console variable group [sys_spec_shading] = [1]
<08:57:07> [Error] [CVARS]: [MISSING] [e_svoti_LowSpecMode] is not a registered console variable; referenced when testing console variable group [sys_spec_shading] = [1]
<08:57:07> [Error] [CVARS]: [MISSING] [e_LightVolumes] is not a registered console variable; referenced when testing console variable group [sys_spec_shading] = [1]
<08:57:07> [Error] [CVARS]: [MISSING] [e_VegetationUseTerrainColor] is not a registered console variable; referenced when testing console variable group [sys_spec_shading] = [1]
<08:57:07> [Error] [CVARS]: [MISSING] [e_GsmLodsNum] is not a registered console variable; referenced when testing console variable group [sys_spec_shadows] = [1]
<08:57:07> [Error] [CVARS]: [MISSING] [e_GsmRange] is not a registered console variable; referenced when testing console variable group [sys_spec_shadows] = [1]
<08:57:07> [Error] [CVARS]: [MISSING] [e_ObjShadowCastSpec] is not a registered console variable; referenced when testing console variable group [sys_spec_shadows] = [1]
<08:57:07> [Error] [CVARS]: [MISSING] [e_ParticlesShadows] is not a registered console variable; referenced when testing console variable group [sys_spec_shadows] = [1]
<08:57:07> [Error] [CVARS]: [MISSING] [e_Shadows] is not a registered console variable; referenced when testing console variable group [sys_spec_shadows] = [1]
<08:57:07> [Error] [CVARS]: [MISSING] [e_ShadowsBlendCascades] is not a registered console variable; referenced when testing console variable group [sys_spec_shadows] = [1]
<08:57:07> [Error] [CVARS]: [MISSING] [e_ShadowsCastViewDistRatio] is not a registered console variable; referenced when testing console variable group [sys_spec_shadows] = [1]
<08:57:07> [Error] [CVARS]: [MISSING] [e_ShadowsLodBiasFixed] is not a registered console variable; referenced when testing console variable group [sys_spec_shadows] = [1]
<08:57:07> [Error] [CVARS]: [MISSING] [e_ShadowsMaxTexRes] is not a registered console variable; referenced when testing console variable group [sys_spec_shadows] = [1]
<08:57:07> [Error] [CVARS]: [MISSING] [e_ShadowsPoolSize] is not a registered console variable; referenced when testing console variable group [sys_spec_shadows] = [1]
<08:57:07> [Error] [CVARS]: [MISSING] [e_ShadowsResScale] is not a registered console variable; referenced when testing console variable group [sys_spec_shadows] = [1]
<08:57:07> [Error] [CVARS]: [MISSING] [e_ShadowsTessellateCascades] is not a registered console variable; referenced when testing console variable group [sys_spec_shadows] = [1]
<08:57:07> [Error] [CVARS]: [MISSING] [e_ShadowsTessellateDLights] is not a registered console variable; referenced when testing console variable group [sys_spec_shadows] = [1]
<08:57:07> [Error] [CVARS]: [MISSING] [e_ShadowsUpdateViewDistRatio] is not a registered console variable; referenced when testing console variable group [sys_spec_shadows] = [1]
<08:57:07> [Error] [CVARS]: [MISSING] [e_VolumetricFog] is not a registered console variable; referenced when testing console variable group [sys_spec_volumetriceffects] = [1]
<08:57:07> [Error] [CVARS]: [MISSING] [e_fog] is not a registered console variable; referenced when testing console variable group [sys_spec_volumetriceffects] = [1]
<08:57:07> [Error] [CVARS]: [MISSING] [e_Clouds] is not a registered console variable; referenced when testing console variable group [sys_spec_volumetriceffects] = [1]
<08:57:07> [Error] [CVARS]: [MISSING] [e_WaterOceanFFT] is not a registered console variable; referenced when testing console variable group [sys_spec_water] = [1]
<08:57:07> [Error] [CVARS]: [MISSING] [e_WaterTessellationAmount] is not a registered console variable; referenced when testing console variable group [sys_spec_water] = [1]
<08:57:07> [Error] [CVARS]: [MISSING] [e_WaterTessellationAmountX] is not a registered console variable; referenced when testing console variable group [sys_spec_water] = [1]
<08:57:07> [Error] [CVARS]: [MISSING] [e_WaterTessellationAmountY] is not a registered console variable; referenced when testing console variable group [sys_spec_water] = [1]
<08:57:07> [Error] [CVARS]: [MISSING] [e_WaterTessellationSwathWidth] is not a registered console variable; referenced when testing console variable group [sys_spec_water] = [1]
<08:57:07> Loading Config file game.cfg (data\game.cfg)
<08:57:07> [Warning] [CVARS]: [CHANGED] variable [sys_asserts] from [0] to [0]; Marked as [VF_CHEAT]
<08:57:07> [Warning] Modifying marked variables will not be allowed in Release mode!
<08:57:07> Stream Engine Initialization
<08:57:07> GameName: Pandemic Express
<08:57:07> BuildTime: Oct 13 2019 19:15:33
<08:57:07> Physics initialization
<08:57:07> Localized language content(english) not available or modified from the original installation.
<08:57:07> Localized language content(english) not available or modified from the original installation.
<08:57:07> Localized language content(english) not available or modified from the original installation.
<08:57:07> <Audio>: AudioSystem initialization
<08:57:07> <Audio> <0.329>: CryAudioImplWwise loaded
<08:57:09> Renderer initialization
<08:57:09> Logging video adapters:
<08:57:09> - NVIDIA GeForce RTX 3070 (vendor = 0x10de, device = 0x2484)
<08:57:09>   - Adapter index: 0
<08:57:09>   - Dedicated video memory: 8032 MB
<08:57:09>   - Feature level: DX11 (SM 5.0)
<08:57:09>   - Displays connected: yes
<08:57:09>   - Suitable rendering device: yes
<08:57:09> - Microsoft Basic Render Driver (vendor = 0x1414, device = 0x008c)
<08:57:09>   - Adapter index: 1
<08:57:09>   - Dedicated video memory: 0 MB
<08:57:09>   - Feature level: DX11 (SM 5.0)
<08:57:09>   - Displays connected: no
<08:57:09>   - Suitable rendering device: no
<08:57:10> Active GPUs: 1
<08:57:10> [Renderer] A display device has been connected to the system
<08:57:10> Loading plugin CryDefaultEntities
<08:57:10> Loading plugin CrySchematycCore
<08:57:10> DLL Failed to load, error code: 7E
<08:57:10> Loading plugin CrySchematycSTDEnv
<08:57:10> DLL Failed to load, error code: 7E
<08:57:10> Loading plugin CrySensorSystem
<08:57:10> DLL Failed to load, error code: 7E
<08:57:10> Loading extension file cryplugin.csv
<08:57:10> Loading plugin ProcAnRandGenerator.dll
<08:57:10> Loading plugin PlayFab.dll
<08:57:10> Loading plugin CEVPlayer.dll
<08:57:12> Font initialization
<08:57:12> Using FreeType 2.5.5
<08:57:12> Network initialization
<08:57:12> [net] Socket IO management: External [iocp], Internal [iocp]
<08:57:12> network hostname: jasper-pc
<08:57:12>   ip:192.168.20.23
<08:57:12>   ip:26.133.86.13
<08:57:12> [Network Version]: PROFILE DEVELOPMENT BUILD
<08:57:12> MovieSystem initialization
<08:57:12> Console initialization
<08:57:12> Time initialization
<08:57:12> Input initialization
<08:57:12> AI initialization
<08:57:12>  
<08:57:12>     con_debug = 0 []
<08:57:12>     con_display_last_messages = 0 []
<08:57:12>     con_line_buffer_size = 1000 []
<08:57:12>     con_restricted = 0 [RESTRICTEDMODE]
<08:57:12>     con_showonload = 0 []
<08:57:12>  
<08:57:12>     con_debug = 0 []
<08:57:12>     con_display_last_messages = 0 []
<08:57:12>     con_line_buffer_size = 1000 []
<08:57:12>     con_restricted = 0 [RESTRICTEDMODE]
<08:57:12>     con_showonload = 0 []
<08:57:12>  
<08:57:12>     con_debug = 0 []
<08:57:12>  
<08:57:12>     con_debug = 0 []
<08:57:12> Initializing Animation System
<08:57:13> Initializing 3D Engine
<08:57:13> Script System Initialization
<08:57:13> Entity system initialization
<08:57:13> Initializing AI System
<08:57:13> Initializing additional systems
<08:57:13> Dynamic Response System initialization
<08:57:13> DLL Failed to load, error code: 7E
<08:57:13> No Dynamic Response System was loaded from a module, will use the NULL implementation.
<08:57:13> [Steam] Steam API initialized successfully
<08:57:14> <ThreadConfigInfo>: [XML Parsing] Thread with name "Main" already loaded. Overriding with new configuration
<08:57:14> <ThreadConfigInfo>: [XML Parsing] Thread with name "Network" already loaded. Overriding with new configuration
<08:57:14> <ThreadConfigInfo>: [XML Parsing] Thread with name "NetworkStallTicker" already loaded. Overriding with new configuration
<08:57:14> <ThreadConfigInfo>: [XML Parsing] Thread with name "ZLibCompressor" already loaded. Overriding with new configuration
<08:57:14> <ThreadConfigInfo>: [XML Parsing] Thread with name "NetworkStallTicker" already loaded. Overriding with new configuration
<08:57:14> <ThreadConfigInfo>: [XML Parsing] Thread with name "ZLibCompressor" already loaded. Overriding with new configuration
<08:57:14> <ThreadConfigInfo>: [XML Parsing] Thread with name "TelemetryCopier" already loaded. Overriding with new configuration
<08:57:14> <ThreadConfigInfo>: [XML Parsing] Thread with name "StatsAgent" already loaded. Overriding with new configuration
<08:57:14> <ThreadConfigInfo>: Thread profile loaded: "pc_8" (config/game.thread_config)  
<08:57:14> Initializing default materials...
<08:57:21> [MFX] Loading FXLib 'breakables' ...
<08:57:21> [MFX] Loading FXLib 'collisions' ...
<08:57:21> [MFX] Loading FXLib 'foley' ...
<08:57:21> [MFX] Loading FXLib 'foley_grunt' ...
<08:57:21> [MFX] Loading FXLib 'foley_player' ...
<08:57:21> [MFX] Loading FXLib 'footstep_grunt' ...
<08:57:21> [MFX] Loading FXLib 'footstep_player' ...
<08:57:21> [MFX] Loading FXLib 'footsteps' ...
<08:57:21> [MFX] Loading FXLib 'grenade' ...
<08:57:21> [MFX] Loading FXLib 'melee' ...
<08:57:21> [MFX] Loading FXLib 'player_fx' ...
<08:57:21> [MFX] Loading FXLib 'projectiles' ...
<08:57:21> [MFX] Loading FXLib 'tornado' ...
<08:57:21> [MFX] Loading FXLib 'vegetation' ...
<08:57:21> [MFX] Loading FXLib 'vehicles' ...
<08:57:21> [MFX] Loading FXLib 'breakables' ...
<08:57:21> [MFX] Loading FXLib 'collisions' ...
<08:57:21> [MFX] Loading FXLib 'foley' ...
<08:57:21> [MFX] Loading FXLib 'foley_grunt' ...
<08:57:21> [MFX] Loading FXLib 'foley_player' ...
<08:57:21> [MFX] Loading FXLib 'footstep_grunt' ...
<08:57:21> [MFX] Loading FXLib 'footstep_player' ...
<08:57:21> [MFX] Loading FXLib 'footsteps' ...
<08:57:21> [MFX] Loading FXLib 'grenade' ...
<08:57:21> [MFX] Loading FXLib 'melee' ...
<08:57:21> [MFX] Loading FXLib 'player_fx' ...
<08:57:21> [MFX] Loading FXLib 'projectiles' ...
<08:57:21> [MFX] Loading FXLib 'tornado' ...
<08:57:21> [MFX] Loading FXLib 'vegetation' ...
<08:57:21> [MFX] Loading FXLib 'vehicles' ...
<08:57:21> Creating socket on port 2838
<08:57:21> CreateDatagramSocket c1
<08:57:21> CreateDatagramSocket c2
<08:57:46> CreateDatagramSocket c1
<08:57:48> Game rules class: InstantAction
<08:57:48> ============================ PrepareLevel Multiplayer/Purgatorium_Esc_Cw ============================
<08:58:34> CryAnimation: character-definition not found: objects/characters/human/sdk_player/sdk_player.cdf
<08:58:34> CryAnimation: character-definition not found: objects/characters/human/sdk_player/sdk_player.cdf
<08:58:34> CryAnimation: character-definition not found: objects/characters/human/sdk_player/sdk_player.cdf
<08:58:34> CryAnimation: character-definition not found: objects/characters/human/sdk_player/sdk_player.cdf
<08:58:34> CryAnimation: character-definition not found: objects/characters/human/sdk_player/sdk_player.cdf
<08:58:34> CryAnimation: character-definition not found: objects/characters/human/sdk_player/sdk_player.cdf
<08:58:34> CryAnimation: character-definition not found: objects/characters/human/sdk_player/sdk_player.cdf
<08:58:34> CryAnimation: character-definition not found: objects/characters/human/sdk_player/sdk_player.cdf
<08:58:34> CryAnimation: character-definition not found: objects/characters/human/sdk_player/sdk_player.cdf
<08:58:34> CryAnimation: character-definition not found: objects/characters/human/sdk_player/sdk_player.cdf
<08:58:34> CryAnimation: character-definition not found: objects/characters/human/sdk_player/sdk_player.cdf
<08:58:34> CryAnimation: character-definition not found: objects/characters/human/sdk_player/sdk_player.cdf
<08:58:34> CryAnimation: character-definition not found: objects/characters/human/sdk_player/sdk_player.cdf
<08:58:34> CryAnimation: character-definition not found: objects/characters/human/sdk_player/sdk_player.cdf
<08:58:34> CryAnimation: character-definition not found: objects/characters/human/sdk_player/sdk_player.cdf
<08:58:34> CryAnimation: character-definition not found: objects/characters/human/sdk_player/sdk_player.cdf
<08:58:34> CryAnimation: character-definition not found: objects/characters/human/sdk_player/sdk_player.cdf
<08:58:34> CryAnimation: character-definition not found: objects/characters/human/sdk_player/sdk_player.cdf
<08:58:34> CryAnimation: character-definition not found: objects/characters/human/sdk_player/sdk_player.cdf
<08:58:34> CryAnimation: character-definition not found: objects/characters/human/sdk_player/sdk_player.cdf
<08:58:34> CryAnimation: character-definition not found: objects/characters/human/sdk_player/sdk_player.cdf
<08:58:34> CryAnimation: character-definition not found: objects/characters/human/sdk_player/sdk_player.cdf
<08:58:34> CryAnimation: character-definition not found: objects/characters/human/sdk_player/sdk_player.cdf
<08:58:34> CryAnimation: character-definition not found: objects/characters/human/sdk_player/sdk_player.cdf
<08:58:34> CryAnimation: character-definition not found: objects/characters/human/sdk_player/sdk_player.cdf
<08:58:34> CryAnimation: character-definition not found: objects/characters/human/sdk_player/sdk_player.cdf
<08:58:34> CryAnimation: character-definition not found: objects/characters/human/sdk_player/sdk_player.cdf
<08:58:34> CryAnimation: character-definition not found: objects/characters/human/sdk_player/sdk_player.cdf
<08:58:34> CryAnimation: character-definition not found: objects/characters/human/sdk_player/sdk_player.cdf
<08:58:34> CryAnimation: character-definition not found: objects/characters/human/sdk_player/sdk_player.cdf
<08:58:34> CryAnimation: character-definition not found: objects/characters/human/sdk_player/sdk_player.cdf
<08:58:34> CryAnimation: character-definition not found: objects/characters/human/sdk_player/sdk_player.cdf
<08:58:34> CryAnimation: character-definition not found: objects/characters/human/sdk_player/sdk_player.cdf
<08:58:34> CryAnimation: character-definition not found: objects/characters/human/sdk_player/sdk_player.cdf
<08:58:34> CryAnimation: character-definition not found: objects/characters/human/sdk_player/sdk_player.cdf
<08:58:34> CryAnimation: character-definition not found: objects/characters/human/sdk_player/sdk_player.cdf
<08:58:34> CryAnimation: character-definition not found: objects/characters/human/sdk_player/sdk_player.cdf
<08:58:34> CryAnimation: character-definition not found: objects/characters/human/sdk_player/sdk_player.cdf
<08:58:34> CryAnimation: character-definition not found: objects/characters/human/sdk_player/sdk_player.cdf
<08:58:34> CryAnimation: character-definition not found: objects/characters/human/sdk_player/sdk_player.cdf
<08:58:34> CryAnimation: character-definition not found: objects/characters/human/sdk_player/sdk_player.cdf
<08:58:34> CryAnimation: character-definition not found: objects/characters/human/sdk_player/sdk_player.cdf
<08:58:34> CryAnimation: character-definition not found: objects/characters/human/sdk_player/sdk_player.cdf
<08:58:34> CryAnimation: character-definition not found: objects/characters/human/sdk_player/sdk_player.cdf
<08:58:34> CryAnimation: character-definition not found: objects/characters/human/sdk_player/sdk_player.cdf
<08:58:41> CryAnimation: character-definition not found: objects/characters/human/sdk_player/sdk_player.cdf
<08:58:41> CryAnimation: character-definition not found: objects/characters/human/sdk_player/sdk_player.cdf
<08:58:41> CryAnimation: character-definition not found: objects/characters/human/sdk_player/sdk_player.cdf
<08:58:46> PLAYERNAME Kornflakes
<08:58:47> CryAnimation: character-definition not found: objects/characters/man.cdf
<08:58:48> CryAnimation: character-definition not found: objects/characters/human/sdk_player/sdk_player.cdf
<08:58:48> CryAnimation: character-definition not found: objects/characters/human/sdk_player/sdk_player.cdf
<08:58:48> CryAnimation: character-definition not found: objects/characters/human/sdk_player/sdk_player.cdf
<08:59:02> CVehicleSeat::NetSetPassengerId c2
<08:59:02> CVehicleSeat::Enter called
<08:59:14> CVehicleSeat::Exit called
<08:59:14> CVehicleSeat::Exit called c2
<08:59:14> ClProcessLeave call
<09:00:11> CVehicleSeat::NetSetPassengerId c2
<09:00:11> CVehicleSeat::Enter called
<09:00:38> CVehicleSeat::Exit called
<09:00:38> CVehicleSeat::Exit called c2
<09:00:38> ClProcessLeave call
<09:00:58> CTrain::SmplPlaySnd train_gts
<09:01:13> CVehicleSeat::NetSetPassengerId c2
<09:01:13> CVehicleSeat::Enter called
<09:01:15> CVehicleSeat::NetSetPassengerId c2
<09:01:15> CVehicleSeat::Exit called
<09:01:15> CVehicleSeat::Exit called c2
<09:01:22> CVehicleSeat::NetSetPassengerId c2
<09:01:22> CVehicleSeat::Enter called
<09:01:24> CVehicleSeat::Exit called
<09:01:24> CVehicleSeat::Exit called c2
<09:01:24> ClProcessLeave call
<09:01:28> CryAnimation: character-definition not found: objects/characters/human/sdk_player/sdk_player.cdf
<09:01:28> CryAnimation: character-definition not found: objects/characters/human/sdk_player/sdk_player.cdf
<09:01:28> CryAnimation: character-definition not found: objects/characters/human/sdk_player/sdk_player.cdf
<09:01:28> CVehicleSeat::NetSetPassengerId c2
<09:01:28> CVehicleSeat::Enter called
<09:01:32> CVehicleSeat::Exit called
<09:01:32> CVehicleSeat::Exit called c2
<09:01:32> ClProcessLeave call
<09:01:57> CVehicleSeat::NetSetPassengerId c2
<09:01:57> CVehicleSeat::Enter called
<09:02:08> CVehicleSeat::NetSetPassengerId c2
<09:02:08> CVehicleSeat::Enter called
<09:02:09> CVehicleSeat::Exit called
<09:02:09> CVehicleSeat::Exit called c2
<09:02:09> ClProcessLeave call
<09:02:23> CVehicleSeat::NetSetPassengerId c2
<09:02:23> CVehicleSeat::Enter called
<09:02:57> CVehicleSeat::NetSetPassengerId c2
<09:02:57> CVehicleSeat::Enter called
<09:02:58> CVehicleSeat::Exit called
<09:02:58> CVehicleSeat::Exit called c2
<09:02:58> ClProcessLeave call
<09:03:47> d_prerec_msg 
<09:04:02> CVehicleSeat::NetSetPassengerId c2
<09:04:02> CVehicleSeat::Enter called
<09:04:06> CVehicleSeat::NetSetPassengerId c2
<09:04:06> CVehicleSeat::Enter called
<09:04:07> CVehicleSeat::Exit called
<09:04:07> CVehicleSeat::Exit called c2
<09:04:07> ClProcessLeave call
<09:04:16> CVehicleSeat::Exit called
<09:04:16> CVehicleSeat::Exit called c2
<09:04:16> ClProcessLeave call
<09:04:23> CVehicleSeat::NetSetPassengerId c2
<09:04:23> CVehicleSeat::Enter called
<09:04:23> CVehicleSeat::Exit called
<09:04:23> CVehicleSeat::Exit called c2
<09:04:23> ClProcessLeave call
<09:04:42> d_prerec_msg 
<09:04:44> CVehicleSeat::NetSetPassengerId c2
<09:04:44> CVehicleSeat::Enter called
<09:04:58> CVehicleSeat::NetSetPassengerId c2
<09:04:58> CVehicleSeat::Enter called
<09:05:00> CVehicleSeat::NetSetPassengerId c2
<09:05:00> CVehicleSeat::Enter called
<09:05:01> CVehicleSeat::Exit called
<09:05:01> CVehicleSeat::Exit called c2
<09:05:01> ClProcessLeave call
<09:05:22> CTrain::SmplPlaySnd train_gts
<09:05:25> CVehicleSeat::NetSetPassengerId c2
<09:05:25> CVehicleSeat::Enter called
<09:05:26> CVehicleSeat::Exit called
<09:05:26> CVehicleSeat::Exit called c2
<09:05:26> ClProcessLeave call
<09:05:27> CVehicleSeat::NetSetPassengerId c2
<09:05:27> CVehicleSeat::Enter called
<09:05:28> CVehicleSeat::Exit called
<09:05:28> CVehicleSeat::Exit called c2
<09:05:28> ClProcessLeave call
<09:05:29> CVehicleSeat::NetSetPassengerId c2
<09:05:29> CVehicleSeat::Enter called
<09:05:34> CVehicleSeat::Exit called
<09:05:34> CVehicleSeat::Exit called c2
<09:05:34> ClProcessLeave call
<09:05:45> CVehicleSeat::NetSetPassengerId c2
<09:05:45> CVehicleSeat::Exit called
<09:05:45> CVehicleSeat::Exit called c2
<09:06:13> CVehicleSeat::Exit called
<09:06:13> CVehicleSeat::Exit called c2
<09:06:13> ClProcessLeave call
<09:06:21> CVehicleSeat::Exit called
<09:06:21> CVehicleSeat::Exit called c2
<09:06:21> ClProcessLeave call
<09:06:24> CVehicleSeat::NetSetPassengerId c2
<09:06:24> CVehicleSeat::Enter called
<09:06:34> CVehicleSeat::NetSetPassengerId c2
<09:06:34> CVehicleSeat::Enter called
<09:06:36> CryAnimation: character-definition not found: objects/characters/human/sdk_player/sdk_player.cdf
<09:06:36> CryAnimation: character-definition not found: objects/characters/human/sdk_player/sdk_player.cdf
<09:06:36> CryAnimation: character-definition not found: objects/characters/human/sdk_player/sdk_player.cdf
<09:06:38> CTrain::SmplPlaySnd train_gts
<09:06:41> d_prerec_msg 
<09:06:45> CVehicleSeat::NetSetPassengerId c2
<09:06:45> CVehicleSeat::Enter called
<09:06:50> CVehicleSeat::Exit called
<09:06:50> CVehicleSeat::Exit called c2
<09:06:50> ClProcessLeave call
<09:06:52> CVehicleSeat::NetSetPassengerId c2
<09:06:52> CVehicleSeat::Exit called
<09:06:52> CVehicleSeat::Exit called c2
<09:06:52> CVehicleSeat::NetSetPassengerId c2
<09:06:52> CVehicleSeat::Enter called
<09:06:53> CVehicleSeat::NetSetPassengerId c2
<09:06:53> CVehicleSeat::Enter called
<09:06:53> CVehicleSeat::NetSetPassengerId c2
<09:06:53> CVehicleSeat::Exit called
<09:06:53> CVehicleSeat::Exit called c2
<09:06:53> CVehicleSeat::NetSetPassengerId c2
<09:06:53> CVehicleSeat::Enter called
<09:06:53> CVehicleSeat::NetSetPassengerId c2
<09:06:53> CVehicleSeat::Exit called
<09:06:53> CVehicleSeat::Exit called c2
<09:06:53> CVehicleSeat::NetSetPassengerId c2
<09:06:53> CVehicleSeat::Enter called
<09:06:53> CVehicleSeat::NetSetPassengerId c2
<09:06:53> CVehicleSeat::Exit called
<09:06:53> CVehicleSeat::Exit called c2
<09:06:53> CVehicleSeat::NetSetPassengerId c2
<09:06:53> CVehicleSeat::Enter called
<09:06:54> CVehicleSeat::NetSetPassengerId c2
<09:06:54> CVehicleSeat::Exit called
<09:06:54> CVehicleSeat::Exit called c2
<09:06:54> CVehicleSeat::NetSetPassengerId c2
<09:06:54> CVehicleSeat::Enter called
<09:06:54> CVehicleSeat::NetSetPassengerId c2
<09:06:54> CVehicleSeat::Exit called
<09:06:54> CVehicleSeat::Exit called c2
<09:06:54> CVehicleSeat::NetSetPassengerId c2
<09:06:54> CVehicleSeat::Enter called
<09:06:54> CVehicleSeat::NetSetPassengerId c2
<09:06:54> CVehicleSeat::NetSetPassengerId c2
<09:06:54> CVehicleSeat::Exit called
<09:06:54> CVehicleSeat::Exit called c2
<09:06:54> CVehicleSeat::Enter called
<09:06:54> CVehicleSeat::NetSetPassengerId c2
<09:06:54> CVehicleSeat::Exit called
<09:06:54> CVehicleSeat::Exit called c2
<09:06:54> CVehicleSeat::NetSetPassengerId c2
<09:06:54> CVehicleSeat::Enter called
<09:06:54> CVehicleSeat::NetSetPassengerId c2
<09:06:54> CVehicleSeat::Exit called
<09:06:54> CVehicleSeat::Exit called c2
<09:06:54> CVehicleSeat::NetSetPassengerId c2
<09:06:54> CVehicleSeat::Enter called
<09:06:55> CVehicleSeat::NetSetPassengerId c2
<09:06:55> CVehicleSeat::Exit called
<09:06:55> CVehicleSeat::Exit called c2
<09:06:55> CVehicleSeat::NetSetPassengerId c2
<09:06:55> CVehicleSeat::Enter called
<09:06:56> CVehicleSeat::Exit called
<09:06:56> CVehicleSeat::Exit called c2
<09:06:56> ClProcessLeave call
<09:07:01> CVehicleSeat::NetSetPassengerId c2
<09:07:01> CVehicleSeat::Exit called
<09:07:01> CVehicleSeat::Exit called c2
<09:07:01> CVehicleSeat::NetSetPassengerId c2
<09:07:01> CVehicleSeat::Enter called
<09:07:02> CVehicleSeat::Exit called
<09:07:02> CVehicleSeat::Exit called c2
<09:07:02> ClProcessLeave call
<09:07:10> CTrain::SmplPlaySnd train_gts
<09:07:13> CVehicleSeat::NetSetPassengerId c2
<09:07:13> CVehicleSeat::Enter called
<09:07:13> CVehicleSeat::Exit called
<09:07:13> CVehicleSeat::Exit called c2
<09:07:13> ClProcessLeave call
<09:07:17> CVehicleSeat::NetSetPassengerId c2
<09:07:17> CVehicleSeat::Enter called
<09:07:26> CVehicleSeat::NetSetPassengerId c2
<09:07:26> CVehicleSeat::Enter called
<09:07:28> CVehicleSeat::Exit called
<09:07:28> CVehicleSeat::Exit called c2
<09:07:28> ClProcessLeave call
<09:07:29> CVehicleSeat::Exit called
<09:07:29> CVehicleSeat::Exit called c2
<09:07:29> ClProcessLeave call
<09:08:32> CTrain::SmplPlaySnd train_gts
<09:08:55> CryAnimation: character-definition not found: objects/characters/human/sdk_player/sdk_player.cdf
<09:08:55> CryAnimation: character-definition not found: objects/characters/human/sdk_player/sdk_player.cdf
<09:08:55> CryAnimation: character-definition not found: objects/characters/human/sdk_player/sdk_player.cdf
<09:08:55> CVehicleSeat::Exit called
<09:08:55> CVehicleSeat::Exit called c2
<09:08:55> ClProcessLeave call
<09:09:06> CryAnimation: character-definition not found: objects/characters/human/sdk_player/sdk_player.cdf
<09:09:06> CryAnimation: character-definition not found: objects/characters/human/sdk_player/sdk_player.cdf
<09:09:06> CryAnimation: character-definition not found: objects/characters/human/sdk_player/sdk_player.cdf
<09:09:10> CryAnimation: character-definition not found: objects/characters/human/sdk_player/sdk_player.cdf
<09:09:10> CryAnimation: character-definition not found: objects/characters/human/sdk_player/sdk_player.cdf
<09:09:10> CryAnimation: character-definition not found: objects/characters/human/sdk_player/sdk_player.cdf
<09:09:36> gEnv->pRenderer->Draw2dImage XXX
<09:09:38> remapped bone indices with refcount '4294967289' still around for 'zombiemodelnew/conserve_fp_nonmm.skin 0x0000022740BDC6C0
<09:09:38> remapped bone indices with refcount '4294967289' still around for 'objects/zhg_objects/characters/conserve/conserve_head.skin 0x0000022740BDC9E0
<09:09:38> remapped bone indices with refcount '4294967279' still around for 'objects/characters/human/dude/source/pin_hands_sk.skin 0x000002273C75F9F0
<09:09:38> remapped bone indices with refcount '4294967279' still around for 'pants.skin 0x000002275B5DD6D0
<09:09:38> remapped bone indices with refcount '4294967279' still around for 'torso.skin 0x000002275B5DDD10
<09:09:38> remapped bone indices with refcount '4294967279' still around for 'objects/zhg_objects/characters/sets/vanityset/vanityset_torso.skin 0x000002273C6C44E0
<09:09:38> remapped bone indices with refcount '4294967279' still around for 'objects/zhg_objects/characters/sets/vanityset/vanityset_torso.skin 0x000002273C6C41C0
<09:09:38> remapped bone indices with refcount '4294967279' still around for 'objects/zhg_objects/characters/sets/vanityset/vanityset_torso.skin 0x000002273C6C3EA0
<09:09:38> remapped bone indices with refcount '4294967279' still around for 'objects/zhg_objects/characters/sets/vanityset/vanityset_pants.skin 0x000002273C6C6420
<09:09:38> remapped bone indices with refcount '4294967279' still around for 'objects/zhg_objects/characters/sets/vanityset/vanityset_pants.skin 0x000002273C6C57A0
<09:09:38> remapped bone indices with refcount '4294967279' still around for 'objects/zhg_objects/characters/sets/vanityset/vanityset_pants.skin 0x000002273C6C3B80
<09:09:38> remapped bone indices with refcount '4294967279' still around for 'objects/zhg_objects/characters/sets/vanityset/vanityset_head.skin 0x000002273D455C10
<09:09:38> remapped bone indices with refcount '4294967279' still around for 'objects/zhg_objects/characters/sets/vanityset/vanityset_head.skin 0x000002273D454310
<09:09:38> remapped bone indices with refcount '4294967279' still around for 'objects/zhg_objects/characters/sets/vanityset/vanityset_head.skin 0x000002273D4558F0
<09:09:38> remapped bone indices with refcount '4294967279' still around for 'objects/zhg_objects/characters/sets/safetyset/safetyset_head.skin 0x000002273D452A10
<09:09:38> remapped bone indices with refcount '4294967279' still around for 'objects/zhg_objects/characters/sets/safetyset/safetyset_head.skin 0x000002273D453050
<09:09:38> remapped bone indices with refcount '4294967279' still around for 'objects/zhg_objects/characters/sets/safetyset/safetyset_head.skin 0x000002273D454C70
<09:09:38> remapped bone indices with refcount '4294967261' still around for 'objects/zhg_objects/characters/sets/rebellionset/rebellionset_torso.skin 0x000002273D452D30
<09:09:38> remapped bone indices with refcount '4294967261' still around for 'objects/zhg_objects/characters/sets/rebellionset/rebellionset_torso.skin 0x000002273D4555D0
<09:09:38> remapped bone indices with refcount '4294967261' still around for 'objects/zhg_objects/characters/sets/rebellionset/rebellionset_torso.skin 0x000002273D453370
<09:09:38> remapped bone indices with refcount '4294967279' still around for 'objects/zhg_objects/characters/sets/rebellionset/rebellionset_pants.skin 0x000002273D453CD0
<09:09:38> remapped bone indices with refcount '4294967279' still around for 'objects/zhg_objects/characters/sets/rebellionset/rebellionset_pants.skin 0x000002273D4552B0
<09:09:38> remapped bone indices with refcount '4294967279' still around for 'objects/zhg_objects/characters/sets/rebellionset/rebellionset_pants.skin 0x000002273D4526F0
<09:09:38> remapped bone indices with refcount '4294967279' still around for 'objects/zhg_objects/characters/sets/rebellionset/rebellionset_head.skin 0x000002273D453690
<09:09:38> remapped bone indices with refcount '4294967279' still around for 'objects/zhg_objects/characters/sets/rebellionset/rebellionset_head.skin 0x000002273D4520B0
<09:09:38> remapped bone indices with refcount '4294967279' still around for 'objects/zhg_objects/characters/sets/rebellionset/rebellionset_head.skin 0x000002273D4539B0
<09:09:38> remapped bone indices with refcount '4294967279' still around for 'objects/zhg_objects/characters/sets/rebellionset/rebelliomset_hands.skin 0x000002273D454950
<09:09:38> remapped bone indices with refcount '4294967279' still around for 'objects/zhg_objects/characters/sets/rebellionset/rebelliomset_hands.skin 0x000002273D4523D0
<09:09:38> remapped bone indices with refcount '4294967279' still around for 'objects/zhg_objects/characters/sets/rebellionset/rebelliomset_hands.skin 0x000002273D454630
<09:09:38> remapped bone indices with refcount '4294967279' still around for 'objects/zhg_objects/characters/sets/rebellionset/rebelliomset_hands.skin 0x000002273D453FF0
<09:09:38> remapped bone indices with refcount '4294967279' still around for 'objects/zhg_objects/characters/sets/loverset/loverset_torso.skin 0x000002273D454F90
<09:09:38> remapped bone indices with refcount '4294967279' still around for 'objects/zhg_objects/characters/sets/loverset/loverset_torso.skin 0x000002273D53A980
<09:09:38> remapped bone indices with refcount '4294967279' still around for 'objects/zhg_objects/characters/sets/loverset/loverset_torso.skin 0x000002273D53ACA0
<09:09:38> remapped bone indices with refcount '4294967279' still around for 'objects/zhg_objects/characters/sets/loverset/loverset_head.skin 0x000002273D53A660
<09:09:38> remapped bone indices with refcount '4294967279' still around for 'objects/zhg_objects/characters/sets/loverset/loverset_head.skin 0x000002273D53B600
<09:09:38> remapped bone indices with refcount '4294967279' still around for 'objects/zhg_objects/characters/sets/loverset/loverset_head.skin 0x000002273D53A340
<09:09:38> remapped bone indices with refcount '4294967279' still around for 'objects/zhg_objects/characters/sets/leaderset/leaderset_torso.skin 0x000002273D53B920
<09:09:38> remapped bone indices with refcount '4294967279' still around for 'objects/zhg_objects/characters/sets/leaderset/leaderset_torso.skin 0x000002273D53BF60
<09:09:38> remapped bone indices with refcount '4294967279' still around for 'objects/zhg_objects/characters/sets/leaderset/leaderset_torso.skin 0x000002273D53B2E0
<09:09:38> remapped bone indices with refcount '4294967279' still around for 'objects/zhg_objects/characters/sets/leaderset/leaderset_pants.skin 0x000002273D53C280
<09:09:38> remapped bone indices with refcount '4294967279' still around for 'objects/zhg_objects/characters/sets/leaderset/leaderset_pants.skin 0x000002273D53A020
<09:09:38> remapped bone indices with refcount '4294967279' still around for 'objects/zhg_objects/characters/sets/leaderset/leaderset_pants.skin 0x000002273D5393A0
<09:09:38> remapped bone indices with refcount '4294967279' still around for 'objects/zhg_objects/characters/sets/leaderset/leaderset_head.skin 0x000002273D53CBE0
<09:09:38> remapped bone indices with refcount '4294967279' still around for 'objects/zhg_objects/characters/sets/leaderset/leaderset_head.skin 0x000002273D53BC40
<09:09:38> remapped bone indices with refcount '4294967279' still around for 'objects/zhg_objects/characters/sets/leaderset/leaderset_head.skin 0x000002273D5399E0
<09:09:38> remapped bone indices with refcount '4294967279' still around for 'objects/zhg_objects/characters/sets/hopefullset/hopefullset_torso.skin 0x000002273D5396C0
<09:09:38> remapped bone indices with refcount '4294967279' still around for 'objects/zhg_objects/characters/sets/hopefullset/hopefullset_torso.skin 0x000002273D53C5A0
<09:09:38> remapped bone indices with refcount '4294967279' still around for 'objects/zhg_objects/characters/sets/hopefullset/hopefullset_torso.skin 0x000002273D53AFC0
<09:09:38> remapped bone indices with refcount '4294967279' still around for 'objects/zhg_objects/characters/sets/hopefullset/hopefullset_pants.skin 0x000002273D539D00
<09:09:38> remapped bone indices with refcount '4294967279' still around for 'objects/zhg_objects/characters/sets/hopefullset/hopefullset_pants.skin 0x000002273D53C8C0
<09:09:38> remapped bone indices with refcount '4294967279' still around for 'objects/zhg_objects/characters/sets/hopefullset/hopefullset_pants.skin 0x000002273D539080
<09:09:38> remapped bone indices with refcount '4294967279' still around for 'objects/zhg_objects/characters/sets/hopefullset/hopefullset_head.skin 0x000002273C760990
<09:09:38> remapped bone indices with refcount '4294967279' still around for 'objects/zhg_objects/characters/sets/hopefullset/hopefullset_head.skin 0x000002273C760030
<09:09:38> remapped bone indices with refcount '4294967279' still around for 'objects/zhg_objects/characters/sets/hopefullset/hopefullset_head.skin 0x000002273C75FD10
<09:09:38> remapped bone indices with refcount '4294967279' still around for 'objects/zhg_objects/characters/sets/doubtset/doubtset_head.skin 0x000002273C760CB0
<09:10:58> CreateDatagramSocket c1
<09:11:01> ============================ PrepareLevel multiplayer/Purgatorium_Esc_Cw ============================
<09:11:01> Initializing default materials...
<09:11:01> Game rules class: InstantAction
<09:11:06> [MFX] Loading FXLib 'breakables' ...
<09:11:06> [MFX] Loading FXLib 'collisions' ...
<09:11:06> [MFX] Loading FXLib 'foley' ...
<09:11:06> [MFX] Loading FXLib 'foley_grunt' ...
<09:11:06> [MFX] Loading FXLib 'foley_player' ...
<09:11:06> [MFX] Loading FXLib 'footstep_grunt' ...
<09:11:06> [MFX] Loading FXLib 'footstep_player' ...
<09:11:06> [MFX] Loading FXLib 'footsteps' ...
<09:11:06> [MFX] Loading FXLib 'grenade' ...
<09:11:06> [MFX] Loading FXLib 'melee' ...
<09:11:06> [MFX] Loading FXLib 'player_fx' ...
<09:11:06> [MFX] Loading FXLib 'projectiles' ...
<09:11:06> [MFX] Loading FXLib 'tornado' ...
<09:11:06> [MFX] Loading FXLib 'vegetation' ...
<09:11:06> [MFX] Loading FXLib 'vehicles' ...
<09:11:24> CryAnimation: character-definition not found: objects/characters/human/sdk_player/sdk_player.cdf
<09:11:24> CryAnimation: character-definition not found: objects/characters/human/sdk_player/sdk_player.cdf
<09:11:24> CryAnimation: character-definition not found: objects/characters/human/sdk_player/sdk_player.cdf
<09:11:25> CryAnimation: character-definition not found: objects/characters/human/sdk_player/sdk_player.cdf
<09:11:25> CryAnimation: character-definition not found: objects/characters/human/sdk_player/sdk_player.cdf
<09:11:25> CryAnimation: character-definition not found: objects/characters/human/sdk_player/sdk_player.cdf
<09:11:25> CryAnimation: character-definition not found: objects/characters/human/sdk_player/sdk_player.cdf
<09:11:25> CryAnimation: character-definition not found: objects/characters/human/sdk_player/sdk_player.cdf
<09:11:25> CryAnimation: character-definition not found: objects/characters/human/sdk_player/sdk_player.cdf
<09:11:25> CryAnimation: character-definition not found: objects/characters/human/sdk_player/sdk_player.cdf
<09:11:25> CryAnimation: character-definition not found: objects/characters/human/sdk_player/sdk_player.cdf
<09:11:25> CryAnimation: character-definition not found: objects/characters/human/sdk_player/sdk_player.cdf
<09:11:25> CryAnimation: character-definition not found: objects/characters/human/sdk_player/sdk_player.cdf
<09:11:25> CryAnimation: character-definition not found: objects/characters/human/sdk_player/sdk_player.cdf
<09:11:25> CryAnimation: character-definition not found: objects/characters/human/sdk_player/sdk_player.cdf
<09:11:25> CryAnimation: character-definition not found: objects/characters/human/sdk_player/sdk_player.cdf
<09:11:25> CryAnimation: character-definition not found: objects/characters/human/sdk_player/sdk_player.cdf
<09:11:25> CryAnimation: character-definition not found: objects/characters/human/sdk_player/sdk_player.cdf
<09:11:25> CryAnimation: character-definition not found: objects/characters/human/sdk_player/sdk_player.cdf
<09:11:25> CryAnimation: character-definition not found: objects/characters/human/sdk_player/sdk_player.cdf
<09:11:25> CryAnimation: character-definition not found: objects/characters/human/sdk_player/sdk_player.cdf
<09:11:25> CryAnimation: character-definition not found: objects/characters/human/sdk_player/sdk_player.cdf
<09:11:25> CryAnimation: character-definition not found: objects/characters/human/sdk_player/sdk_player.cdf
<09:11:25> CryAnimation: character-definition not found: objects/characters/human/sdk_player/sdk_player.cdf
<09:11:25> CryAnimation: character-definition not found: objects/characters/human/sdk_player/sdk_player.cdf
<09:11:25> CryAnimation: character-definition not found: objects/characters/human/sdk_player/sdk_player.cdf
<09:11:25> CryAnimation: character-definition not found: objects/characters/human/sdk_player/sdk_player.cdf
<09:11:25> CryAnimation: character-definition not found: objects/characters/human/sdk_player/sdk_player.cdf
<09:11:25> CryAnimation: character-definition not found: objects/characters/human/sdk_player/sdk_player.cdf
<09:11:25> CryAnimation: character-definition not found: objects/characters/human/sdk_player/sdk_player.cdf
<09:11:25> CryAnimation: character-definition not found: objects/characters/human/sdk_player/sdk_player.cdf
<09:11:25> CryAnimation: character-definition not found: objects/characters/human/sdk_player/sdk_player.cdf
<09:11:25> CryAnimation: character-definition not found: objects/characters/human/sdk_player/sdk_player.cdf
<09:11:25> CryAnimation: character-definition not found: objects/characters/human/sdk_player/sdk_player.cdf
<09:11:25> CryAnimation: character-definition not found: objects/characters/human/sdk_player/sdk_player.cdf
<09:11:25> CryAnimation: character-definition not found: objects/characters/human/sdk_player/sdk_player.cdf
<09:11:25> CryAnimation: character-definition not found: objects/characters/human/sdk_player/sdk_player.cdf
<09:11:25> CryAnimation: character-definition not found: objects/characters/human/sdk_player/sdk_player.cdf
<09:11:25> CryAnimation: character-definition not found: objects/characters/human/sdk_player/sdk_player.cdf
<09:11:26> d_prerec_msg 
<09:11:28> CryAnimation: character-definition not found: objects/characters/human/sdk_player/sdk_player.cdf
<09:11:28> CryAnimation: character-definition not found: objects/characters/human/sdk_player/sdk_player.cdf
<09:11:28> CryAnimation: character-definition not found: objects/characters/human/sdk_player/sdk_player.cdf
<09:11:33> PLAYERNAME Kornflakes
<09:11:33> CryAnimation: character-definition not found: objects/characters/man.cdf
<09:11:34> CryAnimation: character-definition not found: objects/characters/human/sdk_player/sdk_player.cdf
<09:11:34> CryAnimation: character-definition not found: objects/characters/human/sdk_player/sdk_player.cdf
<09:11:34> CryAnimation: character-definition not found: objects/characters/human/sdk_player/sdk_player.cdf
<09:11:37> CryAnimation: character-definition not found: objects/characters/human/sdk_player/sdk_player.cdf
<09:11:37> CryAnimation: character-definition not found: objects/characters/human/sdk_player/sdk_player.cdf
<09:11:37> CryAnimation: character-definition not found: objects/characters/human/sdk_player/sdk_player.cdf
<09:11:37> d_prerec_msg 
<09:11:43> CryAnimation: character-definition not found: objects/characters/human/sdk_player/sdk_player.cdf
<09:11:43> CryAnimation: character-definition not found: objects/characters/human/sdk_player/sdk_player.cdf
<09:11:43> CryAnimation: character-definition not found: objects/characters/human/sdk_player/sdk_player.cdf
<09:11:47> d_prerec_msg 
<09:11:48> d_prerec_msg 
<09:11:49> d_prerec_msg 
<09:11:50> d_prerec_msg 
<09:11:52> CryAnimation: character-definition not found: objects/characters/human/sdk_player/sdk_player.cdf
<09:11:52> CryAnimation: character-definition not found: objects/characters/human/sdk_player/sdk_player.cdf
<09:11:52> CryAnimation: character-definition not found: objects/characters/human/sdk_player/sdk_player.cdf
<09:11:52> d_prerec_msg 
<09:11:53> d_prerec_msg 
<09:11:54> d_prerec_msg 
<09:11:55> d_prerec_msg 
<09:11:56> used_prerec_msg 
<09:11:57> d_prerec_msg 
<09:11:57> CryAnimation: character-definition not found: objects/characters/human/sdk_player/sdk_player.cdf
<09:11:57> CryAnimation: character-definition not found: objects/characters/human/sdk_player/sdk_player.cdf
<09:11:57> CryAnimation: character-definition not found: objects/characters/human/sdk_player/sdk_player.cdf
<09:11:58> used_prerec_msg 
<09:11:58> d_prerec_msg 
<09:11:58> used_prerec_msg 
<09:11:59> d_prerec_msg 
<09:12:00> used_prerec_msg 
<09:12:01> used_prerec_msg 
<09:12:01> d_prerec_msg 
<09:12:03> CryAnimation: character-definition not found: objects/characters/human/sdk_player/sdk_player.cdf
<09:12:03> CryAnimation: character-definition not found: objects/characters/human/sdk_player/sdk_player.cdf
<09:12:03> CryAnimation: character-definition not found: objects/characters/human/sdk_player/sdk_player.cdf
<09:12:03> used_prerec_msg 
<09:12:04> used_prerec_msg 
<09:12:04> used_prerec_msg 
<09:12:05> used_prerec_msg 
<09:12:06> used_prerec_msg 
<09:12:06> used_prerec_msg 
<09:12:08> used_prerec_msg 
<09:12:09> d_prerec_msg 
<09:12:09> used_prerec_msg 
<09:12:10> used_prerec_msg 
<09:12:12> sed_prerec_msg 
<09:12:12> used_prerec_msg 
<09:12:14> sed_prerec_msg 
<09:12:14> d_prerec_msg 
<09:12:14> used_prerec_msg 
<09:12:18> sed_prerec_msg 
<09:12:18> msg 
<09:12:24> sg 
<09:12:24> _msg 
<09:12:25> sed_prerec_msg 
<09:12:25> used_prerec_msg 
<09:12:26> d_prerec_msg 
<09:12:27> d_prerec_msg 
<09:12:27> msg 
<09:12:27> d_prerec_msg 
<09:12:27> c_msg 
<09:12:27> used_prerec_msg 
<09:12:29> d_prerec_msg 
<09:12:30> prerec_msg 
<09:12:30> used_prerec_msg 
<09:12:31> msg 
<09:12:32> c_msg 
<09:12:33> rerec_msg 
<09:12:35> d_prerec_msg 
<09:12:38> d_prerec_msg 
<09:12:38> d_prerec_msg 
<09:12:39> d_prerec_msg 
<09:12:39> _used_prerec_msg 
<09:12:40> ast_used_prerec_msg 
<09:12:44> d_prerec_msg 
<09:12:47> sed_prerec_msg 
<09:12:48> ec_msg 
<09:12:49> msg 
<09:12:51> d_prerec_msg 
<09:12:54> d_prerec_msg 
<09:12:56> ast_used_prerec_msg 
<09:12:56> d_prerec_msg 
<09:13:00> d_prerec_msg 
<09:13:03> d_prerec_msg 
<09:13:05> d_prerec_msg 
<09:13:06> d_prerec_msg 
<09:13:08> sed_prerec_msg 
<09:13:13> ast_used_prerec_msg 
<09:13:14> d_prerec_msg 
<09:13:21> _used_prerec_msg 
<09:13:31> d_prerec_msg 
<09:13:31> d_prerec_msg 
<09:13:33> ast_used_prerec_msg 
<09:13:33> d_prerec_msg 
<09:13:34> d_prerec_msg 
<09:13:34> ast_used_prerec_msg 
<09:13:34> ast_used_prerec_msg 
<09:13:35> d_prerec_msg 
<09:13:36> rec_msg 
<09:13:38> d_prerec_msg 
<09:13:40> ed_prerec_msg 
<09:13:41> sed_prerec_msg 
<09:13:54> d_prerec_msg 
<09:14:09> d_prerec_msg 
<09:14:10> d_prerec_msg 
<09:14:12> sed_prerec_msg 
<09:14:13> d_prerec_msg 
<09:14:13> d_prerec_msg 
<09:14:14> d_prerec_msg 
<09:14:15> sed_prerec_msg 
<09:14:15> used_prerec_msg 
<09:14:27> _used_prerec_msg 
<09:14:28> d_prerec_msg 
<09:14:30> d_prerec_msg 
<09:14:32> d_prerec_msg 
<09:14:33> sed_prerec_msg 
<09:14:34> d_prerec_msg 
<09:14:34> d_prerec_msg 
<09:14:35> CVehicleSeat::NetSetPassengerId c2
<09:14:35> CVehicleSeat::Enter called
<09:14:36> used_prerec_msg 
<09:14:40> used_prerec_msg 
<09:14:41> CVehicleSeat::NetSetPassengerId c2
<09:14:41> CVehicleSeat::Exit called
<09:14:41> CVehicleSeat::Exit called c2
<09:14:41> CVehicleSeat::NetSetPassengerId c2
<09:14:41> CVehicleSeat::Enter called
<09:14:41> CVehicleSeat::NetSetPassengerId c2
<09:14:41> CVehicleSeat::Enter called
<09:14:42> CVehicleSeat::NetSetPassengerId c2
<09:14:42> CVehicleSeat::Exit called
<09:14:42> CVehicleSeat::Exit called c2
<09:14:42> CVehicleSeat::NetSetPassengerId c2
<09:14:42> CVehicleSeat::Enter called
<09:14:42> CVehicleSeat::NetSetPassengerId c2
<09:14:42> CVehicleSeat::Exit called
<09:14:42> CVehicleSeat::Exit called c2
<09:14:42> CVehicleSeat::NetSetPassengerId c2
<09:14:42> CVehicleSeat::Enter called
<09:14:42> CVehicleSeat::NetSetPassengerId c2
<09:14:42> CVehicleSeat::Exit called
<09:14:42> CVehicleSeat::Exit called c2
<09:14:42> CVehicleSeat::NetSetPassengerId c2
<09:14:42> CVehicleSeat::Enter called
<09:14:42> CVehicleSeat::NetSetPassengerId c2
<09:14:42> CVehicleSeat::Exit called
<09:14:42> CVehicleSeat::Exit called c2
<09:14:42> CVehicleSeat::NetSetPassengerId c2
<09:14:42> CVehicleSeat::Enter called
<09:14:42> CVehicleSeat::NetSetPassengerId c2
<09:14:42> CVehicleSeat::NetSetPassengerId c2
<09:14:42> CVehicleSeat::Exit called
<09:14:42> CVehicleSeat::Exit called c2
<09:14:42> CVehicleSeat::Enter called
<09:14:42> CVehicleSeat::Exit called
<09:14:42> CVehicleSeat::Exit called c2
<09:14:42> ClProcessLeave call
<09:14:47> CVehicleSeat::Exit called
<09:14:47> CVehicleSeat::Exit called c2
<09:14:47> ClProcessLeave call
<09:14:51> CVehicleSeat::NetSetPassengerId c2
<09:14:51> CVehicleSeat::Enter called
<09:14:51> CVehicleSeat::Exit called
<09:14:51> CVehicleSeat::Exit called c2
<09:14:51> ClProcessLeave call
<09:14:57> CVehicleSeat::NetSetPassengerId c2
<09:14:57> CVehicleSeat::Enter called
<09:14:59> CVehicleSeat::NetSetPassengerId c2
<09:14:59> CVehicleSeat::Exit called
<09:14:59> CVehicleSeat::Exit called c2
<09:14:59> CVehicleSeat::NetSetPassengerId c2
<09:14:59> CVehicleSeat::Enter called
<09:14:59> CVehicleSeat::NetSetPassengerId c2
<09:14:59> CVehicleSeat::Exit called
<09:14:59> CVehicleSeat::Exit called c2
<09:14:59> CVehicleSeat::NetSetPassengerId c2
<09:14:59> CVehicleSeat::Enter called
<09:15:00> CVehicleSeat::NetSetPassengerId c2
<09:15:00> CVehicleSeat::Exit called
<09:15:00> CVehicleSeat::Exit called c2
<09:15:00> CVehicleSeat::NetSetPassengerId c2
<09:15:00> CVehicleSeat::Enter called
<09:15:00> CVehicleSeat::NetSetPassengerId c2
<09:15:00> CVehicleSeat::Exit called
<09:15:00> CVehicleSeat::Exit called c2
<09:15:00> CVehicleSeat::NetSetPassengerId c2
<09:15:00> CVehicleSeat::Enter called
<09:15:00> CVehicleSeat::NetSetPassengerId c2
<09:15:00> CVehicleSeat::Exit called
<09:15:00> CVehicleSeat::Exit called c2
<09:15:00> CVehicleSeat::NetSetPassengerId c2
<09:15:00> CVehicleSeat::Enter called
<09:15:00> CVehicleSeat::NetSetPassengerId c2
<09:15:00> CVehicleSeat::NetSetPassengerId c2
<09:15:00> CVehicleSeat::Exit called
<09:15:00> CVehicleSeat::Exit called c2
<09:15:00> CVehicleSeat::Enter called
<09:15:00> CVehicleSeat::NetSetPassengerId c2
<09:15:00> CVehicleSeat::Exit called
<09:15:00> CVehicleSeat::Exit called c2
<09:15:00> CVehicleSeat::NetSetPassengerId c2
<09:15:00> CVehicleSeat::Enter called
<09:15:00> CVehicleSeat::Exit called
<09:15:00> CVehicleSeat::Exit called c2
<09:15:00> ClProcessLeave call
<09:15:04> CHUDNv::showPickArmorGradient()
<09:15:04> CHUDNv::showPickArmorGradient()
<09:15:05> CHUDNv::showPickArmorGradient()
<09:15:09> CVehicleSeat::NetSetPassengerId c2
<09:15:09> CVehicleSeat::Enter called
<09:15:20> d_prerec_msg 
<09:15:20> d_prerec_msg 
<09:15:26> CVehicleSeat::Exit called
<09:15:26> CVehicleSeat::Exit called c2
<09:15:26> ClProcessLeave call
<09:15:47> CVehicleSeat::NetSetPassengerId c2
<09:15:47> CVehicleSeat::Enter called
<09:16:03> d_prerec_msg 
<09:16:04> d_prerec_msg 
<09:16:10> CVehicleSeat::NetSetPassengerId c2
<09:16:10> CVehicleSeat::Enter called
<09:16:28> CVehicleSeat::NetSetPassengerId c2
<09:16:28> CVehicleSeat::Enter called
<09:16:28> ClReplDropOpen !params.r_openedDr
<09:16:29> ClReplDropOpen !params.r_openedDr
<09:16:31> CVehicleSeat::Exit called
<09:16:31> CVehicleSeat::Exit called c2
<09:16:31> ClProcessLeave call
<09:17:01> st_used_prerec_msg 
<09:17:10> CVehicleSeat::NetSetPassengerId c2
<09:17:10> CVehicleSeat::Enter called
<09:17:11> CVehicleSeat::Exit called
<09:17:11> CVehicleSeat::Exit called c2
<09:17:11> ClProcessLeave call
<09:17:13> ClReplDropOpen !params.r_openedDr
<09:17:13> ClReplDropOpen !params.r_openedDr
<09:17:15> CVehicleSeat::NetSetPassengerId c2
<09:17:15> CVehicleSeat::Enter called
<09:17:21> d_prerec_msg 
<09:17:23> d_prerec_msg 
<09:17:24> ClReplDropOpen !params.r_openedDr
<09:17:28> CVehicleSeat::NetSetPassengerId c2
<09:17:28> CVehicleSeat::Enter called
<09:17:29> CVehicleSeat::Exit called
<09:17:29> CVehicleSeat::Exit called c2
<09:17:29> ClProcessLeave call
<09:17:33> CVehicleSeat::NetSetPassengerId c2
<09:17:33> CVehicleSeat::Enter called
<09:17:42> CVehicleSeat::Exit called
<09:17:42> CVehicleSeat::Exit called c2
<09:17:42> ClProcessLeave call
<09:18:01> CVehicleSeat::NetSetPassengerId c2
<09:18:01> CVehicleSeat::Enter called
<09:18:03> CVehicleSeat::Exit called
<09:18:03> CVehicleSeat::Exit called c2
<09:18:03> ClProcessLeave call
<09:18:04> CVehicleSeat::Exit called
<09:18:04> CVehicleSeat::Exit called c2
<09:18:04> ClProcessLeave call
<09:18:04> CVehicleSeat::Exit called
<09:18:04> CVehicleSeat::Exit called c2
<09:18:04> ClProcessLeave call
<09:18:37> CVehicleSeat::NetSetPassengerId c2
<09:18:37> CVehicleSeat::Enter called
<09:18:45> CVehicleSeat::NetSetPassengerId c2
<09:18:45> CVehicleSeat::Enter called
<09:18:45> CVehicleSeat::Exit called
<09:18:45> CVehicleSeat::Exit called c2
<09:18:45> ClProcessLeave call
<09:18:51> CVehicleSeat::NetSetPassengerId c2
<09:18:51> CVehicleSeat::Enter called
<09:18:51> d_prerec_msg 
<09:18:53> CVehicleSeat::NetSetPassengerId c2
<09:18:53> CVehicleSeat::Enter called
<09:18:54> d_prerec_msg 
<09:18:56> d_prerec_msg 
<09:18:58> d_prerec_msg 
<09:18:59> CVehicleSeat::Exit called
<09:18:59> CVehicleSeat::Exit called c2
<09:18:59> ClProcessLeave call
<09:18:59> CVehicleSeat::Exit called
<09:18:59> CVehicleSeat::Exit called c2
<09:18:59> ClProcessLeave call
<09:19:03> d_prerec_msg 
<09:19:04> d_prerec_msg 
<09:19:05> d_prerec_msg 
<09:19:07> ast_used_prerec_msg 
<09:19:10> ast_used_prerec_msg 
<09:19:24> CVehicleSeat::Exit called
<09:19:24> CVehicleSeat::Exit called c2
<09:19:24> ClProcessLeave call
<09:19:41> CVehicleSeat::NetSetPassengerId c2
<09:19:41> CVehicleSeat::Enter called
<09:19:57> CVehicleSeat::NetSetPassengerId c2
<09:19:57> CVehicleSeat::Enter called
<09:20:02> d_prerec_msg 
<09:20:04> d_prerec_msg 
<09:20:05> d_prerec_msg 
<09:20:13> CVehicleSeat::Exit called
<09:20:13> CVehicleSeat::Exit called c2
<09:20:13> ClProcessLeave call
<09:21:01> CVehicleSeat::NetSetPassengerId c2
<09:21:01> CVehicleSeat::Enter called
<09:21:03> CVehicleSeat::Exit called
<09:21:03> CVehicleSeat::Exit called c2
<09:21:03> ClProcessLeave call
<09:21:05> CVehicleSeat::NetSetPassengerId c2
<09:21:05> CVehicleSeat::Enter called
<09:21:07> CVehicleSeat::Exit called
<09:21:07> CVehicleSeat::Exit called c2
<09:21:07> ClProcessLeave call
<09:21:12> CVehicleSeat::Exit called
<09:21:12> CVehicleSeat::Exit called c2
<09:21:12> ClProcessLeave call
<09:21:13> CTrain::SmplPlaySnd train_gts
<09:21:16> used_prerec_msg 
<09:21:20> d_prerec_msg 
<09:21:20> rec_msg 
<09:21:21> last_used_prerec_msg 
<09:21:23> d_prerec_msg 
<09:21:25> d_prerec_msg 
<09:21:35> d_prerec_msg 
<09:21:40> erec_msg 
<09:21:40> CVehicleSeat::NetSetPassengerId c2
<09:21:40> CVehicleSeat::Enter called
<09:21:42> msg 
<09:21:42> rerec_msg 
<09:21:44> msg 
<09:21:46> _msg 
<09:21:46> c_msg 
<09:21:49> d_prerec_msg 
<09:21:49> d_prerec_msg 
<09:21:50> rec_msg 
<09:21:51> d_prerec_msg 
<09:21:52> CVehicleSeat::NetSetPassengerId c2
<09:21:52> CVehicleSeat::Enter called
<09:21:52> CTrain::SmplPlaySnd train_gts
<09:21:53> erec_msg 
<09:21:53> CVehicleSeat::Exit called
<09:21:53> CVehicleSeat::Exit called c2
<09:21:53> ClProcessLeave call
<09:21:56> d_prerec_msg 
<09:21:56> CVehicleSeat::Exit called
<09:21:56> CVehicleSeat::Exit called c2
<09:21:56> ClProcessLeave call
<09:21:56> _msg 
<09:22:05> ast_used_prerec_msg 
<09:22:05> d_prerec_msg 
<09:22:15> CVehicleSeat::NetSetPassengerId c2
<09:22:15> CVehicleSeat::Enter called
<09:22:20> CVehicleSeat::Exit called
<09:22:20> CVehicleSeat::Exit called c2
<09:22:20> ClProcessLeave call
<09:22:22> CVehicleSeat::NetSetPassengerId c2
<09:22:22> CVehicleSeat::Enter called
<09:22:32> CTrain::SmplPlaySnd train_gts
<09:23:01> CVehicleSeat::NetSetPassengerId c2
<09:23:01> CVehicleSeat::Enter called
<09:23:03> CVehicleSeat::Exit called
<09:23:03> CVehicleSeat::Exit called c2
<09:23:03> ClProcessLeave call
<09:23:06> CVehicleSeat::Exit called
<09:23:06> CVehicleSeat::Exit called c2
<09:23:06> ClProcessLeave call
<09:23:07> CryAnimation: character-definition not found: objects/characters/human/sdk_player/sdk_player.cdf
<09:23:07> CryAnimation: character-definition not found: objects/characters/human/sdk_player/sdk_player.cdf
<09:23:07> CryAnimation: character-definition not found: objects/characters/human/sdk_player/sdk_player.cdf
<09:23:11> CVehicleSeat::Exit called
<09:23:11> CVehicleSeat::Exit called c2
<09:23:11> ClProcessLeave call
<09:23:13> CVehicleSeat::NetSetPassengerId c2
<09:23:13> CVehicleSeat::Enter called
<09:23:22> CVehicleSeat::NetSetPassengerId c2
<09:23:22> CVehicleSeat::Enter called
<09:23:29> CVehicleSeat::Exit called
<09:23:29> CVehicleSeat::Exit called c2
<09:23:29> ClProcessLeave call
<09:23:36> CVehicleSeat::NetSetPassengerId c2
<09:23:36> CVehicleSeat::Enter called
<09:23:39> CVehicleSeat::Exit called
<09:23:39> CVehicleSeat::Exit called c2
<09:23:39> ClProcessLeave call
<09:23:51> CryAnimation: character-definition not found: objects/characters/human/sdk_player/sdk_player.cdf
<09:23:51> CryAnimation: character-definition not found: objects/characters/human/sdk_player/sdk_player.cdf
<09:23:51> CryAnimation: character-definition not found: objects/characters/human/sdk_player/sdk_player.cdf
<09:23:57> CTrain::SmplPlaySnd train_gts
<09:24:00> CryAnimation: character-definition not found: objects/characters/human/sdk_player/sdk_player.cdf
<09:24:00> CryAnimation: character-definition not found: objects/characters/human/sdk_player/sdk_player.cdf
<09:24:00> CryAnimation: character-definition not found: objects/characters/human/sdk_player/sdk_player.cdf
<09:24:49> CTrain::SmplPlaySnd train_gts
<09:25:02> CTrain::SmplPlaySnd train_gts
<09:25:26> CTrain::SmplPlaySnd train_gts
<09:26:48> d_prerec_msg 
<09:26:53> d_prerec_msg 
<09:27:02> d_prerec_msg 
<09:27:24> d_prerec_msg 
<09:28:12> gEnv->pRenderer->Draw2dImage XXX
<09:28:13> remapped bone indices with refcount '4294967293' still around for 'zombiemodelnew/conserve_fp_nonmm.skin 0x00000227D4B9BF60
<09:28:13> remapped bone indices with refcount '4294967293' still around for 'objects/zhg_objects/characters/conserve/conserve_head.skin 0x00000227D4B95200
<09:28:13> remapped bone indices with refcount '4294967287' still around for 'objects/characters/human/dude/source/pin_hands_sk.skin 0x00000227667D70B0
<09:28:13> remapped bone indices with refcount '4294967287' still around for 'pants.skin 0x0000022795D9FD40
<09:28:13> remapped bone indices with refcount '4294967287' still around for 'torso.skin 0x0000022795D9F700
<09:28:13> remapped bone indices with refcount '4294967287' still around for 'objects/zhg_objects/characters/sets/vanityset/vanityset_torso.skin 0x00000227D4B93F40
<09:28:13> remapped bone indices with refcount '4294967287' still around for 'objects/zhg_objects/characters/sets/vanityset/vanityset_torso.skin 0x00000227D4B93C20
<09:28:13> remapped bone indices with refcount '4294967287' still around for 'objects/zhg_objects/characters/sets/vanityset/vanityset_torso.skin 0x00000227D4B92C80
<09:28:13> remapped bone indices with refcount '4294967287' still around for 'objects/zhg_objects/characters/sets/vanityset/vanityset_pants.skin 0x00000227D4B93900
<09:28:13> remapped bone indices with refcount '4294967287' still around for 'objects/zhg_objects/characters/sets/vanityset/vanityset_pants.skin 0x00000227D4B932C0
<09:28:13> remapped bone indices with refcount '4294967287' still around for 'objects/zhg_objects/characters/sets/vanityset/vanityset_pants.skin 0x00000227D4B92FA0
<09:28:13> remapped bone indices with refcount '4294967287' still around for 'objects/zhg_objects/characters/sets/vanityset/vanityset_head.skin 0x00000227D4B92960
<09:28:13> remapped bone indices with refcount '4294967287' still around for 'objects/zhg_objects/characters/sets/vanityset/vanityset_head.skin 0x00000227D4B92640
<09:28:13> remapped bone indices with refcount '4294967287' still around for 'objects/zhg_objects/characters/sets/vanityset/vanityset_head.skin 0x00000227D4B92320
<09:28:13> remapped bone indices with refcount '4294967287' still around for 'objects/zhg_objects/characters/sets/safetyset/safetyset_head.skin 0x00000227D4B935E0
<09:28:13> remapped bone indices with refcount '4294967287' still around for 'objects/zhg_objects/characters/sets/safetyset/safetyset_head.skin 0x00000227D4B92000
<09:28:13> remapped bone indices with refcount '4294967287' still around for 'objects/zhg_objects/characters/sets/safetyset/safetyset_head.skin 0x00000227D4B919C0
<09:28:13> remapped bone indices with refcount '4294967277' still around for 'objects/zhg_objects/characters/sets/rebellionset/rebellionset_torso.skin 0x00000227D4B916A0
<09:28:13> remapped bone indices with refcount '4294967277' still around for 'objects/zhg_objects/characters/sets/rebellionset/rebellionset_torso.skin 0x00000227D4B91380
<09:28:13> remapped bone indices with refcount '4294967277' still around for 'objects/zhg_objects/characters/sets/rebellionset/rebellionset_torso.skin 0x00000227D4B91060
<09:28:13> remapped bone indices with refcount '4294967287' still around for 'objects/zhg_objects/characters/sets/rebellionset/rebellionset_pants.skin 0x00000227D4B90D40
<09:28:13> remapped bone indices with refcount '4294967287' still around for 'objects/zhg_objects/characters/sets/rebellionset/rebellionset_pants.skin 0x00000227D4B90A20
<09:28:13> remapped bone indices with refcount '4294967287' still around for 'objects/zhg_objects/characters/sets/rebellionset/rebellionset_pants.skin 0x00000227D4B91CE0
<09:28:13> remapped bone indices with refcount '4294967287' still around for 'objects/zhg_objects/characters/sets/rebellionset/rebellionset_head.skin 0x00000227D4B90700
<09:28:13> remapped bone indices with refcount '4294967287' still around for 'objects/zhg_objects/characters/sets/rebellionset/rebellionset_head.skin 0x00000227D4B903E0
<09:28:13> remapped bone indices with refcount '4294967287' still around for 'objects/zhg_objects/characters/sets/rebellionset/rebellionset_head.skin 0x00000227D4B886E0
<09:28:13> remapped bone indices with refcount '4294967287' still around for 'objects/zhg_objects/characters/sets/rebellionset/rebelliomset_hands.skin 0x00000227D4B900C0
<09:28:13> remapped bone indices with refcount '4294967287' still around for 'objects/zhg_objects/characters/sets/rebellionset/rebelliomset_hands.skin 0x00000227D4B883C0
<09:28:13> remapped bone indices with refcount '4294967287' still around for 'objects/zhg_objects/characters/sets/rebellionset/rebelliomset_hands.skin 0x00000227D4B8FDA0
<09:28:13> remapped bone indices with refcount '4294967287' still around for 'objects/zhg_objects/characters/sets/rebellionset/rebelliomset_hands.skin 0x00000227D4B880A0
<09:28:13> remapped bone indices with refcount '4294967287' still around for 'objects/zhg_objects/characters/sets/loverset/loverset_torso.skin 0x00000227D4B8FA80
<09:28:13> remapped bone indices with refcount '4294967287' still around for 'objects/zhg_objects/characters/sets/loverset/loverset_torso.skin 0x00000227D4B8F120
<09:28:13> remapped bone indices with refcount '4294967287' still around for 'objects/zhg_objects/characters/sets/loverset/loverset_torso.skin 0x00000227D4B8EE00
<09:28:13> remapped bone indices with refcount '4294967287' still around for 'objects/zhg_objects/characters/sets/loverset/loverset_head.skin 0x00000227D4B8E7C0
<09:28:13> remapped bone indices with refcount '4294967287' still around for 'objects/zhg_objects/characters/sets/loverset/loverset_head.skin 0x00000227D4B8E4A0
<09:28:13> remapped bone indices with refcount '4294967287' still around for 'objects/zhg_objects/characters/sets/loverset/loverset_head.skin 0x00000227D4B8DE60
<09:28:13> remapped bone indices with refcount '4294967287' still around for 'objects/zhg_objects/characters/sets/leaderset/leaderset_torso.skin 0x00000227D4B8DB40
<09:28:13> remapped bone indices with refcount '4294967287' still around for 'objects/zhg_objects/characters/sets/leaderset/leaderset_torso.skin 0x00000227D4B8D820
<09:28:13> remapped bone indices with refcount '4294967287' still around for 'objects/zhg_objects/characters/sets/leaderset/leaderset_torso.skin 0x00000227D4B8CBA0
<09:28:13> remapped bone indices with refcount '4294967287' still around for 'objects/zhg_objects/characters/sets/leaderset/leaderset_pants.skin 0x00000227D4B8AF80
<09:28:13> remapped bone indices with refcount '4294967287' still around for 'objects/zhg_objects/characters/sets/leaderset/leaderset_pants.skin 0x00000227D4B8A300
<09:28:13> remapped bone indices with refcount '4294967287' still around for 'objects/zhg_objects/characters/sets/leaderset/leaderset_pants.skin 0x00000227D4B88A00
<09:28:13> remapped bone indices with refcount '4294967287' still around for 'objects/zhg_objects/characters/sets/leaderset/leaderset_head.skin 0x00000227D4B8C240
<09:28:13> remapped bone indices with refcount '4294967287' still around for 'objects/zhg_objects/characters/sets/leaderset/leaderset_head.skin 0x00000227D4B89360
<09:28:13> remapped bone indices with refcount '4294967287' still around for 'objects/zhg_objects/characters/sets/leaderset/leaderset_head.skin 0x00000227D4B8BF20
<09:28:13> remapped bone indices with refcount '4294967287' still around for 'objects/zhg_objects/characters/sets/hopefullset/hopefullset_torso.skin 0x00000227D4B8B8E0
<09:28:13> remapped bone indices with refcount '4294967287' still around for 'objects/zhg_objects/characters/sets/hopefullset/hopefullset_torso.skin 0x00000227D4B8B5C0
<09:28:13> remapped bone indices with refcount '4294967287' still around for 'objects/zhg_objects/characters/sets/hopefullset/hopefullset_torso.skin 0x00000227D4B8C880
<09:28:13> remapped bone indices with refcount '4294967287' still around for 'objects/zhg_objects/characters/sets/hopefullset/hopefullset_pants.skin 0x00000227D4B8F440
<09:28:13> remapped bone indices with refcount '4294967287' still around for 'objects/zhg_objects/characters/sets/hopefullset/hopefullset_pants.skin 0x00000227D4B8AC60
<09:28:13> remapped bone indices with refcount '4294967287' still around for 'objects/zhg_objects/characters/sets/hopefullset/hopefullset_pants.skin 0x00000227D4B89FE0
<09:28:13> remapped bone indices with refcount '4294967287' still around for 'objects/zhg_objects/characters/sets/hopefullset/hopefullset_head.skin 0x00000227D4B8E180
<09:28:13> remapped bone indices with refcount '4294967287' still around for 'objects/zhg_objects/characters/sets/hopefullset/hopefullset_head.skin 0x00000227D4B8C560
<09:28:13> remapped bone indices with refcount '4294967287' still around for 'objects/zhg_objects/characters/sets/hopefullset/hopefullset_head.skin 0x00000227D4B8D500
<09:28:13> remapped bone indices with refcount '4294967287' still around for 'objects/zhg_objects/characters/sets/doubtset/doubtset_head.skin 0x00000227D4B8A940
<09:28:21> Iterator 0
<09:28:21> Size 30
<09:28:21> Iterator 1
<09:28:21> Size 30
<09:28:21> Iterator 2
<09:28:21> Size 30
<09:28:21> Iterator 3
<09:28:21> Size 30
<09:28:21> Iterator 4
<09:28:21> Size 30
<09:28:21> Iterator 5
<09:28:21> Size 30
<09:28:21> Iterator 6
<09:28:21> Size 30
<09:28:21> Iterator 7
<09:28:21> Size 30
<09:28:22> Iterator 8
<09:28:22> Size 30
<09:28:22> Iterator 9
<09:28:22> Size 30
<09:28:22> Iterator 10
<09:28:22> Size 30
<09:28:22> Iterator 11
<09:28:22> Size 30
<09:28:22> Iterator 12
<09:28:22> Size 30
<09:28:22> Iterator 13
<09:28:22> Size 30
<09:28:22> Iterator 14
<09:28:22> Size 30
<09:28:22> playerName Kornflakes
<09:28:22> Iterator 15
<09:28:22> Size 30
<09:28:22> Iterator 16
<09:28:22> Size 30
<09:28:22> Iterator 17
<09:28:22> Size 30
<09:28:22> Iterator 18
<09:28:22> Size 30
<09:28:22> Iterator 19
<09:28:22> Size 30
<09:28:22> Iterator 20
<09:28:22> Size 30
<09:28:22> Iterator 21
<09:28:22> Size 30
<09:28:22> Iterator 22
<09:28:22> Size 30
<09:28:22> Iterator 23
<09:28:22> Size 30
<09:28:22> Iterator 24
<09:28:22> Size 30
<09:28:22> Iterator 25
<09:28:22> Size 30
<09:28:22> Iterator 26
<09:28:22> Size 30
<09:28:22> Iterator 27
<09:28:22> Size 30
<09:28:22> Iterator 28
<09:28:22> Size 30
<09:28:22> Iterator 29
<09:28:22> Size 30
<09:28:22> playerName Kornflakes
<09:28:22> Iterator 30
<09:28:22> Size 30
<09:36:09> BaseInput - Shutting down all force feedback
<09:36:09> ActionGame - Shutting down all force feedback
<09:36:10> CNetSyncSystem::~CNetSyncSystem & Crush?! packets_temp_bf(temp packet data buffs)
