BackupNameAttachment=" Build(0) 24 Aug 21 (18 17 21)"  -- used by backup system
Log Started at Tue Aug 24 18:17:21 2021
Built on Oct 13 2019 19:15:33
Running 64 bit Windows version
Command Line: "D:\Games\Steam\steamapps\common\Pandemic Express\Bin/win_x64/PandemicExpress.exe"
Executable: D:\Games\Steam\steamapps\common\Pandemic Express\Bin\win_x64\PandemicExpress.exe
FileVersion: 1.0.0.0
ProductVersion: 1.0.0.0
Added MOD directory <%engineroot%/engine> to CryPak

Total number of logical processors: 12
Number of available logical processors: 12
Total number of system cores: 6
Number of cores available to process: 6
 
Processor 0:
  CPU: AMD AMD Ryzen 5 3600 6-Core Processor              
  Family: 15, Model: 1, Stepping: 0
  FPU: On-Chip
  Features: FP16, SSE, SSE2, SSE3, SSE4.2, AVX, AVX2, FMA3
  Serial number not present or disabled
 
Processor 1:
  CPU: AMD AMD Ryzen 5 3600 6-Core Processor              
  Family: 15, Model: 1, Stepping: 0
  FPU: On-Chip
  Features: FP16, SSE, SSE2, SSE3, SSE4.2, AVX, AVX2, FMA3
  Serial number not present or disabled
 
Processor 2:
  CPU: AMD AMD Ryzen 5 3600 6-Core Processor              
  Family: 15, Model: 1, Stepping: 0
  FPU: On-Chip
  Features: FP16, SSE, SSE2, SSE3, SSE4.2, AVX, AVX2, FMA3
  Serial number not present or disabled
 
Processor 3:
  CPU: AMD AMD Ryzen 5 3600 6-Core Processor              
  Family: 15, Model: 1, Stepping: 0
  FPU: On-Chip
  Features: FP16, SSE, SSE2, SSE3, SSE4.2, AVX, AVX2, FMA3
  Serial number not present or disabled
 
Processor 4:
  CPU: AMD AMD Ryzen 5 3600 6-Core Processor              
  Family: 15, Model: 1, Stepping: 0
  FPU: On-Chip
  Features: FP16, SSE, SSE2, SSE3, SSE4.2, AVX, AVX2, FMA3
  Serial number not present or disabled
 
Processor 5:
  CPU: AMD AMD Ryzen 5 3600 6-Core Processor              
  Family: 15, Model: 1, Stepping: 0
  FPU: On-Chip
  Features: FP16, SSE, SSE2, SSE3, SSE4.2, AVX, AVX2, FMA3
  Serial number not present or disabled
 
<18:17:21> Loading Config file system.cfg (system.cfg)
<18:17:21> [Error] [CVARS]: [IGNORED CHANGE] variable [sys_version] from [] to [1.1.0.000.200116]; Marked as [VF_CHEAT]
<18:17:21> OnSysSpecChange(1)
<18:17:21> [Error] [CVARS]: [IGNORED CHANGE] variable [sys_asserts] from [0] to [0]; Marked as [VF_CHEAT]
<18:17:21> GameDir: DATA
<18:17:21> <ThreadConfigInfo>: Thread profile loaded: "pc_8" (config/engine_core.thread_config)  
<18:17:21> Windows 10 64 bit (build 10.0.19043)
<18:17:21> System language: English
<18:17:21> Windows Directory: "C:\Windows"
<18:17:21> Local time is 18:17:21 08/24/21, system running for 140 minutes
<18:17:21> 16333MB physical memory installed, 8684MB available, 134217727MB virtual memory installed, 46 percent of memory in use
<18:17:21> PageFile usage: 76MB, Working Set: 88MB, Peak PageFile usage: 76MB,
<18:17:21> Current display mode is 2560x1440x32, (Unknown graphics card)
<18:17:21> IBM enhanced (101/102-key) keyboard and 16+ button mouse installed
<18:17:21> --------------------------------------------------------------------------------
<18:17:21> OnSysSpecChange(1)
<18:17:21> Loading Config file LowSpec.cfg (data\config\lowspec.cfg)
<18:17:21> [Error] [CVARS]: [MISSING] [e_DynamicLightsMaxEntityLights] is not a registered console variable; referenced when testing console variable group [sys_spec_shading] = [1]
<18:17:21> [Error] [CVARS]: [MISSING] [e_SkyUpdateRate] is not a registered console variable; referenced when testing console variable group [sys_spec_shading] = [1]
<18:17:21> [Error] [CVARS]: [MISSING] [e_svoTI_Apply] is not a registered console variable; referenced when testing console variable group [sys_spec_shading] = [1]
<18:17:21> [Error] [CVARS]: [MISSING] [e_svoTI_RsmConeMaxLength] is not a registered console variable; referenced when testing console variable group [sys_spec_shading] = [1]
<18:17:21> [Error] [CVARS]: [MISSING] [e_svoTI_RsmUseColors] is not a registered console variable; referenced when testing console variable group [sys_spec_shading] = [1]
<18:17:21> [Error] [CVARS]: [MISSING] [e_svoTi_Active] is not a registered console variable; referenced when testing console variable group [sys_spec_shading] = [1]
<18:17:21> [Error] [CVARS]: [MISSING] [e_svoti_LowSpecMode] is not a registered console variable; referenced when testing console variable group [sys_spec_shading] = [1]
<18:17:21> [Error] [CVARS]: [MISSING] [e_LightVolumes] is not a registered console variable; referenced when testing console variable group [sys_spec_shading] = [1]
<18:17:21> [Error] [CVARS]: [MISSING] [e_VegetationUseTerrainColor] is not a registered console variable; referenced when testing console variable group [sys_spec_shading] = [1]
<18:17:21> Loading Config file game.cfg (data\game.cfg)
<18:17:21> [Warning] [CVARS]: [CHANGED] variable [sys_asserts] from [0] to [0]; Marked as [VF_CHEAT]
<18:17:21> [Warning] Modifying marked variables will not be allowed in Release mode!
<18:17:21> Stream Engine Initialization
<18:17:21> GameName: Pandemic Express
<18:17:21> BuildTime: Oct 13 2019 19:15:33
<18:17:21> Physics initialization
<18:17:21> Localized language content(english) not available or modified from the original installation.
<18:17:21> Localized language content(english) not available or modified from the original installation.
<18:17:21> Localized language content(english) not available or modified from the original installation.
<18:17:21> <Audio>: AudioSystem initialization
<18:17:21> <Audio> <0.310>: CryAudioImplWwise loaded
<18:17:22> Renderer initialization
<18:17:22> Logging video adapters:
<18:17:23> - NVIDIA GeForce RTX 3070 (vendor = 0x10de, device = 0x2484)
<18:17:23>   - Adapter index: 0
<18:17:23>   - Dedicated video memory: 8043 MB
<18:17:23>   - Feature level: DX11 (SM 5.0)
<18:17:23>   - Displays connected: yes
<18:17:23>   - Suitable rendering device: yes
<18:17:23> - Microsoft Basic Render Driver (vendor = 0x1414, device = 0x008c)
<18:17:23>   - Adapter index: 1
<18:17:23>   - Dedicated video memory: 0 MB
<18:17:23>   - Feature level: DX11 (SM 5.0)
<18:17:23>   - Displays connected: no
<18:17:23>   - Suitable rendering device: no
<18:17:23> Active GPUs: 1
<18:17:24> [Renderer] A display device has been connected to the system
<18:17:24> Loading plugin CryDefaultEntities
<18:17:24> Loading plugin CrySchematycCore
<18:17:24> DLL Failed to load, error code: 7E
<18:17:24> Loading plugin CrySchematycSTDEnv
<18:17:24> DLL Failed to load, error code: 7E
<18:17:24> Loading plugin CrySensorSystem
<18:17:24> DLL Failed to load, error code: 7E
<18:17:24> Loading extension file cryplugin.csv
<18:17:24> Loading plugin ProcAnRandGenerator.dll
<18:17:24> Loading plugin PlayFab.dll
<18:17:24> Loading plugin CEVPlayer.dll
<18:17:25> Font initialization
<18:17:25> Using FreeType 2.5.5
<18:17:26> Network initialization
<18:17:26> [net] Socket IO management: External [iocp], Internal [iocp]
<18:17:26> network hostname: DESKTOP-GKEDPQ6
<18:17:26>   ip:26.90.194.210
<18:17:26>   ip:192.168.20.17
<18:17:26> [Network Version]: PROFILE DEVELOPMENT BUILD
<18:17:26> MovieSystem initialization
<18:17:26> Console initialization
<18:17:26> Time initialization
<18:17:26> Input initialization
<18:17:26> AI initialization
<18:17:26>  
<18:17:26>     con_debug = 0 []
<18:17:26>     con_display_last_messages = 0 []
<18:17:26>     con_line_buffer_size = 1000 []
<18:17:26>     con_restricted = 0 [RESTRICTEDMODE]
<18:17:26>     con_showonload = 0 []
<18:17:26>  
<18:17:26>     con_debug = 0 []
<18:17:26>     con_display_last_messages = 0 []
<18:17:26>     con_line_buffer_size = 1000 []
<18:17:26>     con_restricted = 0 [RESTRICTEDMODE]
<18:17:26>     con_showonload = 0 []
<18:17:26>  
<18:17:26>     con_debug = 0 []
<18:17:26>  
<18:17:26>     con_debug = 0 []
<18:17:26> Initializing Animation System
<18:17:26> Initializing 3D Engine
<18:17:26> Script System Initialization
<18:17:26> Entity system initialization
<18:17:26> Initializing AI System
<18:17:26> Initializing additional systems
<18:17:26> Dynamic Response System initialization
<18:17:26> DLL Failed to load, error code: 7E
<18:17:26> No Dynamic Response System was loaded from a module, will use the NULL implementation.
<18:17:27> [Steam] Steam API initialized successfully
<18:17:27> <ThreadConfigInfo>: [XML Parsing] Thread with name "Main" already loaded. Overriding with new configuration
<18:17:27> <ThreadConfigInfo>: [XML Parsing] Thread with name "Network" already loaded. Overriding with new configuration
<18:17:27> <ThreadConfigInfo>: [XML Parsing] Thread with name "NetworkStallTicker" already loaded. Overriding with new configuration
<18:17:27> <ThreadConfigInfo>: [XML Parsing] Thread with name "ZLibCompressor" already loaded. Overriding with new configuration
<18:17:27> <ThreadConfigInfo>: [XML Parsing] Thread with name "NetworkStallTicker" already loaded. Overriding with new configuration
<18:17:27> <ThreadConfigInfo>: [XML Parsing] Thread with name "ZLibCompressor" already loaded. Overriding with new configuration
<18:17:27> <ThreadConfigInfo>: [XML Parsing] Thread with name "TelemetryCopier" already loaded. Overriding with new configuration
<18:17:27> <ThreadConfigInfo>: [XML Parsing] Thread with name "StatsAgent" already loaded. Overriding with new configuration
<18:17:27> <ThreadConfigInfo>: Thread profile loaded: "pc_8" (config/game.thread_config)  
<18:17:27> Initializing default materials...
<18:17:33> [MFX] Loading FXLib 'breakables' ...
<18:17:33> [MFX] Loading FXLib 'collisions' ...
<18:17:33> [MFX] Loading FXLib 'foley' ...
<18:17:33> [MFX] Loading FXLib 'foley_grunt' ...
<18:17:33> [MFX] Loading FXLib 'foley_player' ...
<18:17:33> [MFX] Loading FXLib 'footstep_grunt' ...
<18:17:33> [MFX] Loading FXLib 'footstep_player' ...
<18:17:33> [MFX] Loading FXLib 'footsteps' ...
<18:17:33> [MFX] Loading FXLib 'grenade' ...
<18:17:33> [MFX] Loading FXLib 'melee' ...
<18:17:33> [MFX] Loading FXLib 'player_fx' ...
<18:17:33> [MFX] Loading FXLib 'projectiles' ...
<18:17:33> [MFX] Loading FXLib 'tornado' ...
<18:17:33> [MFX] Loading FXLib 'vegetation' ...
<18:17:33> [MFX] Loading FXLib 'vehicles' ...
<18:17:33> [MFX] Loading FXLib 'breakables' ...
<18:17:33> [MFX] Loading FXLib 'collisions' ...
<18:17:33> [MFX] Loading FXLib 'foley' ...
<18:17:33> [MFX] Loading FXLib 'foley_grunt' ...
<18:17:33> [MFX] Loading FXLib 'foley_player' ...
<18:17:33> [MFX] Loading FXLib 'footstep_grunt' ...
<18:17:33> [MFX] Loading FXLib 'footstep_player' ...
<18:17:33> [MFX] Loading FXLib 'footsteps' ...
<18:17:33> [MFX] Loading FXLib 'grenade' ...
<18:17:33> [MFX] Loading FXLib 'melee' ...
<18:17:33> [MFX] Loading FXLib 'player_fx' ...
<18:17:33> [MFX] Loading FXLib 'projectiles' ...
<18:17:33> [MFX] Loading FXLib 'tornado' ...
<18:17:33> [MFX] Loading FXLib 'vegetation' ...
<18:17:33> [MFX] Loading FXLib 'vehicles' ...
<18:17:33> Creating socket on port 2838
<18:17:33> CreateDatagramSocket c1
<18:17:33> CreateDatagramSocket c2
<18:21:20> BaseInput - Shutting down all force feedback
<18:21:20> ActionGame - Shutting down all force feedback
<18:21:20> CNetSyncSystem::~CNetSyncSystem & Crush?! packets_temp_bf(temp packet data buffs)
<18:21:21> System:Quit
