BackupNameAttachment=" Build(0) 19 Apr 22 (21 15 07)"  -- used by backup system
Log Started at Tue Apr 19 21:15:07 2022
Built on Oct 13 2019 19:15:33
Running 64 bit Windows version
Command Line: "E:\Games\Steam\steamapps\common\Pandemic Express\Bin/win_x64/PandemicExpress.exe"
Executable: E:\Games\Steam\steamapps\common\Pandemic Express\Bin\win_x64\PandemicExpress.exe
FileVersion: 1.0.0.0
ProductVersion: 1.0.0.0
Added MOD directory <%engineroot%/engine> to CryPak

Total number of logical processors: 12
Number of available logical processors: 12
Total number of system cores: 6
Number of cores available to process: 6
 
Processor 0:
  CPU: AMD AMD Ryzen 5 3600 6-Core Processor              
  Family: 15, Model: 1, Stepping: 0
  FPU: On-Chip
  Features: FP16, SSE, SSE2, SSE3, SSE4.2, AVX, AVX2, FMA3
  Serial number not present or disabled
 
Processor 1:
  CPU: AMD AMD Ryzen 5 3600 6-Core Processor              
  Family: 15, Model: 1, Stepping: 0
  FPU: On-Chip
  Features: FP16, SSE, SSE2, SSE3, SSE4.2, AVX, AVX2, FMA3
  Serial number not present or disabled
 
Processor 2:
  CPU: AMD AMD Ryzen 5 3600 6-Core Processor              
  Family: 15, Model: 1, Stepping: 0
  FPU: On-Chip
  Features: FP16, SSE, SSE2, SSE3, SSE4.2, AVX, AVX2, FMA3
  Serial number not present or disabled
 
Processor 3:
  CPU: AMD AMD Ryzen 5 3600 6-Core Processor              
  Family: 15, Model: 1, Stepping: 0
  FPU: On-Chip
  Features: FP16, SSE, SSE2, SSE3, SSE4.2, AVX, AVX2, FMA3
  Serial number not present or disabled
 
Processor 4:
  CPU: AMD AMD Ryzen 5 3600 6-Core Processor              
  Family: 15, Model: 1, Stepping: 0
  FPU: On-Chip
  Features: FP16, SSE, SSE2, SSE3, SSE4.2, AVX, AVX2, FMA3
  Serial number not present or disabled
 
Processor 5:
  CPU: AMD AMD Ryzen 5 3600 6-Core Processor              
  Family: 15, Model: 1, Stepping: 0
  FPU: On-Chip
  Features: FP16, SSE, SSE2, SSE3, SSE4.2, AVX, AVX2, FMA3
  Serial number not present or disabled
 
<21:15:07> Loading Config file system.cfg (system.cfg)
<21:15:07> [Error] [CVARS]: [IGNORED CHANGE] variable [sys_version] from [] to [1.1.0.000.200116]; Marked as [VF_CHEAT]
<21:15:07> OnSysSpecChange(1)
<21:15:07> [Error] [CVARS]: [IGNORED CHANGE] variable [sys_asserts] from [0] to [0]; Marked as [VF_CHEAT]
<21:15:07> GameDir: DATA
<21:15:07> <ThreadConfigInfo>: Thread profile loaded: "pc_8" (config/engine_core.thread_config)  
<21:15:07> Windows 10 64 bit (build 10.0.22000)
<21:15:07> System language: English
<21:15:07> Windows Directory: "C:\Windows"
<21:15:07> Local time is 21:15:07 04/19/22, system running for 1967 minutes
<21:15:07> 16336MB physical memory installed, 7835MB available, 134217727MB virtual memory installed, 52 percent of memory in use
<21:15:07> PageFile usage: 76MB, Working Set: 89MB, Peak PageFile usage: 76MB,
<21:15:07> Current display mode is 2560x1440x32, (Unknown graphics card)
<21:15:07> IBM enhanced (101/102-key) keyboard and 16+ button mouse installed
<21:15:07> --------------------------------------------------------------------------------
<21:15:07> OnSysSpecChange(1)
<21:15:07> Loading Config file LowSpec.cfg (data\config\lowspec.cfg)
<21:15:07> [Error] [CVARS]: [MISSING] [mfx_Timeout] is not a registered console variable; referenced when testing console variable group [sys_spec_gameeffects] = [1]
<21:15:07> [Error] [CVARS]: [MISSING] [ca_AttachmentCullingRation] is not a registered console variable; referenced when testing console variable group [sys_spec_objectdetail] = [1]
<21:15:07> [Error] [CVARS]: [MISSING] [e_DecalsLifeTimeScale] is not a registered console variable; referenced when testing console variable group [sys_spec_objectdetail] = [1]
<21:15:07> [Error] [CVARS]: [MISSING] [e_LodRatio] is not a registered console variable; referenced when testing console variable group [sys_spec_objectdetail] = [1]
<21:15:07> [Error] [CVARS]: [MISSING] [e_MaxViewDistSpecLerp] is not a registered console variable; referenced when testing console variable group [sys_spec_objectdetail] = [1]
<21:15:07> [Error] [CVARS]: [MISSING] [e_MaxViewDistance] is not a registered console variable; referenced when testing console variable group [sys_spec_objectdetail] = [1]
<21:15:07> [Error] [CVARS]: [MISSING] [e_ObjQuality] is not a registered console variable; referenced when testing console variable group [sys_spec_objectdetail] = [1]
<21:15:07> [Error] [CVARS]: [MISSING] [e_TerrainOcclusionCullingMaxDist] is not a registered console variable; referenced when testing console variable group [sys_spec_objectdetail] = [1]
<21:15:07> [Error] [CVARS]: [MISSING] [e_VegetationMinSize] is not a registered console variable; referenced when testing console variable group [sys_spec_objectdetail] = [1]
<21:15:07> [Error] [CVARS]: [MISSING] [e_ViewDistRatio] is not a registered console variable; referenced when testing console variable group [sys_spec_objectdetail] = [1]
<21:15:07> [Error] [CVARS]: [MISSING] [e_ViewDistRatioCustom] is not a registered console variable; referenced when testing console variable group [sys_spec_objectdetail] = [1]
<21:15:07> [Error] [CVARS]: [MISSING] [e_ViewDistRatioDetail] is not a registered console variable; referenced when testing console variable group [sys_spec_objectdetail] = [1]
<21:15:07> [Error] [CVARS]: [MISSING] [e_ViewDistRatioLights] is not a registered console variable; referenced when testing console variable group [sys_spec_objectdetail] = [1]
<21:15:07> [Error] [CVARS]: [MISSING] [e_ViewDistRatioVegetation] is not a registered console variable; referenced when testing console variable group [sys_spec_objectdetail] = [1]
<21:15:07> [Error] [CVARS]: [MISSING] [es_DebrisLifetimeScale] is not a registered console variable; referenced when testing console variable group [sys_spec_objectdetail] = [1]
<21:15:07> [Error] [CVARS]: [MISSING] [e_DecalsOverlapping] is not a registered console variable; referenced when testing console variable group [sys_spec_objectdetail] = [1]
<21:15:07> [Error] [CVARS]: [MISSING] [e_LodMin] is not a registered console variable; referenced when testing console variable group [sys_spec_objectdetail] = [1]
<21:15:07> [Error] [CVARS]: [MISSING] [e_MergedMeshesInstanceDist] is not a registered console variable; referenced when testing console variable group [sys_spec_objectdetail] = [1]
<21:15:07> [Error] [CVARS]: [MISSING] [e_MergedMeshesPool] is not a registered console variable; referenced when testing console variable group [sys_spec_objectdetail] = [1]
<21:15:07> [Error] [CVARS]: [MISSING] [e_OcclusionCullingViewDistRatio] is not a registered console variable; referenced when testing console variable group [sys_spec_objectdetail] = [1]
<21:15:07> [Error] [CVARS]: [MISSING] [e_TerrainLodRatio] is not a registered console variable; referenced when testing console variable group [sys_spec_objectdetail] = [1]
<21:15:07> [Error] [CVARS]: [MISSING] [e_Tessellation] is not a registered console variable; referenced when testing console variable group [sys_spec_objectdetail] = [1]
<21:15:07> [Error] [CVARS]: [MISSING] [e_ViewDistMin] is not a registered console variable; referenced when testing console variable group [sys_spec_objectdetail] = [1]
<21:15:07> [Error] [CVARS]: [MISSING] [e_ParticlesMaxScreenFill] is not a registered console variable; referenced when testing console variable group [sys_spec_particles] = [1]
<21:15:07> [Error] [CVARS]: [MISSING] [e_ParticlesMinDrawPixels] is not a registered console variable; referenced when testing console variable group [sys_spec_particles] = [1]
<21:15:07> [Error] [CVARS]: [MISSING] [e_ParticlesObjectCollisions] is not a registered console variable; referenced when testing console variable group [sys_spec_particles] = [1]
<21:15:07> [Error] [CVARS]: [MISSING] [e_ParticlesQuality] is not a registered console variable; referenced when testing console variable group [sys_spec_particles] = [1]
<21:15:07> [Error] [CVARS]: [MISSING] [e_ParticlesMotionBlur] is not a registered console variable; referenced when testing console variable group [sys_spec_particles] = [1]
<21:15:07> [Error] [CVARS]: [MISSING] [e_CullVegActivation] is not a registered console variable; referenced when testing console variable group [sys_spec_physics] = [1]
<21:15:07> [Error] [CVARS]: [MISSING] [e_FoliageWindActivationDist] is not a registered console variable; referenced when testing console variable group [sys_spec_physics] = [1]
<21:15:07> [Error] [CVARS]: [MISSING] [e_PhysOceanCell] is not a registered console variable; referenced when testing console variable group [sys_spec_physics] = [1]
<21:15:07> [Error] [CVARS]: [MISSING] [es_MaxPhysDist] is not a registered console variable; referenced when testing console variable group [sys_spec_physics] = [1]
<21:15:07> [Error] [CVARS]: [MISSING] [es_MaxPhysDistInvisible] is not a registered console variable; referenced when testing console variable group [sys_spec_physics] = [1]
<21:15:07> [Error] [CVARS]: [MISSING] [g_breakage_particles_limit] is not a registered console variable; referenced when testing console variable group [sys_spec_physics] = [1]
<21:15:07> [Error] [CVARS]: [MISSING] [g_tree_cut_reuse_dist] is not a registered console variable; referenced when testing console variable group [sys_spec_physics] = [1]
<21:15:07> [Error] [CVARS]: [MISSING] [p_max_MC_iters] is not a registered console variable; referenced when testing console variable group [sys_spec_physics] = [1]
<21:15:07> [Error] [CVARS]: [MISSING] [p_max_substeps] is not a registered console variable; referenced when testing console variable group [sys_spec_physics] = [1]
<21:15:07> [Error] [CVARS]: [MISSING] [e_PhysProxyTriLimit] is not a registered console variable; referenced when testing console variable group [sys_spec_physics] = [1]
<21:15:07> [Error] [CVARS]: [MISSING] [p_max_object_splashes] is not a registered console variable; referenced when testing console variable group [sys_spec_physics] = [1]
<21:15:07> [Error] [CVARS]: [MISSING] [p_max_substeps_large_group] is not a registered console variable; referenced when testing console variable group [sys_spec_physics] = [1]
<21:15:07> [Error] [CVARS]: [MISSING] [p_num_bodies_large_group] is not a registered console variable; referenced when testing console variable group [sys_spec_physics] = [1]
<21:15:07> [Error] [CVARS]: [MISSING] [p_splash_dist0] is not a registered console variable; referenced when testing console variable group [sys_spec_physics] = [1]
<21:15:07> [Error] [CVARS]: [MISSING] [p_splash_dist1] is not a registered console variable; referenced when testing console variable group [sys_spec_physics] = [1]
<21:15:07> [Error] [CVARS]: [MISSING] [p_splash_force0] is not a registered console variable; referenced when testing console variable group [sys_spec_physics] = [1]
<21:15:07> [Error] [CVARS]: [MISSING] [p_splash_force1] is not a registered console variable; referenced when testing console variable group [sys_spec_physics] = [1]
<21:15:07> [Error] [CVARS]: [MISSING] [p_splash_vel0] is not a registered console variable; referenced when testing console variable group [sys_spec_physics] = [1]
<21:15:07> [Error] [CVARS]: [MISSING] [p_splash_vel1] is not a registered console variable; referenced when testing console variable group [sys_spec_physics] = [1]
<21:15:07> [Error] [CVARS]: [MISSING] [e_DynamicLightsMaxEntityLights] is not a registered console variable; referenced when testing console variable group [sys_spec_shading] = [1]
<21:15:07> [Error] [CVARS]: [MISSING] [e_SkyUpdateRate] is not a registered console variable; referenced when testing console variable group [sys_spec_shading] = [1]
<21:15:07> [Error] [CVARS]: [MISSING] [e_svoTI_Apply] is not a registered console variable; referenced when testing console variable group [sys_spec_shading] = [1]
<21:15:07> [Error] [CVARS]: [MISSING] [e_svoTI_RsmConeMaxLength] is not a registered console variable; referenced when testing console variable group [sys_spec_shading] = [1]
<21:15:07> [Error] [CVARS]: [MISSING] [e_svoTI_RsmUseColors] is not a registered console variable; referenced when testing console variable group [sys_spec_shading] = [1]
<21:15:07> [Error] [CVARS]: [MISSING] [e_svoTi_Active] is not a registered console variable; referenced when testing console variable group [sys_spec_shading] = [1]
<21:15:07> [Error] [CVARS]: [MISSING] [e_svoti_LowSpecMode] is not a registered console variable; referenced when testing console variable group [sys_spec_shading] = [1]
<21:15:07> [Error] [CVARS]: [MISSING] [e_LightVolumes] is not a registered console variable; referenced when testing console variable group [sys_spec_shading] = [1]
<21:15:07> [Error] [CVARS]: [MISSING] [e_VegetationUseTerrainColor] is not a registered console variable; referenced when testing console variable group [sys_spec_shading] = [1]
<21:15:07> [Error] [CVARS]: [MISSING] [e_GsmLodsNum] is not a registered console variable; referenced when testing console variable group [sys_spec_shadows] = [1]
<21:15:07> [Error] [CVARS]: [MISSING] [e_GsmRange] is not a registered console variable; referenced when testing console variable group [sys_spec_shadows] = [1]
<21:15:07> [Error] [CVARS]: [MISSING] [e_ObjShadowCastSpec] is not a registered console variable; referenced when testing console variable group [sys_spec_shadows] = [1]
<21:15:07> [Error] [CVARS]: [MISSING] [e_ParticlesShadows] is not a registered console variable; referenced when testing console variable group [sys_spec_shadows] = [1]
<21:15:07> [Error] [CVARS]: [MISSING] [e_Shadows] is not a registered console variable; referenced when testing console variable group [sys_spec_shadows] = [1]
<21:15:07> [Error] [CVARS]: [MISSING] [e_ShadowsBlendCascades] is not a registered console variable; referenced when testing console variable group [sys_spec_shadows] = [1]
<21:15:07> [Error] [CVARS]: [MISSING] [e_ShadowsCastViewDistRatio] is not a registered console variable; referenced when testing console variable group [sys_spec_shadows] = [1]
<21:15:07> [Error] [CVARS]: [MISSING] [e_ShadowsLodBiasFixed] is not a registered console variable; referenced when testing console variable group [sys_spec_shadows] = [1]
<21:15:07> [Error] [CVARS]: [MISSING] [e_ShadowsMaxTexRes] is not a registered console variable; referenced when testing console variable group [sys_spec_shadows] = [1]
<21:15:07> [Error] [CVARS]: [MISSING] [e_ShadowsPoolSize] is not a registered console variable; referenced when testing console variable group [sys_spec_shadows] = [1]
<21:15:07> [Error] [CVARS]: [MISSING] [e_ShadowsResScale] is not a registered console variable; referenced when testing console variable group [sys_spec_shadows] = [1]
<21:15:07> [Error] [CVARS]: [MISSING] [e_ShadowsTessellateCascades] is not a registered console variable; referenced when testing console variable group [sys_spec_shadows] = [1]
<21:15:07> [Error] [CVARS]: [MISSING] [e_ShadowsTessellateDLights] is not a registered console variable; referenced when testing console variable group [sys_spec_shadows] = [1]
<21:15:07> [Error] [CVARS]: [MISSING] [e_ShadowsUpdateViewDistRatio] is not a registered console variable; referenced when testing console variable group [sys_spec_shadows] = [1]
<21:15:07> [Error] [CVARS]: [MISSING] [e_VolumetricFog] is not a registered console variable; referenced when testing console variable group [sys_spec_volumetriceffects] = [1]
<21:15:07> [Error] [CVARS]: [MISSING] [e_fog] is not a registered console variable; referenced when testing console variable group [sys_spec_volumetriceffects] = [1]
<21:15:07> [Error] [CVARS]: [MISSING] [e_Clouds] is not a registered console variable; referenced when testing console variable group [sys_spec_volumetriceffects] = [1]
<21:15:07> [Error] [CVARS]: [MISSING] [e_WaterOceanFFT] is not a registered console variable; referenced when testing console variable group [sys_spec_water] = [1]
<21:15:07> [Error] [CVARS]: [MISSING] [e_WaterTessellationAmount] is not a registered console variable; referenced when testing console variable group [sys_spec_water] = [1]
<21:15:07> [Error] [CVARS]: [MISSING] [e_WaterTessellationAmountX] is not a registered console variable; referenced when testing console variable group [sys_spec_water] = [1]
<21:15:07> [Error] [CVARS]: [MISSING] [e_WaterTessellationAmountY] is not a registered console variable; referenced when testing console variable group [sys_spec_water] = [1]
<21:15:07> [Error] [CVARS]: [MISSING] [e_WaterTessellationSwathWidth] is not a registered console variable; referenced when testing console variable group [sys_spec_water] = [1]
<21:15:07> Loading Config file game.cfg (data\game.cfg)
<21:15:07> [Warning] [CVARS]: [CHANGED] variable [sys_asserts] from [0] to [0]; Marked as [VF_CHEAT]
<21:15:07> [Warning] Modifying marked variables will not be allowed in Release mode!
<21:15:07> Stream Engine Initialization
<21:15:07> GameName: Pandemic Express
<21:15:07> BuildTime: Oct 13 2019 19:15:33
<21:15:07> Physics initialization
<21:15:07> Localized language content(english) not available or modified from the original installation.
<21:15:07> Localized language content(english) not available or modified from the original installation.
<21:15:07> Localized language content(english) not available or modified from the original installation.
<21:15:07> <Audio>: AudioSystem initialization
<21:15:07> <Audio> <0.354>: CryAudioImplWwise loaded
<21:15:09> Renderer initialization
<21:15:09> Logging video adapters:
<21:15:09> - NVIDIA GeForce RTX 3070 (vendor = 0x10de, device = 0x2484)
<21:15:09>   - Adapter index: 0
<21:15:09>   - Dedicated video memory: 8043 MB
<21:15:09>   - Feature level: DX11 (SM 5.0)
<21:15:09>   - Displays connected: yes
<21:15:09>   - Suitable rendering device: yes
<21:15:09> - Microsoft Basic Render Driver (vendor = 0x1414, device = 0x008c)
<21:15:09>   - Adapter index: 1
<21:15:09>   - Dedicated video memory: 0 MB
<21:15:09>   - Feature level: DX11 (SM 5.0)
<21:15:09>   - Displays connected: no
<21:15:09>   - Suitable rendering device: no
<21:15:09> Active GPUs: 1
<21:15:10> [Renderer] A display device has been connected to the system
<21:15:10> Loading plugin CryDefaultEntities
<21:15:10> Loading plugin CrySchematycCore
<21:15:10> DLL Failed to load, error code: 7E
<21:15:10> Loading plugin CrySchematycSTDEnv
<21:15:10> DLL Failed to load, error code: 7E
<21:15:10> Loading plugin CrySensorSystem
<21:15:10> DLL Failed to load, error code: 7E
<21:15:10> Loading extension file cryplugin.csv
<21:15:10> Loading plugin ProcAnRandGenerator.dll
<21:15:10> Loading plugin PlayFab.dll
<21:15:10> Loading plugin CEVPlayer.dll
<21:15:11> Font initialization
<21:15:11> Using FreeType 2.5.5
<21:15:12> Network initialization
<21:15:12> [net] Socket IO management: External [iocp], Internal [iocp]
<21:15:12> network hostname: jasper-pc
<21:15:12>   ip:26.133.86.13
<21:15:12>   ip:192.168.20.15
<21:15:12> [Network Version]: PROFILE DEVELOPMENT BUILD
<21:15:12> MovieSystem initialization
<21:15:12> Console initialization
<21:15:12> Time initialization
<21:15:12> Input initialization
<21:15:12> AI initialization
<21:15:12>  
<21:15:12>     con_debug = 0 []
<21:15:12>     con_display_last_messages = 0 []
<21:15:12>     con_line_buffer_size = 1000 []
<21:15:12>     con_restricted = 0 [RESTRICTEDMODE]
<21:15:12>     con_showonload = 0 []
<21:15:12>  
<21:15:12>     con_debug = 0 []
<21:15:12>     con_display_last_messages = 0 []
<21:15:12>     con_line_buffer_size = 1000 []
<21:15:12>     con_restricted = 0 [RESTRICTEDMODE]
<21:15:12>     con_showonload = 0 []
<21:15:12>  
<21:15:12>     con_debug = 0 []
<21:15:12>  
<21:15:12>     con_debug = 0 []
<21:15:12> Initializing Animation System
<21:15:12> Initializing 3D Engine
<21:15:12> Script System Initialization
<21:15:12> Entity system initialization
<21:15:12> Initializing AI System
<21:15:12> Initializing additional systems
<21:15:12> Dynamic Response System initialization
<21:15:12> DLL Failed to load, error code: 7E
<21:15:12> No Dynamic Response System was loaded from a module, will use the NULL implementation.
<21:15:12> [Steam] Steam API initialized successfully
<21:15:13> <ThreadConfigInfo>: [XML Parsing] Thread with name "Main" already loaded. Overriding with new configuration
<21:15:13> <ThreadConfigInfo>: [XML Parsing] Thread with name "Network" already loaded. Overriding with new configuration
<21:15:13> <ThreadConfigInfo>: [XML Parsing] Thread with name "NetworkStallTicker" already loaded. Overriding with new configuration
<21:15:13> <ThreadConfigInfo>: [XML Parsing] Thread with name "ZLibCompressor" already loaded. Overriding with new configuration
<21:15:13> <ThreadConfigInfo>: [XML Parsing] Thread with name "NetworkStallTicker" already loaded. Overriding with new configuration
<21:15:13> <ThreadConfigInfo>: [XML Parsing] Thread with name "ZLibCompressor" already loaded. Overriding with new configuration
<21:15:13> <ThreadConfigInfo>: [XML Parsing] Thread with name "TelemetryCopier" already loaded. Overriding with new configuration
<21:15:13> <ThreadConfigInfo>: [XML Parsing] Thread with name "StatsAgent" already loaded. Overriding with new configuration
<21:15:13> <ThreadConfigInfo>: Thread profile loaded: "pc_8" (config/game.thread_config)  
<21:15:13> Initializing default materials...
<21:15:19> [MFX] Loading FXLib 'breakables' ...
<21:15:19> [MFX] Loading FXLib 'collisions' ...
<21:15:19> [MFX] Loading FXLib 'foley' ...
<21:15:19> [MFX] Loading FXLib 'foley_grunt' ...
<21:15:19> [MFX] Loading FXLib 'foley_player' ...
<21:15:19> [MFX] Loading FXLib 'footstep_grunt' ...
<21:15:19> [MFX] Loading FXLib 'footstep_player' ...
<21:15:19> [MFX] Loading FXLib 'footsteps' ...
<21:15:19> [MFX] Loading FXLib 'grenade' ...
<21:15:19> [MFX] Loading FXLib 'melee' ...
<21:15:19> [MFX] Loading FXLib 'player_fx' ...
<21:15:19> [MFX] Loading FXLib 'projectiles' ...
<21:15:19> [MFX] Loading FXLib 'tornado' ...
<21:15:19> [MFX] Loading FXLib 'vegetation' ...
<21:15:19> [MFX] Loading FXLib 'vehicles' ...
<21:15:19> [MFX] Loading FXLib 'breakables' ...
<21:15:19> [MFX] Loading FXLib 'collisions' ...
<21:15:19> [MFX] Loading FXLib 'foley' ...
<21:15:19> [MFX] Loading FXLib 'foley_grunt' ...
<21:15:19> [MFX] Loading FXLib 'foley_player' ...
<21:15:19> [MFX] Loading FXLib 'footstep_grunt' ...
<21:15:19> [MFX] Loading FXLib 'footstep_player' ...
<21:15:19> [MFX] Loading FXLib 'footsteps' ...
<21:15:19> [MFX] Loading FXLib 'grenade' ...
<21:15:19> [MFX] Loading FXLib 'melee' ...
<21:15:19> [MFX] Loading FXLib 'player_fx' ...
<21:15:19> [MFX] Loading FXLib 'projectiles' ...
<21:15:19> [MFX] Loading FXLib 'tornado' ...
<21:15:19> [MFX] Loading FXLib 'vegetation' ...
<21:15:19> [MFX] Loading FXLib 'vehicles' ...
<21:15:19> Creating socket on port 2838
<21:15:19> CreateDatagramSocket c1
<21:15:19> CreateDatagramSocket c2
<21:15:44> CreateDatagramSocket c1
<21:15:46> Game rules class: InstantAction
<21:15:46> ============================ PrepareLevel Multiplayer/Purgatorium_Esc_Cw ============================
<21:16:28> CryAnimation: character-definition not found: objects/characters/human/sdk_player/sdk_player.cdf
<21:16:28> CryAnimation: character-definition not found: objects/characters/human/sdk_player/sdk_player.cdf
<21:16:28> CryAnimation: character-definition not found: objects/characters/human/sdk_player/sdk_player.cdf
<21:16:29> CryAnimation: character-definition not found: objects/characters/human/sdk_player/sdk_player.cdf
<21:16:29> CryAnimation: character-definition not found: objects/characters/human/sdk_player/sdk_player.cdf
<21:16:29> CryAnimation: character-definition not found: objects/characters/human/sdk_player/sdk_player.cdf
<21:16:29> CryAnimation: character-definition not found: objects/characters/human/sdk_player/sdk_player.cdf
<21:16:29> CryAnimation: character-definition not found: objects/characters/human/sdk_player/sdk_player.cdf
<21:16:29> CryAnimation: character-definition not found: objects/characters/human/sdk_player/sdk_player.cdf
<21:16:29> CryAnimation: character-definition not found: objects/characters/human/sdk_player/sdk_player.cdf
<21:16:29> CryAnimation: character-definition not found: objects/characters/human/sdk_player/sdk_player.cdf
<21:16:29> CryAnimation: character-definition not found: objects/characters/human/sdk_player/sdk_player.cdf
<21:16:29> CryAnimation: character-definition not found: objects/characters/human/sdk_player/sdk_player.cdf
<21:16:29> CryAnimation: character-definition not found: objects/characters/human/sdk_player/sdk_player.cdf
<21:16:29> CryAnimation: character-definition not found: objects/characters/human/sdk_player/sdk_player.cdf
<21:16:29> CryAnimation: character-definition not found: objects/characters/human/sdk_player/sdk_player.cdf
<21:16:29> CryAnimation: character-definition not found: objects/characters/human/sdk_player/sdk_player.cdf
<21:16:29> CryAnimation: character-definition not found: objects/characters/human/sdk_player/sdk_player.cdf
<21:16:29> CryAnimation: character-definition not found: objects/characters/human/sdk_player/sdk_player.cdf
<21:16:29> CryAnimation: character-definition not found: objects/characters/human/sdk_player/sdk_player.cdf
<21:16:29> CryAnimation: character-definition not found: objects/characters/human/sdk_player/sdk_player.cdf
<21:16:29> CryAnimation: character-definition not found: objects/characters/human/sdk_player/sdk_player.cdf
<21:16:29> CryAnimation: character-definition not found: objects/characters/human/sdk_player/sdk_player.cdf
<21:16:29> CryAnimation: character-definition not found: objects/characters/human/sdk_player/sdk_player.cdf
<21:16:32> CryAnimation: character-definition not found: objects/characters/human/sdk_player/sdk_player.cdf
<21:16:32> CryAnimation: character-definition not found: objects/characters/human/sdk_player/sdk_player.cdf
<21:16:32> CryAnimation: character-definition not found: objects/characters/human/sdk_player/sdk_player.cdf
<21:16:32> d_prerec_msg 
<21:16:34> PLAYERNAME Kornflakes
<21:16:35> CryAnimation: character-definition not found: objects/characters/man.cdf
<21:16:37> CryAnimation: character-definition not found: objects/characters/human/sdk_player/sdk_player.cdf
<21:16:37> CryAnimation: character-definition not found: objects/characters/human/sdk_player/sdk_player.cdf
<21:16:37> CryAnimation: character-definition not found: objects/characters/human/sdk_player/sdk_player.cdf
<21:16:55> ed_prerec_msg 
<21:17:07> d_prerec_msg 
<21:18:17> CryAnimation: character-definition not found: objects/characters/human/sdk_player/sdk_player.cdf
<21:18:17> CryAnimation: character-definition not found: objects/characters/human/sdk_player/sdk_player.cdf
<21:18:17> CryAnimation: character-definition not found: objects/characters/human/sdk_player/sdk_player.cdf
<21:18:20> st_used_prerec_msg 
<21:19:21> CryAnimation: character-definition not found: objects/characters/human/sdk_player/sdk_player.cdf
<21:19:21> CryAnimation: character-definition not found: objects/characters/human/sdk_player/sdk_player.cdf
<21:19:21> CryAnimation: character-definition not found: objects/characters/human/sdk_player/sdk_player.cdf
<21:19:26> CryAnimation: character-definition not found: objects/characters/human/sdk_player/sdk_player.cdf
<21:19:26> CryAnimation: character-definition not found: objects/characters/human/sdk_player/sdk_player.cdf
<21:19:26> CryAnimation: character-definition not found: objects/characters/human/sdk_player/sdk_player.cdf
<21:19:28> CryAnimation: character-definition not found: objects/characters/human/sdk_player/sdk_player.cdf
<21:19:28> CryAnimation: character-definition not found: objects/characters/human/sdk_player/sdk_player.cdf
<21:19:28> CryAnimation: character-definition not found: objects/characters/human/sdk_player/sdk_player.cdf
<21:19:34> CryAnimation: character-definition not found: objects/characters/human/sdk_player/sdk_player.cdf
<21:19:34> CryAnimation: character-definition not found: objects/characters/human/sdk_player/sdk_player.cdf
<21:19:34> CryAnimation: character-definition not found: objects/characters/human/sdk_player/sdk_player.cdf
<21:19:34> ed_prerec_msg 
<21:19:36> CryAnimation: character-definition not found: objects/characters/human/sdk_player/sdk_player.cdf
<21:19:36> CryAnimation: character-definition not found: objects/characters/human/sdk_player/sdk_player.cdf
<21:19:36> CryAnimation: character-definition not found: objects/characters/human/sdk_player/sdk_player.cdf
<21:19:42> CryAnimation: character-definition not found: objects/characters/human/sdk_player/sdk_player.cdf
<21:19:42> CryAnimation: character-definition not found: objects/characters/human/sdk_player/sdk_player.cdf
<21:19:42> CryAnimation: character-definition not found: objects/characters/human/sdk_player/sdk_player.cdf
<21:19:44> CryAnimation: character-definition not found: objects/characters/human/sdk_player/sdk_player.cdf
<21:19:44> CryAnimation: character-definition not found: objects/characters/human/sdk_player/sdk_player.cdf
<21:19:44> CryAnimation: character-definition not found: objects/characters/human/sdk_player/sdk_player.cdf
<21:19:46> CryAnimation: character-definition not found: objects/characters/human/sdk_player/sdk_player.cdf
<21:19:46> CryAnimation: character-definition not found: objects/characters/human/sdk_player/sdk_player.cdf
<21:19:46> CryAnimation: character-definition not found: objects/characters/human/sdk_player/sdk_player.cdf
<21:19:47> CryAnimation: character-definition not found: objects/characters/human/sdk_player/sdk_player.cdf
<21:19:47> CryAnimation: character-definition not found: objects/characters/human/sdk_player/sdk_player.cdf
<21:19:47> CryAnimation: character-definition not found: objects/characters/human/sdk_player/sdk_player.cdf
<21:20:05> d_prerec_msg 
<21:20:08> ed_prerec_msg 
<21:20:08> d_prerec_msg 
<21:20:10> CryAnimation: character-definition not found: objects/characters/human/sdk_player/sdk_player.cdf
<21:20:10> CryAnimation: character-definition not found: objects/characters/human/sdk_player/sdk_player.cdf
<21:20:10> CryAnimation: character-definition not found: objects/characters/human/sdk_player/sdk_player.cdf
<21:20:10> d_prerec_msg 
<21:20:23> ast_used_prerec_msg 
<21:20:27> msg 
<21:20:27> ast_used_prerec_msg 
<21:20:32> d_prerec_msg 
<21:20:34> d_prerec_msg 
<21:20:34> d_prerec_msg 
<21:20:35> d_prerec_msg 
<21:20:36> d_prerec_msg 
<21:20:37> d_prerec_msg 
<21:20:46> sed_prerec_msg 
<21:20:48> st_used_prerec_msg 
<21:20:48> d_prerec_msg 
<21:20:50> sed_prerec_msg 
<21:20:51> sed_prerec_msg 
<21:20:53> sed_prerec_msg 
<21:20:55> sed_prerec_msg 
<21:20:55> _used_prerec_msg 
<21:21:02> sed_prerec_msg 
<21:21:07> sed_prerec_msg 
<21:21:10> used_prerec_msg 
<21:21:12> sed_prerec_msg 
<21:21:14> _used_prerec_msg 
<21:21:15> sed_prerec_msg 
<21:21:17> CryAnimation: character-definition not found: objects/characters/human/sdk_player/sdk_player.cdf
<21:21:17> CryAnimation: character-definition not found: objects/characters/human/sdk_player/sdk_player.cdf
<21:21:17> CryAnimation: character-definition not found: objects/characters/human/sdk_player/sdk_player.cdf
<21:21:28> CryAnimation: character-definition not found: objects/characters/human/sdk_player/sdk_player.cdf
<21:21:28> CryAnimation: character-definition not found: objects/characters/human/sdk_player/sdk_player.cdf
<21:21:28> CryAnimation: character-definition not found: objects/characters/human/sdk_player/sdk_player.cdf
<21:21:54> CHUDNv::showPickArmorGradient()
<21:21:59> CHUDNv::showPickArmorGradient()
<21:22:02> sed_prerec_msg 
<21:22:06> CHUDNv::showPickArmorGradient()
<21:22:08> CVehicleSeat::NetSetPassengerId c2
<21:22:08> CVehicleSeat::Enter called
<21:22:08> CVehicleSeat::Exit called
<21:22:08> CVehicleSeat::Exit called c2
<21:22:08> ClProcessLeave call
<21:22:10> CVehicleSeat::NetSetPassengerId c2
<21:22:10> CVehicleSeat::Enter called
<21:22:36> CVehicleSeat::Exit called
<21:22:36> CVehicleSeat::Exit called c2
<21:22:36> ClProcessLeave call
<21:23:07> CryAnimation: character-definition not found: objects/characters/human/sdk_player/sdk_player.cdf
<21:23:07> CryAnimation: character-definition not found: objects/characters/human/sdk_player/sdk_player.cdf
<21:23:07> CryAnimation: character-definition not found: objects/characters/human/sdk_player/sdk_player.cdf
<21:23:09> CVehicleSeat::NetSetPassengerId c2
<21:23:09> CVehicleSeat::Enter called
<21:23:12> CVehicleSeat::Exit called
<21:23:12> CVehicleSeat::Exit called c2
<21:23:12> ClProcessLeave call
<21:23:28> CHUDNv::showPickArmorGradient()
<21:23:42> ClReplDropOpen !params.r_openedDr
<21:24:04> CVehicleSeat::NetSetPassengerId c2
<21:24:04> CVehicleSeat::Enter called
<21:24:07> CVehicleSeat::Exit called
<21:24:07> CVehicleSeat::Exit called c2
<21:24:07> ClProcessLeave call
<21:24:09> ClReplDropOpen !params.r_openedDr
<21:24:10> CVehicleSeat::NetSetPassengerId c2
<21:24:10> CVehicleSeat::Enter called
<21:24:36> CVehicleSeat::NetSetPassengerId c2
<21:24:36> CVehicleSeat::Enter called
<21:24:36> CVehicleSeat::Exit called
<21:24:36> CVehicleSeat::Exit called c2
<21:24:36> ClProcessLeave call
<21:24:38> ClReplDropOpen !params.r_openedDr
<21:24:39> CVehicleSeat::NetSetPassengerId c2
<21:24:39> CVehicleSeat::Enter called
<21:24:51> CVehicleSeat::Exit called
<21:24:51> CVehicleSeat::Exit called c2
<21:24:51> ClProcessLeave call
<21:24:51> CVehicleSeat::Exit called
<21:24:51> CVehicleSeat::Exit called c2
<21:24:51> ClProcessLeave call
<21:25:03> ClReplDropOpen !params.r_openedDr
<21:25:23> ClReplDropOpen !params.r_openedDr
<21:25:29> CryAnimation: character-definition not found: objects/characters/human/sdk_player/sdk_player.cdf
<21:25:29> CryAnimation: character-definition not found: objects/characters/human/sdk_player/sdk_player.cdf
<21:25:29> CryAnimation: character-definition not found: objects/characters/human/sdk_player/sdk_player.cdf
<21:25:29> CVehicleSeat::NetSetPassengerId c2
<21:25:29> CVehicleSeat::Enter called
<21:25:32> CVehicleSeat::NetSetPassengerId c2
<21:25:32> CVehicleSeat::Enter called
<21:25:33> CVehicleSeat::Exit called
<21:25:33> CVehicleSeat::Exit called c2
<21:25:33> ClProcessLeave call
<21:25:33> CVehicleSeat::NetSetPassengerId c2
<21:25:33> CVehicleSeat::Enter called
<21:25:46> CryAnimation: character-definition not found: objects/characters/human/sdk_player/sdk_player.cdf
<21:25:46> CryAnimation: character-definition not found: objects/characters/human/sdk_player/sdk_player.cdf
<21:25:46> CryAnimation: character-definition not found: objects/characters/human/sdk_player/sdk_player.cdf
<21:25:51> CVehicleSeat::NetSetPassengerId c2
<21:25:51> CVehicleSeat::Enter called
<21:25:53> CVehicleSeat::Exit called
<21:25:53> CVehicleSeat::Exit called c2
<21:25:53> ClProcessLeave call
<21:26:03> CVehicleSeat::Exit called
<21:26:03> CVehicleSeat::Exit called c2
<21:26:03> ClProcessLeave call
<21:26:06> CVehicleSeat::NetSetPassengerId c2
<21:26:06> CVehicleSeat::Enter called
<21:26:10> CVehicleSeat::Exit called
<21:26:10> CVehicleSeat::Exit called c2
<21:26:10> ClProcessLeave call
<21:26:13> CVehicleSeat::NetSetPassengerId c2
<21:26:13> CVehicleSeat::Enter called
<21:26:19> CryAnimation: character-definition not found: objects/characters/human/sdk_player/sdk_player.cdf
<21:26:19> CryAnimation: character-definition not found: objects/characters/human/sdk_player/sdk_player.cdf
<21:26:19> CryAnimation: character-definition not found: objects/characters/human/sdk_player/sdk_player.cdf
<21:26:27> CVehicleSeat::Exit called
<21:26:27> CVehicleSeat::Exit called c2
<21:26:27> ClProcessLeave call
<21:26:28> d_prerec_msg 
<21:26:31> CVehicleSeat::Exit called
<21:26:31> CVehicleSeat::Exit called c2
<21:26:31> ClProcessLeave call
<21:26:55> CryAnimation: character-definition not found: objects/characters/human/sdk_player/sdk_player.cdf
<21:26:55> CryAnimation: character-definition not found: objects/characters/human/sdk_player/sdk_player.cdf
<21:26:55> CryAnimation: character-definition not found: objects/characters/human/sdk_player/sdk_player.cdf
<21:27:45> CTrain::SmplPlaySnd train_gts
<21:28:01> CryAnimation: character-definition not found: objects/characters/human/sdk_player/sdk_player.cdf
<21:28:01> CryAnimation: character-definition not found: objects/characters/human/sdk_player/sdk_player.cdf
<21:28:01> CryAnimation: character-definition not found: objects/characters/human/sdk_player/sdk_player.cdf
<21:28:42> CHUDNv::showPickArmorGradient()
<21:28:51> CHUDNv::showPickArmorGradient()
<21:29:01> CVehicleSeat::NetSetPassengerId c2
<21:29:01> CVehicleSeat::Enter called
<21:29:15> CVehicleSeat::Exit called
<21:29:15> CVehicleSeat::Exit called c2
<21:29:15> ClProcessLeave call
<21:30:05> t_used_prerec_msg 
<21:30:07> t_used_prerec_msg 
<21:31:17> CTrain::SmplPlaySnd train_gts
<21:32:56> sed_prerec_msg 
<21:33:33> CTrain::SmplPlaySnd train_gts
<21:33:42> BaseInput - Shutting down all force feedback
<21:33:42> ActionGame - Shutting down all force feedback
<21:33:42> gEnv->pRenderer->Draw2dImage XXX
<21:33:45> CNetSyncSystem::~CNetSyncSystem & Crush?! packets_temp_bf(temp packet data buffs)
<21:33:45> remapped bone indices with refcount '4294967291' still around for 'zombiemodelnew/conserve_fp_nonmm.skin 0x000002701CE4CEB0
<21:33:45> remapped bone indices with refcount '4294967291' still around for 'objects/zhg_objects/characters/conserve/conserve_head.skin 0x000002701CE4CB90
<21:33:45> remapped bone indices with refcount '4294967289' still around for 'objects/characters/human/dude/source/pin_hands_sk.skin 0x00000270415530D0
<21:33:45> remapped bone indices with refcount '4294967289' still around for 'pants.skin 0x0000027041553710
<21:33:45> remapped bone indices with refcount '4294967289' still around for 'torso.skin 0x0000027041552450
<21:33:45> remapped bone indices with refcount '4294967289' still around for 'objects/zhg_objects/characters/sets/vanityset/vanityset_torso.skin 0x00000270427DF2B0
<21:33:45> remapped bone indices with refcount '4294967289' still around for 'objects/zhg_objects/characters/sets/vanityset/vanityset_torso.skin 0x00000270427DF8F0
<21:33:45> remapped bone indices with refcount '4294967289' still around for 'objects/zhg_objects/characters/sets/vanityset/vanityset_torso.skin 0x00000270427DEC70
<21:33:45> remapped bone indices with refcount '4294967289' still around for 'objects/zhg_objects/characters/sets/vanityset/vanityset_pants.skin 0x00000270427DDCD0
<21:33:45> remapped bone indices with refcount '4294967289' still around for 'objects/zhg_objects/characters/sets/vanityset/vanityset_pants.skin 0x00000270427DD690
<21:33:45> remapped bone indices with refcount '4294967289' still around for 'objects/zhg_objects/characters/sets/vanityset/vanityset_pants.skin 0x00000270427DE950
<21:33:45> remapped bone indices with refcount '4294967289' still around for 'objects/zhg_objects/characters/sets/vanityset/vanityset_head.skin 0x00000270427DEF90
<21:33:45> remapped bone indices with refcount '4294967289' still around for 'objects/zhg_objects/characters/sets/vanityset/vanityset_head.skin 0x00000270427FB290
<21:33:45> remapped bone indices with refcount '4294967289' still around for 'objects/zhg_objects/characters/sets/vanityset/vanityset_head.skin 0x00000270427FAF70
<21:33:45> remapped bone indices with refcount '4294967289' still around for 'objects/zhg_objects/characters/sets/safetyset/safetyset_head.skin 0x00000270427FAC50
<21:33:45> remapped bone indices with refcount '4294967289' still around for 'objects/zhg_objects/characters/sets/safetyset/safetyset_head.skin 0x00000270427F9990
<21:33:45> remapped bone indices with refcount '4294967289' still around for 'objects/zhg_objects/characters/sets/safetyset/safetyset_head.skin 0x00000270427F8D10
<21:33:45> remapped bone indices with refcount '4294967281' still around for 'objects/zhg_objects/characters/sets/rebellionset/rebellionset_torso.skin 0x00000270427F9670
<21:33:45> remapped bone indices with refcount '4294967281' still around for 'objects/zhg_objects/characters/sets/rebellionset/rebellionset_torso.skin 0x00000270427FA2F0
<21:33:45> remapped bone indices with refcount '4294967281' still around for 'objects/zhg_objects/characters/sets/rebellionset/rebellionset_torso.skin 0x00000270427F9030
<21:33:45> remapped bone indices with refcount '4294967289' still around for 'objects/zhg_objects/characters/sets/rebellionset/rebellionset_pants.skin 0x00000270427F9350
<21:33:45> remapped bone indices with refcount '4294967289' still around for 'objects/zhg_objects/characters/sets/rebellionset/rebellionset_pants.skin 0x00000270427FC550
<21:33:45> remapped bone indices with refcount '4294967289' still around for 'objects/zhg_objects/characters/sets/rebellionset/rebellionset_pants.skin 0x00000270427FA930
<21:33:45> remapped bone indices with refcount '4294967289' still around for 'objects/zhg_objects/characters/sets/rebellionset/rebellionset_head.skin 0x00000270427FBBF0
<21:33:45> remapped bone indices with refcount '4294967289' still around for 'objects/zhg_objects/characters/sets/rebellionset/rebellionset_head.skin 0x00000270427F89F0
<21:33:45> remapped bone indices with refcount '4294967289' still around for 'objects/zhg_objects/characters/sets/rebellionset/rebellionset_head.skin 0x00000270427FB5B0
<21:33:45> remapped bone indices with refcount '4294967289' still around for 'objects/zhg_objects/characters/sets/rebellionset/rebelliomset_hands.skin 0x00000270427FBF10
<21:33:45> remapped bone indices with refcount '4294967289' still around for 'objects/zhg_objects/characters/sets/rebellionset/rebelliomset_hands.skin 0x00000270427F9FD0
<21:33:45> remapped bone indices with refcount '4294967289' still around for 'objects/zhg_objects/characters/sets/rebellionset/rebelliomset_hands.skin 0x00000270427FB8D0
<21:33:45> remapped bone indices with refcount '4294967289' still around for 'objects/zhg_objects/characters/sets/rebellionset/rebelliomset_hands.skin 0x00000270427FC230
<21:33:45> remapped bone indices with refcount '4294967289' still around for 'objects/zhg_objects/characters/sets/loverset/loverset_torso.skin 0x00000270427F9CB0
<21:33:45> remapped bone indices with refcount '4294967289' still around for 'objects/zhg_objects/characters/sets/loverset/loverset_torso.skin 0x00000270427FA610
<21:33:45> remapped bone indices with refcount '4294967289' still around for 'objects/zhg_objects/characters/sets/loverset/loverset_torso.skin 0x00000270425953C0
<21:33:45> remapped bone indices with refcount '4294967289' still around for 'objects/zhg_objects/characters/sets/loverset/loverset_head.skin 0x00000270425969A0
<21:33:45> remapped bone indices with refcount '4294967289' still around for 'objects/zhg_objects/characters/sets/loverset/loverset_head.skin 0x0000027042596680
<21:33:45> remapped bone indices with refcount '4294967289' still around for 'objects/zhg_objects/characters/sets/loverset/loverset_head.skin 0x0000027042595D20
<21:33:45> remapped bone indices with refcount '4294967289' still around for 'objects/zhg_objects/characters/sets/leaderset/leaderset_torso.skin 0x0000027042596360
<21:33:45> remapped bone indices with refcount '4294967289' still around for 'objects/zhg_objects/characters/sets/leaderset/leaderset_torso.skin 0x00000270425950A0
<21:33:45> remapped bone indices with refcount '4294967289' still around for 'objects/zhg_objects/characters/sets/leaderset/leaderset_torso.skin 0x0000027042596040
<21:33:45> remapped bone indices with refcount '4294967289' still around for 'objects/zhg_objects/characters/sets/leaderset/leaderset_pants.skin 0x0000027042596CC0
<21:33:45> remapped bone indices with refcount '4294967289' still around for 'objects/zhg_objects/characters/sets/leaderset/leaderset_pants.skin 0x00000270425956E0
<21:33:45> remapped bone indices with refcount '4294967289' still around for 'objects/zhg_objects/characters/sets/leaderset/leaderset_pants.skin 0x0000027042595A00
<21:33:45> remapped bone indices with refcount '4294967289' still around for 'objects/zhg_objects/characters/sets/leaderset/leaderset_head.skin 0x0000027042430670
<21:33:45> remapped bone indices with refcount '4294967289' still around for 'objects/zhg_objects/characters/sets/leaderset/leaderset_head.skin 0x000002704242F6D0
<21:33:45> remapped bone indices with refcount '4294967289' still around for 'objects/zhg_objects/characters/sets/leaderset/leaderset_head.skin 0x0000027042430350
<21:33:45> remapped bone indices with refcount '4294967289' still around for 'objects/zhg_objects/characters/sets/hopefullset/hopefullset_torso.skin 0x000002704242F3B0
<21:33:45> remapped bone indices with refcount '4294967289' still around for 'objects/zhg_objects/characters/sets/hopefullset/hopefullset_torso.skin 0x000002704242F090
<21:33:45> remapped bone indices with refcount '4294967289' still around for 'objects/zhg_objects/characters/sets/hopefullset/hopefullset_torso.skin 0x000002704242FD10
<21:33:45> remapped bone indices with refcount '4294967289' still around for 'objects/zhg_objects/characters/sets/hopefullset/hopefullset_pants.skin 0x0000027042430030
<21:33:45> remapped bone indices with refcount '4294967289' still around for 'objects/zhg_objects/characters/sets/hopefullset/hopefullset_pants.skin 0x0000027042430CB0
<21:33:45> remapped bone indices with refcount '4294967289' still around for 'objects/zhg_objects/characters/sets/hopefullset/hopefullset_pants.skin 0x0000027042430990
<21:33:45> remapped bone indices with refcount '4294967289' still around for 'objects/zhg_objects/characters/sets/hopefullset/hopefullset_head.skin 0x000002704242F9F0
<21:33:45> remapped bone indices with refcount '4294967289' still around for 'objects/zhg_objects/characters/sets/hopefullset/hopefullset_head.skin 0x00000270417BB0A0
<21:33:45> remapped bone indices with refcount '4294967289' still around for 'objects/zhg_objects/characters/sets/hopefullset/hopefullset_head.skin 0x00000270417BCCC0
<21:33:45> remapped bone indices with refcount '4294967289' still around for 'objects/zhg_objects/characters/sets/doubtset/doubtset_head.skin 0x00000270417BB3C0
