BackupNameAttachment=" Build(0) 14 Jul 21 (14 12 50)"  -- used by backup system
Log Started at Wed Jul 14 14:12:50 2021
Built on Oct 13 2019 19:15:33
Running 64 bit Windows version
Command Line: "D:\Games\Steam\steamapps\common\Pandemic Express\Bin/win_x64/PandemicExpress.exe"
Executable: D:\Games\Steam\steamapps\common\Pandemic Express\Bin\win_x64\PandemicExpress.exe
FileVersion: 1.0.0.0
ProductVersion: 1.0.0.0
Added MOD directory <%engineroot%/engine> to CryPak

Total number of logical processors: 12
Number of available logical processors: 12
Total number of system cores: 6
Number of cores available to process: 6
 
Processor 0:
  CPU: AMD AMD Ryzen 5 3600 6-Core Processor              
  Family: 15, Model: 1, Stepping: 0
  FPU: On-Chip
  Features: FP16, SSE, SSE2, SSE3, SSE4.2, AVX, AVX2, FMA3
  Serial number not present or disabled
 
Processor 1:
  CPU: AMD AMD Ryzen 5 3600 6-Core Processor              
  Family: 15, Model: 1, Stepping: 0
  FPU: On-Chip
  Features: FP16, SSE, SSE2, SSE3, SSE4.2, AVX, AVX2, FMA3
  Serial number not present or disabled
 
Processor 2:
  CPU: AMD AMD Ryzen 5 3600 6-Core Processor              
  Family: 15, Model: 1, Stepping: 0
  FPU: On-Chip
  Features: FP16, SSE, SSE2, SSE3, SSE4.2, AVX, AVX2, FMA3
  Serial number not present or disabled
 
Processor 3:
  CPU: AMD AMD Ryzen 5 3600 6-Core Processor              
  Family: 15, Model: 1, Stepping: 0
  FPU: On-Chip
  Features: FP16, SSE, SSE2, SSE3, SSE4.2, AVX, AVX2, FMA3
  Serial number not present or disabled
 
Processor 4:
  CPU: AMD AMD Ryzen 5 3600 6-Core Processor              
  Family: 15, Model: 1, Stepping: 0
  FPU: On-Chip
  Features: FP16, SSE, SSE2, SSE3, SSE4.2, AVX, AVX2, FMA3
  Serial number not present or disabled
 
Processor 5:
  CPU: AMD AMD Ryzen 5 3600 6-Core Processor              
  Family: 15, Model: 1, Stepping: 0
  FPU: On-Chip
  Features: FP16, SSE, SSE2, SSE3, SSE4.2, AVX, AVX2, FMA3
  Serial number not present or disabled
 
<14:12:50> Loading Config file system.cfg (system.cfg)
<14:12:50> [Error] [CVARS]: [IGNORED CHANGE] variable [sys_version] from [] to [1.1.0.000.200116]; Marked as [VF_CHEAT]
<14:12:50> OnSysSpecChange(1)
<14:12:50> [Error] [CVARS]: [IGNORED CHANGE] variable [sys_asserts] from [0] to [0]; Marked as [VF_CHEAT]
<14:12:50> GameDir: DATA
<14:12:50> <ThreadConfigInfo>: Thread profile loaded: "pc_8" (config/engine_core.thread_config)  
<14:12:50> Windows 10 64 bit (build 10.0.19043)
<14:12:50> System language: English
<14:12:50> Windows Directory: "C:\Windows"
<14:12:50> Local time is 14:12:50 07/14/21, system running for 2953 minutes
<14:12:50> 16333MB physical memory installed, 9608MB available, 134217727MB virtual memory installed, 41 percent of memory in use
<14:12:50> PageFile usage: 76MB, Working Set: 88MB, Peak PageFile usage: 76MB,
<14:12:50> Current display mode is 2560x1440x32, (Unknown graphics card)
<14:12:50> IBM enhanced (101/102-key) keyboard and 16+ button mouse installed
<14:12:50> --------------------------------------------------------------------------------
<14:12:50> OnSysSpecChange(1)
<14:12:50> Loading Config file LowSpec.cfg (data\config\lowspec.cfg)
<14:12:50> [Error] [CVARS]: [MISSING] [mfx_Timeout] is not a registered console variable; referenced when testing console variable group [sys_spec_gameeffects] = [1]
<14:12:50> [Error] [CVARS]: [MISSING] [ca_AttachmentCullingRation] is not a registered console variable; referenced when testing console variable group [sys_spec_objectdetail] = [1]
<14:12:50> [Error] [CVARS]: [MISSING] [e_DecalsLifeTimeScale] is not a registered console variable; referenced when testing console variable group [sys_spec_objectdetail] = [1]
<14:12:50> [Error] [CVARS]: [MISSING] [e_LodRatio] is not a registered console variable; referenced when testing console variable group [sys_spec_objectdetail] = [1]
<14:12:50> [Error] [CVARS]: [MISSING] [e_MaxViewDistSpecLerp] is not a registered console variable; referenced when testing console variable group [sys_spec_objectdetail] = [1]
<14:12:50> [Error] [CVARS]: [MISSING] [e_MaxViewDistance] is not a registered console variable; referenced when testing console variable group [sys_spec_objectdetail] = [1]
<14:12:50> [Error] [CVARS]: [MISSING] [e_ObjQuality] is not a registered console variable; referenced when testing console variable group [sys_spec_objectdetail] = [1]
<14:12:50> [Error] [CVARS]: [MISSING] [e_TerrainOcclusionCullingMaxDist] is not a registered console variable; referenced when testing console variable group [sys_spec_objectdetail] = [1]
<14:12:50> [Error] [CVARS]: [MISSING] [e_VegetationMinSize] is not a registered console variable; referenced when testing console variable group [sys_spec_objectdetail] = [1]
<14:12:50> [Error] [CVARS]: [MISSING] [e_ViewDistRatio] is not a registered console variable; referenced when testing console variable group [sys_spec_objectdetail] = [1]
<14:12:50> [Error] [CVARS]: [MISSING] [e_ViewDistRatioCustom] is not a registered console variable; referenced when testing console variable group [sys_spec_objectdetail] = [1]
<14:12:50> [Error] [CVARS]: [MISSING] [e_ViewDistRatioDetail] is not a registered console variable; referenced when testing console variable group [sys_spec_objectdetail] = [1]
<14:12:50> [Error] [CVARS]: [MISSING] [e_ViewDistRatioLights] is not a registered console variable; referenced when testing console variable group [sys_spec_objectdetail] = [1]
<14:12:50> [Error] [CVARS]: [MISSING] [e_ViewDistRatioVegetation] is not a registered console variable; referenced when testing console variable group [sys_spec_objectdetail] = [1]
<14:12:50> [Error] [CVARS]: [MISSING] [es_DebrisLifetimeScale] is not a registered console variable; referenced when testing console variable group [sys_spec_objectdetail] = [1]
<14:12:50> [Error] [CVARS]: [MISSING] [e_DecalsOverlapping] is not a registered console variable; referenced when testing console variable group [sys_spec_objectdetail] = [1]
<14:12:50> [Error] [CVARS]: [MISSING] [e_LodMin] is not a registered console variable; referenced when testing console variable group [sys_spec_objectdetail] = [1]
<14:12:50> [Error] [CVARS]: [MISSING] [e_MergedMeshesInstanceDist] is not a registered console variable; referenced when testing console variable group [sys_spec_objectdetail] = [1]
<14:12:50> [Error] [CVARS]: [MISSING] [e_MergedMeshesPool] is not a registered console variable; referenced when testing console variable group [sys_spec_objectdetail] = [1]
<14:12:50> [Error] [CVARS]: [MISSING] [e_OcclusionCullingViewDistRatio] is not a registered console variable; referenced when testing console variable group [sys_spec_objectdetail] = [1]
<14:12:50> [Error] [CVARS]: [MISSING] [e_TerrainLodRatio] is not a registered console variable; referenced when testing console variable group [sys_spec_objectdetail] = [1]
<14:12:50> [Error] [CVARS]: [MISSING] [e_Tessellation] is not a registered console variable; referenced when testing console variable group [sys_spec_objectdetail] = [1]
<14:12:50> [Error] [CVARS]: [MISSING] [e_ViewDistMin] is not a registered console variable; referenced when testing console variable group [sys_spec_objectdetail] = [1]
<14:12:50> [Error] [CVARS]: [MISSING] [e_ParticlesMaxScreenFill] is not a registered console variable; referenced when testing console variable group [sys_spec_particles] = [1]
<14:12:50> [Error] [CVARS]: [MISSING] [e_ParticlesMinDrawPixels] is not a registered console variable; referenced when testing console variable group [sys_spec_particles] = [1]
<14:12:50> [Error] [CVARS]: [MISSING] [e_ParticlesObjectCollisions] is not a registered console variable; referenced when testing console variable group [sys_spec_particles] = [1]
<14:12:50> [Error] [CVARS]: [MISSING] [e_ParticlesQuality] is not a registered console variable; referenced when testing console variable group [sys_spec_particles] = [1]
<14:12:50> [Error] [CVARS]: [MISSING] [e_ParticlesMotionBlur] is not a registered console variable; referenced when testing console variable group [sys_spec_particles] = [1]
<14:12:50> [Error] [CVARS]: [MISSING] [e_CullVegActivation] is not a registered console variable; referenced when testing console variable group [sys_spec_physics] = [1]
<14:12:50> [Error] [CVARS]: [MISSING] [e_FoliageWindActivationDist] is not a registered console variable; referenced when testing console variable group [sys_spec_physics] = [1]
<14:12:50> [Error] [CVARS]: [MISSING] [e_PhysOceanCell] is not a registered console variable; referenced when testing console variable group [sys_spec_physics] = [1]
<14:12:50> [Error] [CVARS]: [MISSING] [es_MaxPhysDist] is not a registered console variable; referenced when testing console variable group [sys_spec_physics] = [1]
<14:12:50> [Error] [CVARS]: [MISSING] [es_MaxPhysDistInvisible] is not a registered console variable; referenced when testing console variable group [sys_spec_physics] = [1]
<14:12:50> [Error] [CVARS]: [MISSING] [g_breakage_particles_limit] is not a registered console variable; referenced when testing console variable group [sys_spec_physics] = [1]
<14:12:50> [Error] [CVARS]: [MISSING] [g_tree_cut_reuse_dist] is not a registered console variable; referenced when testing console variable group [sys_spec_physics] = [1]
<14:12:50> [Error] [CVARS]: [MISSING] [p_max_MC_iters] is not a registered console variable; referenced when testing console variable group [sys_spec_physics] = [1]
<14:12:50> [Error] [CVARS]: [MISSING] [p_max_substeps] is not a registered console variable; referenced when testing console variable group [sys_spec_physics] = [1]
<14:12:50> [Error] [CVARS]: [MISSING] [e_PhysProxyTriLimit] is not a registered console variable; referenced when testing console variable group [sys_spec_physics] = [1]
<14:12:50> [Error] [CVARS]: [MISSING] [p_max_object_splashes] is not a registered console variable; referenced when testing console variable group [sys_spec_physics] = [1]
<14:12:50> [Error] [CVARS]: [MISSING] [p_max_substeps_large_group] is not a registered console variable; referenced when testing console variable group [sys_spec_physics] = [1]
<14:12:50> [Error] [CVARS]: [MISSING] [p_num_bodies_large_group] is not a registered console variable; referenced when testing console variable group [sys_spec_physics] = [1]
<14:12:50> [Error] [CVARS]: [MISSING] [p_splash_dist0] is not a registered console variable; referenced when testing console variable group [sys_spec_physics] = [1]
<14:12:50> [Error] [CVARS]: [MISSING] [p_splash_dist1] is not a registered console variable; referenced when testing console variable group [sys_spec_physics] = [1]
<14:12:50> [Error] [CVARS]: [MISSING] [p_splash_force0] is not a registered console variable; referenced when testing console variable group [sys_spec_physics] = [1]
<14:12:50> [Error] [CVARS]: [MISSING] [p_splash_force1] is not a registered console variable; referenced when testing console variable group [sys_spec_physics] = [1]
<14:12:50> [Error] [CVARS]: [MISSING] [p_splash_vel0] is not a registered console variable; referenced when testing console variable group [sys_spec_physics] = [1]
<14:12:50> [Error] [CVARS]: [MISSING] [p_splash_vel1] is not a registered console variable; referenced when testing console variable group [sys_spec_physics] = [1]
<14:12:50> [Error] [CVARS]: [MISSING] [e_DynamicLightsMaxEntityLights] is not a registered console variable; referenced when testing console variable group [sys_spec_shading] = [1]
<14:12:50> [Error] [CVARS]: [MISSING] [e_SkyUpdateRate] is not a registered console variable; referenced when testing console variable group [sys_spec_shading] = [1]
<14:12:50> [Error] [CVARS]: [MISSING] [e_svoTI_Apply] is not a registered console variable; referenced when testing console variable group [sys_spec_shading] = [1]
<14:12:50> [Error] [CVARS]: [MISSING] [e_svoTI_RsmConeMaxLength] is not a registered console variable; referenced when testing console variable group [sys_spec_shading] = [1]
<14:12:50> [Error] [CVARS]: [MISSING] [e_svoTI_RsmUseColors] is not a registered console variable; referenced when testing console variable group [sys_spec_shading] = [1]
<14:12:50> [Error] [CVARS]: [MISSING] [e_svoTi_Active] is not a registered console variable; referenced when testing console variable group [sys_spec_shading] = [1]
<14:12:50> [Error] [CVARS]: [MISSING] [e_svoti_LowSpecMode] is not a registered console variable; referenced when testing console variable group [sys_spec_shading] = [1]
<14:12:50> [Error] [CVARS]: [MISSING] [e_LightVolumes] is not a registered console variable; referenced when testing console variable group [sys_spec_shading] = [1]
<14:12:50> [Error] [CVARS]: [MISSING] [e_VegetationUseTerrainColor] is not a registered console variable; referenced when testing console variable group [sys_spec_shading] = [1]
<14:12:50> [Error] [CVARS]: [MISSING] [e_GsmLodsNum] is not a registered console variable; referenced when testing console variable group [sys_spec_shadows] = [1]
<14:12:50> [Error] [CVARS]: [MISSING] [e_GsmRange] is not a registered console variable; referenced when testing console variable group [sys_spec_shadows] = [1]
<14:12:50> [Error] [CVARS]: [MISSING] [e_ObjShadowCastSpec] is not a registered console variable; referenced when testing console variable group [sys_spec_shadows] = [1]
<14:12:50> [Error] [CVARS]: [MISSING] [e_ParticlesShadows] is not a registered console variable; referenced when testing console variable group [sys_spec_shadows] = [1]
<14:12:50> [Error] [CVARS]: [MISSING] [e_Shadows] is not a registered console variable; referenced when testing console variable group [sys_spec_shadows] = [1]
<14:12:50> [Error] [CVARS]: [MISSING] [e_ShadowsBlendCascades] is not a registered console variable; referenced when testing console variable group [sys_spec_shadows] = [1]
<14:12:50> [Error] [CVARS]: [MISSING] [e_ShadowsCastViewDistRatio] is not a registered console variable; referenced when testing console variable group [sys_spec_shadows] = [1]
<14:12:50> [Error] [CVARS]: [MISSING] [e_ShadowsLodBiasFixed] is not a registered console variable; referenced when testing console variable group [sys_spec_shadows] = [1]
<14:12:50> [Error] [CVARS]: [MISSING] [e_ShadowsMaxTexRes] is not a registered console variable; referenced when testing console variable group [sys_spec_shadows] = [1]
<14:12:50> [Error] [CVARS]: [MISSING] [e_ShadowsPoolSize] is not a registered console variable; referenced when testing console variable group [sys_spec_shadows] = [1]
<14:12:50> [Error] [CVARS]: [MISSING] [e_ShadowsResScale] is not a registered console variable; referenced when testing console variable group [sys_spec_shadows] = [1]
<14:12:50> [Error] [CVARS]: [MISSING] [e_ShadowsTessellateCascades] is not a registered console variable; referenced when testing console variable group [sys_spec_shadows] = [1]
<14:12:50> [Error] [CVARS]: [MISSING] [e_ShadowsTessellateDLights] is not a registered console variable; referenced when testing console variable group [sys_spec_shadows] = [1]
<14:12:50> [Error] [CVARS]: [MISSING] [e_ShadowsUpdateViewDistRatio] is not a registered console variable; referenced when testing console variable group [sys_spec_shadows] = [1]
<14:12:50> [Error] [CVARS]: [MISSING] [e_VolumetricFog] is not a registered console variable; referenced when testing console variable group [sys_spec_volumetriceffects] = [1]
<14:12:50> [Error] [CVARS]: [MISSING] [e_fog] is not a registered console variable; referenced when testing console variable group [sys_spec_volumetriceffects] = [1]
<14:12:50> [Error] [CVARS]: [MISSING] [e_Clouds] is not a registered console variable; referenced when testing console variable group [sys_spec_volumetriceffects] = [1]
<14:12:50> [Error] [CVARS]: [MISSING] [e_WaterOceanFFT] is not a registered console variable; referenced when testing console variable group [sys_spec_water] = [1]
<14:12:50> [Error] [CVARS]: [MISSING] [e_WaterTessellationAmount] is not a registered console variable; referenced when testing console variable group [sys_spec_water] = [1]
<14:12:50> [Error] [CVARS]: [MISSING] [e_WaterTessellationAmountX] is not a registered console variable; referenced when testing console variable group [sys_spec_water] = [1]
<14:12:50> [Error] [CVARS]: [MISSING] [e_WaterTessellationAmountY] is not a registered console variable; referenced when testing console variable group [sys_spec_water] = [1]
<14:12:50> [Error] [CVARS]: [MISSING] [e_WaterTessellationSwathWidth] is not a registered console variable; referenced when testing console variable group [sys_spec_water] = [1]
<14:12:50> Loading Config file game.cfg (data\game.cfg)
<14:12:50> [Warning] [CVARS]: [CHANGED] variable [sys_asserts] from [0] to [0]; Marked as [VF_CHEAT]
<14:12:50> [Warning] Modifying marked variables will not be allowed in Release mode!
<14:12:50> Stream Engine Initialization
<14:12:50> GameName: Pandemic Express
<14:12:50> BuildTime: Oct 13 2019 19:15:33
<14:12:50> Physics initialization
<14:12:50> Localized language content(english) not available or modified from the original installation.
<14:12:50> Localized language content(english) not available or modified from the original installation.
<14:12:50> Localized language content(english) not available or modified from the original installation.
<14:12:50> <Audio>: AudioSystem initialization
<14:12:50> <Audio> <0.193>: CryAudioImplWwise loaded
<14:12:52> Renderer initialization
<14:12:52> Logging video adapters:
<14:12:52> - NVIDIA GeForce RTX 3070 (vendor = 0x10de, device = 0x2484)
<14:12:52>   - Adapter index: 0
<14:12:52>   - Dedicated video memory: 8043 MB
<14:12:52>   - Feature level: DX11 (SM 5.0)
<14:12:52>   - Displays connected: yes
<14:12:52>   - Suitable rendering device: yes
<14:12:52> - Microsoft Basic Render Driver (vendor = 0x1414, device = 0x008c)
<14:12:52>   - Adapter index: 1
<14:12:52>   - Dedicated video memory: 0 MB
<14:12:52>   - Feature level: DX11 (SM 5.0)
<14:12:52>   - Displays connected: no
<14:12:52>   - Suitable rendering device: no
<14:12:52> Active GPUs: 1
<14:12:53> [Renderer] A display device has been connected to the system
<14:12:53> Loading plugin CryDefaultEntities
<14:12:53> Loading plugin CrySchematycCore
<14:12:53> DLL Failed to load, error code: 7E
<14:12:53> Loading plugin CrySchematycSTDEnv
<14:12:53> DLL Failed to load, error code: 7E
<14:12:53> Loading plugin CrySensorSystem
<14:12:53> DLL Failed to load, error code: 7E
<14:12:53> Loading extension file cryplugin.csv
<14:12:53> Loading plugin ProcAnRandGenerator.dll
<14:12:53> Loading plugin PlayFab.dll
<14:12:53> Loading plugin CEVPlayer.dll
<14:12:54> Font initialization
<14:12:54> Using FreeType 2.5.5
<14:12:55> Network initialization
<14:12:55> [net] Socket IO management: External [iocp], Internal [iocp]
<14:12:55> network hostname: DESKTOP-GKEDPQ6
<14:12:55>   ip:26.90.194.210
<14:12:55>   ip:192.168.20.21
<14:12:55> [Network Version]: PROFILE DEVELOPMENT BUILD
<14:12:55> MovieSystem initialization
<14:12:55> Console initialization
<14:12:55> Time initialization
<14:12:55> Input initialization
<14:12:55> AI initialization
<14:12:55>  
<14:12:55>     con_debug = 0 []
<14:12:55>     con_display_last_messages = 0 []
<14:12:55>     con_line_buffer_size = 1000 []
<14:12:55>     con_restricted = 0 [RESTRICTEDMODE]
<14:12:55>     con_showonload = 0 []
<14:12:55>  
<14:12:55>     con_debug = 0 []
<14:12:55>     con_display_last_messages = 0 []
<14:12:55>     con_line_buffer_size = 1000 []
<14:12:55>     con_restricted = 0 [RESTRICTEDMODE]
<14:12:55>     con_showonload = 0 []
<14:12:55>  
<14:12:55>     con_debug = 0 []
<14:12:55>  
<14:12:55>     con_debug = 0 []
<14:12:55> Initializing Animation System
<14:12:55> Initializing 3D Engine
<14:12:55> Script System Initialization
<14:12:55> Entity system initialization
<14:12:55> Initializing AI System
<14:12:55> Initializing additional systems
<14:12:55> Dynamic Response System initialization
<14:12:55> DLL Failed to load, error code: 7E
<14:12:55> No Dynamic Response System was loaded from a module, will use the NULL implementation.
<14:12:56> [Steam] Steam API initialized successfully
<14:12:56> <ThreadConfigInfo>: [XML Parsing] Thread with name "Main" already loaded. Overriding with new configuration
<14:12:56> <ThreadConfigInfo>: [XML Parsing] Thread with name "Network" already loaded. Overriding with new configuration
<14:12:56> <ThreadConfigInfo>: [XML Parsing] Thread with name "NetworkStallTicker" already loaded. Overriding with new configuration
<14:12:56> <ThreadConfigInfo>: [XML Parsing] Thread with name "ZLibCompressor" already loaded. Overriding with new configuration
<14:12:56> <ThreadConfigInfo>: [XML Parsing] Thread with name "NetworkStallTicker" already loaded. Overriding with new configuration
<14:12:56> <ThreadConfigInfo>: [XML Parsing] Thread with name "ZLibCompressor" already loaded. Overriding with new configuration
<14:12:56> <ThreadConfigInfo>: [XML Parsing] Thread with name "TelemetryCopier" already loaded. Overriding with new configuration
<14:12:56> <ThreadConfigInfo>: [XML Parsing] Thread with name "StatsAgent" already loaded. Overriding with new configuration
<14:12:56> <ThreadConfigInfo>: Thread profile loaded: "pc_8" (config/game.thread_config)  
<14:12:57> Initializing default materials...
<14:13:02> [MFX] Loading FXLib 'breakables' ...
<14:13:02> [MFX] Loading FXLib 'collisions' ...
<14:13:02> [MFX] Loading FXLib 'foley' ...
<14:13:02> [MFX] Loading FXLib 'foley_grunt' ...
<14:13:02> [MFX] Loading FXLib 'foley_player' ...
<14:13:02> [MFX] Loading FXLib 'footstep_grunt' ...
<14:13:02> [MFX] Loading FXLib 'footstep_player' ...
<14:13:02> [MFX] Loading FXLib 'footsteps' ...
<14:13:02> [MFX] Loading FXLib 'grenade' ...
<14:13:02> [MFX] Loading FXLib 'melee' ...
<14:13:02> [MFX] Loading FXLib 'player_fx' ...
<14:13:02> [MFX] Loading FXLib 'projectiles' ...
<14:13:02> [MFX] Loading FXLib 'tornado' ...
<14:13:02> [MFX] Loading FXLib 'vegetation' ...
<14:13:02> [MFX] Loading FXLib 'vehicles' ...
<14:13:03> [MFX] Loading FXLib 'breakables' ...
<14:13:03> [MFX] Loading FXLib 'collisions' ...
<14:13:03> [MFX] Loading FXLib 'foley' ...
<14:13:03> [MFX] Loading FXLib 'foley_grunt' ...
<14:13:03> [MFX] Loading FXLib 'foley_player' ...
<14:13:03> [MFX] Loading FXLib 'footstep_grunt' ...
<14:13:03> [MFX] Loading FXLib 'footstep_player' ...
<14:13:03> [MFX] Loading FXLib 'footsteps' ...
<14:13:03> [MFX] Loading FXLib 'grenade' ...
<14:13:03> [MFX] Loading FXLib 'melee' ...
<14:13:03> [MFX] Loading FXLib 'player_fx' ...
<14:13:03> [MFX] Loading FXLib 'projectiles' ...
<14:13:03> [MFX] Loading FXLib 'tornado' ...
<14:13:03> [MFX] Loading FXLib 'vegetation' ...
<14:13:03> [MFX] Loading FXLib 'vehicles' ...
<14:13:03> Creating socket on port 2838
<14:13:03> CreateDatagramSocket c1
<14:13:03> CreateDatagramSocket c2
<14:16:55> CreateDatagramSocket c1
<14:16:57> Game rules class: InstantAction
<14:16:57> ============================ PrepareLevel Multiplayer/Purgatorium_Esc_Cw ============================
<14:17:41> CryAnimation: character-definition not found: objects/characters/human/sdk_player/sdk_player.cdf
<14:17:41> CryAnimation: character-definition not found: objects/characters/human/sdk_player/sdk_player.cdf
<14:17:41> CryAnimation: character-definition not found: objects/characters/human/sdk_player/sdk_player.cdf
<14:17:44> CryAnimation: character-definition not found: objects/characters/human/sdk_player/sdk_player.cdf
<14:17:44> CryAnimation: character-definition not found: objects/characters/human/sdk_player/sdk_player.cdf
<14:17:44> CryAnimation: character-definition not found: objects/characters/human/sdk_player/sdk_player.cdf
<14:17:46> PLAYERNAME Kornflakes
<14:17:47> CryAnimation: character-definition not found: objects/characters/man.cdf
<14:17:49> CryAnimation: character-definition not found: objects/characters/human/sdk_player/sdk_player.cdf
<14:17:49> CryAnimation: character-definition not found: objects/characters/human/sdk_player/sdk_player.cdf
<14:17:49> CryAnimation: character-definition not found: objects/characters/human/sdk_player/sdk_player.cdf
<14:18:25> CryAnimation: character-definition not found: objects/characters/human/sdk_player/sdk_player.cdf
<14:18:25> CryAnimation: character-definition not found: objects/characters/human/sdk_player/sdk_player.cdf
<14:18:25> CryAnimation: character-definition not found: objects/characters/human/sdk_player/sdk_player.cdf
<14:18:36> CryAnimation: character-definition not found: objects/characters/human/sdk_player/sdk_player.cdf
<14:18:36> CryAnimation: character-definition not found: objects/characters/human/sdk_player/sdk_player.cdf
<14:18:36> CryAnimation: character-definition not found: objects/characters/human/sdk_player/sdk_player.cdf
<14:18:40> d_prerec_msg 
<14:19:20> CryAnimation: character-definition not found: objects/characters/human/sdk_player/sdk_player.cdf
<14:19:20> CryAnimation: character-definition not found: objects/characters/human/sdk_player/sdk_player.cdf
<14:19:20> CryAnimation: character-definition not found: objects/characters/human/sdk_player/sdk_player.cdf
<14:19:26> d_prerec_msg 
<14:19:29> d_prerec_msg 
<14:19:51> ast_used_prerec_msg 
<14:19:52> CryAnimation: character-definition not found: objects/characters/human/sdk_player/sdk_player.cdf
<14:19:52> CryAnimation: character-definition not found: objects/characters/human/sdk_player/sdk_player.cdf
<14:19:52> CryAnimation: character-definition not found: objects/characters/human/sdk_player/sdk_player.cdf
<14:19:59> ast_used_prerec_msg 
<14:20:33> d_prerec_msg 
<14:20:41> CryAnimation: character-definition not found: objects/characters/human/sdk_player/sdk_player.cdf
<14:20:41> CryAnimation: character-definition not found: objects/characters/human/sdk_player/sdk_player.cdf
<14:20:41> CryAnimation: character-definition not found: objects/characters/human/sdk_player/sdk_player.cdf
<14:20:56> ed_prerec_msg 
<14:20:59> ed_prerec_msg 
<14:21:02> ed_prerec_msg 
<14:21:09> ed_prerec_msg 
<14:21:09> ed_prerec_msg 
<14:21:15> sed_prerec_msg 
<14:21:34> CryAnimation: character-definition not found: objects/characters/human/sdk_player/sdk_player.cdf
<14:21:34> CryAnimation: character-definition not found: objects/characters/human/sdk_player/sdk_player.cdf
<14:21:34> CryAnimation: character-definition not found: objects/characters/human/sdk_player/sdk_player.cdf
<14:21:38> CryAnimation: character-definition not found: objects/characters/human/sdk_player/sdk_player.cdf
<14:21:38> CryAnimation: character-definition not found: objects/characters/human/sdk_player/sdk_player.cdf
<14:21:38> CryAnimation: character-definition not found: objects/characters/human/sdk_player/sdk_player.cdf
<14:21:40> sed_prerec_msg 
<14:21:50> CryAnimation: character-definition not found: objects/characters/human/sdk_player/sdk_player.cdf
<14:21:50> CryAnimation: character-definition not found: objects/characters/human/sdk_player/sdk_player.cdf
<14:21:50> CryAnimation: character-definition not found: objects/characters/human/sdk_player/sdk_player.cdf
<14:22:01> d_prerec_msg 
<14:22:05> d_prerec_msg 
<14:22:07> ast_used_prerec_msg 
<14:22:47> CryAnimation: character-definition not found: objects/characters/human/sdk_player/sdk_player.cdf
<14:22:47> CryAnimation: character-definition not found: objects/characters/human/sdk_player/sdk_player.cdf
<14:22:47> CryAnimation: character-definition not found: objects/characters/human/sdk_player/sdk_player.cdf
<14:22:54> CryAnimation: character-definition not found: objects/characters/human/sdk_player/sdk_player.cdf
<14:22:54> CryAnimation: character-definition not found: objects/characters/human/sdk_player/sdk_player.cdf
<14:22:54> CryAnimation: character-definition not found: objects/characters/human/sdk_player/sdk_player.cdf
<14:23:18> CryAnimation: character-definition not found: objects/characters/human/sdk_player/sdk_player.cdf
<14:23:18> CryAnimation: character-definition not found: objects/characters/human/sdk_player/sdk_player.cdf
<14:23:18> CryAnimation: character-definition not found: objects/characters/human/sdk_player/sdk_player.cdf
<14:24:04> d_prerec_msg 
<14:24:07> d_prerec_msg 
<14:24:10> ast_used_prerec_msg 
<14:24:13> ed_prerec_msg 
<14:24:14> ed_prerec_msg 
<14:24:15> ed_prerec_msg 
<14:24:21> d_prerec_msg 
<14:24:23> CryAnimation: character-definition not found: objects/characters/human/sdk_player/sdk_player.cdf
<14:24:23> CryAnimation: character-definition not found: objects/characters/human/sdk_player/sdk_player.cdf
<14:24:23> CryAnimation: character-definition not found: objects/characters/human/sdk_player/sdk_player.cdf
<14:24:24> ast_used_prerec_msg 
<14:24:56> d_prerec_msg 
<14:25:05> d_prerec_msg 
<14:25:08> d_prerec_msg 
<14:25:10> sed_prerec_msg 
<14:25:16> st_used_prerec_msg 
<14:25:39> CryAnimation: character-definition not found: objects/characters/human/sdk_player/sdk_player.cdf
<14:25:39> CryAnimation: character-definition not found: objects/characters/human/sdk_player/sdk_player.cdf
<14:25:39> CryAnimation: character-definition not found: objects/characters/human/sdk_player/sdk_player.cdf
<14:26:05> CVehicleSeat::NetSetPassengerId c2
<14:26:05> CVehicleSeat::Enter called
<14:26:10> ast_used_prerec_msg 
<14:26:12> CHUDNv::showPickArmorGradient()
<14:26:12> CHUDNv::showPickArmorGradient()
<14:26:17> CHUDNv::showPickArmorGradient()
<14:26:18> CVehicleSeat::Exit called
<14:26:18> CVehicleSeat::Exit called c2
<14:26:18> ClProcessLeave call
<14:26:37> CVehicleSeat::NetSetPassengerId c2
<14:26:37> CVehicleSeat::Enter called
<14:26:39> ast_used_prerec_msg 
<14:26:40> CVehicleSeat::Exit called
<14:26:40> CVehicleSeat::Exit called c2
<14:26:40> ClProcessLeave call
<14:27:37> CGameClientChannel::Release
<14:27:37> gEnv->pRenderer->Draw2dImage XXX
<14:27:39> remapped bone indices with refcount '4294967294' still around for 'zombiemodelnew/conserve_fp_nonmm.skin 0x00000124E82ED110
<14:27:39> remapped bone indices with refcount '4294967295' still around for 'objects/zhg_objects/characters/conserve/conserve_head.skin 0x00000124E82EBE50
<14:27:46> CreateDatagramSocket c1
<14:27:48> Game rules class: InstantAction
<14:27:48> ============================ PrepareLevel Multiplayer/Purgatorium_Esc ============================
<14:27:48> Initializing default materials...
<14:27:54> [MFX] Loading FXLib 'breakables' ...
<14:27:54> [MFX] Loading FXLib 'collisions' ...
<14:27:54> [MFX] Loading FXLib 'foley' ...
<14:27:54> [MFX] Loading FXLib 'foley_grunt' ...
<14:27:54> [MFX] Loading FXLib 'foley_player' ...
<14:27:54> [MFX] Loading FXLib 'footstep_grunt' ...
<14:27:54> [MFX] Loading FXLib 'footstep_player' ...
<14:27:54> [MFX] Loading FXLib 'footsteps' ...
<14:27:54> [MFX] Loading FXLib 'grenade' ...
<14:27:54> [MFX] Loading FXLib 'melee' ...
<14:27:54> [MFX] Loading FXLib 'player_fx' ...
<14:27:54> [MFX] Loading FXLib 'projectiles' ...
<14:27:54> [MFX] Loading FXLib 'tornado' ...
<14:27:54> [MFX] Loading FXLib 'vegetation' ...
<14:27:54> [MFX] Loading FXLib 'vehicles' ...
<14:28:10> CryAnimation: character-definition not found: objects/characters/human/sdk_player/sdk_player.cdf
<14:28:10> CryAnimation: character-definition not found: objects/characters/human/sdk_player/sdk_player.cdf
<14:28:10> CryAnimation: character-definition not found: objects/characters/human/sdk_player/sdk_player.cdf
<14:28:10> CryAnimation: character-definition not found: objects/characters/human/sdk_player/sdk_player.cdf
<14:28:10> CryAnimation: character-definition not found: objects/characters/human/sdk_player/sdk_player.cdf
<14:28:10> CryAnimation: character-definition not found: objects/characters/human/sdk_player/sdk_player.cdf
<14:28:10> CryAnimation: character-definition not found: objects/characters/human/sdk_player/sdk_player.cdf
<14:28:10> CryAnimation: character-definition not found: objects/characters/human/sdk_player/sdk_player.cdf
<14:28:10> CryAnimation: character-definition not found: objects/characters/human/sdk_player/sdk_player.cdf
<14:28:10> CryAnimation: character-definition not found: objects/characters/human/sdk_player/sdk_player.cdf
<14:28:10> CryAnimation: character-definition not found: objects/characters/human/sdk_player/sdk_player.cdf
<14:28:10> CryAnimation: character-definition not found: objects/characters/human/sdk_player/sdk_player.cdf
<14:28:10> CryAnimation: character-definition not found: objects/characters/human/sdk_player/sdk_player.cdf
<14:28:10> CryAnimation: character-definition not found: objects/characters/human/sdk_player/sdk_player.cdf
<14:28:10> CryAnimation: character-definition not found: objects/characters/human/sdk_player/sdk_player.cdf
<14:28:10> CryAnimation: character-definition not found: objects/characters/human/sdk_player/sdk_player.cdf
<14:28:10> CryAnimation: character-definition not found: objects/characters/human/sdk_player/sdk_player.cdf
<14:28:10> CryAnimation: character-definition not found: objects/characters/human/sdk_player/sdk_player.cdf
<14:28:10> CryAnimation: character-definition not found: objects/characters/human/sdk_player/sdk_player.cdf
<14:28:10> CryAnimation: character-definition not found: objects/characters/human/sdk_player/sdk_player.cdf
<14:28:10> CryAnimation: character-definition not found: objects/characters/human/sdk_player/sdk_player.cdf
<14:28:11> CryAnimation: character-definition not found: objects/characters/human/sdk_player/sdk_player.cdf
<14:28:11> CryAnimation: character-definition not found: objects/characters/human/sdk_player/sdk_player.cdf
<14:28:11> CryAnimation: character-definition not found: objects/characters/human/sdk_player/sdk_player.cdf
<14:28:13> CryAnimation: character-definition not found: objects/characters/human/sdk_player/sdk_player.cdf
<14:28:13> CryAnimation: character-definition not found: objects/characters/human/sdk_player/sdk_player.cdf
<14:28:13> CryAnimation: character-definition not found: objects/characters/human/sdk_player/sdk_player.cdf
<14:28:15> PLAYERNAME Kornflakes
<14:28:15> CryAnimation: character-definition not found: objects/characters/man.cdf
<14:28:15> CryAnimation: character-definition not found: objects/characters/human/sdk_player/sdk_player.cdf
<14:28:15> CryAnimation: character-definition not found: objects/characters/human/sdk_player/sdk_player.cdf
<14:28:15> CryAnimation: character-definition not found: objects/characters/human/sdk_player/sdk_player.cdf
<14:28:16> CryAnimation: character-definition not found: objects/characters/human/sdk_player/sdk_player.cdf
<14:28:16> CryAnimation: character-definition not found: objects/characters/human/sdk_player/sdk_player.cdf
<14:28:16> CryAnimation: character-definition not found: objects/characters/human/sdk_player/sdk_player.cdf
<14:28:24> CryAnimation: character-definition not found: objects/characters/human/sdk_player/sdk_player.cdf
<14:28:24> CryAnimation: character-definition not found: objects/characters/human/sdk_player/sdk_player.cdf
<14:28:24> CryAnimation: character-definition not found: objects/characters/human/sdk_player/sdk_player.cdf
<14:28:38> CryAnimation: character-definition not found: objects/characters/human/sdk_player/sdk_player.cdf
<14:28:38> CryAnimation: character-definition not found: objects/characters/human/sdk_player/sdk_player.cdf
<14:28:38> CryAnimation: character-definition not found: objects/characters/human/sdk_player/sdk_player.cdf
<14:28:55> CryAnimation: character-definition not found: objects/characters/human/sdk_player/sdk_player.cdf
<14:28:55> CryAnimation: character-definition not found: objects/characters/human/sdk_player/sdk_player.cdf
<14:28:55> CryAnimation: character-definition not found: objects/characters/human/sdk_player/sdk_player.cdf
<14:29:17> CryAnimation: character-definition not found: objects/characters/human/sdk_player/sdk_player.cdf
<14:29:17> CryAnimation: character-definition not found: objects/characters/human/sdk_player/sdk_player.cdf
<14:29:17> CryAnimation: character-definition not found: objects/characters/human/sdk_player/sdk_player.cdf
<14:29:20> CryAnimation: character-definition not found: objects/characters/human/sdk_player/sdk_player.cdf
<14:29:20> CryAnimation: character-definition not found: objects/characters/human/sdk_player/sdk_player.cdf
<14:29:20> CryAnimation: character-definition not found: objects/characters/human/sdk_player/sdk_player.cdf
<14:29:22> CryAnimation: character-definition not found: objects/characters/human/sdk_player/sdk_player.cdf
<14:29:22> CryAnimation: character-definition not found: objects/characters/human/sdk_player/sdk_player.cdf
<14:29:22> CryAnimation: character-definition not found: objects/characters/human/sdk_player/sdk_player.cdf
<14:29:28> d_prerec_msg 
<14:29:31> d_prerec_msg 
<14:29:43> CryAnimation: character-definition not found: objects/characters/human/sdk_player/sdk_player.cdf
<14:29:43> CryAnimation: character-definition not found: objects/characters/human/sdk_player/sdk_player.cdf
<14:29:43> CryAnimation: character-definition not found: objects/characters/human/sdk_player/sdk_player.cdf
<14:29:49> CryAnimation: character-definition not found: objects/characters/human/sdk_player/sdk_player.cdf
<14:29:49> CryAnimation: character-definition not found: objects/characters/human/sdk_player/sdk_player.cdf
<14:29:49> CryAnimation: character-definition not found: objects/characters/human/sdk_player/sdk_player.cdf
<14:30:00> CryAnimation: character-definition not found: objects/characters/human/sdk_player/sdk_player.cdf
<14:30:00> CryAnimation: character-definition not found: objects/characters/human/sdk_player/sdk_player.cdf
<14:30:00> CryAnimation: character-definition not found: objects/characters/human/sdk_player/sdk_player.cdf
<14:30:51> CryAnimation: character-definition not found: objects/characters/human/sdk_player/sdk_player.cdf
<14:30:51> CryAnimation: character-definition not found: objects/characters/human/sdk_player/sdk_player.cdf
<14:30:51> CryAnimation: character-definition not found: objects/characters/human/sdk_player/sdk_player.cdf
<14:30:56> _used_prerec_msg 
<14:31:15> CryAnimation: character-definition not found: objects/characters/human/sdk_player/sdk_player.cdf
<14:31:15> CryAnimation: character-definition not found: objects/characters/human/sdk_player/sdk_player.cdf
<14:31:15> CryAnimation: character-definition not found: objects/characters/human/sdk_player/sdk_player.cdf
<14:31:24> _used_prerec_msg 
<14:31:53> ast_used_prerec_msg 
<14:31:55> sed_prerec_msg 
<14:31:56> ast_used_prerec_msg 
<14:31:58> d_prerec_msg 
<14:32:31> CVehicleSeat::NetSetPassengerId c2
<14:32:31> CVehicleSeat::Enter called
<14:32:32> st_used_prerec_msg 
<14:32:36> st_used_prerec_msg 
<14:32:37> ClReplDropOpen !params.r_openedDr
<14:32:44> CVehicleSeat::NetSetPassengerId c2
<14:32:44> CVehicleSeat::Enter called
<14:32:45> ast_used_prerec_msg 
<14:32:54> CVehicleSeat::Exit called
<14:32:54> CVehicleSeat::Exit called c2
<14:32:54> ClProcessLeave call
<14:33:03> CVehicleSeat::Exit called
<14:33:03> CVehicleSeat::Exit called c2
<14:33:03> ClProcessLeave call
<14:33:05> CVehicleSeat::NetSetPassengerId c2
<14:33:05> CVehicleSeat::Enter called
<14:33:08> CVehicleSeat::Exit called
<14:33:08> CVehicleSeat::Exit called c2
<14:33:08> ClProcessLeave call
<14:33:12> CVehicleSeat::NetSetPassengerId c2
<14:33:12> CVehicleSeat::Enter called
<14:33:21> ClReplDropOpen !params.r_openedDr
<14:33:23> CVehicleSeat::Exit called
<14:33:23> CVehicleSeat::Exit called c2
<14:33:23> ClProcessLeave call
<14:33:28> CVehicleSeat::NetSetPassengerId c2
<14:33:28> CVehicleSeat::Enter called
<14:33:30> CVehicleSeat::Exit called
<14:33:30> CVehicleSeat::Exit called c2
<14:33:30> ClProcessLeave call
<14:33:32> CVehicleSeat::NetSetPassengerId c2
<14:33:32> CVehicleSeat::Enter called
<14:33:46> d_prerec_msg 
<14:33:48> CVehicleSeat::NetSetPassengerId c2
<14:33:48> CVehicleSeat::Enter called
<14:33:48> st_used_prerec_msg 
<14:33:51> CVehicleSeat::Exit called
<14:33:51> CVehicleSeat::Exit called c2
<14:33:51> ClProcessLeave call
<14:34:01> CVehicleSeat::Exit called
<14:34:01> CVehicleSeat::Exit called c2
<14:34:01> ClProcessLeave call
<14:34:02> CryAnimation: character-definition not found: objects/characters/human/sdk_player/sdk_player.cdf
<14:34:02> CryAnimation: character-definition not found: objects/characters/human/sdk_player/sdk_player.cdf
<14:34:02> CryAnimation: character-definition not found: objects/characters/human/sdk_player/sdk_player.cdf
<14:34:08> st_used_prerec_msg 
<14:34:18> ast_used_prerec_msg 
<14:34:24> sed_prerec_msg 
<14:34:40> CHUDNv::showPickArmorGradient()
<14:34:58> ast_used_prerec_msg 
<14:35:02> d_prerec_msg 
<14:35:05> d_prerec_msg 
<14:35:14> CVehicleSeat::NetSetPassengerId c2
<14:35:14> CVehicleSeat::Enter called
<14:35:20> CVehicle::OnAction eVAI_Exit
<14:35:20> CVehicleSeat::Exit called
<14:35:20> CVehicleSeat::Exit called c2
<14:35:20> ClProcessLeave call
<14:35:22> sed_prerec_msg 
<14:35:59> rerec_msg 
<14:36:05> sed_prerec_msg 
<14:36:07> ast_used_prerec_msg 
<14:36:38> CHUDNv::showPickArmorGradient()
<14:36:46> CHUDNv::showPickArmorGradient()
<14:36:51> st_used_prerec_msg 
<14:36:54> ast_used_prerec_msg 
<14:37:01> ast_used_prerec_msg 
<14:37:13> ast_used_prerec_msg 
<14:37:32> ast_used_prerec_msg 
<14:37:36> ast_used_prerec_msg 
<14:37:37> ast_used_prerec_msg 
<14:37:48> _used_prerec_msg 
<14:38:20> _used_prerec_msg 
<14:38:33> CVehicleSeat::NetSetPassengerId c2
<14:38:33> CVehicleSeat::Enter called
<14:38:37> CVehicleSeat::Exit called
<14:38:37> CVehicleSeat::Exit called c2
<14:38:37> ClProcessLeave call
<14:39:28> CVehicleSeat::NetSetPassengerId c2
<14:39:28> CVehicleSeat::Enter called
<14:39:49> ast_used_prerec_msg 
<14:39:49> ast_used_prerec_msg 
<14:39:49> CVehicleSeat::Exit called
<14:39:49> CVehicleSeat::Exit called c2
<14:39:49> ClProcessLeave call
<14:40:02> CTrain::SmplPlaySnd train_gts
<14:40:12> CTrain::SmplPlaySnd train_gts
<14:40:45> CTrain::SmplPlaySnd train_gts
<14:41:08> ast_used_prerec_msg 
<14:41:10> CTrain::SmplPlaySnd train_gts
<14:41:18> ast_used_prerec_msg 
<14:41:25> sed_prerec_msg 
<14:41:27> CTrain::SmplPlaySnd train_gts
<14:41:39> sed_prerec_msg 
<14:41:43> d_prerec_msg 
<14:41:45> d_prerec_msg 
<14:42:30> gEnv->pRenderer->Draw2dImage XXX
<14:42:32> remapped bone indices with refcount '4294967293' still around for 'zombiemodelnew/conserve_fp_nonmm.skin 0x00000126777C11B0
<14:42:32> remapped bone indices with refcount '4294967292' still around for 'objects/zhg_objects/characters/conserve/conserve_head.skin 0x00000126777C0E90
<14:42:32> remapped bone indices with refcount '4294967290' still around for 'objects/zhg_objects/characters/sets/vanityset/vanityset_torso.skin 0x00000126777BEF50
<14:42:32> remapped bone indices with refcount '4294967290' still around for 'objects/zhg_objects/characters/sets/vanityset/vanityset_torso.skin 0x00000126777B7250
<14:42:32> remapped bone indices with refcount '4294967290' still around for 'objects/zhg_objects/characters/sets/vanityset/vanityset_torso.skin 0x00000126777BB3F0
<14:42:32> remapped bone indices with refcount '4294967290' still around for 'objects/zhg_objects/characters/sets/vanityset/vanityset_pants.skin 0x00000126777B8510
<14:42:32> remapped bone indices with refcount '4294967290' still around for 'objects/zhg_objects/characters/sets/vanityset/vanityset_pants.skin 0x00000126777BEC30
<14:42:32> remapped bone indices with refcount '4294967290' still around for 'objects/zhg_objects/characters/sets/vanityset/vanityset_pants.skin 0x00000126777BE910
<14:42:32> remapped bone indices with refcount '4294967290' still around for 'objects/zhg_objects/characters/sets/vanityset/vanityset_head.skin 0x00000126777B9190
<14:42:32> remapped bone indices with refcount '4294967290' still around for 'objects/zhg_objects/characters/sets/vanityset/vanityset_head.skin 0x00000126777B6C10
<14:42:32> remapped bone indices with refcount '4294967290' still around for 'objects/zhg_objects/characters/sets/vanityset/vanityset_head.skin 0x00000126777BE5F0
<14:42:32> remapped bone indices with refcount '4294967290' still around for 'objects/zhg_objects/characters/sets/safetyset/safetyset_head.skin 0x00000126777B68F0
<14:42:32> remapped bone indices with refcount '4294967290' still around for 'objects/zhg_objects/characters/sets/safetyset/safetyset_head.skin 0x00000126777B9AF0
<14:42:32> remapped bone indices with refcount '4294967290' still around for 'objects/zhg_objects/characters/sets/safetyset/safetyset_head.skin 0x00000126777B8830
<14:42:32> remapped bone indices with refcount '4294967276' still around for 'objects/zhg_objects/characters/sets/rebellionset/rebellionset_torso.skin 0x00000126777BE2D0
<14:42:32> remapped bone indices with refcount '4294967276' still around for 'objects/zhg_objects/characters/sets/rebellionset/rebellionset_torso.skin 0x00000126777BC9D0
<14:42:32> remapped bone indices with refcount '4294967276' still around for 'objects/zhg_objects/characters/sets/rebellionset/rebellionset_torso.skin 0x00000126777B97D0
<14:42:32> remapped bone indices with refcount '4294967283' still around for 'objects/zhg_objects/characters/sets/rebellionset/rebellionset_pants.skin 0x00000126777BC390
<14:42:32> remapped bone indices with refcount '4294967283' still around for 'objects/zhg_objects/characters/sets/rebellionset/rebellionset_pants.skin 0x00000126777B8E70
<14:42:32> remapped bone indices with refcount '4294967283' still around for 'objects/zhg_objects/characters/sets/rebellionset/rebellionset_pants.skin 0x00000126777BC070
<14:42:32> remapped bone indices with refcount '4294967290' still around for 'objects/zhg_objects/characters/sets/rebellionset/rebellionset_head.skin 0x00000126777B6F30
<14:42:32> remapped bone indices with refcount '4294967290' still around for 'objects/zhg_objects/characters/sets/rebellionset/rebellionset_head.skin 0x00000126777B65D0
<14:42:32> remapped bone indices with refcount '4294967290' still around for 'objects/zhg_objects/characters/sets/rebellionset/rebellionset_head.skin 0x00000126777B94B0
<14:42:32> remapped bone indices with refcount '4294967283' still around for 'objects/zhg_objects/characters/sets/rebellionset/rebelliomset_hands.skin 0x00000126777BD010
<14:42:32> remapped bone indices with refcount '4294967283' still around for 'objects/zhg_objects/characters/sets/rebellionset/rebelliomset_hands.skin 0x00000126777BDFB0
<14:42:32> remapped bone indices with refcount '4294967283' still around for 'objects/zhg_objects/characters/sets/rebellionset/rebelliomset_hands.skin 0x00000126777BDC90
<14:42:32> remapped bone indices with refcount '4294967283' still around for 'objects/zhg_objects/characters/sets/rebellionset/rebelliomset_hands.skin 0x00000126777BADB0
<14:42:32> remapped bone indices with refcount '4294967290' still around for 'objects/zhg_objects/characters/sets/loverset/loverset_torso.skin 0x00000126777BA130
<14:42:32> remapped bone indices with refcount '4294967290' still around for 'objects/zhg_objects/characters/sets/loverset/loverset_torso.skin 0x00000126777B8B50
<14:42:32> remapped bone indices with refcount '4294967290' still around for 'objects/zhg_objects/characters/sets/loverset/loverset_torso.skin 0x00000126777BAA90
<14:42:32> remapped bone indices with refcount '4294967290' still around for 'objects/zhg_objects/characters/sets/loverset/loverset_head.skin 0x00000126777BCCF0
<14:42:32> remapped bone indices with refcount '4294967290' still around for 'objects/zhg_objects/characters/sets/loverset/loverset_head.skin 0x00000126777BC6B0
<14:42:32> remapped bone indices with refcount '4294967290' still around for 'objects/zhg_objects/characters/sets/loverset/loverset_head.skin 0x00000126777BBD50
<14:42:32> remapped bone indices with refcount '4294967290' still around for 'objects/zhg_objects/characters/sets/leaderset/leaderset_torso.skin 0x00000126777BBA30
<14:42:32> remapped bone indices with refcount '4294967290' still around for 'objects/zhg_objects/characters/sets/leaderset/leaderset_torso.skin 0x00000126777B81F0
<14:42:32> remapped bone indices with refcount '4294967290' still around for 'objects/zhg_objects/characters/sets/leaderset/leaderset_torso.skin 0x00000126777BD970
<14:42:32> remapped bone indices with refcount '4294967290' still around for 'objects/zhg_objects/characters/sets/leaderset/leaderset_pants.skin 0x00000126777BD650
<14:42:32> remapped bone indices with refcount '4294967290' still around for 'objects/zhg_objects/characters/sets/leaderset/leaderset_pants.skin 0x00000126777BB710
<14:42:32> remapped bone indices with refcount '4294967290' still around for 'objects/zhg_objects/characters/sets/leaderset/leaderset_pants.skin 0x00000126777BD330
<14:42:32> remapped bone indices with refcount '4294967290' still around for 'objects/zhg_objects/characters/sets/leaderset/leaderset_head.skin 0x00000126777B62B0
<14:42:32> remapped bone indices with refcount '4294967290' still around for 'objects/zhg_objects/characters/sets/leaderset/leaderset_head.skin 0x00000126777B5630
<14:42:32> remapped bone indices with refcount '4294967290' still around for 'objects/zhg_objects/characters/sets/leaderset/leaderset_head.skin 0x00000126777B5310
<14:42:32> remapped bone indices with refcount '4294967290' still around for 'objects/zhg_objects/characters/sets/hopefullset/hopefullset_torso.skin 0x00000126777B4FF0
<14:42:32> remapped bone indices with refcount '4294967290' still around for 'objects/zhg_objects/characters/sets/hopefullset/hopefullset_torso.skin 0x00000126777B4CD0
<14:42:32> remapped bone indices with refcount '4294967290' still around for 'objects/zhg_objects/characters/sets/hopefullset/hopefullset_torso.skin 0x00000126777B3D30
<14:42:32> remapped bone indices with refcount '4294967290' still around for 'objects/zhg_objects/characters/sets/hopefullset/hopefullset_pants.skin 0x00000126777B49B0
<14:42:32> remapped bone indices with refcount '4294967290' still around for 'objects/zhg_objects/characters/sets/hopefullset/hopefullset_pants.skin 0x00000126777B4690
<14:42:32> remapped bone indices with refcount '4294967290' still around for 'objects/zhg_objects/characters/sets/hopefullset/hopefullset_pants.skin 0x00000126777B4370
<14:42:32> remapped bone indices with refcount '4294967290' still around for 'objects/zhg_objects/characters/sets/hopefullset/hopefullset_head.skin 0x00000126777B3A10
<14:42:32> remapped bone indices with refcount '4294967290' still around for 'objects/zhg_objects/characters/sets/hopefullset/hopefullset_head.skin 0x00000126777B5F90
<14:42:32> remapped bone indices with refcount '4294967290' still around for 'objects/zhg_objects/characters/sets/hopefullset/hopefullset_head.skin 0x00000126777B5C70
<14:42:32> remapped bone indices with refcount '4294967290' still around for 'objects/zhg_objects/characters/sets/doubtset/doubtset_head.skin 0x00000126777B36F0
<14:42:38> Iterator 0
<14:42:38> Size 30
<14:42:38> Iterator 1
<14:42:38> Size 30
<14:42:38> Iterator 2
<14:42:38> Size 30
<14:42:38> Iterator 3
<14:42:38> Size 30
<14:42:38> Iterator 4
<14:42:38> Size 30
<14:42:38> Iterator 5
<14:42:38> Size 30
<14:42:38> Iterator 6
<14:42:38> Size 30
<14:42:38> Iterator 7
<14:42:38> Size 30
<14:42:38> Iterator 8
<14:42:38> Size 30
<14:42:38> Iterator 9
<14:42:38> Size 30
<14:42:38> Iterator 10
<14:42:38> Size 30
<14:42:38> Iterator 11
<14:42:38> Size 30
<14:42:38> Iterator 12
<14:42:38> Size 30
<14:42:38> Iterator 13
<14:42:38> Size 30
<14:42:38> Iterator 14
<14:42:38> Size 30
<14:42:38> Iterator 15
<14:42:38> Size 30
<14:42:38> Iterator 16
<14:42:38> Size 30
<14:42:38> Iterator 17
<14:42:38> Size 30
<14:42:38> Iterator 18
<14:42:38> Size 30
<14:42:38> Iterator 19
<14:42:38> Size 30
<14:42:38> Iterator 20
<14:42:38> Size 30
<14:42:38> Iterator 21
<14:42:38> Size 30
<14:42:38> Iterator 22
<14:42:38> Size 30
<14:42:38> Iterator 23
<14:42:38> Size 30
<14:42:38> Iterator 24
<14:42:38> Size 30
<14:42:38> Iterator 25
<14:42:38> Size 30
<14:42:38> Iterator 26
<14:42:38> Size 30
<14:42:38> Iterator 27
<14:42:38> Size 30
<14:42:38> Iterator 28
<14:42:38> Size 30
<14:42:38> Iterator 29
<14:42:38> Size 30
<14:42:38> playerName Kornflakes
<14:42:38> Iterator 30
<14:42:38> Size 30
<14:42:50> CreateDatagramSocket c1
<14:42:53> Game rules class: InstantAction
<14:42:53> ============================ PrepareLevel Multiplayer/Purgatorium_Esc ============================
<14:42:53> Initializing default materials...
<14:42:58> [MFX] Loading FXLib 'breakables' ...
<14:42:58> [MFX] Loading FXLib 'collisions' ...
<14:42:58> [MFX] Loading FXLib 'foley' ...
<14:42:58> [MFX] Loading FXLib 'foley_grunt' ...
<14:42:58> [MFX] Loading FXLib 'foley_player' ...
<14:42:58> [MFX] Loading FXLib 'footstep_grunt' ...
<14:42:58> [MFX] Loading FXLib 'footstep_player' ...
<14:42:58> [MFX] Loading FXLib 'footsteps' ...
<14:42:58> [MFX] Loading FXLib 'grenade' ...
<14:42:58> [MFX] Loading FXLib 'melee' ...
<14:42:58> [MFX] Loading FXLib 'player_fx' ...
<14:42:58> [MFX] Loading FXLib 'projectiles' ...
<14:42:58> [MFX] Loading FXLib 'tornado' ...
<14:42:58> [MFX] Loading FXLib 'vegetation' ...
<14:42:58> [MFX] Loading FXLib 'vehicles' ...
<14:43:16> CryAnimation: character-definition not found: objects/characters/human/sdk_player/sdk_player.cdf
<14:43:16> CryAnimation: character-definition not found: objects/characters/human/sdk_player/sdk_player.cdf
<14:43:16> CryAnimation: character-definition not found: objects/characters/human/sdk_player/sdk_player.cdf
<14:43:16> CryAnimation: character-definition not found: objects/characters/human/sdk_player/sdk_player.cdf
<14:43:16> CryAnimation: character-definition not found: objects/characters/human/sdk_player/sdk_player.cdf
<14:43:16> CryAnimation: character-definition not found: objects/characters/human/sdk_player/sdk_player.cdf
<14:43:16> CryAnimation: character-definition not found: objects/characters/human/sdk_player/sdk_player.cdf
<14:43:16> CryAnimation: character-definition not found: objects/characters/human/sdk_player/sdk_player.cdf
<14:43:16> CryAnimation: character-definition not found: objects/characters/human/sdk_player/sdk_player.cdf
<14:43:16> CryAnimation: character-definition not found: objects/characters/human/sdk_player/sdk_player.cdf
<14:43:16> CryAnimation: character-definition not found: objects/characters/human/sdk_player/sdk_player.cdf
<14:43:16> CryAnimation: character-definition not found: objects/characters/human/sdk_player/sdk_player.cdf
<14:43:16> CryAnimation: character-definition not found: objects/characters/human/sdk_player/sdk_player.cdf
<14:43:16> CryAnimation: character-definition not found: objects/characters/human/sdk_player/sdk_player.cdf
<14:43:16> CryAnimation: character-definition not found: objects/characters/human/sdk_player/sdk_player.cdf
<14:43:16> CryAnimation: character-definition not found: objects/characters/human/sdk_player/sdk_player.cdf
<14:43:16> CryAnimation: character-definition not found: objects/characters/human/sdk_player/sdk_player.cdf
<14:43:16> CryAnimation: character-definition not found: objects/characters/human/sdk_player/sdk_player.cdf
<14:43:16> CryAnimation: character-definition not found: objects/characters/human/sdk_player/sdk_player.cdf
<14:43:16> CryAnimation: character-definition not found: objects/characters/human/sdk_player/sdk_player.cdf
<14:43:16> CryAnimation: character-definition not found: objects/characters/human/sdk_player/sdk_player.cdf
<14:43:16> CryAnimation: character-definition not found: objects/characters/human/sdk_player/sdk_player.cdf
<14:43:16> CryAnimation: character-definition not found: objects/characters/human/sdk_player/sdk_player.cdf
<14:43:16> CryAnimation: character-definition not found: objects/characters/human/sdk_player/sdk_player.cdf
<14:43:16> CryAnimation: character-definition not found: objects/characters/human/sdk_player/sdk_player.cdf
<14:43:16> CryAnimation: character-definition not found: objects/characters/human/sdk_player/sdk_player.cdf
<14:43:16> CryAnimation: character-definition not found: objects/characters/human/sdk_player/sdk_player.cdf
<14:43:16> CryAnimation: character-definition not found: objects/characters/human/sdk_player/sdk_player.cdf
<14:43:16> CryAnimation: character-definition not found: objects/characters/human/sdk_player/sdk_player.cdf
<14:43:16> CryAnimation: character-definition not found: objects/characters/human/sdk_player/sdk_player.cdf
<14:43:16> CryAnimation: character-definition not found: objects/characters/human/sdk_player/sdk_player.cdf
<14:43:16> CryAnimation: character-definition not found: objects/characters/human/sdk_player/sdk_player.cdf
<14:43:16> CryAnimation: character-definition not found: objects/characters/human/sdk_player/sdk_player.cdf
<14:43:16> CryAnimation: character-definition not found: objects/characters/human/sdk_player/sdk_player.cdf
<14:43:16> CryAnimation: character-definition not found: objects/characters/human/sdk_player/sdk_player.cdf
<14:43:16> CryAnimation: character-definition not found: objects/characters/human/sdk_player/sdk_player.cdf
<14:43:16> CryAnimation: character-definition not found: objects/characters/human/sdk_player/sdk_player.cdf
<14:43:16> CryAnimation: character-definition not found: objects/characters/human/sdk_player/sdk_player.cdf
<14:43:16> CryAnimation: character-definition not found: objects/characters/human/sdk_player/sdk_player.cdf
<14:43:16> CryAnimation: character-definition not found: objects/characters/human/sdk_player/sdk_player.cdf
<14:43:16> CryAnimation: character-definition not found: objects/characters/human/sdk_player/sdk_player.cdf
<14:43:16> CryAnimation: character-definition not found: objects/characters/human/sdk_player/sdk_player.cdf
<14:43:16> CryAnimation: character-definition not found: objects/characters/human/sdk_player/sdk_player.cdf
<14:43:16> CryAnimation: character-definition not found: objects/characters/human/sdk_player/sdk_player.cdf
<14:43:16> CryAnimation: character-definition not found: objects/characters/human/sdk_player/sdk_player.cdf
<14:43:17> CryAnimation: character-definition not found: objects/characters/human/sdk_player/sdk_player.cdf
<14:43:17> CryAnimation: character-definition not found: objects/characters/human/sdk_player/sdk_player.cdf
<14:43:17> CryAnimation: character-definition not found: objects/characters/human/sdk_player/sdk_player.cdf
<14:43:18> CryAnimation: character-definition not found: objects/characters/human/sdk_player/sdk_player.cdf
<14:43:18> CryAnimation: character-definition not found: objects/characters/human/sdk_player/sdk_player.cdf
<14:43:18> CryAnimation: character-definition not found: objects/characters/human/sdk_player/sdk_player.cdf
<14:43:20> CryAnimation: character-definition not found: objects/characters/human/sdk_player/sdk_player.cdf
<14:43:20> CryAnimation: character-definition not found: objects/characters/human/sdk_player/sdk_player.cdf
<14:43:20> CryAnimation: character-definition not found: objects/characters/human/sdk_player/sdk_player.cdf
<14:43:21> PLAYERNAME Kornflakes
<14:43:21> CryAnimation: character-definition not found: objects/characters/man.cdf
<14:43:22> CryAnimation: character-definition not found: objects/characters/human/sdk_player/sdk_player.cdf
<14:43:22> CryAnimation: character-definition not found: objects/characters/human/sdk_player/sdk_player.cdf
<14:43:22> CryAnimation: character-definition not found: objects/characters/human/sdk_player/sdk_player.cdf
<14:43:24> CryAnimation: character-definition not found: objects/characters/human/sdk_player/sdk_player.cdf
<14:43:24> CryAnimation: character-definition not found: objects/characters/human/sdk_player/sdk_player.cdf
<14:43:24> CryAnimation: character-definition not found: objects/characters/human/sdk_player/sdk_player.cdf
<14:43:52> CryAnimation: character-definition not found: objects/characters/human/sdk_player/sdk_player.cdf
<14:43:52> CryAnimation: character-definition not found: objects/characters/human/sdk_player/sdk_player.cdf
<14:43:52> CryAnimation: character-definition not found: objects/characters/human/sdk_player/sdk_player.cdf
<14:44:25> CryAnimation: character-definition not found: objects/characters/human/sdk_player/sdk_player.cdf
<14:44:25> CryAnimation: character-definition not found: objects/characters/human/sdk_player/sdk_player.cdf
<14:44:25> CryAnimation: character-definition not found: objects/characters/human/sdk_player/sdk_player.cdf
<14:44:41> ast_used_prerec_msg 
<14:44:42> _used_prerec_msg 
<14:44:44> ast_used_prerec_msg 
<14:44:44> _used_prerec_msg 
<14:44:49> _used_prerec_msg 
<14:44:52> _used_prerec_msg 
<14:44:59> _used_prerec_msg 
<14:45:00> ast_used_prerec_msg 
<14:45:03> st_used_prerec_msg 
<14:45:05> _used_prerec_msg 
<14:45:08> ast_used_prerec_msg 
<14:45:09> sg 
<14:45:10> rerec_msg 
<14:45:38> CVehicleSeat::NetSetPassengerId c2
<14:45:38> CVehicleSeat::Enter called
<14:46:14> CVehicleSeat::Exit called
<14:46:14> CVehicleSeat::Exit called c2
<14:46:14> ClProcessLeave call
<14:46:29> CVehicleSeat::NetSetPassengerId c2
<14:46:29> CVehicleSeat::Enter called
<14:46:32> CVehicleSeat::NetSetPassengerId c2
<14:46:32> CVehicleSeat::Enter called
<14:46:43> CVehicleSeat::Exit called
<14:46:43> CVehicleSeat::Exit called c2
<14:46:43> ClProcessLeave call
<14:46:48> CVehicleSeat::NetSetPassengerId c2
<14:46:48> CVehicleSeat::Enter called
<14:46:54> CVehicleSeat::Exit called
<14:46:54> CVehicleSeat::Exit called c2
<14:46:54> ClProcessLeave call
<14:46:58> CVehicleSeat::Exit called
<14:46:58> CVehicleSeat::Exit called c2
<14:46:58> ClProcessLeave call
<14:47:18> CVehicleSeat::NetSetPassengerId c2
<14:47:18> CVehicleSeat::Enter called
<14:47:23> CHUDNv::showPickArmorGradient()
<14:47:24> CHUDNv::showPickArmorGradient()
<14:47:28> CVehicleSeat::NetSetPassengerId c2
<14:47:28> CVehicleSeat::Enter called
<14:47:28> CVehicleSeat::Exit called
<14:47:28> CVehicleSeat::Exit called c2
<14:47:28> ClProcessLeave call
<14:47:41> CVehicleSeat::NetSetPassengerId c2
<14:47:41> CVehicleSeat::Enter called
<14:47:46> CVehicleSeat::NetSetPassengerId c2
<14:47:46> CVehicleSeat::Enter called
<14:47:48> CVehicleSeat::Exit called
<14:47:48> CVehicleSeat::Exit called c2
<14:47:48> ClProcessLeave call
<14:47:54> CVehicleSeat::Exit called
<14:47:54> CVehicleSeat::Exit called c2
<14:47:54> ClProcessLeave call
<14:48:03> CVehicleSeat::Exit called
<14:48:03> CVehicleSeat::Exit called c2
<14:48:03> ClProcessLeave call
<14:49:19> CVehicleSeat::NetSetPassengerId c2
<14:49:19> CVehicleSeat::Enter called
<14:49:21> CVehicleSeat::Exit called
<14:49:21> CVehicleSeat::Exit called c2
<14:49:21> ClProcessLeave call
<14:49:40> CHUDNv::showPickArmorGradient()
<14:50:08> CVehicleSeat::NetSetPassengerId c2
<14:50:08> CVehicleSeat::Enter called
<14:50:12> d_prerec_msg 
<14:50:19> CVehicleSeat::Exit called
<14:50:19> CVehicleSeat::Exit called c2
<14:50:19> ClProcessLeave call
<14:50:22> ast_used_prerec_msg 
<14:51:04> CVehicleSeat::NetSetPassengerId c2
<14:51:04> CVehicleSeat::Enter called
<14:51:15> CVehicleSeat::Exit called
<14:51:15> CVehicleSeat::Exit called c2
<14:51:15> ClProcessLeave call
<14:51:36> CryAnimation: character-definition not found: objects/characters/human/sdk_player/sdk_player.cdf
<14:51:36> CryAnimation: character-definition not found: objects/characters/human/sdk_player/sdk_player.cdf
<14:51:36> CryAnimation: character-definition not found: objects/characters/human/sdk_player/sdk_player.cdf
<14:52:13> CTrain::SmplPlaySnd train_gts
<14:52:29> CryAnimation: character-definition not found: objects/characters/human/sdk_player/sdk_player.cdf
<14:52:29> CryAnimation: character-definition not found: objects/characters/human/sdk_player/sdk_player.cdf
<14:52:29> CryAnimation: character-definition not found: objects/characters/human/sdk_player/sdk_player.cdf
<14:52:45> CryAnimation: character-definition not found: objects/characters/human/sdk_player/sdk_player.cdf
<14:52:45> CryAnimation: character-definition not found: objects/characters/human/sdk_player/sdk_player.cdf
<14:52:45> CryAnimation: character-definition not found: objects/characters/human/sdk_player/sdk_player.cdf
<14:52:56> sed_prerec_msg 
<14:53:17> CTrain::SmplPlaySnd train_gts
<14:53:35> d_prerec_msg 
<14:54:10> ed_prerec_msg 
<14:54:13> d_prerec_msg 
<14:54:22> CTrain::SmplPlaySnd train_gts
<14:54:39> CTrain::SmplPlaySnd train_gts
<14:54:43> CVehicleSeat::NetSetPassengerId c2
<14:54:43> CVehicleSeat::Enter called
<14:54:47> d_prerec_msg 
<14:54:50> CVehicleSeat::Exit called
<14:54:50> CVehicleSeat::Exit called c2
<14:54:50> ClProcessLeave call
<14:54:50> ast_used_prerec_msg 
<14:54:55> CTrain::SmplPlaySnd train_gts
<14:55:07> rerec_msg 
<14:55:12> rerec_msg 
<14:55:14> rerec_msg 
<14:55:19> CryAnimation: character-definition not found: objects/characters/human/sdk_player/sdk_player.cdf
<14:55:19> CryAnimation: character-definition not found: objects/characters/human/sdk_player/sdk_player.cdf
<14:55:19> CryAnimation: character-definition not found: objects/characters/human/sdk_player/sdk_player.cdf
<14:55:19> CTrain::SmplPlaySnd train_gts
<14:55:23> ast_used_prerec_msg 
<14:55:26> ast_used_prerec_msg 
<14:55:38> ast_used_prerec_msg 
<14:55:40> ast_used_prerec_msg 
<14:55:40> ast_used_prerec_msg 
<14:55:42> ast_used_prerec_msg 
<14:55:43> CTrain::SmplPlaySnd train_gts
<14:56:09> d_prerec_msg 
<14:56:13> CTrain::SmplPlaySnd train_gts
<14:56:14> d_prerec_msg 
<14:56:22> d_prerec_msg 
<14:56:24> d_prerec_msg 
<14:56:26> d_prerec_msg 
<14:56:27> CTrain::SmplPlaySnd train_gts
<14:56:39> st_used_prerec_msg 
<14:56:40> d_prerec_msg 
<14:56:48> CTrain::SmplPlaySnd train_gts
<14:57:22> gEnv->pRenderer->Draw2dImage XXX
<14:57:24> remapped bone indices with refcount '4294967290' still around for 'zombiemodelnew/conserve_fp_nonmm.skin 0x000001261636E2D0
<14:57:24> remapped bone indices with refcount '4294967290' still around for 'objects/zhg_objects/characters/conserve/conserve_head.skin 0x000001261636C9D0
<14:57:24> remapped bone indices with refcount '4294967291' still around for 'objects/zhg_objects/characters/sets/vanityset/vanityset_torso.skin 0x00000126163665D0
<14:57:24> remapped bone indices with refcount '4294967291' still around for 'objects/zhg_objects/characters/sets/vanityset/vanityset_torso.skin 0x00000126163662B0
<14:57:24> remapped bone indices with refcount '4294967291' still around for 'objects/zhg_objects/characters/sets/vanityset/vanityset_torso.skin 0x0000012616365F90
<14:57:24> remapped bone indices with refcount '4294967291' still around for 'objects/zhg_objects/characters/sets/vanityset/vanityset_pants.skin 0x0000012616367890
<14:57:24> remapped bone indices with refcount '4294967291' still around for 'objects/zhg_objects/characters/sets/vanityset/vanityset_pants.skin 0x00000126163697D0
<14:57:24> remapped bone indices with refcount '4294967291' still around for 'objects/zhg_objects/characters/sets/vanityset/vanityset_pants.skin 0x0000012616365310
<14:57:24> remapped bone indices with refcount '4294967291' still around for 'objects/zhg_objects/characters/sets/vanityset/vanityset_head.skin 0x0000012616364690
<14:57:24> remapped bone indices with refcount '4294967291' still around for 'objects/zhg_objects/characters/sets/vanityset/vanityset_head.skin 0x0000012616365630
<14:57:24> remapped bone indices with refcount '4294967291' still around for 'objects/zhg_objects/characters/sets/vanityset/vanityset_head.skin 0x0000012616367ED0
<14:57:24> remapped bone indices with refcount '4294967291' still around for 'objects/zhg_objects/characters/sets/safetyset/safetyset_head.skin 0x0000012616367250
<14:57:24> remapped bone indices with refcount '4294967291' still around for 'objects/zhg_objects/characters/sets/safetyset/safetyset_head.skin 0x0000012616366C10
<14:57:24> remapped bone indices with refcount '4294967291' still around for 'objects/zhg_objects/characters/sets/safetyset/safetyset_head.skin 0x0000012616368E70
<14:57:24> remapped bone indices with refcount '4294967281' still around for 'objects/zhg_objects/characters/sets/rebellionset/rebellionset_torso.skin 0x0000012616365950
<14:57:24> remapped bone indices with refcount '4294967281' still around for 'objects/zhg_objects/characters/sets/rebellionset/rebellionset_torso.skin 0x0000012616364370
<14:57:24> remapped bone indices with refcount '4294967281' still around for 'objects/zhg_objects/characters/sets/rebellionset/rebellionset_torso.skin 0x0000012616366F30
<14:57:24> remapped bone indices with refcount '4294967286' still around for 'objects/zhg_objects/characters/sets/rebellionset/rebellionset_pants.skin 0x0000012616364FF0
<14:57:24> remapped bone indices with refcount '4294967286' still around for 'objects/zhg_objects/characters/sets/rebellionset/rebellionset_pants.skin 0x0000012616368B50
<14:57:24> remapped bone indices with refcount '4294967286' still around for 'objects/zhg_objects/characters/sets/rebellionset/rebellionset_pants.skin 0x0000012616363A10
<14:57:24> remapped bone indices with refcount '4294967291' still around for 'objects/zhg_objects/characters/sets/rebellionset/rebellionset_head.skin 0x0000012616362750
<14:57:24> remapped bone indices with refcount '4294967291' still around for 'objects/zhg_objects/characters/sets/rebellionset/rebellionset_head.skin 0x0000012616362430
<14:57:24> remapped bone indices with refcount '4294967291' still around for 'objects/zhg_objects/characters/sets/rebellionset/rebellionset_head.skin 0x00000126163633D0
<14:57:24> remapped bone indices with refcount '4294967286' still around for 'objects/zhg_objects/characters/sets/rebellionset/rebelliomset_hands.skin 0x00000126163630B0
<14:57:24> remapped bone indices with refcount '4294967286' still around for 'objects/zhg_objects/characters/sets/rebellionset/rebelliomset_hands.skin 0x0000012616364CD0
<14:57:24> remapped bone indices with refcount '4294967286' still around for 'objects/zhg_objects/characters/sets/rebellionset/rebelliomset_hands.skin 0x0000012616365C70
<14:57:24> remapped bone indices with refcount '4294967286' still around for 'objects/zhg_objects/characters/sets/rebellionset/rebelliomset_hands.skin 0x0000012616368830
<14:57:24> remapped bone indices with refcount '4294967291' still around for 'objects/zhg_objects/characters/sets/loverset/loverset_torso.skin 0x0000012616364050
<14:57:24> remapped bone indices with refcount '4294967291' still around for 'objects/zhg_objects/characters/sets/loverset/loverset_torso.skin 0x00000126163649B0
<14:57:24> remapped bone indices with refcount '4294967291' still around for 'objects/zhg_objects/characters/sets/loverset/loverset_torso.skin 0x0000012616363D30
<14:57:24> remapped bone indices with refcount '4294967291' still around for 'objects/zhg_objects/characters/sets/loverset/loverset_head.skin 0x00000126163694B0
<14:57:24> remapped bone indices with refcount '4294967291' still around for 'objects/zhg_objects/characters/sets/loverset/loverset_head.skin 0x0000012616361DF0
<14:57:24> remapped bone indices with refcount '4294967291' still around for 'objects/zhg_objects/characters/sets/loverset/loverset_head.skin 0x0000012616361AD0
<14:57:24> remapped bone indices with refcount '4294967291' still around for 'objects/zhg_objects/characters/sets/leaderset/leaderset_torso.skin 0x00000126163617B0
<14:57:24> remapped bone indices with refcount '4294967291' still around for 'objects/zhg_objects/characters/sets/leaderset/leaderset_torso.skin 0x0000012616361490
<14:57:24> remapped bone indices with refcount '4294967291' still around for 'objects/zhg_objects/characters/sets/leaderset/leaderset_torso.skin 0x0000012616360E50
<14:57:24> remapped bone indices with refcount '4294967291' still around for 'objects/zhg_objects/characters/sets/leaderset/leaderset_pants.skin 0x0000012616360B30
<14:57:24> remapped bone indices with refcount '4294967291' still around for 'objects/zhg_objects/characters/sets/leaderset/leaderset_pants.skin 0x0000012616360810
<14:57:24> remapped bone indices with refcount '4294967291' still around for 'objects/zhg_objects/characters/sets/leaderset/leaderset_pants.skin 0x00000126163604F0
<14:57:24> remapped bone indices with refcount '4294967291' still around for 'objects/zhg_objects/characters/sets/leaderset/leaderset_head.skin 0x00000126163601D0
<14:57:24> remapped bone indices with refcount '4294967291' still around for 'objects/zhg_objects/characters/sets/leaderset/leaderset_head.skin 0x000001261635FEB0
<14:57:24> remapped bone indices with refcount '4294967291' still around for 'objects/zhg_objects/characters/sets/leaderset/leaderset_head.skin 0x000001261635F870
<14:57:24> remapped bone indices with refcount '4294967291' still around for 'objects/zhg_objects/characters/sets/hopefullset/hopefullset_torso.skin 0x000001261635FB90
<14:57:24> remapped bone indices with refcount '4294967291' still around for 'objects/zhg_objects/characters/sets/hopefullset/hopefullset_torso.skin 0x0000012616361170
<14:57:24> remapped bone indices with refcount '4294967291' still around for 'objects/zhg_objects/characters/sets/hopefullset/hopefullset_torso.skin 0x0000012616357210
<14:57:24> remapped bone indices with refcount '4294967291' still around for 'objects/zhg_objects/characters/sets/hopefullset/hopefullset_pants.skin 0x000001261635F550
<14:57:24> remapped bone indices with refcount '4294967291' still around for 'objects/zhg_objects/characters/sets/hopefullset/hopefullset_pants.skin 0x000001261635F230
<14:57:24> remapped bone indices with refcount '4294967291' still around for 'objects/zhg_objects/characters/sets/hopefullset/hopefullset_pants.skin 0x000001261635EF10
<14:57:24> remapped bone indices with refcount '4294967291' still around for 'objects/zhg_objects/characters/sets/hopefullset/hopefullset_head.skin 0x000001261635EBF0
<14:57:24> remapped bone indices with refcount '4294967291' still around for 'objects/zhg_objects/characters/sets/hopefullset/hopefullset_head.skin 0x000001261635E8D0
<14:57:24> remapped bone indices with refcount '4294967291' still around for 'objects/zhg_objects/characters/sets/hopefullset/hopefullset_head.skin 0x000001261635E5B0
<14:57:24> remapped bone indices with refcount '4294967291' still around for 'objects/zhg_objects/characters/sets/doubtset/doubtset_head.skin 0x00000126163568B0
<15:04:40> BaseInput - Shutting down all force feedback
<15:04:40> ActionGame - Shutting down all force feedback
<15:04:40> CNetSyncSystem::~CNetSyncSystem & Crush?! packets_temp_bf(temp packet data buffs)
