BackupNameAttachment=" Build(0) 03 Jul 21 (20 05 05)"  -- used by backup system
Log Started at Sat Jul  3 20:05:05 2021
Built on Oct 13 2019 19:15:33
Running 64 bit Windows version
Command Line: "D:\Games\Steam\steamapps\common\Pandemic Express\Bin/win_x64/PandemicExpress.exe"
Executable: D:\Games\Steam\steamapps\common\Pandemic Express\Bin\win_x64\PandemicExpress.exe
FileVersion: 1.0.0.0
ProductVersion: 1.0.0.0
Added MOD directory <%engineroot%/engine> to CryPak

Total number of logical processors: 12
Number of available logical processors: 12
Total number of system cores: 6
Number of cores available to process: 6
 
Processor 0:
  CPU: AMD AMD Ryzen 5 3600 6-Core Processor              
  Family: 15, Model: 1, Stepping: 0
  FPU: On-Chip
  Features: FP16, SSE, SSE2, SSE3, SSE4.2, AVX, AVX2, FMA3
  Serial number not present or disabled
 
Processor 1:
  CPU: AMD AMD Ryzen 5 3600 6-Core Processor              
  Family: 15, Model: 1, Stepping: 0
  FPU: On-Chip
  Features: FP16, SSE, SSE2, SSE3, SSE4.2, AVX, AVX2, FMA3
  Serial number not present or disabled
 
Processor 2:
  CPU: AMD AMD Ryzen 5 3600 6-Core Processor              
  Family: 15, Model: 1, Stepping: 0
  FPU: On-Chip
  Features: FP16, SSE, SSE2, SSE3, SSE4.2, AVX, AVX2, FMA3
  Serial number not present or disabled
 
Processor 3:
  CPU: AMD AMD Ryzen 5 3600 6-Core Processor              
  Family: 15, Model: 1, Stepping: 0
  FPU: On-Chip
  Features: FP16, SSE, SSE2, SSE3, SSE4.2, AVX, AVX2, FMA3
  Serial number not present or disabled
 
Processor 4:
  CPU: AMD AMD Ryzen 5 3600 6-Core Processor              
  Family: 15, Model: 1, Stepping: 0
  FPU: On-Chip
  Features: FP16, SSE, SSE2, SSE3, SSE4.2, AVX, AVX2, FMA3
  Serial number not present or disabled
 
Processor 5:
  CPU: AMD AMD Ryzen 5 3600 6-Core Processor              
  Family: 15, Model: 1, Stepping: 0
  FPU: On-Chip
  Features: FP16, SSE, SSE2, SSE3, SSE4.2, AVX, AVX2, FMA3
  Serial number not present or disabled
 
<20:05:05> Loading Config file system.cfg (system.cfg)
<20:05:05> [Error] [CVARS]: [IGNORED CHANGE] variable [sys_version] from [] to [1.1.0.000.200116]; Marked as [VF_CHEAT]
<20:05:05> OnSysSpecChange(1)
<20:05:05> [Error] [CVARS]: [IGNORED CHANGE] variable [sys_asserts] from [0] to [0]; Marked as [VF_CHEAT]
<20:05:05> GameDir: DATA
<20:05:06> <ThreadConfigInfo>: Thread profile loaded: "pc_8" (config/engine_core.thread_config)  
<20:05:06> Windows 10 64 bit (build 10.0.19043)
<20:05:06> System language: English
<20:05:06> Windows Directory: "C:\Windows"
<20:05:06> Local time is 20:05:06 07/03/21, system running for 2 minutes
<20:05:06> 16333MB physical memory installed, 11950MB available, 134217727MB virtual memory installed, 26 percent of memory in use
<20:05:06> PageFile usage: 75MB, Working Set: 88MB, Peak PageFile usage: 76MB,
<20:05:06> Current display mode is 2560x1440x32, (Unknown graphics card)
<20:05:06> IBM enhanced (101/102-key) keyboard and 16+ button mouse installed
<20:05:06> --------------------------------------------------------------------------------
<20:05:06> OnSysSpecChange(1)
<20:05:06> Loading Config file LowSpec.cfg (data\config\lowspec.cfg)
<20:05:06> [Error] [CVARS]: [MISSING] [mfx_Timeout] is not a registered console variable; referenced when testing console variable group [sys_spec_gameeffects] = [1]
<20:05:06> [Error] [CVARS]: [MISSING] [ca_AttachmentCullingRation] is not a registered console variable; referenced when testing console variable group [sys_spec_objectdetail] = [1]
<20:05:06> [Error] [CVARS]: [MISSING] [e_DecalsLifeTimeScale] is not a registered console variable; referenced when testing console variable group [sys_spec_objectdetail] = [1]
<20:05:06> [Error] [CVARS]: [MISSING] [e_LodRatio] is not a registered console variable; referenced when testing console variable group [sys_spec_objectdetail] = [1]
<20:05:06> [Error] [CVARS]: [MISSING] [e_MaxViewDistSpecLerp] is not a registered console variable; referenced when testing console variable group [sys_spec_objectdetail] = [1]
<20:05:06> [Error] [CVARS]: [MISSING] [e_MaxViewDistance] is not a registered console variable; referenced when testing console variable group [sys_spec_objectdetail] = [1]
<20:05:06> [Error] [CVARS]: [MISSING] [e_ObjQuality] is not a registered console variable; referenced when testing console variable group [sys_spec_objectdetail] = [1]
<20:05:06> [Error] [CVARS]: [MISSING] [e_TerrainOcclusionCullingMaxDist] is not a registered console variable; referenced when testing console variable group [sys_spec_objectdetail] = [1]
<20:05:06> [Error] [CVARS]: [MISSING] [e_VegetationMinSize] is not a registered console variable; referenced when testing console variable group [sys_spec_objectdetail] = [1]
<20:05:06> [Error] [CVARS]: [MISSING] [e_ViewDistRatio] is not a registered console variable; referenced when testing console variable group [sys_spec_objectdetail] = [1]
<20:05:06> [Error] [CVARS]: [MISSING] [e_ViewDistRatioCustom] is not a registered console variable; referenced when testing console variable group [sys_spec_objectdetail] = [1]
<20:05:06> [Error] [CVARS]: [MISSING] [e_ViewDistRatioDetail] is not a registered console variable; referenced when testing console variable group [sys_spec_objectdetail] = [1]
<20:05:06> [Error] [CVARS]: [MISSING] [e_ViewDistRatioLights] is not a registered console variable; referenced when testing console variable group [sys_spec_objectdetail] = [1]
<20:05:06> [Error] [CVARS]: [MISSING] [e_ViewDistRatioVegetation] is not a registered console variable; referenced when testing console variable group [sys_spec_objectdetail] = [1]
<20:05:06> [Error] [CVARS]: [MISSING] [es_DebrisLifetimeScale] is not a registered console variable; referenced when testing console variable group [sys_spec_objectdetail] = [1]
<20:05:06> [Error] [CVARS]: [MISSING] [e_DecalsOverlapping] is not a registered console variable; referenced when testing console variable group [sys_spec_objectdetail] = [1]
<20:05:06> [Error] [CVARS]: [MISSING] [e_LodMin] is not a registered console variable; referenced when testing console variable group [sys_spec_objectdetail] = [1]
<20:05:06> [Error] [CVARS]: [MISSING] [e_MergedMeshesInstanceDist] is not a registered console variable; referenced when testing console variable group [sys_spec_objectdetail] = [1]
<20:05:06> [Error] [CVARS]: [MISSING] [e_MergedMeshesPool] is not a registered console variable; referenced when testing console variable group [sys_spec_objectdetail] = [1]
<20:05:06> [Error] [CVARS]: [MISSING] [e_OcclusionCullingViewDistRatio] is not a registered console variable; referenced when testing console variable group [sys_spec_objectdetail] = [1]
<20:05:06> [Error] [CVARS]: [MISSING] [e_TerrainLodRatio] is not a registered console variable; referenced when testing console variable group [sys_spec_objectdetail] = [1]
<20:05:06> [Error] [CVARS]: [MISSING] [e_Tessellation] is not a registered console variable; referenced when testing console variable group [sys_spec_objectdetail] = [1]
<20:05:06> [Error] [CVARS]: [MISSING] [e_ViewDistMin] is not a registered console variable; referenced when testing console variable group [sys_spec_objectdetail] = [1]
<20:05:06> [Error] [CVARS]: [MISSING] [e_ParticlesMaxScreenFill] is not a registered console variable; referenced when testing console variable group [sys_spec_particles] = [1]
<20:05:06> [Error] [CVARS]: [MISSING] [e_ParticlesMinDrawPixels] is not a registered console variable; referenced when testing console variable group [sys_spec_particles] = [1]
<20:05:06> [Error] [CVARS]: [MISSING] [e_ParticlesObjectCollisions] is not a registered console variable; referenced when testing console variable group [sys_spec_particles] = [1]
<20:05:06> [Error] [CVARS]: [MISSING] [e_ParticlesQuality] is not a registered console variable; referenced when testing console variable group [sys_spec_particles] = [1]
<20:05:06> [Error] [CVARS]: [MISSING] [e_ParticlesMotionBlur] is not a registered console variable; referenced when testing console variable group [sys_spec_particles] = [1]
<20:05:06> [Error] [CVARS]: [MISSING] [e_CullVegActivation] is not a registered console variable; referenced when testing console variable group [sys_spec_physics] = [1]
<20:05:06> [Error] [CVARS]: [MISSING] [e_FoliageWindActivationDist] is not a registered console variable; referenced when testing console variable group [sys_spec_physics] = [1]
<20:05:06> [Error] [CVARS]: [MISSING] [e_PhysOceanCell] is not a registered console variable; referenced when testing console variable group [sys_spec_physics] = [1]
<20:05:06> [Error] [CVARS]: [MISSING] [es_MaxPhysDist] is not a registered console variable; referenced when testing console variable group [sys_spec_physics] = [1]
<20:05:06> [Error] [CVARS]: [MISSING] [es_MaxPhysDistInvisible] is not a registered console variable; referenced when testing console variable group [sys_spec_physics] = [1]
<20:05:06> [Error] [CVARS]: [MISSING] [g_breakage_particles_limit] is not a registered console variable; referenced when testing console variable group [sys_spec_physics] = [1]
<20:05:06> [Error] [CVARS]: [MISSING] [g_tree_cut_reuse_dist] is not a registered console variable; referenced when testing console variable group [sys_spec_physics] = [1]
<20:05:06> [Error] [CVARS]: [MISSING] [p_max_MC_iters] is not a registered console variable; referenced when testing console variable group [sys_spec_physics] = [1]
<20:05:06> [Error] [CVARS]: [MISSING] [p_max_substeps] is not a registered console variable; referenced when testing console variable group [sys_spec_physics] = [1]
<20:05:06> [Error] [CVARS]: [MISSING] [e_PhysProxyTriLimit] is not a registered console variable; referenced when testing console variable group [sys_spec_physics] = [1]
<20:05:06> [Error] [CVARS]: [MISSING] [p_max_object_splashes] is not a registered console variable; referenced when testing console variable group [sys_spec_physics] = [1]
<20:05:06> [Error] [CVARS]: [MISSING] [p_max_substeps_large_group] is not a registered console variable; referenced when testing console variable group [sys_spec_physics] = [1]
<20:05:06> [Error] [CVARS]: [MISSING] [p_num_bodies_large_group] is not a registered console variable; referenced when testing console variable group [sys_spec_physics] = [1]
<20:05:06> [Error] [CVARS]: [MISSING] [p_splash_dist0] is not a registered console variable; referenced when testing console variable group [sys_spec_physics] = [1]
<20:05:06> [Error] [CVARS]: [MISSING] [p_splash_dist1] is not a registered console variable; referenced when testing console variable group [sys_spec_physics] = [1]
<20:05:06> [Error] [CVARS]: [MISSING] [p_splash_force0] is not a registered console variable; referenced when testing console variable group [sys_spec_physics] = [1]
<20:05:06> [Error] [CVARS]: [MISSING] [p_splash_force1] is not a registered console variable; referenced when testing console variable group [sys_spec_physics] = [1]
<20:05:06> [Error] [CVARS]: [MISSING] [p_splash_vel0] is not a registered console variable; referenced when testing console variable group [sys_spec_physics] = [1]
<20:05:06> [Error] [CVARS]: [MISSING] [p_splash_vel1] is not a registered console variable; referenced when testing console variable group [sys_spec_physics] = [1]
<20:05:06> [Error] [CVARS]: [MISSING] [e_DynamicLightsMaxEntityLights] is not a registered console variable; referenced when testing console variable group [sys_spec_shading] = [1]
<20:05:06> [Error] [CVARS]: [MISSING] [e_SkyUpdateRate] is not a registered console variable; referenced when testing console variable group [sys_spec_shading] = [1]
<20:05:06> [Error] [CVARS]: [MISSING] [e_svoTI_Apply] is not a registered console variable; referenced when testing console variable group [sys_spec_shading] = [1]
<20:05:06> [Error] [CVARS]: [MISSING] [e_svoTI_RsmConeMaxLength] is not a registered console variable; referenced when testing console variable group [sys_spec_shading] = [1]
<20:05:06> [Error] [CVARS]: [MISSING] [e_svoTI_RsmUseColors] is not a registered console variable; referenced when testing console variable group [sys_spec_shading] = [1]
<20:05:06> [Error] [CVARS]: [MISSING] [e_svoTi_Active] is not a registered console variable; referenced when testing console variable group [sys_spec_shading] = [1]
<20:05:06> [Error] [CVARS]: [MISSING] [e_svoti_LowSpecMode] is not a registered console variable; referenced when testing console variable group [sys_spec_shading] = [1]
<20:05:06> [Error] [CVARS]: [MISSING] [e_LightVolumes] is not a registered console variable; referenced when testing console variable group [sys_spec_shading] = [1]
<20:05:06> [Error] [CVARS]: [MISSING] [e_VegetationUseTerrainColor] is not a registered console variable; referenced when testing console variable group [sys_spec_shading] = [1]
<20:05:06> [Error] [CVARS]: [MISSING] [e_GsmLodsNum] is not a registered console variable; referenced when testing console variable group [sys_spec_shadows] = [1]
<20:05:06> [Error] [CVARS]: [MISSING] [e_GsmRange] is not a registered console variable; referenced when testing console variable group [sys_spec_shadows] = [1]
<20:05:06> [Error] [CVARS]: [MISSING] [e_ObjShadowCastSpec] is not a registered console variable; referenced when testing console variable group [sys_spec_shadows] = [1]
<20:05:06> [Error] [CVARS]: [MISSING] [e_ParticlesShadows] is not a registered console variable; referenced when testing console variable group [sys_spec_shadows] = [1]
<20:05:06> [Error] [CVARS]: [MISSING] [e_Shadows] is not a registered console variable; referenced when testing console variable group [sys_spec_shadows] = [1]
<20:05:06> [Error] [CVARS]: [MISSING] [e_ShadowsBlendCascades] is not a registered console variable; referenced when testing console variable group [sys_spec_shadows] = [1]
<20:05:06> [Error] [CVARS]: [MISSING] [e_ShadowsCastViewDistRatio] is not a registered console variable; referenced when testing console variable group [sys_spec_shadows] = [1]
<20:05:06> [Error] [CVARS]: [MISSING] [e_ShadowsLodBiasFixed] is not a registered console variable; referenced when testing console variable group [sys_spec_shadows] = [1]
<20:05:06> [Error] [CVARS]: [MISSING] [e_ShadowsMaxTexRes] is not a registered console variable; referenced when testing console variable group [sys_spec_shadows] = [1]
<20:05:06> [Error] [CVARS]: [MISSING] [e_ShadowsPoolSize] is not a registered console variable; referenced when testing console variable group [sys_spec_shadows] = [1]
<20:05:06> [Error] [CVARS]: [MISSING] [e_ShadowsResScale] is not a registered console variable; referenced when testing console variable group [sys_spec_shadows] = [1]
<20:05:06> [Error] [CVARS]: [MISSING] [e_ShadowsTessellateCascades] is not a registered console variable; referenced when testing console variable group [sys_spec_shadows] = [1]
<20:05:06> [Error] [CVARS]: [MISSING] [e_ShadowsTessellateDLights] is not a registered console variable; referenced when testing console variable group [sys_spec_shadows] = [1]
<20:05:06> [Error] [CVARS]: [MISSING] [e_ShadowsUpdateViewDistRatio] is not a registered console variable; referenced when testing console variable group [sys_spec_shadows] = [1]
<20:05:06> [Error] [CVARS]: [MISSING] [e_VolumetricFog] is not a registered console variable; referenced when testing console variable group [sys_spec_volumetriceffects] = [1]
<20:05:06> [Error] [CVARS]: [MISSING] [e_fog] is not a registered console variable; referenced when testing console variable group [sys_spec_volumetriceffects] = [1]
<20:05:06> [Error] [CVARS]: [MISSING] [e_Clouds] is not a registered console variable; referenced when testing console variable group [sys_spec_volumetriceffects] = [1]
<20:05:06> [Error] [CVARS]: [MISSING] [e_WaterOceanFFT] is not a registered console variable; referenced when testing console variable group [sys_spec_water] = [1]
<20:05:06> [Error] [CVARS]: [MISSING] [e_WaterTessellationAmount] is not a registered console variable; referenced when testing console variable group [sys_spec_water] = [1]
<20:05:06> [Error] [CVARS]: [MISSING] [e_WaterTessellationAmountX] is not a registered console variable; referenced when testing console variable group [sys_spec_water] = [1]
<20:05:06> [Error] [CVARS]: [MISSING] [e_WaterTessellationAmountY] is not a registered console variable; referenced when testing console variable group [sys_spec_water] = [1]
<20:05:06> [Error] [CVARS]: [MISSING] [e_WaterTessellationSwathWidth] is not a registered console variable; referenced when testing console variable group [sys_spec_water] = [1]
<20:05:06> Loading Config file game.cfg (data\game.cfg)
<20:05:06> [Warning] [CVARS]: [CHANGED] variable [sys_asserts] from [0] to [0]; Marked as [VF_CHEAT]
<20:05:06> [Warning] Modifying marked variables will not be allowed in Release mode!
<20:05:06> Stream Engine Initialization
<20:05:06> GameName: Pandemic Express
<20:05:06> BuildTime: Oct 13 2019 19:15:33
<20:05:06> Physics initialization
<20:05:06> Localized language content(english) not available or modified from the original installation.
<20:05:06> Localized language content(english) not available or modified from the original installation.
<20:05:06> Localized language content(english) not available or modified from the original installation.
<20:05:06> <Audio>: AudioSystem initialization
<20:05:06> <Audio> <0.214>: CryAudioImplWwise loaded
<20:05:07> Renderer initialization
<20:05:07> Logging video adapters:
<20:05:07> - NVIDIA GeForce RTX 3070 (vendor = 0x10de, device = 0x2484)
<20:05:07>   - Adapter index: 0
<20:05:07>   - Dedicated video memory: 8043 MB
<20:05:07>   - Feature level: DX11 (SM 5.0)
<20:05:07>   - Displays connected: yes
<20:05:07>   - Suitable rendering device: yes
<20:05:07> - Microsoft Basic Render Driver (vendor = 0x1414, device = 0x008c)
<20:05:07>   - Adapter index: 1
<20:05:07>   - Dedicated video memory: 0 MB
<20:05:07>   - Feature level: DX11 (SM 5.0)
<20:05:07>   - Displays connected: no
<20:05:07>   - Suitable rendering device: no
<20:05:08> Active GPUs: 1
<20:05:08> [Renderer] A display device has been connected to the system
<20:05:08> Loading plugin CryDefaultEntities
<20:05:08> Loading plugin CrySchematycCore
<20:05:08> DLL Failed to load, error code: 7E
<20:05:08> Loading plugin CrySchematycSTDEnv
<20:05:08> DLL Failed to load, error code: 7E
<20:05:08> Loading plugin CrySensorSystem
<20:05:08> DLL Failed to load, error code: 7E
<20:05:08> Loading extension file cryplugin.csv
<20:05:08> Loading plugin ProcAnRandGenerator.dll
<20:05:08> Loading plugin PlayFab.dll
<20:05:08> Loading plugin CEVPlayer.dll
<20:05:09> Font initialization
<20:05:09> Using FreeType 2.5.5
<20:05:10> Network initialization
<20:05:10> [net] Socket IO management: External [iocp], Internal [iocp]
<20:05:10> network hostname: DESKTOP-GKEDPQ6
<20:05:10>   ip:192.168.20.21
<20:05:10> [Network Version]: PROFILE DEVELOPMENT BUILD
<20:05:10> MovieSystem initialization
<20:05:10> Console initialization
<20:05:10> Time initialization
<20:05:10> Input initialization
<20:05:10> AI initialization
<20:05:10>  
<20:05:10>     con_debug = 0 []
<20:05:10>     con_display_last_messages = 0 []
<20:05:10>     con_line_buffer_size = 1000 []
<20:05:10>     con_restricted = 0 [RESTRICTEDMODE]
<20:05:10>     con_showonload = 0 []
<20:05:10>  
<20:05:10>     con_debug = 0 []
<20:05:10>     con_display_last_messages = 0 []
<20:05:10>     con_line_buffer_size = 1000 []
<20:05:10>     con_restricted = 0 [RESTRICTEDMODE]
<20:05:10>     con_showonload = 0 []
<20:05:10>  
<20:05:10>     con_debug = 0 []
<20:05:10>  
<20:05:10>     con_debug = 0 []
<20:05:10> Initializing Animation System
<20:05:10> Initializing 3D Engine
<20:05:10> Script System Initialization
<20:05:10> Entity system initialization
<20:05:10> Initializing AI System
<20:05:10> Initializing additional systems
<20:05:10> Dynamic Response System initialization
<20:05:10> DLL Failed to load, error code: 7E
<20:05:10> No Dynamic Response System was loaded from a module, will use the NULL implementation.
<20:05:10> [Steam] Steam API initialized successfully
<20:05:11> <ThreadConfigInfo>: [XML Parsing] Thread with name "Main" already loaded. Overriding with new configuration
<20:05:11> <ThreadConfigInfo>: [XML Parsing] Thread with name "Network" already loaded. Overriding with new configuration
<20:05:11> <ThreadConfigInfo>: [XML Parsing] Thread with name "NetworkStallTicker" already loaded. Overriding with new configuration
<20:05:11> <ThreadConfigInfo>: [XML Parsing] Thread with name "ZLibCompressor" already loaded. Overriding with new configuration
<20:05:11> <ThreadConfigInfo>: [XML Parsing] Thread with name "NetworkStallTicker" already loaded. Overriding with new configuration
<20:05:11> <ThreadConfigInfo>: [XML Parsing] Thread with name "ZLibCompressor" already loaded. Overriding with new configuration
<20:05:11> <ThreadConfigInfo>: [XML Parsing] Thread with name "TelemetryCopier" already loaded. Overriding with new configuration
<20:05:11> <ThreadConfigInfo>: [XML Parsing] Thread with name "StatsAgent" already loaded. Overriding with new configuration
<20:05:11> <ThreadConfigInfo>: Thread profile loaded: "pc_8" (config/game.thread_config)  
<20:05:11> Initializing default materials...
<20:05:17> [MFX] Loading FXLib 'breakables' ...
<20:05:17> [MFX] Loading FXLib 'collisions' ...
<20:05:17> [MFX] Loading FXLib 'foley' ...
<20:05:17> [MFX] Loading FXLib 'foley_grunt' ...
<20:05:17> [MFX] Loading FXLib 'foley_player' ...
<20:05:17> [MFX] Loading FXLib 'footstep_grunt' ...
<20:05:17> [MFX] Loading FXLib 'footstep_player' ...
<20:05:17> [MFX] Loading FXLib 'footsteps' ...
<20:05:17> [MFX] Loading FXLib 'grenade' ...
<20:05:17> [MFX] Loading FXLib 'melee' ...
<20:05:17> [MFX] Loading FXLib 'player_fx' ...
<20:05:17> [MFX] Loading FXLib 'projectiles' ...
<20:05:17> [MFX] Loading FXLib 'tornado' ...
<20:05:17> [MFX] Loading FXLib 'vegetation' ...
<20:05:17> [MFX] Loading FXLib 'vehicles' ...
<20:05:17> [MFX] Loading FXLib 'breakables' ...
<20:05:17> [MFX] Loading FXLib 'collisions' ...
<20:05:17> [MFX] Loading FXLib 'foley' ...
<20:05:17> [MFX] Loading FXLib 'foley_grunt' ...
<20:05:17> [MFX] Loading FXLib 'foley_player' ...
<20:05:17> [MFX] Loading FXLib 'footstep_grunt' ...
<20:05:17> [MFX] Loading FXLib 'footstep_player' ...
<20:05:17> [MFX] Loading FXLib 'footsteps' ...
<20:05:17> [MFX] Loading FXLib 'grenade' ...
<20:05:17> [MFX] Loading FXLib 'melee' ...
<20:05:17> [MFX] Loading FXLib 'player_fx' ...
<20:05:17> [MFX] Loading FXLib 'projectiles' ...
<20:05:17> [MFX] Loading FXLib 'tornado' ...
<20:05:17> [MFX] Loading FXLib 'vegetation' ...
<20:05:17> [MFX] Loading FXLib 'vehicles' ...
<20:05:17> Creating socket on port 2838
<20:05:17> CreateDatagramSocket c1
<20:05:17> CreateDatagramSocket c2
<20:05:33> Iterator 0
<20:05:33> Size 30
<20:05:33> Iterator 1
<20:05:33> Size 30
<20:05:33> Iterator 2
<20:05:33> Size 30
<20:05:33> Iterator 3
<20:05:33> Size 30
<20:05:33> Iterator 4
<20:05:33> Size 30
<20:05:33> Iterator 5
<20:05:33> Size 30
<20:05:33> Iterator 6
<20:05:33> Size 30
<20:05:33> Iterator 7
<20:05:33> Size 30
<20:05:33> Iterator 8
<20:05:33> Size 30
<20:05:33> Iterator 9
<20:05:33> Size 30
<20:05:33> Iterator 10
<20:05:33> Size 30
<20:05:33> Iterator 11
<20:05:33> Size 30
<20:05:33> Iterator 12
<20:05:33> Size 30
<20:05:33> Iterator 13
<20:05:33> Size 30
<20:05:33> Iterator 14
<20:05:33> Size 30
<20:05:33> playerName Kornflakes
<20:05:33> Iterator 15
<20:05:33> Size 30
<20:05:33> Iterator 16
<20:05:33> Size 30
<20:05:33> Iterator 17
<20:05:33> Size 30
<20:05:33> Iterator 18
<20:05:33> Size 30
<20:05:33> Iterator 19
<20:05:33> Size 30
<20:05:33> Iterator 20
<20:05:33> Size 30
<20:05:33> Iterator 21
<20:05:33> Size 30
<20:05:33> Iterator 22
<20:05:33> Size 30
<20:05:33> Iterator 23
<20:05:33> Size 30
<20:05:33> Iterator 24
<20:05:33> Size 30
<20:05:33> Iterator 25
<20:05:33> Size 30
<20:05:33> Iterator 26
<20:05:33> Size 30
<20:05:33> Iterator 27
<20:05:33> Size 30
<20:05:33> Iterator 28
<20:05:33> Size 30
<20:05:33> Iterator 29
<20:05:33> Size 30
<20:05:33> playerName Kornflakes
<20:05:33> Iterator 30
<20:05:33> Size 30
<20:05:47> CreateDatagramSocket c1
<20:05:49> Game rules class: InstantAction
<20:05:49> ============================ PrepareLevel Multiplayer/Purgatorium_Esc_Cw ============================
<20:06:36> CryAnimation: character-definition not found: objects/characters/human/sdk_player/sdk_player.cdf
<20:06:36> CryAnimation: character-definition not found: objects/characters/human/sdk_player/sdk_player.cdf
<20:06:36> CryAnimation: character-definition not found: objects/characters/human/sdk_player/sdk_player.cdf
<20:06:37> CryAnimation: character-definition not found: objects/characters/human/sdk_player/sdk_player.cdf
<20:06:37> CryAnimation: character-definition not found: objects/characters/human/sdk_player/sdk_player.cdf
<20:06:37> CryAnimation: character-definition not found: objects/characters/human/sdk_player/sdk_player.cdf
<20:06:37> CryAnimation: character-definition not found: objects/characters/human/sdk_player/sdk_player.cdf
<20:06:37> CryAnimation: character-definition not found: objects/characters/human/sdk_player/sdk_player.cdf
<20:06:37> CryAnimation: character-definition not found: objects/characters/human/sdk_player/sdk_player.cdf
<20:06:37> CryAnimation: character-definition not found: objects/characters/human/sdk_player/sdk_player.cdf
<20:06:37> CryAnimation: character-definition not found: objects/characters/human/sdk_player/sdk_player.cdf
<20:06:37> CryAnimation: character-definition not found: objects/characters/human/sdk_player/sdk_player.cdf
<20:06:37> CryAnimation: character-definition not found: objects/characters/human/sdk_player/sdk_player.cdf
<20:06:37> CryAnimation: character-definition not found: objects/characters/human/sdk_player/sdk_player.cdf
<20:06:37> CryAnimation: character-definition not found: objects/characters/human/sdk_player/sdk_player.cdf
<20:06:37> CryAnimation: character-definition not found: objects/characters/human/sdk_player/sdk_player.cdf
<20:06:37> CryAnimation: character-definition not found: objects/characters/human/sdk_player/sdk_player.cdf
<20:06:37> CryAnimation: character-definition not found: objects/characters/human/sdk_player/sdk_player.cdf
<20:06:37> CryAnimation: character-definition not found: objects/characters/human/sdk_player/sdk_player.cdf
<20:06:37> CryAnimation: character-definition not found: objects/characters/human/sdk_player/sdk_player.cdf
<20:06:37> CryAnimation: character-definition not found: objects/characters/human/sdk_player/sdk_player.cdf
<20:06:40> CryAnimation: character-definition not found: objects/characters/human/sdk_player/sdk_player.cdf
<20:06:40> CryAnimation: character-definition not found: objects/characters/human/sdk_player/sdk_player.cdf
<20:06:40> CryAnimation: character-definition not found: objects/characters/human/sdk_player/sdk_player.cdf
<20:06:42> PLAYERNAME Kornflakes
<20:06:43> CryAnimation: character-definition not found: objects/characters/man.cdf
<20:06:45> CryAnimation: character-definition not found: objects/characters/human/sdk_player/sdk_player.cdf
<20:06:45> CryAnimation: character-definition not found: objects/characters/human/sdk_player/sdk_player.cdf
<20:06:45> CryAnimation: character-definition not found: objects/characters/human/sdk_player/sdk_player.cdf
<20:06:54> CryAnimation: character-definition not found: objects/characters/human/sdk_player/sdk_player.cdf
<20:06:54> CryAnimation: character-definition not found: objects/characters/human/sdk_player/sdk_player.cdf
<20:06:54> CryAnimation: character-definition not found: objects/characters/human/sdk_player/sdk_player.cdf
<20:07:08> CryAnimation: character-definition not found: objects/characters/human/sdk_player/sdk_player.cdf
<20:07:08> CryAnimation: character-definition not found: objects/characters/human/sdk_player/sdk_player.cdf
<20:07:08> CryAnimation: character-definition not found: objects/characters/human/sdk_player/sdk_player.cdf
<20:07:13> CryAnimation: character-definition not found: objects/characters/human/sdk_player/sdk_player.cdf
<20:07:13> CryAnimation: character-definition not found: objects/characters/human/sdk_player/sdk_player.cdf
<20:07:13> CryAnimation: character-definition not found: objects/characters/human/sdk_player/sdk_player.cdf
<20:07:15> d_prerec_msg 
<20:07:17> CryAnimation: character-definition not found: objects/characters/human/sdk_player/sdk_player.cdf
<20:07:17> CryAnimation: character-definition not found: objects/characters/human/sdk_player/sdk_player.cdf
<20:07:17> CryAnimation: character-definition not found: objects/characters/human/sdk_player/sdk_player.cdf
<20:07:18> d_prerec_msg 
<20:07:29> d_prerec_msg 
<20:07:31> CryAnimation: character-definition not found: objects/characters/human/sdk_player/sdk_player.cdf
<20:07:31> CryAnimation: character-definition not found: objects/characters/human/sdk_player/sdk_player.cdf
<20:07:31> CryAnimation: character-definition not found: objects/characters/human/sdk_player/sdk_player.cdf
<20:07:35> d_prerec_msg 
<20:07:38> CryAnimation: character-definition not found: objects/characters/human/sdk_player/sdk_player.cdf
<20:07:38> CryAnimation: character-definition not found: objects/characters/human/sdk_player/sdk_player.cdf
<20:07:38> CryAnimation: character-definition not found: objects/characters/human/sdk_player/sdk_player.cdf
<20:07:55> CryAnimation: character-definition not found: objects/characters/human/sdk_player/sdk_player.cdf
<20:07:55> CryAnimation: character-definition not found: objects/characters/human/sdk_player/sdk_player.cdf
<20:07:55> CryAnimation: character-definition not found: objects/characters/human/sdk_player/sdk_player.cdf
<20:08:30> CryAnimation: character-definition not found: objects/characters/human/sdk_player/sdk_player.cdf
<20:08:30> CryAnimation: character-definition not found: objects/characters/human/sdk_player/sdk_player.cdf
<20:08:30> CryAnimation: character-definition not found: objects/characters/human/sdk_player/sdk_player.cdf
<20:08:36> CryAnimation: character-definition not found: objects/characters/human/sdk_player/sdk_player.cdf
<20:08:36> CryAnimation: character-definition not found: objects/characters/human/sdk_player/sdk_player.cdf
<20:08:36> CryAnimation: character-definition not found: objects/characters/human/sdk_player/sdk_player.cdf
<20:09:01> ast_used_prerec_msg 
<20:09:03> ast_used_prerec_msg 
<20:09:05> d_prerec_msg 
<20:09:09> d_prerec_msg 
<20:09:33> ast_used_prerec_msg 
<20:09:35> ast_used_prerec_msg 
<20:09:41> ast_used_prerec_msg 
<20:09:45> sed_prerec_msg 
<20:09:58> ast_used_prerec_msg 
<20:10:38> ed_prerec_msg 
<20:11:58> sed_prerec_msg 
<20:12:18> CHUDNv::showPickArmorGradient()
<20:12:19> CHUDNv::showPickArmorGradient()
<20:12:22> CHUDNv::showPickArmorGradient()
<20:12:41> ast_used_prerec_msg 
<20:12:43> ast_used_prerec_msg 
<20:12:56> ast_used_prerec_msg 
<20:13:11> d_prerec_msg 
<20:13:19> d_prerec_msg 
<20:13:21> msg 
<20:13:24> ast_used_prerec_msg 
<20:13:25> msg 
<20:13:54> d_prerec_msg 
<20:14:08> ed_prerec_msg 
<20:14:13> ed_prerec_msg 
<20:14:24> ed_prerec_msg 
<20:14:27> ast_used_prerec_msg 
<20:15:11> sed_prerec_msg 
<20:15:17> ast_used_prerec_msg 
<20:15:18> d_prerec_msg 
<20:15:37> CryAnimation: character-definition not found: objects/characters/human/sdk_player/sdk_player.cdf
<20:15:37> CryAnimation: character-definition not found: objects/characters/human/sdk_player/sdk_player.cdf
<20:15:37> CryAnimation: character-definition not found: objects/characters/human/sdk_player/sdk_player.cdf
<20:17:41> CVehicleSeat::NetSetPassengerId c2
<20:17:41> CVehicleSeat::Enter called
<20:17:42> ast_used_prerec_msg 
<20:17:51> CryAnimation: character-definition not found: objects/characters/human/sdk_player/sdk_player.cdf
<20:17:51> CryAnimation: character-definition not found: objects/characters/human/sdk_player/sdk_player.cdf
<20:17:51> CryAnimation: character-definition not found: objects/characters/human/sdk_player/sdk_player.cdf
<20:19:12> st_used_prerec_msg 
<20:19:14> _used_prerec_msg 
<20:19:20> ast_used_prerec_msg 
<20:19:27> st_used_prerec_msg 
<20:19:36> st_used_prerec_msg 
<20:19:39> used_prerec_msg 
<20:19:42> msg 
<20:19:44> used_prerec_msg 
<20:19:45> ed_prerec_msg 
<20:19:45> erec_msg 
<20:19:47> rerec_msg 
<20:20:02> CHUDNv::showPickArmorGradient()
<20:20:03> CHUDNv::showPickArmorGradient()
<20:20:25> CHUDNv::showPickArmorGradient()
<20:20:45> CTrain::SmplPlaySnd train_gts
<20:21:27> CGameClientChannel::Release
<20:21:27> gEnv->pRenderer->Draw2dImage XXX
<20:21:30> remapped bone indices with refcount '4294967287' still around for 'objects/zhg_objects/characters/sets/vanityset/vanityset_torso.skin 0x00000211C0D967E0
<20:21:30> remapped bone indices with refcount '4294967287' still around for 'objects/zhg_objects/characters/sets/vanityset/vanityset_torso.skin 0x00000211C0D96B00
<20:21:30> remapped bone indices with refcount '4294967287' still around for 'objects/zhg_objects/characters/sets/vanityset/vanityset_torso.skin 0x00000211C0D98400
<20:21:30> remapped bone indices with refcount '4294967287' still around for 'objects/zhg_objects/characters/sets/vanityset/vanityset_pants.skin 0x00000211C0D96E20
<20:21:30> remapped bone indices with refcount '4294967287' still around for 'objects/zhg_objects/characters/sets/vanityset/vanityset_pants.skin 0x00000211C0D980E0
<20:21:30> remapped bone indices with refcount '4294967287' still around for 'objects/zhg_objects/characters/sets/vanityset/vanityset_pants.skin 0x00000211C0D98720
<20:21:30> remapped bone indices with refcount '4294967287' still around for 'objects/zhg_objects/characters/sets/vanityset/vanityset_head.skin 0x00000211C0D999E0
<20:21:30> remapped bone indices with refcount '4294967287' still around for 'objects/zhg_objects/characters/sets/vanityset/vanityset_head.skin 0x00000211C0D9A020
<20:21:30> remapped bone indices with refcount '4294967287' still around for 'objects/zhg_objects/characters/sets/vanityset/vanityset_head.skin 0x00000211C0D996C0
<20:21:30> remapped bone indices with refcount '4294967287' still around for 'objects/zhg_objects/characters/sets/safetyset/safetyset_head.skin 0x00000211C0D98D60
<20:21:30> remapped bone indices with refcount '4294967287' still around for 'objects/zhg_objects/characters/sets/safetyset/safetyset_head.skin 0x00000211C0BB6150
<20:21:30> remapped bone indices with refcount '4294967287' still around for 'objects/zhg_objects/characters/sets/safetyset/safetyset_head.skin 0x00000211C0BB54D0
<20:21:30> remapped bone indices with refcount '4294967267' still around for 'objects/zhg_objects/characters/sets/rebellionset/rebellionset_torso.skin 0x00000211C0BB5E30
<20:21:30> remapped bone indices with refcount '4294967267' still around for 'objects/zhg_objects/characters/sets/rebellionset/rebellionset_torso.skin 0x00000211C0BB5B10
<20:21:30> remapped bone indices with refcount '4294967267' still around for 'objects/zhg_objects/characters/sets/rebellionset/rebellionset_torso.skin 0x00000211C0BB57F0
<20:21:30> remapped bone indices with refcount '4294967277' still around for 'objects/zhg_objects/characters/sets/rebellionset/rebellionset_pants.skin 0x00000211C0BB6DD0
<20:21:30> remapped bone indices with refcount '4294967277' still around for 'objects/zhg_objects/characters/sets/rebellionset/rebellionset_pants.skin 0x00000211C0BB6AB0
<20:21:30> remapped bone indices with refcount '4294967277' still around for 'objects/zhg_objects/characters/sets/rebellionset/rebellionset_pants.skin 0x00000211C0BB7A50
<20:21:30> remapped bone indices with refcount '4294967287' still around for 'objects/zhg_objects/characters/sets/rebellionset/rebellionset_head.skin 0x00000211C0BB70F0
<20:21:30> remapped bone indices with refcount '4294967287' still around for 'objects/zhg_objects/characters/sets/rebellionset/rebellionset_head.skin 0x00000211C0BB51B0
<20:21:30> remapped bone indices with refcount '4294967287' still around for 'objects/zhg_objects/characters/sets/rebellionset/rebellionset_head.skin 0x00000211C0BB83B0
<20:21:30> remapped bone indices with refcount '4294967277' still around for 'objects/zhg_objects/characters/sets/rebellionset/rebelliomset_hands.skin 0x00000211C0BB8090
<20:21:30> remapped bone indices with refcount '4294967277' still around for 'objects/zhg_objects/characters/sets/rebellionset/rebelliomset_hands.skin 0x00000211C0BB4850
<20:21:30> remapped bone indices with refcount '4294967277' still around for 'objects/zhg_objects/characters/sets/rebellionset/rebelliomset_hands.skin 0x00000211C0BB7D70
<20:21:30> remapped bone indices with refcount '4294967277' still around for 'objects/zhg_objects/characters/sets/rebellionset/rebelliomset_hands.skin 0x00000211C0BB6790
<20:21:30> remapped bone indices with refcount '4294967287' still around for 'objects/zhg_objects/characters/sets/loverset/loverset_torso.skin 0x00000211C0BB7730
<20:21:30> remapped bone indices with refcount '4294967287' still around for 'objects/zhg_objects/characters/sets/loverset/loverset_torso.skin 0x00000211C0BB4E90
<20:21:30> remapped bone indices with refcount '4294967287' still around for 'objects/zhg_objects/characters/sets/loverset/loverset_torso.skin 0x00000211C0BB6470
<20:21:30> remapped bone indices with refcount '4294967287' still around for 'objects/zhg_objects/characters/sets/loverset/loverset_head.skin 0x00000211C0BB7410
<20:21:30> remapped bone indices with refcount '4294967287' still around for 'objects/zhg_objects/characters/sets/loverset/loverset_head.skin 0x00000211C0BB4B70
<20:21:30> remapped bone indices with refcount '4294967287' still around for 'objects/zhg_objects/characters/sets/loverset/loverset_head.skin 0x0000021129854DE0
<20:21:30> remapped bone indices with refcount '4294967287' still around for 'objects/zhg_objects/characters/sets/leaderset/leaderset_torso.skin 0x00000211298534E0
<20:21:30> remapped bone indices with refcount '4294967287' still around for 'objects/zhg_objects/characters/sets/leaderset/leaderset_torso.skin 0x0000021129852EA0
<20:21:30> remapped bone indices with refcount '4294967287' still around for 'objects/zhg_objects/characters/sets/leaderset/leaderset_torso.skin 0x00000211298518C0
<20:21:30> remapped bone indices with refcount '4294967287' still around for 'objects/zhg_objects/characters/sets/leaderset/leaderset_pants.skin 0x00000211298547A0
<20:21:30> remapped bone indices with refcount '4294967287' still around for 'objects/zhg_objects/characters/sets/leaderset/leaderset_pants.skin 0x0000021129854480
<20:21:30> remapped bone indices with refcount '4294967287' still around for 'objects/zhg_objects/characters/sets/leaderset/leaderset_pants.skin 0x0000021129852860
<20:21:30> remapped bone indices with refcount '4294967287' still around for 'objects/zhg_objects/characters/sets/leaderset/leaderset_head.skin 0x0000021129853B20
<20:21:30> remapped bone indices with refcount '4294967287' still around for 'objects/zhg_objects/characters/sets/leaderset/leaderset_head.skin 0x00000211298515A0
<20:21:30> remapped bone indices with refcount '4294967287' still around for 'objects/zhg_objects/characters/sets/leaderset/leaderset_head.skin 0x00000211298531C0
<20:21:30> remapped bone indices with refcount '4294967287' still around for 'objects/zhg_objects/characters/sets/hopefullset/hopefullset_torso.skin 0x0000021129851F00
<20:21:30> remapped bone indices with refcount '4294967287' still around for 'objects/zhg_objects/characters/sets/hopefullset/hopefullset_torso.skin 0x0000021129852B80
<20:21:30> remapped bone indices with refcount '4294967287' still around for 'objects/zhg_objects/characters/sets/hopefullset/hopefullset_torso.skin 0x0000021129854AC0
<20:21:30> remapped bone indices with refcount '4294967287' still around for 'objects/zhg_objects/characters/sets/hopefullset/hopefullset_pants.skin 0x0000021129852540
<20:21:30> remapped bone indices with refcount '4294967287' still around for 'objects/zhg_objects/characters/sets/hopefullset/hopefullset_pants.skin 0x0000021129854160
<20:21:30> remapped bone indices with refcount '4294967287' still around for 'objects/zhg_objects/characters/sets/hopefullset/hopefullset_pants.skin 0x0000021129853E40
<20:21:30> remapped bone indices with refcount '4294967287' still around for 'objects/zhg_objects/characters/sets/hopefullset/hopefullset_head.skin 0x0000021129853800
<20:21:30> remapped bone indices with refcount '4294967287' still around for 'objects/zhg_objects/characters/sets/hopefullset/hopefullset_head.skin 0x0000021129852220
<20:21:30> remapped bone indices with refcount '4294967287' still around for 'objects/zhg_objects/characters/sets/hopefullset/hopefullset_head.skin 0x0000021129851BE0
<20:21:30> remapped bone indices with refcount '4294967287' still around for 'objects/zhg_objects/characters/sets/doubtset/doubtset_head.skin 0x0000021129851280
<20:21:30> remapped bone indices with refcount '4294967295' still around for 'objects/zhg_objects/characters/conserve/conserve_body.skin 0x00000211B28DDD50
<20:21:30> remapped bone indices with refcount '4294967295' still around for 'objects/zhg_objects/characters/conserve/conserve_body.skin 0x00000211B28DE070
<20:22:21> CreateDatagramSocket c1
<20:22:24> Game rules class: InstantAction
<20:22:24> ============================ PrepareLevel Multiplayer/Purgatorium_Esc ============================
<20:22:24> Initializing default materials...
<20:22:40> [MFX] Loading FXLib 'breakables' ...
<20:22:40> [MFX] Loading FXLib 'collisions' ...
<20:22:40> [MFX] Loading FXLib 'foley' ...
<20:22:40> [MFX] Loading FXLib 'foley_grunt' ...
<20:22:40> [MFX] Loading FXLib 'foley_player' ...
<20:22:40> [MFX] Loading FXLib 'footstep_grunt' ...
<20:22:40> [MFX] Loading FXLib 'footstep_player' ...
<20:22:40> [MFX] Loading FXLib 'footsteps' ...
<20:22:40> [MFX] Loading FXLib 'grenade' ...
<20:22:40> [MFX] Loading FXLib 'melee' ...
<20:22:40> [MFX] Loading FXLib 'player_fx' ...
<20:22:40> [MFX] Loading FXLib 'projectiles' ...
<20:22:40> [MFX] Loading FXLib 'tornado' ...
<20:22:40> [MFX] Loading FXLib 'vegetation' ...
<20:22:40> [MFX] Loading FXLib 'vehicles' ...
<20:23:05> CryAnimation: character-definition not found: objects/characters/human/sdk_player/sdk_player.cdf
<20:23:05> CryAnimation: character-definition not found: objects/characters/human/sdk_player/sdk_player.cdf
<20:23:05> CryAnimation: character-definition not found: objects/characters/human/sdk_player/sdk_player.cdf
<20:23:05> CryAnimation: character-definition not found: objects/characters/human/sdk_player/sdk_player.cdf
<20:23:05> CryAnimation: character-definition not found: objects/characters/human/sdk_player/sdk_player.cdf
<20:23:05> CryAnimation: character-definition not found: objects/characters/human/sdk_player/sdk_player.cdf
<20:23:05> CryAnimation: character-definition not found: objects/characters/human/sdk_player/sdk_player.cdf
<20:23:05> CryAnimation: character-definition not found: objects/characters/human/sdk_player/sdk_player.cdf
<20:23:05> CryAnimation: character-definition not found: objects/characters/human/sdk_player/sdk_player.cdf
<20:23:05> CryAnimation: character-definition not found: objects/characters/human/sdk_player/sdk_player.cdf
<20:23:05> CryAnimation: character-definition not found: objects/characters/human/sdk_player/sdk_player.cdf
<20:23:05> CryAnimation: character-definition not found: objects/characters/human/sdk_player/sdk_player.cdf
<20:23:05> CryAnimation: character-definition not found: objects/characters/human/sdk_player/sdk_player.cdf
<20:23:05> CryAnimation: character-definition not found: objects/characters/human/sdk_player/sdk_player.cdf
<20:23:05> CryAnimation: character-definition not found: objects/characters/human/sdk_player/sdk_player.cdf
<20:23:05> CryAnimation: character-definition not found: objects/characters/human/sdk_player/sdk_player.cdf
<20:23:05> CryAnimation: character-definition not found: objects/characters/human/sdk_player/sdk_player.cdf
<20:23:05> CryAnimation: character-definition not found: objects/characters/human/sdk_player/sdk_player.cdf
<20:23:05> CryAnimation: character-definition not found: objects/characters/human/sdk_player/sdk_player.cdf
<20:23:05> CryAnimation: character-definition not found: objects/characters/human/sdk_player/sdk_player.cdf
<20:23:05> CryAnimation: character-definition not found: objects/characters/human/sdk_player/sdk_player.cdf
<20:23:05> CryAnimation: character-definition not found: objects/characters/human/sdk_player/sdk_player.cdf
<20:23:05> CryAnimation: character-definition not found: objects/characters/human/sdk_player/sdk_player.cdf
<20:23:05> CryAnimation: character-definition not found: objects/characters/human/sdk_player/sdk_player.cdf
<20:23:05> CryAnimation: character-definition not found: objects/characters/human/sdk_player/sdk_player.cdf
<20:23:05> CryAnimation: character-definition not found: objects/characters/human/sdk_player/sdk_player.cdf
<20:23:05> CryAnimation: character-definition not found: objects/characters/human/sdk_player/sdk_player.cdf
<20:23:05> CryAnimation: character-definition not found: objects/characters/human/sdk_player/sdk_player.cdf
<20:23:05> CryAnimation: character-definition not found: objects/characters/human/sdk_player/sdk_player.cdf
<20:23:05> CryAnimation: character-definition not found: objects/characters/human/sdk_player/sdk_player.cdf
<20:23:08> CryAnimation: character-definition not found: objects/characters/human/sdk_player/sdk_player.cdf
<20:23:08> CryAnimation: character-definition not found: objects/characters/human/sdk_player/sdk_player.cdf
<20:23:08> CryAnimation: character-definition not found: objects/characters/human/sdk_player/sdk_player.cdf
<20:23:09> PLAYERNAME Kornflakes
<20:23:10> CryAnimation: character-definition not found: objects/characters/man.cdf
<20:23:11> CryAnimation: character-definition not found: objects/characters/human/sdk_player/sdk_player.cdf
<20:23:11> CryAnimation: character-definition not found: objects/characters/human/sdk_player/sdk_player.cdf
<20:23:11> CryAnimation: character-definition not found: objects/characters/human/sdk_player/sdk_player.cdf
<20:23:22> d_prerec_msg 
<20:23:24> d_prerec_msg 
<20:23:26> d_prerec_msg 
<20:23:31> d_prerec_msg 
<20:23:33> d_prerec_msg 
<20:23:36> d_prerec_msg 
<20:23:36> d_prerec_msg 
<20:23:38> d_prerec_msg 
<20:23:39> ed_prerec_msg 
<20:23:39> d_prerec_msg 
<20:23:41> d_prerec_msg 
<20:23:47> sg 
<20:23:50> ed_prerec_msg 
<20:23:52> ed_prerec_msg 
<20:23:54> ed_prerec_msg 
<20:24:14> d_prerec_msg 
<20:24:40> CryAnimation: character-definition not found: objects/characters/human/sdk_player/sdk_player.cdf
<20:24:40> CryAnimation: character-definition not found: objects/characters/human/sdk_player/sdk_player.cdf
<20:24:40> CryAnimation: character-definition not found: objects/characters/human/sdk_player/sdk_player.cdf
<20:24:48> d_prerec_msg 
<20:24:48> _used_prerec_msg 
<20:24:50> _used_prerec_msg 
<20:24:51> used_prerec_msg 
<20:24:54> sed_prerec_msg 
<20:24:58> used_prerec_msg 
<20:24:59> used_prerec_msg 
<20:25:06> d_prerec_msg 
<20:25:08> d_prerec_msg 
<20:25:10> d_prerec_msg 
<20:25:12> d_prerec_msg 
<20:25:13> CryAnimation: character-definition not found: objects/characters/human/sdk_player/sdk_player.cdf
<20:25:13> CryAnimation: character-definition not found: objects/characters/human/sdk_player/sdk_player.cdf
<20:25:13> CryAnimation: character-definition not found: objects/characters/human/sdk_player/sdk_player.cdf
<20:25:15> d_prerec_msg 
<20:25:16> st_used_prerec_msg 
<20:25:16> d_prerec_msg 
<20:25:18> sed_prerec_msg 
<20:25:19> sed_prerec_msg 
<20:25:21> _used_prerec_msg 
<20:25:21> sed_prerec_msg 
<20:25:23> _used_prerec_msg 
<20:25:24> st_used_prerec_msg 
<20:25:29> used_prerec_msg 
<20:25:35> used_prerec_msg 
<20:25:35> used_prerec_msg 
<20:25:40> _used_prerec_msg 
<20:25:46> CryAnimation: character-definition not found: objects/characters/human/sdk_player/sdk_player.cdf
<20:25:46> CryAnimation: character-definition not found: objects/characters/human/sdk_player/sdk_player.cdf
<20:25:46> CryAnimation: character-definition not found: objects/characters/human/sdk_player/sdk_player.cdf
<20:25:46> used_prerec_msg 
<20:25:52> _used_prerec_msg 
<20:25:56> _used_prerec_msg 
<20:25:58> ast_used_prerec_msg 
<20:26:00> ast_used_prerec_msg 
<20:26:08> CGameClientChannel::Release
<20:26:08> gEnv->pRenderer->Draw2dImage XXX
<20:26:10> remapped bone indices with refcount '4294967294' still around for 'objects/zhg_objects/characters/sets/vanityset/vanityset_torso.skin 0x000002127DC1F390
<20:26:10> remapped bone indices with refcount '4294967294' still around for 'objects/zhg_objects/characters/sets/vanityset/vanityset_torso.skin 0x000002127DC1D130
<20:26:10> remapped bone indices with refcount '4294967294' still around for 'objects/zhg_objects/characters/sets/vanityset/vanityset_torso.skin 0x000002127DC1C190
<20:26:10> remapped bone indices with refcount '4294967294' still around for 'objects/zhg_objects/characters/sets/vanityset/vanityset_pants.skin 0x000002127DC1E710
<20:26:10> remapped bone indices with refcount '4294967294' still around for 'objects/zhg_objects/characters/sets/vanityset/vanityset_pants.skin 0x000002127DC22270
<20:26:10> remapped bone indices with refcount '4294967294' still around for 'objects/zhg_objects/characters/sets/vanityset/vanityset_pants.skin 0x000002127DC1B1F0
<20:26:10> remapped bone indices with refcount '4294967294' still around for 'objects/zhg_objects/characters/sets/vanityset/vanityset_head.skin 0x000002127DC1F070
<20:26:10> remapped bone indices with refcount '4294967294' still around for 'objects/zhg_objects/characters/sets/vanityset/vanityset_head.skin 0x000002127DC1E3F0
<20:26:10> remapped bone indices with refcount '4294967294' still around for 'objects/zhg_objects/characters/sets/vanityset/vanityset_head.skin 0x000002127DC1E0D0
<20:26:10> remapped bone indices with refcount '4294967294' still around for 'objects/zhg_objects/characters/sets/safetyset/safetyset_head.skin 0x000002127DC1B510
<20:26:10> remapped bone indices with refcount '4294967294' still around for 'objects/zhg_objects/characters/sets/safetyset/safetyset_head.skin 0x000002127DC1EA30
<20:26:10> remapped bone indices with refcount '4294967294' still around for 'objects/zhg_objects/characters/sets/safetyset/safetyset_head.skin 0x000002127DC1ED50
<20:26:10> remapped bone indices with refcount '4294967288' still around for 'objects/zhg_objects/characters/sets/rebellionset/rebellionset_torso.skin 0x000002127DC1B830
<20:26:10> remapped bone indices with refcount '4294967288' still around for 'objects/zhg_objects/characters/sets/rebellionset/rebellionset_torso.skin 0x000002127DC21F50
<20:26:10> remapped bone indices with refcount '4294967288' still around for 'objects/zhg_objects/characters/sets/rebellionset/rebellionset_torso.skin 0x000002127DC1DDB0
<20:26:10> remapped bone indices with refcount '4294967291' still around for 'objects/zhg_objects/characters/sets/rebellionset/rebellionset_pants.skin 0x000002127DC1BE70
<20:26:10> remapped bone indices with refcount '4294967291' still around for 'objects/zhg_objects/characters/sets/rebellionset/rebellionset_pants.skin 0x000002127DC1ABB0
<20:26:10> remapped bone indices with refcount '4294967291' still around for 'objects/zhg_objects/characters/sets/rebellionset/rebellionset_pants.skin 0x000002127DC21C30
<20:26:10> remapped bone indices with refcount '4294967294' still around for 'objects/zhg_objects/characters/sets/rebellionset/rebellionset_head.skin 0x000002127DC20FB0
<20:26:10> remapped bone indices with refcount '4294967294' still around for 'objects/zhg_objects/characters/sets/rebellionset/rebellionset_head.skin 0x000002127DC20970
<20:26:10> remapped bone indices with refcount '4294967294' still around for 'objects/zhg_objects/characters/sets/rebellionset/rebellionset_head.skin 0x000002127DC1D770
<20:26:10> remapped bone indices with refcount '4294967291' still around for 'objects/zhg_objects/characters/sets/rebellionset/rebelliomset_hands.skin 0x000002127DC21910
<20:26:10> remapped bone indices with refcount '4294967291' still around for 'objects/zhg_objects/characters/sets/rebellionset/rebelliomset_hands.skin 0x000002127DC1D450
<20:26:10> remapped bone indices with refcount '4294967291' still around for 'objects/zhg_objects/characters/sets/rebellionset/rebelliomset_hands.skin 0x000002127DC20650
<20:26:10> remapped bone indices with refcount '4294967291' still around for 'objects/zhg_objects/characters/sets/rebellionset/rebelliomset_hands.skin 0x000002127DC20330
<20:26:10> remapped bone indices with refcount '4294967294' still around for 'objects/zhg_objects/characters/sets/loverset/loverset_torso.skin 0x000002127DC212D0
<20:26:10> remapped bone indices with refcount '4294967294' still around for 'objects/zhg_objects/characters/sets/loverset/loverset_torso.skin 0x000002127DC1BB50
<20:26:10> remapped bone indices with refcount '4294967294' still around for 'objects/zhg_objects/characters/sets/loverset/loverset_torso.skin 0x000002127DC20C90
<20:26:10> remapped bone indices with refcount '4294967294' still around for 'objects/zhg_objects/characters/sets/loverset/loverset_head.skin 0x000002127DC1F9D0
<20:26:10> remapped bone indices with refcount '4294967294' still around for 'objects/zhg_objects/characters/sets/loverset/loverset_head.skin 0x000002127DC1AED0
<20:26:10> remapped bone indices with refcount '4294967294' still around for 'objects/zhg_objects/characters/sets/loverset/loverset_head.skin 0x000002127DC1DA90
<20:26:10> remapped bone indices with refcount '4294967294' still around for 'objects/zhg_objects/characters/sets/leaderset/leaderset_torso.skin 0x000002127DC20010
<20:26:10> remapped bone indices with refcount '4294967294' still around for 'objects/zhg_objects/characters/sets/leaderset/leaderset_torso.skin 0x000002127DC1C4B0
<20:26:10> remapped bone indices with refcount '4294967294' still around for 'objects/zhg_objects/characters/sets/leaderset/leaderset_torso.skin 0x000002127DC1F6B0
<20:26:10> remapped bone indices with refcount '4294967294' still around for 'objects/zhg_objects/characters/sets/leaderset/leaderset_pants.skin 0x000002127DC1A890
<20:26:10> remapped bone indices with refcount '4294967294' still around for 'objects/zhg_objects/characters/sets/leaderset/leaderset_pants.skin 0x000002127DC215F0
<20:26:10> remapped bone indices with refcount '4294967294' still around for 'objects/zhg_objects/characters/sets/leaderset/leaderset_pants.skin 0x000002127DC1FCF0
<20:26:10> remapped bone indices with refcount '4294967294' still around for 'objects/zhg_objects/characters/sets/leaderset/leaderset_head.skin 0x000002127DC1A570
<20:26:10> remapped bone indices with refcount '4294967294' still around for 'objects/zhg_objects/characters/sets/leaderset/leaderset_head.skin 0x000002127DC19F30
<20:26:10> remapped bone indices with refcount '4294967294' still around for 'objects/zhg_objects/characters/sets/leaderset/leaderset_head.skin 0x000002127DC198F0
<20:26:10> remapped bone indices with refcount '4294967294' still around for 'objects/zhg_objects/characters/sets/hopefullset/hopefullset_torso.skin 0x000002127DC195D0
<20:26:10> remapped bone indices with refcount '4294967294' still around for 'objects/zhg_objects/characters/sets/hopefullset/hopefullset_torso.skin 0x000002127DC1A250
<20:26:10> remapped bone indices with refcount '4294967294' still around for 'objects/zhg_objects/characters/sets/hopefullset/hopefullset_torso.skin 0x000002127DC18310
<20:26:10> remapped bone indices with refcount '4294967294' still around for 'objects/zhg_objects/characters/sets/hopefullset/hopefullset_pants.skin 0x000002127DC18950
<20:26:10> remapped bone indices with refcount '4294967294' still around for 'objects/zhg_objects/characters/sets/hopefullset/hopefullset_pants.skin 0x000002127DC192B0
<20:26:10> remapped bone indices with refcount '4294967294' still around for 'objects/zhg_objects/characters/sets/hopefullset/hopefullset_pants.skin 0x000002127DC18630
<20:26:10> remapped bone indices with refcount '4294967294' still around for 'objects/zhg_objects/characters/sets/hopefullset/hopefullset_head.skin 0x000002127DC18F90
<20:26:10> remapped bone indices with refcount '4294967294' still around for 'objects/zhg_objects/characters/sets/hopefullset/hopefullset_head.skin 0x000002127DC17CD0
<20:26:10> remapped bone indices with refcount '4294967294' still around for 'objects/zhg_objects/characters/sets/hopefullset/hopefullset_head.skin 0x000002127DC179B0
<20:26:10> remapped bone indices with refcount '4294967294' still around for 'objects/zhg_objects/characters/sets/doubtset/doubtset_head.skin 0x000002127DC19C10
<20:26:10> remapped bone indices with refcount '4294967294' still around for 'objects/zhg_objects/characters/conserve/conserve_body.skin 0x000002127DC17370
<20:26:10> remapped bone indices with refcount '4294967294' still around for 'objects/zhg_objects/characters/conserve/conserve_body.skin 0x000002127DC17050
<20:26:10> remapped bone indices with refcount '4294967294' still around for 'objects/zhg_objects/characters/conserve/conserve_body.skin 0x000002127DC17FF0
<20:26:30> CreateDatagramSocket c1
<20:26:33> Game rules class: InstantAction
<20:26:33> ============================ PrepareLevel Multiplayer/Purgatorium_Esc ============================
<20:26:33> Initializing default materials...
<20:26:37> [MFX] Loading FXLib 'breakables' ...
<20:26:37> [MFX] Loading FXLib 'collisions' ...
<20:26:37> [MFX] Loading FXLib 'foley' ...
<20:26:37> [MFX] Loading FXLib 'foley_grunt' ...
<20:26:37> [MFX] Loading FXLib 'foley_player' ...
<20:26:37> [MFX] Loading FXLib 'footstep_grunt' ...
<20:26:37> [MFX] Loading FXLib 'footstep_player' ...
<20:26:37> [MFX] Loading FXLib 'footsteps' ...
<20:26:37> [MFX] Loading FXLib 'grenade' ...
<20:26:37> [MFX] Loading FXLib 'melee' ...
<20:26:37> [MFX] Loading FXLib 'player_fx' ...
<20:26:37> [MFX] Loading FXLib 'projectiles' ...
<20:26:37> [MFX] Loading FXLib 'tornado' ...
<20:26:37> [MFX] Loading FXLib 'vegetation' ...
<20:26:37> [MFX] Loading FXLib 'vehicles' ...
<20:26:54> CryAnimation: character-definition not found: objects/characters/human/sdk_player/sdk_player.cdf
<20:26:54> CryAnimation: character-definition not found: objects/characters/human/sdk_player/sdk_player.cdf
<20:26:54> CryAnimation: character-definition not found: objects/characters/human/sdk_player/sdk_player.cdf
<20:26:54> CryAnimation: character-definition not found: objects/characters/human/sdk_player/sdk_player.cdf
<20:26:54> CryAnimation: character-definition not found: objects/characters/human/sdk_player/sdk_player.cdf
<20:26:54> CryAnimation: character-definition not found: objects/characters/human/sdk_player/sdk_player.cdf
<20:26:54> CryAnimation: character-definition not found: objects/characters/human/sdk_player/sdk_player.cdf
<20:26:54> CryAnimation: character-definition not found: objects/characters/human/sdk_player/sdk_player.cdf
<20:26:54> CryAnimation: character-definition not found: objects/characters/human/sdk_player/sdk_player.cdf
<20:26:54> CryAnimation: character-definition not found: objects/characters/human/sdk_player/sdk_player.cdf
<20:26:54> CryAnimation: character-definition not found: objects/characters/human/sdk_player/sdk_player.cdf
<20:26:54> CryAnimation: character-definition not found: objects/characters/human/sdk_player/sdk_player.cdf
<20:26:54> CryAnimation: character-definition not found: objects/characters/human/sdk_player/sdk_player.cdf
<20:26:54> CryAnimation: character-definition not found: objects/characters/human/sdk_player/sdk_player.cdf
<20:26:54> CryAnimation: character-definition not found: objects/characters/human/sdk_player/sdk_player.cdf
<20:26:54> CryAnimation: character-definition not found: objects/characters/human/sdk_player/sdk_player.cdf
<20:26:54> CryAnimation: character-definition not found: objects/characters/human/sdk_player/sdk_player.cdf
<20:26:54> CryAnimation: character-definition not found: objects/characters/human/sdk_player/sdk_player.cdf
<20:26:55> d_prerec_msg 
<20:26:57> CryAnimation: character-definition not found: objects/characters/human/sdk_player/sdk_player.cdf
<20:26:57> CryAnimation: character-definition not found: objects/characters/human/sdk_player/sdk_player.cdf
<20:26:57> CryAnimation: character-definition not found: objects/characters/human/sdk_player/sdk_player.cdf
<20:26:59> PLAYERNAME Kornflakes
<20:26:59> CryAnimation: character-definition not found: objects/characters/man.cdf
<20:26:59> CryAnimation: character-definition not found: objects/characters/human/sdk_player/sdk_player.cdf
<20:26:59> CryAnimation: character-definition not found: objects/characters/human/sdk_player/sdk_player.cdf
<20:26:59> CryAnimation: character-definition not found: objects/characters/human/sdk_player/sdk_player.cdf
<20:27:05> CryAnimation: character-definition not found: objects/characters/human/sdk_player/sdk_player.cdf
<20:27:05> CryAnimation: character-definition not found: objects/characters/human/sdk_player/sdk_player.cdf
<20:27:05> CryAnimation: character-definition not found: objects/characters/human/sdk_player/sdk_player.cdf
<20:27:43> used_prerec_msg 
<20:27:49> CryAnimation: character-definition not found: objects/characters/human/sdk_player/sdk_player.cdf
<20:27:49> CryAnimation: character-definition not found: objects/characters/human/sdk_player/sdk_player.cdf
<20:27:49> CryAnimation: character-definition not found: objects/characters/human/sdk_player/sdk_player.cdf
<20:27:56> CryAnimation: character-definition not found: objects/characters/human/sdk_player/sdk_player.cdf
<20:27:56> CryAnimation: character-definition not found: objects/characters/human/sdk_player/sdk_player.cdf
<20:27:56> CryAnimation: character-definition not found: objects/characters/human/sdk_player/sdk_player.cdf
<20:28:27> ast_used_prerec_msg 
<20:28:30> ast_used_prerec_msg 
<20:28:33> d_prerec_msg 
<20:28:33> CryAnimation: character-definition not found: objects/characters/human/sdk_player/sdk_player.cdf
<20:28:33> CryAnimation: character-definition not found: objects/characters/human/sdk_player/sdk_player.cdf
<20:28:33> CryAnimation: character-definition not found: objects/characters/human/sdk_player/sdk_player.cdf
<20:28:35> ast_used_prerec_msg 
<20:28:36> ast_used_prerec_msg 
<20:28:37> d_prerec_msg 
<20:28:38> ast_used_prerec_msg 
<20:28:38> d_prerec_msg 
<20:28:53> d_prerec_msg 
<20:28:57> d_prerec_msg 
<20:28:58> d_prerec_msg 
<20:29:00> CryAnimation: character-definition not found: objects/characters/human/sdk_player/sdk_player.cdf
<20:29:00> CryAnimation: character-definition not found: objects/characters/human/sdk_player/sdk_player.cdf
<20:29:00> CryAnimation: character-definition not found: objects/characters/human/sdk_player/sdk_player.cdf
<20:29:24> d_prerec_msg 
<20:29:25> d_prerec_msg 
<20:29:27> d_prerec_msg 
<20:29:29> d_prerec_msg 
<20:29:31> used_prerec_msg 
<20:29:31> CryAnimation: character-definition not found: objects/characters/human/sdk_player/sdk_player.cdf
<20:29:31> CryAnimation: character-definition not found: objects/characters/human/sdk_player/sdk_player.cdf
<20:29:31> CryAnimation: character-definition not found: objects/characters/human/sdk_player/sdk_player.cdf
<20:29:32> used_prerec_msg 
<20:29:38> used_prerec_msg 
<20:29:40> used_prerec_msg 
<20:29:41> st_used_prerec_msg 
<20:29:47> st_used_prerec_msg 
<20:29:51> st_used_prerec_msg 
<20:29:52> ast_used_prerec_msg 
<20:29:56> d_prerec_msg 
<20:29:58> d_prerec_msg 
<20:29:59> ast_used_prerec_msg 
<20:30:00> st_used_prerec_msg 
<20:30:26> CryAnimation: character-definition not found: objects/characters/human/sdk_player/sdk_player.cdf
<20:30:26> CryAnimation: character-definition not found: objects/characters/human/sdk_player/sdk_player.cdf
<20:30:26> CryAnimation: character-definition not found: objects/characters/human/sdk_player/sdk_player.cdf
<20:30:43> used_prerec_msg 
<20:30:46> d_prerec_msg 
<20:30:58> d_prerec_msg 
<20:31:01> d_prerec_msg 
<20:31:01> d_prerec_msg 
<20:31:02> d_prerec_msg 
<20:31:27> st_used_prerec_msg 
<20:32:12> d_prerec_msg 
<20:32:14> d_prerec_msg 
<20:32:16> st_used_prerec_msg 
<20:32:21> st_used_prerec_msg 
<20:32:23> st_used_prerec_msg 
<20:32:26> ed_prerec_msg 
<20:33:38> CVehicleSeat::NetSetPassengerId c2
<20:33:38> CVehicleSeat::Enter called
<20:34:03> d_prerec_msg 
<20:34:19> ast_used_prerec_msg 
<20:34:29> sed_prerec_msg 
<20:34:45> ast_used_prerec_msg 
<20:34:50> ast_used_prerec_msg 
<20:35:51> ClReplDropOpen !params.r_openedDr
<20:36:00> ed_prerec_msg 
<20:36:06> ed_prerec_msg 
<20:36:09> ed_prerec_msg 
<20:36:18> ast_used_prerec_msg 
<20:36:25> ClReplDropOpen !params.r_openedDr
<20:37:15> CHUDNv::showPickArmorGradient()
<20:37:36> CHUDNv::showPickArmorGradient()
<20:37:39> ed_prerec_msg 
<20:37:41> CHUDNv::showPickArmorGradient()
<20:37:43> ast_used_prerec_msg 
<20:38:03> CVehicleSeat::NetSetPassengerId c2
<20:38:03> CVehicleSeat::Enter called
<20:38:09> ast_used_prerec_msg 
<20:38:10> CVehicleSeat::NetSetPassengerId c2
<20:38:10> CVehicleSeat::Enter called
<20:38:15> ast_used_prerec_msg 
<20:38:17> CVehicleSeat::Exit called
<20:38:17> CVehicleSeat::Exit called c2
<20:38:17> ClProcessLeave call
<20:38:19> CVehicleSeat::Exit called
<20:38:19> CVehicleSeat::Exit called c2
<20:38:19> ClProcessLeave call
<20:38:19> ed_prerec_msg 
<20:38:36> CHUDNv::showPickArmorGradient()
<20:38:44> ast_used_prerec_msg 
<20:38:58> CHUDNv::showPickArmorGradient()
<20:39:02> ed_prerec_msg 
<20:39:04> d_prerec_msg 
<20:39:27> CHUDNv::showPickArmorGradient()
<20:39:36> CHUDNv::showPickArmorGradient()
<20:40:12> CryAnimation: character-definition not found: objects/characters/human/sdk_player/sdk_player.cdf
<20:40:12> CryAnimation: character-definition not found: objects/characters/human/sdk_player/sdk_player.cdf
<20:40:12> CryAnimation: character-definition not found: objects/characters/human/sdk_player/sdk_player.cdf
<20:40:56> CryAnimation: character-definition not found: objects/characters/human/sdk_player/sdk_player.cdf
<20:40:56> CryAnimation: character-definition not found: objects/characters/human/sdk_player/sdk_player.cdf
<20:40:56> CryAnimation: character-definition not found: objects/characters/human/sdk_player/sdk_player.cdf
<20:41:03> ast_used_prerec_msg 
<20:41:51> CryAnimation: character-definition not found: objects/characters/human/sdk_player/sdk_player.cdf
<20:41:51> CryAnimation: character-definition not found: objects/characters/human/sdk_player/sdk_player.cdf
<20:41:51> CryAnimation: character-definition not found: objects/characters/human/sdk_player/sdk_player.cdf
<20:41:53> ast_used_prerec_msg 
<20:42:54> d_prerec_msg 
<20:45:10> CryAnimation: character-definition not found: objects/characters/human/sdk_player/sdk_player.cdf
<20:45:10> CryAnimation: character-definition not found: objects/characters/human/sdk_player/sdk_player.cdf
<20:45:10> CryAnimation: character-definition not found: objects/characters/human/sdk_player/sdk_player.cdf
<20:45:29> CryAnimation: character-definition not found: objects/characters/human/sdk_player/sdk_player.cdf
<20:45:29> CryAnimation: character-definition not found: objects/characters/human/sdk_player/sdk_player.cdf
<20:45:29> CryAnimation: character-definition not found: objects/characters/human/sdk_player/sdk_player.cdf
<20:45:29> CTrain::SmplPlaySnd train_gts
<20:45:52> CryAnimation: character-definition not found: objects/characters/human/sdk_player/sdk_player.cdf
<20:45:52> CryAnimation: character-definition not found: objects/characters/human/sdk_player/sdk_player.cdf
<20:45:52> CryAnimation: character-definition not found: objects/characters/human/sdk_player/sdk_player.cdf
<20:45:54> CryAnimation: character-definition not found: objects/characters/human/sdk_player/sdk_player.cdf
<20:45:54> CryAnimation: character-definition not found: objects/characters/human/sdk_player/sdk_player.cdf
<20:45:54> CryAnimation: character-definition not found: objects/characters/human/sdk_player/sdk_player.cdf
<20:46:17> CryAnimation: character-definition not found: objects/characters/human/sdk_player/sdk_player.cdf
<20:46:17> CryAnimation: character-definition not found: objects/characters/human/sdk_player/sdk_player.cdf
<20:46:17> CryAnimation: character-definition not found: objects/characters/human/sdk_player/sdk_player.cdf
<20:47:18> d_prerec_msg 
<20:47:32> CryAnimation: character-definition not found: objects/characters/human/sdk_player/sdk_player.cdf
<20:47:32> CryAnimation: character-definition not found: objects/characters/human/sdk_player/sdk_player.cdf
<20:47:32> CryAnimation: character-definition not found: objects/characters/human/sdk_player/sdk_player.cdf
<20:47:37> CTrain::SmplPlaySnd train_gts
<20:48:11> gEnv->pRenderer->Draw2dImage XXX
<20:48:13> remapped bone indices with refcount '4294967291' still around for 'objects/zhg_objects/characters/sets/vanityset/vanityset_torso.skin 0x000002121DCBC060
<20:48:13> remapped bone indices with refcount '4294967291' still around for 'objects/zhg_objects/characters/sets/vanityset/vanityset_torso.skin 0x000002121DCB5300
<20:48:13> remapped bone indices with refcount '4294967291' still around for 'objects/zhg_objects/characters/sets/vanityset/vanityset_torso.skin 0x000002121DCB81E0
<20:48:13> remapped bone indices with refcount '4294967291' still around for 'objects/zhg_objects/characters/sets/vanityset/vanityset_pants.skin 0x000002121DCB4FE0
<20:48:13> remapped bone indices with refcount '4294967291' still around for 'objects/zhg_objects/characters/sets/vanityset/vanityset_pants.skin 0x000002121DCB7EC0
<20:48:13> remapped bone indices with refcount '4294967291' still around for 'objects/zhg_objects/characters/sets/vanityset/vanityset_pants.skin 0x000002121DCB94A0
<20:48:13> remapped bone indices with refcount '4294967291' still around for 'objects/zhg_objects/characters/sets/vanityset/vanityset_head.skin 0x000002121DCBBD40
<20:48:13> remapped bone indices with refcount '4294967291' still around for 'objects/zhg_objects/characters/sets/vanityset/vanityset_head.skin 0x000002121DCBB700
<20:48:13> remapped bone indices with refcount '4294967291' still around for 'objects/zhg_objects/characters/sets/vanityset/vanityset_head.skin 0x000002121DCB9180
<20:48:13> remapped bone indices with refcount '4294967291' still around for 'objects/zhg_objects/characters/sets/safetyset/safetyset_head.skin 0x000002121DCB8E60
<20:48:13> remapped bone indices with refcount '4294967291' still around for 'objects/zhg_objects/characters/sets/safetyset/safetyset_head.skin 0x000002121DCBAA80
<20:48:13> remapped bone indices with refcount '4294967291' still around for 'objects/zhg_objects/characters/sets/safetyset/safetyset_head.skin 0x000002121DCBBA20
<20:48:13> remapped bone indices with refcount '4294967279' still around for 'objects/zhg_objects/characters/sets/rebellionset/rebellionset_torso.skin 0x000002121DCBB3E0
<20:48:13> remapped bone indices with refcount '4294967279' still around for 'objects/zhg_objects/characters/sets/rebellionset/rebellionset_torso.skin 0x000002121DCBADA0
<20:48:13> remapped bone indices with refcount '4294967279' still around for 'objects/zhg_objects/characters/sets/rebellionset/rebellionset_torso.skin 0x000002121DCB68E0
<20:48:13> remapped bone indices with refcount '4294967285' still around for 'objects/zhg_objects/characters/sets/rebellionset/rebellionset_pants.skin 0x000002121DCB7BA0
<20:48:13> remapped bone indices with refcount '4294967285' still around for 'objects/zhg_objects/characters/sets/rebellionset/rebellionset_pants.skin 0x000002121DCB7880
<20:48:13> remapped bone indices with refcount '4294967285' still around for 'objects/zhg_objects/characters/sets/rebellionset/rebellionset_pants.skin 0x000002121DCBA760
<20:48:13> remapped bone indices with refcount '4294967291' still around for 'objects/zhg_objects/characters/sets/rebellionset/rebellionset_head.skin 0x000002121DCBA120
<20:48:13> remapped bone indices with refcount '4294967291' still around for 'objects/zhg_objects/characters/sets/rebellionset/rebellionset_head.skin 0x000002121DCB9E00
<20:48:13> remapped bone indices with refcount '4294967291' still around for 'objects/zhg_objects/characters/sets/rebellionset/rebellionset_head.skin 0x000002121DCBA440
<20:48:13> remapped bone indices with refcount '4294967285' still around for 'objects/zhg_objects/characters/sets/rebellionset/rebelliomset_hands.skin 0x000002121DCB8500
<20:48:13> remapped bone indices with refcount '4294967285' still around for 'objects/zhg_objects/characters/sets/rebellionset/rebelliomset_hands.skin 0x000002121DCBB0C0
<20:48:13> remapped bone indices with refcount '4294967285' still around for 'objects/zhg_objects/characters/sets/rebellionset/rebelliomset_hands.skin 0x000002121DCB9AE0
<20:48:13> remapped bone indices with refcount '4294967285' still around for 'objects/zhg_objects/characters/sets/rebellionset/rebelliomset_hands.skin 0x000002121DCB4360
<20:48:13> remapped bone indices with refcount '4294967291' still around for 'objects/zhg_objects/characters/sets/loverset/loverset_torso.skin 0x000002121DCB97C0
<20:48:13> remapped bone indices with refcount '4294967291' still around for 'objects/zhg_objects/characters/sets/loverset/loverset_torso.skin 0x000002121DCF37E0
<20:48:13> remapped bone indices with refcount '4294967291' still around for 'objects/zhg_objects/characters/sets/loverset/loverset_torso.skin 0x000002121DCF34C0
<20:48:13> remapped bone indices with refcount '4294967291' still around for 'objects/zhg_objects/characters/sets/loverset/loverset_head.skin 0x000002121DCF2B60
<20:48:13> remapped bone indices with refcount '4294967291' still around for 'objects/zhg_objects/characters/sets/loverset/loverset_head.skin 0x000002121DCF31A0
<20:48:13> remapped bone indices with refcount '4294967291' still around for 'objects/zhg_objects/characters/sets/loverset/loverset_head.skin 0x000002121DCF3E20
<20:48:13> remapped bone indices with refcount '4294967291' still around for 'objects/zhg_objects/characters/sets/leaderset/leaderset_torso.skin 0x000002121DCF2E80
<20:48:13> remapped bone indices with refcount '4294967291' still around for 'objects/zhg_objects/characters/sets/leaderset/leaderset_torso.skin 0x000002121DCF4AA0
<20:48:13> remapped bone indices with refcount '4294967291' still around for 'objects/zhg_objects/characters/sets/leaderset/leaderset_torso.skin 0x000002121DCF4780
<20:48:13> remapped bone indices with refcount '4294967291' still around for 'objects/zhg_objects/characters/sets/leaderset/leaderset_pants.skin 0x000002121DCF4140
<20:48:13> remapped bone indices with refcount '4294967291' still around for 'objects/zhg_objects/characters/sets/leaderset/leaderset_pants.skin 0x000002121DCF3B00
<20:48:13> remapped bone indices with refcount '4294967291' still around for 'objects/zhg_objects/characters/sets/leaderset/leaderset_pants.skin 0x000002121DCF4460
<20:48:13> remapped bone indices with refcount '4294967291' still around for 'objects/zhg_objects/characters/sets/leaderset/leaderset_head.skin 0x000002121DCF2840
<20:48:13> remapped bone indices with refcount '4294967291' still around for 'objects/zhg_objects/characters/sets/leaderset/leaderset_head.skin 0x000002121DCF2520
<20:48:13> remapped bone indices with refcount '4294967291' still around for 'objects/zhg_objects/characters/sets/leaderset/leaderset_head.skin 0x000002121DCEA820
<20:48:13> remapped bone indices with refcount '4294967291' still around for 'objects/zhg_objects/characters/sets/hopefullset/hopefullset_torso.skin 0x000002121DCF2200
<20:48:13> remapped bone indices with refcount '4294967291' still around for 'objects/zhg_objects/characters/sets/hopefullset/hopefullset_torso.skin 0x000002121DCF1EE0
<20:48:13> remapped bone indices with refcount '4294967291' still around for 'objects/zhg_objects/characters/sets/hopefullset/hopefullset_torso.skin 0x000002121DCF1260
<20:48:13> remapped bone indices with refcount '4294967291' still around for 'objects/zhg_objects/characters/sets/hopefullset/hopefullset_pants.skin 0x000002121DCF1BC0
<20:48:13> remapped bone indices with refcount '4294967291' still around for 'objects/zhg_objects/characters/sets/hopefullset/hopefullset_pants.skin 0x000002121DCF18A0
<20:48:13> remapped bone indices with refcount '4294967291' still around for 'objects/zhg_objects/characters/sets/hopefullset/hopefullset_pants.skin 0x000002121DCF1580
<20:48:13> remapped bone indices with refcount '4294967291' still around for 'objects/zhg_objects/characters/sets/hopefullset/hopefullset_head.skin 0x000002121DCF0F40
<20:48:13> remapped bone indices with refcount '4294967291' still around for 'objects/zhg_objects/characters/sets/hopefullset/hopefullset_head.skin 0x000002121DCF02C0
<20:48:13> remapped bone indices with refcount '4294967291' still around for 'objects/zhg_objects/characters/sets/hopefullset/hopefullset_head.skin 0x000002121DCEFFA0
<20:48:13> remapped bone indices with refcount '4294967291' still around for 'objects/zhg_objects/characters/sets/doubtset/doubtset_head.skin 0x000002121DCEFC80
<20:48:13> remapped bone indices with refcount '4294967290' still around for 'objects/zhg_objects/characters/conserve/conserve_body.skin 0x000002121DCF05E0
<20:48:13> remapped bone indices with refcount '4294967290' still around for 'objects/zhg_objects/characters/conserve/conserve_body.skin 0x000002121DCEF960
<20:48:13> remapped bone indices with refcount '4294967290' still around for 'objects/zhg_objects/characters/conserve/conserve_body.skin 0x000002121DCEF640
<20:48:58> BaseInput - Shutting down all force feedback
<20:48:58> ActionGame - Shutting down all force feedback
<20:48:58> CNetSyncSystem::~CNetSyncSystem & Crush?! packets_temp_bf(temp packet data buffs)
