BackupNameAttachment=" Build(0) 25 Sep 21 (23 39 15)"  -- used by backup system
Log Started at Sat Sep 25 23:39:15 2021
Built on Oct 13 2019 19:15:33
Running 64 bit Windows version
Command Line: "D:\Games\Steam\steamapps\common\Pandemic Express\Bin/win_x64/PandemicExpress.exe"
Executable: D:\Games\Steam\steamapps\common\Pandemic Express\Bin\win_x64\PandemicExpress.exe
FileVersion: 1.0.0.0
ProductVersion: 1.0.0.0
Added MOD directory <%engineroot%/engine> to CryPak

Total number of logical processors: 12
Number of available logical processors: 12
Total number of system cores: 6
Number of cores available to process: 6
 
Processor 0:
  CPU: AMD AMD Ryzen 5 3600 6-Core Processor              
  Family: 15, Model: 1, Stepping: 0
  FPU: On-Chip
  Features: FP16, SSE, SSE2, SSE3, SSE4.2, AVX, AVX2, FMA3
  Serial number not present or disabled
 
Processor 1:
  CPU: AMD AMD Ryzen 5 3600 6-Core Processor              
  Family: 15, Model: 1, Stepping: 0
  FPU: On-Chip
  Features: FP16, SSE, SSE2, SSE3, SSE4.2, AVX, AVX2, FMA3
  Serial number not present or disabled
 
Processor 2:
  CPU: AMD AMD Ryzen 5 3600 6-Core Processor              
  Family: 15, Model: 1, Stepping: 0
  FPU: On-Chip
  Features: FP16, SSE, SSE2, SSE3, SSE4.2, AVX, AVX2, FMA3
  Serial number not present or disabled
 
Processor 3:
  CPU: AMD AMD Ryzen 5 3600 6-Core Processor              
  Family: 15, Model: 1, Stepping: 0
  FPU: On-Chip
  Features: FP16, SSE, SSE2, SSE3, SSE4.2, AVX, AVX2, FMA3
  Serial number not present or disabled
 
Processor 4:
  CPU: AMD AMD Ryzen 5 3600 6-Core Processor              
  Family: 15, Model: 1, Stepping: 0
  FPU: On-Chip
  Features: FP16, SSE, SSE2, SSE3, SSE4.2, AVX, AVX2, FMA3
  Serial number not present or disabled
 
Processor 5:
  CPU: AMD AMD Ryzen 5 3600 6-Core Processor              
  Family: 15, Model: 1, Stepping: 0
  FPU: On-Chip
  Features: FP16, SSE, SSE2, SSE3, SSE4.2, AVX, AVX2, FMA3
  Serial number not present or disabled
 
<23:39:15> Loading Config file system.cfg (system.cfg)
<23:39:15> [Error] [CVARS]: [IGNORED CHANGE] variable [sys_version] from [] to [1.1.0.000.200116]; Marked as [VF_CHEAT]
<23:39:15> OnSysSpecChange(1)
<23:39:15> [Error] [CVARS]: [IGNORED CHANGE] variable [sys_asserts] from [0] to [0]; Marked as [VF_CHEAT]
<23:39:15> GameDir: DATA
<23:39:15> <ThreadConfigInfo>: Thread profile loaded: "pc_8" (config/engine_core.thread_config)  
<23:39:15> Windows 10 64 bit (build 10.0.19043)
<23:39:15> System language: English
<23:39:15> Windows Directory: "C:\Windows"
<23:39:15> Local time is 23:39:15 09/25/21, system running for 3220 minutes
<23:39:15> 16333MB physical memory installed, 7894MB available, 134217727MB virtual memory installed, 51 percent of memory in use
<23:39:15> PageFile usage: 76MB, Working Set: 88MB, Peak PageFile usage: 76MB,
<23:39:15> Current display mode is 2560x1440x32, (Unknown graphics card)
<23:39:15> IBM enhanced (101/102-key) keyboard and 16+ button mouse installed
<23:39:15> --------------------------------------------------------------------------------
<23:39:15> OnSysSpecChange(1)
<23:39:15> Loading Config file LowSpec.cfg (data\config\lowspec.cfg)
<23:39:15> [Error] [CVARS]: [MISSING] [e_DynamicLightsMaxEntityLights] is not a registered console variable; referenced when testing console variable group [sys_spec_shading] = [1]
<23:39:15> [Error] [CVARS]: [MISSING] [e_SkyUpdateRate] is not a registered console variable; referenced when testing console variable group [sys_spec_shading] = [1]
<23:39:15> [Error] [CVARS]: [MISSING] [e_svoTI_Apply] is not a registered console variable; referenced when testing console variable group [sys_spec_shading] = [1]
<23:39:15> [Error] [CVARS]: [MISSING] [e_svoTI_RsmConeMaxLength] is not a registered console variable; referenced when testing console variable group [sys_spec_shading] = [1]
<23:39:15> [Error] [CVARS]: [MISSING] [e_svoTI_RsmUseColors] is not a registered console variable; referenced when testing console variable group [sys_spec_shading] = [1]
<23:39:15> [Error] [CVARS]: [MISSING] [e_svoTi_Active] is not a registered console variable; referenced when testing console variable group [sys_spec_shading] = [1]
<23:39:15> [Error] [CVARS]: [MISSING] [e_svoti_LowSpecMode] is not a registered console variable; referenced when testing console variable group [sys_spec_shading] = [1]
<23:39:15> [Error] [CVARS]: [MISSING] [e_LightVolumes] is not a registered console variable; referenced when testing console variable group [sys_spec_shading] = [1]
<23:39:15> [Error] [CVARS]: [MISSING] [e_VegetationUseTerrainColor] is not a registered console variable; referenced when testing console variable group [sys_spec_shading] = [1]
<23:39:15> Loading Config file game.cfg (data\game.cfg)
<23:39:15> [Warning] [CVARS]: [CHANGED] variable [sys_asserts] from [0] to [0]; Marked as [VF_CHEAT]
<23:39:15> [Warning] Modifying marked variables will not be allowed in Release mode!
<23:39:15> Stream Engine Initialization
<23:39:15> GameName: Pandemic Express
<23:39:15> BuildTime: Oct 13 2019 19:15:33
<23:39:15> Physics initialization
<23:39:15> Localized language content(english) not available or modified from the original installation.
<23:39:15> Localized language content(english) not available or modified from the original installation.
<23:39:15> Localized language content(english) not available or modified from the original installation.
<23:39:15> <Audio>: AudioSystem initialization
<23:39:15> <Audio> <0.292>: CryAudioImplWwise loaded
<23:39:17> Renderer initialization
<23:39:17> Logging video adapters:
<23:39:17> - NVIDIA GeForce RTX 3070 (vendor = 0x10de, device = 0x2484)
<23:39:17>   - Adapter index: 0
<23:39:17>   - Dedicated video memory: 8043 MB
<23:39:17>   - Feature level: DX11 (SM 5.0)
<23:39:17>   - Displays connected: yes
<23:39:17>   - Suitable rendering device: yes
<23:39:17> - Microsoft Basic Render Driver (vendor = 0x1414, device = 0x008c)
<23:39:17>   - Adapter index: 1
<23:39:17>   - Dedicated video memory: 0 MB
<23:39:17>   - Feature level: DX11 (SM 5.0)
<23:39:17>   - Displays connected: no
<23:39:17>   - Suitable rendering device: no
<23:39:17> Active GPUs: 1
<23:39:17> [Renderer] A display device has been connected to the system
<23:39:17> Loading plugin CryDefaultEntities
<23:39:17> Loading plugin CrySchematycCore
<23:39:17> DLL Failed to load, error code: 7E
<23:39:17> Loading plugin CrySchematycSTDEnv
<23:39:17> DLL Failed to load, error code: 7E
<23:39:17> Loading plugin CrySensorSystem
<23:39:17> DLL Failed to load, error code: 7E
<23:39:17> Loading extension file cryplugin.csv
<23:39:17> Loading plugin ProcAnRandGenerator.dll
<23:39:17> Loading plugin PlayFab.dll
<23:39:18> Loading plugin CEVPlayer.dll
<23:39:19> Font initialization
<23:39:19> Using FreeType 2.5.5
<23:39:19> Network initialization
<23:39:19> [net] Socket IO management: External [iocp], Internal [iocp]
<23:39:19> network hostname: DESKTOP-GKEDPQ6
<23:39:19>   ip:25.14.180.174
<23:39:19>   ip:26.90.194.210
<23:39:19>   ip:192.168.20.14
<23:39:19> [Network Version]: PROFILE DEVELOPMENT BUILD
<23:39:19> MovieSystem initialization
<23:39:19> Console initialization
<23:39:19> Time initialization
<23:39:19> Input initialization
<23:39:19> AI initialization
<23:39:19>  
<23:39:19>     con_debug = 0 []
<23:39:19>     con_display_last_messages = 0 []
<23:39:19>     con_line_buffer_size = 1000 []
<23:39:19>     con_restricted = 0 [RESTRICTEDMODE]
<23:39:19>     con_showonload = 0 []
<23:39:19>  
<23:39:19>     con_debug = 0 []
<23:39:19>     con_display_last_messages = 0 []
<23:39:19>     con_line_buffer_size = 1000 []
<23:39:19>     con_restricted = 0 [RESTRICTEDMODE]
<23:39:19>     con_showonload = 0 []
<23:39:19>  
<23:39:19>     con_debug = 0 []
<23:39:19>  
<23:39:19>     con_debug = 0 []
<23:39:19> Initializing Animation System
<23:39:19> Initializing 3D Engine
<23:39:19> Script System Initialization
<23:39:19> Entity system initialization
<23:39:19> Initializing AI System
<23:39:19> Initializing additional systems
<23:39:19> Dynamic Response System initialization
<23:39:19> DLL Failed to load, error code: 7E
<23:39:19> No Dynamic Response System was loaded from a module, will use the NULL implementation.
<23:39:20> [Steam] Steam API initialized successfully
<23:39:20> <ThreadConfigInfo>: [XML Parsing] Thread with name "Main" already loaded. Overriding with new configuration
<23:39:20> <ThreadConfigInfo>: [XML Parsing] Thread with name "Network" already loaded. Overriding with new configuration
<23:39:20> <ThreadConfigInfo>: [XML Parsing] Thread with name "NetworkStallTicker" already loaded. Overriding with new configuration
<23:39:20> <ThreadConfigInfo>: [XML Parsing] Thread with name "ZLibCompressor" already loaded. Overriding with new configuration
<23:39:20> <ThreadConfigInfo>: [XML Parsing] Thread with name "NetworkStallTicker" already loaded. Overriding with new configuration
<23:39:20> <ThreadConfigInfo>: [XML Parsing] Thread with name "ZLibCompressor" already loaded. Overriding with new configuration
<23:39:20> <ThreadConfigInfo>: [XML Parsing] Thread with name "TelemetryCopier" already loaded. Overriding with new configuration
<23:39:20> <ThreadConfigInfo>: [XML Parsing] Thread with name "StatsAgent" already loaded. Overriding with new configuration
<23:39:20> <ThreadConfigInfo>: Thread profile loaded: "pc_8" (config/game.thread_config)  
<23:39:20> Initializing default materials...
<23:39:26> [MFX] Loading FXLib 'breakables' ...
<23:39:26> [MFX] Loading FXLib 'collisions' ...
<23:39:26> [MFX] Loading FXLib 'foley' ...
<23:39:26> [MFX] Loading FXLib 'foley_grunt' ...
<23:39:26> [MFX] Loading FXLib 'foley_player' ...
<23:39:26> [MFX] Loading FXLib 'footstep_grunt' ...
<23:39:26> [MFX] Loading FXLib 'footstep_player' ...
<23:39:26> [MFX] Loading FXLib 'footsteps' ...
<23:39:26> [MFX] Loading FXLib 'grenade' ...
<23:39:26> [MFX] Loading FXLib 'melee' ...
<23:39:26> [MFX] Loading FXLib 'player_fx' ...
<23:39:26> [MFX] Loading FXLib 'projectiles' ...
<23:39:26> [MFX] Loading FXLib 'tornado' ...
<23:39:26> [MFX] Loading FXLib 'vegetation' ...
<23:39:26> [MFX] Loading FXLib 'vehicles' ...
<23:39:26> [MFX] Loading FXLib 'breakables' ...
<23:39:26> [MFX] Loading FXLib 'collisions' ...
<23:39:26> [MFX] Loading FXLib 'foley' ...
<23:39:26> [MFX] Loading FXLib 'foley_grunt' ...
<23:39:26> [MFX] Loading FXLib 'foley_player' ...
<23:39:26> [MFX] Loading FXLib 'footstep_grunt' ...
<23:39:26> [MFX] Loading FXLib 'footstep_player' ...
<23:39:26> [MFX] Loading FXLib 'footsteps' ...
<23:39:26> [MFX] Loading FXLib 'grenade' ...
<23:39:26> [MFX] Loading FXLib 'melee' ...
<23:39:26> [MFX] Loading FXLib 'player_fx' ...
<23:39:26> [MFX] Loading FXLib 'projectiles' ...
<23:39:26> [MFX] Loading FXLib 'tornado' ...
<23:39:26> [MFX] Loading FXLib 'vegetation' ...
<23:39:26> [MFX] Loading FXLib 'vehicles' ...
<23:39:26> Creating socket on port 2838
<23:39:26> CreateDatagramSocket c1
<23:39:26> CreateDatagramSocket c2
<23:40:14> Iterator 0
<23:40:14> Size 30
<23:40:14> Iterator 1
<23:40:14> Size 30
<23:40:14> Iterator 2
<23:40:14> Size 30
<23:40:14> Iterator 3
<23:40:14> Size 30
<23:40:14> Iterator 4
<23:40:14> Size 30
<23:40:14> Iterator 5
<23:40:14> Size 30
<23:40:14> Iterator 6
<23:40:14> Size 30
<23:40:14> Iterator 7
<23:40:14> Size 30
<23:40:14> Iterator 8
<23:40:14> Size 30
<23:40:14> Iterator 9
<23:40:14> Size 30
<23:40:14> Iterator 10
<23:40:14> Size 30
<23:40:14> Iterator 11
<23:40:14> Size 30
<23:40:14> Iterator 12
<23:40:14> Size 30
<23:40:14> Iterator 13
<23:40:14> Size 30
<23:40:14> Iterator 14
<23:40:14> Size 30
<23:40:14> playerName Kornflakes
<23:40:14> Iterator 15
<23:40:14> Size 30
<23:40:14> Iterator 16
<23:40:14> Size 30
<23:40:14> Iterator 17
<23:40:14> Size 30
<23:40:14> Iterator 18
<23:40:14> Size 30
<23:40:14> Iterator 19
<23:40:14> Size 30
<23:40:14> Iterator 20
<23:40:14> Size 30
<23:40:14> Iterator 21
<23:40:14> Size 30
<23:40:14> Iterator 22
<23:40:14> Size 30
<23:40:15> Iterator 23
<23:40:15> Size 30
<23:40:15> Iterator 24
<23:40:15> Size 30
<23:40:15> Iterator 25
<23:40:15> Size 30
<23:40:15> Iterator 26
<23:40:15> Size 30
<23:40:15> Iterator 27
<23:40:15> Size 30
<23:40:15> Iterator 28
<23:40:15> Size 30
<23:40:15> Iterator 29
<23:40:15> Size 30
<23:40:15> playerName Kornflakes
<23:40:15> Iterator 30
<23:40:15> Size 30
<23:41:04> CreateDatagramSocket c1
<23:41:06> Game rules class: InstantAction
<23:41:06> ============================ PrepareLevel Multiplayer/Purgatorium_Esc_Cw ============================
<23:41:48> CryAnimation: character-definition not found: objects/characters/human/sdk_player/sdk_player.cdf
<23:41:48> CryAnimation: character-definition not found: objects/characters/human/sdk_player/sdk_player.cdf
<23:41:48> CryAnimation: character-definition not found: objects/characters/human/sdk_player/sdk_player.cdf
<23:41:48> CryAnimation: character-definition not found: objects/characters/human/sdk_player/sdk_player.cdf
<23:41:48> CryAnimation: character-definition not found: objects/characters/human/sdk_player/sdk_player.cdf
<23:41:48> CryAnimation: character-definition not found: objects/characters/human/sdk_player/sdk_player.cdf
<23:41:48> CryAnimation: character-definition not found: objects/characters/human/sdk_player/sdk_player.cdf
<23:41:48> CryAnimation: character-definition not found: objects/characters/human/sdk_player/sdk_player.cdf
<23:41:48> CryAnimation: character-definition not found: objects/characters/human/sdk_player/sdk_player.cdf
<23:41:48> CryAnimation: character-definition not found: objects/characters/human/sdk_player/sdk_player.cdf
<23:41:48> CryAnimation: character-definition not found: objects/characters/human/sdk_player/sdk_player.cdf
<23:41:48> CryAnimation: character-definition not found: objects/characters/human/sdk_player/sdk_player.cdf
<23:41:48> CryAnimation: character-definition not found: objects/characters/human/sdk_player/sdk_player.cdf
<23:41:48> CryAnimation: character-definition not found: objects/characters/human/sdk_player/sdk_player.cdf
<23:41:48> CryAnimation: character-definition not found: objects/characters/human/sdk_player/sdk_player.cdf
<23:41:48> CryAnimation: character-definition not found: objects/characters/human/sdk_player/sdk_player.cdf
<23:41:48> CryAnimation: character-definition not found: objects/characters/human/sdk_player/sdk_player.cdf
<23:41:48> CryAnimation: character-definition not found: objects/characters/human/sdk_player/sdk_player.cdf
<23:41:51> CryAnimation: character-definition not found: objects/characters/human/sdk_player/sdk_player.cdf
<23:41:51> CryAnimation: character-definition not found: objects/characters/human/sdk_player/sdk_player.cdf
<23:41:51> CryAnimation: character-definition not found: objects/characters/human/sdk_player/sdk_player.cdf
<23:41:54> PLAYERNAME Kornflakes
<23:41:54> CryAnimation: character-definition not found: objects/characters/man.cdf
<23:41:56> CryAnimation: character-definition not found: objects/characters/human/sdk_player/sdk_player.cdf
<23:41:56> CryAnimation: character-definition not found: objects/characters/human/sdk_player/sdk_player.cdf
<23:41:56> CryAnimation: character-definition not found: objects/characters/human/sdk_player/sdk_player.cdf
<23:41:57> CryAnimation: character-definition not found: objects/characters/human/sdk_player/sdk_player.cdf
<23:41:57> CryAnimation: character-definition not found: objects/characters/human/sdk_player/sdk_player.cdf
<23:41:57> CryAnimation: character-definition not found: objects/characters/human/sdk_player/sdk_player.cdf
<23:43:55> ed_prerec_msg 
<23:43:57> d_prerec_msg 
<23:44:00> st_used_prerec_msg 
<23:44:03> sed_prerec_msg 
<23:44:08> rerec_msg 
<23:44:08> sed_prerec_msg 
<23:44:11> erec_msg 
<23:44:29>     sys_spec = 1 []
<23:44:29>     sys_spec_full = 1 []
<23:44:29> t_used_prerec_msg 
<23:44:30> erec_msg 
<23:44:34> rerec_msg 
<23:45:35> d_prerec_msg 
<23:46:14> CryAnimation: character-definition not found: objects/characters/human/sdk_player/sdk_player.cdf
<23:46:14> CryAnimation: character-definition not found: objects/characters/human/sdk_player/sdk_player.cdf
<23:46:14> CryAnimation: character-definition not found: objects/characters/human/sdk_player/sdk_player.cdf
<23:48:34> CryAnimation: character-definition not found: objects/characters/human/sdk_player/sdk_player.cdf
<23:48:34> CryAnimation: character-definition not found: objects/characters/human/sdk_player/sdk_player.cdf
<23:48:34> CryAnimation: character-definition not found: objects/characters/human/sdk_player/sdk_player.cdf
<23:48:35> CryAnimation: character-definition not found: objects/characters/human/sdk_player/sdk_player.cdf
<23:48:35> CryAnimation: character-definition not found: objects/characters/human/sdk_player/sdk_player.cdf
<23:48:35> CryAnimation: character-definition not found: objects/characters/human/sdk_player/sdk_player.cdf
<23:48:40> CryAnimation: character-definition not found: objects/characters/human/sdk_player/sdk_player.cdf
<23:48:40> CryAnimation: character-definition not found: objects/characters/human/sdk_player/sdk_player.cdf
<23:48:40> CryAnimation: character-definition not found: objects/characters/human/sdk_player/sdk_player.cdf
<23:49:07> CryAnimation: character-definition not found: objects/characters/human/sdk_player/sdk_player.cdf
<23:49:07> CryAnimation: character-definition not found: objects/characters/human/sdk_player/sdk_player.cdf
<23:49:07> CryAnimation: character-definition not found: objects/characters/human/sdk_player/sdk_player.cdf
<23:49:21> st_used_prerec_msg 
<23:49:22> st_used_prerec_msg 
<23:49:24> st_used_prerec_msg 
<23:49:36> d_prerec_msg 
<23:49:40> d_prerec_msg 
<23:49:41> d_prerec_msg 
<23:49:44> st_used_prerec_msg 
<23:49:45> sed_prerec_msg 
<23:50:49> d_prerec_msg 
<23:51:03> d_prerec_msg 
<23:51:04> d_prerec_msg 
<23:51:05> d_prerec_msg 
<23:51:06> d_prerec_msg 
<23:51:06> d_prerec_msg 
<23:51:11> ast_used_prerec_msg 
<23:51:38> _used_prerec_msg 
<23:52:09> CVehicleSeat::NetSetPassengerId c2
<23:52:09> CVehicleSeat::Enter called
<23:52:16> CryAnimation: character-definition not found: objects/characters/human/sdk_player/sdk_player.cdf
<23:52:16> CryAnimation: character-definition not found: objects/characters/human/sdk_player/sdk_player.cdf
<23:52:16> CryAnimation: character-definition not found: objects/characters/human/sdk_player/sdk_player.cdf
<23:52:28> CVehicleSeat::Exit called
<23:52:28> CVehicleSeat::Exit called c2
<23:52:28> ClProcessLeave call
<23:52:37> ed_prerec_msg 
<23:52:40> ed_prerec_msg 
<23:52:43> st_used_prerec_msg 
<23:52:50> CHUDNv::showPickArmorGradient()
<23:52:52> CHUDNv::showPickArmorGradient()
<23:52:52> CHUDNv::showPickArmorGradient()
<23:52:59> ast_used_prerec_msg 
<23:52:59> _used_prerec_msg 
<23:53:01> _used_prerec_msg 
<23:53:15> sed_prerec_msg 
<23:53:18> ast_used_prerec_msg 
<23:53:20> sed_prerec_msg 
<23:53:26> CVehicleSeat::NetSetPassengerId c2
<23:53:26> CVehicleSeat::Enter called
<23:53:27> _used_prerec_msg 
<23:53:27> sed_prerec_msg 
<23:53:30> ed_prerec_msg 
<23:53:30> CVehicleSeat::Exit called
<23:53:30> CVehicleSeat::Exit called c2
<23:53:30> ClProcessLeave call
<23:53:35> ed_prerec_msg 
<23:53:41> CVehicleSeat::NetSetPassengerId c2
<23:53:41> CVehicleSeat::Enter called
<23:53:47> ed_prerec_msg 
<23:53:48> CVehicleSeat::Exit called
<23:53:48> CVehicleSeat::Exit called c2
<23:53:48> ClProcessLeave call
<23:53:49> ast_used_prerec_msg 
<23:53:51> CVehicleSeat::NetSetPassengerId c2
<23:53:51> CVehicleSeat::Enter called
<23:53:53> ed_prerec_msg 
<23:53:54> CVehicleSeat::NetSetPassengerId c2
<23:53:54> CVehicleSeat::Enter called
<23:53:56> CVehicleSeat::Exit called
<23:53:56> CVehicleSeat::Exit called c2
<23:53:56> ClProcessLeave call
<23:53:56> ed_prerec_msg 
<23:53:57> CVehicleSeat::Exit called
<23:53:57> CVehicleSeat::Exit called c2
<23:53:57> ClProcessLeave call
<23:54:34> d_prerec_msg 
<23:54:37> ed_prerec_msg 
<23:54:57> ClReplDropOpen !params.r_openedDr
<23:54:57> ClReplDropOpen !params.r_openedDr
<23:55:10> ed_prerec_msg 
<23:55:15> ClReplDropOpen !params.r_openedDr
<23:55:22> ast_used_prerec_msg 
<23:55:28> ClReplDropOpen !params.r_openedDr
<23:55:31> st_used_prerec_msg 
<23:55:38> ClReplDropOpen !params.r_openedDr
<23:55:51> ast_used_prerec_msg 
<23:55:55> ClReplDropOpen !params.r_openedDr
<23:56:00> ClReplDropOpen !params.r_openedDr
<23:56:08> ast_used_prerec_msg 
<23:56:09> ClReplDropOpen !params.r_openedDr
<23:56:13> ast_used_prerec_msg 
<23:56:19> ClReplDropOpen !params.r_openedDr
<23:56:25> ClReplDropOpen !params.r_openedDr
<23:56:25> ClReplDropOpen !params.r_openedDr
<23:56:34> ast_used_prerec_msg 
<23:56:37> st_used_prerec_msg 
<23:56:40> ClReplDropOpen !params.r_openedDr
<23:56:41> ClReplDropOpen !params.r_openedDr
<23:56:46> CVehicleSeat::NetSetPassengerId c2
<23:56:46> CVehicleSeat::Enter called
<23:56:47> ast_used_prerec_msg 
<23:56:48> ed_prerec_msg 
<23:56:49> ast_used_prerec_msg 
<23:56:49> ast_used_prerec_msg 
<23:56:56> CVehicleSeat::Exit called
<23:56:56> CVehicleSeat::Exit called c2
<23:56:56> ClProcessLeave call
<23:57:00> ast_used_prerec_msg 
<23:57:04> ClReplDropOpen !params.r_openedDr
<23:57:04> ast_used_prerec_msg 
<23:57:09> ClReplDropOpen !params.r_openedDr
<23:57:11> ast_used_prerec_msg 
<23:57:17> sed_prerec_msg 
<23:57:19> sed_prerec_msg 
<23:57:21> ast_used_prerec_msg 
<23:57:30> st_used_prerec_msg 
<23:57:32> sed_prerec_msg 
<23:57:33> ast_used_prerec_msg 
<23:57:37> d_prerec_msg 
<23:57:39> d_prerec_msg 
<23:57:40> d_prerec_msg 
<23:57:42> ed_prerec_msg 
<23:57:42> CVehicleSeat::NetSetPassengerId c2
<23:57:42> CVehicleSeat::Enter called
<23:57:44> CVehicleSeat::Exit called
<23:57:44> CVehicleSeat::Exit called c2
<23:57:44> ClProcessLeave call
<23:57:44> ast_used_prerec_msg 
<23:57:48> CVehicleSeat::NetSetPassengerId c2
<23:57:48> CVehicleSeat::Enter called
<23:57:49> ast_used_prerec_msg 
<23:57:49> CVehicleSeat::Exit called
<23:57:49> CVehicleSeat::Exit called c2
<23:57:49> ClProcessLeave call
<23:58:00> ast_used_prerec_msg 
<23:58:05> CVehicleSeat::NetSetPassengerId c2
<23:58:05> CVehicleSeat::Enter called
<23:58:15> ast_used_prerec_msg 
<23:58:20> CVehicleSeat::NetSetPassengerId c2
<23:58:20> CVehicleSeat::Enter called
<23:58:20> CVehicleSeat::Exit called
<23:58:20> CVehicleSeat::Exit called c2
<23:58:20> ClProcessLeave call
<23:58:22> CVehicleSeat::NetSetPassengerId c2
<23:58:22> CVehicleSeat::Enter called
<23:58:24> CVehicleSeat::Exit called
<23:58:24> CVehicleSeat::Exit called c2
<23:58:24> ClProcessLeave call
<23:58:28> CVehicleSeat::Exit called
<23:58:28> CVehicleSeat::Exit called c2
<23:58:28> ClProcessLeave call
<23:58:38> CVehicleSeat::NetSetPassengerId c2
<23:58:38> CVehicleSeat::Enter called
<23:58:39> CVehicleSeat::Exit called
<23:58:39> CVehicleSeat::Exit called c2
<23:58:39> ClProcessLeave call
<23:58:40> ed_prerec_msg 
<23:58:41> CVehicleSeat::NetSetPassengerId c2
<23:58:41> CVehicleSeat::Enter called
<23:58:41> ast_used_prerec_msg 
<23:58:42> CVehicleSeat::Exit called
<23:58:42> CVehicleSeat::Exit called c2
<23:58:42> ClProcessLeave call
<23:58:47> CVehicleSeat::NetSetPassengerId c2
<23:58:47> CVehicleSeat::Enter called
<23:58:47> CVehicleSeat::Exit called
<23:58:47> CVehicleSeat::Exit called c2
<23:58:47> ClProcessLeave call
<23:58:49> CVehicleSeat::NetSetPassengerId c2
<23:58:49> CVehicleSeat::Enter called
<23:58:49> CVehicleSeat::Exit called
<23:58:49> CVehicleSeat::Exit called c2
<23:58:49> ClProcessLeave call
<23:58:52> ast_used_prerec_msg 
<23:58:58> CVehicleSeat::NetSetPassengerId c2
<23:58:58> CVehicleSeat::Enter called
<23:58:58> CVehicleSeat::Exit called
<23:58:58> CVehicleSeat::Exit called c2
<23:58:58> ClProcessLeave call
<23:59:21> sed_prerec_msg 
<23:59:23> ast_used_prerec_msg 
<23:59:30> ast_used_prerec_msg 
<23:59:32> _used_prerec_msg 
<23:59:34> CryAnimation: character-definition not found: objects/characters/human/sdk_player/sdk_player.cdf
<23:59:34> CryAnimation: character-definition not found: objects/characters/human/sdk_player/sdk_player.cdf
<23:59:34> CryAnimation: character-definition not found: objects/characters/human/sdk_player/sdk_player.cdf
<23:59:36> ed_prerec_msg 
<00:00:10> CVehicleSeat::NetSetPassengerId c2
<00:00:10> CVehicleSeat::Enter called
<00:00:19> CTrain::SmplPlaySnd train_gts
<00:00:23> CVehicleSeat::Exit called
<00:00:23> CVehicleSeat::Exit called c2
<00:00:23> ClProcessLeave call
<00:01:32> CTrain::SmplPlaySnd train_gts
<00:01:49> CVehicleSeat::NetSetPassengerId c2
<00:01:49> CVehicleSeat::Enter called
<00:01:55> CVehicleSeat::Exit called
<00:01:55> CVehicleSeat::Exit called c2
<00:01:55> ClProcessLeave call
<00:02:09> CGameClientChannel::Release
<00:02:09> gEnv->pRenderer->Draw2dImage XXX
<00:02:12> remapped bone indices with refcount '4294967295' still around for 'zombiemodelnew/conserve_fp_nonmm.skin 0x000001FCC66236F0
<00:02:12> remapped bone indices with refcount '4294967292' still around for 'objects/characters/human/dude/source/pin_hands_sk.skin 0x000001FCB5AC9DA0
<00:02:12> remapped bone indices with refcount '4294967292' still around for 'pants.skin 0x000001FCE3FE67A0
<00:02:12> remapped bone indices with refcount '4294967292' still around for 'torso.skin 0x000001FCE3FE6DE0
<00:02:12> remapped bone indices with refcount '4294967292' still around for 'objects/zhg_objects/characters/sets/vanityset/vanityset_torso.skin 0x000001FCC3EBCC30
<00:02:12> remapped bone indices with refcount '4294967292' still around for 'objects/zhg_objects/characters/sets/vanityset/vanityset_torso.skin 0x000001FCC3EBC910
<00:02:12> remapped bone indices with refcount '4294967292' still around for 'objects/zhg_objects/characters/sets/vanityset/vanityset_torso.skin 0x000001FCC3EBB650
<00:02:12> remapped bone indices with refcount '4294967292' still around for 'objects/zhg_objects/characters/sets/vanityset/vanityset_pants.skin 0x000001FCC3EBC5F0
<00:02:12> remapped bone indices with refcount '4294967292' still around for 'objects/zhg_objects/characters/sets/vanityset/vanityset_pants.skin 0x000001FCC3EBBC90
<00:02:12> remapped bone indices with refcount '4294967292' still around for 'objects/zhg_objects/characters/sets/vanityset/vanityset_pants.skin 0x000001FCC3EBB010
<00:02:12> remapped bone indices with refcount '4294967292' still around for 'objects/zhg_objects/characters/sets/vanityset/vanityset_head.skin 0x000001FCC3DA76A0
<00:02:12> remapped bone indices with refcount '4294967292' still around for 'objects/zhg_objects/characters/sets/vanityset/vanityset_head.skin 0x000001FCC3DA7380
<00:02:12> remapped bone indices with refcount '4294967292' still around for 'objects/zhg_objects/characters/sets/vanityset/vanityset_head.skin 0x000001FCC3DA6D40
<00:02:12> remapped bone indices with refcount '4294967292' still around for 'objects/zhg_objects/characters/sets/safetyset/safetyset_head.skin 0x000001FCC3DA6A20
<00:02:12> remapped bone indices with refcount '4294967292' still around for 'objects/zhg_objects/characters/sets/safetyset/safetyset_head.skin 0x000001FCC3DA63E0
<00:02:12> remapped bone indices with refcount '4294967292' still around for 'objects/zhg_objects/characters/sets/safetyset/safetyset_head.skin 0x000001FCC3DA7060
<00:02:12> remapped bone indices with refcount '4294967287' still around for 'objects/zhg_objects/characters/sets/rebellionset/rebellionset_torso.skin 0x000001FCC3DA60C0
<00:02:12> remapped bone indices with refcount '4294967287' still around for 'objects/zhg_objects/characters/sets/rebellionset/rebellionset_torso.skin 0x000001FCC3DA9900
<00:02:12> remapped bone indices with refcount '4294967287' still around for 'objects/zhg_objects/characters/sets/rebellionset/rebellionset_torso.skin 0x000001FCC3DA8C80
<00:02:12> remapped bone indices with refcount '4294967292' still around for 'objects/zhg_objects/characters/sets/rebellionset/rebellionset_pants.skin 0x000001FCC3DA7CE0
<00:02:12> remapped bone indices with refcount '4294967292' still around for 'objects/zhg_objects/characters/sets/rebellionset/rebellionset_pants.skin 0x000001FCC3DA9C20
<00:02:12> remapped bone indices with refcount '4294967292' still around for 'objects/zhg_objects/characters/sets/rebellionset/rebellionset_pants.skin 0x000001FCC3DA6700
<00:02:12> remapped bone indices with refcount '4294967292' still around for 'objects/zhg_objects/characters/sets/rebellionset/rebellionset_head.skin 0x000001FCC3DA8960
<00:02:12> remapped bone indices with refcount '4294967292' still around for 'objects/zhg_objects/characters/sets/rebellionset/rebellionset_head.skin 0x000001FCC3DA95E0
<00:02:12> remapped bone indices with refcount '4294967292' still around for 'objects/zhg_objects/characters/sets/rebellionset/rebellionset_head.skin 0x000001FCC3DA8FA0
<00:02:12> remapped bone indices with refcount '4294967292' still around for 'objects/zhg_objects/characters/sets/rebellionset/rebelliomset_hands.skin 0x000001FCC3DA8640
<00:02:12> remapped bone indices with refcount '4294967292' still around for 'objects/zhg_objects/characters/sets/rebellionset/rebelliomset_hands.skin 0x000001FCC3DA92C0
<00:02:12> remapped bone indices with refcount '4294967292' still around for 'objects/zhg_objects/characters/sets/rebellionset/rebelliomset_hands.skin 0x000001FCC3DA8320
<00:02:12> remapped bone indices with refcount '4294967292' still around for 'objects/zhg_objects/characters/sets/rebellionset/rebelliomset_hands.skin 0x000001FCC3DA8000
<00:02:12> remapped bone indices with refcount '4294967292' still around for 'objects/zhg_objects/characters/sets/loverset/loverset_torso.skin 0x000001FCB5ACC640
<00:02:12> remapped bone indices with refcount '4294967292' still around for 'objects/zhg_objects/characters/sets/loverset/loverset_torso.skin 0x000001FCC3DA0940
<00:02:12> remapped bone indices with refcount '4294967292' still around for 'objects/zhg_objects/characters/sets/loverset/loverset_torso.skin 0x000001FCC3DA0620
<00:02:12> remapped bone indices with refcount '4294967292' still around for 'objects/zhg_objects/characters/sets/loverset/loverset_head.skin 0x000001FCC3DA0F80
<00:02:12> remapped bone indices with refcount '4294967292' still around for 'objects/zhg_objects/characters/sets/loverset/loverset_head.skin 0x000001FCC3DA0300
<00:02:12> remapped bone indices with refcount '4294967292' still around for 'objects/zhg_objects/characters/sets/loverset/loverset_head.skin 0x000001FCC3D9F360
<00:02:12> remapped bone indices with refcount '4294967292' still around for 'objects/zhg_objects/characters/sets/leaderset/leaderset_torso.skin 0x000001FCC3D9FFE0
<00:02:12> remapped bone indices with refcount '4294967292' still around for 'objects/zhg_objects/characters/sets/leaderset/leaderset_torso.skin 0x000001FCC3D9F040
<00:02:12> remapped bone indices with refcount '4294967292' still around for 'objects/zhg_objects/characters/sets/leaderset/leaderset_torso.skin 0x000001FCC3D9FCC0
<00:02:12> remapped bone indices with refcount '4294967292' still around for 'objects/zhg_objects/characters/sets/leaderset/leaderset_pants.skin 0x000001FCC3D9ED20
<00:02:12> remapped bone indices with refcount '4294967292' still around for 'objects/zhg_objects/characters/sets/leaderset/leaderset_pants.skin 0x000001FCC3DA0C60
<00:02:12> remapped bone indices with refcount '4294967292' still around for 'objects/zhg_objects/characters/sets/leaderset/leaderset_pants.skin 0x000001FCC3D9E0A0
<00:02:12> remapped bone indices with refcount '4294967292' still around for 'objects/zhg_objects/characters/sets/leaderset/leaderset_head.skin 0x000001FCC3D9EA00
<00:02:12> remapped bone indices with refcount '4294967292' still around for 'objects/zhg_objects/characters/sets/leaderset/leaderset_head.skin 0x000001FCC3DA1C00
<00:02:12> remapped bone indices with refcount '4294967292' still around for 'objects/zhg_objects/characters/sets/leaderset/leaderset_head.skin 0x000001FCC3DA18E0
<00:02:12> remapped bone indices with refcount '4294967292' still around for 'objects/zhg_objects/characters/sets/hopefullset/hopefullset_torso.skin 0x000001FCC3DA12A0
<00:02:12> remapped bone indices with refcount '4294967292' still around for 'objects/zhg_objects/characters/sets/hopefullset/hopefullset_torso.skin 0x000001FCC3D9E6E0
<00:02:12> remapped bone indices with refcount '4294967292' still around for 'objects/zhg_objects/characters/sets/hopefullset/hopefullset_torso.skin 0x000001FCC3DA15C0
<00:02:12> remapped bone indices with refcount '4294967292' still around for 'objects/zhg_objects/characters/sets/hopefullset/hopefullset_pants.skin 0x000001FCC3D9E3C0
<00:02:12> remapped bone indices with refcount '4294967292' still around for 'objects/zhg_objects/characters/sets/hopefullset/hopefullset_pants.skin 0x000001FCC3D9F680
<00:02:12> remapped bone indices with refcount '4294967292' still around for 'objects/zhg_objects/characters/sets/hopefullset/hopefullset_pants.skin 0x000001FCC3D9F9A0
<00:02:12> remapped bone indices with refcount '4294967292' still around for 'objects/zhg_objects/characters/sets/hopefullset/hopefullset_head.skin 0x000001FCB5ACB6A0
<00:02:12> remapped bone indices with refcount '4294967292' still around for 'objects/zhg_objects/characters/sets/hopefullset/hopefullset_head.skin 0x000001FCB5ACC320
<00:02:12> remapped bone indices with refcount '4294967292' still around for 'objects/zhg_objects/characters/sets/hopefullset/hopefullset_head.skin 0x000001FCB5ACB380
<00:02:12> remapped bone indices with refcount '4294967292' still around for 'objects/zhg_objects/characters/sets/doubtset/doubtset_head.skin 0x000001FCB5ACAA20
<00:02:16> BaseInput - Shutting down all force feedback
<00:02:16> ActionGame - Shutting down all force feedback
<00:02:16> CNetSyncSystem::~CNetSyncSystem & Crush?! packets_temp_bf(temp packet data buffs)
