BackupNameAttachment=" Build(0) 12 Oct 21 (21 11 47)"  -- used by backup system
Log Started at Tue Oct 12 21:11:47 2021
Built on Oct 13 2019 19:15:33
Running 64 bit Windows version
Command Line: "D:\Games\Steam\steamapps\common\Pandemic Express\Bin/win_x64/PandemicExpress.exe"
Executable: D:\Games\Steam\steamapps\common\Pandemic Express\Bin\win_x64\PandemicExpress.exe
FileVersion: 1.0.0.0
ProductVersion: 1.0.0.0
Added MOD directory <%engineroot%/engine> to CryPak

Total number of logical processors: 12
Number of available logical processors: 12
Total number of system cores: 6
Number of cores available to process: 6
 
Processor 0:
  CPU: AMD AMD Ryzen 5 3600 6-Core Processor              
  Family: 15, Model: 1, Stepping: 0
  FPU: On-Chip
  Features: FP16, SSE, SSE2, SSE3, SSE4.2, AVX, AVX2, FMA3
  Serial number not present or disabled
 
Processor 1:
  CPU: AMD AMD Ryzen 5 3600 6-Core Processor              
  Family: 15, Model: 1, Stepping: 0
  FPU: On-Chip
  Features: FP16, SSE, SSE2, SSE3, SSE4.2, AVX, AVX2, FMA3
  Serial number not present or disabled
 
Processor 2:
  CPU: AMD AMD Ryzen 5 3600 6-Core Processor              
  Family: 15, Model: 1, Stepping: 0
  FPU: On-Chip
  Features: FP16, SSE, SSE2, SSE3, SSE4.2, AVX, AVX2, FMA3
  Serial number not present or disabled
 
Processor 3:
  CPU: AMD AMD Ryzen 5 3600 6-Core Processor              
  Family: 15, Model: 1, Stepping: 0
  FPU: On-Chip
  Features: FP16, SSE, SSE2, SSE3, SSE4.2, AVX, AVX2, FMA3
  Serial number not present or disabled
 
Processor 4:
  CPU: AMD AMD Ryzen 5 3600 6-Core Processor              
  Family: 15, Model: 1, Stepping: 0
  FPU: On-Chip
  Features: FP16, SSE, SSE2, SSE3, SSE4.2, AVX, AVX2, FMA3
  Serial number not present or disabled
 
Processor 5:
  CPU: AMD AMD Ryzen 5 3600 6-Core Processor              
  Family: 15, Model: 1, Stepping: 0
  FPU: On-Chip
  Features: FP16, SSE, SSE2, SSE3, SSE4.2, AVX, AVX2, FMA3
  Serial number not present or disabled
 
<21:11:47> Loading Config file system.cfg (system.cfg)
<21:11:47> [Error] [CVARS]: [IGNORED CHANGE] variable [sys_version] from [] to [1.1.0.000.200116]; Marked as [VF_CHEAT]
<21:11:47> OnSysSpecChange(1)
<21:11:47> [Error] [CVARS]: [IGNORED CHANGE] variable [sys_asserts] from [0] to [0]; Marked as [VF_CHEAT]
<21:11:47> GameDir: DATA
<21:11:47> <ThreadConfigInfo>: Thread profile loaded: "pc_8" (config/engine_core.thread_config)  
<21:11:47> Windows 10 64 bit (build 10.0.19043)
<21:11:47> System language: English
<21:11:47> Windows Directory: "C:\Windows"
<21:11:47> Local time is 21:11:47 10/12/21, system running for 1754 minutes
<21:11:47> 16333MB physical memory installed, 9172MB available, 134217727MB virtual memory installed, 43 percent of memory in use
<21:11:47> PageFile usage: 76MB, Working Set: 88MB, Peak PageFile usage: 76MB,
<21:11:47> Current display mode is 2560x1440x32, (Unknown graphics card)
<21:11:47> IBM enhanced (101/102-key) keyboard and 16+ button mouse installed
<21:11:47> --------------------------------------------------------------------------------
<21:11:47> OnSysSpecChange(1)
<21:11:47> Loading Config file LowSpec.cfg (data\config\lowspec.cfg)
<21:11:47> [Error] [CVARS]: [MISSING] [mfx_Timeout] is not a registered console variable; referenced when testing console variable group [sys_spec_gameeffects] = [1]
<21:11:47> [Error] [CVARS]: [MISSING] [ca_AttachmentCullingRation] is not a registered console variable; referenced when testing console variable group [sys_spec_objectdetail] = [1]
<21:11:47> [Error] [CVARS]: [MISSING] [e_DecalsLifeTimeScale] is not a registered console variable; referenced when testing console variable group [sys_spec_objectdetail] = [1]
<21:11:47> [Error] [CVARS]: [MISSING] [e_LodRatio] is not a registered console variable; referenced when testing console variable group [sys_spec_objectdetail] = [1]
<21:11:47> [Error] [CVARS]: [MISSING] [e_MaxViewDistSpecLerp] is not a registered console variable; referenced when testing console variable group [sys_spec_objectdetail] = [1]
<21:11:47> [Error] [CVARS]: [MISSING] [e_MaxViewDistance] is not a registered console variable; referenced when testing console variable group [sys_spec_objectdetail] = [1]
<21:11:47> [Error] [CVARS]: [MISSING] [e_ObjQuality] is not a registered console variable; referenced when testing console variable group [sys_spec_objectdetail] = [1]
<21:11:47> [Error] [CVARS]: [MISSING] [e_TerrainOcclusionCullingMaxDist] is not a registered console variable; referenced when testing console variable group [sys_spec_objectdetail] = [1]
<21:11:47> [Error] [CVARS]: [MISSING] [e_VegetationMinSize] is not a registered console variable; referenced when testing console variable group [sys_spec_objectdetail] = [1]
<21:11:47> [Error] [CVARS]: [MISSING] [e_ViewDistRatio] is not a registered console variable; referenced when testing console variable group [sys_spec_objectdetail] = [1]
<21:11:47> [Error] [CVARS]: [MISSING] [e_ViewDistRatioCustom] is not a registered console variable; referenced when testing console variable group [sys_spec_objectdetail] = [1]
<21:11:47> [Error] [CVARS]: [MISSING] [e_ViewDistRatioDetail] is not a registered console variable; referenced when testing console variable group [sys_spec_objectdetail] = [1]
<21:11:47> [Error] [CVARS]: [MISSING] [e_ViewDistRatioLights] is not a registered console variable; referenced when testing console variable group [sys_spec_objectdetail] = [1]
<21:11:47> [Error] [CVARS]: [MISSING] [e_ViewDistRatioVegetation] is not a registered console variable; referenced when testing console variable group [sys_spec_objectdetail] = [1]
<21:11:47> [Error] [CVARS]: [MISSING] [es_DebrisLifetimeScale] is not a registered console variable; referenced when testing console variable group [sys_spec_objectdetail] = [1]
<21:11:47> [Error] [CVARS]: [MISSING] [e_DecalsOverlapping] is not a registered console variable; referenced when testing console variable group [sys_spec_objectdetail] = [1]
<21:11:47> [Error] [CVARS]: [MISSING] [e_LodMin] is not a registered console variable; referenced when testing console variable group [sys_spec_objectdetail] = [1]
<21:11:47> [Error] [CVARS]: [MISSING] [e_MergedMeshesInstanceDist] is not a registered console variable; referenced when testing console variable group [sys_spec_objectdetail] = [1]
<21:11:47> [Error] [CVARS]: [MISSING] [e_MergedMeshesPool] is not a registered console variable; referenced when testing console variable group [sys_spec_objectdetail] = [1]
<21:11:47> [Error] [CVARS]: [MISSING] [e_OcclusionCullingViewDistRatio] is not a registered console variable; referenced when testing console variable group [sys_spec_objectdetail] = [1]
<21:11:47> [Error] [CVARS]: [MISSING] [e_TerrainLodRatio] is not a registered console variable; referenced when testing console variable group [sys_spec_objectdetail] = [1]
<21:11:47> [Error] [CVARS]: [MISSING] [e_Tessellation] is not a registered console variable; referenced when testing console variable group [sys_spec_objectdetail] = [1]
<21:11:47> [Error] [CVARS]: [MISSING] [e_ViewDistMin] is not a registered console variable; referenced when testing console variable group [sys_spec_objectdetail] = [1]
<21:11:47> [Error] [CVARS]: [MISSING] [e_ParticlesMaxScreenFill] is not a registered console variable; referenced when testing console variable group [sys_spec_particles] = [1]
<21:11:47> [Error] [CVARS]: [MISSING] [e_ParticlesMinDrawPixels] is not a registered console variable; referenced when testing console variable group [sys_spec_particles] = [1]
<21:11:47> [Error] [CVARS]: [MISSING] [e_ParticlesObjectCollisions] is not a registered console variable; referenced when testing console variable group [sys_spec_particles] = [1]
<21:11:47> [Error] [CVARS]: [MISSING] [e_ParticlesQuality] is not a registered console variable; referenced when testing console variable group [sys_spec_particles] = [1]
<21:11:47> [Error] [CVARS]: [MISSING] [e_ParticlesMotionBlur] is not a registered console variable; referenced when testing console variable group [sys_spec_particles] = [1]
<21:11:47> [Error] [CVARS]: [MISSING] [e_CullVegActivation] is not a registered console variable; referenced when testing console variable group [sys_spec_physics] = [1]
<21:11:47> [Error] [CVARS]: [MISSING] [e_FoliageWindActivationDist] is not a registered console variable; referenced when testing console variable group [sys_spec_physics] = [1]
<21:11:47> [Error] [CVARS]: [MISSING] [e_PhysOceanCell] is not a registered console variable; referenced when testing console variable group [sys_spec_physics] = [1]
<21:11:47> [Error] [CVARS]: [MISSING] [es_MaxPhysDist] is not a registered console variable; referenced when testing console variable group [sys_spec_physics] = [1]
<21:11:47> [Error] [CVARS]: [MISSING] [es_MaxPhysDistInvisible] is not a registered console variable; referenced when testing console variable group [sys_spec_physics] = [1]
<21:11:47> [Error] [CVARS]: [MISSING] [g_breakage_particles_limit] is not a registered console variable; referenced when testing console variable group [sys_spec_physics] = [1]
<21:11:47> [Error] [CVARS]: [MISSING] [g_tree_cut_reuse_dist] is not a registered console variable; referenced when testing console variable group [sys_spec_physics] = [1]
<21:11:47> [Error] [CVARS]: [MISSING] [p_max_MC_iters] is not a registered console variable; referenced when testing console variable group [sys_spec_physics] = [1]
<21:11:47> [Error] [CVARS]: [MISSING] [p_max_substeps] is not a registered console variable; referenced when testing console variable group [sys_spec_physics] = [1]
<21:11:47> [Error] [CVARS]: [MISSING] [e_PhysProxyTriLimit] is not a registered console variable; referenced when testing console variable group [sys_spec_physics] = [1]
<21:11:47> [Error] [CVARS]: [MISSING] [p_max_object_splashes] is not a registered console variable; referenced when testing console variable group [sys_spec_physics] = [1]
<21:11:47> [Error] [CVARS]: [MISSING] [p_max_substeps_large_group] is not a registered console variable; referenced when testing console variable group [sys_spec_physics] = [1]
<21:11:47> [Error] [CVARS]: [MISSING] [p_num_bodies_large_group] is not a registered console variable; referenced when testing console variable group [sys_spec_physics] = [1]
<21:11:47> [Error] [CVARS]: [MISSING] [p_splash_dist0] is not a registered console variable; referenced when testing console variable group [sys_spec_physics] = [1]
<21:11:47> [Error] [CVARS]: [MISSING] [p_splash_dist1] is not a registered console variable; referenced when testing console variable group [sys_spec_physics] = [1]
<21:11:47> [Error] [CVARS]: [MISSING] [p_splash_force0] is not a registered console variable; referenced when testing console variable group [sys_spec_physics] = [1]
<21:11:47> [Error] [CVARS]: [MISSING] [p_splash_force1] is not a registered console variable; referenced when testing console variable group [sys_spec_physics] = [1]
<21:11:47> [Error] [CVARS]: [MISSING] [p_splash_vel0] is not a registered console variable; referenced when testing console variable group [sys_spec_physics] = [1]
<21:11:47> [Error] [CVARS]: [MISSING] [p_splash_vel1] is not a registered console variable; referenced when testing console variable group [sys_spec_physics] = [1]
<21:11:47> [Error] [CVARS]: [MISSING] [e_DynamicLightsMaxEntityLights] is not a registered console variable; referenced when testing console variable group [sys_spec_shading] = [1]
<21:11:47> [Error] [CVARS]: [MISSING] [e_SkyUpdateRate] is not a registered console variable; referenced when testing console variable group [sys_spec_shading] = [1]
<21:11:47> [Error] [CVARS]: [MISSING] [e_svoTI_Apply] is not a registered console variable; referenced when testing console variable group [sys_spec_shading] = [1]
<21:11:47> [Error] [CVARS]: [MISSING] [e_svoTI_RsmConeMaxLength] is not a registered console variable; referenced when testing console variable group [sys_spec_shading] = [1]
<21:11:47> [Error] [CVARS]: [MISSING] [e_svoTI_RsmUseColors] is not a registered console variable; referenced when testing console variable group [sys_spec_shading] = [1]
<21:11:47> [Error] [CVARS]: [MISSING] [e_svoTi_Active] is not a registered console variable; referenced when testing console variable group [sys_spec_shading] = [1]
<21:11:47> [Error] [CVARS]: [MISSING] [e_svoti_LowSpecMode] is not a registered console variable; referenced when testing console variable group [sys_spec_shading] = [1]
<21:11:47> [Error] [CVARS]: [MISSING] [e_LightVolumes] is not a registered console variable; referenced when testing console variable group [sys_spec_shading] = [1]
<21:11:47> [Error] [CVARS]: [MISSING] [e_VegetationUseTerrainColor] is not a registered console variable; referenced when testing console variable group [sys_spec_shading] = [1]
<21:11:47> [Error] [CVARS]: [MISSING] [e_GsmLodsNum] is not a registered console variable; referenced when testing console variable group [sys_spec_shadows] = [1]
<21:11:47> [Error] [CVARS]: [MISSING] [e_GsmRange] is not a registered console variable; referenced when testing console variable group [sys_spec_shadows] = [1]
<21:11:47> [Error] [CVARS]: [MISSING] [e_ObjShadowCastSpec] is not a registered console variable; referenced when testing console variable group [sys_spec_shadows] = [1]
<21:11:47> [Error] [CVARS]: [MISSING] [e_ParticlesShadows] is not a registered console variable; referenced when testing console variable group [sys_spec_shadows] = [1]
<21:11:47> [Error] [CVARS]: [MISSING] [e_Shadows] is not a registered console variable; referenced when testing console variable group [sys_spec_shadows] = [1]
<21:11:47> [Error] [CVARS]: [MISSING] [e_ShadowsBlendCascades] is not a registered console variable; referenced when testing console variable group [sys_spec_shadows] = [1]
<21:11:47> [Error] [CVARS]: [MISSING] [e_ShadowsCastViewDistRatio] is not a registered console variable; referenced when testing console variable group [sys_spec_shadows] = [1]
<21:11:47> [Error] [CVARS]: [MISSING] [e_ShadowsLodBiasFixed] is not a registered console variable; referenced when testing console variable group [sys_spec_shadows] = [1]
<21:11:47> [Error] [CVARS]: [MISSING] [e_ShadowsMaxTexRes] is not a registered console variable; referenced when testing console variable group [sys_spec_shadows] = [1]
<21:11:47> [Error] [CVARS]: [MISSING] [e_ShadowsPoolSize] is not a registered console variable; referenced when testing console variable group [sys_spec_shadows] = [1]
<21:11:47> [Error] [CVARS]: [MISSING] [e_ShadowsResScale] is not a registered console variable; referenced when testing console variable group [sys_spec_shadows] = [1]
<21:11:47> [Error] [CVARS]: [MISSING] [e_ShadowsTessellateCascades] is not a registered console variable; referenced when testing console variable group [sys_spec_shadows] = [1]
<21:11:47> [Error] [CVARS]: [MISSING] [e_ShadowsTessellateDLights] is not a registered console variable; referenced when testing console variable group [sys_spec_shadows] = [1]
<21:11:47> [Error] [CVARS]: [MISSING] [e_ShadowsUpdateViewDistRatio] is not a registered console variable; referenced when testing console variable group [sys_spec_shadows] = [1]
<21:11:47> [Error] [CVARS]: [MISSING] [e_VolumetricFog] is not a registered console variable; referenced when testing console variable group [sys_spec_volumetriceffects] = [1]
<21:11:47> [Error] [CVARS]: [MISSING] [e_fog] is not a registered console variable; referenced when testing console variable group [sys_spec_volumetriceffects] = [1]
<21:11:47> [Error] [CVARS]: [MISSING] [e_Clouds] is not a registered console variable; referenced when testing console variable group [sys_spec_volumetriceffects] = [1]
<21:11:47> [Error] [CVARS]: [MISSING] [e_WaterOceanFFT] is not a registered console variable; referenced when testing console variable group [sys_spec_water] = [1]
<21:11:47> [Error] [CVARS]: [MISSING] [e_WaterTessellationAmount] is not a registered console variable; referenced when testing console variable group [sys_spec_water] = [1]
<21:11:47> [Error] [CVARS]: [MISSING] [e_WaterTessellationAmountX] is not a registered console variable; referenced when testing console variable group [sys_spec_water] = [1]
<21:11:47> [Error] [CVARS]: [MISSING] [e_WaterTessellationAmountY] is not a registered console variable; referenced when testing console variable group [sys_spec_water] = [1]
<21:11:47> [Error] [CVARS]: [MISSING] [e_WaterTessellationSwathWidth] is not a registered console variable; referenced when testing console variable group [sys_spec_water] = [1]
<21:11:47> Loading Config file game.cfg (data\game.cfg)
<21:11:47> [Warning] [CVARS]: [CHANGED] variable [sys_asserts] from [0] to [0]; Marked as [VF_CHEAT]
<21:11:47> [Warning] Modifying marked variables will not be allowed in Release mode!
<21:11:47> Stream Engine Initialization
<21:11:47> GameName: Pandemic Express
<21:11:47> BuildTime: Oct 13 2019 19:15:33
<21:11:47> Physics initialization
<21:11:47> Localized language content(english) not available or modified from the original installation.
<21:11:47> Localized language content(english) not available or modified from the original installation.
<21:11:47> Localized language content(english) not available or modified from the original installation.
<21:11:47> <Audio>: AudioSystem initialization
<21:11:47> <Audio> <0.080>: CryAudioImplWwise loaded
<21:11:48> Renderer initialization
<21:11:49> Logging video adapters:
<21:11:49> - NVIDIA GeForce RTX 3070 (vendor = 0x10de, device = 0x2484)
<21:11:49>   - Adapter index: 0
<21:11:49>   - Dedicated video memory: 8043 MB
<21:11:49>   - Feature level: DX11 (SM 5.0)
<21:11:49>   - Displays connected: yes
<21:11:49>   - Suitable rendering device: yes
<21:11:49> - Microsoft Basic Render Driver (vendor = 0x1414, device = 0x008c)
<21:11:49>   - Adapter index: 1
<21:11:49>   - Dedicated video memory: 0 MB
<21:11:49>   - Feature level: DX11 (SM 5.0)
<21:11:49>   - Displays connected: no
<21:11:49>   - Suitable rendering device: no
<21:11:49> Active GPUs: 1
<21:11:49> [Renderer] A display device has been connected to the system
<21:11:49> Loading plugin CryDefaultEntities
<21:11:49> Loading plugin CrySchematycCore
<21:11:49> DLL Failed to load, error code: 7E
<21:11:49> Loading plugin CrySchematycSTDEnv
<21:11:49> DLL Failed to load, error code: 7E
<21:11:49> Loading plugin CrySensorSystem
<21:11:49> DLL Failed to load, error code: 7E
<21:11:49> Loading extension file cryplugin.csv
<21:11:49> Loading plugin ProcAnRandGenerator.dll
<21:11:49> Loading plugin PlayFab.dll
<21:11:49> Loading plugin CEVPlayer.dll
<21:11:50> Font initialization
<21:11:50> Using FreeType 2.5.5
<21:11:50> Network initialization
<21:11:50> [net] Socket IO management: External [iocp], Internal [iocp]
<21:11:50> network hostname: DESKTOP-GKEDPQ6
<21:11:50>   ip:26.90.194.210
<21:11:50>   ip:192.168.20.17
<21:11:50> [Network Version]: PROFILE DEVELOPMENT BUILD
<21:11:50> MovieSystem initialization
<21:11:50> Console initialization
<21:11:50> Time initialization
<21:11:50> Input initialization
<21:11:51> AI initialization
<21:11:51>  
<21:11:51>     con_debug = 0 []
<21:11:51>     con_display_last_messages = 0 []
<21:11:51>     con_line_buffer_size = 1000 []
<21:11:51>     con_restricted = 0 [RESTRICTEDMODE]
<21:11:51>     con_showonload = 0 []
<21:11:51>  
<21:11:51>     con_debug = 0 []
<21:11:51>     con_display_last_messages = 0 []
<21:11:51>     con_line_buffer_size = 1000 []
<21:11:51>     con_restricted = 0 [RESTRICTEDMODE]
<21:11:51>     con_showonload = 0 []
<21:11:51>  
<21:11:51>     con_debug = 0 []
<21:11:51>  
<21:11:51>     con_debug = 0 []
<21:11:51> Initializing Animation System
<21:11:51> Initializing 3D Engine
<21:11:51> Script System Initialization
<21:11:51> Entity system initialization
<21:11:51> Initializing AI System
<21:11:51> Initializing additional systems
<21:11:51> Dynamic Response System initialization
<21:11:51> DLL Failed to load, error code: 7E
<21:11:51> No Dynamic Response System was loaded from a module, will use the NULL implementation.
<21:11:51> [Steam] Steam API initialized successfully
<21:11:51> <ThreadConfigInfo>: [XML Parsing] Thread with name "Main" already loaded. Overriding with new configuration
<21:11:51> <ThreadConfigInfo>: [XML Parsing] Thread with name "Network" already loaded. Overriding with new configuration
<21:11:51> <ThreadConfigInfo>: [XML Parsing] Thread with name "NetworkStallTicker" already loaded. Overriding with new configuration
<21:11:51> <ThreadConfigInfo>: [XML Parsing] Thread with name "ZLibCompressor" already loaded. Overriding with new configuration
<21:11:51> <ThreadConfigInfo>: [XML Parsing] Thread with name "NetworkStallTicker" already loaded. Overriding with new configuration
<21:11:51> <ThreadConfigInfo>: [XML Parsing] Thread with name "ZLibCompressor" already loaded. Overriding with new configuration
<21:11:51> <ThreadConfigInfo>: [XML Parsing] Thread with name "TelemetryCopier" already loaded. Overriding with new configuration
<21:11:51> <ThreadConfigInfo>: [XML Parsing] Thread with name "StatsAgent" already loaded. Overriding with new configuration
<21:11:51> <ThreadConfigInfo>: Thread profile loaded: "pc_8" (config/game.thread_config)  
<21:11:51> Initializing default materials...
<21:11:57> [MFX] Loading FXLib 'breakables' ...
<21:11:57> [MFX] Loading FXLib 'collisions' ...
<21:11:57> [MFX] Loading FXLib 'foley' ...
<21:11:57> [MFX] Loading FXLib 'foley_grunt' ...
<21:11:57> [MFX] Loading FXLib 'foley_player' ...
<21:11:57> [MFX] Loading FXLib 'footstep_grunt' ...
<21:11:57> [MFX] Loading FXLib 'footstep_player' ...
<21:11:57> [MFX] Loading FXLib 'footsteps' ...
<21:11:57> [MFX] Loading FXLib 'grenade' ...
<21:11:57> [MFX] Loading FXLib 'melee' ...
<21:11:57> [MFX] Loading FXLib 'player_fx' ...
<21:11:57> [MFX] Loading FXLib 'projectiles' ...
<21:11:57> [MFX] Loading FXLib 'tornado' ...
<21:11:57> [MFX] Loading FXLib 'vegetation' ...
<21:11:57> [MFX] Loading FXLib 'vehicles' ...
<21:11:57> [MFX] Loading FXLib 'breakables' ...
<21:11:57> [MFX] Loading FXLib 'collisions' ...
<21:11:57> [MFX] Loading FXLib 'foley' ...
<21:11:57> [MFX] Loading FXLib 'foley_grunt' ...
<21:11:57> [MFX] Loading FXLib 'foley_player' ...
<21:11:57> [MFX] Loading FXLib 'footstep_grunt' ...
<21:11:57> [MFX] Loading FXLib 'footstep_player' ...
<21:11:57> [MFX] Loading FXLib 'footsteps' ...
<21:11:57> [MFX] Loading FXLib 'grenade' ...
<21:11:57> [MFX] Loading FXLib 'melee' ...
<21:11:57> [MFX] Loading FXLib 'player_fx' ...
<21:11:57> [MFX] Loading FXLib 'projectiles' ...
<21:11:57> [MFX] Loading FXLib 'tornado' ...
<21:11:57> [MFX] Loading FXLib 'vegetation' ...
<21:11:57> [MFX] Loading FXLib 'vehicles' ...
<21:11:57> Creating socket on port 2838
<21:11:57> CreateDatagramSocket c1
<21:11:57> CreateDatagramSocket c2
<21:13:46> [MFX] Loading FXLib 'breakables' ...
<21:13:46> [MFX] Loading FXLib 'collisions' ...
<21:13:46> [MFX] Loading FXLib 'foley' ...
<21:13:46> [MFX] Loading FXLib 'foley_grunt' ...
<21:13:46> [MFX] Loading FXLib 'foley_player' ...
<21:13:46> [MFX] Loading FXLib 'footstep_grunt' ...
<21:13:46> [MFX] Loading FXLib 'footstep_player' ...
<21:13:46> [MFX] Loading FXLib 'footsteps' ...
<21:13:46> [MFX] Loading FXLib 'grenade' ...
<21:13:46> [MFX] Loading FXLib 'melee' ...
<21:13:46> [MFX] Loading FXLib 'player_fx' ...
<21:13:46> [MFX] Loading FXLib 'projectiles' ...
<21:13:46> [MFX] Loading FXLib 'tornado' ...
<21:13:46> [MFX] Loading FXLib 'vegetation' ...
<21:13:46> [MFX] Loading FXLib 'vehicles' ...
<21:13:46> ============================ Loading level WhereThe ============================
<21:13:46> CreateDatagramSocket c1
<21:13:46> CreateDatagramSocket c2
<21:13:46> CreateDatagramSocket c1
<21:13:46> CreateDatagramSocket c2
<21:13:51> PLAYERNAME Kornflakes
<21:13:51> CryAnimation: character-definition not found: objects/characters/man.cdf
<21:13:52> remapped bone indices with refcount '1' still around for 'objects/zhg_objects/weapons/revolver/revolver_1p.skin 0x000002BEC296D620
<21:19:12> BaseInput - Shutting down all force feedback
<21:19:12> ActionGame - Shutting down all force feedback
<21:19:12> gEnv->pRenderer->Draw2dImage XXX
<21:19:13> CNetSyncSystem::~CNetSyncSystem & Crush?! packets_temp_bf(temp packet data buffs)
