BackupNameAttachment=" Build(0) 02 Jul 21 (15 51 12)"  -- used by backup system
Log Started at Fri Jul  2 15:51:12 2021
Built on Oct 13 2019 19:15:33
Running 64 bit Windows version
Command Line: "D:\Games\Steam\steamapps\common\Pandemic Express\Bin/win_x64/PandemicExpress.exe"
Executable: D:\Games\Steam\steamapps\common\Pandemic Express\Bin\win_x64\PandemicExpress.exe
FileVersion: 1.0.0.0
ProductVersion: 1.0.0.0
Added MOD directory <%engineroot%/engine> to CryPak

Total number of logical processors: 12
Number of available logical processors: 12
Total number of system cores: 6
Number of cores available to process: 6
 
Processor 0:
  CPU: AMD AMD Ryzen 5 3600 6-Core Processor              
  Family: 15, Model: 1, Stepping: 0
  FPU: On-Chip
  Features: FP16, SSE, SSE2, SSE3, SSE4.2, AVX, AVX2, FMA3
  Serial number not present or disabled
 
Processor 1:
  CPU: AMD AMD Ryzen 5 3600 6-Core Processor              
  Family: 15, Model: 1, Stepping: 0
  FPU: On-Chip
  Features: FP16, SSE, SSE2, SSE3, SSE4.2, AVX, AVX2, FMA3
  Serial number not present or disabled
 
Processor 2:
  CPU: AMD AMD Ryzen 5 3600 6-Core Processor              
  Family: 15, Model: 1, Stepping: 0
  FPU: On-Chip
  Features: FP16, SSE, SSE2, SSE3, SSE4.2, AVX, AVX2, FMA3
  Serial number not present or disabled
 
Processor 3:
  CPU: AMD AMD Ryzen 5 3600 6-Core Processor              
  Family: 15, Model: 1, Stepping: 0
  FPU: On-Chip
  Features: FP16, SSE, SSE2, SSE3, SSE4.2, AVX, AVX2, FMA3
  Serial number not present or disabled
 
Processor 4:
  CPU: AMD AMD Ryzen 5 3600 6-Core Processor              
  Family: 15, Model: 1, Stepping: 0
  FPU: On-Chip
  Features: FP16, SSE, SSE2, SSE3, SSE4.2, AVX, AVX2, FMA3
  Serial number not present or disabled
 
Processor 5:
  CPU: AMD AMD Ryzen 5 3600 6-Core Processor              
  Family: 15, Model: 1, Stepping: 0
  FPU: On-Chip
  Features: FP16, SSE, SSE2, SSE3, SSE4.2, AVX, AVX2, FMA3
  Serial number not present or disabled
 
<15:51:12> Loading Config file system.cfg (system.cfg)
<15:51:12> [Error] [CVARS]: [IGNORED CHANGE] variable [sys_version] from [] to [1.1.0.000.200116]; Marked as [VF_CHEAT]
<15:51:12> OnSysSpecChange(1)
<15:51:12> [Error] [CVARS]: [IGNORED CHANGE] variable [sys_asserts] from [0] to [0]; Marked as [VF_CHEAT]
<15:51:12> GameDir: DATA
<15:51:12> <ThreadConfigInfo>: Thread profile loaded: "pc_8" (config/engine_core.thread_config)  
<15:51:12> Windows 10 64 bit (build 10.0.19043)
<15:51:12> System language: English
<15:51:12> Windows Directory: "C:\Windows"
<15:51:12> Local time is 15:51:12 07/02/21, system running for 8905 minutes
<15:51:12> 16333MB physical memory installed, 10253MB available, 134217727MB virtual memory installed, 37 percent of memory in use
<15:51:12> PageFile usage: 75MB, Working Set: 88MB, Peak PageFile usage: 75MB,
<15:51:12> Current display mode is 2560x1440x32, (Unknown graphics card)
<15:51:12> IBM enhanced (101/102-key) keyboard and 16+ button mouse installed
<15:51:12> --------------------------------------------------------------------------------
<15:51:12> OnSysSpecChange(1)
<15:51:12> Loading Config file LowSpec.cfg (data\config\lowspec.cfg)
<15:51:12> Loading Config file game.cfg (data\game.cfg)
<15:51:12> [Warning] [CVARS]: [CHANGED] variable [sys_asserts] from [0] to [0]; Marked as [VF_CHEAT]
<15:51:12> [Warning] Modifying marked variables will not be allowed in Release mode!
<15:51:12> Stream Engine Initialization
<15:51:12> GameName: Pandemic Express
<15:51:12> BuildTime: Oct 13 2019 19:15:33
<15:51:12> Physics initialization
<15:51:12> Localized language content(english) not available or modified from the original installation.
<15:51:12> Localized language content(english) not available or modified from the original installation.
<15:51:12> Localized language content(english) not available or modified from the original installation.
<15:51:12> <Audio>: AudioSystem initialization
<15:51:12> <Audio> <0.075>: CryAudioImplWwise loaded
<15:51:14> Renderer initialization
<15:51:14> Logging video adapters:
<15:51:14> - NVIDIA GeForce RTX 3070 (vendor = 0x10de, device = 0x2484)
<15:51:14>   - Adapter index: 0
<15:51:14>   - Dedicated video memory: 8043 MB
<15:51:14>   - Feature level: DX11 (SM 5.0)
<15:51:14>   - Displays connected: yes
<15:51:14>   - Suitable rendering device: yes
<15:51:14> - Microsoft Basic Render Driver (vendor = 0x1414, device = 0x008c)
<15:51:14>   - Adapter index: 1
<15:51:14>   - Dedicated video memory: 0 MB
<15:51:14>   - Feature level: DX11 (SM 5.0)
<15:51:14>   - Displays connected: no
<15:51:14>   - Suitable rendering device: no
<15:51:14> Active GPUs: 1
<15:51:14> [Renderer] A display device has been connected to the system
<15:51:14> Loading plugin CryDefaultEntities
<15:51:14> Loading plugin CrySchematycCore
<15:51:14> DLL Failed to load, error code: 7E
<15:51:14> Loading plugin CrySchematycSTDEnv
<15:51:14> DLL Failed to load, error code: 7E
<15:51:14> Loading plugin CrySensorSystem
<15:51:14> DLL Failed to load, error code: 7E
<15:51:14> Loading extension file cryplugin.csv
<15:51:14> Loading plugin ProcAnRandGenerator.dll
<15:51:14> Loading plugin PlayFab.dll
<15:51:14> Loading plugin CEVPlayer.dll
<15:51:15> Font initialization
<15:51:15> Using FreeType 2.5.5
<15:51:15> Network initialization
<15:51:15> [net] Socket IO management: External [iocp], Internal [iocp]
<15:51:15> network hostname: DESKTOP-GKEDPQ6
<15:51:15>   ip:192.168.20.21
<15:51:15> [Network Version]: PROFILE DEVELOPMENT BUILD
<15:51:15> MovieSystem initialization
<15:51:15> Console initialization
<15:51:15> Time initialization
<15:51:15> Input initialization
<15:51:15> AI initialization
<15:51:15>  
<15:51:15>     con_debug = 0 []
<15:51:15>     con_display_last_messages = 0 []
<15:51:15>     con_line_buffer_size = 1000 []
<15:51:15>     con_restricted = 0 [RESTRICTEDMODE]
<15:51:15>     con_showonload = 0 []
<15:51:15>  
<15:51:15>     con_debug = 0 []
<15:51:15>     con_display_last_messages = 0 []
<15:51:15>     con_line_buffer_size = 1000 []
<15:51:15>     con_restricted = 0 [RESTRICTEDMODE]
<15:51:15>     con_showonload = 0 []
<15:51:15>  
<15:51:15>     con_debug = 0 []
<15:51:15>  
<15:51:15>     con_debug = 0 []
<15:51:15> Initializing Animation System
<15:51:15> Initializing 3D Engine
<15:51:15> Script System Initialization
<15:51:15> Entity system initialization
<15:51:15> Initializing AI System
<15:51:15> Initializing additional systems
<15:51:15> Dynamic Response System initialization
<15:51:15> DLL Failed to load, error code: 7E
<15:51:15> No Dynamic Response System was loaded from a module, will use the NULL implementation.
<15:51:16> [Steam] Steam API initialized successfully
<15:51:16> <ThreadConfigInfo>: [XML Parsing] Thread with name "Main" already loaded. Overriding with new configuration
<15:51:16> <ThreadConfigInfo>: [XML Parsing] Thread with name "Network" already loaded. Overriding with new configuration
<15:51:16> <ThreadConfigInfo>: [XML Parsing] Thread with name "NetworkStallTicker" already loaded. Overriding with new configuration
<15:51:16> <ThreadConfigInfo>: [XML Parsing] Thread with name "ZLibCompressor" already loaded. Overriding with new configuration
<15:51:16> <ThreadConfigInfo>: [XML Parsing] Thread with name "NetworkStallTicker" already loaded. Overriding with new configuration
<15:51:16> <ThreadConfigInfo>: [XML Parsing] Thread with name "ZLibCompressor" already loaded. Overriding with new configuration
<15:51:16> <ThreadConfigInfo>: [XML Parsing] Thread with name "TelemetryCopier" already loaded. Overriding with new configuration
<15:51:16> <ThreadConfigInfo>: [XML Parsing] Thread with name "StatsAgent" already loaded. Overriding with new configuration
<15:51:16> <ThreadConfigInfo>: Thread profile loaded: "pc_8" (config/game.thread_config)  
<15:51:17> Initializing default materials...
<15:51:22> [MFX] Loading FXLib 'breakables' ...
<15:51:22> [MFX] Loading FXLib 'collisions' ...
<15:51:22> [MFX] Loading FXLib 'foley' ...
<15:51:22> [MFX] Loading FXLib 'foley_grunt' ...
<15:51:22> [MFX] Loading FXLib 'foley_player' ...
<15:51:22> [MFX] Loading FXLib 'footstep_grunt' ...
<15:51:22> [MFX] Loading FXLib 'footstep_player' ...
<15:51:22> [MFX] Loading FXLib 'footsteps' ...
<15:51:22> [MFX] Loading FXLib 'grenade' ...
<15:51:22> [MFX] Loading FXLib 'melee' ...
<15:51:22> [MFX] Loading FXLib 'player_fx' ...
<15:51:22> [MFX] Loading FXLib 'projectiles' ...
<15:51:22> [MFX] Loading FXLib 'tornado' ...
<15:51:22> [MFX] Loading FXLib 'vegetation' ...
<15:51:22> [MFX] Loading FXLib 'vehicles' ...
<15:51:22> [MFX] Loading FXLib 'breakables' ...
<15:51:22> [MFX] Loading FXLib 'collisions' ...
<15:51:22> [MFX] Loading FXLib 'foley' ...
<15:51:22> [MFX] Loading FXLib 'foley_grunt' ...
<15:51:22> [MFX] Loading FXLib 'foley_player' ...
<15:51:22> [MFX] Loading FXLib 'footstep_grunt' ...
<15:51:22> [MFX] Loading FXLib 'footstep_player' ...
<15:51:22> [MFX] Loading FXLib 'footsteps' ...
<15:51:22> [MFX] Loading FXLib 'grenade' ...
<15:51:22> [MFX] Loading FXLib 'melee' ...
<15:51:22> [MFX] Loading FXLib 'player_fx' ...
<15:51:22> [MFX] Loading FXLib 'projectiles' ...
<15:51:22> [MFX] Loading FXLib 'tornado' ...
<15:51:22> [MFX] Loading FXLib 'vegetation' ...
<15:51:22> [MFX] Loading FXLib 'vehicles' ...
<15:51:22> Creating socket on port 2838
<15:51:22> CreateDatagramSocket c1
<15:51:22> CreateDatagramSocket c2
<15:51:58> CreateDatagramSocket c1
<15:52:00> Game rules class: InstantAction
<15:52:00> ============================ PrepareLevel Multiplayer/Purgatorium_Esc_Cw ============================
<15:52:49> CryAnimation: character-definition not found: objects/characters/human/sdk_player/sdk_player.cdf
<15:52:49> CryAnimation: character-definition not found: objects/characters/human/sdk_player/sdk_player.cdf
<15:52:49> CryAnimation: character-definition not found: objects/characters/human/sdk_player/sdk_player.cdf
<15:52:49> CryAnimation: character-definition not found: objects/characters/human/sdk_player/sdk_player.cdf
<15:52:49> CryAnimation: character-definition not found: objects/characters/human/sdk_player/sdk_player.cdf
<15:52:49> CryAnimation: character-definition not found: objects/characters/human/sdk_player/sdk_player.cdf
<15:52:49> CryAnimation: character-definition not found: objects/characters/human/sdk_player/sdk_player.cdf
<15:52:49> CryAnimation: character-definition not found: objects/characters/human/sdk_player/sdk_player.cdf
<15:52:49> CryAnimation: character-definition not found: objects/characters/human/sdk_player/sdk_player.cdf
<15:52:49> CryAnimation: character-definition not found: objects/characters/human/sdk_player/sdk_player.cdf
<15:52:49> CryAnimation: character-definition not found: objects/characters/human/sdk_player/sdk_player.cdf
<15:52:49> CryAnimation: character-definition not found: objects/characters/human/sdk_player/sdk_player.cdf
<15:52:53> CryAnimation: character-definition not found: objects/characters/human/sdk_player/sdk_player.cdf
<15:52:53> CryAnimation: character-definition not found: objects/characters/human/sdk_player/sdk_player.cdf
<15:52:53> CryAnimation: character-definition not found: objects/characters/human/sdk_player/sdk_player.cdf
<15:52:54> PLAYERNAME Kornflakes
<15:52:54> CryAnimation: character-definition not found: objects/characters/man.cdf
<15:52:57> CryAnimation: character-definition not found: objects/characters/human/sdk_player/sdk_player.cdf
<15:52:57> CryAnimation: character-definition not found: objects/characters/human/sdk_player/sdk_player.cdf
<15:52:57> CryAnimation: character-definition not found: objects/characters/human/sdk_player/sdk_player.cdf
<15:53:07> CryAnimation: character-definition not found: objects/characters/human/sdk_player/sdk_player.cdf
<15:53:07> CryAnimation: character-definition not found: objects/characters/human/sdk_player/sdk_player.cdf
<15:53:07> CryAnimation: character-definition not found: objects/characters/human/sdk_player/sdk_player.cdf
<15:53:13> CryAnimation: character-definition not found: objects/characters/human/sdk_player/sdk_player.cdf
<15:53:13> CryAnimation: character-definition not found: objects/characters/human/sdk_player/sdk_player.cdf
<15:53:13> CryAnimation: character-definition not found: objects/characters/human/sdk_player/sdk_player.cdf
<15:53:15> CryAnimation: character-definition not found: objects/characters/human/sdk_player/sdk_player.cdf
<15:53:15> CryAnimation: character-definition not found: objects/characters/human/sdk_player/sdk_player.cdf
<15:53:15> CryAnimation: character-definition not found: objects/characters/human/sdk_player/sdk_player.cdf
<15:53:16> CryAnimation: character-definition not found: objects/characters/human/sdk_player/sdk_player.cdf
<15:53:16> CryAnimation: character-definition not found: objects/characters/human/sdk_player/sdk_player.cdf
<15:53:16> CryAnimation: character-definition not found: objects/characters/human/sdk_player/sdk_player.cdf
<15:53:22> CryAnimation: character-definition not found: objects/characters/human/sdk_player/sdk_player.cdf
<15:53:22> CryAnimation: character-definition not found: objects/characters/human/sdk_player/sdk_player.cdf
<15:53:22> CryAnimation: character-definition not found: objects/characters/human/sdk_player/sdk_player.cdf
<15:53:28> CryAnimation: character-definition not found: objects/characters/human/sdk_player/sdk_player.cdf
<15:53:28> CryAnimation: character-definition not found: objects/characters/human/sdk_player/sdk_player.cdf
<15:53:28> CryAnimation: character-definition not found: objects/characters/human/sdk_player/sdk_player.cdf
<15:53:36> CryAnimation: character-definition not found: objects/characters/human/sdk_player/sdk_player.cdf
<15:53:36> CryAnimation: character-definition not found: objects/characters/human/sdk_player/sdk_player.cdf
<15:53:36> CryAnimation: character-definition not found: objects/characters/human/sdk_player/sdk_player.cdf
<15:53:37> d_prerec_msg 
<15:53:40> CryAnimation: character-definition not found: objects/characters/human/sdk_player/sdk_player.cdf
<15:53:40> CryAnimation: character-definition not found: objects/characters/human/sdk_player/sdk_player.cdf
<15:53:40> CryAnimation: character-definition not found: objects/characters/human/sdk_player/sdk_player.cdf
<15:53:40> d_prerec_msg 
<15:53:47> CryAnimation: character-definition not found: objects/characters/human/sdk_player/sdk_player.cdf
<15:53:47> CryAnimation: character-definition not found: objects/characters/human/sdk_player/sdk_player.cdf
<15:53:47> CryAnimation: character-definition not found: objects/characters/human/sdk_player/sdk_player.cdf
<15:53:47> st_used_prerec_msg 
<15:53:49> CryAnimation: character-definition not found: objects/characters/human/sdk_player/sdk_player.cdf
<15:53:49> CryAnimation: character-definition not found: objects/characters/human/sdk_player/sdk_player.cdf
<15:53:49> CryAnimation: character-definition not found: objects/characters/human/sdk_player/sdk_player.cdf
<15:53:55> CryAnimation: character-definition not found: objects/characters/human/sdk_player/sdk_player.cdf
<15:53:55> CryAnimation: character-definition not found: objects/characters/human/sdk_player/sdk_player.cdf
<15:53:55> CryAnimation: character-definition not found: objects/characters/human/sdk_player/sdk_player.cdf
<15:54:06> d_prerec_msg 
<15:54:13> ast_used_prerec_msg 
<15:54:20> CryAnimation: character-definition not found: objects/characters/human/sdk_player/sdk_player.cdf
<15:54:20> CryAnimation: character-definition not found: objects/characters/human/sdk_player/sdk_player.cdf
<15:54:20> CryAnimation: character-definition not found: objects/characters/human/sdk_player/sdk_player.cdf
<15:54:25> used_prerec_msg 
<15:54:27> CryAnimation: character-definition not found: objects/characters/human/sdk_player/sdk_player.cdf
<15:54:27> CryAnimation: character-definition not found: objects/characters/human/sdk_player/sdk_player.cdf
<15:54:27> CryAnimation: character-definition not found: objects/characters/human/sdk_player/sdk_player.cdf
<15:54:29> used_prerec_msg 
<15:54:35> d_prerec_msg 
<15:54:36> d_prerec_msg 
<15:54:40> d_prerec_msg 
<15:54:40> d_prerec_msg 
<15:54:45> d_prerec_msg 
<15:54:50> d_prerec_msg 
<15:54:52> d_prerec_msg 
<15:54:53> d_prerec_msg 
<15:54:59> CryAnimation: character-definition not found: objects/characters/human/sdk_player/sdk_player.cdf
<15:54:59> CryAnimation: character-definition not found: objects/characters/human/sdk_player/sdk_player.cdf
<15:54:59> CryAnimation: character-definition not found: objects/characters/human/sdk_player/sdk_player.cdf
<15:55:14> d_prerec_msg 
<15:55:16> ast_used_prerec_msg 
<15:55:55> st_used_prerec_msg 
<15:55:56> t_used_prerec_msg 
<15:55:59> CGameClientChannel::Release
<15:55:59> gEnv->pRenderer->Draw2dImage XXX
<15:56:02> remapped bone indices with refcount '4294967293' still around for 'objects/zhg_objects/characters/conserve/conserve_body.skin 0x00000199C49F5340
<15:56:02> remapped bone indices with refcount '4294967293' still around for 'objects/zhg_objects/characters/conserve/conserve_body.skin 0x00000199C49F5660
<15:56:02> remapped bone indices with refcount '4294967293' still around for 'objects/zhg_objects/characters/conserve/conserve_body.skin 0x00000199C49F7280
<15:56:10> CreateDatagramSocket c1
<15:56:12> Game rules class: InstantAction
<15:56:12> ============================ PrepareLevel Multiplayer/Purgatorium_Esc_Cw ============================
<15:56:12> Initializing default materials...
<15:56:17> [MFX] Loading FXLib 'breakables' ...
<15:56:17> [MFX] Loading FXLib 'collisions' ...
<15:56:17> [MFX] Loading FXLib 'foley' ...
<15:56:17> [MFX] Loading FXLib 'foley_grunt' ...
<15:56:17> [MFX] Loading FXLib 'foley_player' ...
<15:56:17> [MFX] Loading FXLib 'footstep_grunt' ...
<15:56:17> [MFX] Loading FXLib 'footstep_player' ...
<15:56:17> [MFX] Loading FXLib 'footsteps' ...
<15:56:17> [MFX] Loading FXLib 'grenade' ...
<15:56:17> [MFX] Loading FXLib 'melee' ...
<15:56:17> [MFX] Loading FXLib 'player_fx' ...
<15:56:17> [MFX] Loading FXLib 'projectiles' ...
<15:56:17> [MFX] Loading FXLib 'tornado' ...
<15:56:17> [MFX] Loading FXLib 'vegetation' ...
<15:56:17> [MFX] Loading FXLib 'vehicles' ...
<15:56:33> CryAnimation: character-definition not found: objects/characters/human/sdk_player/sdk_player.cdf
<15:56:33> CryAnimation: character-definition not found: objects/characters/human/sdk_player/sdk_player.cdf
<15:56:33> CryAnimation: character-definition not found: objects/characters/human/sdk_player/sdk_player.cdf
<15:56:33> CryAnimation: character-definition not found: objects/characters/human/sdk_player/sdk_player.cdf
<15:56:33> CryAnimation: character-definition not found: objects/characters/human/sdk_player/sdk_player.cdf
<15:56:33> CryAnimation: character-definition not found: objects/characters/human/sdk_player/sdk_player.cdf
<15:56:33> CryAnimation: character-definition not found: objects/characters/human/sdk_player/sdk_player.cdf
<15:56:33> CryAnimation: character-definition not found: objects/characters/human/sdk_player/sdk_player.cdf
<15:56:33> CryAnimation: character-definition not found: objects/characters/human/sdk_player/sdk_player.cdf
<15:56:33> CryAnimation: character-definition not found: objects/characters/human/sdk_player/sdk_player.cdf
<15:56:33> CryAnimation: character-definition not found: objects/characters/human/sdk_player/sdk_player.cdf
<15:56:33> CryAnimation: character-definition not found: objects/characters/human/sdk_player/sdk_player.cdf
<15:56:33> CryAnimation: character-definition not found: objects/characters/human/sdk_player/sdk_player.cdf
<15:56:33> CryAnimation: character-definition not found: objects/characters/human/sdk_player/sdk_player.cdf
<15:56:33> CryAnimation: character-definition not found: objects/characters/human/sdk_player/sdk_player.cdf
<15:56:33> CryAnimation: character-definition not found: objects/characters/human/sdk_player/sdk_player.cdf
<15:56:33> CryAnimation: character-definition not found: objects/characters/human/sdk_player/sdk_player.cdf
<15:56:33> CryAnimation: character-definition not found: objects/characters/human/sdk_player/sdk_player.cdf
<15:56:33> CryAnimation: character-definition not found: objects/characters/human/sdk_player/sdk_player.cdf
<15:56:33> CryAnimation: character-definition not found: objects/characters/human/sdk_player/sdk_player.cdf
<15:56:33> CryAnimation: character-definition not found: objects/characters/human/sdk_player/sdk_player.cdf
<15:56:33> CryAnimation: character-definition not found: objects/characters/human/sdk_player/sdk_player.cdf
<15:56:33> CryAnimation: character-definition not found: objects/characters/human/sdk_player/sdk_player.cdf
<15:56:33> CryAnimation: character-definition not found: objects/characters/human/sdk_player/sdk_player.cdf
<15:56:33> CryAnimation: character-definition not found: objects/characters/human/sdk_player/sdk_player.cdf
<15:56:33> CryAnimation: character-definition not found: objects/characters/human/sdk_player/sdk_player.cdf
<15:56:33> CryAnimation: character-definition not found: objects/characters/human/sdk_player/sdk_player.cdf
<15:56:33> CryAnimation: character-definition not found: objects/characters/human/sdk_player/sdk_player.cdf
<15:56:33> CryAnimation: character-definition not found: objects/characters/human/sdk_player/sdk_player.cdf
<15:56:33> CryAnimation: character-definition not found: objects/characters/human/sdk_player/sdk_player.cdf
<15:56:33> CryAnimation: character-definition not found: objects/characters/human/sdk_player/sdk_player.cdf
<15:56:33> CryAnimation: character-definition not found: objects/characters/human/sdk_player/sdk_player.cdf
<15:56:33> CryAnimation: character-definition not found: objects/characters/human/sdk_player/sdk_player.cdf
<15:56:33> CryAnimation: character-definition not found: objects/characters/human/sdk_player/sdk_player.cdf
<15:56:33> CryAnimation: character-definition not found: objects/characters/human/sdk_player/sdk_player.cdf
<15:56:33> CryAnimation: character-definition not found: objects/characters/human/sdk_player/sdk_player.cdf
<15:56:33> CryAnimation: character-definition not found: objects/characters/human/sdk_player/sdk_player.cdf
<15:56:33> CryAnimation: character-definition not found: objects/characters/human/sdk_player/sdk_player.cdf
<15:56:33> CryAnimation: character-definition not found: objects/characters/human/sdk_player/sdk_player.cdf
<15:56:33> CryAnimation: character-definition not found: objects/characters/human/sdk_player/sdk_player.cdf
<15:56:33> CryAnimation: character-definition not found: objects/characters/human/sdk_player/sdk_player.cdf
<15:56:33> CryAnimation: character-definition not found: objects/characters/human/sdk_player/sdk_player.cdf
<15:56:33> CryAnimation: character-definition not found: objects/characters/human/sdk_player/sdk_player.cdf
<15:56:33> CryAnimation: character-definition not found: objects/characters/human/sdk_player/sdk_player.cdf
<15:56:33> CryAnimation: character-definition not found: objects/characters/human/sdk_player/sdk_player.cdf
<15:56:33> CryAnimation: character-definition not found: objects/characters/human/sdk_player/sdk_player.cdf
<15:56:33> CryAnimation: character-definition not found: objects/characters/human/sdk_player/sdk_player.cdf
<15:56:33> CryAnimation: character-definition not found: objects/characters/human/sdk_player/sdk_player.cdf
<15:56:34> CryAnimation: character-definition not found: objects/characters/human/sdk_player/sdk_player.cdf
<15:56:34> CryAnimation: character-definition not found: objects/characters/human/sdk_player/sdk_player.cdf
<15:56:34> CryAnimation: character-definition not found: objects/characters/human/sdk_player/sdk_player.cdf
<15:56:34> CryAnimation: character-definition not found: objects/characters/human/sdk_player/sdk_player.cdf
<15:56:34> CryAnimation: character-definition not found: objects/characters/human/sdk_player/sdk_player.cdf
<15:56:34> CryAnimation: character-definition not found: objects/characters/human/sdk_player/sdk_player.cdf
<15:56:38> CryAnimation: character-definition not found: objects/characters/human/sdk_player/sdk_player.cdf
<15:56:38> CryAnimation: character-definition not found: objects/characters/human/sdk_player/sdk_player.cdf
<15:56:38> CryAnimation: character-definition not found: objects/characters/human/sdk_player/sdk_player.cdf
<15:56:38> CVehicleSeat::NetSetPassengerId c2
<15:56:38> CVehicleSeat::Enter called
<15:56:42> PLAYERNAME Kornflakes
<15:56:42> CryAnimation: character-definition not found: objects/characters/man.cdf
<15:56:43> CryAnimation: character-definition not found: objects/characters/human/sdk_player/sdk_player.cdf
<15:56:43> CryAnimation: character-definition not found: objects/characters/human/sdk_player/sdk_player.cdf
<15:56:43> CryAnimation: character-definition not found: objects/characters/human/sdk_player/sdk_player.cdf
<CRITICAL EXCEPTION>
Exception: 0xC0000005, at Address: 0x0033:0x00007FFF1AEB6F87
Virtual memory usage: 5615Mb
Debug Status: 05:20 Game multiplayer/Purgatorium_Esc_Cw InstantAction
Last D3D debug message: No message queued. Debug runtime might be inactive or not installed.
Exception Code: 0xC0000005
Exception Addr: 0x0033:0x00007FFF1AEB6F87
Exception Module: <Unknown>
Exception Name  : EXCEPTION_ACCESS_VIOLATION
Exception Description: Attempt to read from address 0x0000000000000000
The memory could not be "read"
Exception Code: 0xC0000005
Exception Addr: 0x0033:0x00007FFF1AEB6F87
Exception Module: <Unknown>
Exception Description: EXCEPTION_ACCESS_VIOLATION, Attempt to read from address 0x0000000000000000
The memory could not be "read"
Memory in use: 5673.1MB
Debug Status: 05:20 Game multiplayer/Purgatorium_Esc_Cw InstantAction
Out of Memory: 0
MainThread Id: 7620
RenderThread Id: 6116
[Crashed] Thread Id: 7620
[Crashed] ThreadName: Main

[Crashed] Call Stack: ["Main" [7620]]

