BackupNameAttachment=" Build(0) 13 Jul 21 (14 06 12)"  -- used by backup system
Log Started at Tue Jul 13 14:06:12 2021
Built on Oct 13 2019 19:15:33
Running 64 bit Windows version
Command Line: "D:\Games\Steam\steamapps\common\Pandemic Express\Bin/win_x64/PandemicExpress.exe"
Executable: D:\Games\Steam\steamapps\common\Pandemic Express\Bin\win_x64\PandemicExpress.exe
FileVersion: 1.0.0.0
ProductVersion: 1.0.0.0
Added MOD directory <%engineroot%/engine> to CryPak

Total number of logical processors: 12
Number of available logical processors: 12
Total number of system cores: 6
Number of cores available to process: 6
 
Processor 0:
  CPU: AMD AMD Ryzen 5 3600 6-Core Processor              
  Family: 15, Model: 1, Stepping: 0
  FPU: On-Chip
  Features: FP16, SSE, SSE2, SSE3, SSE4.2, AVX, AVX2, FMA3
  Serial number not present or disabled
 
Processor 1:
  CPU: AMD AMD Ryzen 5 3600 6-Core Processor              
  Family: 15, Model: 1, Stepping: 0
  FPU: On-Chip
  Features: FP16, SSE, SSE2, SSE3, SSE4.2, AVX, AVX2, FMA3
  Serial number not present or disabled
 
Processor 2:
  CPU: AMD AMD Ryzen 5 3600 6-Core Processor              
  Family: 15, Model: 1, Stepping: 0
  FPU: On-Chip
  Features: FP16, SSE, SSE2, SSE3, SSE4.2, AVX, AVX2, FMA3
  Serial number not present or disabled
 
Processor 3:
  CPU: AMD AMD Ryzen 5 3600 6-Core Processor              
  Family: 15, Model: 1, Stepping: 0
  FPU: On-Chip
  Features: FP16, SSE, SSE2, SSE3, SSE4.2, AVX, AVX2, FMA3
  Serial number not present or disabled
 
Processor 4:
  CPU: AMD AMD Ryzen 5 3600 6-Core Processor              
  Family: 15, Model: 1, Stepping: 0
  FPU: On-Chip
  Features: FP16, SSE, SSE2, SSE3, SSE4.2, AVX, AVX2, FMA3
  Serial number not present or disabled
 
Processor 5:
  CPU: AMD AMD Ryzen 5 3600 6-Core Processor              
  Family: 15, Model: 1, Stepping: 0
  FPU: On-Chip
  Features: FP16, SSE, SSE2, SSE3, SSE4.2, AVX, AVX2, FMA3
  Serial number not present or disabled
 
<14:06:12> Loading Config file system.cfg (system.cfg)
<14:06:12> [Error] [CVARS]: [IGNORED CHANGE] variable [sys_version] from [] to [1.1.0.000.200116]; Marked as [VF_CHEAT]
<14:06:12> OnSysSpecChange(1)
<14:06:12> [Error] [CVARS]: [IGNORED CHANGE] variable [sys_asserts] from [0] to [0]; Marked as [VF_CHEAT]
<14:06:12> GameDir: DATA
<14:06:12> <ThreadConfigInfo>: Thread profile loaded: "pc_8" (config/engine_core.thread_config)  
<14:06:12> Windows 10 64 bit (build 10.0.19043)
<14:06:12> System language: English
<14:06:12> Windows Directory: "C:\Windows"
<14:06:12> Local time is 14:06:12 07/13/21, system running for 1507 minutes
<14:06:12> 16333MB physical memory installed, 10686MB available, 134217727MB virtual memory installed, 34 percent of memory in use
<14:06:12> PageFile usage: 76MB, Working Set: 88MB, Peak PageFile usage: 76MB,
<14:06:12> Current display mode is 2560x1440x32, (Unknown graphics card)
<14:06:12> IBM enhanced (101/102-key) keyboard and 16+ button mouse installed
<14:06:12> --------------------------------------------------------------------------------
<14:06:12> OnSysSpecChange(1)
<14:06:12> Loading Config file LowSpec.cfg (data\config\lowspec.cfg)
<14:06:12> [Error] [CVARS]: [MISSING] [mfx_Timeout] is not a registered console variable; referenced when testing console variable group [sys_spec_gameeffects] = [1]
<14:06:12> [Error] [CVARS]: [MISSING] [ca_AttachmentCullingRation] is not a registered console variable; referenced when testing console variable group [sys_spec_objectdetail] = [1]
<14:06:12> [Error] [CVARS]: [MISSING] [e_DecalsLifeTimeScale] is not a registered console variable; referenced when testing console variable group [sys_spec_objectdetail] = [1]
<14:06:12> [Error] [CVARS]: [MISSING] [e_LodRatio] is not a registered console variable; referenced when testing console variable group [sys_spec_objectdetail] = [1]
<14:06:12> [Error] [CVARS]: [MISSING] [e_MaxViewDistSpecLerp] is not a registered console variable; referenced when testing console variable group [sys_spec_objectdetail] = [1]
<14:06:12> [Error] [CVARS]: [MISSING] [e_MaxViewDistance] is not a registered console variable; referenced when testing console variable group [sys_spec_objectdetail] = [1]
<14:06:12> [Error] [CVARS]: [MISSING] [e_ObjQuality] is not a registered console variable; referenced when testing console variable group [sys_spec_objectdetail] = [1]
<14:06:12> [Error] [CVARS]: [MISSING] [e_TerrainOcclusionCullingMaxDist] is not a registered console variable; referenced when testing console variable group [sys_spec_objectdetail] = [1]
<14:06:12> [Error] [CVARS]: [MISSING] [e_VegetationMinSize] is not a registered console variable; referenced when testing console variable group [sys_spec_objectdetail] = [1]
<14:06:12> [Error] [CVARS]: [MISSING] [e_ViewDistRatio] is not a registered console variable; referenced when testing console variable group [sys_spec_objectdetail] = [1]
<14:06:12> [Error] [CVARS]: [MISSING] [e_ViewDistRatioCustom] is not a registered console variable; referenced when testing console variable group [sys_spec_objectdetail] = [1]
<14:06:12> [Error] [CVARS]: [MISSING] [e_ViewDistRatioDetail] is not a registered console variable; referenced when testing console variable group [sys_spec_objectdetail] = [1]
<14:06:12> [Error] [CVARS]: [MISSING] [e_ViewDistRatioLights] is not a registered console variable; referenced when testing console variable group [sys_spec_objectdetail] = [1]
<14:06:12> [Error] [CVARS]: [MISSING] [e_ViewDistRatioVegetation] is not a registered console variable; referenced when testing console variable group [sys_spec_objectdetail] = [1]
<14:06:12> [Error] [CVARS]: [MISSING] [es_DebrisLifetimeScale] is not a registered console variable; referenced when testing console variable group [sys_spec_objectdetail] = [1]
<14:06:12> [Error] [CVARS]: [MISSING] [e_DecalsOverlapping] is not a registered console variable; referenced when testing console variable group [sys_spec_objectdetail] = [1]
<14:06:12> [Error] [CVARS]: [MISSING] [e_LodMin] is not a registered console variable; referenced when testing console variable group [sys_spec_objectdetail] = [1]
<14:06:12> [Error] [CVARS]: [MISSING] [e_MergedMeshesInstanceDist] is not a registered console variable; referenced when testing console variable group [sys_spec_objectdetail] = [1]
<14:06:12> [Error] [CVARS]: [MISSING] [e_MergedMeshesPool] is not a registered console variable; referenced when testing console variable group [sys_spec_objectdetail] = [1]
<14:06:12> [Error] [CVARS]: [MISSING] [e_OcclusionCullingViewDistRatio] is not a registered console variable; referenced when testing console variable group [sys_spec_objectdetail] = [1]
<14:06:12> [Error] [CVARS]: [MISSING] [e_TerrainLodRatio] is not a registered console variable; referenced when testing console variable group [sys_spec_objectdetail] = [1]
<14:06:12> [Error] [CVARS]: [MISSING] [e_Tessellation] is not a registered console variable; referenced when testing console variable group [sys_spec_objectdetail] = [1]
<14:06:12> [Error] [CVARS]: [MISSING] [e_ViewDistMin] is not a registered console variable; referenced when testing console variable group [sys_spec_objectdetail] = [1]
<14:06:12> [Error] [CVARS]: [MISSING] [e_ParticlesMaxScreenFill] is not a registered console variable; referenced when testing console variable group [sys_spec_particles] = [1]
<14:06:12> [Error] [CVARS]: [MISSING] [e_ParticlesMinDrawPixels] is not a registered console variable; referenced when testing console variable group [sys_spec_particles] = [1]
<14:06:12> [Error] [CVARS]: [MISSING] [e_ParticlesObjectCollisions] is not a registered console variable; referenced when testing console variable group [sys_spec_particles] = [1]
<14:06:12> [Error] [CVARS]: [MISSING] [e_ParticlesQuality] is not a registered console variable; referenced when testing console variable group [sys_spec_particles] = [1]
<14:06:12> [Error] [CVARS]: [MISSING] [e_ParticlesMotionBlur] is not a registered console variable; referenced when testing console variable group [sys_spec_particles] = [1]
<14:06:12> [Error] [CVARS]: [MISSING] [e_CullVegActivation] is not a registered console variable; referenced when testing console variable group [sys_spec_physics] = [1]
<14:06:12> [Error] [CVARS]: [MISSING] [e_FoliageWindActivationDist] is not a registered console variable; referenced when testing console variable group [sys_spec_physics] = [1]
<14:06:12> [Error] [CVARS]: [MISSING] [e_PhysOceanCell] is not a registered console variable; referenced when testing console variable group [sys_spec_physics] = [1]
<14:06:12> [Error] [CVARS]: [MISSING] [es_MaxPhysDist] is not a registered console variable; referenced when testing console variable group [sys_spec_physics] = [1]
<14:06:12> [Error] [CVARS]: [MISSING] [es_MaxPhysDistInvisible] is not a registered console variable; referenced when testing console variable group [sys_spec_physics] = [1]
<14:06:12> [Error] [CVARS]: [MISSING] [g_breakage_particles_limit] is not a registered console variable; referenced when testing console variable group [sys_spec_physics] = [1]
<14:06:12> [Error] [CVARS]: [MISSING] [g_tree_cut_reuse_dist] is not a registered console variable; referenced when testing console variable group [sys_spec_physics] = [1]
<14:06:12> [Error] [CVARS]: [MISSING] [p_max_MC_iters] is not a registered console variable; referenced when testing console variable group [sys_spec_physics] = [1]
<14:06:12> [Error] [CVARS]: [MISSING] [p_max_substeps] is not a registered console variable; referenced when testing console variable group [sys_spec_physics] = [1]
<14:06:12> [Error] [CVARS]: [MISSING] [e_PhysProxyTriLimit] is not a registered console variable; referenced when testing console variable group [sys_spec_physics] = [1]
<14:06:12> [Error] [CVARS]: [MISSING] [p_max_object_splashes] is not a registered console variable; referenced when testing console variable group [sys_spec_physics] = [1]
<14:06:12> [Error] [CVARS]: [MISSING] [p_max_substeps_large_group] is not a registered console variable; referenced when testing console variable group [sys_spec_physics] = [1]
<14:06:12> [Error] [CVARS]: [MISSING] [p_num_bodies_large_group] is not a registered console variable; referenced when testing console variable group [sys_spec_physics] = [1]
<14:06:12> [Error] [CVARS]: [MISSING] [p_splash_dist0] is not a registered console variable; referenced when testing console variable group [sys_spec_physics] = [1]
<14:06:12> [Error] [CVARS]: [MISSING] [p_splash_dist1] is not a registered console variable; referenced when testing console variable group [sys_spec_physics] = [1]
<14:06:12> [Error] [CVARS]: [MISSING] [p_splash_force0] is not a registered console variable; referenced when testing console variable group [sys_spec_physics] = [1]
<14:06:12> [Error] [CVARS]: [MISSING] [p_splash_force1] is not a registered console variable; referenced when testing console variable group [sys_spec_physics] = [1]
<14:06:12> [Error] [CVARS]: [MISSING] [p_splash_vel0] is not a registered console variable; referenced when testing console variable group [sys_spec_physics] = [1]
<14:06:12> [Error] [CVARS]: [MISSING] [p_splash_vel1] is not a registered console variable; referenced when testing console variable group [sys_spec_physics] = [1]
<14:06:12> [Error] [CVARS]: [MISSING] [e_DynamicLightsMaxEntityLights] is not a registered console variable; referenced when testing console variable group [sys_spec_shading] = [1]
<14:06:12> [Error] [CVARS]: [MISSING] [e_SkyUpdateRate] is not a registered console variable; referenced when testing console variable group [sys_spec_shading] = [1]
<14:06:12> [Error] [CVARS]: [MISSING] [e_svoTI_Apply] is not a registered console variable; referenced when testing console variable group [sys_spec_shading] = [1]
<14:06:12> [Error] [CVARS]: [MISSING] [e_svoTI_RsmConeMaxLength] is not a registered console variable; referenced when testing console variable group [sys_spec_shading] = [1]
<14:06:12> [Error] [CVARS]: [MISSING] [e_svoTI_RsmUseColors] is not a registered console variable; referenced when testing console variable group [sys_spec_shading] = [1]
<14:06:12> [Error] [CVARS]: [MISSING] [e_svoTi_Active] is not a registered console variable; referenced when testing console variable group [sys_spec_shading] = [1]
<14:06:12> [Error] [CVARS]: [MISSING] [e_svoti_LowSpecMode] is not a registered console variable; referenced when testing console variable group [sys_spec_shading] = [1]
<14:06:12> [Error] [CVARS]: [MISSING] [e_LightVolumes] is not a registered console variable; referenced when testing console variable group [sys_spec_shading] = [1]
<14:06:12> [Error] [CVARS]: [MISSING] [e_VegetationUseTerrainColor] is not a registered console variable; referenced when testing console variable group [sys_spec_shading] = [1]
<14:06:12> [Error] [CVARS]: [MISSING] [e_GsmLodsNum] is not a registered console variable; referenced when testing console variable group [sys_spec_shadows] = [1]
<14:06:12> [Error] [CVARS]: [MISSING] [e_GsmRange] is not a registered console variable; referenced when testing console variable group [sys_spec_shadows] = [1]
<14:06:12> [Error] [CVARS]: [MISSING] [e_ObjShadowCastSpec] is not a registered console variable; referenced when testing console variable group [sys_spec_shadows] = [1]
<14:06:12> [Error] [CVARS]: [MISSING] [e_ParticlesShadows] is not a registered console variable; referenced when testing console variable group [sys_spec_shadows] = [1]
<14:06:12> [Error] [CVARS]: [MISSING] [e_Shadows] is not a registered console variable; referenced when testing console variable group [sys_spec_shadows] = [1]
<14:06:12> [Error] [CVARS]: [MISSING] [e_ShadowsBlendCascades] is not a registered console variable; referenced when testing console variable group [sys_spec_shadows] = [1]
<14:06:12> [Error] [CVARS]: [MISSING] [e_ShadowsCastViewDistRatio] is not a registered console variable; referenced when testing console variable group [sys_spec_shadows] = [1]
<14:06:12> [Error] [CVARS]: [MISSING] [e_ShadowsLodBiasFixed] is not a registered console variable; referenced when testing console variable group [sys_spec_shadows] = [1]
<14:06:12> [Error] [CVARS]: [MISSING] [e_ShadowsMaxTexRes] is not a registered console variable; referenced when testing console variable group [sys_spec_shadows] = [1]
<14:06:12> [Error] [CVARS]: [MISSING] [e_ShadowsPoolSize] is not a registered console variable; referenced when testing console variable group [sys_spec_shadows] = [1]
<14:06:12> [Error] [CVARS]: [MISSING] [e_ShadowsResScale] is not a registered console variable; referenced when testing console variable group [sys_spec_shadows] = [1]
<14:06:12> [Error] [CVARS]: [MISSING] [e_ShadowsTessellateCascades] is not a registered console variable; referenced when testing console variable group [sys_spec_shadows] = [1]
<14:06:12> [Error] [CVARS]: [MISSING] [e_ShadowsTessellateDLights] is not a registered console variable; referenced when testing console variable group [sys_spec_shadows] = [1]
<14:06:12> [Error] [CVARS]: [MISSING] [e_ShadowsUpdateViewDistRatio] is not a registered console variable; referenced when testing console variable group [sys_spec_shadows] = [1]
<14:06:12> [Error] [CVARS]: [MISSING] [e_VolumetricFog] is not a registered console variable; referenced when testing console variable group [sys_spec_volumetriceffects] = [1]
<14:06:12> [Error] [CVARS]: [MISSING] [e_fog] is not a registered console variable; referenced when testing console variable group [sys_spec_volumetriceffects] = [1]
<14:06:12> [Error] [CVARS]: [MISSING] [e_Clouds] is not a registered console variable; referenced when testing console variable group [sys_spec_volumetriceffects] = [1]
<14:06:12> [Error] [CVARS]: [MISSING] [e_WaterOceanFFT] is not a registered console variable; referenced when testing console variable group [sys_spec_water] = [1]
<14:06:12> [Error] [CVARS]: [MISSING] [e_WaterTessellationAmount] is not a registered console variable; referenced when testing console variable group [sys_spec_water] = [1]
<14:06:12> [Error] [CVARS]: [MISSING] [e_WaterTessellationAmountX] is not a registered console variable; referenced when testing console variable group [sys_spec_water] = [1]
<14:06:12> [Error] [CVARS]: [MISSING] [e_WaterTessellationAmountY] is not a registered console variable; referenced when testing console variable group [sys_spec_water] = [1]
<14:06:12> [Error] [CVARS]: [MISSING] [e_WaterTessellationSwathWidth] is not a registered console variable; referenced when testing console variable group [sys_spec_water] = [1]
<14:06:12> Loading Config file game.cfg (data\game.cfg)
<14:06:12> [Warning] [CVARS]: [CHANGED] variable [sys_asserts] from [0] to [0]; Marked as [VF_CHEAT]
<14:06:12> [Warning] Modifying marked variables will not be allowed in Release mode!
<14:06:12> Stream Engine Initialization
<14:06:12> GameName: Pandemic Express
<14:06:12> BuildTime: Oct 13 2019 19:15:33
<14:06:12> Physics initialization
<14:06:12> Localized language content(english) not available or modified from the original installation.
<14:06:12> Localized language content(english) not available or modified from the original installation.
<14:06:12> Localized language content(english) not available or modified from the original installation.
<14:06:12> <Audio>: AudioSystem initialization
<14:06:12> <Audio> <0.144>: CryAudioImplWwise loaded
<14:06:13> Renderer initialization
<14:06:13> Logging video adapters:
<14:06:13> - NVIDIA GeForce RTX 3070 (vendor = 0x10de, device = 0x2484)
<14:06:13>   - Adapter index: 0
<14:06:13>   - Dedicated video memory: 8043 MB
<14:06:13>   - Feature level: DX11 (SM 5.0)
<14:06:13>   - Displays connected: yes
<14:06:13>   - Suitable rendering device: yes
<14:06:13> - Microsoft Basic Render Driver (vendor = 0x1414, device = 0x008c)
<14:06:13>   - Adapter index: 1
<14:06:13>   - Dedicated video memory: 0 MB
<14:06:13>   - Feature level: DX11 (SM 5.0)
<14:06:13>   - Displays connected: no
<14:06:13>   - Suitable rendering device: no
<14:06:14> Active GPUs: 1
<14:06:14> [Renderer] A display device has been connected to the system
<14:06:14> Loading plugin CryDefaultEntities
<14:06:14> Loading plugin CrySchematycCore
<14:06:14> DLL Failed to load, error code: 7E
<14:06:14> Loading plugin CrySchematycSTDEnv
<14:06:14> DLL Failed to load, error code: 7E
<14:06:14> Loading plugin CrySensorSystem
<14:06:14> DLL Failed to load, error code: 7E
<14:06:14> Loading extension file cryplugin.csv
<14:06:14> Loading plugin ProcAnRandGenerator.dll
<14:06:14> Loading plugin PlayFab.dll
<14:06:14> Loading plugin CEVPlayer.dll
<14:06:15> Font initialization
<14:06:15> Using FreeType 2.5.5
<14:06:15> Network initialization
<14:06:15> [net] Socket IO management: External [iocp], Internal [iocp]
<14:06:15> network hostname: DESKTOP-GKEDPQ6
<14:06:15>   ip:26.90.194.210
<14:06:15>   ip:192.168.20.21
<14:06:15> [Network Version]: PROFILE DEVELOPMENT BUILD
<14:06:15> MovieSystem initialization
<14:06:15> Console initialization
<14:06:15> Time initialization
<14:06:15> Input initialization
<14:06:15> AI initialization
<14:06:15>  
<14:06:15>     con_debug = 0 []
<14:06:15>     con_display_last_messages = 0 []
<14:06:15>     con_line_buffer_size = 1000 []
<14:06:15>     con_restricted = 0 [RESTRICTEDMODE]
<14:06:15>     con_showonload = 0 []
<14:06:15>  
<14:06:15>     con_debug = 0 []
<14:06:15>     con_display_last_messages = 0 []
<14:06:15>     con_line_buffer_size = 1000 []
<14:06:15>     con_restricted = 0 [RESTRICTEDMODE]
<14:06:15>     con_showonload = 0 []
<14:06:15>  
<14:06:15>     con_debug = 0 []
<14:06:15>  
<14:06:15>     con_debug = 0 []
<14:06:15> Initializing Animation System
<14:06:15> Initializing 3D Engine
<14:06:15> Script System Initialization
<14:06:15> Entity system initialization
<14:06:15> Initializing AI System
<14:06:15> Initializing additional systems
<14:06:15> Dynamic Response System initialization
<14:06:15> DLL Failed to load, error code: 7E
<14:06:15> No Dynamic Response System was loaded from a module, will use the NULL implementation.
<14:06:16> [Steam] Steam API initialized successfully
<14:06:16> <ThreadConfigInfo>: [XML Parsing] Thread with name "Main" already loaded. Overriding with new configuration
<14:06:16> <ThreadConfigInfo>: [XML Parsing] Thread with name "Network" already loaded. Overriding with new configuration
<14:06:16> <ThreadConfigInfo>: [XML Parsing] Thread with name "NetworkStallTicker" already loaded. Overriding with new configuration
<14:06:16> <ThreadConfigInfo>: [XML Parsing] Thread with name "ZLibCompressor" already loaded. Overriding with new configuration
<14:06:16> <ThreadConfigInfo>: [XML Parsing] Thread with name "NetworkStallTicker" already loaded. Overriding with new configuration
<14:06:16> <ThreadConfigInfo>: [XML Parsing] Thread with name "ZLibCompressor" already loaded. Overriding with new configuration
<14:06:16> <ThreadConfigInfo>: [XML Parsing] Thread with name "TelemetryCopier" already loaded. Overriding with new configuration
<14:06:16> <ThreadConfigInfo>: [XML Parsing] Thread with name "StatsAgent" already loaded. Overriding with new configuration
<14:06:16> <ThreadConfigInfo>: Thread profile loaded: "pc_8" (config/game.thread_config)  
<14:06:16> Initializing default materials...
<14:06:22> [MFX] Loading FXLib 'breakables' ...
<14:06:22> [MFX] Loading FXLib 'collisions' ...
<14:06:22> [MFX] Loading FXLib 'foley' ...
<14:06:22> [MFX] Loading FXLib 'foley_grunt' ...
<14:06:22> [MFX] Loading FXLib 'foley_player' ...
<14:06:22> [MFX] Loading FXLib 'footstep_grunt' ...
<14:06:22> [MFX] Loading FXLib 'footstep_player' ...
<14:06:22> [MFX] Loading FXLib 'footsteps' ...
<14:06:22> [MFX] Loading FXLib 'grenade' ...
<14:06:22> [MFX] Loading FXLib 'melee' ...
<14:06:22> [MFX] Loading FXLib 'player_fx' ...
<14:06:22> [MFX] Loading FXLib 'projectiles' ...
<14:06:22> [MFX] Loading FXLib 'tornado' ...
<14:06:22> [MFX] Loading FXLib 'vegetation' ...
<14:06:22> [MFX] Loading FXLib 'vehicles' ...
<14:06:22> [MFX] Loading FXLib 'breakables' ...
<14:06:22> [MFX] Loading FXLib 'collisions' ...
<14:06:22> [MFX] Loading FXLib 'foley' ...
<14:06:22> [MFX] Loading FXLib 'foley_grunt' ...
<14:06:22> [MFX] Loading FXLib 'foley_player' ...
<14:06:22> [MFX] Loading FXLib 'footstep_grunt' ...
<14:06:22> [MFX] Loading FXLib 'footstep_player' ...
<14:06:22> [MFX] Loading FXLib 'footsteps' ...
<14:06:22> [MFX] Loading FXLib 'grenade' ...
<14:06:22> [MFX] Loading FXLib 'melee' ...
<14:06:22> [MFX] Loading FXLib 'player_fx' ...
<14:06:22> [MFX] Loading FXLib 'projectiles' ...
<14:06:22> [MFX] Loading FXLib 'tornado' ...
<14:06:22> [MFX] Loading FXLib 'vegetation' ...
<14:06:22> [MFX] Loading FXLib 'vehicles' ...
<14:06:22> Creating socket on port 2838
<14:06:22> CreateDatagramSocket c1
<14:06:22> CreateDatagramSocket c2
<14:06:38> Iterator 0
<14:06:38> Size 30
<14:06:38> Iterator 1
<14:06:38> Size 30
<14:06:38> Iterator 2
<14:06:38> Size 30
<14:06:38> Iterator 3
<14:06:38> Size 30
<14:06:38> Iterator 4
<14:06:38> Size 30
<14:06:38> Iterator 5
<14:06:38> Size 30
<14:06:38> Iterator 6
<14:06:38> Size 30
<14:06:38> Iterator 7
<14:06:38> Size 30
<14:06:38> Iterator 8
<14:06:38> Size 30
<14:06:38> Iterator 9
<14:06:38> Size 30
<14:06:38> Iterator 10
<14:06:38> Size 30
<14:06:38> Iterator 11
<14:06:38> Size 30
<14:06:38> Iterator 12
<14:06:38> Size 30
<14:06:38> Iterator 13
<14:06:38> Size 30
<14:06:39> Iterator 14
<14:06:39> Size 30
<14:06:39> Iterator 15
<14:06:39> Size 30
<14:06:39> Iterator 16
<14:06:39> Size 30
<14:06:39> Iterator 17
<14:06:39> Size 30
<14:06:39> Iterator 18
<14:06:39> Size 30
<14:06:39> Iterator 19
<14:06:39> Size 30
<14:06:39> Iterator 20
<14:06:39> Size 30
<14:06:39> Iterator 21
<14:06:39> Size 30
<14:06:39> Iterator 22
<14:06:39> Size 30
<14:06:39> Iterator 23
<14:06:39> Size 30
<14:06:39> Iterator 24
<14:06:39> Size 30
<14:06:39> Iterator 25
<14:06:39> Size 30
<14:06:39> Iterator 26
<14:06:39> Size 30
<14:06:39> Iterator 27
<14:06:39> Size 30
<14:06:39> Iterator 28
<14:06:39> Size 30
<14:06:39> Iterator 29
<14:06:39> Size 30
<14:06:39> playerName Kornflakes
<14:06:39> Iterator 30
<14:06:39> Size 30
<14:06:45> CreateDatagramSocket c1
<14:06:48> Game rules class: InstantAction
<14:06:48> ============================ PrepareLevel Multiplayer/Purgatorium_Esc_Cw ============================
<14:07:10> CryAnimation: character-definition not found: objects/characters/human/sdk_player/sdk_player.cdf
<14:07:10> CryAnimation: character-definition not found: objects/characters/human/sdk_player/sdk_player.cdf
<14:07:10> CryAnimation: character-definition not found: objects/characters/human/sdk_player/sdk_player.cdf
<14:07:10> CryAnimation: character-definition not found: objects/characters/human/sdk_player/sdk_player.cdf
<14:07:10> CryAnimation: character-definition not found: objects/characters/human/sdk_player/sdk_player.cdf
<14:07:10> CryAnimation: character-definition not found: objects/characters/human/sdk_player/sdk_player.cdf
<14:07:10> CryAnimation: character-definition not found: objects/characters/human/sdk_player/sdk_player.cdf
<14:07:10> CryAnimation: character-definition not found: objects/characters/human/sdk_player/sdk_player.cdf
<14:07:10> CryAnimation: character-definition not found: objects/characters/human/sdk_player/sdk_player.cdf
<14:07:10> CryAnimation: character-definition not found: objects/characters/human/sdk_player/sdk_player.cdf
<14:07:10> CryAnimation: character-definition not found: objects/characters/human/sdk_player/sdk_player.cdf
<14:07:10> CryAnimation: character-definition not found: objects/characters/human/sdk_player/sdk_player.cdf
<14:07:10> CryAnimation: character-definition not found: objects/characters/human/sdk_player/sdk_player.cdf
<14:07:10> CryAnimation: character-definition not found: objects/characters/human/sdk_player/sdk_player.cdf
<14:07:10> CryAnimation: character-definition not found: objects/characters/human/sdk_player/sdk_player.cdf
<14:07:10> CryAnimation: character-definition not found: objects/characters/human/sdk_player/sdk_player.cdf
<14:07:10> CryAnimation: character-definition not found: objects/characters/human/sdk_player/sdk_player.cdf
<14:07:10> CryAnimation: character-definition not found: objects/characters/human/sdk_player/sdk_player.cdf
<14:07:10> CryAnimation: character-definition not found: objects/characters/human/sdk_player/sdk_player.cdf
<14:07:10> CryAnimation: character-definition not found: objects/characters/human/sdk_player/sdk_player.cdf
<14:07:10> CryAnimation: character-definition not found: objects/characters/human/sdk_player/sdk_player.cdf
<14:07:10> CryAnimation: character-definition not found: objects/characters/human/sdk_player/sdk_player.cdf
<14:07:10> CryAnimation: character-definition not found: objects/characters/human/sdk_player/sdk_player.cdf
<14:07:10> CryAnimation: character-definition not found: objects/characters/human/sdk_player/sdk_player.cdf
<14:07:10> CryAnimation: character-definition not found: objects/characters/human/sdk_player/sdk_player.cdf
<14:07:10> CryAnimation: character-definition not found: objects/characters/human/sdk_player/sdk_player.cdf
<14:07:10> CryAnimation: character-definition not found: objects/characters/human/sdk_player/sdk_player.cdf
<14:07:10> CryAnimation: character-definition not found: objects/characters/human/sdk_player/sdk_player.cdf
<14:07:10> CryAnimation: character-definition not found: objects/characters/human/sdk_player/sdk_player.cdf
<14:07:10> CryAnimation: character-definition not found: objects/characters/human/sdk_player/sdk_player.cdf
<14:07:10> CryAnimation: character-definition not found: objects/characters/human/sdk_player/sdk_player.cdf
<14:07:10> CryAnimation: character-definition not found: objects/characters/human/sdk_player/sdk_player.cdf
<14:07:10> CryAnimation: character-definition not found: objects/characters/human/sdk_player/sdk_player.cdf
<14:07:15> CryAnimation: character-definition not found: objects/characters/human/sdk_player/sdk_player.cdf
<14:07:15> CryAnimation: character-definition not found: objects/characters/human/sdk_player/sdk_player.cdf
<14:07:15> CryAnimation: character-definition not found: objects/characters/human/sdk_player/sdk_player.cdf
<14:07:17> PLAYERNAME Kornflakes
<14:07:17> CryAnimation: character-definition not found: objects/characters/man.cdf
<14:07:18> CryAnimation: character-definition not found: objects/characters/human/sdk_player/sdk_player.cdf
<14:07:18> CryAnimation: character-definition not found: objects/characters/human/sdk_player/sdk_player.cdf
<14:07:18> CryAnimation: character-definition not found: objects/characters/human/sdk_player/sdk_player.cdf
<14:08:18> sed_prerec_msg 
<14:08:41> ast_used_prerec_msg 
<14:09:03> CVehicleSeat::NetSetPassengerId c2
<14:09:03> CVehicleSeat::Enter called
<14:09:24> CVehicleSeat::Exit called
<14:09:24> CVehicleSeat::Exit called c2
<14:09:24> ClProcessLeave call
<14:10:13> ast_used_prerec_msg 
<14:10:22> CTrain::SmplPlaySnd train_gts
<14:12:06> CryAnimation: character-definition not found: objects/characters/human/sdk_player/sdk_player.cdf
<14:12:06> CryAnimation: character-definition not found: objects/characters/human/sdk_player/sdk_player.cdf
<14:12:06> CryAnimation: character-definition not found: objects/characters/human/sdk_player/sdk_player.cdf
<14:13:05> ast_used_prerec_msg 
<14:13:30> CTrain::SmplPlaySnd train_gts
<14:14:02> ast_used_prerec_msg 
<14:14:42> gEnv->pRenderer->Draw2dImage XXX
<CRITICAL EXCEPTION>
Exception: 0xC0000005, at Address: 0x0033:0x00007FFD1F824CAE
Virtual memory usage: 7312Mb
Debug Status: 08:20 Game multiplayer/Purgatorium_Esc_Cw InstantAction
Last D3D debug message: No message queued. Debug runtime might be inactive or not installed.
Exception Code: 0xC0000005
Exception Addr: 0x0033:0x00007FFD1F824CAE
Exception Module: <Unknown>
Exception Name  : EXCEPTION_ACCESS_VIOLATION
Exception Description: Attempt to read from address 0x0000000000003A9C
The memory could not be "read"
Exception Code: 0xC0000005
Exception Addr: 0x0033:0x00007FFD1F824CAE
Exception Module: <Unknown>
Exception Description: EXCEPTION_ACCESS_VIOLATION, Attempt to read from address 0x0000000000003A9C
The memory could not be "read"
Memory in use: 7376.0MB
Debug Status: 08:20 Game multiplayer/Purgatorium_Esc_Cw InstantAction
Out of Memory: 0
MainThread Id: 13560
RenderThread Id: 16044
[Crashed] Thread Id: 13560
[Crashed] ThreadName: Main

[Crashed] Call Stack: ["Main" [13560]]

