BackupNameAttachment=" Build(0) 02 Jul 21 (15 56 49)"  -- used by backup system
Log Started at Fri Jul  2 15:56:49 2021
Built on Oct 13 2019 19:15:33
Running 64 bit Windows version
Command Line: "D:\Games\Steam\steamapps\common\Pandemic Express\Bin/win_x64/PandemicExpress.exe"
Executable: D:\Games\Steam\steamapps\common\Pandemic Express\Bin\win_x64\PandemicExpress.exe
FileVersion: 1.0.0.0
ProductVersion: 1.0.0.0
Added MOD directory <%engineroot%/engine> to CryPak

Total number of logical processors: 12
Number of available logical processors: 12
Total number of system cores: 6
Number of cores available to process: 6
 
Processor 0:
  CPU: AMD AMD Ryzen 5 3600 6-Core Processor              
  Family: 15, Model: 1, Stepping: 0
  FPU: On-Chip
  Features: FP16, SSE, SSE2, SSE3, SSE4.2, AVX, AVX2, FMA3
  Serial number not present or disabled
 
Processor 1:
  CPU: AMD AMD Ryzen 5 3600 6-Core Processor              
  Family: 15, Model: 1, Stepping: 0
  FPU: On-Chip
  Features: FP16, SSE, SSE2, SSE3, SSE4.2, AVX, AVX2, FMA3
  Serial number not present or disabled
 
Processor 2:
  CPU: AMD AMD Ryzen 5 3600 6-Core Processor              
  Family: 15, Model: 1, Stepping: 0
  FPU: On-Chip
  Features: FP16, SSE, SSE2, SSE3, SSE4.2, AVX, AVX2, FMA3
  Serial number not present or disabled
 
Processor 3:
  CPU: AMD AMD Ryzen 5 3600 6-Core Processor              
  Family: 15, Model: 1, Stepping: 0
  FPU: On-Chip
  Features: FP16, SSE, SSE2, SSE3, SSE4.2, AVX, AVX2, FMA3
  Serial number not present or disabled
 
Processor 4:
  CPU: AMD AMD Ryzen 5 3600 6-Core Processor              
  Family: 15, Model: 1, Stepping: 0
  FPU: On-Chip
  Features: FP16, SSE, SSE2, SSE3, SSE4.2, AVX, AVX2, FMA3
  Serial number not present or disabled
 
Processor 5:
  CPU: AMD AMD Ryzen 5 3600 6-Core Processor              
  Family: 15, Model: 1, Stepping: 0
  FPU: On-Chip
  Features: FP16, SSE, SSE2, SSE3, SSE4.2, AVX, AVX2, FMA3
  Serial number not present or disabled
 
<15:56:49> Loading Config file system.cfg (system.cfg)
<15:56:49> [Error] [CVARS]: [IGNORED CHANGE] variable [sys_version] from [] to [1.1.0.000.200116]; Marked as [VF_CHEAT]
<15:56:49> OnSysSpecChange(1)
<15:56:49> [Error] [CVARS]: [IGNORED CHANGE] variable [sys_asserts] from [0] to [0]; Marked as [VF_CHEAT]
<15:56:49> GameDir: DATA
<15:56:49> <ThreadConfigInfo>: Thread profile loaded: "pc_8" (config/engine_core.thread_config)  
<15:56:49> Windows 10 64 bit (build 10.0.19043)
<15:56:49> System language: English
<15:56:49> Windows Directory: "C:\Windows"
<15:56:49> Local time is 15:56:49 07/02/21, system running for 8910 minutes
<15:56:49> 16333MB physical memory installed, 11193MB available, 134217727MB virtual memory installed, 31 percent of memory in use
<15:56:49> PageFile usage: 76MB, Working Set: 88MB, Peak PageFile usage: 76MB,
<15:56:49> Current display mode is 2560x1440x32, (Unknown graphics card)
<15:56:49> IBM enhanced (101/102-key) keyboard and 16+ button mouse installed
<15:56:49> --------------------------------------------------------------------------------
<15:56:49> OnSysSpecChange(1)
<15:56:49> Loading Config file LowSpec.cfg (data\config\lowspec.cfg)
<15:56:49> Loading Config file game.cfg (data\game.cfg)
<15:56:49> [Warning] [CVARS]: [CHANGED] variable [sys_asserts] from [0] to [0]; Marked as [VF_CHEAT]
<15:56:49> [Warning] Modifying marked variables will not be allowed in Release mode!
<15:56:49> Stream Engine Initialization
<15:56:49> GameName: Pandemic Express
<15:56:49> BuildTime: Oct 13 2019 19:15:33
<15:56:49> Physics initialization
<15:56:49> Localized language content(english) not available or modified from the original installation.
<15:56:49> Localized language content(english) not available or modified from the original installation.
<15:56:49> Localized language content(english) not available or modified from the original installation.
<15:56:49> <Audio>: AudioSystem initialization
<15:56:49> <Audio> <0.091>: CryAudioImplWwise loaded
<15:56:50> Renderer initialization
<15:56:50> Logging video adapters:
<15:56:50> - NVIDIA GeForce RTX 3070 (vendor = 0x10de, device = 0x2484)
<15:56:50>   - Adapter index: 0
<15:56:50>   - Dedicated video memory: 8043 MB
<15:56:50>   - Feature level: DX11 (SM 5.0)
<15:56:50>   - Displays connected: yes
<15:56:50>   - Suitable rendering device: yes
<15:56:50> - Microsoft Basic Render Driver (vendor = 0x1414, device = 0x008c)
<15:56:50>   - Adapter index: 1
<15:56:50>   - Dedicated video memory: 0 MB
<15:56:50>   - Feature level: DX11 (SM 5.0)
<15:56:50>   - Displays connected: no
<15:56:50>   - Suitable rendering device: no
<15:56:50> Active GPUs: 1
<15:56:51> [Renderer] A display device has been connected to the system
<15:56:51> Loading plugin CryDefaultEntities
<15:56:51> Loading plugin CrySchematycCore
<15:56:51> DLL Failed to load, error code: 7E
<15:56:51> Loading plugin CrySchematycSTDEnv
<15:56:51> DLL Failed to load, error code: 7E
<15:56:51> Loading plugin CrySensorSystem
<15:56:51> DLL Failed to load, error code: 7E
<15:56:51> Loading extension file cryplugin.csv
<15:56:51> Loading plugin ProcAnRandGenerator.dll
<15:56:51> Loading plugin PlayFab.dll
<15:56:51> Loading plugin CEVPlayer.dll
<15:56:52> Font initialization
<15:56:52> Using FreeType 2.5.5
<15:56:52> Network initialization
<15:56:52> [net] Socket IO management: External [iocp], Internal [iocp]
<15:56:52> network hostname: DESKTOP-GKEDPQ6
<15:56:52>   ip:192.168.20.21
<15:56:52> [Network Version]: PROFILE DEVELOPMENT BUILD
<15:56:52> MovieSystem initialization
<15:56:53> Console initialization
<15:56:53> Time initialization
<15:56:53> Input initialization
<15:56:53> AI initialization
<15:56:53>  
<15:56:53>     con_debug = 0 []
<15:56:53>     con_display_last_messages = 0 []
<15:56:53>     con_line_buffer_size = 1000 []
<15:56:53>     con_restricted = 0 [RESTRICTEDMODE]
<15:56:53>     con_showonload = 0 []
<15:56:53>  
<15:56:53>     con_debug = 0 []
<15:56:53>     con_display_last_messages = 0 []
<15:56:53>     con_line_buffer_size = 1000 []
<15:56:53>     con_restricted = 0 [RESTRICTEDMODE]
<15:56:53>     con_showonload = 0 []
<15:56:53>  
<15:56:53>     con_debug = 0 []
<15:56:53>  
<15:56:53>     con_debug = 0 []
<15:56:53> Initializing Animation System
<15:56:53> Initializing 3D Engine
<15:56:53> Script System Initialization
<15:56:53> Entity system initialization
<15:56:53> Initializing AI System
<15:56:53> Initializing additional systems
<15:56:53> Dynamic Response System initialization
<15:56:53> DLL Failed to load, error code: 7E
<15:56:53> No Dynamic Response System was loaded from a module, will use the NULL implementation.
<15:56:53> [Steam] Steam API initialized successfully
<15:56:54> <ThreadConfigInfo>: [XML Parsing] Thread with name "Main" already loaded. Overriding with new configuration
<15:56:54> <ThreadConfigInfo>: [XML Parsing] Thread with name "Network" already loaded. Overriding with new configuration
<15:56:54> <ThreadConfigInfo>: [XML Parsing] Thread with name "NetworkStallTicker" already loaded. Overriding with new configuration
<15:56:54> <ThreadConfigInfo>: [XML Parsing] Thread with name "ZLibCompressor" already loaded. Overriding with new configuration
<15:56:54> <ThreadConfigInfo>: [XML Parsing] Thread with name "NetworkStallTicker" already loaded. Overriding with new configuration
<15:56:54> <ThreadConfigInfo>: [XML Parsing] Thread with name "ZLibCompressor" already loaded. Overriding with new configuration
<15:56:54> <ThreadConfigInfo>: [XML Parsing] Thread with name "TelemetryCopier" already loaded. Overriding with new configuration
<15:56:54> <ThreadConfigInfo>: [XML Parsing] Thread with name "StatsAgent" already loaded. Overriding with new configuration
<15:56:54> <ThreadConfigInfo>: Thread profile loaded: "pc_8" (config/game.thread_config)  
<15:56:54> Initializing default materials...
<15:57:00> [MFX] Loading FXLib 'breakables' ...
<15:57:00> [MFX] Loading FXLib 'collisions' ...
<15:57:00> [MFX] Loading FXLib 'foley' ...
<15:57:00> [MFX] Loading FXLib 'foley_grunt' ...
<15:57:00> [MFX] Loading FXLib 'foley_player' ...
<15:57:00> [MFX] Loading FXLib 'footstep_grunt' ...
<15:57:00> [MFX] Loading FXLib 'footstep_player' ...
<15:57:00> [MFX] Loading FXLib 'footsteps' ...
<15:57:00> [MFX] Loading FXLib 'grenade' ...
<15:57:00> [MFX] Loading FXLib 'melee' ...
<15:57:00> [MFX] Loading FXLib 'player_fx' ...
<15:57:00> [MFX] Loading FXLib 'projectiles' ...
<15:57:00> [MFX] Loading FXLib 'tornado' ...
<15:57:00> [MFX] Loading FXLib 'vegetation' ...
<15:57:00> [MFX] Loading FXLib 'vehicles' ...
<15:57:00> [MFX] Loading FXLib 'breakables' ...
<15:57:00> [MFX] Loading FXLib 'collisions' ...
<15:57:00> [MFX] Loading FXLib 'foley' ...
<15:57:00> [MFX] Loading FXLib 'foley_grunt' ...
<15:57:00> [MFX] Loading FXLib 'foley_player' ...
<15:57:00> [MFX] Loading FXLib 'footstep_grunt' ...
<15:57:00> [MFX] Loading FXLib 'footstep_player' ...
<15:57:00> [MFX] Loading FXLib 'footsteps' ...
<15:57:00> [MFX] Loading FXLib 'grenade' ...
<15:57:00> [MFX] Loading FXLib 'melee' ...
<15:57:00> [MFX] Loading FXLib 'player_fx' ...
<15:57:00> [MFX] Loading FXLib 'projectiles' ...
<15:57:00> [MFX] Loading FXLib 'tornado' ...
<15:57:00> [MFX] Loading FXLib 'vegetation' ...
<15:57:00> [MFX] Loading FXLib 'vehicles' ...
<15:57:00> Creating socket on port 2838
<15:57:00> CreateDatagramSocket c1
<15:57:00> CreateDatagramSocket c2
<15:57:48> CreateDatagramSocket c1
<15:57:50> Game rules class: InstantAction
<15:57:50> ============================ PrepareLevel Multiplayer/Purgatorium_Esc_Cw ============================
<15:58:11> CryAnimation: character-definition not found: objects/characters/human/sdk_player/sdk_player.cdf
<15:58:11> CryAnimation: character-definition not found: objects/characters/human/sdk_player/sdk_player.cdf
<15:58:11> CryAnimation: character-definition not found: objects/characters/human/sdk_player/sdk_player.cdf
<15:58:11> CryAnimation: character-definition not found: objects/characters/human/sdk_player/sdk_player.cdf
<15:58:11> CryAnimation: character-definition not found: objects/characters/human/sdk_player/sdk_player.cdf
<15:58:11> CryAnimation: character-definition not found: objects/characters/human/sdk_player/sdk_player.cdf
<15:58:11> CryAnimation: character-definition not found: objects/characters/human/sdk_player/sdk_player.cdf
<15:58:11> CryAnimation: character-definition not found: objects/characters/human/sdk_player/sdk_player.cdf
<15:58:11> CryAnimation: character-definition not found: objects/characters/human/sdk_player/sdk_player.cdf
<15:58:11> CryAnimation: character-definition not found: objects/characters/human/sdk_player/sdk_player.cdf
<15:58:11> CryAnimation: character-definition not found: objects/characters/human/sdk_player/sdk_player.cdf
<15:58:11> CryAnimation: character-definition not found: objects/characters/human/sdk_player/sdk_player.cdf
<15:58:12> CryAnimation: character-definition not found: objects/characters/human/sdk_player/sdk_player.cdf
<15:58:12> CryAnimation: character-definition not found: objects/characters/human/sdk_player/sdk_player.cdf
<15:58:12> CryAnimation: character-definition not found: objects/characters/human/sdk_player/sdk_player.cdf
<15:58:15> CryAnimation: character-definition not found: objects/characters/human/sdk_player/sdk_player.cdf
<15:58:15> CryAnimation: character-definition not found: objects/characters/human/sdk_player/sdk_player.cdf
<15:58:15> CryAnimation: character-definition not found: objects/characters/human/sdk_player/sdk_player.cdf
<15:58:17> PLAYERNAME Kornflakes
<15:58:17> CryAnimation: character-definition not found: objects/characters/man.cdf
<15:58:17> CryAnimation: character-definition not found: objects/characters/human/sdk_player/sdk_player.cdf
<15:58:17> CryAnimation: character-definition not found: objects/characters/human/sdk_player/sdk_player.cdf
<15:58:17> CryAnimation: character-definition not found: objects/characters/human/sdk_player/sdk_player.cdf
<15:58:39>     sys_spec = 1 []
<15:58:41>     sys_spec_full = 1 []
<16:00:04> CryAnimation: character-definition not found: objects/characters/human/sdk_player/sdk_player.cdf
<16:00:04> CryAnimation: character-definition not found: objects/characters/human/sdk_player/sdk_player.cdf
<16:00:04> CryAnimation: character-definition not found: objects/characters/human/sdk_player/sdk_player.cdf
<16:00:06> CryAnimation: character-definition not found: objects/characters/human/sdk_player/sdk_player.cdf
<16:00:06> CryAnimation: character-definition not found: objects/characters/human/sdk_player/sdk_player.cdf
<16:00:06> CryAnimation: character-definition not found: objects/characters/human/sdk_player/sdk_player.cdf
<16:00:18> CryAnimation: character-definition not found: objects/characters/human/sdk_player/sdk_player.cdf
<16:00:18> CryAnimation: character-definition not found: objects/characters/human/sdk_player/sdk_player.cdf
<16:00:18> CryAnimation: character-definition not found: objects/characters/human/sdk_player/sdk_player.cdf
<16:00:40> CryAnimation: character-definition not found: objects/characters/human/sdk_player/sdk_player.cdf
<16:00:40> CryAnimation: character-definition not found: objects/characters/human/sdk_player/sdk_player.cdf
<16:00:40> CryAnimation: character-definition not found: objects/characters/human/sdk_player/sdk_player.cdf
<16:00:41> CryAnimation: character-definition not found: objects/characters/human/sdk_player/sdk_player.cdf
<16:00:41> CryAnimation: character-definition not found: objects/characters/human/sdk_player/sdk_player.cdf
<16:00:41> CryAnimation: character-definition not found: objects/characters/human/sdk_player/sdk_player.cdf
<16:00:50> CryAnimation: character-definition not found: objects/characters/human/sdk_player/sdk_player.cdf
<16:00:50> CryAnimation: character-definition not found: objects/characters/human/sdk_player/sdk_player.cdf
<16:00:50> CryAnimation: character-definition not found: objects/characters/human/sdk_player/sdk_player.cdf
<16:01:47> sed_prerec_msg 
<16:01:49> used_prerec_msg 
<16:01:52> used_prerec_msg 
<16:02:01> ec_msg 
<16:02:02> erec_msg 
<16:02:08> rerec_msg 
<16:02:11> _msg 
<16:02:11> sg 
<16:02:12> used_prerec_msg 
<16:02:14> rerec_msg 
<16:02:15> sg 
<16:02:18> used_prerec_msg 
<16:02:27> d_prerec_msg 
<16:02:56> CryAnimation: character-definition not found: objects/characters/human/sdk_player/sdk_player.cdf
<16:02:56> CryAnimation: character-definition not found: objects/characters/human/sdk_player/sdk_player.cdf
<16:02:56> CryAnimation: character-definition not found: objects/characters/human/sdk_player/sdk_player.cdf
<16:03:32> CHUDNv::showPickArmorGradient()
<16:04:52> CHUDNv::showPickArmorGradient()
<16:04:53> CHUDNv::showPickArmorGradient()
<16:05:15> CVehicleSeat::NetSetPassengerId c2
<16:05:15> CVehicleSeat::Enter called
<16:05:27> CVehicleSeat::Exit called
<16:05:27> CVehicleSeat::Exit called c2
<16:05:27> ClProcessLeave call
<16:06:36> CVehicleSeat::NetSetPassengerId c2
<16:06:36> CVehicleSeat::Enter called
<16:06:36> CVehicleSeat::Exit called
<16:06:36> CVehicleSeat::Exit called c2
<16:06:36> ClProcessLeave call
<16:06:37> CVehicleSeat::NetSetPassengerId c2
<16:06:37> CVehicleSeat::Enter called
<16:06:45> CTrain::SmplPlaySnd train_gts
<16:07:07> CVehicleSeat::Exit called
<16:07:07> CVehicleSeat::Exit called c2
<16:07:07> ClProcessLeave call
<16:07:22> CVehicleSeat::NetSetPassengerId c2
<16:07:22> CVehicleSeat::Enter called
<16:07:27> CVehicleSeat::Exit called
<16:07:27> CVehicleSeat::Exit called c2
<16:07:27> ClProcessLeave call
<16:10:13> CryAnimation: character-definition not found: objects/characters/human/sdk_player/sdk_player.cdf
<16:10:13> CryAnimation: character-definition not found: objects/characters/human/sdk_player/sdk_player.cdf
<16:10:13> CryAnimation: character-definition not found: objects/characters/human/sdk_player/sdk_player.cdf
<16:10:15> CryAnimation: character-definition not found: objects/characters/human/sdk_player/sdk_player.cdf
<16:10:15> CryAnimation: character-definition not found: objects/characters/human/sdk_player/sdk_player.cdf
<16:10:15> CryAnimation: character-definition not found: objects/characters/human/sdk_player/sdk_player.cdf
<16:10:16> CryAnimation: character-definition not found: objects/characters/human/sdk_player/sdk_player.cdf
<16:10:16> CryAnimation: character-definition not found: objects/characters/human/sdk_player/sdk_player.cdf
<16:10:16> CryAnimation: character-definition not found: objects/characters/human/sdk_player/sdk_player.cdf
<16:12:51> CryAnimation: character-definition not found: objects/characters/human/sdk_player/sdk_player.cdf
<16:12:51> CryAnimation: character-definition not found: objects/characters/human/sdk_player/sdk_player.cdf
<16:12:51> CryAnimation: character-definition not found: objects/characters/human/sdk_player/sdk_player.cdf
<16:13:19> CHUDNv::showPickArmorGradient()
<16:13:19> CHUDNv::showPickArmorGradient()
<16:13:35> CGameClientChannel::Release
<16:13:35> gEnv->pRenderer->Draw2dImage XXX
<16:13:37> remapped bone indices with refcount '4294967294' still around for 'objects/zhg_objects/characters/sets/vanityset/vanityset_torso.skin 0x00000214C74629C0
<16:13:37> remapped bone indices with refcount '4294967294' still around for 'objects/zhg_objects/characters/sets/vanityset/vanityset_torso.skin 0x00000214C74626A0
<16:13:37> remapped bone indices with refcount '4294967294' still around for 'objects/zhg_objects/characters/sets/vanityset/vanityset_torso.skin 0x00000214C7461A20
<16:13:37> remapped bone indices with refcount '4294967294' still around for 'objects/zhg_objects/characters/sets/vanityset/vanityset_pants.skin 0x00000214C7461700
<16:13:37> remapped bone indices with refcount '4294967294' still around for 'objects/zhg_objects/characters/sets/vanityset/vanityset_pants.skin 0x00000214C7460760
<16:13:37> remapped bone indices with refcount '4294967294' still around for 'objects/zhg_objects/characters/sets/vanityset/vanityset_pants.skin 0x00000214C7463320
<16:13:37> remapped bone indices with refcount '4294967294' still around for 'objects/zhg_objects/characters/sets/vanityset/vanityset_head.skin 0x00000214C7461D40
<16:13:37> remapped bone indices with refcount '4294967294' still around for 'objects/zhg_objects/characters/sets/vanityset/vanityset_head.skin 0x00000214C7463960
<16:13:37> remapped bone indices with refcount '4294967294' still around for 'objects/zhg_objects/characters/sets/vanityset/vanityset_head.skin 0x00000214C7463640
<16:13:37> remapped bone indices with refcount '4294967294' still around for 'objects/zhg_objects/characters/sets/safetyset/safetyset_head.skin 0x00000214C7460A80
<16:13:37> remapped bone indices with refcount '4294967294' still around for 'objects/zhg_objects/characters/sets/safetyset/safetyset_head.skin 0x00000214C7460440
<16:13:37> remapped bone indices with refcount '4294967294' still around for 'objects/zhg_objects/characters/sets/safetyset/safetyset_head.skin 0x00000214C74613E0
<16:13:37> remapped bone indices with refcount '4294967288' still around for 'objects/zhg_objects/characters/sets/rebellionset/rebellionset_torso.skin 0x00000214C74610C0
<16:13:37> remapped bone indices with refcount '4294967288' still around for 'objects/zhg_objects/characters/sets/rebellionset/rebellionset_torso.skin 0x00000214C7463000
<16:13:37> remapped bone indices with refcount '4294967288' still around for 'objects/zhg_objects/characters/sets/rebellionset/rebellionset_torso.skin 0x00000214C7460120
<16:13:37> remapped bone indices with refcount '4294967291' still around for 'objects/zhg_objects/characters/sets/rebellionset/rebellionset_pants.skin 0x00000214C6E518F0
<16:13:37> remapped bone indices with refcount '4294967291' still around for 'objects/zhg_objects/characters/sets/rebellionset/rebellionset_pants.skin 0x00000214C6E51F30
<16:13:37> remapped bone indices with refcount '4294967291' still around for 'objects/zhg_objects/characters/sets/rebellionset/rebellionset_pants.skin 0x00000214C6E53830
<16:13:37> remapped bone indices with refcount '4294967294' still around for 'objects/zhg_objects/characters/sets/rebellionset/rebellionset_head.skin 0x00000214C6E512B0
<16:13:37> remapped bone indices with refcount '4294967294' still around for 'objects/zhg_objects/characters/sets/rebellionset/rebellionset_head.skin 0x00000214C6E53510
<16:13:37> remapped bone indices with refcount '4294967294' still around for 'objects/zhg_objects/characters/sets/rebellionset/rebellionset_head.skin 0x00000214C6E50F90
<16:13:37> remapped bone indices with refcount '4294967291' still around for 'objects/zhg_objects/characters/sets/rebellionset/rebelliomset_hands.skin 0x00000214C6E515D0
<16:13:37> remapped bone indices with refcount '4294967291' still around for 'objects/zhg_objects/characters/sets/rebellionset/rebelliomset_hands.skin 0x00000214C6E52250
<16:13:37> remapped bone indices with refcount '4294967291' still around for 'objects/zhg_objects/characters/sets/rebellionset/rebelliomset_hands.skin 0x00000214C6E531F0
<16:13:37> remapped bone indices with refcount '4294967291' still around for 'objects/zhg_objects/characters/sets/rebellionset/rebelliomset_hands.skin 0x00000214C6E50950
<16:13:37> remapped bone indices with refcount '4294967294' still around for 'objects/zhg_objects/characters/sets/loverset/loverset_torso.skin 0x00000214C6E52570
<16:13:37> remapped bone indices with refcount '4294967294' still around for 'objects/zhg_objects/characters/sets/loverset/loverset_torso.skin 0x00000214C6E52BB0
<16:13:37> remapped bone indices with refcount '4294967294' still around for 'objects/zhg_objects/characters/sets/loverset/loverset_torso.skin 0x00000214C6E53E70
<16:13:37> remapped bone indices with refcount '4294967294' still around for 'objects/zhg_objects/characters/sets/loverset/loverset_head.skin 0x00000214C6E52ED0
<16:13:37> remapped bone indices with refcount '4294967294' still around for 'objects/zhg_objects/characters/sets/loverset/loverset_head.skin 0x00000214C6E51C10
<16:13:37> remapped bone indices with refcount '4294967294' still around for 'objects/zhg_objects/characters/sets/loverset/loverset_head.skin 0x00000214C6E50C70
<16:13:37> remapped bone indices with refcount '4294967294' still around for 'objects/zhg_objects/characters/sets/leaderset/leaderset_torso.skin 0x00000214C6E53B50
<16:13:37> remapped bone indices with refcount '4294967294' still around for 'objects/zhg_objects/characters/sets/leaderset/leaderset_torso.skin 0x00000214C6E50630
<16:13:37> remapped bone indices with refcount '4294967294' still around for 'objects/zhg_objects/characters/sets/leaderset/leaderset_torso.skin 0x00000214C6E52890
<16:13:37> remapped bone indices with refcount '4294967294' still around for 'objects/zhg_objects/characters/sets/leaderset/leaderset_pants.skin 0x00000214C6E54190
<16:13:37> remapped bone indices with refcount '4294967294' still around for 'objects/zhg_objects/characters/sets/leaderset/leaderset_pants.skin 0x00000214C66F35F0
<16:13:37> remapped bone indices with refcount '4294967294' still around for 'objects/zhg_objects/characters/sets/leaderset/leaderset_pants.skin 0x00000214C66F2C90
<16:13:37> remapped bone indices with refcount '4294967294' still around for 'objects/zhg_objects/characters/sets/leaderset/leaderset_head.skin 0x00000214C66F32D0
<16:13:37> remapped bone indices with refcount '4294967294' still around for 'objects/zhg_objects/characters/sets/leaderset/leaderset_head.skin 0x00000214C66F16B0
<16:13:37> remapped bone indices with refcount '4294967294' still around for 'objects/zhg_objects/characters/sets/leaderset/leaderset_head.skin 0x00000214C66F3910
<16:13:37> remapped bone indices with refcount '4294967294' still around for 'objects/zhg_objects/characters/sets/hopefullset/hopefullset_torso.skin 0x00000214C66F4590
<16:13:37> remapped bone indices with refcount '4294967294' still around for 'objects/zhg_objects/characters/sets/hopefullset/hopefullset_torso.skin 0x00000214C66F4BD0
<16:13:37> remapped bone indices with refcount '4294967294' still around for 'objects/zhg_objects/characters/sets/hopefullset/hopefullset_torso.skin 0x00000214C66F2FB0
<16:13:37> remapped bone indices with refcount '4294967294' still around for 'objects/zhg_objects/characters/sets/hopefullset/hopefullset_pants.skin 0x00000214C66F2970
<16:13:37> remapped bone indices with refcount '4294967294' still around for 'objects/zhg_objects/characters/sets/hopefullset/hopefullset_pants.skin 0x00000214C66F2330
<16:13:37> remapped bone indices with refcount '4294967294' still around for 'objects/zhg_objects/characters/sets/hopefullset/hopefullset_pants.skin 0x00000214C66F1CF0
<16:13:37> remapped bone indices with refcount '4294967294' still around for 'objects/zhg_objects/characters/sets/hopefullset/hopefullset_head.skin 0x00000214C66F4270
<16:13:37> remapped bone indices with refcount '4294967294' still around for 'objects/zhg_objects/characters/sets/hopefullset/hopefullset_head.skin 0x00000214C66F3C30
<16:13:37> remapped bone indices with refcount '4294967294' still around for 'objects/zhg_objects/characters/sets/hopefullset/hopefullset_head.skin 0x00000214C66F2650
<16:13:37> remapped bone indices with refcount '4294967294' still around for 'objects/zhg_objects/characters/sets/doubtset/doubtset_head.skin 0x00000214C66F3F50
<16:13:37> remapped bone indices with refcount '4294967295' still around for 'objects/zhg_objects/characters/conserve/conserve_body.skin 0x00000214C66F1070
<16:13:37> remapped bone indices with refcount '4294967295' still around for 'objects/zhg_objects/characters/conserve/conserve_body.skin 0x00000214C66F48B0
<16:13:37> remapped bone indices with refcount '4294967295' still around for 'objects/zhg_objects/characters/conserve/conserve_body.skin 0x00000214C66F2010
<16:13:52> CreateDatagramSocket c1
<16:13:54> Game rules class: InstantAction
<16:13:54> ============================ PrepareLevel Multiplayer/Purgatorium_Esc_Cw ============================
<16:13:54> Initializing default materials...
<16:13:59> [MFX] Loading FXLib 'breakables' ...
<16:13:59> [MFX] Loading FXLib 'collisions' ...
<16:13:59> [MFX] Loading FXLib 'foley' ...
<16:13:59> [MFX] Loading FXLib 'foley_grunt' ...
<16:13:59> [MFX] Loading FXLib 'foley_player' ...
<16:13:59> [MFX] Loading FXLib 'footstep_grunt' ...
<16:13:59> [MFX] Loading FXLib 'footstep_player' ...
<16:13:59> [MFX] Loading FXLib 'footsteps' ...
<16:13:59> [MFX] Loading FXLib 'grenade' ...
<16:13:59> [MFX] Loading FXLib 'melee' ...
<16:13:59> [MFX] Loading FXLib 'player_fx' ...
<16:13:59> [MFX] Loading FXLib 'projectiles' ...
<16:13:59> [MFX] Loading FXLib 'tornado' ...
<16:13:59> [MFX] Loading FXLib 'vegetation' ...
<16:13:59> [MFX] Loading FXLib 'vehicles' ...
<16:14:16> CryAnimation: character-definition not found: objects/characters/human/sdk_player/sdk_player.cdf
<16:14:16> CryAnimation: character-definition not found: objects/characters/human/sdk_player/sdk_player.cdf
<16:14:16> CryAnimation: character-definition not found: objects/characters/human/sdk_player/sdk_player.cdf
<16:14:16> CryAnimation: character-definition not found: objects/characters/human/sdk_player/sdk_player.cdf
<16:14:16> CryAnimation: character-definition not found: objects/characters/human/sdk_player/sdk_player.cdf
<16:14:16> CryAnimation: character-definition not found: objects/characters/human/sdk_player/sdk_player.cdf
<16:14:16> CryAnimation: character-definition not found: objects/characters/human/sdk_player/sdk_player.cdf
<16:14:16> CryAnimation: character-definition not found: objects/characters/human/sdk_player/sdk_player.cdf
<16:14:16> CryAnimation: character-definition not found: objects/characters/human/sdk_player/sdk_player.cdf
<16:14:16> CryAnimation: character-definition not found: objects/characters/human/sdk_player/sdk_player.cdf
<16:14:16> CryAnimation: character-definition not found: objects/characters/human/sdk_player/sdk_player.cdf
<16:14:16> CryAnimation: character-definition not found: objects/characters/human/sdk_player/sdk_player.cdf
<16:14:16> CryAnimation: character-definition not found: objects/characters/human/sdk_player/sdk_player.cdf
<16:14:16> CryAnimation: character-definition not found: objects/characters/human/sdk_player/sdk_player.cdf
<16:14:16> CryAnimation: character-definition not found: objects/characters/human/sdk_player/sdk_player.cdf
<16:14:17> CryAnimation: character-definition not found: objects/characters/human/sdk_player/sdk_player.cdf
<16:14:17> CryAnimation: character-definition not found: objects/characters/human/sdk_player/sdk_player.cdf
<16:14:17> CryAnimation: character-definition not found: objects/characters/human/sdk_player/sdk_player.cdf
<16:14:17> CryAnimation: character-definition not found: objects/characters/human/sdk_player/sdk_player.cdf
<16:14:17> CryAnimation: character-definition not found: objects/characters/human/sdk_player/sdk_player.cdf
<16:14:17> CryAnimation: character-definition not found: objects/characters/human/sdk_player/sdk_player.cdf
<16:14:19> CryAnimation: character-definition not found: objects/characters/human/sdk_player/sdk_player.cdf
<16:14:19> CryAnimation: character-definition not found: objects/characters/human/sdk_player/sdk_player.cdf
<16:14:19> CryAnimation: character-definition not found: objects/characters/human/sdk_player/sdk_player.cdf
<16:14:19> CryAnimation: character-definition not found: objects/characters/human/sdk_player/sdk_player.cdf
<16:14:19> CryAnimation: character-definition not found: objects/characters/human/sdk_player/sdk_player.cdf
<16:14:19> CryAnimation: character-definition not found: objects/characters/human/sdk_player/sdk_player.cdf
<16:14:21> CryAnimation: character-definition not found: objects/characters/human/sdk_player/sdk_player.cdf
<16:14:21> CryAnimation: character-definition not found: objects/characters/human/sdk_player/sdk_player.cdf
<16:14:21> CryAnimation: character-definition not found: objects/characters/human/sdk_player/sdk_player.cdf
<16:14:23> PLAYERNAME Kornflakes
<16:14:24> CryAnimation: character-definition not found: objects/characters/man.cdf
<16:14:24> CryAnimation: character-definition not found: objects/characters/human/sdk_player/sdk_player.cdf
<16:14:24> CryAnimation: character-definition not found: objects/characters/human/sdk_player/sdk_player.cdf
<16:14:24> CryAnimation: character-definition not found: objects/characters/human/sdk_player/sdk_player.cdf
<16:15:29> CryAnimation: character-definition not found: objects/characters/human/sdk_player/sdk_player.cdf
<16:15:29> CryAnimation: character-definition not found: objects/characters/human/sdk_player/sdk_player.cdf
<16:15:29> CryAnimation: character-definition not found: objects/characters/human/sdk_player/sdk_player.cdf
<16:15:57> CryAnimation: character-definition not found: objects/characters/human/sdk_player/sdk_player.cdf
<16:15:57> CryAnimation: character-definition not found: objects/characters/human/sdk_player/sdk_player.cdf
<16:15:57> CryAnimation: character-definition not found: objects/characters/human/sdk_player/sdk_player.cdf
<16:17:37> CryAnimation: character-definition not found: objects/characters/human/sdk_player/sdk_player.cdf
<16:17:37> CryAnimation: character-definition not found: objects/characters/human/sdk_player/sdk_player.cdf
<16:17:37> CryAnimation: character-definition not found: objects/characters/human/sdk_player/sdk_player.cdf
<16:17:43> CryAnimation: character-definition not found: objects/characters/human/sdk_player/sdk_player.cdf
<16:17:43> CryAnimation: character-definition not found: objects/characters/human/sdk_player/sdk_player.cdf
<16:17:43> CryAnimation: character-definition not found: objects/characters/human/sdk_player/sdk_player.cdf
<16:17:52> CryAnimation: character-definition not found: objects/characters/human/sdk_player/sdk_player.cdf
<16:17:52> CryAnimation: character-definition not found: objects/characters/human/sdk_player/sdk_player.cdf
<16:17:52> CryAnimation: character-definition not found: objects/characters/human/sdk_player/sdk_player.cdf
<16:18:00> CHUDNv::showPickArmorGradient()
<16:18:02> ClReplDropOpen !params.r_openedDr
<16:18:04> CHUDNv::showPickArmorGradient()
<16:18:05> CHUDNv::showPickArmorGradient()
<16:18:11> d_prerec_msg 
<16:18:23> d_prerec_msg 
<16:18:44> CryAnimation: character-definition not found: objects/characters/human/sdk_player/sdk_player.cdf
<16:18:44> CryAnimation: character-definition not found: objects/characters/human/sdk_player/sdk_player.cdf
<16:18:44> CryAnimation: character-definition not found: objects/characters/human/sdk_player/sdk_player.cdf
<16:18:46> ClReplDropOpen !params.r_openedDr
<16:19:17> CryAnimation: character-definition not found: objects/characters/human/sdk_player/sdk_player.cdf
<16:19:17> CryAnimation: character-definition not found: objects/characters/human/sdk_player/sdk_player.cdf
<16:19:17> CryAnimation: character-definition not found: objects/characters/human/sdk_player/sdk_player.cdf
<16:19:28> d_prerec_msg 
<16:19:29> d_prerec_msg 
<16:19:35> CVehicleSeat::NetSetPassengerId c2
<16:19:35> CVehicleSeat::Enter called
<16:19:36> CVehicleSeat::Exit called
<16:19:36> CVehicleSeat::Exit called c2
<16:19:36> ClProcessLeave call
<16:19:37> CVehicleSeat::NetSetPassengerId c2
<16:19:37> CVehicleSeat::Enter called
<16:19:44> CVehicleSeat::Exit called
<16:19:44> CVehicleSeat::Exit called c2
<16:19:44> ClProcessLeave call
<16:19:51> ClReplDropOpen !params.r_openedDr
<16:20:32> CryAnimation: character-definition not found: objects/characters/human/sdk_player/sdk_player.cdf
<16:20:32> CryAnimation: character-definition not found: objects/characters/human/sdk_player/sdk_player.cdf
<16:20:32> CryAnimation: character-definition not found: objects/characters/human/sdk_player/sdk_player.cdf
<16:20:41> CVehicleSeat::NetSetPassengerId c2
<16:20:41> CVehicleSeat::Enter called
<16:20:47> ast_used_prerec_msg 
<16:20:59> sed_prerec_msg 
<16:21:01> sed_prerec_msg 
<16:21:05> CryAnimation: character-definition not found: objects/characters/human/sdk_player/sdk_player.cdf
<16:21:05> CryAnimation: character-definition not found: objects/characters/human/sdk_player/sdk_player.cdf
<16:21:05> CryAnimation: character-definition not found: objects/characters/human/sdk_player/sdk_player.cdf
<16:21:20> CVehicleSeat::NetSetPassengerId c2
<16:21:20> CVehicleSeat::Enter called
<16:21:21> CVehicleSeat::Exit called
<16:21:21> CVehicleSeat::Exit called c2
<16:21:21> ClProcessLeave call
<16:21:25> CryAnimation: character-definition not found: objects/characters/human/sdk_player/sdk_player.cdf
<16:21:25> CryAnimation: character-definition not found: objects/characters/human/sdk_player/sdk_player.cdf
<16:21:25> CryAnimation: character-definition not found: objects/characters/human/sdk_player/sdk_player.cdf
<16:21:29> CVehicleSeat::Exit called
<16:21:29> CVehicleSeat::Exit called c2
<16:21:29> ClProcessLeave call
<16:21:31> CryAnimation: character-definition not found: objects/characters/human/sdk_player/sdk_player.cdf
<16:21:31> CryAnimation: character-definition not found: objects/characters/human/sdk_player/sdk_player.cdf
<16:21:31> CryAnimation: character-definition not found: objects/characters/human/sdk_player/sdk_player.cdf
<16:21:38> d_prerec_msg 
<16:21:39> d_prerec_msg 
<16:21:42> CryAnimation: character-definition not found: objects/characters/human/sdk_player/sdk_player.cdf
<16:21:42> CryAnimation: character-definition not found: objects/characters/human/sdk_player/sdk_player.cdf
<16:21:42> CryAnimation: character-definition not found: objects/characters/human/sdk_player/sdk_player.cdf
<16:22:14> CryAnimation: character-definition not found: objects/characters/human/sdk_player/sdk_player.cdf
<16:22:14> CryAnimation: character-definition not found: objects/characters/human/sdk_player/sdk_player.cdf
<16:22:14> CryAnimation: character-definition not found: objects/characters/human/sdk_player/sdk_player.cdf
<16:22:33> d_prerec_msg 
<16:22:38> d_prerec_msg 
<16:22:43> CryAnimation: character-definition not found: objects/characters/human/sdk_player/sdk_player.cdf
<16:22:43> CryAnimation: character-definition not found: objects/characters/human/sdk_player/sdk_player.cdf
<16:22:43> CryAnimation: character-definition not found: objects/characters/human/sdk_player/sdk_player.cdf
<16:22:43> d_prerec_msg 
<16:22:46> d_prerec_msg 
<16:22:47> CVehicleSeat::NetSetPassengerId c2
<16:22:47> CVehicleSeat::Enter called
<16:22:47> d_prerec_msg 
<16:22:53> CVehicleSeat::Exit called
<16:22:53> CVehicleSeat::Exit called c2
<16:22:53> ClProcessLeave call
<16:22:53> CVehicleSeat::NetSetPassengerId c2
<16:22:53> CVehicleSeat::Enter called
<16:22:54> CHUDNv::showPickArmorGradient()
<16:22:57> CVehicleSeat::Exit called
<16:22:57> CVehicleSeat::Exit called c2
<16:22:57> ClProcessLeave call
<16:23:08> CryAnimation: character-definition not found: objects/characters/human/sdk_player/sdk_player.cdf
<16:23:08> CryAnimation: character-definition not found: objects/characters/human/sdk_player/sdk_player.cdf
<16:23:08> CryAnimation: character-definition not found: objects/characters/human/sdk_player/sdk_player.cdf
<16:23:26> _used_prerec_msg 
<16:23:42> CryAnimation: character-definition not found: objects/characters/human/sdk_player/sdk_player.cdf
<16:23:42> CryAnimation: character-definition not found: objects/characters/human/sdk_player/sdk_player.cdf
<16:23:42> CryAnimation: character-definition not found: objects/characters/human/sdk_player/sdk_player.cdf
<16:23:48> CTrain::SmplPlaySnd train_gts
<16:25:10> CTrain::SmplPlaySnd train_gts
<16:25:48> CTrain::SmplPlaySnd train_gts
<16:26:17> CTrain::SmplPlaySnd train_gts
<16:26:45> CTrain::SmplPlaySnd train_gts
<16:26:56> CTrain::SmplPlaySnd train_gts
<16:27:08> CryAnimation: character-definition not found: objects/characters/human/sdk_player/sdk_player.cdf
<16:27:08> CryAnimation: character-definition not found: objects/characters/human/sdk_player/sdk_player.cdf
<16:27:08> CryAnimation: character-definition not found: objects/characters/human/sdk_player/sdk_player.cdf
<16:27:27> ast_used_prerec_msg 
<16:28:10> gEnv->pRenderer->Draw2dImage XXX
<16:28:11> remapped bone indices with refcount '4294967291' still around for 'objects/zhg_objects/characters/sets/vanityset/vanityset_torso.skin 0x0000021587A27460
<16:28:11> remapped bone indices with refcount '4294967291' still around for 'objects/zhg_objects/characters/sets/vanityset/vanityset_torso.skin 0x0000021587A27140
<16:28:11> remapped bone indices with refcount '4294967291' still around for 'objects/zhg_objects/characters/sets/vanityset/vanityset_torso.skin 0x0000021587A25B60
<16:28:11> remapped bone indices with refcount '4294967291' still around for 'objects/zhg_objects/characters/sets/vanityset/vanityset_pants.skin 0x0000021587A2B600
<16:28:11> remapped bone indices with refcount '4294967291' still around for 'objects/zhg_objects/characters/sets/vanityset/vanityset_pants.skin 0x0000021587A25E80
<16:28:11> remapped bone indices with refcount '4294967291' still around for 'objects/zhg_objects/characters/sets/vanityset/vanityset_pants.skin 0x0000021587A27DC0
<16:28:11> remapped bone indices with refcount '4294967291' still around for 'objects/zhg_objects/characters/sets/vanityset/vanityset_head.skin 0x0000021587A26B00
<16:28:11> remapped bone indices with refcount '4294967291' still around for 'objects/zhg_objects/characters/sets/vanityset/vanityset_head.skin 0x0000021587A264C0
<16:28:11> remapped bone indices with refcount '4294967291' still around for 'objects/zhg_objects/characters/sets/vanityset/vanityset_head.skin 0x0000021587A267E0
<16:28:11> remapped bone indices with refcount '4294967291' still around for 'objects/zhg_objects/characters/sets/safetyset/safetyset_head.skin 0x0000021587A296C0
<16:28:11> remapped bone indices with refcount '4294967291' still around for 'objects/zhg_objects/characters/sets/safetyset/safetyset_head.skin 0x0000021587A23900
<16:28:11> remapped bone indices with refcount '4294967291' still around for 'objects/zhg_objects/characters/sets/safetyset/safetyset_head.skin 0x0000021587A24580
<16:28:11> remapped bone indices with refcount '4294967279' still around for 'objects/zhg_objects/characters/sets/rebellionset/rebellionset_torso.skin 0x0000021587A24260
<16:28:11> remapped bone indices with refcount '4294967279' still around for 'objects/zhg_objects/characters/sets/rebellionset/rebellionset_torso.skin 0x0000021587A23F40
<16:28:11> remapped bone indices with refcount '4294967279' still around for 'objects/zhg_objects/characters/sets/rebellionset/rebellionset_torso.skin 0x0000021587A23C20
<16:28:11> remapped bone indices with refcount '4294967285' still around for 'objects/zhg_objects/characters/sets/rebellionset/rebellionset_pants.skin 0x0000021587A235E0
<16:28:11> remapped bone indices with refcount '4294967285' still around for 'objects/zhg_objects/characters/sets/rebellionset/rebellionset_pants.skin 0x0000021587A232C0
<16:28:11> remapped bone indices with refcount '4294967285' still around for 'objects/zhg_objects/characters/sets/rebellionset/rebellionset_pants.skin 0x0000021587A22FA0
<16:28:11> remapped bone indices with refcount '4294967291' still around for 'objects/zhg_objects/characters/sets/rebellionset/rebellionset_head.skin 0x0000021587A22C80
<16:28:11> remapped bone indices with refcount '4294967291' still around for 'objects/zhg_objects/characters/sets/rebellionset/rebellionset_head.skin 0x0000021587A22960
<16:28:11> remapped bone indices with refcount '4294967291' still around for 'objects/zhg_objects/characters/sets/rebellionset/rebellionset_head.skin 0x0000021587A1AC60
<16:28:11> remapped bone indices with refcount '4294967285' still around for 'objects/zhg_objects/characters/sets/rebellionset/rebelliomset_hands.skin 0x0000021587A22640
<16:28:11> remapped bone indices with refcount '4294967285' still around for 'objects/zhg_objects/characters/sets/rebellionset/rebelliomset_hands.skin 0x0000021587A1A940
<16:28:11> remapped bone indices with refcount '4294967285' still around for 'objects/zhg_objects/characters/sets/rebellionset/rebelliomset_hands.skin 0x0000021587A22320
<16:28:11> remapped bone indices with refcount '4294967285' still around for 'objects/zhg_objects/characters/sets/rebellionset/rebelliomset_hands.skin 0x0000021587A1A620
<16:28:11> remapped bone indices with refcount '4294967291' still around for 'objects/zhg_objects/characters/sets/loverset/loverset_torso.skin 0x0000021587A22000
<16:28:11> remapped bone indices with refcount '4294967291' still around for 'objects/zhg_objects/characters/sets/loverset/loverset_torso.skin 0x0000021587A21CE0
<16:28:11> remapped bone indices with refcount '4294967291' still around for 'objects/zhg_objects/characters/sets/loverset/loverset_torso.skin 0x0000021587A219C0
<16:28:11> remapped bone indices with refcount '4294967291' still around for 'objects/zhg_objects/characters/sets/loverset/loverset_head.skin 0x0000021587A216A0
<16:28:11> remapped bone indices with refcount '4294967291' still around for 'objects/zhg_objects/characters/sets/loverset/loverset_head.skin 0x0000021587A199A0
<16:28:11> remapped bone indices with refcount '4294967291' still around for 'objects/zhg_objects/characters/sets/loverset/loverset_head.skin 0x0000021587A21380
<16:28:11> remapped bone indices with refcount '4294967291' still around for 'objects/zhg_objects/characters/sets/leaderset/leaderset_torso.skin 0x0000021587A19680
<16:28:11> remapped bone indices with refcount '4294967291' still around for 'objects/zhg_objects/characters/sets/leaderset/leaderset_torso.skin 0x0000021587A21060
<16:28:11> remapped bone indices with refcount '4294967291' still around for 'objects/zhg_objects/characters/sets/leaderset/leaderset_torso.skin 0x0000021587A19360
<16:28:11> remapped bone indices with refcount '4294967291' still around for 'objects/zhg_objects/characters/sets/leaderset/leaderset_pants.skin 0x0000021587A20D40
<16:28:11> remapped bone indices with refcount '4294967291' still around for 'objects/zhg_objects/characters/sets/leaderset/leaderset_pants.skin 0x0000021587A1A300
<16:28:11> remapped bone indices with refcount '4294967291' still around for 'objects/zhg_objects/characters/sets/leaderset/leaderset_pants.skin 0x0000021587A20A20
<16:28:11> remapped bone indices with refcount '4294967291' still around for 'objects/zhg_objects/characters/sets/leaderset/leaderset_head.skin 0x0000021587A20700
<16:28:11> remapped bone indices with refcount '4294967291' still around for 'objects/zhg_objects/characters/sets/leaderset/leaderset_head.skin 0x0000021587A203E0
<16:28:11> remapped bone indices with refcount '4294967291' still around for 'objects/zhg_objects/characters/sets/leaderset/leaderset_head.skin 0x0000021587A19CC0
<16:28:11> remapped bone indices with refcount '4294967291' still around for 'objects/zhg_objects/characters/sets/hopefullset/hopefullset_torso.skin 0x0000021587A200C0
<16:28:11> remapped bone indices with refcount '4294967291' still around for 'objects/zhg_objects/characters/sets/hopefullset/hopefullset_torso.skin 0x0000021587A1EE00
<16:28:11> remapped bone indices with refcount '4294967291' still around for 'objects/zhg_objects/characters/sets/hopefullset/hopefullset_torso.skin 0x0000021587A1E7C0
<16:28:11> remapped bone indices with refcount '4294967291' still around for 'objects/zhg_objects/characters/sets/hopefullset/hopefullset_pants.skin 0x0000021587A186E0
<16:28:11> remapped bone indices with refcount '4294967291' still around for 'objects/zhg_objects/characters/sets/hopefullset/hopefullset_pants.skin 0x0000021587A1D500
<16:28:11> remapped bone indices with refcount '4294967291' still around for 'objects/zhg_objects/characters/sets/hopefullset/hopefullset_pants.skin 0x0000021587A1CBA0
<16:28:11> remapped bone indices with refcount '4294967291' still around for 'objects/zhg_objects/characters/sets/hopefullset/hopefullset_head.skin 0x0000021587A1C880
<16:28:11> remapped bone indices with refcount '4294967291' still around for 'objects/zhg_objects/characters/sets/hopefullset/hopefullset_head.skin 0x0000021587A183C0
<16:28:11> remapped bone indices with refcount '4294967291' still around for 'objects/zhg_objects/characters/sets/hopefullset/hopefullset_head.skin 0x0000021587A1BC00
<16:28:11> remapped bone indices with refcount '4294967291' still around for 'objects/zhg_objects/characters/sets/doubtset/doubtset_head.skin 0x0000021587A1B5C0
<16:28:11> remapped bone indices with refcount '4294967291' still around for 'objects/zhg_objects/characters/conserve/conserve_body.skin 0x0000021587A1C560
<16:28:11> remapped bone indices with refcount '4294967291' still around for 'objects/zhg_objects/characters/conserve/conserve_body.skin 0x0000021587A1E4A0
<16:28:11> remapped bone indices with refcount '4294967292' still around for 'objects/zhg_objects/characters/conserve/conserve_body.skin 0x0000021587A19040
<16:29:11> CreateDatagramSocket c1
<16:29:14> Game rules class: InstantAction
<16:29:14> ============================ PrepareLevel Multiplayer/Purgatorium_Esc_Cw ============================
<16:29:14> Initializing default materials...
<16:29:18> [MFX] Loading FXLib 'breakables' ...
<16:29:18> [MFX] Loading FXLib 'collisions' ...
<16:29:18> [MFX] Loading FXLib 'foley' ...
<16:29:18> [MFX] Loading FXLib 'foley_grunt' ...
<16:29:18> [MFX] Loading FXLib 'foley_player' ...
<16:29:18> [MFX] Loading FXLib 'footstep_grunt' ...
<16:29:18> [MFX] Loading FXLib 'footstep_player' ...
<16:29:18> [MFX] Loading FXLib 'footsteps' ...
<16:29:18> [MFX] Loading FXLib 'grenade' ...
<16:29:18> [MFX] Loading FXLib 'melee' ...
<16:29:18> [MFX] Loading FXLib 'player_fx' ...
<16:29:18> [MFX] Loading FXLib 'projectiles' ...
<16:29:18> [MFX] Loading FXLib 'tornado' ...
<16:29:18> [MFX] Loading FXLib 'vegetation' ...
<16:29:18> [MFX] Loading FXLib 'vehicles' ...
<16:29:35> CryAnimation: character-definition not found: objects/characters/human/sdk_player/sdk_player.cdf
<16:29:35> CryAnimation: character-definition not found: objects/characters/human/sdk_player/sdk_player.cdf
<16:29:35> CryAnimation: character-definition not found: objects/characters/human/sdk_player/sdk_player.cdf
<16:29:36> CryAnimation: character-definition not found: objects/characters/human/sdk_player/sdk_player.cdf
<16:29:36> CryAnimation: character-definition not found: objects/characters/human/sdk_player/sdk_player.cdf
<16:29:36> CryAnimation: character-definition not found: objects/characters/human/sdk_player/sdk_player.cdf
<16:29:36> CryAnimation: character-definition not found: objects/characters/human/sdk_player/sdk_player.cdf
<16:29:36> CryAnimation: character-definition not found: objects/characters/human/sdk_player/sdk_player.cdf
<16:29:36> CryAnimation: character-definition not found: objects/characters/human/sdk_player/sdk_player.cdf
<16:29:36> CryAnimation: character-definition not found: objects/characters/human/sdk_player/sdk_player.cdf
<16:29:36> CryAnimation: character-definition not found: objects/characters/human/sdk_player/sdk_player.cdf
<16:29:36> CryAnimation: character-definition not found: objects/characters/human/sdk_player/sdk_player.cdf
<16:29:36> CryAnimation: character-definition not found: objects/characters/human/sdk_player/sdk_player.cdf
<16:29:36> CryAnimation: character-definition not found: objects/characters/human/sdk_player/sdk_player.cdf
<16:29:36> CryAnimation: character-definition not found: objects/characters/human/sdk_player/sdk_player.cdf
<16:29:36> CryAnimation: character-definition not found: objects/characters/human/sdk_player/sdk_player.cdf
<16:29:36> CryAnimation: character-definition not found: objects/characters/human/sdk_player/sdk_player.cdf
<16:29:36> CryAnimation: character-definition not found: objects/characters/human/sdk_player/sdk_player.cdf
<16:29:36> CryAnimation: character-definition not found: objects/characters/human/sdk_player/sdk_player.cdf
<16:29:36> CryAnimation: character-definition not found: objects/characters/human/sdk_player/sdk_player.cdf
<16:29:36> CryAnimation: character-definition not found: objects/characters/human/sdk_player/sdk_player.cdf
<16:29:36> CryAnimation: character-definition not found: objects/characters/human/sdk_player/sdk_player.cdf
<16:29:36> CryAnimation: character-definition not found: objects/characters/human/sdk_player/sdk_player.cdf
<16:29:36> CryAnimation: character-definition not found: objects/characters/human/sdk_player/sdk_player.cdf
<16:29:36> CryAnimation: character-definition not found: objects/characters/human/sdk_player/sdk_player.cdf
<16:29:36> CryAnimation: character-definition not found: objects/characters/human/sdk_player/sdk_player.cdf
<16:29:36> CryAnimation: character-definition not found: objects/characters/human/sdk_player/sdk_player.cdf
<16:29:39> CryAnimation: character-definition not found: objects/characters/human/sdk_player/sdk_player.cdf
<16:29:39> CryAnimation: character-definition not found: objects/characters/human/sdk_player/sdk_player.cdf
<16:29:39> CryAnimation: character-definition not found: objects/characters/human/sdk_player/sdk_player.cdf
<16:29:39> CryAnimation: character-definition not found: objects/characters/human/sdk_player/sdk_player.cdf
<16:29:39> CryAnimation: character-definition not found: objects/characters/human/sdk_player/sdk_player.cdf
<16:29:39> CryAnimation: character-definition not found: objects/characters/human/sdk_player/sdk_player.cdf
<16:29:41> PLAYERNAME Kornflakes
<16:29:41> CryAnimation: character-definition not found: objects/characters/man.cdf
<16:29:41> CryAnimation: character-definition not found: objects/characters/human/sdk_player/sdk_player.cdf
<16:29:41> CryAnimation: character-definition not found: objects/characters/human/sdk_player/sdk_player.cdf
<16:29:41> CryAnimation: character-definition not found: objects/characters/human/sdk_player/sdk_player.cdf
<16:30:00> CryAnimation: character-definition not found: objects/characters/human/sdk_player/sdk_player.cdf
<16:30:00> CryAnimation: character-definition not found: objects/characters/human/sdk_player/sdk_player.cdf
<16:30:00> CryAnimation: character-definition not found: objects/characters/human/sdk_player/sdk_player.cdf
<16:30:05> ast_used_prerec_msg 
<16:30:09> d_prerec_msg 
<16:30:11> ast_used_prerec_msg 
<16:30:12> ast_used_prerec_msg 
<16:30:18> rerec_msg 
<16:30:19> _used_prerec_msg 
<16:30:23> ast_used_prerec_msg 
<16:30:23> rerec_msg 
<16:30:30> rerec_msg 
<16:30:35> sed_prerec_msg 
<16:30:38> CryAnimation: character-definition not found: objects/characters/human/sdk_player/sdk_player.cdf
<16:30:38> CryAnimation: character-definition not found: objects/characters/human/sdk_player/sdk_player.cdf
<16:30:38> CryAnimation: character-definition not found: objects/characters/human/sdk_player/sdk_player.cdf
<16:30:41> rerec_msg 
<16:30:54> CryAnimation: character-definition not found: objects/characters/human/sdk_player/sdk_player.cdf
<16:30:54> CryAnimation: character-definition not found: objects/characters/human/sdk_player/sdk_player.cdf
<16:30:54> CryAnimation: character-definition not found: objects/characters/human/sdk_player/sdk_player.cdf
<16:31:15> CryAnimation: character-definition not found: objects/characters/human/sdk_player/sdk_player.cdf
<16:31:15> CryAnimation: character-definition not found: objects/characters/human/sdk_player/sdk_player.cdf
<16:31:15> CryAnimation: character-definition not found: objects/characters/human/sdk_player/sdk_player.cdf
<16:31:20> st_used_prerec_msg 
<16:31:27> ast_used_prerec_msg 
<16:31:29> ast_used_prerec_msg 
<16:31:31> ast_used_prerec_msg 
<16:31:33> _used_prerec_msg 
<16:31:34> ast_used_prerec_msg 
<16:31:44> st_used_prerec_msg 
<16:31:45> st_used_prerec_msg 
<16:31:46> t_used_prerec_msg 
<16:31:47> _used_prerec_msg 
<16:31:49> t_used_prerec_msg 
<16:31:50> sed_prerec_msg 
<16:31:52> _used_prerec_msg 
<16:31:53> t_used_prerec_msg 
<16:31:58> st_used_prerec_msg 
<16:32:00> ast_used_prerec_msg 
<16:32:04> st_used_prerec_msg 
<16:32:06> _used_prerec_msg 
<16:32:09> _used_prerec_msg 
<16:32:12> t_used_prerec_msg 
<16:32:12> t_used_prerec_msg 
<16:32:13> _used_prerec_msg 
<16:32:13> _used_prerec_msg 
<16:32:21> _used_prerec_msg 
<16:32:22> d_prerec_msg 
<16:32:26> d_prerec_msg 
<16:32:28> d_prerec_msg 
<16:32:30> _used_prerec_msg 
<16:32:35> _used_prerec_msg 
<16:32:38> _used_prerec_msg 
<16:32:39> _used_prerec_msg 
<16:32:39> _used_prerec_msg 
<16:32:40> _used_prerec_msg 
<16:32:43> ast_used_prerec_msg 
<16:32:50> _used_prerec_msg 
<16:32:52> sed_prerec_msg 
<16:33:22> t_used_prerec_msg 
<16:33:27> CHUDNv::showPickArmorGradient()
<16:33:33> t_used_prerec_msg 
<16:33:40> CVehicleSeat::NetSetPassengerId c2
<16:33:40> CVehicleSeat::Enter called
<16:33:41> CVehicle::OnAction eVAI_Exit
<16:33:41> CVehicleSeat::Exit called
<16:33:41> CVehicleSeat::Exit called c2
<16:33:41> ClProcessLeave call
<16:33:45> st_used_prerec_msg 
<16:33:47> t_used_prerec_msg 
<16:33:48> CVehicleSeat::NetSetPassengerId c2
<16:33:48> CVehicleSeat::Enter called
<16:34:00> CVehicleSeat::NetSetPassengerId c2
<16:34:00> CVehicleSeat::Enter called
<16:34:00> CVehicle::OnAction eVAI_Exit
<16:34:00> CVehicleSeat::Exit called
<16:34:00> CVehicleSeat::Exit called c2
<16:34:00> ClProcessLeave call
<16:34:16> CHUDNv::showPickArmorGradient()
<16:34:22> CHUDNv::showPickArmorGradient()
<16:34:27> CryAnimation: character-definition not found: objects/characters/human/sdk_player/sdk_player.cdf
<16:34:27> CryAnimation: character-definition not found: objects/characters/human/sdk_player/sdk_player.cdf
<16:34:27> CryAnimation: character-definition not found: objects/characters/human/sdk_player/sdk_player.cdf
<16:34:32> CryAnimation: character-definition not found: objects/characters/human/sdk_player/sdk_player.cdf
<16:34:32> CryAnimation: character-definition not found: objects/characters/human/sdk_player/sdk_player.cdf
<16:34:32> CryAnimation: character-definition not found: objects/characters/human/sdk_player/sdk_player.cdf
<16:34:48> CVehicleSeat::Exit called
<16:34:48> CVehicleSeat::Exit called c2
<16:34:48> ClProcessLeave call
<16:34:59> CVehicleSeat::NetSetPassengerId c2
<16:34:59> CVehicleSeat::Enter called
<16:35:05> CryAnimation: character-definition not found: objects/characters/human/sdk_player/sdk_player.cdf
<16:35:05> CryAnimation: character-definition not found: objects/characters/human/sdk_player/sdk_player.cdf
<16:35:05> CryAnimation: character-definition not found: objects/characters/human/sdk_player/sdk_player.cdf
<16:35:29> CVehicleSeat::Exit called
<16:35:29> CVehicleSeat::Exit called c2
<16:35:29> ClProcessLeave call
<16:35:31> CVehicleSeat::NetSetPassengerId c2
<16:35:31> CVehicleSeat::Enter called
<16:35:51> CVehicleSeat::NetSetPassengerId c2
<16:35:51> CVehicleSeat::Enter called
<16:35:53> CVehicleSeat::Exit called
<16:35:53> CVehicleSeat::Exit called c2
<16:35:53> ClProcessLeave call
<16:36:00> CVehicleSeat::Exit called
<16:36:00> CVehicleSeat::Exit called c2
<16:36:00> ClProcessLeave call
<16:36:08> CryAnimation: character-definition not found: objects/characters/human/sdk_player/sdk_player.cdf
<16:36:08> CryAnimation: character-definition not found: objects/characters/human/sdk_player/sdk_player.cdf
<16:36:08> CryAnimation: character-definition not found: objects/characters/human/sdk_player/sdk_player.cdf
<16:37:06> st_used_prerec_msg 
<16:37:08> CHUDNv::showPickArmorGradient()
<16:37:28> CTrain::SmplPlaySnd train_gts
<16:37:32> CHUDNv::showPickArmorGradient()
<16:37:34> CHUDNv::showPickArmorGradient()
<16:37:34> CryAnimation: character-definition not found: objects/characters/human/sdk_player/sdk_player.cdf
<16:37:34> CryAnimation: character-definition not found: objects/characters/human/sdk_player/sdk_player.cdf
<16:37:34> CryAnimation: character-definition not found: objects/characters/human/sdk_player/sdk_player.cdf
<16:37:37> CHUDNv::showPickArmorGradient()
<16:38:19> ast_used_prerec_msg 
<16:38:43> CryAnimation: character-definition not found: objects/characters/human/sdk_player/sdk_player.cdf
<16:38:43> CryAnimation: character-definition not found: objects/characters/human/sdk_player/sdk_player.cdf
<16:38:43> CryAnimation: character-definition not found: objects/characters/human/sdk_player/sdk_player.cdf
<16:38:56> CTrain::SmplPlaySnd train_gts
<16:40:50> CTrain::SmplPlaySnd train_gts
<16:40:52> BaseInput - Shutting down all force feedback
<16:40:52> ActionGame - Shutting down all force feedback
<16:40:52> gEnv->pRenderer->Draw2dImage XXX
<16:40:54> CNetSyncSystem::~CNetSyncSystem & Crush?! packets_temp_bf(temp packet data buffs)
<16:40:54> remapped bone indices with refcount '4294967288' still around for 'objects/zhg_objects/characters/sets/vanityset/vanityset_torso.skin 0x00000214E0347F50
<16:40:54> remapped bone indices with refcount '4294967288' still around for 'objects/zhg_objects/characters/sets/vanityset/vanityset_torso.skin 0x00000214E0347C30
<16:40:54> remapped bone indices with refcount '4294967288' still around for 'objects/zhg_objects/characters/sets/vanityset/vanityset_torso.skin 0x00000214E0346FB0
<16:40:54> remapped bone indices with refcount '4294967288' still around for 'objects/zhg_objects/characters/sets/vanityset/vanityset_pants.skin 0x00000214E0347910
<16:40:54> remapped bone indices with refcount '4294967288' still around for 'objects/zhg_objects/characters/sets/vanityset/vanityset_pants.skin 0x00000214E03475F0
<16:40:54> remapped bone indices with refcount '4294967288' still around for 'objects/zhg_objects/characters/sets/vanityset/vanityset_pants.skin 0x00000214E03472D0
<16:40:54> remapped bone indices with refcount '4294967288' still around for 'objects/zhg_objects/characters/sets/vanityset/vanityset_head.skin 0x00000214E0346C90
<16:40:54> remapped bone indices with refcount '4294967288' still around for 'objects/zhg_objects/characters/sets/vanityset/vanityset_head.skin 0x00000214E0346970
<16:40:54> remapped bone indices with refcount '4294967288' still around for 'objects/zhg_objects/characters/sets/vanityset/vanityset_head.skin 0x00000214E0346330
<16:40:54> remapped bone indices with refcount '4294967288' still around for 'objects/zhg_objects/characters/sets/safetyset/safetyset_head.skin 0x00000214E0346650
<16:40:54> remapped bone indices with refcount '4294967288' still around for 'objects/zhg_objects/characters/sets/safetyset/safetyset_head.skin 0x00000214E0346010
<16:40:54> remapped bone indices with refcount '4294967288' still around for 'objects/zhg_objects/characters/sets/safetyset/safetyset_head.skin 0x00000214E0345390
<16:40:54> remapped bone indices with refcount '4294967270' still around for 'objects/zhg_objects/characters/sets/rebellionset/rebellionset_torso.skin 0x00000214E0345CF0
<16:40:54> remapped bone indices with refcount '4294967270' still around for 'objects/zhg_objects/characters/sets/rebellionset/rebellionset_torso.skin 0x00000214E03459D0
<16:40:54> remapped bone indices with refcount '4294967270' still around for 'objects/zhg_objects/characters/sets/rebellionset/rebellionset_torso.skin 0x00000214E03456B0
<16:40:54> remapped bone indices with refcount '4294967279' still around for 'objects/zhg_objects/characters/sets/rebellionset/rebellionset_pants.skin 0x00000214E033D690
<16:40:54> remapped bone indices with refcount '4294967279' still around for 'objects/zhg_objects/characters/sets/rebellionset/rebellionset_pants.skin 0x00000214E0345070
<16:40:54> remapped bone indices with refcount '4294967279' still around for 'objects/zhg_objects/characters/sets/rebellionset/rebellionset_pants.skin 0x00000214E033D370
<16:40:54> remapped bone indices with refcount '4294967288' still around for 'objects/zhg_objects/characters/sets/rebellionset/rebellionset_head.skin 0x00000214E0344D50
<16:40:54> remapped bone indices with refcount '4294967288' still around for 'objects/zhg_objects/characters/sets/rebellionset/rebellionset_head.skin 0x00000214E033D050
<16:40:54> remapped bone indices with refcount '4294967288' still around for 'objects/zhg_objects/characters/sets/rebellionset/rebellionset_head.skin 0x00000214E0344710
<16:40:54> remapped bone indices with refcount '4294967279' still around for 'objects/zhg_objects/characters/sets/rebellionset/rebelliomset_hands.skin 0x00000214E0344A30
<16:40:54> remapped bone indices with refcount '4294967279' still around for 'objects/zhg_objects/characters/sets/rebellionset/rebelliomset_hands.skin 0x00000214E0343DB0
<16:40:54> remapped bone indices with refcount '4294967279' still around for 'objects/zhg_objects/characters/sets/rebellionset/rebelliomset_hands.skin 0x00000214E0343450
<16:40:54> remapped bone indices with refcount '4294967279' still around for 'objects/zhg_objects/characters/sets/rebellionset/rebelliomset_hands.skin 0x00000214E0343130
<16:40:54> remapped bone indices with refcount '4294967288' still around for 'objects/zhg_objects/characters/sets/loverset/loverset_torso.skin 0x00000214E0342E10
<16:40:54> remapped bone indices with refcount '4294967288' still around for 'objects/zhg_objects/characters/sets/loverset/loverset_torso.skin 0x00000214E03443F0
<16:40:54> remapped bone indices with refcount '4294967288' still around for 'objects/zhg_objects/characters/sets/loverset/loverset_torso.skin 0x00000214E0340ED0
<16:40:54> remapped bone indices with refcount '4294967288' still around for 'objects/zhg_objects/characters/sets/loverset/loverset_head.skin 0x00000214E0340BB0
<16:40:54> remapped bone indices with refcount '4294967288' still around for 'objects/zhg_objects/characters/sets/loverset/loverset_head.skin 0x00000214E0341830
<16:40:54> remapped bone indices with refcount '4294967288' still around for 'objects/zhg_objects/characters/sets/loverset/loverset_head.skin 0x00000214E0340890
<16:40:54> remapped bone indices with refcount '4294967288' still around for 'objects/zhg_objects/characters/sets/leaderset/leaderset_torso.skin 0x00000214E0340250
<16:40:54> remapped bone indices with refcount '4294967288' still around for 'objects/zhg_objects/characters/sets/leaderset/leaderset_torso.skin 0x00000214E0340570
<16:40:54> remapped bone indices with refcount '4294967288' still around for 'objects/zhg_objects/characters/sets/leaderset/leaderset_torso.skin 0x00000214E033CD30
<16:40:54> remapped bone indices with refcount '4294967288' still around for 'objects/zhg_objects/characters/sets/leaderset/leaderset_pants.skin 0x00000214E03440D0
<16:40:54> remapped bone indices with refcount '4294967288' still around for 'objects/zhg_objects/characters/sets/leaderset/leaderset_pants.skin 0x00000214E033FF30
<16:40:54> remapped bone indices with refcount '4294967288' still around for 'objects/zhg_objects/characters/sets/leaderset/leaderset_pants.skin 0x00000214E033C3D0
<16:40:54> remapped bone indices with refcount '4294967288' still around for 'objects/zhg_objects/characters/sets/leaderset/leaderset_head.skin 0x00000214E033C6F0
<16:40:54> remapped bone indices with refcount '4294967288' still around for 'objects/zhg_objects/characters/sets/leaderset/leaderset_head.skin 0x00000214E033DCD0
<16:40:54> remapped bone indices with refcount '4294967288' still around for 'objects/zhg_objects/characters/sets/leaderset/leaderset_head.skin 0x00000214E033F2B0
<16:40:54> remapped bone indices with refcount '4294967288' still around for 'objects/zhg_objects/characters/sets/hopefullset/hopefullset_torso.skin 0x00000214E033C0B0
<16:40:54> remapped bone indices with refcount '4294967288' still around for 'objects/zhg_objects/characters/sets/hopefullset/hopefullset_torso.skin 0x00000214E0342AF0
<16:40:54> remapped bone indices with refcount '4294967288' still around for 'objects/zhg_objects/characters/sets/hopefullset/hopefullset_torso.skin 0x00000214E033D9B0
<16:40:54> remapped bone indices with refcount '4294967288' still around for 'objects/zhg_objects/characters/sets/hopefullset/hopefullset_pants.skin 0x00000214E03427D0
<16:40:54> remapped bone indices with refcount '4294967288' still around for 'objects/zhg_objects/characters/sets/hopefullset/hopefullset_pants.skin 0x00000214E033FC10
<16:40:54> remapped bone indices with refcount '4294967288' still around for 'objects/zhg_objects/characters/sets/hopefullset/hopefullset_pants.skin 0x00000214E033F8F0
<16:40:54> remapped bone indices with refcount '4294967288' still around for 'objects/zhg_objects/characters/sets/hopefullset/hopefullset_head.skin 0x00000214E03424B0
<16:40:54> remapped bone indices with refcount '4294967288' still around for 'objects/zhg_objects/characters/sets/hopefullset/hopefullset_head.skin 0x00000214E033CA10
<16:40:54> remapped bone indices with refcount '4294967288' still around for 'objects/zhg_objects/characters/sets/hopefullset/hopefullset_head.skin 0x00000214E0342190
<16:40:54> remapped bone indices with refcount '4294967288' still around for 'objects/zhg_objects/characters/sets/doubtset/doubtset_head.skin 0x00000214E033EF90
<16:40:54> remapped bone indices with refcount '4294967291' still around for 'objects/zhg_objects/characters/conserve/conserve_body.skin 0x00000214E033E950
<16:40:54> remapped bone indices with refcount '4294967291' still around for 'objects/zhg_objects/characters/conserve/conserve_body.skin 0x00000214E0341B50
<16:40:54> remapped bone indices with refcount '4294967291' still around for 'objects/zhg_objects/characters/conserve/conserve_body.skin 0x00000214E033EC70
