BackupNameAttachment=" Build(0) 30 Jan 22 (23 31 58)"  -- used by backup system
Log Started at Sun Jan 30 23:31:58 2022
Built on Oct 13 2019 19:15:33
Running 64 bit Windows version
Command Line: "E:\Games\Steam\steamapps\common\Pandemic Express\Bin/win_x64/PandemicExpress.exe"
Executable: E:\Games\Steam\steamapps\common\Pandemic Express\Bin\win_x64\PandemicExpress.exe
FileVersion: 1.0.0.0
ProductVersion: 1.0.0.0
Added MOD directory <%engineroot%/engine> to CryPak

Total number of logical processors: 12
Number of available logical processors: 12
Total number of system cores: 6
Number of cores available to process: 6
 
Processor 0:
  CPU: AMD AMD Ryzen 5 3600 6-Core Processor              
  Family: 15, Model: 1, Stepping: 0
  FPU: On-Chip
  Features: FP16, SSE, SSE2, SSE3, SSE4.2, AVX, AVX2, FMA3
  Serial number not present or disabled
 
Processor 1:
  CPU: AMD AMD Ryzen 5 3600 6-Core Processor              
  Family: 15, Model: 1, Stepping: 0
  FPU: On-Chip
  Features: FP16, SSE, SSE2, SSE3, SSE4.2, AVX, AVX2, FMA3
  Serial number not present or disabled
 
Processor 2:
  CPU: AMD AMD Ryzen 5 3600 6-Core Processor              
  Family: 15, Model: 1, Stepping: 0
  FPU: On-Chip
  Features: FP16, SSE, SSE2, SSE3, SSE4.2, AVX, AVX2, FMA3
  Serial number not present or disabled
 
Processor 3:
  CPU: AMD AMD Ryzen 5 3600 6-Core Processor              
  Family: 15, Model: 1, Stepping: 0
  FPU: On-Chip
  Features: FP16, SSE, SSE2, SSE3, SSE4.2, AVX, AVX2, FMA3
  Serial number not present or disabled
 
Processor 4:
  CPU: AMD AMD Ryzen 5 3600 6-Core Processor              
  Family: 15, Model: 1, Stepping: 0
  FPU: On-Chip
  Features: FP16, SSE, SSE2, SSE3, SSE4.2, AVX, AVX2, FMA3
  Serial number not present or disabled
 
Processor 5:
  CPU: AMD AMD Ryzen 5 3600 6-Core Processor              
  Family: 15, Model: 1, Stepping: 0
  FPU: On-Chip
  Features: FP16, SSE, SSE2, SSE3, SSE4.2, AVX, AVX2, FMA3
  Serial number not present or disabled
 
<23:31:58> Loading Config file system.cfg (system.cfg)
<23:31:58> [Error] [CVARS]: [IGNORED CHANGE] variable [sys_version] from [] to [1.1.0.000.200116]; Marked as [VF_CHEAT]
<23:31:58> OnSysSpecChange(1)
<23:31:58> [Error] [CVARS]: [IGNORED CHANGE] variable [sys_asserts] from [0] to [0]; Marked as [VF_CHEAT]
<23:31:58> GameDir: DATA
<23:31:58> <ThreadConfigInfo>: Thread profile loaded: "pc_8" (config/engine_core.thread_config)  
<23:31:58> Windows 10 64 bit (build 10.0.22000)
<23:31:58> System language: English
<23:31:58> Windows Directory: "C:\Windows"
<23:31:58> Local time is 23:31:58 01/30/22, system running for 634 minutes
<23:31:58> 16336MB physical memory installed, 9446MB available, 134217727MB virtual memory installed, 42 percent of memory in use
<23:31:58> PageFile usage: 76MB, Working Set: 89MB, Peak PageFile usage: 76MB,
<23:31:58> Current display mode is 2560x1440x32, (Unknown graphics card)
<23:31:58> IBM enhanced (101/102-key) keyboard and 16+ button mouse installed
<23:31:58> --------------------------------------------------------------------------------
<23:31:58> OnSysSpecChange(1)
<23:31:58> Loading Config file LowSpec.cfg (data\config\lowspec.cfg)
<23:31:58> [Error] [CVARS]: [MISSING] [e_DynamicLightsMaxEntityLights] is not a registered console variable; referenced when testing console variable group [sys_spec_shading] = [1]
<23:31:58> [Error] [CVARS]: [MISSING] [e_SkyUpdateRate] is not a registered console variable; referenced when testing console variable group [sys_spec_shading] = [1]
<23:31:58> [Error] [CVARS]: [MISSING] [e_svoTI_Apply] is not a registered console variable; referenced when testing console variable group [sys_spec_shading] = [1]
<23:31:58> [Error] [CVARS]: [MISSING] [e_svoTI_RsmConeMaxLength] is not a registered console variable; referenced when testing console variable group [sys_spec_shading] = [1]
<23:31:58> [Error] [CVARS]: [MISSING] [e_svoTI_RsmUseColors] is not a registered console variable; referenced when testing console variable group [sys_spec_shading] = [1]
<23:31:58> [Error] [CVARS]: [MISSING] [e_svoTi_Active] is not a registered console variable; referenced when testing console variable group [sys_spec_shading] = [1]
<23:31:58> [Error] [CVARS]: [MISSING] [e_svoti_LowSpecMode] is not a registered console variable; referenced when testing console variable group [sys_spec_shading] = [1]
<23:31:58> [Error] [CVARS]: [MISSING] [e_LightVolumes] is not a registered console variable; referenced when testing console variable group [sys_spec_shading] = [1]
<23:31:58> [Error] [CVARS]: [MISSING] [e_VegetationUseTerrainColor] is not a registered console variable; referenced when testing console variable group [sys_spec_shading] = [1]
<23:31:58> Loading Config file game.cfg (data\game.cfg)
<23:31:58> [Warning] [CVARS]: [CHANGED] variable [sys_asserts] from [0] to [0]; Marked as [VF_CHEAT]
<23:31:58> [Warning] Modifying marked variables will not be allowed in Release mode!
<23:31:58> Stream Engine Initialization
<23:31:58> GameName: Pandemic Express
<23:31:58> BuildTime: Oct 13 2019 19:15:33
<23:31:58> Physics initialization
<23:31:58> Localized language content(english) not available or modified from the original installation.
<23:31:58> Localized language content(english) not available or modified from the original installation.
<23:31:58> Localized language content(english) not available or modified from the original installation.
<23:31:58> <Audio>: AudioSystem initialization
<23:31:59> <Audio> <0.300>: CryAudioImplWwise loaded
<23:32:00> Renderer initialization
<23:32:00> Logging video adapters:
<23:32:00> - NVIDIA GeForce RTX 3070 (vendor = 0x10de, device = 0x2484)
<23:32:00>   - Adapter index: 0
<23:32:00>   - Dedicated video memory: 8043 MB
<23:32:00>   - Feature level: DX11 (SM 5.0)
<23:32:00>   - Displays connected: yes
<23:32:00>   - Suitable rendering device: yes
<23:32:00> - Microsoft Basic Render Driver (vendor = 0x1414, device = 0x008c)
<23:32:00>   - Adapter index: 1
<23:32:00>   - Dedicated video memory: 0 MB
<23:32:00>   - Feature level: DX11 (SM 5.0)
<23:32:00>   - Displays connected: no
<23:32:00>   - Suitable rendering device: no
<23:32:01> Active GPUs: 1
<23:32:01> [Renderer] A display device has been connected to the system
<23:32:01> Loading plugin CryDefaultEntities
<23:32:01> Loading plugin CrySchematycCore
<23:32:01> DLL Failed to load, error code: 7E
<23:32:01> Loading plugin CrySchematycSTDEnv
<23:32:01> DLL Failed to load, error code: 7E
<23:32:01> Loading plugin CrySensorSystem
<23:32:01> DLL Failed to load, error code: 7E
<23:32:01> Loading extension file cryplugin.csv
<23:32:01> Loading plugin ProcAnRandGenerator.dll
<23:32:01> Loading plugin PlayFab.dll
<23:32:01> Loading plugin CEVPlayer.dll
<23:32:03> Font initialization
<23:32:03> Using FreeType 2.5.5
<23:32:03> Network initialization
<23:32:03> [net] Socket IO management: External [iocp], Internal [iocp]
<23:32:03> network hostname: jasper-pc
<23:32:03>   ip:26.133.86.13
<23:32:03>   ip:192.168.20.15
<23:32:03> [Network Version]: PROFILE DEVELOPMENT BUILD
<23:32:03> MovieSystem initialization
<23:32:03> Console initialization
<23:32:03> Time initialization
<23:32:03> Input initialization
<23:32:03> AI initialization
<23:32:03>  
<23:32:03>     con_debug = 0 []
<23:32:03>     con_display_last_messages = 0 []
<23:32:03>     con_line_buffer_size = 1000 []
<23:32:03>     con_restricted = 0 [RESTRICTEDMODE]
<23:32:03>     con_showonload = 0 []
<23:32:03>  
<23:32:03>     con_debug = 0 []
<23:32:03>     con_display_last_messages = 0 []
<23:32:03>     con_line_buffer_size = 1000 []
<23:32:03>     con_restricted = 0 [RESTRICTEDMODE]
<23:32:03>     con_showonload = 0 []
<23:32:03>  
<23:32:03>     con_debug = 0 []
<23:32:03>  
<23:32:03>     con_debug = 0 []
<23:32:03> Initializing Animation System
<23:32:03> Initializing 3D Engine
<23:32:03> Script System Initialization
<23:32:03> Entity system initialization
<23:32:03> Initializing AI System
<23:32:04> Initializing additional systems
<23:32:04> Dynamic Response System initialization
<23:32:04> DLL Failed to load, error code: 7E
<23:32:04> No Dynamic Response System was loaded from a module, will use the NULL implementation.
<23:32:04> [Steam] Steam API initialized successfully
<23:32:04> <ThreadConfigInfo>: [XML Parsing] Thread with name "Main" already loaded. Overriding with new configuration
<23:32:04> <ThreadConfigInfo>: [XML Parsing] Thread with name "Network" already loaded. Overriding with new configuration
<23:32:04> <ThreadConfigInfo>: [XML Parsing] Thread with name "NetworkStallTicker" already loaded. Overriding with new configuration
<23:32:04> <ThreadConfigInfo>: [XML Parsing] Thread with name "ZLibCompressor" already loaded. Overriding with new configuration
<23:32:04> <ThreadConfigInfo>: [XML Parsing] Thread with name "NetworkStallTicker" already loaded. Overriding with new configuration
<23:32:04> <ThreadConfigInfo>: [XML Parsing] Thread with name "ZLibCompressor" already loaded. Overriding with new configuration
<23:32:04> <ThreadConfigInfo>: [XML Parsing] Thread with name "TelemetryCopier" already loaded. Overriding with new configuration
<23:32:04> <ThreadConfigInfo>: [XML Parsing] Thread with name "StatsAgent" already loaded. Overriding with new configuration
<23:32:04> <ThreadConfigInfo>: Thread profile loaded: "pc_8" (config/game.thread_config)  
<23:32:05> Initializing default materials...
<23:32:11> [MFX] Loading FXLib 'breakables' ...
<23:32:11> [MFX] Loading FXLib 'collisions' ...
<23:32:11> [MFX] Loading FXLib 'foley' ...
<23:32:11> [MFX] Loading FXLib 'foley_grunt' ...
<23:32:11> [MFX] Loading FXLib 'foley_player' ...
<23:32:11> [MFX] Loading FXLib 'footstep_grunt' ...
<23:32:11> [MFX] Loading FXLib 'footstep_player' ...
<23:32:11> [MFX] Loading FXLib 'footsteps' ...
<23:32:11> [MFX] Loading FXLib 'grenade' ...
<23:32:11> [MFX] Loading FXLib 'melee' ...
<23:32:11> [MFX] Loading FXLib 'player_fx' ...
<23:32:11> [MFX] Loading FXLib 'projectiles' ...
<23:32:11> [MFX] Loading FXLib 'tornado' ...
<23:32:11> [MFX] Loading FXLib 'vegetation' ...
<23:32:11> [MFX] Loading FXLib 'vehicles' ...
<23:32:11> [MFX] Loading FXLib 'breakables' ...
<23:32:11> [MFX] Loading FXLib 'collisions' ...
<23:32:11> [MFX] Loading FXLib 'foley' ...
<23:32:11> [MFX] Loading FXLib 'foley_grunt' ...
<23:32:11> [MFX] Loading FXLib 'foley_player' ...
<23:32:11> [MFX] Loading FXLib 'footstep_grunt' ...
<23:32:11> [MFX] Loading FXLib 'footstep_player' ...
<23:32:11> [MFX] Loading FXLib 'footsteps' ...
<23:32:11> [MFX] Loading FXLib 'grenade' ...
<23:32:11> [MFX] Loading FXLib 'melee' ...
<23:32:11> [MFX] Loading FXLib 'player_fx' ...
<23:32:11> [MFX] Loading FXLib 'projectiles' ...
<23:32:11> [MFX] Loading FXLib 'tornado' ...
<23:32:11> [MFX] Loading FXLib 'vegetation' ...
<23:32:11> [MFX] Loading FXLib 'vehicles' ...
<23:32:11> Creating socket on port 2838
<23:32:11> CreateDatagramSocket c1
<23:32:11> CreateDatagramSocket c2
<23:32:31> CreateDatagramSocket c1
<23:32:33> Game rules class: InstantAction
<23:32:33> ============================ PrepareLevel Multiplayer/Purgatorium_Esc ============================
<23:33:37> CryAnimation: character-definition not found: objects/characters/human/sdk_player/sdk_player.cdf
<23:33:37> CryAnimation: character-definition not found: objects/characters/human/sdk_player/sdk_player.cdf
<23:33:37> CryAnimation: character-definition not found: objects/characters/human/sdk_player/sdk_player.cdf
<23:33:38> CryAnimation: character-definition not found: objects/characters/human/sdk_player/sdk_player.cdf
<23:33:38> CryAnimation: character-definition not found: objects/characters/human/sdk_player/sdk_player.cdf
<23:33:38> CryAnimation: character-definition not found: objects/characters/human/sdk_player/sdk_player.cdf
<23:33:38> CryAnimation: character-definition not found: objects/characters/human/sdk_player/sdk_player.cdf
<23:33:38> CryAnimation: character-definition not found: objects/characters/human/sdk_player/sdk_player.cdf
<23:33:38> CryAnimation: character-definition not found: objects/characters/human/sdk_player/sdk_player.cdf
<23:33:38> CryAnimation: character-definition not found: objects/characters/human/sdk_player/sdk_player.cdf
<23:33:38> CryAnimation: character-definition not found: objects/characters/human/sdk_player/sdk_player.cdf
<23:33:38> CryAnimation: character-definition not found: objects/characters/human/sdk_player/sdk_player.cdf
<23:33:38> CryAnimation: character-definition not found: objects/characters/human/sdk_player/sdk_player.cdf
<23:33:38> CryAnimation: character-definition not found: objects/characters/human/sdk_player/sdk_player.cdf
<23:33:38> CryAnimation: character-definition not found: objects/characters/human/sdk_player/sdk_player.cdf
<23:33:38> CryAnimation: character-definition not found: objects/characters/human/sdk_player/sdk_player.cdf
<23:33:38> CryAnimation: character-definition not found: objects/characters/human/sdk_player/sdk_player.cdf
<23:33:38> CryAnimation: character-definition not found: objects/characters/human/sdk_player/sdk_player.cdf
<23:33:38> CryAnimation: character-definition not found: objects/characters/human/sdk_player/sdk_player.cdf
<23:33:38> CryAnimation: character-definition not found: objects/characters/human/sdk_player/sdk_player.cdf
<23:33:38> CryAnimation: character-definition not found: objects/characters/human/sdk_player/sdk_player.cdf
<23:33:38> CryAnimation: character-definition not found: objects/characters/human/sdk_player/sdk_player.cdf
<23:33:38> CryAnimation: character-definition not found: objects/characters/human/sdk_player/sdk_player.cdf
<23:33:38> CryAnimation: character-definition not found: objects/characters/human/sdk_player/sdk_player.cdf
<23:33:38> CryAnimation: character-definition not found: objects/characters/human/sdk_player/sdk_player.cdf
<23:33:38> CryAnimation: character-definition not found: objects/characters/human/sdk_player/sdk_player.cdf
<23:33:38> CryAnimation: character-definition not found: objects/characters/human/sdk_player/sdk_player.cdf
<23:33:38> CryAnimation: character-definition not found: objects/characters/human/sdk_player/sdk_player.cdf
<23:33:38> CryAnimation: character-definition not found: objects/characters/human/sdk_player/sdk_player.cdf
<23:33:38> CryAnimation: character-definition not found: objects/characters/human/sdk_player/sdk_player.cdf
<23:33:38> CryAnimation: character-definition not found: objects/characters/human/sdk_player/sdk_player.cdf
<23:33:38> CryAnimation: character-definition not found: objects/characters/human/sdk_player/sdk_player.cdf
<23:33:38> CryAnimation: character-definition not found: objects/characters/human/sdk_player/sdk_player.cdf
<23:33:38> CryAnimation: character-definition not found: objects/characters/human/sdk_player/sdk_player.cdf
<23:33:38> CryAnimation: character-definition not found: objects/characters/human/sdk_player/sdk_player.cdf
<23:33:38> CryAnimation: character-definition not found: objects/characters/human/sdk_player/sdk_player.cdf
<23:33:43> CryAnimation: character-definition not found: objects/characters/human/sdk_player/sdk_player.cdf
<23:33:43> CryAnimation: character-definition not found: objects/characters/human/sdk_player/sdk_player.cdf
<23:33:43> CryAnimation: character-definition not found: objects/characters/human/sdk_player/sdk_player.cdf
<23:33:44> PLAYERNAME Kornflakes
<23:33:44> CryAnimation: character-definition not found: objects/characters/man.cdf
<23:33:46> CryAnimation: character-definition not found: objects/characters/human/sdk_player/sdk_player.cdf
<23:33:46> CryAnimation: character-definition not found: objects/characters/human/sdk_player/sdk_player.cdf
<23:33:46> CryAnimation: character-definition not found: objects/characters/human/sdk_player/sdk_player.cdf
<23:34:22> CryAnimation: character-definition not found: objects/characters/human/sdk_player/sdk_player.cdf
<23:34:22> CryAnimation: character-definition not found: objects/characters/human/sdk_player/sdk_player.cdf
<23:34:22> CryAnimation: character-definition not found: objects/characters/human/sdk_player/sdk_player.cdf
<23:34:33> ast_used_prerec_msg 
<23:36:24> CTrain::SmplPlaySnd train_gts
<23:36:32> CryAnimation: character-definition not found: objects/characters/human/sdk_player/sdk_player.cdf
<23:36:32> CryAnimation: character-definition not found: objects/characters/human/sdk_player/sdk_player.cdf
<23:36:32> CryAnimation: character-definition not found: objects/characters/human/sdk_player/sdk_player.cdf
<23:37:46> CGameClientChannel::Release
<23:37:46> gEnv->pRenderer->Draw2dImage XXX
<23:37:49> remapped bone indices with refcount '4294967291' still around for 'zombiemodelnew/conserve_fp_nonmm.skin 0x0000020007B6E920
<23:37:49> remapped bone indices with refcount '4294967291' still around for 'objects/zhg_objects/characters/conserve/conserve_head.skin 0x0000020007B6FBE0
<23:37:49> remapped bone indices with refcount '4294967288' still around for 'objects/characters/human/dude/source/pin_hands_sk.skin 0x000002015BF4E1C0
<23:37:49> remapped bone indices with refcount '4294967288' still around for 'pants.skin 0x000002015BF4B920
<23:37:49> remapped bone indices with refcount '4294967288' still around for 'torso.skin 0x000002015BF4CF00
<23:37:49> remapped bone indices with refcount '4294967288' still around for 'objects/zhg_objects/characters/sets/vanityset/vanityset_torso.skin 0x000002013EC239E0
<23:37:49> remapped bone indices with refcount '4294967288' still around for 'objects/zhg_objects/characters/sets/vanityset/vanityset_torso.skin 0x000002013EC236C0
<23:37:49> remapped bone indices with refcount '4294967288' still around for 'objects/zhg_objects/characters/sets/vanityset/vanityset_torso.skin 0x000002013EC21780
<23:37:49> remapped bone indices with refcount '4294967288' still around for 'objects/zhg_objects/characters/sets/vanityset/vanityset_pants.skin 0x000002013EC21460
<23:37:49> remapped bone indices with refcount '4294967288' still around for 'objects/zhg_objects/characters/sets/vanityset/vanityset_pants.skin 0x000002013EAD2D00
<23:37:49> remapped bone indices with refcount '4294967288' still around for 'objects/zhg_objects/characters/sets/vanityset/vanityset_pants.skin 0x000002013EBBD990
<23:37:49> remapped bone indices with refcount '4294967288' still around for 'objects/zhg_objects/characters/sets/vanityset/vanityset_head.skin 0x000002013EBBDCB0
<23:37:49> remapped bone indices with refcount '4294967288' still around for 'objects/zhg_objects/characters/sets/vanityset/vanityset_head.skin 0x000002013EBBC6D0
<23:37:49> remapped bone indices with refcount '4294967288' still around for 'objects/zhg_objects/characters/sets/vanityset/vanityset_head.skin 0x000002013EBBC9F0
<23:37:49> remapped bone indices with refcount '4294967288' still around for 'objects/zhg_objects/characters/sets/safetyset/safetyset_head.skin 0x000002013EBBD670
<23:37:49> remapped bone indices with refcount '4294967288' still around for 'objects/zhg_objects/characters/sets/safetyset/safetyset_head.skin 0x000002013EBBD030
<23:37:49> remapped bone indices with refcount '4294967288' still around for 'objects/zhg_objects/characters/sets/safetyset/safetyset_head.skin 0x000002013EBBCD10
<23:37:49> remapped bone indices with refcount '4294967279' still around for 'objects/zhg_objects/characters/sets/rebellionset/rebellionset_torso.skin 0x000002013EBBC090
<23:37:49> remapped bone indices with refcount '4294967279' still around for 'objects/zhg_objects/characters/sets/rebellionset/rebellionset_torso.skin 0x000002013EBBD350
<23:37:49> remapped bone indices with refcount '4294967279' still around for 'objects/zhg_objects/characters/sets/rebellionset/rebellionset_torso.skin 0x000002013EAD3020
<23:37:49> remapped bone indices with refcount '4294967288' still around for 'objects/zhg_objects/characters/sets/rebellionset/rebellionset_pants.skin 0x000002013EAD29E0
<23:37:49> remapped bone indices with refcount '4294967288' still around for 'objects/zhg_objects/characters/sets/rebellionset/rebellionset_pants.skin 0x000002013EAD26C0
<23:37:49> remapped bone indices with refcount '4294967288' still around for 'objects/zhg_objects/characters/sets/rebellionset/rebellionset_pants.skin 0x000002013EAD3340
<23:37:49> remapped bone indices with refcount '4294967288' still around for 'objects/zhg_objects/characters/sets/rebellionset/rebellionset_head.skin 0x000002013EAD3980
<23:37:49> remapped bone indices with refcount '4294967288' still around for 'objects/zhg_objects/characters/sets/rebellionset/rebellionset_head.skin 0x000002013EAD3660
<23:37:49> remapped bone indices with refcount '4294967288' still around for 'objects/zhg_objects/characters/sets/rebellionset/rebellionset_head.skin 0x000002013EAD23A0
<23:37:49> remapped bone indices with refcount '4294967288' still around for 'objects/zhg_objects/characters/sets/rebellionset/rebelliomset_hands.skin 0x000002013EAD3CA0
<23:37:49> remapped bone indices with refcount '4294967288' still around for 'objects/zhg_objects/characters/sets/rebellionset/rebelliomset_hands.skin 0x000002013EAD2080
<23:37:49> remapped bone indices with refcount '4294967288' still around for 'objects/zhg_objects/characters/sets/rebellionset/rebelliomset_hands.skin 0x000002013E7356C0
<23:37:49> remapped bone indices with refcount '4294967288' still around for 'objects/zhg_objects/characters/sets/rebellionset/rebelliomset_hands.skin 0x000002013E736340
<23:37:49> remapped bone indices with refcount '4294967288' still around for 'objects/zhg_objects/characters/sets/loverset/loverset_torso.skin 0x000002013E736980
<23:37:49> remapped bone indices with refcount '4294967288' still around for 'objects/zhg_objects/characters/sets/loverset/loverset_torso.skin 0x000002013E735D00
<23:37:49> remapped bone indices with refcount '4294967288' still around for 'objects/zhg_objects/characters/sets/loverset/loverset_torso.skin 0x000002013E7359E0
<23:37:49> remapped bone indices with refcount '4294967288' still around for 'objects/zhg_objects/characters/sets/loverset/loverset_head.skin 0x000002013E736CA0
<23:37:49> remapped bone indices with refcount '4294967288' still around for 'objects/zhg_objects/characters/sets/loverset/loverset_head.skin 0x000002013E735080
<23:37:49> remapped bone indices with refcount '4294967288' still around for 'objects/zhg_objects/characters/sets/loverset/loverset_head.skin 0x000002013E7353A0
<23:37:49> remapped bone indices with refcount '4294967288' still around for 'objects/zhg_objects/characters/sets/leaderset/leaderset_torso.skin 0x000002013E736660
<23:37:49> remapped bone indices with refcount '4294967288' still around for 'objects/zhg_objects/characters/sets/leaderset/leaderset_torso.skin 0x000002013E736020
<23:37:49> remapped bone indices with refcount '4294967288' still around for 'objects/zhg_objects/characters/sets/leaderset/leaderset_torso.skin 0x000002013EACFFB0
<23:37:49> remapped bone indices with refcount '4294967288' still around for 'objects/zhg_objects/characters/sets/leaderset/leaderset_pants.skin 0x000002013EAD18B0
<23:37:49> remapped bone indices with refcount '4294967288' still around for 'objects/zhg_objects/characters/sets/leaderset/leaderset_pants.skin 0x000002013EACFC90
<23:37:49> remapped bone indices with refcount '4294967288' still around for 'objects/zhg_objects/characters/sets/leaderset/leaderset_pants.skin 0x000002013EACE070
<23:37:49> remapped bone indices with refcount '4294967288' still around for 'objects/zhg_objects/characters/sets/leaderset/leaderset_head.skin 0x000002013EAD1270
<23:37:49> remapped bone indices with refcount '4294967288' still around for 'objects/zhg_objects/characters/sets/leaderset/leaderset_head.skin 0x000002013EACF970
<23:37:49> remapped bone indices with refcount '4294967288' still around for 'objects/zhg_objects/characters/sets/leaderset/leaderset_head.skin 0x000002013EAD1BD0
<23:37:49> remapped bone indices with refcount '4294967288' still around for 'objects/zhg_objects/characters/sets/hopefullset/hopefullset_torso.skin 0x000002013EACE6B0
<23:37:49> remapped bone indices with refcount '4294967288' still around for 'objects/zhg_objects/characters/sets/hopefullset/hopefullset_torso.skin 0x000002013EACECF0
<23:37:49> remapped bone indices with refcount '4294967288' still around for 'objects/zhg_objects/characters/sets/hopefullset/hopefullset_torso.skin 0x000002013EACE390
<23:37:49> remapped bone indices with refcount '4294967288' still around for 'objects/zhg_objects/characters/sets/hopefullset/hopefullset_pants.skin 0x000002013EACF650
<23:37:49> remapped bone indices with refcount '4294967288' still around for 'objects/zhg_objects/characters/sets/hopefullset/hopefullset_pants.skin 0x000002013EAD0F50
<23:37:49> remapped bone indices with refcount '4294967288' still around for 'objects/zhg_objects/characters/sets/hopefullset/hopefullset_pants.skin 0x000002013EAD1590
<23:37:49> remapped bone indices with refcount '4294967288' still around for 'objects/zhg_objects/characters/sets/hopefullset/hopefullset_head.skin 0x000002013EAD0C30
<23:37:49> remapped bone indices with refcount '4294967288' still around for 'objects/zhg_objects/characters/sets/hopefullset/hopefullset_head.skin 0x000002013EACE9D0
<23:37:49> remapped bone indices with refcount '4294967288' still around for 'objects/zhg_objects/characters/sets/hopefullset/hopefullset_head.skin 0x000002013EAD02D0
<23:37:49> remapped bone indices with refcount '4294967288' still around for 'objects/zhg_objects/characters/sets/doubtset/doubtset_head.skin 0x000002013EAD0910
<23:38:34> CreateDatagramSocket c1
<23:38:37> Game rules class: InstantAction
<23:38:37> ============================ PrepareLevel Multiplayer/Purgatorium_Esc_Cw ============================
<23:38:37> Initializing default materials...
<23:38:42> [MFX] Loading FXLib 'breakables' ...
<23:38:42> [MFX] Loading FXLib 'collisions' ...
<23:38:42> [MFX] Loading FXLib 'foley' ...
<23:38:42> [MFX] Loading FXLib 'foley_grunt' ...
<23:38:42> [MFX] Loading FXLib 'foley_player' ...
<23:38:42> [MFX] Loading FXLib 'footstep_grunt' ...
<23:38:42> [MFX] Loading FXLib 'footstep_player' ...
<23:38:42> [MFX] Loading FXLib 'footsteps' ...
<23:38:42> [MFX] Loading FXLib 'grenade' ...
<23:38:42> [MFX] Loading FXLib 'melee' ...
<23:38:42> [MFX] Loading FXLib 'player_fx' ...
<23:38:42> [MFX] Loading FXLib 'projectiles' ...
<23:38:42> [MFX] Loading FXLib 'tornado' ...
<23:38:42> [MFX] Loading FXLib 'vegetation' ...
<23:38:42> [MFX] Loading FXLib 'vehicles' ...
<23:39:00> CryAnimation: character-definition not found: objects/characters/human/sdk_player/sdk_player.cdf
<23:39:00> CryAnimation: character-definition not found: objects/characters/human/sdk_player/sdk_player.cdf
<23:39:00> CryAnimation: character-definition not found: objects/characters/human/sdk_player/sdk_player.cdf
<23:39:00> CryAnimation: character-definition not found: objects/characters/human/sdk_player/sdk_player.cdf
<23:39:00> CryAnimation: character-definition not found: objects/characters/human/sdk_player/sdk_player.cdf
<23:39:00> CryAnimation: character-definition not found: objects/characters/human/sdk_player/sdk_player.cdf
<23:39:00> CryAnimation: character-definition not found: objects/characters/human/sdk_player/sdk_player.cdf
<23:39:00> CryAnimation: character-definition not found: objects/characters/human/sdk_player/sdk_player.cdf
<23:39:00> CryAnimation: character-definition not found: objects/characters/human/sdk_player/sdk_player.cdf
<23:39:00> CryAnimation: character-definition not found: objects/characters/human/sdk_player/sdk_player.cdf
<23:39:00> CryAnimation: character-definition not found: objects/characters/human/sdk_player/sdk_player.cdf
<23:39:00> CryAnimation: character-definition not found: objects/characters/human/sdk_player/sdk_player.cdf
<23:39:00> CryAnimation: character-definition not found: objects/characters/human/sdk_player/sdk_player.cdf
<23:39:00> CryAnimation: character-definition not found: objects/characters/human/sdk_player/sdk_player.cdf
<23:39:00> CryAnimation: character-definition not found: objects/characters/human/sdk_player/sdk_player.cdf
<23:39:01> CryAnimation: character-definition not found: objects/characters/human/sdk_player/sdk_player.cdf
<23:39:01> CryAnimation: character-definition not found: objects/characters/human/sdk_player/sdk_player.cdf
<23:39:01> CryAnimation: character-definition not found: objects/characters/human/sdk_player/sdk_player.cdf
<23:39:02> CryAnimation: character-definition not found: objects/characters/human/sdk_player/sdk_player.cdf
<23:39:02> CryAnimation: character-definition not found: objects/characters/human/sdk_player/sdk_player.cdf
<23:39:02> CryAnimation: character-definition not found: objects/characters/human/sdk_player/sdk_player.cdf
<23:39:05> CryAnimation: character-definition not found: objects/characters/human/sdk_player/sdk_player.cdf
<23:39:05> CryAnimation: character-definition not found: objects/characters/human/sdk_player/sdk_player.cdf
<23:39:05> CryAnimation: character-definition not found: objects/characters/human/sdk_player/sdk_player.cdf
<23:39:06> CryAnimation: character-definition not found: objects/characters/human/sdk_player/sdk_player.cdf
<23:39:06> CryAnimation: character-definition not found: objects/characters/human/sdk_player/sdk_player.cdf
<23:39:06> CryAnimation: character-definition not found: objects/characters/human/sdk_player/sdk_player.cdf
<23:39:08> PLAYERNAME Kornflakes
<23:39:09> CryAnimation: character-definition not found: objects/characters/man.cdf
<23:39:09> CryAnimation: character-definition not found: objects/characters/human/sdk_player/sdk_player.cdf
<23:39:09> CryAnimation: character-definition not found: objects/characters/human/sdk_player/sdk_player.cdf
<23:39:09> CryAnimation: character-definition not found: objects/characters/human/sdk_player/sdk_player.cdf
<23:39:15> ed_prerec_msg 
<23:39:20> st_used_prerec_msg 
<23:39:22> CryAnimation: character-definition not found: objects/characters/human/sdk_player/sdk_player.cdf
<23:39:22> CryAnimation: character-definition not found: objects/characters/human/sdk_player/sdk_player.cdf
<23:39:22> CryAnimation: character-definition not found: objects/characters/human/sdk_player/sdk_player.cdf
<23:39:25> CryAnimation: character-definition not found: objects/characters/human/sdk_player/sdk_player.cdf
<23:39:25> CryAnimation: character-definition not found: objects/characters/human/sdk_player/sdk_player.cdf
<23:39:25> CryAnimation: character-definition not found: objects/characters/human/sdk_player/sdk_player.cdf
<23:39:25> _used_prerec_msg 
<23:39:42> CGameClientChannel::Release
<23:39:42> gEnv->pRenderer->Draw2dImage XXX
<23:39:44> BaseInput - Shutting down all force feedback
<23:39:44> ActionGame - Shutting down all force feedback
<23:39:44> CNetSyncSystem::~CNetSyncSystem & Crush?! packets_temp_bf(temp packet data buffs)
<23:39:44> remapped bone indices with refcount '4294967292' still around for 'zombiemodelnew/conserve_fp_nonmm.skin 0x00000201B5F5E990
<23:39:44> remapped bone indices with refcount '4294967291' still around for 'objects/zhg_objects/characters/conserve/conserve_head.skin 0x00000201B5F61230
<23:39:44> remapped bone indices with refcount '4294967294' still around for 'objects/characters/human/dude/source/pin_hands_sk.skin 0x0000020145795A40
<23:39:44> remapped bone indices with refcount '4294967294' still around for 'pants.skin 0x0000020145797340
<23:39:44> remapped bone indices with refcount '4294967294' still around for 'torso.skin 0x00000201457963A0
<23:39:44> remapped bone indices with refcount '4294967294' still around for 'objects/zhg_objects/characters/sets/vanityset/vanityset_torso.skin 0x00000201B5F61B90
<23:39:44> remapped bone indices with refcount '4294967294' still around for 'objects/zhg_objects/characters/sets/vanityset/vanityset_torso.skin 0x00000201B5F5FF70
<23:39:44> remapped bone indices with refcount '4294967294' still around for 'objects/zhg_objects/characters/sets/vanityset/vanityset_torso.skin 0x00000201B5F5F930
<23:39:44> remapped bone indices with refcount '4294967294' still around for 'objects/zhg_objects/characters/sets/vanityset/vanityset_pants.skin 0x00000201B5F62B30
<23:39:44> remapped bone indices with refcount '4294967294' still around for 'objects/zhg_objects/characters/sets/vanityset/vanityset_pants.skin 0x00000201B5F5E030
<23:39:44> remapped bone indices with refcount '4294967294' still around for 'objects/zhg_objects/characters/sets/vanityset/vanityset_pants.skin 0x00000201B5F60BF0
<23:39:44> remapped bone indices with refcount '4294967294' still around for 'objects/zhg_objects/characters/sets/vanityset/vanityset_head.skin 0x00000201B5F62810
<23:39:44> remapped bone indices with refcount '4294967294' still around for 'objects/zhg_objects/characters/sets/vanityset/vanityset_head.skin 0x00000201B5F624F0
<23:39:44> remapped bone indices with refcount '4294967294' still around for 'objects/zhg_objects/characters/sets/vanityset/vanityset_head.skin 0x00000201B5F621D0
<23:39:44> remapped bone indices with refcount '4294967294' still around for 'objects/zhg_objects/characters/sets/safetyset/safetyset_head.skin 0x00000201B5F5D6D0
<23:39:44> remapped bone indices with refcount '4294967294' still around for 'objects/zhg_objects/characters/sets/safetyset/safetyset_head.skin 0x00000201B5F5C730
<23:39:44> remapped bone indices with refcount '4294967294' still around for 'objects/zhg_objects/characters/sets/safetyset/safetyset_head.skin 0x00000201B5F5B470
<23:39:44> remapped bone indices with refcount '4294967291' still around for 'objects/zhg_objects/characters/sets/rebellionset/rebellionset_torso.skin 0x00000201B5F5B150
<23:39:44> remapped bone indices with refcount '4294967291' still around for 'objects/zhg_objects/characters/sets/rebellionset/rebellionset_torso.skin 0x00000201B5F5CA50
<23:39:44> remapped bone indices with refcount '4294967291' still around for 'objects/zhg_objects/characters/sets/rebellionset/rebellionset_torso.skin 0x00000201B5F5AE30
<23:39:44> remapped bone indices with refcount '4294967294' still around for 'objects/zhg_objects/characters/sets/rebellionset/rebellionset_pants.skin 0x00000201B5F5AB10
<23:39:44> remapped bone indices with refcount '4294967294' still around for 'objects/zhg_objects/characters/sets/rebellionset/rebellionset_pants.skin 0x00000201B5F5C410
<23:39:44> remapped bone indices with refcount '4294967294' still around for 'objects/zhg_objects/characters/sets/rebellionset/rebellionset_pants.skin 0x00000201B5F5A7F0
<23:39:44> remapped bone indices with refcount '4294967294' still around for 'objects/zhg_objects/characters/sets/rebellionset/rebellionset_head.skin 0x00000201B5F5CD70
<23:39:44> remapped bone indices with refcount '4294967294' still around for 'objects/zhg_objects/characters/sets/rebellionset/rebellionset_head.skin 0x00000201B5F5C0F0
<23:39:44> remapped bone indices with refcount '4294967294' still around for 'objects/zhg_objects/characters/sets/rebellionset/rebellionset_head.skin 0x00000201B5F5A1B0
<23:39:44> remapped bone indices with refcount '4294967294' still around for 'objects/zhg_objects/characters/sets/rebellionset/rebelliomset_hands.skin 0x00000201B5F59B70
<23:39:44> remapped bone indices with refcount '4294967294' still around for 'objects/zhg_objects/characters/sets/rebellionset/rebelliomset_hands.skin 0x00000201B5F5BDD0
<23:39:44> remapped bone indices with refcount '4294967294' still around for 'objects/zhg_objects/characters/sets/rebellionset/rebelliomset_hands.skin 0x00000201B5F540D0
<23:39:44> remapped bone indices with refcount '4294967294' still around for 'objects/zhg_objects/characters/sets/rebellionset/rebelliomset_hands.skin 0x00000201B5F59850
<23:39:44> remapped bone indices with refcount '4294967294' still around for 'objects/zhg_objects/characters/sets/loverset/loverset_torso.skin 0x00000201B5F57910
<23:39:44> remapped bone indices with refcount '4294967294' still around for 'objects/zhg_objects/characters/sets/loverset/loverset_torso.skin 0x00000201B5F5A4D0
<23:39:44> remapped bone indices with refcount '4294967294' still around for 'objects/zhg_objects/characters/sets/loverset/loverset_torso.skin 0x00000201B5F556B0
<23:39:44> remapped bone indices with refcount '4294967294' still around for 'objects/zhg_objects/characters/sets/loverset/loverset_head.skin 0x00000201B5F59530
<23:39:44> remapped bone indices with refcount '4294967294' still around for 'objects/zhg_objects/characters/sets/loverset/loverset_head.skin 0x00000201B5F55390
<23:39:44> remapped bone indices with refcount '4294967294' still around for 'objects/zhg_objects/characters/sets/loverset/loverset_head.skin 0x00000201B5F56970
<23:39:44> remapped bone indices with refcount '4294967294' still around for 'objects/zhg_objects/characters/sets/leaderset/leaderset_torso.skin 0x00000201B5F55070
<23:39:44> remapped bone indices with refcount '4294967294' still around for 'objects/zhg_objects/characters/sets/leaderset/leaderset_torso.skin 0x00000201B5F57C30
<23:39:44> remapped bone indices with refcount '4294967294' still around for 'objects/zhg_objects/characters/sets/leaderset/leaderset_torso.skin 0x00000201B5F59E90
<23:39:44> remapped bone indices with refcount '4294967294' still around for 'objects/zhg_objects/characters/sets/leaderset/leaderset_pants.skin 0x00000201B5F5BAB0
<23:39:44> remapped bone indices with refcount '4294967294' still around for 'objects/zhg_objects/characters/sets/leaderset/leaderset_pants.skin 0x00000201B5F59210
<23:39:44> remapped bone indices with refcount '4294967294' still around for 'objects/zhg_objects/characters/sets/leaderset/leaderset_pants.skin 0x00000201B5F58EF0
<23:39:44> remapped bone indices with refcount '4294967294' still around for 'objects/zhg_objects/characters/sets/leaderset/leaderset_head.skin 0x00000201B5F58BD0
<23:39:44> remapped bone indices with refcount '4294967294' still around for 'objects/zhg_objects/characters/sets/leaderset/leaderset_head.skin 0x00000201B5F5B790
<23:39:44> remapped bone indices with refcount '4294967294' still around for 'objects/zhg_objects/characters/sets/leaderset/leaderset_head.skin 0x00000201B5F51510
<23:39:44> remapped bone indices with refcount '4294967294' still around for 'objects/zhg_objects/characters/sets/hopefullset/hopefullset_torso.skin 0x00000201B5F53DB0
<23:39:44> remapped bone indices with refcount '4294967294' still around for 'objects/zhg_objects/characters/sets/hopefullset/hopefullset_torso.skin 0x00000201B5F588B0
<23:39:44> remapped bone indices with refcount '4294967294' still around for 'objects/zhg_objects/characters/sets/hopefullset/hopefullset_torso.skin 0x00000201B5F53A90
<23:39:44> remapped bone indices with refcount '4294967294' still around for 'objects/zhg_objects/characters/sets/hopefullset/hopefullset_pants.skin 0x00000201B5F58270
<23:39:44> remapped bone indices with refcount '4294967294' still around for 'objects/zhg_objects/characters/sets/hopefullset/hopefullset_pants.skin 0x00000201B5F53770
<23:39:44> remapped bone indices with refcount '4294967294' still around for 'objects/zhg_objects/characters/sets/hopefullset/hopefullset_pants.skin 0x00000201B5F543F0
<23:39:44> remapped bone indices with refcount '4294967294' still around for 'objects/zhg_objects/characters/sets/hopefullset/hopefullset_head.skin 0x00000201B5F58590
<23:39:44> remapped bone indices with refcount '4294967294' still around for 'objects/zhg_objects/characters/sets/hopefullset/hopefullset_head.skin 0x00000201B5F50890
<23:39:44> remapped bone indices with refcount '4294967294' still around for 'objects/zhg_objects/characters/sets/hopefullset/hopefullset_head.skin 0x00000201B5F559D0
<23:39:44> remapped bone indices with refcount '4294967294' still around for 'objects/zhg_objects/characters/sets/doubtset/doubtset_head.skin 0x00000201B5F51B50
