BackupNameAttachment=" Build(0) 06 Jul 21 (16 26 53)"  -- used by backup system
Log Started at Tue Jul  6 16:26:53 2021
Built on Oct 13 2019 19:15:33
Running 64 bit Windows version
Command Line: "D:\Games\Steam\steamapps\common\Pandemic Express\Bin/win_x64/PandemicExpress.exe"
Executable: D:\Games\Steam\steamapps\common\Pandemic Express\Bin\win_x64\PandemicExpress.exe
FileVersion: 1.0.0.0
ProductVersion: 1.0.0.0
Added MOD directory <%engineroot%/engine> to CryPak

Total number of logical processors: 12
Number of available logical processors: 12
Total number of system cores: 6
Number of cores available to process: 6
 
Processor 0:
  CPU: AMD AMD Ryzen 5 3600 6-Core Processor              
  Family: 15, Model: 1, Stepping: 0
  FPU: On-Chip
  Features: FP16, SSE, SSE2, SSE3, SSE4.2, AVX, AVX2, FMA3
  Serial number not present or disabled
 
Processor 1:
  CPU: AMD AMD Ryzen 5 3600 6-Core Processor              
  Family: 15, Model: 1, Stepping: 0
  FPU: On-Chip
  Features: FP16, SSE, SSE2, SSE3, SSE4.2, AVX, AVX2, FMA3
  Serial number not present or disabled
 
Processor 2:
  CPU: AMD AMD Ryzen 5 3600 6-Core Processor              
  Family: 15, Model: 1, Stepping: 0
  FPU: On-Chip
  Features: FP16, SSE, SSE2, SSE3, SSE4.2, AVX, AVX2, FMA3
  Serial number not present or disabled
 
Processor 3:
  CPU: AMD AMD Ryzen 5 3600 6-Core Processor              
  Family: 15, Model: 1, Stepping: 0
  FPU: On-Chip
  Features: FP16, SSE, SSE2, SSE3, SSE4.2, AVX, AVX2, FMA3
  Serial number not present or disabled
 
Processor 4:
  CPU: AMD AMD Ryzen 5 3600 6-Core Processor              
  Family: 15, Model: 1, Stepping: 0
  FPU: On-Chip
  Features: FP16, SSE, SSE2, SSE3, SSE4.2, AVX, AVX2, FMA3
  Serial number not present or disabled
 
Processor 5:
  CPU: AMD AMD Ryzen 5 3600 6-Core Processor              
  Family: 15, Model: 1, Stepping: 0
  FPU: On-Chip
  Features: FP16, SSE, SSE2, SSE3, SSE4.2, AVX, AVX2, FMA3
  Serial number not present or disabled
 
<16:26:53> Loading Config file system.cfg (system.cfg)
<16:26:53> [Error] [CVARS]: [IGNORED CHANGE] variable [sys_version] from [] to [1.1.0.000.200116]; Marked as [VF_CHEAT]
<16:26:53> OnSysSpecChange(1)
<16:26:53> [Error] [CVARS]: [IGNORED CHANGE] variable [sys_asserts] from [0] to [0]; Marked as [VF_CHEAT]
<16:26:53> GameDir: DATA
<16:26:53> <ThreadConfigInfo>: Thread profile loaded: "pc_8" (config/engine_core.thread_config)  
<16:26:53> Windows 10 64 bit (build 10.0.19043)
<16:26:53> System language: English
<16:26:53> Windows Directory: "C:\Windows"
<16:26:53> Local time is 16:26:53 07/06/21, system running for 3156 minutes
<16:26:53> 16333MB physical memory installed, 8719MB available, 134217727MB virtual memory installed, 46 percent of memory in use
<16:26:53> PageFile usage: 75MB, Working Set: 88MB, Peak PageFile usage: 75MB,
<16:26:53> Current display mode is 2560x1440x32, (Unknown graphics card)
<16:26:53> IBM enhanced (101/102-key) keyboard and 16+ button mouse installed
<16:26:53> --------------------------------------------------------------------------------
<16:26:53> OnSysSpecChange(1)
<16:26:53> Loading Config file LowSpec.cfg (data\config\lowspec.cfg)
<16:26:53> [Error] [CVARS]: [MISSING] [mfx_Timeout] is not a registered console variable; referenced when testing console variable group [sys_spec_gameeffects] = [1]
<16:26:53> [Error] [CVARS]: [MISSING] [ca_AttachmentCullingRation] is not a registered console variable; referenced when testing console variable group [sys_spec_objectdetail] = [1]
<16:26:53> [Error] [CVARS]: [MISSING] [e_DecalsLifeTimeScale] is not a registered console variable; referenced when testing console variable group [sys_spec_objectdetail] = [1]
<16:26:53> [Error] [CVARS]: [MISSING] [e_LodRatio] is not a registered console variable; referenced when testing console variable group [sys_spec_objectdetail] = [1]
<16:26:53> [Error] [CVARS]: [MISSING] [e_MaxViewDistSpecLerp] is not a registered console variable; referenced when testing console variable group [sys_spec_objectdetail] = [1]
<16:26:53> [Error] [CVARS]: [MISSING] [e_MaxViewDistance] is not a registered console variable; referenced when testing console variable group [sys_spec_objectdetail] = [1]
<16:26:53> [Error] [CVARS]: [MISSING] [e_ObjQuality] is not a registered console variable; referenced when testing console variable group [sys_spec_objectdetail] = [1]
<16:26:53> [Error] [CVARS]: [MISSING] [e_TerrainOcclusionCullingMaxDist] is not a registered console variable; referenced when testing console variable group [sys_spec_objectdetail] = [1]
<16:26:53> [Error] [CVARS]: [MISSING] [e_VegetationMinSize] is not a registered console variable; referenced when testing console variable group [sys_spec_objectdetail] = [1]
<16:26:53> [Error] [CVARS]: [MISSING] [e_ViewDistRatio] is not a registered console variable; referenced when testing console variable group [sys_spec_objectdetail] = [1]
<16:26:53> [Error] [CVARS]: [MISSING] [e_ViewDistRatioCustom] is not a registered console variable; referenced when testing console variable group [sys_spec_objectdetail] = [1]
<16:26:53> [Error] [CVARS]: [MISSING] [e_ViewDistRatioDetail] is not a registered console variable; referenced when testing console variable group [sys_spec_objectdetail] = [1]
<16:26:53> [Error] [CVARS]: [MISSING] [e_ViewDistRatioLights] is not a registered console variable; referenced when testing console variable group [sys_spec_objectdetail] = [1]
<16:26:53> [Error] [CVARS]: [MISSING] [e_ViewDistRatioVegetation] is not a registered console variable; referenced when testing console variable group [sys_spec_objectdetail] = [1]
<16:26:53> [Error] [CVARS]: [MISSING] [es_DebrisLifetimeScale] is not a registered console variable; referenced when testing console variable group [sys_spec_objectdetail] = [1]
<16:26:53> [Error] [CVARS]: [MISSING] [e_DecalsOverlapping] is not a registered console variable; referenced when testing console variable group [sys_spec_objectdetail] = [1]
<16:26:53> [Error] [CVARS]: [MISSING] [e_LodMin] is not a registered console variable; referenced when testing console variable group [sys_spec_objectdetail] = [1]
<16:26:53> [Error] [CVARS]: [MISSING] [e_MergedMeshesInstanceDist] is not a registered console variable; referenced when testing console variable group [sys_spec_objectdetail] = [1]
<16:26:53> [Error] [CVARS]: [MISSING] [e_MergedMeshesPool] is not a registered console variable; referenced when testing console variable group [sys_spec_objectdetail] = [1]
<16:26:53> [Error] [CVARS]: [MISSING] [e_OcclusionCullingViewDistRatio] is not a registered console variable; referenced when testing console variable group [sys_spec_objectdetail] = [1]
<16:26:53> [Error] [CVARS]: [MISSING] [e_TerrainLodRatio] is not a registered console variable; referenced when testing console variable group [sys_spec_objectdetail] = [1]
<16:26:53> [Error] [CVARS]: [MISSING] [e_Tessellation] is not a registered console variable; referenced when testing console variable group [sys_spec_objectdetail] = [1]
<16:26:53> [Error] [CVARS]: [MISSING] [e_ViewDistMin] is not a registered console variable; referenced when testing console variable group [sys_spec_objectdetail] = [1]
<16:26:53> [Error] [CVARS]: [MISSING] [e_ParticlesMaxScreenFill] is not a registered console variable; referenced when testing console variable group [sys_spec_particles] = [1]
<16:26:53> [Error] [CVARS]: [MISSING] [e_ParticlesMinDrawPixels] is not a registered console variable; referenced when testing console variable group [sys_spec_particles] = [1]
<16:26:53> [Error] [CVARS]: [MISSING] [e_ParticlesObjectCollisions] is not a registered console variable; referenced when testing console variable group [sys_spec_particles] = [1]
<16:26:53> [Error] [CVARS]: [MISSING] [e_ParticlesQuality] is not a registered console variable; referenced when testing console variable group [sys_spec_particles] = [1]
<16:26:53> [Error] [CVARS]: [MISSING] [e_ParticlesMotionBlur] is not a registered console variable; referenced when testing console variable group [sys_spec_particles] = [1]
<16:26:53> [Error] [CVARS]: [MISSING] [e_CullVegActivation] is not a registered console variable; referenced when testing console variable group [sys_spec_physics] = [1]
<16:26:53> [Error] [CVARS]: [MISSING] [e_FoliageWindActivationDist] is not a registered console variable; referenced when testing console variable group [sys_spec_physics] = [1]
<16:26:53> [Error] [CVARS]: [MISSING] [e_PhysOceanCell] is not a registered console variable; referenced when testing console variable group [sys_spec_physics] = [1]
<16:26:53> [Error] [CVARS]: [MISSING] [es_MaxPhysDist] is not a registered console variable; referenced when testing console variable group [sys_spec_physics] = [1]
<16:26:53> [Error] [CVARS]: [MISSING] [es_MaxPhysDistInvisible] is not a registered console variable; referenced when testing console variable group [sys_spec_physics] = [1]
<16:26:53> [Error] [CVARS]: [MISSING] [g_breakage_particles_limit] is not a registered console variable; referenced when testing console variable group [sys_spec_physics] = [1]
<16:26:53> [Error] [CVARS]: [MISSING] [g_tree_cut_reuse_dist] is not a registered console variable; referenced when testing console variable group [sys_spec_physics] = [1]
<16:26:53> [Error] [CVARS]: [MISSING] [p_max_MC_iters] is not a registered console variable; referenced when testing console variable group [sys_spec_physics] = [1]
<16:26:53> [Error] [CVARS]: [MISSING] [p_max_substeps] is not a registered console variable; referenced when testing console variable group [sys_spec_physics] = [1]
<16:26:53> [Error] [CVARS]: [MISSING] [e_PhysProxyTriLimit] is not a registered console variable; referenced when testing console variable group [sys_spec_physics] = [1]
<16:26:53> [Error] [CVARS]: [MISSING] [p_max_object_splashes] is not a registered console variable; referenced when testing console variable group [sys_spec_physics] = [1]
<16:26:53> [Error] [CVARS]: [MISSING] [p_max_substeps_large_group] is not a registered console variable; referenced when testing console variable group [sys_spec_physics] = [1]
<16:26:53> [Error] [CVARS]: [MISSING] [p_num_bodies_large_group] is not a registered console variable; referenced when testing console variable group [sys_spec_physics] = [1]
<16:26:53> [Error] [CVARS]: [MISSING] [p_splash_dist0] is not a registered console variable; referenced when testing console variable group [sys_spec_physics] = [1]
<16:26:53> [Error] [CVARS]: [MISSING] [p_splash_dist1] is not a registered console variable; referenced when testing console variable group [sys_spec_physics] = [1]
<16:26:53> [Error] [CVARS]: [MISSING] [p_splash_force0] is not a registered console variable; referenced when testing console variable group [sys_spec_physics] = [1]
<16:26:53> [Error] [CVARS]: [MISSING] [p_splash_force1] is not a registered console variable; referenced when testing console variable group [sys_spec_physics] = [1]
<16:26:53> [Error] [CVARS]: [MISSING] [p_splash_vel0] is not a registered console variable; referenced when testing console variable group [sys_spec_physics] = [1]
<16:26:53> [Error] [CVARS]: [MISSING] [p_splash_vel1] is not a registered console variable; referenced when testing console variable group [sys_spec_physics] = [1]
<16:26:53> [Error] [CVARS]: [MISSING] [e_DynamicLightsMaxEntityLights] is not a registered console variable; referenced when testing console variable group [sys_spec_shading] = [1]
<16:26:53> [Error] [CVARS]: [MISSING] [e_SkyUpdateRate] is not a registered console variable; referenced when testing console variable group [sys_spec_shading] = [1]
<16:26:53> [Error] [CVARS]: [MISSING] [e_svoTI_Apply] is not a registered console variable; referenced when testing console variable group [sys_spec_shading] = [1]
<16:26:53> [Error] [CVARS]: [MISSING] [e_svoTI_RsmConeMaxLength] is not a registered console variable; referenced when testing console variable group [sys_spec_shading] = [1]
<16:26:53> [Error] [CVARS]: [MISSING] [e_svoTI_RsmUseColors] is not a registered console variable; referenced when testing console variable group [sys_spec_shading] = [1]
<16:26:53> [Error] [CVARS]: [MISSING] [e_svoTi_Active] is not a registered console variable; referenced when testing console variable group [sys_spec_shading] = [1]
<16:26:53> [Error] [CVARS]: [MISSING] [e_svoti_LowSpecMode] is not a registered console variable; referenced when testing console variable group [sys_spec_shading] = [1]
<16:26:53> [Error] [CVARS]: [MISSING] [e_LightVolumes] is not a registered console variable; referenced when testing console variable group [sys_spec_shading] = [1]
<16:26:53> [Error] [CVARS]: [MISSING] [e_VegetationUseTerrainColor] is not a registered console variable; referenced when testing console variable group [sys_spec_shading] = [1]
<16:26:53> [Error] [CVARS]: [MISSING] [e_GsmLodsNum] is not a registered console variable; referenced when testing console variable group [sys_spec_shadows] = [1]
<16:26:53> [Error] [CVARS]: [MISSING] [e_GsmRange] is not a registered console variable; referenced when testing console variable group [sys_spec_shadows] = [1]
<16:26:53> [Error] [CVARS]: [MISSING] [e_ObjShadowCastSpec] is not a registered console variable; referenced when testing console variable group [sys_spec_shadows] = [1]
<16:26:53> [Error] [CVARS]: [MISSING] [e_ParticlesShadows] is not a registered console variable; referenced when testing console variable group [sys_spec_shadows] = [1]
<16:26:53> [Error] [CVARS]: [MISSING] [e_Shadows] is not a registered console variable; referenced when testing console variable group [sys_spec_shadows] = [1]
<16:26:53> [Error] [CVARS]: [MISSING] [e_ShadowsBlendCascades] is not a registered console variable; referenced when testing console variable group [sys_spec_shadows] = [1]
<16:26:53> [Error] [CVARS]: [MISSING] [e_ShadowsCastViewDistRatio] is not a registered console variable; referenced when testing console variable group [sys_spec_shadows] = [1]
<16:26:53> [Error] [CVARS]: [MISSING] [e_ShadowsLodBiasFixed] is not a registered console variable; referenced when testing console variable group [sys_spec_shadows] = [1]
<16:26:53> [Error] [CVARS]: [MISSING] [e_ShadowsMaxTexRes] is not a registered console variable; referenced when testing console variable group [sys_spec_shadows] = [1]
<16:26:53> [Error] [CVARS]: [MISSING] [e_ShadowsPoolSize] is not a registered console variable; referenced when testing console variable group [sys_spec_shadows] = [1]
<16:26:53> [Error] [CVARS]: [MISSING] [e_ShadowsResScale] is not a registered console variable; referenced when testing console variable group [sys_spec_shadows] = [1]
<16:26:53> [Error] [CVARS]: [MISSING] [e_ShadowsTessellateCascades] is not a registered console variable; referenced when testing console variable group [sys_spec_shadows] = [1]
<16:26:53> [Error] [CVARS]: [MISSING] [e_ShadowsTessellateDLights] is not a registered console variable; referenced when testing console variable group [sys_spec_shadows] = [1]
<16:26:53> [Error] [CVARS]: [MISSING] [e_ShadowsUpdateViewDistRatio] is not a registered console variable; referenced when testing console variable group [sys_spec_shadows] = [1]
<16:26:53> [Error] [CVARS]: [MISSING] [e_VolumetricFog] is not a registered console variable; referenced when testing console variable group [sys_spec_volumetriceffects] = [1]
<16:26:53> [Error] [CVARS]: [MISSING] [e_fog] is not a registered console variable; referenced when testing console variable group [sys_spec_volumetriceffects] = [1]
<16:26:53> [Error] [CVARS]: [MISSING] [e_Clouds] is not a registered console variable; referenced when testing console variable group [sys_spec_volumetriceffects] = [1]
<16:26:53> [Error] [CVARS]: [MISSING] [e_WaterOceanFFT] is not a registered console variable; referenced when testing console variable group [sys_spec_water] = [1]
<16:26:53> [Error] [CVARS]: [MISSING] [e_WaterTessellationAmount] is not a registered console variable; referenced when testing console variable group [sys_spec_water] = [1]
<16:26:53> [Error] [CVARS]: [MISSING] [e_WaterTessellationAmountX] is not a registered console variable; referenced when testing console variable group [sys_spec_water] = [1]
<16:26:53> [Error] [CVARS]: [MISSING] [e_WaterTessellationAmountY] is not a registered console variable; referenced when testing console variable group [sys_spec_water] = [1]
<16:26:53> [Error] [CVARS]: [MISSING] [e_WaterTessellationSwathWidth] is not a registered console variable; referenced when testing console variable group [sys_spec_water] = [1]
<16:26:53> Loading Config file game.cfg (data\game.cfg)
<16:26:53> [Warning] [CVARS]: [CHANGED] variable [sys_asserts] from [0] to [0]; Marked as [VF_CHEAT]
<16:26:53> [Warning] Modifying marked variables will not be allowed in Release mode!
<16:26:53> Stream Engine Initialization
<16:26:53> GameName: Pandemic Express
<16:26:53> BuildTime: Oct 13 2019 19:15:33
<16:26:53> Physics initialization
<16:26:53> Localized language content(english) not available or modified from the original installation.
<16:26:53> Localized language content(english) not available or modified from the original installation.
<16:26:53> Localized language content(english) not available or modified from the original installation.
<16:26:53> <Audio>: AudioSystem initialization
<16:26:53> <Audio> <0.110>: CryAudioImplWwise loaded
<16:26:54> Renderer initialization
<16:26:54> Logging video adapters:
<16:26:54> - NVIDIA GeForce RTX 3070 (vendor = 0x10de, device = 0x2484)
<16:26:54>   - Adapter index: 0
<16:26:54>   - Dedicated video memory: 8043 MB
<16:26:54>   - Feature level: DX11 (SM 5.0)
<16:26:54>   - Displays connected: yes
<16:26:54>   - Suitable rendering device: yes
<16:26:54> - Microsoft Basic Render Driver (vendor = 0x1414, device = 0x008c)
<16:26:54>   - Adapter index: 1
<16:26:54>   - Dedicated video memory: 0 MB
<16:26:54>   - Feature level: DX11 (SM 5.0)
<16:26:54>   - Displays connected: no
<16:26:54>   - Suitable rendering device: no
<16:26:54> Active GPUs: 1
<16:26:54> [Renderer] A display device has been connected to the system
<16:26:54> Loading plugin CryDefaultEntities
<16:26:54> Loading plugin CrySchematycCore
<16:26:54> DLL Failed to load, error code: 7E
<16:26:54> Loading plugin CrySchematycSTDEnv
<16:26:54> DLL Failed to load, error code: 7E
<16:26:54> Loading plugin CrySensorSystem
<16:26:54> DLL Failed to load, error code: 7E
<16:26:54> Loading extension file cryplugin.csv
<16:26:54> Loading plugin ProcAnRandGenerator.dll
<16:26:54> Loading plugin PlayFab.dll
<16:26:54> Loading plugin CEVPlayer.dll
<16:26:55> Font initialization
<16:26:55> Using FreeType 2.5.5
<16:26:56> Network initialization
<16:26:56> [net] Socket IO management: External [iocp], Internal [iocp]
<16:26:56> network hostname: DESKTOP-GKEDPQ6
<16:26:56>   ip:26.90.194.210
<16:26:56>   ip:192.168.20.21
<16:26:56> [Network Version]: PROFILE DEVELOPMENT BUILD
<16:26:56> MovieSystem initialization
<16:26:56> Console initialization
<16:26:56> Time initialization
<16:26:56> Input initialization
<16:26:56> AI initialization
<16:26:56>  
<16:26:56>     con_debug = 0 []
<16:26:56>     con_display_last_messages = 0 []
<16:26:56>     con_line_buffer_size = 1000 []
<16:26:56>     con_restricted = 0 [RESTRICTEDMODE]
<16:26:56>     con_showonload = 0 []
<16:26:56>  
<16:26:56>     con_debug = 0 []
<16:26:56>     con_display_last_messages = 0 []
<16:26:56>     con_line_buffer_size = 1000 []
<16:26:56>     con_restricted = 0 [RESTRICTEDMODE]
<16:26:56>     con_showonload = 0 []
<16:26:56>  
<16:26:56>     con_debug = 0 []
<16:26:56>  
<16:26:56>     con_debug = 0 []
<16:26:56> Initializing Animation System
<16:26:56> Initializing 3D Engine
<16:26:56> Script System Initialization
<16:26:56> Entity system initialization
<16:26:56> Initializing AI System
<16:26:56> Initializing additional systems
<16:26:56> Dynamic Response System initialization
<16:26:56> DLL Failed to load, error code: 7E
<16:26:56> No Dynamic Response System was loaded from a module, will use the NULL implementation.
<16:26:56> [Steam] Steam API initialized successfully
<16:26:57> <ThreadConfigInfo>: [XML Parsing] Thread with name "Main" already loaded. Overriding with new configuration
<16:26:57> <ThreadConfigInfo>: [XML Parsing] Thread with name "Network" already loaded. Overriding with new configuration
<16:26:57> <ThreadConfigInfo>: [XML Parsing] Thread with name "NetworkStallTicker" already loaded. Overriding with new configuration
<16:26:57> <ThreadConfigInfo>: [XML Parsing] Thread with name "ZLibCompressor" already loaded. Overriding with new configuration
<16:26:57> <ThreadConfigInfo>: [XML Parsing] Thread with name "NetworkStallTicker" already loaded. Overriding with new configuration
<16:26:57> <ThreadConfigInfo>: [XML Parsing] Thread with name "ZLibCompressor" already loaded. Overriding with new configuration
<16:26:57> <ThreadConfigInfo>: [XML Parsing] Thread with name "TelemetryCopier" already loaded. Overriding with new configuration
<16:26:57> <ThreadConfigInfo>: [XML Parsing] Thread with name "StatsAgent" already loaded. Overriding with new configuration
<16:26:57> <ThreadConfigInfo>: Thread profile loaded: "pc_8" (config/game.thread_config)  
<16:26:57> Initializing default materials...
<16:27:03> [MFX] Loading FXLib 'breakables' ...
<16:27:03> [MFX] Loading FXLib 'collisions' ...
<16:27:03> [MFX] Loading FXLib 'foley' ...
<16:27:03> [MFX] Loading FXLib 'foley_grunt' ...
<16:27:03> [MFX] Loading FXLib 'foley_player' ...
<16:27:03> [MFX] Loading FXLib 'footstep_grunt' ...
<16:27:03> [MFX] Loading FXLib 'footstep_player' ...
<16:27:03> [MFX] Loading FXLib 'footsteps' ...
<16:27:03> [MFX] Loading FXLib 'grenade' ...
<16:27:03> [MFX] Loading FXLib 'melee' ...
<16:27:03> [MFX] Loading FXLib 'player_fx' ...
<16:27:03> [MFX] Loading FXLib 'projectiles' ...
<16:27:03> [MFX] Loading FXLib 'tornado' ...
<16:27:03> [MFX] Loading FXLib 'vegetation' ...
<16:27:03> [MFX] Loading FXLib 'vehicles' ...
<16:27:03> [MFX] Loading FXLib 'breakables' ...
<16:27:03> [MFX] Loading FXLib 'collisions' ...
<16:27:03> [MFX] Loading FXLib 'foley' ...
<16:27:03> [MFX] Loading FXLib 'foley_grunt' ...
<16:27:03> [MFX] Loading FXLib 'foley_player' ...
<16:27:03> [MFX] Loading FXLib 'footstep_grunt' ...
<16:27:03> [MFX] Loading FXLib 'footstep_player' ...
<16:27:03> [MFX] Loading FXLib 'footsteps' ...
<16:27:03> [MFX] Loading FXLib 'grenade' ...
<16:27:03> [MFX] Loading FXLib 'melee' ...
<16:27:03> [MFX] Loading FXLib 'player_fx' ...
<16:27:03> [MFX] Loading FXLib 'projectiles' ...
<16:27:03> [MFX] Loading FXLib 'tornado' ...
<16:27:03> [MFX] Loading FXLib 'vegetation' ...
<16:27:03> [MFX] Loading FXLib 'vehicles' ...
<16:27:03> Creating socket on port 2838
<16:27:03> CreateDatagramSocket c1
<16:27:03> CreateDatagramSocket c2
<16:27:32> CreateDatagramSocket c1
<16:27:34> Game rules class: InstantAction
<16:27:34> ============================ PrepareLevel Multiplayer/Purgatorium_Esc ============================
<16:27:58> CryAnimation: character-definition not found: objects/characters/human/sdk_player/sdk_player.cdf
<16:27:58> CryAnimation: character-definition not found: objects/characters/human/sdk_player/sdk_player.cdf
<16:27:58> CryAnimation: character-definition not found: objects/characters/human/sdk_player/sdk_player.cdf
<16:27:58> CryAnimation: character-definition not found: objects/characters/human/sdk_player/sdk_player.cdf
<16:27:58> CryAnimation: character-definition not found: objects/characters/human/sdk_player/sdk_player.cdf
<16:27:58> CryAnimation: character-definition not found: objects/characters/human/sdk_player/sdk_player.cdf
<16:27:58> CryAnimation: character-definition not found: objects/characters/human/sdk_player/sdk_player.cdf
<16:27:58> CryAnimation: character-definition not found: objects/characters/human/sdk_player/sdk_player.cdf
<16:27:58> CryAnimation: character-definition not found: objects/characters/human/sdk_player/sdk_player.cdf
<16:28:02> CryAnimation: character-definition not found: objects/characters/human/sdk_player/sdk_player.cdf
<16:28:02> CryAnimation: character-definition not found: objects/characters/human/sdk_player/sdk_player.cdf
<16:28:02> CryAnimation: character-definition not found: objects/characters/human/sdk_player/sdk_player.cdf
<16:28:03> CryAnimation: character-definition not found: objects/characters/human/sdk_player/sdk_player.cdf
<16:28:03> CryAnimation: character-definition not found: objects/characters/human/sdk_player/sdk_player.cdf
<16:28:03> CryAnimation: character-definition not found: objects/characters/human/sdk_player/sdk_player.cdf
<16:28:04> PLAYERNAME Kornflakes
<16:28:04> CryAnimation: character-definition not found: objects/characters/man.cdf
<16:28:05> CryAnimation: character-definition not found: objects/characters/human/sdk_player/sdk_player.cdf
<16:28:05> CryAnimation: character-definition not found: objects/characters/human/sdk_player/sdk_player.cdf
<16:28:05> CryAnimation: character-definition not found: objects/characters/human/sdk_player/sdk_player.cdf
<16:28:08> CryAnimation: character-definition not found: objects/characters/human/sdk_player/sdk_player.cdf
<16:28:08> CryAnimation: character-definition not found: objects/characters/human/sdk_player/sdk_player.cdf
<16:28:08> CryAnimation: character-definition not found: objects/characters/human/sdk_player/sdk_player.cdf
<16:28:14> CryAnimation: character-definition not found: objects/characters/human/sdk_player/sdk_player.cdf
<16:28:14> CryAnimation: character-definition not found: objects/characters/human/sdk_player/sdk_player.cdf
<16:28:14> CryAnimation: character-definition not found: objects/characters/human/sdk_player/sdk_player.cdf
<16:28:21> CryAnimation: character-definition not found: objects/characters/human/sdk_player/sdk_player.cdf
<16:28:21> CryAnimation: character-definition not found: objects/characters/human/sdk_player/sdk_player.cdf
<16:28:21> CryAnimation: character-definition not found: objects/characters/human/sdk_player/sdk_player.cdf
<16:29:05> d_prerec_msg 
<16:29:07> d_prerec_msg 
<16:29:40> ast_used_prerec_msg 
<16:29:42> ast_used_prerec_msg 
<16:29:45> t_used_prerec_msg 
<16:29:45> d_prerec_msg 
<16:29:49> d_prerec_msg 
<16:29:51> d_prerec_msg 
<16:29:52> sed_prerec_msg 
<16:29:54> CryAnimation: character-definition not found: objects/characters/human/sdk_player/sdk_player.cdf
<16:29:54> CryAnimation: character-definition not found: objects/characters/human/sdk_player/sdk_player.cdf
<16:29:54> CryAnimation: character-definition not found: objects/characters/human/sdk_player/sdk_player.cdf
<16:29:54> sed_prerec_msg 
<16:30:00> ast_used_prerec_msg 
<16:30:12> CryAnimation: character-definition not found: objects/characters/human/sdk_player/sdk_player.cdf
<16:30:12> CryAnimation: character-definition not found: objects/characters/human/sdk_player/sdk_player.cdf
<16:30:12> CryAnimation: character-definition not found: objects/characters/human/sdk_player/sdk_player.cdf
<16:30:19> d_prerec_msg 
<16:30:48> st_used_prerec_msg 
<16:30:50> sed_prerec_msg 
<16:31:02> sed_prerec_msg 
<16:31:06> ed_prerec_msg 
<16:31:08> sed_prerec_msg 
<16:32:02> CryAnimation: character-definition not found: objects/characters/human/sdk_player/sdk_player.cdf
<16:32:02> CryAnimation: character-definition not found: objects/characters/human/sdk_player/sdk_player.cdf
<16:32:02> CryAnimation: character-definition not found: objects/characters/human/sdk_player/sdk_player.cdf
<16:32:03> d_prerec_msg 
<16:32:13> CryAnimation: character-definition not found: objects/characters/human/sdk_player/sdk_player.cdf
<16:32:13> CryAnimation: character-definition not found: objects/characters/human/sdk_player/sdk_player.cdf
<16:32:13> CryAnimation: character-definition not found: objects/characters/human/sdk_player/sdk_player.cdf
<16:32:26> d_prerec_msg 
<16:32:51> _used_prerec_msg 
<16:32:56> _used_prerec_msg 
<16:35:34> CHUDNv::showPickArmorGradient()
<16:35:39> CHUDNv::showPickArmorGradient()
<16:35:44> CVehicleSeat::NetSetPassengerId c2
<16:35:44> CVehicleSeat::Enter called
<16:35:46> CHUDNv::showPickArmorGradient()
<16:35:56> CVehicleSeat::Exit called
<16:35:56> CVehicleSeat::Exit called c2
<16:35:56> ClProcessLeave call
<16:36:14> CryAnimation: character-definition not found: objects/characters/human/sdk_player/sdk_player.cdf
<16:36:14> CryAnimation: character-definition not found: objects/characters/human/sdk_player/sdk_player.cdf
<16:36:14> CryAnimation: character-definition not found: objects/characters/human/sdk_player/sdk_player.cdf
<16:36:19> CVehicleSeat::NetSetPassengerId c2
<16:36:19> CVehicleSeat::Enter called
<16:36:26> CVehicleSeat::Exit called
<16:36:26> CVehicleSeat::Exit called c2
<16:36:26> ClProcessLeave call
<16:38:49> BaseInput - Shutting down all force feedback
<16:38:49> ActionGame - Shutting down all force feedback
<16:38:49> gEnv->pRenderer->Draw2dImage XXX
<16:38:51> CNetSyncSystem::~CNetSyncSystem & Crush?! packets_temp_bf(temp packet data buffs)
<16:38:51> remapped bone indices with refcount '4294967294' still around for 'zombiemodelnew/conserve_fp_nonmm.skin 0x0000017FCCC6C3B0
<16:38:51> remapped bone indices with refcount '4294967294' still around for 'objects/zhg_objects/characters/conserve/conserve_head.skin 0x0000017FCCC6D350
<16:38:51> remapped bone indices with refcount '4294967292' still around for 'objects/zhg_objects/characters/sets/rebellionset/rebellionset_head.skin 0x0000017FC62F79E0
<16:38:51> remapped bone indices with refcount '4294967292' still around for 'objects/zhg_objects/characters/sets/rebellionset/rebellionset_head.skin 0x0000017FC63D0CC0
<16:38:51> remapped bone indices with refcount '4294967292' still around for 'objects/zhg_objects/characters/sets/rebellionset/rebellionset_head.skin 0x0000017FC63D0FE0
<16:38:51> remapped bone indices with refcount '4294967292' still around for 'objects/zhg_objects/characters/sets/doubtset/doubtset_head.skin 0x0000017FC62F3390
<16:38:51> remapped bone indices with refcount '4294967292' still around for 'objects/zhg_objects/characters/sets/vanityset/vanityset_head.skin 0x0000017FC61207A0
<16:38:51> remapped bone indices with refcount '4294967292' still around for 'objects/zhg_objects/characters/sets/vanityset/vanityset_head.skin 0x0000017FC6121A60
<16:38:51> remapped bone indices with refcount '4294967292' still around for 'objects/zhg_objects/characters/sets/vanityset/vanityset_head.skin 0x0000017FC6121420
<16:38:51> remapped bone indices with refcount '4294967292' still around for 'objects/zhg_objects/characters/sets/vanityset/vanityset_torso.skin 0x0000017FC6120480
<16:38:51> remapped bone indices with refcount '4294967292' still around for 'objects/zhg_objects/characters/sets/vanityset/vanityset_torso.skin 0x0000017FC6121100
<16:38:51> remapped bone indices with refcount '4294967292' still around for 'objects/zhg_objects/characters/sets/vanityset/vanityset_torso.skin 0x0000017FC6120AC0
<16:38:51> remapped bone indices with refcount '4294967292' still around for 'objects/zhg_objects/characters/sets/vanityset/vanityset_pants.skin 0x0000017FC61220A0
<16:38:51> remapped bone indices with refcount '4294967292' still around for 'objects/zhg_objects/characters/sets/vanityset/vanityset_pants.skin 0x0000017FC6121740
<16:38:51> remapped bone indices with refcount '4294967292' still around for 'objects/zhg_objects/characters/sets/vanityset/vanityset_pants.skin 0x0000017FC6120DE0
<16:38:51> remapped bone indices with refcount '4294967292' still around for 'objects/zhg_objects/characters/sets/safetyset/safetyset_head.skin 0x0000017FC63D1C60
<16:38:51> remapped bone indices with refcount '4294967292' still around for 'objects/zhg_objects/characters/sets/safetyset/safetyset_head.skin 0x0000017FC63D1F80
<16:38:51> remapped bone indices with refcount '4294967292' still around for 'objects/zhg_objects/characters/sets/safetyset/safetyset_head.skin 0x0000017FC6121D80
<16:38:51> remapped bone indices with refcount '4294967287' still around for 'objects/zhg_objects/characters/sets/rebellionset/rebelliomset_hands.skin 0x0000017FC62F76C0
<16:38:51> remapped bone indices with refcount '4294967287' still around for 'objects/zhg_objects/characters/sets/rebellionset/rebelliomset_hands.skin 0x0000017FC62F8CA0
<16:38:51> remapped bone indices with refcount '4294967287' still around for 'objects/zhg_objects/characters/sets/rebellionset/rebelliomset_hands.skin 0x0000017FC62F7D00
<16:38:51> remapped bone indices with refcount '4294967287' still around for 'objects/zhg_objects/characters/sets/rebellionset/rebelliomset_hands.skin 0x0000017FC62F8020
<16:38:51> remapped bone indices with refcount '4294967282' still around for 'objects/zhg_objects/characters/sets/rebellionset/rebellionset_torso.skin 0x0000017FC63D0360
<16:38:51> remapped bone indices with refcount '4294967282' still around for 'objects/zhg_objects/characters/sets/rebellionset/rebellionset_torso.skin 0x0000017FC63D0680
<16:38:51> remapped bone indices with refcount '4294967282' still around for 'objects/zhg_objects/characters/sets/rebellionset/rebellionset_torso.skin 0x0000017FC63D1940
<16:38:51> remapped bone indices with refcount '4294967292' still around for 'objects/zhg_objects/characters/sets/loverset/loverset_head.skin 0x0000017FC62F4330
<16:38:51> remapped bone indices with refcount '4294967292' still around for 'objects/zhg_objects/characters/sets/loverset/loverset_head.skin 0x0000017FC62F8340
<16:38:51> remapped bone indices with refcount '4294967292' still around for 'objects/zhg_objects/characters/sets/loverset/loverset_head.skin 0x0000017FC62F8980
<16:38:51> remapped bone indices with refcount '4294967292' still around for 'objects/zhg_objects/characters/sets/loverset/loverset_torso.skin 0x0000017FC62F8660
<16:38:51> remapped bone indices with refcount '4294967292' still around for 'objects/zhg_objects/characters/sets/loverset/loverset_torso.skin 0x0000017FC62F7080
<16:38:51> remapped bone indices with refcount '4294967292' still around for 'objects/zhg_objects/characters/sets/loverset/loverset_torso.skin 0x0000017FC62F73A0
<16:38:51> remapped bone indices with refcount '4294967287' still around for 'objects/zhg_objects/characters/sets/rebellionset/rebellionset_pants.skin 0x0000017FC63D1300
<16:38:51> remapped bone indices with refcount '4294967287' still around for 'objects/zhg_objects/characters/sets/rebellionset/rebellionset_pants.skin 0x0000017FC63D09A0
<16:38:51> remapped bone indices with refcount '4294967287' still around for 'objects/zhg_objects/characters/sets/rebellionset/rebellionset_pants.skin 0x0000017FC63D1620
<16:38:51> remapped bone indices with refcount '4294967292' still around for 'objects/zhg_objects/characters/sets/leaderset/leaderset_head.skin 0x0000017FC62F3CF0
<16:38:51> remapped bone indices with refcount '4294967292' still around for 'objects/zhg_objects/characters/sets/leaderset/leaderset_head.skin 0x0000017FC62F5F50
<16:38:51> remapped bone indices with refcount '4294967292' still around for 'objects/zhg_objects/characters/sets/leaderset/leaderset_head.skin 0x0000017FC62F6270
<16:38:51> remapped bone indices with refcount '4294967292' still around for 'objects/zhg_objects/characters/sets/leaderset/leaderset_torso.skin 0x0000017FC62F4650
<16:38:51> remapped bone indices with refcount '4294967292' still around for 'objects/zhg_objects/characters/sets/leaderset/leaderset_torso.skin 0x0000017FC62F39D0
<16:38:51> remapped bone indices with refcount '4294967292' still around for 'objects/zhg_objects/characters/sets/leaderset/leaderset_torso.skin 0x0000017FC62F4010
<16:38:51> remapped bone indices with refcount '4294967292' still around for 'objects/zhg_objects/characters/sets/leaderset/leaderset_pants.skin 0x0000017FC62F6BD0
<16:38:51> remapped bone indices with refcount '4294967292' still around for 'objects/zhg_objects/characters/sets/leaderset/leaderset_pants.skin 0x0000017FC62F3070
<16:38:51> remapped bone indices with refcount '4294967292' still around for 'objects/zhg_objects/characters/sets/leaderset/leaderset_pants.skin 0x0000017FC62F36B0
<16:38:51> remapped bone indices with refcount '4294967292' still around for 'objects/zhg_objects/characters/sets/hopefullset/hopefullset_head.skin 0x0000017FC62F55F0
<16:38:51> remapped bone indices with refcount '4294967292' still around for 'objects/zhg_objects/characters/sets/hopefullset/hopefullset_head.skin 0x0000017FC62F4970
<16:38:51> remapped bone indices with refcount '4294967292' still around for 'objects/zhg_objects/characters/sets/hopefullset/hopefullset_head.skin 0x0000017FC62F6590
<16:38:51> remapped bone indices with refcount '4294967292' still around for 'objects/zhg_objects/characters/sets/hopefullset/hopefullset_torso.skin 0x0000017FC62F5910
<16:38:51> remapped bone indices with refcount '4294967292' still around for 'objects/zhg_objects/characters/sets/hopefullset/hopefullset_torso.skin 0x0000017FC62F52D0
<16:38:51> remapped bone indices with refcount '4294967292' still around for 'objects/zhg_objects/characters/sets/hopefullset/hopefullset_torso.skin 0x0000017FC62F68B0
<16:38:51> remapped bone indices with refcount '4294967292' still around for 'objects/zhg_objects/characters/sets/hopefullset/hopefullset_pants.skin 0x0000017FC62F4C90
<16:38:51> remapped bone indices with refcount '4294967292' still around for 'objects/zhg_objects/characters/sets/hopefullset/hopefullset_pants.skin 0x0000017FC62F4FB0
<16:38:51> remapped bone indices with refcount '4294967292' still around for 'objects/zhg_objects/characters/sets/hopefullset/hopefullset_pants.skin 0x0000017FC62F5C30
