BackupNameAttachment=" Build(0) 12 Jul 21 (17 06 11)"  -- used by backup system
Log Started at Mon Jul 12 17:06:11 2021
Built on Oct 13 2019 19:15:33
Running 64 bit Windows version
Command Line: "D:\Games\Steam\steamapps\common\Pandemic Express\Bin/win_x64/PandemicExpress.exe"
Executable: D:\Games\Steam\steamapps\common\Pandemic Express\Bin\win_x64\PandemicExpress.exe
FileVersion: 1.0.0.0
ProductVersion: 1.0.0.0
Added MOD directory <%engineroot%/engine> to CryPak

Total number of logical processors: 12
Number of available logical processors: 12
Total number of system cores: 6
Number of cores available to process: 6
 
Processor 0:
  CPU: AMD AMD Ryzen 5 3600 6-Core Processor              
  Family: 15, Model: 1, Stepping: 0
  FPU: On-Chip
  Features: FP16, SSE, SSE2, SSE3, SSE4.2, AVX, AVX2, FMA3
  Serial number not present or disabled
 
Processor 1:
  CPU: AMD AMD Ryzen 5 3600 6-Core Processor              
  Family: 15, Model: 1, Stepping: 0
  FPU: On-Chip
  Features: FP16, SSE, SSE2, SSE3, SSE4.2, AVX, AVX2, FMA3
  Serial number not present or disabled
 
Processor 2:
  CPU: AMD AMD Ryzen 5 3600 6-Core Processor              
  Family: 15, Model: 1, Stepping: 0
  FPU: On-Chip
  Features: FP16, SSE, SSE2, SSE3, SSE4.2, AVX, AVX2, FMA3
  Serial number not present or disabled
 
Processor 3:
  CPU: AMD AMD Ryzen 5 3600 6-Core Processor              
  Family: 15, Model: 1, Stepping: 0
  FPU: On-Chip
  Features: FP16, SSE, SSE2, SSE3, SSE4.2, AVX, AVX2, FMA3
  Serial number not present or disabled
 
Processor 4:
  CPU: AMD AMD Ryzen 5 3600 6-Core Processor              
  Family: 15, Model: 1, Stepping: 0
  FPU: On-Chip
  Features: FP16, SSE, SSE2, SSE3, SSE4.2, AVX, AVX2, FMA3
  Serial number not present or disabled
 
Processor 5:
  CPU: AMD AMD Ryzen 5 3600 6-Core Processor              
  Family: 15, Model: 1, Stepping: 0
  FPU: On-Chip
  Features: FP16, SSE, SSE2, SSE3, SSE4.2, AVX, AVX2, FMA3
  Serial number not present or disabled
 
<17:06:11> Loading Config file system.cfg (system.cfg)
<17:06:11> [Error] [CVARS]: [IGNORED CHANGE] variable [sys_version] from [] to [1.1.0.000.200116]; Marked as [VF_CHEAT]
<17:06:11> OnSysSpecChange(1)
<17:06:11> [Error] [CVARS]: [IGNORED CHANGE] variable [sys_asserts] from [0] to [0]; Marked as [VF_CHEAT]
<17:06:11> GameDir: DATA
<17:06:11> <ThreadConfigInfo>: Thread profile loaded: "pc_8" (config/engine_core.thread_config)  
<17:06:11> Windows 10 64 bit (build 10.0.19043)
<17:06:11> System language: English
<17:06:11> Windows Directory: "C:\Windows"
<17:06:11> Local time is 17:06:11 07/12/21, system running for 247 minutes
<17:06:11> 16333MB physical memory installed, 10195MB available, 134217727MB virtual memory installed, 37 percent of memory in use
<17:06:11> PageFile usage: 75MB, Working Set: 88MB, Peak PageFile usage: 75MB,
<17:06:11> Current display mode is 2560x1440x32, (Unknown graphics card)
<17:06:11> IBM enhanced (101/102-key) keyboard and 16+ button mouse installed
<17:06:11> --------------------------------------------------------------------------------
<17:06:11> OnSysSpecChange(1)
<17:06:11> Loading Config file LowSpec.cfg (data\config\lowspec.cfg)
<17:06:11> [Error] [CVARS]: [MISSING] [mfx_Timeout] is not a registered console variable; referenced when testing console variable group [sys_spec_gameeffects] = [1]
<17:06:11> [Error] [CVARS]: [MISSING] [ca_AttachmentCullingRation] is not a registered console variable; referenced when testing console variable group [sys_spec_objectdetail] = [1]
<17:06:11> [Error] [CVARS]: [MISSING] [e_DecalsLifeTimeScale] is not a registered console variable; referenced when testing console variable group [sys_spec_objectdetail] = [1]
<17:06:11> [Error] [CVARS]: [MISSING] [e_LodRatio] is not a registered console variable; referenced when testing console variable group [sys_spec_objectdetail] = [1]
<17:06:11> [Error] [CVARS]: [MISSING] [e_MaxViewDistSpecLerp] is not a registered console variable; referenced when testing console variable group [sys_spec_objectdetail] = [1]
<17:06:11> [Error] [CVARS]: [MISSING] [e_MaxViewDistance] is not a registered console variable; referenced when testing console variable group [sys_spec_objectdetail] = [1]
<17:06:11> [Error] [CVARS]: [MISSING] [e_ObjQuality] is not a registered console variable; referenced when testing console variable group [sys_spec_objectdetail] = [1]
<17:06:11> [Error] [CVARS]: [MISSING] [e_TerrainOcclusionCullingMaxDist] is not a registered console variable; referenced when testing console variable group [sys_spec_objectdetail] = [1]
<17:06:11> [Error] [CVARS]: [MISSING] [e_VegetationMinSize] is not a registered console variable; referenced when testing console variable group [sys_spec_objectdetail] = [1]
<17:06:11> [Error] [CVARS]: [MISSING] [e_ViewDistRatio] is not a registered console variable; referenced when testing console variable group [sys_spec_objectdetail] = [1]
<17:06:11> [Error] [CVARS]: [MISSING] [e_ViewDistRatioCustom] is not a registered console variable; referenced when testing console variable group [sys_spec_objectdetail] = [1]
<17:06:11> [Error] [CVARS]: [MISSING] [e_ViewDistRatioDetail] is not a registered console variable; referenced when testing console variable group [sys_spec_objectdetail] = [1]
<17:06:11> [Error] [CVARS]: [MISSING] [e_ViewDistRatioLights] is not a registered console variable; referenced when testing console variable group [sys_spec_objectdetail] = [1]
<17:06:11> [Error] [CVARS]: [MISSING] [e_ViewDistRatioVegetation] is not a registered console variable; referenced when testing console variable group [sys_spec_objectdetail] = [1]
<17:06:11> [Error] [CVARS]: [MISSING] [es_DebrisLifetimeScale] is not a registered console variable; referenced when testing console variable group [sys_spec_objectdetail] = [1]
<17:06:11> [Error] [CVARS]: [MISSING] [e_DecalsOverlapping] is not a registered console variable; referenced when testing console variable group [sys_spec_objectdetail] = [1]
<17:06:11> [Error] [CVARS]: [MISSING] [e_LodMin] is not a registered console variable; referenced when testing console variable group [sys_spec_objectdetail] = [1]
<17:06:11> [Error] [CVARS]: [MISSING] [e_MergedMeshesInstanceDist] is not a registered console variable; referenced when testing console variable group [sys_spec_objectdetail] = [1]
<17:06:11> [Error] [CVARS]: [MISSING] [e_MergedMeshesPool] is not a registered console variable; referenced when testing console variable group [sys_spec_objectdetail] = [1]
<17:06:11> [Error] [CVARS]: [MISSING] [e_OcclusionCullingViewDistRatio] is not a registered console variable; referenced when testing console variable group [sys_spec_objectdetail] = [1]
<17:06:11> [Error] [CVARS]: [MISSING] [e_TerrainLodRatio] is not a registered console variable; referenced when testing console variable group [sys_spec_objectdetail] = [1]
<17:06:11> [Error] [CVARS]: [MISSING] [e_Tessellation] is not a registered console variable; referenced when testing console variable group [sys_spec_objectdetail] = [1]
<17:06:11> [Error] [CVARS]: [MISSING] [e_ViewDistMin] is not a registered console variable; referenced when testing console variable group [sys_spec_objectdetail] = [1]
<17:06:11> [Error] [CVARS]: [MISSING] [e_ParticlesMaxScreenFill] is not a registered console variable; referenced when testing console variable group [sys_spec_particles] = [1]
<17:06:11> [Error] [CVARS]: [MISSING] [e_ParticlesMinDrawPixels] is not a registered console variable; referenced when testing console variable group [sys_spec_particles] = [1]
<17:06:11> [Error] [CVARS]: [MISSING] [e_ParticlesObjectCollisions] is not a registered console variable; referenced when testing console variable group [sys_spec_particles] = [1]
<17:06:11> [Error] [CVARS]: [MISSING] [e_ParticlesQuality] is not a registered console variable; referenced when testing console variable group [sys_spec_particles] = [1]
<17:06:11> [Error] [CVARS]: [MISSING] [e_ParticlesMotionBlur] is not a registered console variable; referenced when testing console variable group [sys_spec_particles] = [1]
<17:06:11> [Error] [CVARS]: [MISSING] [e_CullVegActivation] is not a registered console variable; referenced when testing console variable group [sys_spec_physics] = [1]
<17:06:11> [Error] [CVARS]: [MISSING] [e_FoliageWindActivationDist] is not a registered console variable; referenced when testing console variable group [sys_spec_physics] = [1]
<17:06:11> [Error] [CVARS]: [MISSING] [e_PhysOceanCell] is not a registered console variable; referenced when testing console variable group [sys_spec_physics] = [1]
<17:06:11> [Error] [CVARS]: [MISSING] [es_MaxPhysDist] is not a registered console variable; referenced when testing console variable group [sys_spec_physics] = [1]
<17:06:11> [Error] [CVARS]: [MISSING] [es_MaxPhysDistInvisible] is not a registered console variable; referenced when testing console variable group [sys_spec_physics] = [1]
<17:06:11> [Error] [CVARS]: [MISSING] [g_breakage_particles_limit] is not a registered console variable; referenced when testing console variable group [sys_spec_physics] = [1]
<17:06:11> [Error] [CVARS]: [MISSING] [g_tree_cut_reuse_dist] is not a registered console variable; referenced when testing console variable group [sys_spec_physics] = [1]
<17:06:11> [Error] [CVARS]: [MISSING] [p_max_MC_iters] is not a registered console variable; referenced when testing console variable group [sys_spec_physics] = [1]
<17:06:11> [Error] [CVARS]: [MISSING] [p_max_substeps] is not a registered console variable; referenced when testing console variable group [sys_spec_physics] = [1]
<17:06:11> [Error] [CVARS]: [MISSING] [e_PhysProxyTriLimit] is not a registered console variable; referenced when testing console variable group [sys_spec_physics] = [1]
<17:06:11> [Error] [CVARS]: [MISSING] [p_max_object_splashes] is not a registered console variable; referenced when testing console variable group [sys_spec_physics] = [1]
<17:06:11> [Error] [CVARS]: [MISSING] [p_max_substeps_large_group] is not a registered console variable; referenced when testing console variable group [sys_spec_physics] = [1]
<17:06:11> [Error] [CVARS]: [MISSING] [p_num_bodies_large_group] is not a registered console variable; referenced when testing console variable group [sys_spec_physics] = [1]
<17:06:11> [Error] [CVARS]: [MISSING] [p_splash_dist0] is not a registered console variable; referenced when testing console variable group [sys_spec_physics] = [1]
<17:06:11> [Error] [CVARS]: [MISSING] [p_splash_dist1] is not a registered console variable; referenced when testing console variable group [sys_spec_physics] = [1]
<17:06:11> [Error] [CVARS]: [MISSING] [p_splash_force0] is not a registered console variable; referenced when testing console variable group [sys_spec_physics] = [1]
<17:06:11> [Error] [CVARS]: [MISSING] [p_splash_force1] is not a registered console variable; referenced when testing console variable group [sys_spec_physics] = [1]
<17:06:11> [Error] [CVARS]: [MISSING] [p_splash_vel0] is not a registered console variable; referenced when testing console variable group [sys_spec_physics] = [1]
<17:06:11> [Error] [CVARS]: [MISSING] [p_splash_vel1] is not a registered console variable; referenced when testing console variable group [sys_spec_physics] = [1]
<17:06:11> [Error] [CVARS]: [MISSING] [e_DynamicLightsMaxEntityLights] is not a registered console variable; referenced when testing console variable group [sys_spec_shading] = [1]
<17:06:11> [Error] [CVARS]: [MISSING] [e_SkyUpdateRate] is not a registered console variable; referenced when testing console variable group [sys_spec_shading] = [1]
<17:06:11> [Error] [CVARS]: [MISSING] [e_svoTI_Apply] is not a registered console variable; referenced when testing console variable group [sys_spec_shading] = [1]
<17:06:11> [Error] [CVARS]: [MISSING] [e_svoTI_RsmConeMaxLength] is not a registered console variable; referenced when testing console variable group [sys_spec_shading] = [1]
<17:06:11> [Error] [CVARS]: [MISSING] [e_svoTI_RsmUseColors] is not a registered console variable; referenced when testing console variable group [sys_spec_shading] = [1]
<17:06:11> [Error] [CVARS]: [MISSING] [e_svoTi_Active] is not a registered console variable; referenced when testing console variable group [sys_spec_shading] = [1]
<17:06:11> [Error] [CVARS]: [MISSING] [e_svoti_LowSpecMode] is not a registered console variable; referenced when testing console variable group [sys_spec_shading] = [1]
<17:06:11> [Error] [CVARS]: [MISSING] [e_LightVolumes] is not a registered console variable; referenced when testing console variable group [sys_spec_shading] = [1]
<17:06:11> [Error] [CVARS]: [MISSING] [e_VegetationUseTerrainColor] is not a registered console variable; referenced when testing console variable group [sys_spec_shading] = [1]
<17:06:11> [Error] [CVARS]: [MISSING] [e_GsmLodsNum] is not a registered console variable; referenced when testing console variable group [sys_spec_shadows] = [1]
<17:06:11> [Error] [CVARS]: [MISSING] [e_GsmRange] is not a registered console variable; referenced when testing console variable group [sys_spec_shadows] = [1]
<17:06:11> [Error] [CVARS]: [MISSING] [e_ObjShadowCastSpec] is not a registered console variable; referenced when testing console variable group [sys_spec_shadows] = [1]
<17:06:11> [Error] [CVARS]: [MISSING] [e_ParticlesShadows] is not a registered console variable; referenced when testing console variable group [sys_spec_shadows] = [1]
<17:06:11> [Error] [CVARS]: [MISSING] [e_Shadows] is not a registered console variable; referenced when testing console variable group [sys_spec_shadows] = [1]
<17:06:11> [Error] [CVARS]: [MISSING] [e_ShadowsBlendCascades] is not a registered console variable; referenced when testing console variable group [sys_spec_shadows] = [1]
<17:06:11> [Error] [CVARS]: [MISSING] [e_ShadowsCastViewDistRatio] is not a registered console variable; referenced when testing console variable group [sys_spec_shadows] = [1]
<17:06:11> [Error] [CVARS]: [MISSING] [e_ShadowsLodBiasFixed] is not a registered console variable; referenced when testing console variable group [sys_spec_shadows] = [1]
<17:06:11> [Error] [CVARS]: [MISSING] [e_ShadowsMaxTexRes] is not a registered console variable; referenced when testing console variable group [sys_spec_shadows] = [1]
<17:06:11> [Error] [CVARS]: [MISSING] [e_ShadowsPoolSize] is not a registered console variable; referenced when testing console variable group [sys_spec_shadows] = [1]
<17:06:11> [Error] [CVARS]: [MISSING] [e_ShadowsResScale] is not a registered console variable; referenced when testing console variable group [sys_spec_shadows] = [1]
<17:06:11> [Error] [CVARS]: [MISSING] [e_ShadowsTessellateCascades] is not a registered console variable; referenced when testing console variable group [sys_spec_shadows] = [1]
<17:06:11> [Error] [CVARS]: [MISSING] [e_ShadowsTessellateDLights] is not a registered console variable; referenced when testing console variable group [sys_spec_shadows] = [1]
<17:06:11> [Error] [CVARS]: [MISSING] [e_ShadowsUpdateViewDistRatio] is not a registered console variable; referenced when testing console variable group [sys_spec_shadows] = [1]
<17:06:11> [Error] [CVARS]: [MISSING] [e_VolumetricFog] is not a registered console variable; referenced when testing console variable group [sys_spec_volumetriceffects] = [1]
<17:06:11> [Error] [CVARS]: [MISSING] [e_fog] is not a registered console variable; referenced when testing console variable group [sys_spec_volumetriceffects] = [1]
<17:06:11> [Error] [CVARS]: [MISSING] [e_Clouds] is not a registered console variable; referenced when testing console variable group [sys_spec_volumetriceffects] = [1]
<17:06:11> [Error] [CVARS]: [MISSING] [e_WaterOceanFFT] is not a registered console variable; referenced when testing console variable group [sys_spec_water] = [1]
<17:06:11> [Error] [CVARS]: [MISSING] [e_WaterTessellationAmount] is not a registered console variable; referenced when testing console variable group [sys_spec_water] = [1]
<17:06:11> [Error] [CVARS]: [MISSING] [e_WaterTessellationAmountX] is not a registered console variable; referenced when testing console variable group [sys_spec_water] = [1]
<17:06:11> [Error] [CVARS]: [MISSING] [e_WaterTessellationAmountY] is not a registered console variable; referenced when testing console variable group [sys_spec_water] = [1]
<17:06:11> [Error] [CVARS]: [MISSING] [e_WaterTessellationSwathWidth] is not a registered console variable; referenced when testing console variable group [sys_spec_water] = [1]
<17:06:11> Loading Config file game.cfg (data\game.cfg)
<17:06:11> [Warning] [CVARS]: [CHANGED] variable [sys_asserts] from [0] to [0]; Marked as [VF_CHEAT]
<17:06:11> [Warning] Modifying marked variables will not be allowed in Release mode!
<17:06:11> Stream Engine Initialization
<17:06:11> GameName: Pandemic Express
<17:06:11> BuildTime: Oct 13 2019 19:15:33
<17:06:11> Physics initialization
<17:06:11> Localized language content(english) not available or modified from the original installation.
<17:06:11> Localized language content(english) not available or modified from the original installation.
<17:06:11> Localized language content(english) not available or modified from the original installation.
<17:06:11> <Audio>: AudioSystem initialization
<17:06:11> <Audio> <0.188>: CryAudioImplWwise loaded
<17:06:12> Renderer initialization
<17:06:12> Logging video adapters:
<17:06:12> - NVIDIA GeForce RTX 3070 (vendor = 0x10de, device = 0x2484)
<17:06:12>   - Adapter index: 0
<17:06:12>   - Dedicated video memory: 8043 MB
<17:06:12>   - Feature level: DX11 (SM 5.0)
<17:06:12>   - Displays connected: yes
<17:06:12>   - Suitable rendering device: yes
<17:06:12> - Microsoft Basic Render Driver (vendor = 0x1414, device = 0x008c)
<17:06:12>   - Adapter index: 1
<17:06:12>   - Dedicated video memory: 0 MB
<17:06:12>   - Feature level: DX11 (SM 5.0)
<17:06:12>   - Displays connected: no
<17:06:12>   - Suitable rendering device: no
<17:06:13> Active GPUs: 1
<17:06:13> [Renderer] A display device has been connected to the system
<17:06:13> Loading plugin CryDefaultEntities
<17:06:13> Loading plugin CrySchematycCore
<17:06:13> DLL Failed to load, error code: 7E
<17:06:13> Loading plugin CrySchematycSTDEnv
<17:06:13> DLL Failed to load, error code: 7E
<17:06:13> Loading plugin CrySensorSystem
<17:06:13> DLL Failed to load, error code: 7E
<17:06:13> Loading extension file cryplugin.csv
<17:06:13> Loading plugin ProcAnRandGenerator.dll
<17:06:13> Loading plugin PlayFab.dll
<17:06:13> Loading plugin CEVPlayer.dll
<17:06:14> Font initialization
<17:06:14> Using FreeType 2.5.5
<17:06:15> Network initialization
<17:06:15> [net] Socket IO management: External [iocp], Internal [iocp]
<17:06:15> network hostname: DESKTOP-GKEDPQ6
<17:06:15>   ip:26.90.194.210
<17:06:15>   ip:192.168.20.21
<17:06:15> [Network Version]: PROFILE DEVELOPMENT BUILD
<17:06:15> MovieSystem initialization
<17:06:15> Console initialization
<17:06:15> Time initialization
<17:06:15> Input initialization
<17:06:15> AI initialization
<17:06:15>  
<17:06:15>     con_debug = 0 []
<17:06:15>     con_display_last_messages = 0 []
<17:06:15>     con_line_buffer_size = 1000 []
<17:06:15>     con_restricted = 0 [RESTRICTEDMODE]
<17:06:15>     con_showonload = 0 []
<17:06:15>  
<17:06:15>     con_debug = 0 []
<17:06:15>     con_display_last_messages = 0 []
<17:06:15>     con_line_buffer_size = 1000 []
<17:06:15>     con_restricted = 0 [RESTRICTEDMODE]
<17:06:15>     con_showonload = 0 []
<17:06:15>  
<17:06:15>     con_debug = 0 []
<17:06:15>  
<17:06:15>     con_debug = 0 []
<17:06:15> Initializing Animation System
<17:06:15> Initializing 3D Engine
<17:06:15> Script System Initialization
<17:06:15> Entity system initialization
<17:06:15> Initializing AI System
<17:06:15> Initializing additional systems
<17:06:15> Dynamic Response System initialization
<17:06:15> DLL Failed to load, error code: 7E
<17:06:15> No Dynamic Response System was loaded from a module, will use the NULL implementation.
<17:06:15> [Steam] Steam API initialized successfully
<17:06:16> <ThreadConfigInfo>: [XML Parsing] Thread with name "Main" already loaded. Overriding with new configuration
<17:06:16> <ThreadConfigInfo>: [XML Parsing] Thread with name "Network" already loaded. Overriding with new configuration
<17:06:16> <ThreadConfigInfo>: [XML Parsing] Thread with name "NetworkStallTicker" already loaded. Overriding with new configuration
<17:06:16> <ThreadConfigInfo>: [XML Parsing] Thread with name "ZLibCompressor" already loaded. Overriding with new configuration
<17:06:16> <ThreadConfigInfo>: [XML Parsing] Thread with name "NetworkStallTicker" already loaded. Overriding with new configuration
<17:06:16> <ThreadConfigInfo>: [XML Parsing] Thread with name "ZLibCompressor" already loaded. Overriding with new configuration
<17:06:16> <ThreadConfigInfo>: [XML Parsing] Thread with name "TelemetryCopier" already loaded. Overriding with new configuration
<17:06:16> <ThreadConfigInfo>: [XML Parsing] Thread with name "StatsAgent" already loaded. Overriding with new configuration
<17:06:16> <ThreadConfigInfo>: Thread profile loaded: "pc_8" (config/game.thread_config)  
<17:06:16> Initializing default materials...
<17:06:22> [MFX] Loading FXLib 'breakables' ...
<17:06:22> [MFX] Loading FXLib 'collisions' ...
<17:06:22> [MFX] Loading FXLib 'foley' ...
<17:06:22> [MFX] Loading FXLib 'foley_grunt' ...
<17:06:22> [MFX] Loading FXLib 'foley_player' ...
<17:06:22> [MFX] Loading FXLib 'footstep_grunt' ...
<17:06:22> [MFX] Loading FXLib 'footstep_player' ...
<17:06:22> [MFX] Loading FXLib 'footsteps' ...
<17:06:22> [MFX] Loading FXLib 'grenade' ...
<17:06:22> [MFX] Loading FXLib 'melee' ...
<17:06:22> [MFX] Loading FXLib 'player_fx' ...
<17:06:22> [MFX] Loading FXLib 'projectiles' ...
<17:06:22> [MFX] Loading FXLib 'tornado' ...
<17:06:22> [MFX] Loading FXLib 'vegetation' ...
<17:06:22> [MFX] Loading FXLib 'vehicles' ...
<17:06:22> [MFX] Loading FXLib 'breakables' ...
<17:06:22> [MFX] Loading FXLib 'collisions' ...
<17:06:22> [MFX] Loading FXLib 'foley' ...
<17:06:22> [MFX] Loading FXLib 'foley_grunt' ...
<17:06:22> [MFX] Loading FXLib 'foley_player' ...
<17:06:22> [MFX] Loading FXLib 'footstep_grunt' ...
<17:06:22> [MFX] Loading FXLib 'footstep_player' ...
<17:06:22> [MFX] Loading FXLib 'footsteps' ...
<17:06:22> [MFX] Loading FXLib 'grenade' ...
<17:06:22> [MFX] Loading FXLib 'melee' ...
<17:06:22> [MFX] Loading FXLib 'player_fx' ...
<17:06:22> [MFX] Loading FXLib 'projectiles' ...
<17:06:22> [MFX] Loading FXLib 'tornado' ...
<17:06:22> [MFX] Loading FXLib 'vegetation' ...
<17:06:22> [MFX] Loading FXLib 'vehicles' ...
<17:06:22> Creating socket on port 2838
<17:06:22> CreateDatagramSocket c1
<17:06:22> CreateDatagramSocket c2
<17:06:40> Iterator 0
<17:06:40> Size 30
<17:06:40> Iterator 1
<17:06:40> Size 30
<17:06:40> Iterator 2
<17:06:40> Size 30
<17:06:40> Iterator 3
<17:06:40> Size 30
<17:06:40> Iterator 4
<17:06:40> Size 30
<17:06:40> Iterator 5
<17:06:40> Size 30
<17:06:40> Iterator 6
<17:06:40> Size 30
<17:06:40> Iterator 7
<17:06:40> Size 30
<17:06:40> Iterator 8
<17:06:40> Size 30
<17:06:40> Iterator 9
<17:06:40> Size 30
<17:06:40> Iterator 10
<17:06:40> Size 30
<17:06:40> Iterator 11
<17:06:40> Size 30
<17:06:40> Iterator 12
<17:06:40> Size 30
<17:06:40> Iterator 13
<17:06:40> Size 30
<17:06:40> Iterator 14
<17:06:40> Size 30
<17:06:40> playerName Kornflakes
<17:06:40> Iterator 15
<17:06:40> Size 30
<17:06:40> Iterator 16
<17:06:40> Size 30
<17:06:40> Iterator 17
<17:06:40> Size 30
<17:06:40> Iterator 18
<17:06:40> Size 30
<17:06:40> Iterator 19
<17:06:40> Size 30
<17:06:40> Iterator 20
<17:06:40> Size 30
<17:06:40> Iterator 21
<17:06:40> Size 30
<17:06:41> Iterator 22
<17:06:41> Size 30
<17:06:41> Iterator 23
<17:06:41> Size 30
<17:06:41> Iterator 24
<17:06:41> Size 30
<17:06:41> Iterator 25
<17:06:41> Size 30
<17:06:41> Iterator 26
<17:06:41> Size 30
<17:06:41> Iterator 27
<17:06:41> Size 30
<17:06:41> Iterator 28
<17:06:41> Size 30
<17:06:41> Iterator 29
<17:06:41> Size 30
<17:06:41> Iterator 30
<17:06:41> Size 30
<17:08:40> BaseInput - Shutting down all force feedback
<17:08:40> ActionGame - Shutting down all force feedback
<17:08:40> CNetSyncSystem::~CNetSyncSystem & Crush?! packets_temp_bf(temp packet data buffs)
<17:08:41> System:Quit
