BackupNameAttachment=" Build(0) 31 Jul 21 (02 15 04)"  -- used by backup system
Log Started at Sat Jul 31 02:15:04 2021
Built on Oct 13 2019 19:15:33
Running 64 bit Windows version
Command Line: "D:\Games\Steam\steamapps\common\Pandemic Express\Bin/win_x64/PandemicExpress.exe"
Executable: D:\Games\Steam\steamapps\common\Pandemic Express\Bin\win_x64\PandemicExpress.exe
FileVersion: 1.0.0.0
ProductVersion: 1.0.0.0
Added MOD directory <%engineroot%/engine> to CryPak

Total number of logical processors: 12
Number of available logical processors: 12
Total number of system cores: 6
Number of cores available to process: 6
 
Processor 0:
  CPU: AMD AMD Ryzen 5 3600 6-Core Processor              
  Family: 15, Model: 1, Stepping: 0
  FPU: On-Chip
  Features: FP16, SSE, SSE2, SSE3, SSE4.2, AVX, AVX2, FMA3
  Serial number not present or disabled
 
Processor 1:
  CPU: AMD AMD Ryzen 5 3600 6-Core Processor              
  Family: 15, Model: 1, Stepping: 0
  FPU: On-Chip
  Features: FP16, SSE, SSE2, SSE3, SSE4.2, AVX, AVX2, FMA3
  Serial number not present or disabled
 
Processor 2:
  CPU: AMD AMD Ryzen 5 3600 6-Core Processor              
  Family: 15, Model: 1, Stepping: 0
  FPU: On-Chip
  Features: FP16, SSE, SSE2, SSE3, SSE4.2, AVX, AVX2, FMA3
  Serial number not present or disabled
 
Processor 3:
  CPU: AMD AMD Ryzen 5 3600 6-Core Processor              
  Family: 15, Model: 1, Stepping: 0
  FPU: On-Chip
  Features: FP16, SSE, SSE2, SSE3, SSE4.2, AVX, AVX2, FMA3
  Serial number not present or disabled
 
Processor 4:
  CPU: AMD AMD Ryzen 5 3600 6-Core Processor              
  Family: 15, Model: 1, Stepping: 0
  FPU: On-Chip
  Features: FP16, SSE, SSE2, SSE3, SSE4.2, AVX, AVX2, FMA3
  Serial number not present or disabled
 
Processor 5:
  CPU: AMD AMD Ryzen 5 3600 6-Core Processor              
  Family: 15, Model: 1, Stepping: 0
  FPU: On-Chip
  Features: FP16, SSE, SSE2, SSE3, SSE4.2, AVX, AVX2, FMA3
  Serial number not present or disabled
 
<02:15:04> Loading Config file system.cfg (system.cfg)
<02:15:04> [Error] [CVARS]: [IGNORED CHANGE] variable [sys_version] from [] to [1.1.0.000.200116]; Marked as [VF_CHEAT]
<02:15:04> OnSysSpecChange(1)
<02:15:04> [Error] [CVARS]: [IGNORED CHANGE] variable [sys_asserts] from [0] to [0]; Marked as [VF_CHEAT]
<02:15:04> GameDir: DATA
<02:15:04> <ThreadConfigInfo>: Thread profile loaded: "pc_8" (config/engine_core.thread_config)  
<02:15:04> Windows 10 64 bit (build 10.0.19043)
<02:15:04> System language: English
<02:15:04> Windows Directory: "C:\Windows"
<02:15:04> Local time is 02:15:04 07/31/21, system running for 8806 minutes
<02:15:04> 16333MB physical memory installed, 7584MB available, 134217727MB virtual memory installed, 53 percent of memory in use
<02:15:04> PageFile usage: 76MB, Working Set: 88MB, Peak PageFile usage: 76MB,
<02:15:04> Current display mode is 2560x1440x32, (Unknown graphics card)
<02:15:04> IBM enhanced (101/102-key) keyboard and 16+ button mouse installed
<02:15:04> --------------------------------------------------------------------------------
<02:15:04> OnSysSpecChange(1)
<02:15:04> Loading Config file LowSpec.cfg (data\config\lowspec.cfg)
<02:15:04> [Error] [CVARS]: [MISSING] [mfx_Timeout] is not a registered console variable; referenced when testing console variable group [sys_spec_gameeffects] = [1]
<02:15:04> [Error] [CVARS]: [MISSING] [ca_AttachmentCullingRation] is not a registered console variable; referenced when testing console variable group [sys_spec_objectdetail] = [1]
<02:15:04> [Error] [CVARS]: [MISSING] [e_DecalsLifeTimeScale] is not a registered console variable; referenced when testing console variable group [sys_spec_objectdetail] = [1]
<02:15:04> [Error] [CVARS]: [MISSING] [e_LodRatio] is not a registered console variable; referenced when testing console variable group [sys_spec_objectdetail] = [1]
<02:15:04> [Error] [CVARS]: [MISSING] [e_MaxViewDistSpecLerp] is not a registered console variable; referenced when testing console variable group [sys_spec_objectdetail] = [1]
<02:15:04> [Error] [CVARS]: [MISSING] [e_MaxViewDistance] is not a registered console variable; referenced when testing console variable group [sys_spec_objectdetail] = [1]
<02:15:04> [Error] [CVARS]: [MISSING] [e_ObjQuality] is not a registered console variable; referenced when testing console variable group [sys_spec_objectdetail] = [1]
<02:15:04> [Error] [CVARS]: [MISSING] [e_TerrainOcclusionCullingMaxDist] is not a registered console variable; referenced when testing console variable group [sys_spec_objectdetail] = [1]
<02:15:04> [Error] [CVARS]: [MISSING] [e_VegetationMinSize] is not a registered console variable; referenced when testing console variable group [sys_spec_objectdetail] = [1]
<02:15:04> [Error] [CVARS]: [MISSING] [e_ViewDistRatio] is not a registered console variable; referenced when testing console variable group [sys_spec_objectdetail] = [1]
<02:15:04> [Error] [CVARS]: [MISSING] [e_ViewDistRatioCustom] is not a registered console variable; referenced when testing console variable group [sys_spec_objectdetail] = [1]
<02:15:04> [Error] [CVARS]: [MISSING] [e_ViewDistRatioDetail] is not a registered console variable; referenced when testing console variable group [sys_spec_objectdetail] = [1]
<02:15:04> [Error] [CVARS]: [MISSING] [e_ViewDistRatioLights] is not a registered console variable; referenced when testing console variable group [sys_spec_objectdetail] = [1]
<02:15:04> [Error] [CVARS]: [MISSING] [e_ViewDistRatioVegetation] is not a registered console variable; referenced when testing console variable group [sys_spec_objectdetail] = [1]
<02:15:04> [Error] [CVARS]: [MISSING] [es_DebrisLifetimeScale] is not a registered console variable; referenced when testing console variable group [sys_spec_objectdetail] = [1]
<02:15:04> [Error] [CVARS]: [MISSING] [e_DecalsOverlapping] is not a registered console variable; referenced when testing console variable group [sys_spec_objectdetail] = [1]
<02:15:04> [Error] [CVARS]: [MISSING] [e_LodMin] is not a registered console variable; referenced when testing console variable group [sys_spec_objectdetail] = [1]
<02:15:04> [Error] [CVARS]: [MISSING] [e_MergedMeshesInstanceDist] is not a registered console variable; referenced when testing console variable group [sys_spec_objectdetail] = [1]
<02:15:04> [Error] [CVARS]: [MISSING] [e_MergedMeshesPool] is not a registered console variable; referenced when testing console variable group [sys_spec_objectdetail] = [1]
<02:15:04> [Error] [CVARS]: [MISSING] [e_OcclusionCullingViewDistRatio] is not a registered console variable; referenced when testing console variable group [sys_spec_objectdetail] = [1]
<02:15:04> [Error] [CVARS]: [MISSING] [e_TerrainLodRatio] is not a registered console variable; referenced when testing console variable group [sys_spec_objectdetail] = [1]
<02:15:04> [Error] [CVARS]: [MISSING] [e_Tessellation] is not a registered console variable; referenced when testing console variable group [sys_spec_objectdetail] = [1]
<02:15:04> [Error] [CVARS]: [MISSING] [e_ViewDistMin] is not a registered console variable; referenced when testing console variable group [sys_spec_objectdetail] = [1]
<02:15:04> [Error] [CVARS]: [MISSING] [e_ParticlesMaxScreenFill] is not a registered console variable; referenced when testing console variable group [sys_spec_particles] = [1]
<02:15:04> [Error] [CVARS]: [MISSING] [e_ParticlesMinDrawPixels] is not a registered console variable; referenced when testing console variable group [sys_spec_particles] = [1]
<02:15:04> [Error] [CVARS]: [MISSING] [e_ParticlesObjectCollisions] is not a registered console variable; referenced when testing console variable group [sys_spec_particles] = [1]
<02:15:04> [Error] [CVARS]: [MISSING] [e_ParticlesQuality] is not a registered console variable; referenced when testing console variable group [sys_spec_particles] = [1]
<02:15:04> [Error] [CVARS]: [MISSING] [e_ParticlesMotionBlur] is not a registered console variable; referenced when testing console variable group [sys_spec_particles] = [1]
<02:15:04> [Error] [CVARS]: [MISSING] [e_CullVegActivation] is not a registered console variable; referenced when testing console variable group [sys_spec_physics] = [1]
<02:15:04> [Error] [CVARS]: [MISSING] [e_FoliageWindActivationDist] is not a registered console variable; referenced when testing console variable group [sys_spec_physics] = [1]
<02:15:04> [Error] [CVARS]: [MISSING] [e_PhysOceanCell] is not a registered console variable; referenced when testing console variable group [sys_spec_physics] = [1]
<02:15:04> [Error] [CVARS]: [MISSING] [es_MaxPhysDist] is not a registered console variable; referenced when testing console variable group [sys_spec_physics] = [1]
<02:15:04> [Error] [CVARS]: [MISSING] [es_MaxPhysDistInvisible] is not a registered console variable; referenced when testing console variable group [sys_spec_physics] = [1]
<02:15:04> [Error] [CVARS]: [MISSING] [g_breakage_particles_limit] is not a registered console variable; referenced when testing console variable group [sys_spec_physics] = [1]
<02:15:04> [Error] [CVARS]: [MISSING] [g_tree_cut_reuse_dist] is not a registered console variable; referenced when testing console variable group [sys_spec_physics] = [1]
<02:15:04> [Error] [CVARS]: [MISSING] [p_max_MC_iters] is not a registered console variable; referenced when testing console variable group [sys_spec_physics] = [1]
<02:15:04> [Error] [CVARS]: [MISSING] [p_max_substeps] is not a registered console variable; referenced when testing console variable group [sys_spec_physics] = [1]
<02:15:04> [Error] [CVARS]: [MISSING] [e_PhysProxyTriLimit] is not a registered console variable; referenced when testing console variable group [sys_spec_physics] = [1]
<02:15:04> [Error] [CVARS]: [MISSING] [p_max_object_splashes] is not a registered console variable; referenced when testing console variable group [sys_spec_physics] = [1]
<02:15:04> [Error] [CVARS]: [MISSING] [p_max_substeps_large_group] is not a registered console variable; referenced when testing console variable group [sys_spec_physics] = [1]
<02:15:04> [Error] [CVARS]: [MISSING] [p_num_bodies_large_group] is not a registered console variable; referenced when testing console variable group [sys_spec_physics] = [1]
<02:15:04> [Error] [CVARS]: [MISSING] [p_splash_dist0] is not a registered console variable; referenced when testing console variable group [sys_spec_physics] = [1]
<02:15:04> [Error] [CVARS]: [MISSING] [p_splash_dist1] is not a registered console variable; referenced when testing console variable group [sys_spec_physics] = [1]
<02:15:04> [Error] [CVARS]: [MISSING] [p_splash_force0] is not a registered console variable; referenced when testing console variable group [sys_spec_physics] = [1]
<02:15:04> [Error] [CVARS]: [MISSING] [p_splash_force1] is not a registered console variable; referenced when testing console variable group [sys_spec_physics] = [1]
<02:15:04> [Error] [CVARS]: [MISSING] [p_splash_vel0] is not a registered console variable; referenced when testing console variable group [sys_spec_physics] = [1]
<02:15:04> [Error] [CVARS]: [MISSING] [p_splash_vel1] is not a registered console variable; referenced when testing console variable group [sys_spec_physics] = [1]
<02:15:04> [Error] [CVARS]: [MISSING] [e_DynamicLightsMaxEntityLights] is not a registered console variable; referenced when testing console variable group [sys_spec_shading] = [1]
<02:15:04> [Error] [CVARS]: [MISSING] [e_SkyUpdateRate] is not a registered console variable; referenced when testing console variable group [sys_spec_shading] = [1]
<02:15:04> [Error] [CVARS]: [MISSING] [e_svoTI_Apply] is not a registered console variable; referenced when testing console variable group [sys_spec_shading] = [1]
<02:15:04> [Error] [CVARS]: [MISSING] [e_svoTI_RsmConeMaxLength] is not a registered console variable; referenced when testing console variable group [sys_spec_shading] = [1]
<02:15:04> [Error] [CVARS]: [MISSING] [e_svoTI_RsmUseColors] is not a registered console variable; referenced when testing console variable group [sys_spec_shading] = [1]
<02:15:04> [Error] [CVARS]: [MISSING] [e_svoTi_Active] is not a registered console variable; referenced when testing console variable group [sys_spec_shading] = [1]
<02:15:04> [Error] [CVARS]: [MISSING] [e_svoti_LowSpecMode] is not a registered console variable; referenced when testing console variable group [sys_spec_shading] = [1]
<02:15:04> [Error] [CVARS]: [MISSING] [e_LightVolumes] is not a registered console variable; referenced when testing console variable group [sys_spec_shading] = [1]
<02:15:04> [Error] [CVARS]: [MISSING] [e_VegetationUseTerrainColor] is not a registered console variable; referenced when testing console variable group [sys_spec_shading] = [1]
<02:15:04> [Error] [CVARS]: [MISSING] [e_GsmLodsNum] is not a registered console variable; referenced when testing console variable group [sys_spec_shadows] = [1]
<02:15:04> [Error] [CVARS]: [MISSING] [e_GsmRange] is not a registered console variable; referenced when testing console variable group [sys_spec_shadows] = [1]
<02:15:04> [Error] [CVARS]: [MISSING] [e_ObjShadowCastSpec] is not a registered console variable; referenced when testing console variable group [sys_spec_shadows] = [1]
<02:15:04> [Error] [CVARS]: [MISSING] [e_ParticlesShadows] is not a registered console variable; referenced when testing console variable group [sys_spec_shadows] = [1]
<02:15:04> [Error] [CVARS]: [MISSING] [e_Shadows] is not a registered console variable; referenced when testing console variable group [sys_spec_shadows] = [1]
<02:15:04> [Error] [CVARS]: [MISSING] [e_ShadowsBlendCascades] is not a registered console variable; referenced when testing console variable group [sys_spec_shadows] = [1]
<02:15:04> [Error] [CVARS]: [MISSING] [e_ShadowsCastViewDistRatio] is not a registered console variable; referenced when testing console variable group [sys_spec_shadows] = [1]
<02:15:04> [Error] [CVARS]: [MISSING] [e_ShadowsLodBiasFixed] is not a registered console variable; referenced when testing console variable group [sys_spec_shadows] = [1]
<02:15:04> [Error] [CVARS]: [MISSING] [e_ShadowsMaxTexRes] is not a registered console variable; referenced when testing console variable group [sys_spec_shadows] = [1]
<02:15:04> [Error] [CVARS]: [MISSING] [e_ShadowsPoolSize] is not a registered console variable; referenced when testing console variable group [sys_spec_shadows] = [1]
<02:15:04> [Error] [CVARS]: [MISSING] [e_ShadowsResScale] is not a registered console variable; referenced when testing console variable group [sys_spec_shadows] = [1]
<02:15:04> [Error] [CVARS]: [MISSING] [e_ShadowsTessellateCascades] is not a registered console variable; referenced when testing console variable group [sys_spec_shadows] = [1]
<02:15:04> [Error] [CVARS]: [MISSING] [e_ShadowsTessellateDLights] is not a registered console variable; referenced when testing console variable group [sys_spec_shadows] = [1]
<02:15:04> [Error] [CVARS]: [MISSING] [e_ShadowsUpdateViewDistRatio] is not a registered console variable; referenced when testing console variable group [sys_spec_shadows] = [1]
<02:15:04> [Error] [CVARS]: [MISSING] [e_VolumetricFog] is not a registered console variable; referenced when testing console variable group [sys_spec_volumetriceffects] = [1]
<02:15:04> [Error] [CVARS]: [MISSING] [e_fog] is not a registered console variable; referenced when testing console variable group [sys_spec_volumetriceffects] = [1]
<02:15:04> [Error] [CVARS]: [MISSING] [e_Clouds] is not a registered console variable; referenced when testing console variable group [sys_spec_volumetriceffects] = [1]
<02:15:04> [Error] [CVARS]: [MISSING] [e_WaterOceanFFT] is not a registered console variable; referenced when testing console variable group [sys_spec_water] = [1]
<02:15:04> [Error] [CVARS]: [MISSING] [e_WaterTessellationAmount] is not a registered console variable; referenced when testing console variable group [sys_spec_water] = [1]
<02:15:04> [Error] [CVARS]: [MISSING] [e_WaterTessellationAmountX] is not a registered console variable; referenced when testing console variable group [sys_spec_water] = [1]
<02:15:04> [Error] [CVARS]: [MISSING] [e_WaterTessellationAmountY] is not a registered console variable; referenced when testing console variable group [sys_spec_water] = [1]
<02:15:04> [Error] [CVARS]: [MISSING] [e_WaterTessellationSwathWidth] is not a registered console variable; referenced when testing console variable group [sys_spec_water] = [1]
<02:15:04> Loading Config file game.cfg (data\game.cfg)
<02:15:04> [Warning] [CVARS]: [CHANGED] variable [sys_asserts] from [0] to [0]; Marked as [VF_CHEAT]
<02:15:04> [Warning] Modifying marked variables will not be allowed in Release mode!
<02:15:04> Stream Engine Initialization
<02:15:04> GameName: Pandemic Express
<02:15:04> BuildTime: Oct 13 2019 19:15:33
<02:15:04> Physics initialization
<02:15:04> Localized language content(english) not available or modified from the original installation.
<02:15:04> Localized language content(english) not available or modified from the original installation.
<02:15:04> Localized language content(english) not available or modified from the original installation.
<02:15:04> <Audio>: AudioSystem initialization
<02:15:04> <Audio> <0.106>: CryAudioImplWwise loaded
<02:15:05> Renderer initialization
<02:15:05> Logging video adapters:
<02:15:05> - NVIDIA GeForce RTX 3070 (vendor = 0x10de, device = 0x2484)
<02:15:05>   - Adapter index: 0
<02:15:05>   - Dedicated video memory: 8043 MB
<02:15:05>   - Feature level: DX11 (SM 5.0)
<02:15:05>   - Displays connected: yes
<02:15:05>   - Suitable rendering device: yes
<02:15:05> - Microsoft Basic Render Driver (vendor = 0x1414, device = 0x008c)
<02:15:05>   - Adapter index: 1
<02:15:05>   - Dedicated video memory: 0 MB
<02:15:05>   - Feature level: DX11 (SM 5.0)
<02:15:05>   - Displays connected: no
<02:15:05>   - Suitable rendering device: no
<02:15:06> Active GPUs: 1
<02:15:06> [Renderer] A display device has been connected to the system
<02:15:06> Loading plugin CryDefaultEntities
<02:15:06> Loading plugin CrySchematycCore
<02:15:06> DLL Failed to load, error code: 7E
<02:15:06> Loading plugin CrySchematycSTDEnv
<02:15:06> DLL Failed to load, error code: 7E
<02:15:06> Loading plugin CrySensorSystem
<02:15:06> DLL Failed to load, error code: 7E
<02:15:06> Loading extension file cryplugin.csv
<02:15:06> Loading plugin ProcAnRandGenerator.dll
<02:15:06> Loading plugin PlayFab.dll
<02:15:06> Loading plugin CEVPlayer.dll
<02:15:07> Font initialization
<02:15:07> Using FreeType 2.5.5
<02:15:08> Network initialization
<02:15:08> [net] Socket IO management: External [iocp], Internal [iocp]
<02:15:08> network hostname: DESKTOP-GKEDPQ6
<02:15:08>   ip:26.90.194.210
<02:15:08>   ip:192.168.20.16
<02:15:08> [Network Version]: PROFILE DEVELOPMENT BUILD
<02:15:08> MovieSystem initialization
<02:15:08> Console initialization
<02:15:08> Time initialization
<02:15:08> Input initialization
<02:15:08> AI initialization
<02:15:08>  
<02:15:08>     con_debug = 0 []
<02:15:08>     con_display_last_messages = 0 []
<02:15:08>     con_line_buffer_size = 1000 []
<02:15:08>     con_restricted = 0 [RESTRICTEDMODE]
<02:15:08>     con_showonload = 0 []
<02:15:08>  
<02:15:08>     con_debug = 0 []
<02:15:08>     con_display_last_messages = 0 []
<02:15:08>     con_line_buffer_size = 1000 []
<02:15:08>     con_restricted = 0 [RESTRICTEDMODE]
<02:15:08>     con_showonload = 0 []
<02:15:08>  
<02:15:08>     con_debug = 0 []
<02:15:08>  
<02:15:08>     con_debug = 0 []
<02:15:08> Initializing Animation System
<02:15:08> Initializing 3D Engine
<02:15:08> Script System Initialization
<02:15:08> Entity system initialization
<02:15:08> Initializing AI System
<02:15:08> Initializing additional systems
<02:15:08> Dynamic Response System initialization
<02:15:08> DLL Failed to load, error code: 7E
<02:15:08> No Dynamic Response System was loaded from a module, will use the NULL implementation.
<02:15:08> [Steam] Steam API initialized successfully
<02:15:08> <ThreadConfigInfo>: [XML Parsing] Thread with name "Main" already loaded. Overriding with new configuration
<02:15:08> <ThreadConfigInfo>: [XML Parsing] Thread with name "Network" already loaded. Overriding with new configuration
<02:15:08> <ThreadConfigInfo>: [XML Parsing] Thread with name "NetworkStallTicker" already loaded. Overriding with new configuration
<02:15:08> <ThreadConfigInfo>: [XML Parsing] Thread with name "ZLibCompressor" already loaded. Overriding with new configuration
<02:15:08> <ThreadConfigInfo>: [XML Parsing] Thread with name "NetworkStallTicker" already loaded. Overriding with new configuration
<02:15:08> <ThreadConfigInfo>: [XML Parsing] Thread with name "ZLibCompressor" already loaded. Overriding with new configuration
<02:15:08> <ThreadConfigInfo>: [XML Parsing] Thread with name "TelemetryCopier" already loaded. Overriding with new configuration
<02:15:08> <ThreadConfigInfo>: [XML Parsing] Thread with name "StatsAgent" already loaded. Overriding with new configuration
<02:15:08> <ThreadConfigInfo>: Thread profile loaded: "pc_8" (config/game.thread_config)  
<02:15:08> Initializing default materials...
<02:15:14> [MFX] Loading FXLib 'breakables' ...
<02:15:14> [MFX] Loading FXLib 'collisions' ...
<02:15:14> [MFX] Loading FXLib 'foley' ...
<02:15:14> [MFX] Loading FXLib 'foley_grunt' ...
<02:15:14> [MFX] Loading FXLib 'foley_player' ...
<02:15:14> [MFX] Loading FXLib 'footstep_grunt' ...
<02:15:14> [MFX] Loading FXLib 'footstep_player' ...
<02:15:14> [MFX] Loading FXLib 'footsteps' ...
<02:15:14> [MFX] Loading FXLib 'grenade' ...
<02:15:14> [MFX] Loading FXLib 'melee' ...
<02:15:14> [MFX] Loading FXLib 'player_fx' ...
<02:15:14> [MFX] Loading FXLib 'projectiles' ...
<02:15:14> [MFX] Loading FXLib 'tornado' ...
<02:15:14> [MFX] Loading FXLib 'vegetation' ...
<02:15:14> [MFX] Loading FXLib 'vehicles' ...
<02:15:14> [MFX] Loading FXLib 'breakables' ...
<02:15:14> [MFX] Loading FXLib 'collisions' ...
<02:15:14> [MFX] Loading FXLib 'foley' ...
<02:15:14> [MFX] Loading FXLib 'foley_grunt' ...
<02:15:14> [MFX] Loading FXLib 'foley_player' ...
<02:15:14> [MFX] Loading FXLib 'footstep_grunt' ...
<02:15:14> [MFX] Loading FXLib 'footstep_player' ...
<02:15:14> [MFX] Loading FXLib 'footsteps' ...
<02:15:14> [MFX] Loading FXLib 'grenade' ...
<02:15:14> [MFX] Loading FXLib 'melee' ...
<02:15:14> [MFX] Loading FXLib 'player_fx' ...
<02:15:14> [MFX] Loading FXLib 'projectiles' ...
<02:15:14> [MFX] Loading FXLib 'tornado' ...
<02:15:14> [MFX] Loading FXLib 'vegetation' ...
<02:15:14> [MFX] Loading FXLib 'vehicles' ...
<02:15:14> Creating socket on port 2838
<02:15:14> CreateDatagramSocket c1
<02:15:14> CreateDatagramSocket c2
<02:16:41> [MFX] Loading FXLib 'breakables' ...
<02:16:41> [MFX] Loading FXLib 'collisions' ...
<02:16:41> [MFX] Loading FXLib 'foley' ...
<02:16:41> [MFX] Loading FXLib 'foley_grunt' ...
<02:16:41> [MFX] Loading FXLib 'foley_player' ...
<02:16:41> [MFX] Loading FXLib 'footstep_grunt' ...
<02:16:41> [MFX] Loading FXLib 'footstep_player' ...
<02:16:41> [MFX] Loading FXLib 'footsteps' ...
<02:16:41> [MFX] Loading FXLib 'grenade' ...
<02:16:41> [MFX] Loading FXLib 'melee' ...
<02:16:41> [MFX] Loading FXLib 'player_fx' ...
<02:16:41> [MFX] Loading FXLib 'projectiles' ...
<02:16:41> [MFX] Loading FXLib 'tornado' ...
<02:16:41> [MFX] Loading FXLib 'vegetation' ...
<02:16:41> [MFX] Loading FXLib 'vehicles' ...
<02:16:41> ============================ Loading level WhereThe ============================
<02:16:41> CreateDatagramSocket c1
<02:16:41> CreateDatagramSocket c2
<02:16:41> CreateDatagramSocket c1
<02:16:41> CreateDatagramSocket c2
<02:16:51> PLAYERNAME Kornflakes
<02:16:51> CryAnimation: character-definition not found: objects/characters/man.cdf
<02:17:47>     sys_spec = 3 []
<02:17:47>     sys_spec_full = 3 []
<02:17:47> =============================================================================
<02:17:47> *ERROR
<02:17:47> =============================================================================
<02:17:47> Trying to access CThreadSafeWorkerContainer from an unspecified none-worker thread. Current specified none-worker threadId with access rights: 89473104
<02:17:47> Windows 10 64 bit (build 10.0.19043)
<02:17:47> System language: English
<02:17:47> Windows Directory: "C:\Windows"
<02:17:47> Local time is 02:17:47 07/31/21, system running for 8809 minutes
<02:17:47> 16333MB physical memory installed, 4822MB available, 134217727MB virtual memory installed, 70 percent of memory in use
<02:17:47> PageFile usage: 6232MB, Working Set: 2903MB, Peak PageFile usage: 6236MB,
<02:17:47> Current display mode is 2560x1440x32, (Unknown graphics card)
<02:17:47> IBM enhanced (101/102-key) keyboard and 16+ button mouse installed
<02:17:47> --------------------------------------------------------------------------------
<02:17:47> Cry3DEngine.dll Used in module:-77219112 Allocations:195518
<02:17:47> CryAction.dll Used in module:-33462968 Allocations:1495866
<02:17:47> CryAISystem.dll Used in module:-7890911 Allocations:106578
<02:17:47> CryAnimation.dll Used in module:-11525851 Allocations:396997
<02:17:47> CryEntitySystem.dll Used in module:-21285716 Allocations:92905
<02:17:47> CryFont.dll Used in module:-9851 Allocations:523
<02:17:47> CryInput.dll Used in module:-1069 Allocations:1289
<02:17:47> CryMovie.dll Used in module:-42260 Allocations:5897
<02:17:47> CryNetwork.dll Used in module:-78616263 Allocations:10393
<02:17:47> CryLobby.dll Used in module:-1145 Allocations:29
<02:17:47> CryPhysics.dll Used in module:-53810248 Allocations:30193
<02:17:47> CryScriptSystem.dll Used in module:-25365228 Allocations:268765
<02:17:47> CryAudioSystem.dll Used in module:-314 Allocations:100
<02:17:47> CrySystem.dll Used in module:-221952475 Allocations:2238165
<02:17:47> TheHunting Used in module:-18162162 Allocations:711642
<02:17:47>     ----- CallStack (Frame: 97529) -----
Trying to access CThreadSafeWorkerContainer from an unspecified none-worker thread. Current specified none-worker threadId with access rights: 89473104
<CRITICAL EXCEPTION>
Exception: 0x00000001, at Address: 0x0033:0x00007FFE132F7BF0
Virtual memory usage: 6291Mb
Debug Status: 01:27
Last D3D debug message: No message queued. Debug runtime might be inactive or not installed.
Exception Code: FATAL_ERROR
Exception Addr: 
Exception Module: 
Exception Name  : FATAL_ERROR
Exception Description: 
Exception Code: FATAL_ERROR
Exception Addr: 
Exception Module: 
Exception Description: FATAL_ERROR, 
Memory in use: 6291.8MB
Debug Status: 01:27
Out of Memory: 0
MainThread Id: 5072
RenderThread Id: 13532
[Crashed] Thread Id: 5072
[Crashed] ThreadName: Main

[Crashed] Call Stack: ["Main" [5072]]

