BackupNameAttachment=" Build(0) 19 Mar 22 (21 53 59)"  -- used by backup system
Log Started at Sat Mar 19 21:53:59 2022
Built on Oct 13 2019 19:15:33
Running 64 bit Windows version
Command Line: "E:\Games\Steam\steamapps\common\Pandemic Express\Bin/win_x64/PandemicExpress.exe"
Executable: E:\Games\Steam\steamapps\common\Pandemic Express\Bin\win_x64\PandemicExpress.exe
FileVersion: 1.0.0.0
ProductVersion: 1.0.0.0
Added MOD directory <%engineroot%/engine> to CryPak

Total number of logical processors: 12
Number of available logical processors: 12
Total number of system cores: 6
Number of cores available to process: 6
 
Processor 0:
  CPU: AMD AMD Ryzen 5 3600 6-Core Processor              
  Family: 15, Model: 1, Stepping: 0
  FPU: On-Chip
  Features: FP16, SSE, SSE2, SSE3, SSE4.2, AVX, AVX2, FMA3
  Serial number not present or disabled
 
Processor 1:
  CPU: AMD AMD Ryzen 5 3600 6-Core Processor              
  Family: 15, Model: 1, Stepping: 0
  FPU: On-Chip
  Features: FP16, SSE, SSE2, SSE3, SSE4.2, AVX, AVX2, FMA3
  Serial number not present or disabled
 
Processor 2:
  CPU: AMD AMD Ryzen 5 3600 6-Core Processor              
  Family: 15, Model: 1, Stepping: 0
  FPU: On-Chip
  Features: FP16, SSE, SSE2, SSE3, SSE4.2, AVX, AVX2, FMA3
  Serial number not present or disabled
 
Processor 3:
  CPU: AMD AMD Ryzen 5 3600 6-Core Processor              
  Family: 15, Model: 1, Stepping: 0
  FPU: On-Chip
  Features: FP16, SSE, SSE2, SSE3, SSE4.2, AVX, AVX2, FMA3
  Serial number not present or disabled
 
Processor 4:
  CPU: AMD AMD Ryzen 5 3600 6-Core Processor              
  Family: 15, Model: 1, Stepping: 0
  FPU: On-Chip
  Features: FP16, SSE, SSE2, SSE3, SSE4.2, AVX, AVX2, FMA3
  Serial number not present or disabled
 
Processor 5:
  CPU: AMD AMD Ryzen 5 3600 6-Core Processor              
  Family: 15, Model: 1, Stepping: 0
  FPU: On-Chip
  Features: FP16, SSE, SSE2, SSE3, SSE4.2, AVX, AVX2, FMA3
  Serial number not present or disabled
 
<21:53:59> Loading Config file system.cfg (system.cfg)
<21:53:59> [Error] [CVARS]: [IGNORED CHANGE] variable [sys_version] from [] to [1.1.0.000.200116]; Marked as [VF_CHEAT]
<21:53:59> OnSysSpecChange(1)
<21:53:59> [Error] [CVARS]: [IGNORED CHANGE] variable [sys_asserts] from [0] to [0]; Marked as [VF_CHEAT]
<21:53:59> GameDir: DATA
<21:54:00> <ThreadConfigInfo>: Thread profile loaded: "pc_8" (config/engine_core.thread_config)  
<21:54:00> Windows 10 64 bit (build 10.0.22000)
<21:54:00> System language: English
<21:54:00> Windows Directory: "C:\Windows"
<21:54:00> Local time is 21:54:00 03/19/22, system running for 1705 minutes
<21:54:00> 16336MB physical memory installed, 9326MB available, 134217727MB virtual memory installed, 42 percent of memory in use
<21:54:00> PageFile usage: 76MB, Working Set: 89MB, Peak PageFile usage: 76MB,
<21:54:00> Current display mode is 2560x1440x32, (Unknown graphics card)
<21:54:00> IBM enhanced (101/102-key) keyboard and 16+ button mouse installed
<21:54:00> --------------------------------------------------------------------------------
<21:54:00> OnSysSpecChange(1)
<21:54:00> Loading Config file LowSpec.cfg (data\config\lowspec.cfg)
<21:54:00> [Error] [CVARS]: [MISSING] [mfx_Timeout] is not a registered console variable; referenced when testing console variable group [sys_spec_gameeffects] = [1]
<21:54:00> [Error] [CVARS]: [MISSING] [ca_AttachmentCullingRation] is not a registered console variable; referenced when testing console variable group [sys_spec_objectdetail] = [1]
<21:54:00> [Error] [CVARS]: [MISSING] [e_DecalsLifeTimeScale] is not a registered console variable; referenced when testing console variable group [sys_spec_objectdetail] = [1]
<21:54:00> [Error] [CVARS]: [MISSING] [e_LodRatio] is not a registered console variable; referenced when testing console variable group [sys_spec_objectdetail] = [1]
<21:54:00> [Error] [CVARS]: [MISSING] [e_MaxViewDistSpecLerp] is not a registered console variable; referenced when testing console variable group [sys_spec_objectdetail] = [1]
<21:54:00> [Error] [CVARS]: [MISSING] [e_MaxViewDistance] is not a registered console variable; referenced when testing console variable group [sys_spec_objectdetail] = [1]
<21:54:00> [Error] [CVARS]: [MISSING] [e_ObjQuality] is not a registered console variable; referenced when testing console variable group [sys_spec_objectdetail] = [1]
<21:54:00> [Error] [CVARS]: [MISSING] [e_TerrainOcclusionCullingMaxDist] is not a registered console variable; referenced when testing console variable group [sys_spec_objectdetail] = [1]
<21:54:00> [Error] [CVARS]: [MISSING] [e_VegetationMinSize] is not a registered console variable; referenced when testing console variable group [sys_spec_objectdetail] = [1]
<21:54:00> [Error] [CVARS]: [MISSING] [e_ViewDistRatio] is not a registered console variable; referenced when testing console variable group [sys_spec_objectdetail] = [1]
<21:54:00> [Error] [CVARS]: [MISSING] [e_ViewDistRatioCustom] is not a registered console variable; referenced when testing console variable group [sys_spec_objectdetail] = [1]
<21:54:00> [Error] [CVARS]: [MISSING] [e_ViewDistRatioDetail] is not a registered console variable; referenced when testing console variable group [sys_spec_objectdetail] = [1]
<21:54:00> [Error] [CVARS]: [MISSING] [e_ViewDistRatioLights] is not a registered console variable; referenced when testing console variable group [sys_spec_objectdetail] = [1]
<21:54:00> [Error] [CVARS]: [MISSING] [e_ViewDistRatioVegetation] is not a registered console variable; referenced when testing console variable group [sys_spec_objectdetail] = [1]
<21:54:00> [Error] [CVARS]: [MISSING] [es_DebrisLifetimeScale] is not a registered console variable; referenced when testing console variable group [sys_spec_objectdetail] = [1]
<21:54:00> [Error] [CVARS]: [MISSING] [e_DecalsOverlapping] is not a registered console variable; referenced when testing console variable group [sys_spec_objectdetail] = [1]
<21:54:00> [Error] [CVARS]: [MISSING] [e_LodMin] is not a registered console variable; referenced when testing console variable group [sys_spec_objectdetail] = [1]
<21:54:00> [Error] [CVARS]: [MISSING] [e_MergedMeshesInstanceDist] is not a registered console variable; referenced when testing console variable group [sys_spec_objectdetail] = [1]
<21:54:00> [Error] [CVARS]: [MISSING] [e_MergedMeshesPool] is not a registered console variable; referenced when testing console variable group [sys_spec_objectdetail] = [1]
<21:54:00> [Error] [CVARS]: [MISSING] [e_OcclusionCullingViewDistRatio] is not a registered console variable; referenced when testing console variable group [sys_spec_objectdetail] = [1]
<21:54:00> [Error] [CVARS]: [MISSING] [e_TerrainLodRatio] is not a registered console variable; referenced when testing console variable group [sys_spec_objectdetail] = [1]
<21:54:00> [Error] [CVARS]: [MISSING] [e_Tessellation] is not a registered console variable; referenced when testing console variable group [sys_spec_objectdetail] = [1]
<21:54:00> [Error] [CVARS]: [MISSING] [e_ViewDistMin] is not a registered console variable; referenced when testing console variable group [sys_spec_objectdetail] = [1]
<21:54:00> [Error] [CVARS]: [MISSING] [e_ParticlesMaxScreenFill] is not a registered console variable; referenced when testing console variable group [sys_spec_particles] = [1]
<21:54:00> [Error] [CVARS]: [MISSING] [e_ParticlesMinDrawPixels] is not a registered console variable; referenced when testing console variable group [sys_spec_particles] = [1]
<21:54:00> [Error] [CVARS]: [MISSING] [e_ParticlesObjectCollisions] is not a registered console variable; referenced when testing console variable group [sys_spec_particles] = [1]
<21:54:00> [Error] [CVARS]: [MISSING] [e_ParticlesQuality] is not a registered console variable; referenced when testing console variable group [sys_spec_particles] = [1]
<21:54:00> [Error] [CVARS]: [MISSING] [e_ParticlesMotionBlur] is not a registered console variable; referenced when testing console variable group [sys_spec_particles] = [1]
<21:54:00> [Error] [CVARS]: [MISSING] [e_CullVegActivation] is not a registered console variable; referenced when testing console variable group [sys_spec_physics] = [1]
<21:54:00> [Error] [CVARS]: [MISSING] [e_FoliageWindActivationDist] is not a registered console variable; referenced when testing console variable group [sys_spec_physics] = [1]
<21:54:00> [Error] [CVARS]: [MISSING] [e_PhysOceanCell] is not a registered console variable; referenced when testing console variable group [sys_spec_physics] = [1]
<21:54:00> [Error] [CVARS]: [MISSING] [es_MaxPhysDist] is not a registered console variable; referenced when testing console variable group [sys_spec_physics] = [1]
<21:54:00> [Error] [CVARS]: [MISSING] [es_MaxPhysDistInvisible] is not a registered console variable; referenced when testing console variable group [sys_spec_physics] = [1]
<21:54:00> [Error] [CVARS]: [MISSING] [g_breakage_particles_limit] is not a registered console variable; referenced when testing console variable group [sys_spec_physics] = [1]
<21:54:00> [Error] [CVARS]: [MISSING] [g_tree_cut_reuse_dist] is not a registered console variable; referenced when testing console variable group [sys_spec_physics] = [1]
<21:54:00> [Error] [CVARS]: [MISSING] [p_max_MC_iters] is not a registered console variable; referenced when testing console variable group [sys_spec_physics] = [1]
<21:54:00> [Error] [CVARS]: [MISSING] [p_max_substeps] is not a registered console variable; referenced when testing console variable group [sys_spec_physics] = [1]
<21:54:00> [Error] [CVARS]: [MISSING] [e_PhysProxyTriLimit] is not a registered console variable; referenced when testing console variable group [sys_spec_physics] = [1]
<21:54:00> [Error] [CVARS]: [MISSING] [p_max_object_splashes] is not a registered console variable; referenced when testing console variable group [sys_spec_physics] = [1]
<21:54:00> [Error] [CVARS]: [MISSING] [p_max_substeps_large_group] is not a registered console variable; referenced when testing console variable group [sys_spec_physics] = [1]
<21:54:00> [Error] [CVARS]: [MISSING] [p_num_bodies_large_group] is not a registered console variable; referenced when testing console variable group [sys_spec_physics] = [1]
<21:54:00> [Error] [CVARS]: [MISSING] [p_splash_dist0] is not a registered console variable; referenced when testing console variable group [sys_spec_physics] = [1]
<21:54:00> [Error] [CVARS]: [MISSING] [p_splash_dist1] is not a registered console variable; referenced when testing console variable group [sys_spec_physics] = [1]
<21:54:00> [Error] [CVARS]: [MISSING] [p_splash_force0] is not a registered console variable; referenced when testing console variable group [sys_spec_physics] = [1]
<21:54:00> [Error] [CVARS]: [MISSING] [p_splash_force1] is not a registered console variable; referenced when testing console variable group [sys_spec_physics] = [1]
<21:54:00> [Error] [CVARS]: [MISSING] [p_splash_vel0] is not a registered console variable; referenced when testing console variable group [sys_spec_physics] = [1]
<21:54:00> [Error] [CVARS]: [MISSING] [p_splash_vel1] is not a registered console variable; referenced when testing console variable group [sys_spec_physics] = [1]
<21:54:00> [Error] [CVARS]: [MISSING] [e_DynamicLightsMaxEntityLights] is not a registered console variable; referenced when testing console variable group [sys_spec_shading] = [1]
<21:54:00> [Error] [CVARS]: [MISSING] [e_SkyUpdateRate] is not a registered console variable; referenced when testing console variable group [sys_spec_shading] = [1]
<21:54:00> [Error] [CVARS]: [MISSING] [e_svoTI_Apply] is not a registered console variable; referenced when testing console variable group [sys_spec_shading] = [1]
<21:54:00> [Error] [CVARS]: [MISSING] [e_svoTI_RsmConeMaxLength] is not a registered console variable; referenced when testing console variable group [sys_spec_shading] = [1]
<21:54:00> [Error] [CVARS]: [MISSING] [e_svoTI_RsmUseColors] is not a registered console variable; referenced when testing console variable group [sys_spec_shading] = [1]
<21:54:00> [Error] [CVARS]: [MISSING] [e_svoTi_Active] is not a registered console variable; referenced when testing console variable group [sys_spec_shading] = [1]
<21:54:00> [Error] [CVARS]: [MISSING] [e_svoti_LowSpecMode] is not a registered console variable; referenced when testing console variable group [sys_spec_shading] = [1]
<21:54:00> [Error] [CVARS]: [MISSING] [e_LightVolumes] is not a registered console variable; referenced when testing console variable group [sys_spec_shading] = [1]
<21:54:00> [Error] [CVARS]: [MISSING] [e_VegetationUseTerrainColor] is not a registered console variable; referenced when testing console variable group [sys_spec_shading] = [1]
<21:54:00> [Error] [CVARS]: [MISSING] [e_GsmLodsNum] is not a registered console variable; referenced when testing console variable group [sys_spec_shadows] = [1]
<21:54:00> [Error] [CVARS]: [MISSING] [e_GsmRange] is not a registered console variable; referenced when testing console variable group [sys_spec_shadows] = [1]
<21:54:00> [Error] [CVARS]: [MISSING] [e_ObjShadowCastSpec] is not a registered console variable; referenced when testing console variable group [sys_spec_shadows] = [1]
<21:54:00> [Error] [CVARS]: [MISSING] [e_ParticlesShadows] is not a registered console variable; referenced when testing console variable group [sys_spec_shadows] = [1]
<21:54:00> [Error] [CVARS]: [MISSING] [e_Shadows] is not a registered console variable; referenced when testing console variable group [sys_spec_shadows] = [1]
<21:54:00> [Error] [CVARS]: [MISSING] [e_ShadowsBlendCascades] is not a registered console variable; referenced when testing console variable group [sys_spec_shadows] = [1]
<21:54:00> [Error] [CVARS]: [MISSING] [e_ShadowsCastViewDistRatio] is not a registered console variable; referenced when testing console variable group [sys_spec_shadows] = [1]
<21:54:00> [Error] [CVARS]: [MISSING] [e_ShadowsLodBiasFixed] is not a registered console variable; referenced when testing console variable group [sys_spec_shadows] = [1]
<21:54:00> [Error] [CVARS]: [MISSING] [e_ShadowsMaxTexRes] is not a registered console variable; referenced when testing console variable group [sys_spec_shadows] = [1]
<21:54:00> [Error] [CVARS]: [MISSING] [e_ShadowsPoolSize] is not a registered console variable; referenced when testing console variable group [sys_spec_shadows] = [1]
<21:54:00> [Error] [CVARS]: [MISSING] [e_ShadowsResScale] is not a registered console variable; referenced when testing console variable group [sys_spec_shadows] = [1]
<21:54:00> [Error] [CVARS]: [MISSING] [e_ShadowsTessellateCascades] is not a registered console variable; referenced when testing console variable group [sys_spec_shadows] = [1]
<21:54:00> [Error] [CVARS]: [MISSING] [e_ShadowsTessellateDLights] is not a registered console variable; referenced when testing console variable group [sys_spec_shadows] = [1]
<21:54:00> [Error] [CVARS]: [MISSING] [e_ShadowsUpdateViewDistRatio] is not a registered console variable; referenced when testing console variable group [sys_spec_shadows] = [1]
<21:54:00> [Error] [CVARS]: [MISSING] [e_VolumetricFog] is not a registered console variable; referenced when testing console variable group [sys_spec_volumetriceffects] = [1]
<21:54:00> [Error] [CVARS]: [MISSING] [e_fog] is not a registered console variable; referenced when testing console variable group [sys_spec_volumetriceffects] = [1]
<21:54:00> [Error] [CVARS]: [MISSING] [e_Clouds] is not a registered console variable; referenced when testing console variable group [sys_spec_volumetriceffects] = [1]
<21:54:00> [Error] [CVARS]: [MISSING] [e_WaterOceanFFT] is not a registered console variable; referenced when testing console variable group [sys_spec_water] = [1]
<21:54:00> [Error] [CVARS]: [MISSING] [e_WaterTessellationAmount] is not a registered console variable; referenced when testing console variable group [sys_spec_water] = [1]
<21:54:00> [Error] [CVARS]: [MISSING] [e_WaterTessellationAmountX] is not a registered console variable; referenced when testing console variable group [sys_spec_water] = [1]
<21:54:00> [Error] [CVARS]: [MISSING] [e_WaterTessellationAmountY] is not a registered console variable; referenced when testing console variable group [sys_spec_water] = [1]
<21:54:00> [Error] [CVARS]: [MISSING] [e_WaterTessellationSwathWidth] is not a registered console variable; referenced when testing console variable group [sys_spec_water] = [1]
<21:54:00> Loading Config file game.cfg (data\game.cfg)
<21:54:00> [Warning] [CVARS]: [CHANGED] variable [sys_asserts] from [0] to [0]; Marked as [VF_CHEAT]
<21:54:00> [Warning] Modifying marked variables will not be allowed in Release mode!
<21:54:00> Stream Engine Initialization
<21:54:00> GameName: Pandemic Express
<21:54:00> BuildTime: Oct 13 2019 19:15:33
<21:54:00> Physics initialization
<21:54:00> Localized language content(english) not available or modified from the original installation.
<21:54:00> Localized language content(english) not available or modified from the original installation.
<21:54:00> Localized language content(english) not available or modified from the original installation.
<21:54:00> <Audio>: AudioSystem initialization
<21:54:00> <Audio> <0.387>: CryAudioImplWwise loaded
<21:54:01> Renderer initialization
<21:54:02> Logging video adapters:
<21:54:02> - NVIDIA GeForce RTX 3070 (vendor = 0x10de, device = 0x2484)
<21:54:02>   - Adapter index: 0
<21:54:02>   - Dedicated video memory: 8043 MB
<21:54:02>   - Feature level: DX11 (SM 5.0)
<21:54:02>   - Displays connected: yes
<21:54:02>   - Suitable rendering device: yes
<21:54:02> - Microsoft Basic Render Driver (vendor = 0x1414, device = 0x008c)
<21:54:02>   - Adapter index: 1
<21:54:02>   - Dedicated video memory: 0 MB
<21:54:02>   - Feature level: DX11 (SM 5.0)
<21:54:02>   - Displays connected: no
<21:54:02>   - Suitable rendering device: no
<21:54:02> Active GPUs: 1
<21:54:02> [Renderer] A display device has been connected to the system
<21:54:02> Loading plugin CryDefaultEntities
<21:54:02> Loading plugin CrySchematycCore
<21:54:02> DLL Failed to load, error code: 7E
<21:54:02> Loading plugin CrySchematycSTDEnv
<21:54:02> DLL Failed to load, error code: 7E
<21:54:02> Loading plugin CrySensorSystem
<21:54:02> DLL Failed to load, error code: 7E
<21:54:02> Loading extension file cryplugin.csv
<21:54:03> Loading plugin ProcAnRandGenerator.dll
<21:54:03> Loading plugin PlayFab.dll
<21:54:03> Loading plugin CEVPlayer.dll
<21:54:04> Font initialization
<21:54:04> Using FreeType 2.5.5
<21:54:05> Network initialization
<21:54:05> [net] Socket IO management: External [iocp], Internal [iocp]
<21:54:05> network hostname: jasper-pc
<21:54:05>   ip:26.133.86.13
<21:54:05>   ip:192.168.20.19
<21:54:05> [Network Version]: PROFILE DEVELOPMENT BUILD
<21:54:05> MovieSystem initialization
<21:54:05> Console initialization
<21:54:05> Time initialization
<21:54:05> Input initialization
<21:54:05> AI initialization
<21:54:05>  
<21:54:05>     con_debug = 0 []
<21:54:05>     con_display_last_messages = 0 []
<21:54:05>     con_line_buffer_size = 1000 []
<21:54:05>     con_restricted = 0 [RESTRICTEDMODE]
<21:54:05>     con_showonload = 0 []
<21:54:05>  
<21:54:05>     con_debug = 0 []
<21:54:05>     con_display_last_messages = 0 []
<21:54:05>     con_line_buffer_size = 1000 []
<21:54:05>     con_restricted = 0 [RESTRICTEDMODE]
<21:54:05>     con_showonload = 0 []
<21:54:05>  
<21:54:05>     con_debug = 0 []
<21:54:05>  
<21:54:05>     con_debug = 0 []
<21:54:05> Initializing Animation System
<21:54:05> Initializing 3D Engine
<21:54:05> Script System Initialization
<21:54:05> Entity system initialization
<21:54:05> Initializing AI System
<21:54:05> Initializing additional systems
<21:54:05> Dynamic Response System initialization
<21:54:05> DLL Failed to load, error code: 7E
<21:54:05> No Dynamic Response System was loaded from a module, will use the NULL implementation.
<21:54:05> [Steam] Steam API initialized successfully
<21:54:06> <ThreadConfigInfo>: [XML Parsing] Thread with name "Main" already loaded. Overriding with new configuration
<21:54:06> <ThreadConfigInfo>: [XML Parsing] Thread with name "Network" already loaded. Overriding with new configuration
<21:54:06> <ThreadConfigInfo>: [XML Parsing] Thread with name "NetworkStallTicker" already loaded. Overriding with new configuration
<21:54:06> <ThreadConfigInfo>: [XML Parsing] Thread with name "ZLibCompressor" already loaded. Overriding with new configuration
<21:54:06> <ThreadConfigInfo>: [XML Parsing] Thread with name "NetworkStallTicker" already loaded. Overriding with new configuration
<21:54:06> <ThreadConfigInfo>: [XML Parsing] Thread with name "ZLibCompressor" already loaded. Overriding with new configuration
<21:54:06> <ThreadConfigInfo>: [XML Parsing] Thread with name "TelemetryCopier" already loaded. Overriding with new configuration
<21:54:06> <ThreadConfigInfo>: [XML Parsing] Thread with name "StatsAgent" already loaded. Overriding with new configuration
<21:54:06> <ThreadConfigInfo>: Thread profile loaded: "pc_8" (config/game.thread_config)  
<21:54:06> Initializing default materials...
<21:54:12> [MFX] Loading FXLib 'breakables' ...
<21:54:12> [MFX] Loading FXLib 'collisions' ...
<21:54:12> [MFX] Loading FXLib 'foley' ...
<21:54:12> [MFX] Loading FXLib 'foley_grunt' ...
<21:54:12> [MFX] Loading FXLib 'foley_player' ...
<21:54:12> [MFX] Loading FXLib 'footstep_grunt' ...
<21:54:12> [MFX] Loading FXLib 'footstep_player' ...
<21:54:12> [MFX] Loading FXLib 'footsteps' ...
<21:54:12> [MFX] Loading FXLib 'grenade' ...
<21:54:12> [MFX] Loading FXLib 'melee' ...
<21:54:12> [MFX] Loading FXLib 'player_fx' ...
<21:54:12> [MFX] Loading FXLib 'projectiles' ...
<21:54:12> [MFX] Loading FXLib 'tornado' ...
<21:54:12> [MFX] Loading FXLib 'vegetation' ...
<21:54:12> [MFX] Loading FXLib 'vehicles' ...
<21:54:12> [MFX] Loading FXLib 'breakables' ...
<21:54:12> [MFX] Loading FXLib 'collisions' ...
<21:54:12> [MFX] Loading FXLib 'foley' ...
<21:54:12> [MFX] Loading FXLib 'foley_grunt' ...
<21:54:12> [MFX] Loading FXLib 'foley_player' ...
<21:54:12> [MFX] Loading FXLib 'footstep_grunt' ...
<21:54:12> [MFX] Loading FXLib 'footstep_player' ...
<21:54:12> [MFX] Loading FXLib 'footsteps' ...
<21:54:12> [MFX] Loading FXLib 'grenade' ...
<21:54:12> [MFX] Loading FXLib 'melee' ...
<21:54:12> [MFX] Loading FXLib 'player_fx' ...
<21:54:12> [MFX] Loading FXLib 'projectiles' ...
<21:54:12> [MFX] Loading FXLib 'tornado' ...
<21:54:12> [MFX] Loading FXLib 'vegetation' ...
<21:54:12> [MFX] Loading FXLib 'vehicles' ...
<21:54:12> Creating socket on port 2838
<21:54:12> CreateDatagramSocket c1
<21:54:12> CreateDatagramSocket c2
<21:54:51> Iterator 0
<21:54:51> Size 30
<21:54:51> Iterator 1
<21:54:51> Size 30
<21:54:51> Iterator 2
<21:54:51> Size 30
<21:54:51> Iterator 3
<21:54:51> Size 30
<21:54:51> Iterator 4
<21:54:51> Size 30
<21:54:51> Iterator 5
<21:54:51> Size 30
<21:54:51> Iterator 6
<21:54:51> Size 30
<21:54:51> Iterator 7
<21:54:51> Size 30
<21:54:51> Iterator 8
<21:54:51> Size 30
<21:54:51> Iterator 9
<21:54:51> Size 30
<21:54:51> Iterator 10
<21:54:51> Size 30
<21:54:51> Iterator 11
<21:54:51> Size 30
<21:54:51> Iterator 12
<21:54:51> Size 30
<21:54:51> Iterator 13
<21:54:51> Size 30
<21:54:51> Iterator 14
<21:54:51> Size 30
<21:54:51> playerName Kornflakes
<21:54:51> Iterator 15
<21:54:51> Size 30
<21:54:51> Iterator 16
<21:54:51> Size 30
<21:54:51> Iterator 17
<21:54:51> Size 30
<21:54:51> Iterator 18
<21:54:51> Size 30
<21:54:51> Iterator 19
<21:54:51> Size 30
<21:54:51> Iterator 20
<21:54:51> Size 30
<21:54:51> Iterator 21
<21:54:51> Size 30
<21:54:51> Iterator 22
<21:54:51> Size 30
<21:54:51> Iterator 23
<21:54:51> Size 30
<21:54:51> Iterator 24
<21:54:51> Size 30
<21:54:51> Iterator 25
<21:54:51> Size 30
<21:54:51> Iterator 26
<21:54:51> Size 30
<21:54:51> Iterator 27
<21:54:51> Size 30
<21:54:51> Iterator 28
<21:54:51> Size 30
<21:54:51> Iterator 29
<21:54:51> Size 30
<21:54:51> playerName Kornflakes
<21:54:51> Iterator 30
<21:54:51> Size 30
<21:54:59> CreateDatagramSocket c1
<21:55:02> Game rules class: InstantAction
<21:55:02> ============================ PrepareLevel Multiplayer/Purgatorium_Esc ============================
<21:55:46> CryAnimation: character-definition not found: objects/characters/human/sdk_player/sdk_player.cdf
<21:55:46> CryAnimation: character-definition not found: objects/characters/human/sdk_player/sdk_player.cdf
<21:55:46> CryAnimation: character-definition not found: objects/characters/human/sdk_player/sdk_player.cdf
<21:55:46> CryAnimation: character-definition not found: objects/characters/human/sdk_player/sdk_player.cdf
<21:55:46> CryAnimation: character-definition not found: objects/characters/human/sdk_player/sdk_player.cdf
<21:55:46> CryAnimation: character-definition not found: objects/characters/human/sdk_player/sdk_player.cdf
<21:55:46> CryAnimation: character-definition not found: objects/characters/human/sdk_player/sdk_player.cdf
<21:55:46> CryAnimation: character-definition not found: objects/characters/human/sdk_player/sdk_player.cdf
<21:55:46> CryAnimation: character-definition not found: objects/characters/human/sdk_player/sdk_player.cdf
<21:55:49> CryAnimation: character-definition not found: objects/characters/human/sdk_player/sdk_player.cdf
<21:55:49> CryAnimation: character-definition not found: objects/characters/human/sdk_player/sdk_player.cdf
<21:55:49> CryAnimation: character-definition not found: objects/characters/human/sdk_player/sdk_player.cdf
<21:55:51> PLAYERNAME Kornflakes
<21:55:51> CryAnimation: character-definition not found: objects/characters/man.cdf
<21:55:52> CryAnimation: character-definition not found: objects/characters/human/sdk_player/sdk_player.cdf
<21:55:53> CryAnimation: character-definition not found: objects/characters/human/sdk_player/sdk_player.cdf
<21:55:53> CryAnimation: character-definition not found: objects/characters/human/sdk_player/sdk_player.cdf
<21:56:53> CryAnimation: character-definition not found: objects/characters/human/sdk_player/sdk_player.cdf
<21:56:53> CryAnimation: character-definition not found: objects/characters/human/sdk_player/sdk_player.cdf
<21:56:53> CryAnimation: character-definition not found: objects/characters/human/sdk_player/sdk_player.cdf
<21:57:15> d_prerec_msg 
<21:57:16> ast_used_prerec_msg 
<21:57:19> used_prerec_msg 
<21:57:22> _msg 
<21:57:22> rerec_msg 
<21:58:05> d_prerec_msg 
<21:58:37> d_prerec_msg 
<21:58:39> d_prerec_msg 
<21:59:03> d_prerec_msg 
<21:59:43> BaseInput - Shutting down all force feedback
<21:59:43> ActionGame - Shutting down all force feedback
<21:59:43> gEnv->pRenderer->Draw2dImage XXX
<21:59:45> CNetSyncSystem::~CNetSyncSystem & Crush?! packets_temp_bf(temp packet data buffs)
<21:59:45> remapped bone indices with refcount '4294967292' still around for 'zombiemodelnew/conserve_fp_nonmm.skin 0x000001F3449F35F0
<21:59:45> remapped bone indices with refcount '4294967292' still around for 'objects/zhg_objects/characters/conserve/conserve_head.skin 0x000001F3449F3910
<21:59:45> remapped bone indices with refcount '4294967295' still around for 'objects/characters/human/dude/source/pin_hands_sk.skin 0x000001F35C37A2A0
<21:59:45> remapped bone indices with refcount '4294967295' still around for 'pants.skin 0x000001F35C379940
<21:59:45> remapped bone indices with refcount '4294967295' still around for 'torso.skin 0x000001F35C37EA80
<21:59:45> remapped bone indices with refcount '4294967295' still around for 'objects/zhg_objects/characters/sets/vanityset/vanityset_torso.skin 0x000001F33E2FCCE0
<21:59:45> remapped bone indices with refcount '4294967295' still around for 'objects/zhg_objects/characters/sets/vanityset/vanityset_torso.skin 0x000001F33E2FBD40
<21:59:45> remapped bone indices with refcount '4294967295' still around for 'objects/zhg_objects/characters/sets/vanityset/vanityset_torso.skin 0x000001F33E2FC060
<21:59:45> remapped bone indices with refcount '4294967295' still around for 'objects/zhg_objects/characters/sets/vanityset/vanityset_pants.skin 0x000001F33E2FAA80
<21:59:45> remapped bone indices with refcount '4294967295' still around for 'objects/zhg_objects/characters/sets/vanityset/vanityset_pants.skin 0x000001F33E2FBA20
<21:59:45> remapped bone indices with refcount '4294967295' still around for 'objects/zhg_objects/characters/sets/vanityset/vanityset_pants.skin 0x000001F33E2FB700
<21:59:45> remapped bone indices with refcount '4294967295' still around for 'objects/zhg_objects/characters/sets/vanityset/vanityset_head.skin 0x000001F33E2FA440
<21:59:45> remapped bone indices with refcount '4294967295' still around for 'objects/zhg_objects/characters/sets/vanityset/vanityset_head.skin 0x000001F33E2FB3E0
<21:59:45> remapped bone indices with refcount '4294967295' still around for 'objects/zhg_objects/characters/sets/vanityset/vanityset_head.skin 0x000001F33E2FADA0
<21:59:45> remapped bone indices with refcount '4294967295' still around for 'objects/zhg_objects/characters/sets/safetyset/safetyset_head.skin 0x000001F33E2FB0C0
<21:59:45> remapped bone indices with refcount '4294967295' still around for 'objects/zhg_objects/characters/sets/safetyset/safetyset_head.skin 0x000001F33E2FA760
<21:59:45> remapped bone indices with refcount '4294967295' still around for 'objects/zhg_objects/characters/sets/safetyset/safetyset_head.skin 0x000001F331448920
<21:59:45> remapped bone indices with refcount '4294967293' still around for 'objects/zhg_objects/characters/sets/rebellionset/rebellionset_torso.skin 0x000001F331448F60
<21:59:45> remapped bone indices with refcount '4294967293' still around for 'objects/zhg_objects/characters/sets/rebellionset/rebellionset_torso.skin 0x000001F331449280
<21:59:45> remapped bone indices with refcount '4294967293' still around for 'objects/zhg_objects/characters/sets/rebellionset/rebellionset_torso.skin 0x000001F331448C40
<21:59:45> remapped bone indices with refcount '4294967295' still around for 'objects/zhg_objects/characters/sets/rebellionset/rebellionset_pants.skin 0x000001F331448600
<21:59:45> remapped bone indices with refcount '4294967295' still around for 'objects/zhg_objects/characters/sets/rebellionset/rebellionset_pants.skin 0x000001F3314482E0
<21:59:45> remapped bone indices with refcount '4294967295' still around for 'objects/zhg_objects/characters/sets/rebellionset/rebellionset_pants.skin 0x000001F3314498C0
<21:59:45> remapped bone indices with refcount '4294967295' still around for 'objects/zhg_objects/characters/sets/rebellionset/rebellionset_head.skin 0x000001F331447980
<21:59:45> remapped bone indices with refcount '4294967295' still around for 'objects/zhg_objects/characters/sets/rebellionset/rebellionset_head.skin 0x000001F331447660
<21:59:45> remapped bone indices with refcount '4294967295' still around for 'objects/zhg_objects/characters/sets/rebellionset/rebellionset_head.skin 0x000001F331447FC0
<21:59:45> remapped bone indices with refcount '4294967295' still around for 'objects/zhg_objects/characters/sets/rebellionset/rebelliomset_hands.skin 0x000001F331447340
<21:59:45> remapped bone indices with refcount '4294967295' still around for 'objects/zhg_objects/characters/sets/rebellionset/rebelliomset_hands.skin 0x000001F3314495A0
<21:59:45> remapped bone indices with refcount '4294967295' still around for 'objects/zhg_objects/characters/sets/rebellionset/rebelliomset_hands.skin 0x000001F331449BE0
<21:59:45> remapped bone indices with refcount '4294967295' still around for 'objects/zhg_objects/characters/sets/rebellionset/rebelliomset_hands.skin 0x000001F3314469E0
<21:59:45> remapped bone indices with refcount '4294967295' still around for 'objects/zhg_objects/characters/sets/loverset/loverset_torso.skin 0x000001F331447CA0
<21:59:45> remapped bone indices with refcount '4294967295' still around for 'objects/zhg_objects/characters/sets/loverset/loverset_torso.skin 0x000001F331446080
<21:59:45> remapped bone indices with refcount '4294967295' still around for 'objects/zhg_objects/characters/sets/loverset/loverset_torso.skin 0x000001F3314463A0
<21:59:45> remapped bone indices with refcount '4294967295' still around for 'objects/zhg_objects/characters/sets/loverset/loverset_head.skin 0x000001F3314466C0
<21:59:45> remapped bone indices with refcount '4294967295' still around for 'objects/zhg_objects/characters/sets/loverset/loverset_head.skin 0x000001F331447020
<21:59:45> remapped bone indices with refcount '4294967295' still around for 'objects/zhg_objects/characters/sets/loverset/loverset_head.skin 0x000001F331446D00
<21:59:45> remapped bone indices with refcount '4294967295' still around for 'objects/zhg_objects/characters/sets/leaderset/leaderset_torso.skin 0x000001F3315926D0
<21:59:45> remapped bone indices with refcount '4294967295' still around for 'objects/zhg_objects/characters/sets/leaderset/leaderset_torso.skin 0x000001F3315923B0
<21:59:45> remapped bone indices with refcount '4294967295' still around for 'objects/zhg_objects/characters/sets/leaderset/leaderset_torso.skin 0x000001F331595BF0
<21:59:45> remapped bone indices with refcount '4294967295' still around for 'objects/zhg_objects/characters/sets/leaderset/leaderset_pants.skin 0x000001F3315958D0
<21:59:45> remapped bone indices with refcount '4294967295' still around for 'objects/zhg_objects/characters/sets/leaderset/leaderset_pants.skin 0x000001F331592090
<21:59:45> remapped bone indices with refcount '4294967295' still around for 'objects/zhg_objects/characters/sets/leaderset/leaderset_pants.skin 0x000001F3315955B0
<21:59:45> remapped bone indices with refcount '4294967295' still around for 'objects/zhg_objects/characters/sets/leaderset/leaderset_head.skin 0x000001F331595290
<21:59:45> remapped bone indices with refcount '4294967295' still around for 'objects/zhg_objects/characters/sets/leaderset/leaderset_head.skin 0x000001F331594F70
<21:59:45> remapped bone indices with refcount '4294967295' still around for 'objects/zhg_objects/characters/sets/leaderset/leaderset_head.skin 0x000001F331594C50
<21:59:45> remapped bone indices with refcount '4294967295' still around for 'objects/zhg_objects/characters/sets/hopefullset/hopefullset_torso.skin 0x000001F331593CB0
<21:59:45> remapped bone indices with refcount '4294967295' still around for 'objects/zhg_objects/characters/sets/hopefullset/hopefullset_torso.skin 0x000001F331593990
<21:59:45> remapped bone indices with refcount '4294967295' still around for 'objects/zhg_objects/characters/sets/hopefullset/hopefullset_torso.skin 0x000001F331593350
<21:59:45> remapped bone indices with refcount '4294967295' still around for 'objects/zhg_objects/characters/sets/hopefullset/hopefullset_pants.skin 0x000001F331594930
<21:59:45> remapped bone indices with refcount '4294967295' still around for 'objects/zhg_objects/characters/sets/hopefullset/hopefullset_pants.skin 0x000001F331593030
<21:59:45> remapped bone indices with refcount '4294967295' still around for 'objects/zhg_objects/characters/sets/hopefullset/hopefullset_pants.skin 0x000001F3315942F0
<21:59:45> remapped bone indices with refcount '4294967295' still around for 'objects/zhg_objects/characters/sets/hopefullset/hopefullset_head.skin 0x000001F331593FD0
<21:59:45> remapped bone indices with refcount '4294967295' still around for 'objects/zhg_objects/characters/sets/hopefullset/hopefullset_head.skin 0x000001F331592D10
<21:59:45> remapped bone indices with refcount '4294967295' still around for 'objects/zhg_objects/characters/sets/hopefullset/hopefullset_head.skin 0x000001F331594610
<21:59:45> remapped bone indices with refcount '4294967295' still around for 'objects/zhg_objects/characters/sets/doubtset/doubtset_head.skin 0x000001F331593670
