BackupNameAttachment=" Build(0) 14 May 23 (06 15 09)"  -- used by backup system
Log Started at Sun May 14 06:15:09 2023
Built on Oct 13 2019 19:15:33
Running 64 bit Windows version
Command Line: "X:\SteamLibrary\steamapps\common\Pandemic Express\Bin/win_x64/PandemicExpress.exe"
Executable: X:\SteamLibrary\steamapps\common\Pandemic Express\Bin\win_x64\PandemicExpress.exe
FileVersion: 1.0.0.0
ProductVersion: 1.0.0.0
Added MOD directory <%engineroot%/engine> to CryPak

Total number of logical processors: 12
Number of available logical processors: 12
Total number of system cores: 6
Number of cores available to process: 6
 
Processor 0:
  CPU: AMD AMD Ryzen 5 3600 6-Core Processor              
  Family: 15, Model: 1, Stepping: 0
  FPU: On-Chip
  Features: FP16, SSE, SSE2, SSE3, SSE4.2, AVX, AVX2, FMA3
  Serial number not present or disabled
 
Processor 1:
  CPU: AMD AMD Ryzen 5 3600 6-Core Processor              
  Family: 15, Model: 1, Stepping: 0
  FPU: On-Chip
  Features: FP16, SSE, SSE2, SSE3, SSE4.2, AVX, AVX2, FMA3
  Serial number not present or disabled
 
Processor 2:
  CPU: AMD AMD Ryzen 5 3600 6-Core Processor              
  Family: 15, Model: 1, Stepping: 0
  FPU: On-Chip
  Features: FP16, SSE, SSE2, SSE3, SSE4.2, AVX, AVX2, FMA3
  Serial number not present or disabled
 
Processor 3:
  CPU: AMD AMD Ryzen 5 3600 6-Core Processor              
  Family: 15, Model: 1, Stepping: 0
  FPU: On-Chip
  Features: FP16, SSE, SSE2, SSE3, SSE4.2, AVX, AVX2, FMA3
  Serial number not present or disabled
 
Processor 4:
  CPU: AMD AMD Ryzen 5 3600 6-Core Processor              
  Family: 15, Model: 1, Stepping: 0
  FPU: On-Chip
  Features: FP16, SSE, SSE2, SSE3, SSE4.2, AVX, AVX2, FMA3
  Serial number not present or disabled
 
Processor 5:
  CPU: AMD AMD Ryzen 5 3600 6-Core Processor              
  Family: 15, Model: 1, Stepping: 0
  FPU: On-Chip
  Features: FP16, SSE, SSE2, SSE3, SSE4.2, AVX, AVX2, FMA3
  Serial number not present or disabled
 
<06:15:09> Loading Config file system.cfg (system.cfg)
<06:15:09> [Error] [CVARS]: [IGNORED CHANGE] variable [sys_version] from [] to [1.1.0.000.200116]; Marked as [VF_CHEAT]
<06:15:09> OnSysSpecChange(1)
<06:15:09> [Error] [CVARS]: [IGNORED CHANGE] variable [sys_asserts] from [0] to [0]; Marked as [VF_CHEAT]
<06:15:09> GameDir: DATA
<06:15:09> <ThreadConfigInfo>: Thread profile loaded: "pc_8" (config/engine_core.thread_config)  
<06:15:09> Windows 10 64 bit (build 10.0.22621)
<06:15:09> System language: English
<06:15:09> Windows Directory: "C:\WINDOWS"
<06:15:09> Local time is 06:15:09 05/14/23, system running for 120 minutes
<06:15:09> 16311MB physical memory installed, 11381MB available, 134217727MB virtual memory installed, 30 percent of memory in use
<06:15:09> PageFile usage: 112MB, Working Set: 129MB, Peak PageFile usage: 114MB,
<06:15:09> Current display mode is 2560x1440x32, (Unknown graphics card)
<06:15:09> IBM enhanced (101/102-key) keyboard and 32+ button mouse installed
<06:15:09> --------------------------------------------------------------------------------
<06:15:09> OnSysSpecChange(1)
<06:15:09> Loading Config file LowSpec.cfg (data\config\lowspec.cfg)
<06:15:09> [Error] [CVARS]: [MISSING] [mfx_Timeout] is not a registered console variable; referenced when testing console variable group [sys_spec_gameeffects] = [1]
<06:15:09> [Error] [CVARS]: [MISSING] [ca_AttachmentCullingRation] is not a registered console variable; referenced when testing console variable group [sys_spec_objectdetail] = [1]
<06:15:09> [Error] [CVARS]: [MISSING] [e_DecalsLifeTimeScale] is not a registered console variable; referenced when testing console variable group [sys_spec_objectdetail] = [1]
<06:15:09> [Error] [CVARS]: [MISSING] [e_LodRatio] is not a registered console variable; referenced when testing console variable group [sys_spec_objectdetail] = [1]
<06:15:09> [Error] [CVARS]: [MISSING] [e_MaxViewDistSpecLerp] is not a registered console variable; referenced when testing console variable group [sys_spec_objectdetail] = [1]
<06:15:09> [Error] [CVARS]: [MISSING] [e_MaxViewDistance] is not a registered console variable; referenced when testing console variable group [sys_spec_objectdetail] = [1]
<06:15:09> [Error] [CVARS]: [MISSING] [e_ObjQuality] is not a registered console variable; referenced when testing console variable group [sys_spec_objectdetail] = [1]
<06:15:09> [Error] [CVARS]: [MISSING] [e_TerrainOcclusionCullingMaxDist] is not a registered console variable; referenced when testing console variable group [sys_spec_objectdetail] = [1]
<06:15:09> [Error] [CVARS]: [MISSING] [e_VegetationMinSize] is not a registered console variable; referenced when testing console variable group [sys_spec_objectdetail] = [1]
<06:15:09> [Error] [CVARS]: [MISSING] [e_ViewDistRatio] is not a registered console variable; referenced when testing console variable group [sys_spec_objectdetail] = [1]
<06:15:09> [Error] [CVARS]: [MISSING] [e_ViewDistRatioCustom] is not a registered console variable; referenced when testing console variable group [sys_spec_objectdetail] = [1]
<06:15:09> [Error] [CVARS]: [MISSING] [e_ViewDistRatioDetail] is not a registered console variable; referenced when testing console variable group [sys_spec_objectdetail] = [1]
<06:15:09> [Error] [CVARS]: [MISSING] [e_ViewDistRatioLights] is not a registered console variable; referenced when testing console variable group [sys_spec_objectdetail] = [1]
<06:15:09> [Error] [CVARS]: [MISSING] [e_ViewDistRatioVegetation] is not a registered console variable; referenced when testing console variable group [sys_spec_objectdetail] = [1]
<06:15:09> [Error] [CVARS]: [MISSING] [es_DebrisLifetimeScale] is not a registered console variable; referenced when testing console variable group [sys_spec_objectdetail] = [1]
<06:15:09> [Error] [CVARS]: [MISSING] [e_DecalsOverlapping] is not a registered console variable; referenced when testing console variable group [sys_spec_objectdetail] = [1]
<06:15:09> [Error] [CVARS]: [MISSING] [e_LodMin] is not a registered console variable; referenced when testing console variable group [sys_spec_objectdetail] = [1]
<06:15:09> [Error] [CVARS]: [MISSING] [e_MergedMeshesInstanceDist] is not a registered console variable; referenced when testing console variable group [sys_spec_objectdetail] = [1]
<06:15:09> [Error] [CVARS]: [MISSING] [e_MergedMeshesPool] is not a registered console variable; referenced when testing console variable group [sys_spec_objectdetail] = [1]
<06:15:09> [Error] [CVARS]: [MISSING] [e_OcclusionCullingViewDistRatio] is not a registered console variable; referenced when testing console variable group [sys_spec_objectdetail] = [1]
<06:15:09> [Error] [CVARS]: [MISSING] [e_TerrainLodRatio] is not a registered console variable; referenced when testing console variable group [sys_spec_objectdetail] = [1]
<06:15:09> [Error] [CVARS]: [MISSING] [e_Tessellation] is not a registered console variable; referenced when testing console variable group [sys_spec_objectdetail] = [1]
<06:15:09> [Error] [CVARS]: [MISSING] [e_ViewDistMin] is not a registered console variable; referenced when testing console variable group [sys_spec_objectdetail] = [1]
<06:15:09> [Error] [CVARS]: [MISSING] [e_ParticlesMaxScreenFill] is not a registered console variable; referenced when testing console variable group [sys_spec_particles] = [1]
<06:15:09> [Error] [CVARS]: [MISSING] [e_ParticlesMinDrawPixels] is not a registered console variable; referenced when testing console variable group [sys_spec_particles] = [1]
<06:15:09> [Error] [CVARS]: [MISSING] [e_ParticlesObjectCollisions] is not a registered console variable; referenced when testing console variable group [sys_spec_particles] = [1]
<06:15:09> [Error] [CVARS]: [MISSING] [e_ParticlesQuality] is not a registered console variable; referenced when testing console variable group [sys_spec_particles] = [1]
<06:15:09> [Error] [CVARS]: [MISSING] [e_ParticlesMotionBlur] is not a registered console variable; referenced when testing console variable group [sys_spec_particles] = [1]
<06:15:09> [Error] [CVARS]: [MISSING] [e_CullVegActivation] is not a registered console variable; referenced when testing console variable group [sys_spec_physics] = [1]
<06:15:09> [Error] [CVARS]: [MISSING] [e_FoliageWindActivationDist] is not a registered console variable; referenced when testing console variable group [sys_spec_physics] = [1]
<06:15:09> [Error] [CVARS]: [MISSING] [e_PhysOceanCell] is not a registered console variable; referenced when testing console variable group [sys_spec_physics] = [1]
<06:15:09> [Error] [CVARS]: [MISSING] [es_MaxPhysDist] is not a registered console variable; referenced when testing console variable group [sys_spec_physics] = [1]
<06:15:09> [Error] [CVARS]: [MISSING] [es_MaxPhysDistInvisible] is not a registered console variable; referenced when testing console variable group [sys_spec_physics] = [1]
<06:15:09> [Error] [CVARS]: [MISSING] [g_breakage_particles_limit] is not a registered console variable; referenced when testing console variable group [sys_spec_physics] = [1]
<06:15:09> [Error] [CVARS]: [MISSING] [g_tree_cut_reuse_dist] is not a registered console variable; referenced when testing console variable group [sys_spec_physics] = [1]
<06:15:09> [Error] [CVARS]: [MISSING] [p_max_MC_iters] is not a registered console variable; referenced when testing console variable group [sys_spec_physics] = [1]
<06:15:09> [Error] [CVARS]: [MISSING] [p_max_substeps] is not a registered console variable; referenced when testing console variable group [sys_spec_physics] = [1]
<06:15:09> [Error] [CVARS]: [MISSING] [e_PhysProxyTriLimit] is not a registered console variable; referenced when testing console variable group [sys_spec_physics] = [1]
<06:15:09> [Error] [CVARS]: [MISSING] [p_max_object_splashes] is not a registered console variable; referenced when testing console variable group [sys_spec_physics] = [1]
<06:15:09> [Error] [CVARS]: [MISSING] [p_max_substeps_large_group] is not a registered console variable; referenced when testing console variable group [sys_spec_physics] = [1]
<06:15:09> [Error] [CVARS]: [MISSING] [p_num_bodies_large_group] is not a registered console variable; referenced when testing console variable group [sys_spec_physics] = [1]
<06:15:09> [Error] [CVARS]: [MISSING] [p_splash_dist0] is not a registered console variable; referenced when testing console variable group [sys_spec_physics] = [1]
<06:15:09> [Error] [CVARS]: [MISSING] [p_splash_dist1] is not a registered console variable; referenced when testing console variable group [sys_spec_physics] = [1]
<06:15:09> [Error] [CVARS]: [MISSING] [p_splash_force0] is not a registered console variable; referenced when testing console variable group [sys_spec_physics] = [1]
<06:15:09> [Error] [CVARS]: [MISSING] [p_splash_force1] is not a registered console variable; referenced when testing console variable group [sys_spec_physics] = [1]
<06:15:09> [Error] [CVARS]: [MISSING] [p_splash_vel0] is not a registered console variable; referenced when testing console variable group [sys_spec_physics] = [1]
<06:15:09> [Error] [CVARS]: [MISSING] [p_splash_vel1] is not a registered console variable; referenced when testing console variable group [sys_spec_physics] = [1]
<06:15:09> [Error] [CVARS]: [MISSING] [e_DynamicLightsMaxEntityLights] is not a registered console variable; referenced when testing console variable group [sys_spec_shading] = [1]
<06:15:09> [Error] [CVARS]: [MISSING] [e_SkyUpdateRate] is not a registered console variable; referenced when testing console variable group [sys_spec_shading] = [1]
<06:15:09> [Error] [CVARS]: [MISSING] [e_svoTI_Apply] is not a registered console variable; referenced when testing console variable group [sys_spec_shading] = [1]
<06:15:09> [Error] [CVARS]: [MISSING] [e_svoTI_RsmConeMaxLength] is not a registered console variable; referenced when testing console variable group [sys_spec_shading] = [1]
<06:15:09> [Error] [CVARS]: [MISSING] [e_svoTI_RsmUseColors] is not a registered console variable; referenced when testing console variable group [sys_spec_shading] = [1]
<06:15:09> [Error] [CVARS]: [MISSING] [e_svoTi_Active] is not a registered console variable; referenced when testing console variable group [sys_spec_shading] = [1]
<06:15:09> [Error] [CVARS]: [MISSING] [e_svoti_LowSpecMode] is not a registered console variable; referenced when testing console variable group [sys_spec_shading] = [1]
<06:15:09> [Error] [CVARS]: [MISSING] [e_LightVolumes] is not a registered console variable; referenced when testing console variable group [sys_spec_shading] = [1]
<06:15:09> [Error] [CVARS]: [MISSING] [e_VegetationUseTerrainColor] is not a registered console variable; referenced when testing console variable group [sys_spec_shading] = [1]
<06:15:09> [Error] [CVARS]: [MISSING] [e_GsmLodsNum] is not a registered console variable; referenced when testing console variable group [sys_spec_shadows] = [1]
<06:15:09> [Error] [CVARS]: [MISSING] [e_GsmRange] is not a registered console variable; referenced when testing console variable group [sys_spec_shadows] = [1]
<06:15:09> [Error] [CVARS]: [MISSING] [e_ObjShadowCastSpec] is not a registered console variable; referenced when testing console variable group [sys_spec_shadows] = [1]
<06:15:09> [Error] [CVARS]: [MISSING] [e_ParticlesShadows] is not a registered console variable; referenced when testing console variable group [sys_spec_shadows] = [1]
<06:15:09> [Error] [CVARS]: [MISSING] [e_Shadows] is not a registered console variable; referenced when testing console variable group [sys_spec_shadows] = [1]
<06:15:09> [Error] [CVARS]: [MISSING] [e_ShadowsBlendCascades] is not a registered console variable; referenced when testing console variable group [sys_spec_shadows] = [1]
<06:15:09> [Error] [CVARS]: [MISSING] [e_ShadowsCastViewDistRatio] is not a registered console variable; referenced when testing console variable group [sys_spec_shadows] = [1]
<06:15:09> [Error] [CVARS]: [MISSING] [e_ShadowsLodBiasFixed] is not a registered console variable; referenced when testing console variable group [sys_spec_shadows] = [1]
<06:15:09> [Error] [CVARS]: [MISSING] [e_ShadowsMaxTexRes] is not a registered console variable; referenced when testing console variable group [sys_spec_shadows] = [1]
<06:15:09> [Error] [CVARS]: [MISSING] [e_ShadowsPoolSize] is not a registered console variable; referenced when testing console variable group [sys_spec_shadows] = [1]
<06:15:09> [Error] [CVARS]: [MISSING] [e_ShadowsResScale] is not a registered console variable; referenced when testing console variable group [sys_spec_shadows] = [1]
<06:15:09> [Error] [CVARS]: [MISSING] [e_ShadowsTessellateCascades] is not a registered console variable; referenced when testing console variable group [sys_spec_shadows] = [1]
<06:15:09> [Error] [CVARS]: [MISSING] [e_ShadowsTessellateDLights] is not a registered console variable; referenced when testing console variable group [sys_spec_shadows] = [1]
<06:15:09> [Error] [CVARS]: [MISSING] [e_ShadowsUpdateViewDistRatio] is not a registered console variable; referenced when testing console variable group [sys_spec_shadows] = [1]
<06:15:09> [Error] [CVARS]: [MISSING] [e_VolumetricFog] is not a registered console variable; referenced when testing console variable group [sys_spec_volumetriceffects] = [1]
<06:15:09> [Error] [CVARS]: [MISSING] [e_fog] is not a registered console variable; referenced when testing console variable group [sys_spec_volumetriceffects] = [1]
<06:15:09> [Error] [CVARS]: [MISSING] [e_Clouds] is not a registered console variable; referenced when testing console variable group [sys_spec_volumetriceffects] = [1]
<06:15:09> [Error] [CVARS]: [MISSING] [e_WaterOceanFFT] is not a registered console variable; referenced when testing console variable group [sys_spec_water] = [1]
<06:15:09> [Error] [CVARS]: [MISSING] [e_WaterTessellationAmount] is not a registered console variable; referenced when testing console variable group [sys_spec_water] = [1]
<06:15:09> [Error] [CVARS]: [MISSING] [e_WaterTessellationAmountX] is not a registered console variable; referenced when testing console variable group [sys_spec_water] = [1]
<06:15:09> [Error] [CVARS]: [MISSING] [e_WaterTessellationAmountY] is not a registered console variable; referenced when testing console variable group [sys_spec_water] = [1]
<06:15:09> [Error] [CVARS]: [MISSING] [e_WaterTessellationSwathWidth] is not a registered console variable; referenced when testing console variable group [sys_spec_water] = [1]
<06:15:09> Loading Config file game.cfg (data\game.cfg)
<06:15:09> [Warning] [CVARS]: [CHANGED] variable [sys_asserts] from [0] to [0]; Marked as [VF_CHEAT]
<06:15:09> [Warning] Modifying marked variables will not be allowed in Release mode!
<06:15:09> Stream Engine Initialization
<06:15:09> GameName: Pandemic Express
<06:15:09> BuildTime: Oct 13 2019 19:15:33
<06:15:09> Physics initialization
<06:15:09> Localized language content(english) not available or modified from the original installation.
<06:15:09> Localized language content(english) not available or modified from the original installation.
<06:15:09> Localized language content(english) not available or modified from the original installation.
<06:15:09> <Audio>: AudioSystem initialization
<06:15:09> <Audio> <0.682>: CryAudioImplWwise loaded
<06:15:11> Renderer initialization
<06:15:11> Logging video adapters:
<06:15:13> - NVIDIA GeForce RTX 3070 (vendor = 0x10de, device = 0x2484)
<06:15:13>   - Adapter index: 0
<06:15:13>   - Dedicated video memory: 8032 MB
<06:15:13>   - Feature level: DX11 (SM 5.0)
<06:15:13>   - Displays connected: yes
<06:15:13>   - Suitable rendering device: yes
<06:15:13> - Microsoft Basic Render Driver (vendor = 0x1414, device = 0x008c)
<06:15:13>   - Adapter index: 1
<06:15:13>   - Dedicated video memory: 0 MB
<06:15:13>   - Feature level: DX11 (SM 5.0)
<06:15:13>   - Displays connected: no
<06:15:13>   - Suitable rendering device: no
<06:15:15> Active GPUs: 1
<06:15:16> [Renderer] A display device has been connected to the system
<06:15:16> Loading plugin CryDefaultEntities
<06:15:16> Loading plugin CrySchematycCore
<06:15:16> DLL Failed to load, error code: 7E
<06:15:16> Loading plugin CrySchematycSTDEnv
<06:15:16> DLL Failed to load, error code: 7E
<06:15:16> Loading plugin CrySensorSystem
<06:15:16> DLL Failed to load, error code: 7E
<06:15:16> Loading extension file cryplugin.csv
<06:15:16> Loading plugin ProcAnRandGenerator.dll
<06:15:16> Loading plugin PlayFab.dll
<06:15:16> Loading plugin CEVPlayer.dll
<06:15:16> Font initialization
<06:15:16> Using FreeType 2.5.5
<06:15:17> Network initialization
<06:15:17> [net] Socket IO management: External [iocp], Internal [iocp]
<06:15:18> network hostname: jasper-pc
<06:15:18>   ip:192.168.20.23
<06:15:18> [Network Version]: PROFILE DEVELOPMENT BUILD
<06:15:18> MovieSystem initialization
<06:15:18> Console initialization
<06:15:18> Time initialization
<06:15:18> Input initialization
<06:15:18> AI initialization
<06:15:18>  
<06:15:18>     con_debug = 0 []
<06:15:18>     con_display_last_messages = 0 []
<06:15:18>     con_line_buffer_size = 1000 []
<06:15:18>     con_restricted = 0 [RESTRICTEDMODE]
<06:15:18>     con_showonload = 0 []
<06:15:18>  
<06:15:18>     con_debug = 0 []
<06:15:18>     con_display_last_messages = 0 []
<06:15:18>     con_line_buffer_size = 1000 []
<06:15:18>     con_restricted = 0 [RESTRICTEDMODE]
<06:15:18>     con_showonload = 0 []
<06:15:18>  
<06:15:18>     con_debug = 0 []
<06:15:18>  
<06:15:18>     con_debug = 0 []
<06:15:18> Initializing Animation System
<06:15:18> Initializing 3D Engine
<06:15:18> Script System Initialization
<06:15:18> Entity system initialization
<06:15:18> Initializing AI System
<06:15:18> Initializing additional systems
<06:15:18> Dynamic Response System initialization
<06:15:18> DLL Failed to load, error code: 7E
<06:15:18> No Dynamic Response System was loaded from a module, will use the NULL implementation.
<06:15:19> [Steam] Steam API initialized successfully
<06:15:19> <ThreadConfigInfo>: [XML Parsing] Thread with name "Main" already loaded. Overriding with new configuration
<06:15:19> <ThreadConfigInfo>: [XML Parsing] Thread with name "Network" already loaded. Overriding with new configuration
<06:15:19> <ThreadConfigInfo>: [XML Parsing] Thread with name "NetworkStallTicker" already loaded. Overriding with new configuration
<06:15:19> <ThreadConfigInfo>: [XML Parsing] Thread with name "ZLibCompressor" already loaded. Overriding with new configuration
<06:15:19> <ThreadConfigInfo>: [XML Parsing] Thread with name "NetworkStallTicker" already loaded. Overriding with new configuration
<06:15:19> <ThreadConfigInfo>: [XML Parsing] Thread with name "ZLibCompressor" already loaded. Overriding with new configuration
<06:15:19> <ThreadConfigInfo>: [XML Parsing] Thread with name "TelemetryCopier" already loaded. Overriding with new configuration
<06:15:19> <ThreadConfigInfo>: [XML Parsing] Thread with name "StatsAgent" already loaded. Overriding with new configuration
<06:15:19> <ThreadConfigInfo>: Thread profile loaded: "pc_8" (config/game.thread_config)  
<06:15:20> Initializing default materials...
<06:15:25> [MFX] Loading FXLib 'breakables' ...
<06:15:25> [MFX] Loading FXLib 'collisions' ...
<06:15:25> [MFX] Loading FXLib 'foley' ...
<06:15:25> [MFX] Loading FXLib 'foley_grunt' ...
<06:15:25> [MFX] Loading FXLib 'foley_player' ...
<06:15:25> [MFX] Loading FXLib 'footstep_grunt' ...
<06:15:25> [MFX] Loading FXLib 'footstep_player' ...
<06:15:25> [MFX] Loading FXLib 'footsteps' ...
<06:15:25> [MFX] Loading FXLib 'grenade' ...
<06:15:25> [MFX] Loading FXLib 'melee' ...
<06:15:25> [MFX] Loading FXLib 'player_fx' ...
<06:15:25> [MFX] Loading FXLib 'projectiles' ...
<06:15:25> [MFX] Loading FXLib 'tornado' ...
<06:15:25> [MFX] Loading FXLib 'vegetation' ...
<06:15:25> [MFX] Loading FXLib 'vehicles' ...
<06:15:26> [MFX] Loading FXLib 'breakables' ...
<06:15:26> [MFX] Loading FXLib 'collisions' ...
<06:15:26> [MFX] Loading FXLib 'foley' ...
<06:15:26> [MFX] Loading FXLib 'foley_grunt' ...
<06:15:26> [MFX] Loading FXLib 'foley_player' ...
<06:15:26> [MFX] Loading FXLib 'footstep_grunt' ...
<06:15:26> [MFX] Loading FXLib 'footstep_player' ...
<06:15:26> [MFX] Loading FXLib 'footsteps' ...
<06:15:26> [MFX] Loading FXLib 'grenade' ...
<06:15:26> [MFX] Loading FXLib 'melee' ...
<06:15:26> [MFX] Loading FXLib 'player_fx' ...
<06:15:26> [MFX] Loading FXLib 'projectiles' ...
<06:15:26> [MFX] Loading FXLib 'tornado' ...
<06:15:26> [MFX] Loading FXLib 'vegetation' ...
<06:15:26> [MFX] Loading FXLib 'vehicles' ...
<06:15:26> Creating socket on port 2838
<06:15:26> CreateDatagramSocket c1
<06:15:26> CreateDatagramSocket c2
<06:15:43> CreateDatagramSocket c1
<06:15:46> ============================ PrepareLevel multiplayer/Purgatorium_Esc ============================
<06:15:46> Game rules class: InstantAction
<06:16:14> CryAnimation: character-definition not found: objects/characters/human/sdk_player/sdk_player.cdf
<06:16:14> CryAnimation: character-definition not found: objects/characters/human/sdk_player/sdk_player.cdf
<06:16:14> CryAnimation: character-definition not found: objects/characters/human/sdk_player/sdk_player.cdf
<06:16:14> CryAnimation: character-definition not found: objects/characters/human/sdk_player/sdk_player.cdf
<06:16:14> CryAnimation: character-definition not found: objects/characters/human/sdk_player/sdk_player.cdf
<06:16:14> CryAnimation: character-definition not found: objects/characters/human/sdk_player/sdk_player.cdf
<06:16:14> CryAnimation: character-definition not found: objects/characters/human/sdk_player/sdk_player.cdf
<06:16:14> CryAnimation: character-definition not found: objects/characters/human/sdk_player/sdk_player.cdf
<06:16:14> CryAnimation: character-definition not found: objects/characters/human/sdk_player/sdk_player.cdf
<06:16:14> CryAnimation: character-definition not found: objects/characters/human/sdk_player/sdk_player.cdf
<06:16:14> CryAnimation: character-definition not found: objects/characters/human/sdk_player/sdk_player.cdf
<06:16:14> CryAnimation: character-definition not found: objects/characters/human/sdk_player/sdk_player.cdf
<06:16:14> CryAnimation: character-definition not found: objects/characters/human/sdk_player/sdk_player.cdf
<06:16:14> CryAnimation: character-definition not found: objects/characters/human/sdk_player/sdk_player.cdf
<06:16:14> CryAnimation: character-definition not found: objects/characters/human/sdk_player/sdk_player.cdf
<06:16:14> CryAnimation: character-definition not found: objects/characters/human/sdk_player/sdk_player.cdf
<06:16:14> CryAnimation: character-definition not found: objects/characters/human/sdk_player/sdk_player.cdf
<06:16:14> CryAnimation: character-definition not found: objects/characters/human/sdk_player/sdk_player.cdf
<06:16:14> CryAnimation: character-definition not found: objects/characters/human/sdk_player/sdk_player.cdf
<06:16:14> CryAnimation: character-definition not found: objects/characters/human/sdk_player/sdk_player.cdf
<06:16:14> CryAnimation: character-definition not found: objects/characters/human/sdk_player/sdk_player.cdf
<06:16:14> CryAnimation: character-definition not found: objects/characters/human/sdk_player/sdk_player.cdf
<06:16:14> CryAnimation: character-definition not found: objects/characters/human/sdk_player/sdk_player.cdf
<06:16:14> CryAnimation: character-definition not found: objects/characters/human/sdk_player/sdk_player.cdf
<06:16:14> CryAnimation: character-definition not found: objects/characters/human/sdk_player/sdk_player.cdf
<06:16:14> CryAnimation: character-definition not found: objects/characters/human/sdk_player/sdk_player.cdf
<06:16:14> CryAnimation: character-definition not found: objects/characters/human/sdk_player/sdk_player.cdf
<06:16:14> CryAnimation: character-definition not found: objects/characters/human/sdk_player/sdk_player.cdf
<06:16:14> CryAnimation: character-definition not found: objects/characters/human/sdk_player/sdk_player.cdf
<06:16:14> CryAnimation: character-definition not found: objects/characters/human/sdk_player/sdk_player.cdf
<06:16:14> CryAnimation: character-definition not found: objects/characters/human/sdk_player/sdk_player.cdf
<06:16:14> CryAnimation: character-definition not found: objects/characters/human/sdk_player/sdk_player.cdf
<06:16:14> CryAnimation: character-definition not found: objects/characters/human/sdk_player/sdk_player.cdf
<06:16:14> CryAnimation: character-definition not found: objects/characters/human/sdk_player/sdk_player.cdf
<06:16:14> CryAnimation: character-definition not found: objects/characters/human/sdk_player/sdk_player.cdf
<06:16:14> CryAnimation: character-definition not found: objects/characters/human/sdk_player/sdk_player.cdf
<06:16:14> CryAnimation: character-definition not found: objects/characters/human/sdk_player/sdk_player.cdf
<06:16:14> CryAnimation: character-definition not found: objects/characters/human/sdk_player/sdk_player.cdf
<06:16:14> CryAnimation: character-definition not found: objects/characters/human/sdk_player/sdk_player.cdf
<06:16:17> CryAnimation: character-definition not found: objects/characters/human/sdk_player/sdk_player.cdf
<06:16:17> CryAnimation: character-definition not found: objects/characters/human/sdk_player/sdk_player.cdf
<06:16:17> CryAnimation: character-definition not found: objects/characters/human/sdk_player/sdk_player.cdf
<06:16:19> PLAYERNAME Kornflakes
<06:16:19> CryAnimation: character-definition not found: objects/characters/man.cdf
<06:16:20> CryAnimation: character-definition not found: objects/characters/human/sdk_player/sdk_player.cdf
<06:16:20> CryAnimation: character-definition not found: objects/characters/human/sdk_player/sdk_player.cdf
<06:16:20> CryAnimation: character-definition not found: objects/characters/human/sdk_player/sdk_player.cdf
<06:16:48> d_prerec_msg 
<06:17:40> CryAnimation: character-definition not found: objects/characters/human/sdk_player/sdk_player.cdf
<06:17:40> CryAnimation: character-definition not found: objects/characters/human/sdk_player/sdk_player.cdf
<06:17:40> CryAnimation: character-definition not found: objects/characters/human/sdk_player/sdk_player.cdf
<06:18:10> st_used_prerec_msg 
<06:18:17> used_prerec_msg 
<06:18:21> rerec_msg 
<06:18:43> CryAnimation: character-definition not found: objects/characters/human/sdk_player/sdk_player.cdf
<06:18:43> CryAnimation: character-definition not found: objects/characters/human/sdk_player/sdk_player.cdf
<06:18:43> CryAnimation: character-definition not found: objects/characters/human/sdk_player/sdk_player.cdf
<06:19:11> d_prerec_msg 
<06:19:21> d_prerec_msg 
<06:19:23> d_prerec_msg 
<06:19:25> d_prerec_msg 
<06:19:26> used_prerec_msg 
<06:19:35> ast_used_prerec_msg 
<06:19:36> sed_prerec_msg 
<06:20:33> CryAnimation: character-definition not found: objects/characters/human/sdk_player/sdk_player.cdf
<06:20:33> CryAnimation: character-definition not found: objects/characters/human/sdk_player/sdk_player.cdf
<06:20:33> CryAnimation: character-definition not found: objects/characters/human/sdk_player/sdk_player.cdf
<06:21:19> CVehicleSeat::NetSetPassengerId c2
<06:21:19> CVehicleSeat::Enter called
<06:21:34> CVehicleSeat::NetSetPassengerId c2
<06:21:34> CVehicleSeat::Enter called
<06:21:43> CVehicleSeat::NetSetPassengerId c2
<06:21:43> CVehicleSeat::Exit called
<06:21:43> CVehicleSeat::Exit called c2
<06:21:43> CVehicleSeat::NetSetPassengerId c2
<06:21:43> CVehicleSeat::Enter called
<06:21:43> CVehicleSeat::NetSetPassengerId c2
<06:21:43> CVehicleSeat::Exit called
<06:21:43> CVehicleSeat::Exit called c2
<06:21:43> CVehicleSeat::NetSetPassengerId c2
<06:21:43> CVehicleSeat::Enter called
<06:21:43> CVehicleSeat::NetSetPassengerId c2
<06:21:43> CVehicleSeat::Exit called
<06:21:43> CVehicleSeat::Exit called c2
<06:21:43> CVehicleSeat::NetSetPassengerId c2
<06:21:43> CVehicleSeat::Enter called
<06:21:43> CVehicleSeat::NetSetPassengerId c2
<06:21:43> CVehicleSeat::Exit called
<06:21:43> CVehicleSeat::Exit called c2
<06:21:43> CVehicleSeat::NetSetPassengerId c2
<06:21:43> CVehicleSeat::Enter called
<06:21:43> CVehicleSeat::Exit called
<06:21:43> CVehicleSeat::Exit called c2
<06:21:43> ClProcessLeave call
<06:21:57> CVehicleSeat::Exit called
<06:21:57> CVehicleSeat::Exit called c2
<06:21:57> ClProcessLeave call
<06:23:00> CVehicleSeat::NetSetPassengerId c2
<06:23:00> CVehicleSeat::Enter called
<06:23:01> CVehicleSeat::Exit called
<06:23:01> CVehicleSeat::Exit called c2
<06:23:01> ClProcessLeave call
<06:23:02> CVehicleSeat::NetSetPassengerId c2
<06:23:02> CVehicleSeat::Enter called
<06:23:16> CVehicleSeat::Exit called
<06:23:16> CVehicleSeat::Exit called c2
<06:23:16> ClProcessLeave call
<06:23:19> CVehicleSeat::NetSetPassengerId c2
<06:23:19> CVehicleSeat::Enter called
<06:23:21> CVehicleSeat::NetSetPassengerId c2
<06:23:21> CVehicleSeat::Enter called
<06:23:27> CVehicleSeat::Exit called
<06:23:27> CVehicleSeat::Exit called c2
<06:23:27> ClProcessLeave call
<06:23:42> CVehicleSeat::Exit called
<06:23:42> CVehicleSeat::Exit called c2
<06:23:42> ClProcessLeave call
<06:26:12> CryAnimation: character-definition not found: objects/characters/human/sdk_player/sdk_player.cdf
<06:26:12> CryAnimation: character-definition not found: objects/characters/human/sdk_player/sdk_player.cdf
<06:26:12> CryAnimation: character-definition not found: objects/characters/human/sdk_player/sdk_player.cdf
<06:26:34> CryAnimation: character-definition not found: objects/characters/human/sdk_player/sdk_player.cdf
<06:26:34> CryAnimation: character-definition not found: objects/characters/human/sdk_player/sdk_player.cdf
<06:26:34> CryAnimation: character-definition not found: objects/characters/human/sdk_player/sdk_player.cdf
<06:28:15> CTrain::SmplPlaySnd train_gts
<06:28:45> CVehicleSeat::NetSetPassengerId c2
<06:28:45> CVehicleSeat::Enter called
<06:28:46> CVehicleSeat::Exit called
<06:28:46> CVehicleSeat::Exit called c2
<06:28:46> ClProcessLeave call
<06:28:48> CVehicleSeat::NetSetPassengerId c2
<06:28:48> CVehicleSeat::Enter called
<06:28:49> CVehicleSeat::Exit called
<06:28:49> CVehicleSeat::Exit called c2
<06:28:49> ClProcessLeave call
<06:28:51> CVehicleSeat::NetSetPassengerId c2
<06:28:51> CVehicleSeat::Enter called
<06:28:53> CTrain::SmplPlaySnd train_gts
<06:29:00> CVehicleSeat::NetSetPassengerId c2
<06:29:00> CVehicleSeat::Enter called
<06:29:13> CVehicleSeat::Exit called
<06:29:13> CVehicleSeat::Exit called c2
<06:29:13> ClProcessLeave call
<06:29:15> CVehicleSeat::Exit called
<06:29:15> CVehicleSeat::Exit called c2
<06:29:15> ClProcessLeave call
<06:29:34> CTrain::SmplPlaySnd train_gts
<06:30:43> CTrain::SmplPlaySnd train_gts
<06:30:53> CTrain::SmplPlaySnd train_gts
<06:31:19> CTrain::SmplPlaySnd train_gts
<06:32:21> d_prerec_msg 
<06:33:13> CTrain::SmplPlaySnd train_gts
<06:33:34> BaseInput - Shutting down all force feedback
<06:33:34> ActionGame - Shutting down all force feedback
<06:33:34> gEnv->pRenderer->Draw2dImage XXX
<06:33:37> CNetSyncSystem::~CNetSyncSystem & Crush?! packets_temp_bf(temp packet data buffs)
<06:33:37> remapped bone indices with refcount '4294967291' still around for 'objects/zhg_objects/characters/sets/vanityset/vanityset_torso.skin 0x0000022240CBD770
<06:33:37> remapped bone indices with refcount '4294967291' still around for 'objects/zhg_objects/characters/sets/vanityset/vanityset_torso.skin 0x0000022240CBA250
<06:33:37> remapped bone indices with refcount '4294967291' still around for 'objects/zhg_objects/characters/sets/vanityset/vanityset_torso.skin 0x0000022240CBCE10
<06:33:37> remapped bone indices with refcount '4294967291' still around for 'objects/zhg_objects/characters/sets/vanityset/vanityset_pants.skin 0x0000022240CBCAF0
<06:33:37> remapped bone indices with refcount '4294967291' still around for 'objects/zhg_objects/characters/sets/vanityset/vanityset_pants.skin 0x0000022240CBC190
<06:33:37> remapped bone indices with refcount '4294967291' still around for 'objects/zhg_objects/characters/sets/vanityset/vanityset_pants.skin 0x0000022240CBBB50
<06:33:37> remapped bone indices with refcount '4294967291' still around for 'objects/zhg_objects/characters/sets/vanityset/vanityset_head.skin 0x0000022240CBB510
<06:33:37> remapped bone indices with refcount '4294967291' still around for 'objects/zhg_objects/characters/sets/vanityset/vanityset_head.skin 0x0000022240CBD450
<06:33:37> remapped bone indices with refcount '4294967291' still around for 'objects/zhg_objects/characters/sets/vanityset/vanityset_head.skin 0x0000022240CBA890
<06:33:37> remapped bone indices with refcount '4294967291' still around for 'objects/zhg_objects/characters/sets/safetyset/safetyset_head.skin 0x0000022240CBDDB0
<06:33:37> remapped bone indices with refcount '4294967291' still around for 'objects/zhg_objects/characters/sets/safetyset/safetyset_head.skin 0x0000022240CBD130
<06:33:37> remapped bone indices with refcount '4294967291' still around for 'objects/zhg_objects/characters/sets/safetyset/safetyset_head.skin 0x0000022240CBBE70
<06:33:37> remapped bone indices with refcount '4294967279' still around for 'objects/zhg_objects/characters/sets/rebellionset/rebellionset_torso.skin 0x0000022240CBB1F0
<06:33:37> remapped bone indices with refcount '4294967279' still around for 'objects/zhg_objects/characters/sets/rebellionset/rebellionset_torso.skin 0x0000022240CBDA90
<06:33:37> remapped bone indices with refcount '4294967279' still around for 'objects/zhg_objects/characters/sets/rebellionset/rebellionset_torso.skin 0x0000022240CBC7D0
<06:33:37> remapped bone indices with refcount '4294967285' still around for 'objects/zhg_objects/characters/sets/rebellionset/rebellionset_pants.skin 0x0000022240CBA570
<06:33:37> remapped bone indices with refcount '4294967285' still around for 'objects/zhg_objects/characters/sets/rebellionset/rebellionset_pants.skin 0x0000022240CBC4B0
<06:33:37> remapped bone indices with refcount '4294967285' still around for 'objects/zhg_objects/characters/sets/rebellionset/rebellionset_pants.skin 0x0000022240CBAED0
<06:33:37> remapped bone indices with refcount '4294967291' still around for 'objects/zhg_objects/characters/sets/rebellionset/rebellionset_head.skin 0x0000022240CBABB0
<06:33:37> remapped bone indices with refcount '4294967291' still around for 'objects/zhg_objects/characters/sets/rebellionset/rebellionset_head.skin 0x0000022240CBB830
<06:33:37> remapped bone indices with refcount '4294967291' still around for 'objects/zhg_objects/characters/sets/rebellionset/rebellionset_head.skin 0x0000022240A99040
<06:33:37> remapped bone indices with refcount '4294967285' still around for 'objects/zhg_objects/characters/sets/rebellionset/rebelliomset_hands.skin 0x0000022240A98D20
<06:33:37> remapped bone indices with refcount '4294967285' still around for 'objects/zhg_objects/characters/sets/rebellionset/rebelliomset_hands.skin 0x0000022240A980A0
<06:33:37> remapped bone indices with refcount '4294967285' still around for 'objects/zhg_objects/characters/sets/rebellionset/rebelliomset_hands.skin 0x0000022240A99360
<06:33:37> remapped bone indices with refcount '4294967285' still around for 'objects/zhg_objects/characters/sets/rebellionset/rebelliomset_hands.skin 0x0000022240A9B8E0
<06:33:37> remapped bone indices with refcount '4294967291' still around for 'objects/zhg_objects/characters/sets/loverset/loverset_torso.skin 0x0000022240A9B5C0
<06:33:37> remapped bone indices with refcount '4294967291' still around for 'objects/zhg_objects/characters/sets/loverset/loverset_torso.skin 0x0000022240A9AF80
<06:33:37> remapped bone indices with refcount '4294967291' still around for 'objects/zhg_objects/characters/sets/loverset/loverset_torso.skin 0x0000022240A9AC60
<06:33:37> remapped bone indices with refcount '4294967291' still around for 'objects/zhg_objects/characters/sets/loverset/loverset_head.skin 0x0000022240A9A940
<06:33:37> remapped bone indices with refcount '4294967291' still around for 'objects/zhg_objects/characters/sets/loverset/loverset_head.skin 0x0000022240A99680
<06:33:37> remapped bone indices with refcount '4294967291' still around for 'objects/zhg_objects/characters/sets/loverset/loverset_head.skin 0x0000022240A98A00
<06:33:37> remapped bone indices with refcount '4294967291' still around for 'objects/zhg_objects/characters/sets/leaderset/leaderset_torso.skin 0x0000022240A9BC00
<06:33:37> remapped bone indices with refcount '4294967291' still around for 'objects/zhg_objects/characters/sets/leaderset/leaderset_torso.skin 0x0000022240A9A620
<06:33:37> remapped bone indices with refcount '4294967291' still around for 'objects/zhg_objects/characters/sets/leaderset/leaderset_torso.skin 0x0000022240A986E0
<06:33:37> remapped bone indices with refcount '4294967291' still around for 'objects/zhg_objects/characters/sets/leaderset/leaderset_pants.skin 0x0000022240A99CC0
<06:33:37> remapped bone indices with refcount '4294967291' still around for 'objects/zhg_objects/characters/sets/leaderset/leaderset_pants.skin 0x0000022240A9A300
<06:33:37> remapped bone indices with refcount '4294967291' still around for 'objects/zhg_objects/characters/sets/leaderset/leaderset_pants.skin 0x0000022240A99FE0
<06:33:37> remapped bone indices with refcount '4294967291' still around for 'objects/zhg_objects/characters/sets/leaderset/leaderset_head.skin 0x0000022240A9B2A0
<06:33:37> remapped bone indices with refcount '4294967291' still around for 'objects/zhg_objects/characters/sets/leaderset/leaderset_head.skin 0x0000022240A983C0
<06:33:37> remapped bone indices with refcount '4294967291' still around for 'objects/zhg_objects/characters/sets/leaderset/leaderset_head.skin 0x0000022240A999A0
<06:33:37> remapped bone indices with refcount '4294967291' still around for 'objects/zhg_objects/characters/sets/hopefullset/hopefullset_torso.skin 0x000002223FF25C90
<06:33:37> remapped bone indices with refcount '4294967291' still around for 'objects/zhg_objects/characters/sets/hopefullset/hopefullset_torso.skin 0x000002223FF26910
<06:33:37> remapped bone indices with refcount '4294967291' still around for 'objects/zhg_objects/characters/sets/hopefullset/hopefullset_torso.skin 0x000002223FF25970
<06:33:37> remapped bone indices with refcount '4294967291' still around for 'objects/zhg_objects/characters/sets/hopefullset/hopefullset_pants.skin 0x000002223FF24070
<06:33:37> remapped bone indices with refcount '4294967291' still around for 'objects/zhg_objects/characters/sets/hopefullset/hopefullset_pants.skin 0x000002223FF25650
<06:33:37> remapped bone indices with refcount '4294967291' still around for 'objects/zhg_objects/characters/sets/hopefullset/hopefullset_pants.skin 0x000002223FF26C30
<06:33:37> remapped bone indices with refcount '4294967291' still around for 'objects/zhg_objects/characters/sets/hopefullset/hopefullset_head.skin 0x000002223FF25330
<06:33:37> remapped bone indices with refcount '4294967291' still around for 'objects/zhg_objects/characters/sets/hopefullset/hopefullset_head.skin 0x000002223FF24CF0
<06:33:37> remapped bone indices with refcount '4294967291' still around for 'objects/zhg_objects/characters/sets/hopefullset/hopefullset_head.skin 0x000002223FF25FB0
<06:33:37> remapped bone indices with refcount '4294967291' still around for 'objects/zhg_objects/characters/sets/doubtset/doubtset_head.skin 0x000002223FF262D0
<06:33:37> remapped bone indices with refcount '4294967295' still around for 'objects/zhg_objects/characters/conserve/conserve_body.skin 0x000002223FF249D0
<06:33:37> remapped bone indices with refcount '4294967295' still around for 'objects/zhg_objects/characters/conserve/conserve_body.skin 0x000002223FF278B0
<06:33:37> remapped bone indices with refcount '4294967295' still around for 'objects/zhg_objects/characters/conserve/conserve_body.skin 0x000002223FF27590
