BackupNameAttachment=" Build(0) 02 Jul 21 (15 51 06)"  -- used by backup system
Log Started at Fri Jul  2 15:51:06 2021
Built on Oct 13 2019 19:15:33
Running 64 bit Windows version
Command Line: "D:\Games\Steam\steamapps\common\Pandemic Express\Bin/win_x64/PandemicExpress.exe"
Executable: D:\Games\Steam\steamapps\common\Pandemic Express\Bin\win_x64\PandemicExpress.exe
FileVersion: 1.0.0.0
ProductVersion: 1.0.0.0
Added MOD directory <%engineroot%/engine> to CryPak

Total number of logical processors: 12
Number of available logical processors: 12
Total number of system cores: 6
Number of cores available to process: 6
 
Processor 0:
  CPU: AMD AMD Ryzen 5 3600 6-Core Processor              
  Family: 15, Model: 1, Stepping: 0
  FPU: On-Chip
  Features: FP16, SSE, SSE2, SSE3, SSE4.2, AVX, AVX2, FMA3
  Serial number not present or disabled
 
Processor 1:
  CPU: AMD AMD Ryzen 5 3600 6-Core Processor              
  Family: 15, Model: 1, Stepping: 0
  FPU: On-Chip
  Features: FP16, SSE, SSE2, SSE3, SSE4.2, AVX, AVX2, FMA3
  Serial number not present or disabled
 
Processor 2:
  CPU: AMD AMD Ryzen 5 3600 6-Core Processor              
  Family: 15, Model: 1, Stepping: 0
  FPU: On-Chip
  Features: FP16, SSE, SSE2, SSE3, SSE4.2, AVX, AVX2, FMA3
  Serial number not present or disabled
 
Processor 3:
  CPU: AMD AMD Ryzen 5 3600 6-Core Processor              
  Family: 15, Model: 1, Stepping: 0
  FPU: On-Chip
  Features: FP16, SSE, SSE2, SSE3, SSE4.2, AVX, AVX2, FMA3
  Serial number not present or disabled
 
Processor 4:
  CPU: AMD AMD Ryzen 5 3600 6-Core Processor              
  Family: 15, Model: 1, Stepping: 0
  FPU: On-Chip
  Features: FP16, SSE, SSE2, SSE3, SSE4.2, AVX, AVX2, FMA3
  Serial number not present or disabled
 
Processor 5:
  CPU: AMD AMD Ryzen 5 3600 6-Core Processor              
  Family: 15, Model: 1, Stepping: 0
  FPU: On-Chip
  Features: FP16, SSE, SSE2, SSE3, SSE4.2, AVX, AVX2, FMA3
  Serial number not present or disabled
 
<15:51:06> Loading Config file system.cfg (system.cfg)
<15:51:06> [Error] [CVARS]: [IGNORED CHANGE] variable [sys_version] from [] to [1.1.0.000.200116]; Marked as [VF_CHEAT]
<15:51:06> OnSysSpecChange(1)
<15:51:06> [Error] [CVARS]: [IGNORED CHANGE] variable [sys_asserts] from [0] to [0]; Marked as [VF_CHEAT]
<15:51:06> GameDir: DATA
<15:51:06> <ThreadConfigInfo>: Thread profile loaded: "pc_8" (config/engine_core.thread_config)  
<15:51:06> Windows 10 64 bit (build 10.0.19043)
<15:51:06> System language: English
<15:51:06> Windows Directory: "C:\Windows"
<15:51:06> Local time is 15:51:06 07/02/21, system running for 8905 minutes
<15:51:06> 16333MB physical memory installed, 10440MB available, 134217727MB virtual memory installed, 36 percent of memory in use
<15:51:06> PageFile usage: 74MB, Working Set: 71MB, Peak PageFile usage: 74MB,
<15:51:06> Current display mode is 2560x1440x32, (Unknown graphics card)
<15:51:06> IBM enhanced (101/102-key) keyboard and 16+ button mouse installed
<15:51:06> --------------------------------------------------------------------------------
<15:51:06> OnSysSpecChange(1)
<15:51:06> Loading Config file LowSpec.cfg (data\config\lowspec.cfg)
<15:51:06> Loading Config file game.cfg (data\game.cfg)
<15:51:06> [Warning] [CVARS]: [CHANGED] variable [sys_asserts] from [0] to [0]; Marked as [VF_CHEAT]
<15:51:06> [Warning] Modifying marked variables will not be allowed in Release mode!
<15:51:06> Stream Engine Initialization
<15:51:06> GameName: Pandemic Express
<15:51:06> BuildTime: Oct 13 2019 19:15:33
<15:51:06> Physics initialization
<15:51:06> Localized language content(english) not available or modified from the original installation.
<15:51:06> Localized language content(english) not available or modified from the original installation.
<15:51:06> Localized language content(english) not available or modified from the original installation.
<15:51:06> <Audio>: AudioSystem initialization
<15:51:06> <Audio> <0.246>: CryAudioImplWwise loaded
<15:51:08> Renderer initialization
<15:51:08> Logging video adapters:
<15:51:08> - NVIDIA GeForce RTX 3070 (vendor = 0x10de, device = 0x2484)
<15:51:08>   - Adapter index: 0
<15:51:08>   - Dedicated video memory: 8043 MB
<15:51:08>   - Feature level: DX11 (SM 5.0)
<15:51:08>   - Displays connected: yes
<15:51:08>   - Suitable rendering device: yes
<15:51:08> - Microsoft Basic Render Driver (vendor = 0x1414, device = 0x008c)
<15:51:08>   - Adapter index: 1
<15:51:08>   - Dedicated video memory: 0 MB
<15:51:08>   - Feature level: DX11 (SM 5.0)
<15:51:08>   - Displays connected: no
<15:51:08>   - Suitable rendering device: no
<15:51:08> Active GPUs: 1
<15:51:08> [Renderer] A display device has been connected to the system
<15:51:08> Loading plugin CryDefaultEntities
<15:51:09> Loading plugin CrySchematycCore
<15:51:09> DLL Failed to load, error code: 7E
<15:51:09> Loading plugin CrySchematycSTDEnv
<15:51:09> DLL Failed to load, error code: 7E
<15:51:09> Loading plugin CrySensorSystem
<15:51:09> DLL Failed to load, error code: 7E
<15:51:09> Loading extension file cryplugin.csv
<15:51:09> Loading plugin ProcAnRandGenerator.dll
<15:51:09> Loading plugin PlayFab.dll
<15:51:09> Loading plugin CEVPlayer.dll
<15:51:10> Font initialization
<15:51:10> Using FreeType 2.5.5
<15:51:10> Network initialization
<15:51:10> [net] Socket IO management: External [iocp], Internal [iocp]
<15:51:10> network hostname: DESKTOP-GKEDPQ6
<15:51:10>   ip:192.168.20.21
<15:51:10> [Network Version]: PROFILE DEVELOPMENT BUILD
<15:51:10> MovieSystem initialization
<15:51:10> Console initialization
<15:51:10> Time initialization
<15:51:10> Input initialization
<15:51:10> AI initialization
<15:51:10>  
<15:51:10>     con_debug = 0 []
<15:51:10>     con_display_last_messages = 0 []
<15:51:10>     con_line_buffer_size = 1000 []
<15:51:10>     con_restricted = 0 [RESTRICTEDMODE]
<15:51:10>     con_showonload = 0 []
<15:51:10>  
<15:51:10>     con_debug = 0 []
<15:51:10>     con_display_last_messages = 0 []
<15:51:10>     con_line_buffer_size = 1000 []
<15:51:10>     con_restricted = 0 [RESTRICTEDMODE]
<15:51:10>     con_showonload = 0 []
<15:51:10>  
<15:51:10>     con_debug = 0 []
<15:51:10>  
<15:51:10>     con_debug = 0 []
<15:51:10> Initializing Animation System
<15:51:10> Initializing 3D Engine
<15:51:11> Script System Initialization
<15:51:11> Entity system initialization
<15:51:11> Initializing AI System
<15:51:11> Initializing additional systems
<15:51:11> Dynamic Response System initialization
<15:51:11> DLL Failed to load, error code: 7E
<15:51:11> No Dynamic Response System was loaded from a module, will use the NULL implementation.
<15:51:11> BaseInput - Shutting down all force feedback
<15:51:11> System:Quit
