BackupNameAttachment=" Build(0) 09 Jul 21 (17 49 33)"  -- used by backup system
Log Started at Fri Jul  9 17:49:33 2021
Built on Oct 13 2019 19:15:33
Running 64 bit Windows version
Command Line: "D:\Games\Steam\steamapps\common\Pandemic Express\Bin/win_x64/PandemicExpress.exe"
Executable: D:\Games\Steam\steamapps\common\Pandemic Express\Bin\win_x64\PandemicExpress.exe
FileVersion: 1.0.0.0
ProductVersion: 1.0.0.0
Added MOD directory <%engineroot%/engine> to CryPak

Total number of logical processors: 12
Number of available logical processors: 12
Total number of system cores: 6
Number of cores available to process: 6
 
Processor 0:
  CPU: AMD AMD Ryzen 5 3600 6-Core Processor              
  Family: 15, Model: 1, Stepping: 0
  FPU: On-Chip
  Features: FP16, SSE, SSE2, SSE3, SSE4.2, AVX, AVX2, FMA3
  Serial number not present or disabled
 
Processor 1:
  CPU: AMD AMD Ryzen 5 3600 6-Core Processor              
  Family: 15, Model: 1, Stepping: 0
  FPU: On-Chip
  Features: FP16, SSE, SSE2, SSE3, SSE4.2, AVX, AVX2, FMA3
  Serial number not present or disabled
 
Processor 2:
  CPU: AMD AMD Ryzen 5 3600 6-Core Processor              
  Family: 15, Model: 1, Stepping: 0
  FPU: On-Chip
  Features: FP16, SSE, SSE2, SSE3, SSE4.2, AVX, AVX2, FMA3
  Serial number not present or disabled
 
Processor 3:
  CPU: AMD AMD Ryzen 5 3600 6-Core Processor              
  Family: 15, Model: 1, Stepping: 0
  FPU: On-Chip
  Features: FP16, SSE, SSE2, SSE3, SSE4.2, AVX, AVX2, FMA3
  Serial number not present or disabled
 
Processor 4:
  CPU: AMD AMD Ryzen 5 3600 6-Core Processor              
  Family: 15, Model: 1, Stepping: 0
  FPU: On-Chip
  Features: FP16, SSE, SSE2, SSE3, SSE4.2, AVX, AVX2, FMA3
  Serial number not present or disabled
 
Processor 5:
  CPU: AMD AMD Ryzen 5 3600 6-Core Processor              
  Family: 15, Model: 1, Stepping: 0
  FPU: On-Chip
  Features: FP16, SSE, SSE2, SSE3, SSE4.2, AVX, AVX2, FMA3
  Serial number not present or disabled
 
<17:49:33> Loading Config file system.cfg (system.cfg)
<17:49:33> [Error] [CVARS]: [IGNORED CHANGE] variable [sys_version] from [] to [1.1.0.000.200116]; Marked as [VF_CHEAT]
<17:49:34> OnSysSpecChange(1)
<17:49:34> [Error] [CVARS]: [IGNORED CHANGE] variable [sys_asserts] from [0] to [0]; Marked as [VF_CHEAT]
<17:49:34> GameDir: DATA
<17:49:34> <ThreadConfigInfo>: Thread profile loaded: "pc_8" (config/engine_core.thread_config)  
<17:49:34> Windows 10 64 bit (build 10.0.19043)
<17:49:34> System language: English
<17:49:34> Windows Directory: "C:\Windows"
<17:49:34> Local time is 17:49:34 07/09/21, system running for 308 minutes
<17:49:34> 16333MB physical memory installed, 9623MB available, 134217727MB virtual memory installed, 41 percent of memory in use
<17:49:34> PageFile usage: 76MB, Working Set: 89MB, Peak PageFile usage: 76MB,
<17:49:34> Current display mode is 2560x1440x32, (Unknown graphics card)
<17:49:34> IBM enhanced (101/102-key) keyboard and 16+ button mouse installed
<17:49:34> --------------------------------------------------------------------------------
<17:49:34> OnSysSpecChange(1)
<17:49:34> Loading Config file LowSpec.cfg (data\config\lowspec.cfg)
<17:49:34> [Error] [CVARS]: [MISSING] [mfx_Timeout] is not a registered console variable; referenced when testing console variable group [sys_spec_gameeffects] = [1]
<17:49:34> [Error] [CVARS]: [MISSING] [ca_AttachmentCullingRation] is not a registered console variable; referenced when testing console variable group [sys_spec_objectdetail] = [1]
<17:49:34> [Error] [CVARS]: [MISSING] [e_DecalsLifeTimeScale] is not a registered console variable; referenced when testing console variable group [sys_spec_objectdetail] = [1]
<17:49:34> [Error] [CVARS]: [MISSING] [e_LodRatio] is not a registered console variable; referenced when testing console variable group [sys_spec_objectdetail] = [1]
<17:49:34> [Error] [CVARS]: [MISSING] [e_MaxViewDistSpecLerp] is not a registered console variable; referenced when testing console variable group [sys_spec_objectdetail] = [1]
<17:49:34> [Error] [CVARS]: [MISSING] [e_MaxViewDistance] is not a registered console variable; referenced when testing console variable group [sys_spec_objectdetail] = [1]
<17:49:34> [Error] [CVARS]: [MISSING] [e_ObjQuality] is not a registered console variable; referenced when testing console variable group [sys_spec_objectdetail] = [1]
<17:49:34> [Error] [CVARS]: [MISSING] [e_TerrainOcclusionCullingMaxDist] is not a registered console variable; referenced when testing console variable group [sys_spec_objectdetail] = [1]
<17:49:34> [Error] [CVARS]: [MISSING] [e_VegetationMinSize] is not a registered console variable; referenced when testing console variable group [sys_spec_objectdetail] = [1]
<17:49:34> [Error] [CVARS]: [MISSING] [e_ViewDistRatio] is not a registered console variable; referenced when testing console variable group [sys_spec_objectdetail] = [1]
<17:49:34> [Error] [CVARS]: [MISSING] [e_ViewDistRatioCustom] is not a registered console variable; referenced when testing console variable group [sys_spec_objectdetail] = [1]
<17:49:34> [Error] [CVARS]: [MISSING] [e_ViewDistRatioDetail] is not a registered console variable; referenced when testing console variable group [sys_spec_objectdetail] = [1]
<17:49:34> [Error] [CVARS]: [MISSING] [e_ViewDistRatioLights] is not a registered console variable; referenced when testing console variable group [sys_spec_objectdetail] = [1]
<17:49:34> [Error] [CVARS]: [MISSING] [e_ViewDistRatioVegetation] is not a registered console variable; referenced when testing console variable group [sys_spec_objectdetail] = [1]
<17:49:34> [Error] [CVARS]: [MISSING] [es_DebrisLifetimeScale] is not a registered console variable; referenced when testing console variable group [sys_spec_objectdetail] = [1]
<17:49:34> [Error] [CVARS]: [MISSING] [e_DecalsOverlapping] is not a registered console variable; referenced when testing console variable group [sys_spec_objectdetail] = [1]
<17:49:34> [Error] [CVARS]: [MISSING] [e_LodMin] is not a registered console variable; referenced when testing console variable group [sys_spec_objectdetail] = [1]
<17:49:34> [Error] [CVARS]: [MISSING] [e_MergedMeshesInstanceDist] is not a registered console variable; referenced when testing console variable group [sys_spec_objectdetail] = [1]
<17:49:34> [Error] [CVARS]: [MISSING] [e_MergedMeshesPool] is not a registered console variable; referenced when testing console variable group [sys_spec_objectdetail] = [1]
<17:49:34> [Error] [CVARS]: [MISSING] [e_OcclusionCullingViewDistRatio] is not a registered console variable; referenced when testing console variable group [sys_spec_objectdetail] = [1]
<17:49:34> [Error] [CVARS]: [MISSING] [e_TerrainLodRatio] is not a registered console variable; referenced when testing console variable group [sys_spec_objectdetail] = [1]
<17:49:34> [Error] [CVARS]: [MISSING] [e_Tessellation] is not a registered console variable; referenced when testing console variable group [sys_spec_objectdetail] = [1]
<17:49:34> [Error] [CVARS]: [MISSING] [e_ViewDistMin] is not a registered console variable; referenced when testing console variable group [sys_spec_objectdetail] = [1]
<17:49:34> [Error] [CVARS]: [MISSING] [e_ParticlesMaxScreenFill] is not a registered console variable; referenced when testing console variable group [sys_spec_particles] = [1]
<17:49:34> [Error] [CVARS]: [MISSING] [e_ParticlesMinDrawPixels] is not a registered console variable; referenced when testing console variable group [sys_spec_particles] = [1]
<17:49:34> [Error] [CVARS]: [MISSING] [e_ParticlesObjectCollisions] is not a registered console variable; referenced when testing console variable group [sys_spec_particles] = [1]
<17:49:34> [Error] [CVARS]: [MISSING] [e_ParticlesQuality] is not a registered console variable; referenced when testing console variable group [sys_spec_particles] = [1]
<17:49:34> [Error] [CVARS]: [MISSING] [e_ParticlesMotionBlur] is not a registered console variable; referenced when testing console variable group [sys_spec_particles] = [1]
<17:49:34> [Error] [CVARS]: [MISSING] [e_CullVegActivation] is not a registered console variable; referenced when testing console variable group [sys_spec_physics] = [1]
<17:49:34> [Error] [CVARS]: [MISSING] [e_FoliageWindActivationDist] is not a registered console variable; referenced when testing console variable group [sys_spec_physics] = [1]
<17:49:34> [Error] [CVARS]: [MISSING] [e_PhysOceanCell] is not a registered console variable; referenced when testing console variable group [sys_spec_physics] = [1]
<17:49:34> [Error] [CVARS]: [MISSING] [es_MaxPhysDist] is not a registered console variable; referenced when testing console variable group [sys_spec_physics] = [1]
<17:49:34> [Error] [CVARS]: [MISSING] [es_MaxPhysDistInvisible] is not a registered console variable; referenced when testing console variable group [sys_spec_physics] = [1]
<17:49:34> [Error] [CVARS]: [MISSING] [g_breakage_particles_limit] is not a registered console variable; referenced when testing console variable group [sys_spec_physics] = [1]
<17:49:34> [Error] [CVARS]: [MISSING] [g_tree_cut_reuse_dist] is not a registered console variable; referenced when testing console variable group [sys_spec_physics] = [1]
<17:49:34> [Error] [CVARS]: [MISSING] [p_max_MC_iters] is not a registered console variable; referenced when testing console variable group [sys_spec_physics] = [1]
<17:49:34> [Error] [CVARS]: [MISSING] [p_max_substeps] is not a registered console variable; referenced when testing console variable group [sys_spec_physics] = [1]
<17:49:34> [Error] [CVARS]: [MISSING] [e_PhysProxyTriLimit] is not a registered console variable; referenced when testing console variable group [sys_spec_physics] = [1]
<17:49:34> [Error] [CVARS]: [MISSING] [p_max_object_splashes] is not a registered console variable; referenced when testing console variable group [sys_spec_physics] = [1]
<17:49:34> [Error] [CVARS]: [MISSING] [p_max_substeps_large_group] is not a registered console variable; referenced when testing console variable group [sys_spec_physics] = [1]
<17:49:34> [Error] [CVARS]: [MISSING] [p_num_bodies_large_group] is not a registered console variable; referenced when testing console variable group [sys_spec_physics] = [1]
<17:49:34> [Error] [CVARS]: [MISSING] [p_splash_dist0] is not a registered console variable; referenced when testing console variable group [sys_spec_physics] = [1]
<17:49:34> [Error] [CVARS]: [MISSING] [p_splash_dist1] is not a registered console variable; referenced when testing console variable group [sys_spec_physics] = [1]
<17:49:34> [Error] [CVARS]: [MISSING] [p_splash_force0] is not a registered console variable; referenced when testing console variable group [sys_spec_physics] = [1]
<17:49:34> [Error] [CVARS]: [MISSING] [p_splash_force1] is not a registered console variable; referenced when testing console variable group [sys_spec_physics] = [1]
<17:49:34> [Error] [CVARS]: [MISSING] [p_splash_vel0] is not a registered console variable; referenced when testing console variable group [sys_spec_physics] = [1]
<17:49:34> [Error] [CVARS]: [MISSING] [p_splash_vel1] is not a registered console variable; referenced when testing console variable group [sys_spec_physics] = [1]
<17:49:34> [Error] [CVARS]: [MISSING] [e_DynamicLightsMaxEntityLights] is not a registered console variable; referenced when testing console variable group [sys_spec_shading] = [1]
<17:49:34> [Error] [CVARS]: [MISSING] [e_SkyUpdateRate] is not a registered console variable; referenced when testing console variable group [sys_spec_shading] = [1]
<17:49:34> [Error] [CVARS]: [MISSING] [e_svoTI_Apply] is not a registered console variable; referenced when testing console variable group [sys_spec_shading] = [1]
<17:49:34> [Error] [CVARS]: [MISSING] [e_svoTI_RsmConeMaxLength] is not a registered console variable; referenced when testing console variable group [sys_spec_shading] = [1]
<17:49:34> [Error] [CVARS]: [MISSING] [e_svoTI_RsmUseColors] is not a registered console variable; referenced when testing console variable group [sys_spec_shading] = [1]
<17:49:34> [Error] [CVARS]: [MISSING] [e_svoTi_Active] is not a registered console variable; referenced when testing console variable group [sys_spec_shading] = [1]
<17:49:34> [Error] [CVARS]: [MISSING] [e_svoti_LowSpecMode] is not a registered console variable; referenced when testing console variable group [sys_spec_shading] = [1]
<17:49:34> [Error] [CVARS]: [MISSING] [e_LightVolumes] is not a registered console variable; referenced when testing console variable group [sys_spec_shading] = [1]
<17:49:34> [Error] [CVARS]: [MISSING] [e_VegetationUseTerrainColor] is not a registered console variable; referenced when testing console variable group [sys_spec_shading] = [1]
<17:49:34> [Error] [CVARS]: [MISSING] [e_GsmLodsNum] is not a registered console variable; referenced when testing console variable group [sys_spec_shadows] = [1]
<17:49:34> [Error] [CVARS]: [MISSING] [e_GsmRange] is not a registered console variable; referenced when testing console variable group [sys_spec_shadows] = [1]
<17:49:34> [Error] [CVARS]: [MISSING] [e_ObjShadowCastSpec] is not a registered console variable; referenced when testing console variable group [sys_spec_shadows] = [1]
<17:49:34> [Error] [CVARS]: [MISSING] [e_ParticlesShadows] is not a registered console variable; referenced when testing console variable group [sys_spec_shadows] = [1]
<17:49:34> [Error] [CVARS]: [MISSING] [e_Shadows] is not a registered console variable; referenced when testing console variable group [sys_spec_shadows] = [1]
<17:49:34> [Error] [CVARS]: [MISSING] [e_ShadowsBlendCascades] is not a registered console variable; referenced when testing console variable group [sys_spec_shadows] = [1]
<17:49:34> [Error] [CVARS]: [MISSING] [e_ShadowsCastViewDistRatio] is not a registered console variable; referenced when testing console variable group [sys_spec_shadows] = [1]
<17:49:34> [Error] [CVARS]: [MISSING] [e_ShadowsLodBiasFixed] is not a registered console variable; referenced when testing console variable group [sys_spec_shadows] = [1]
<17:49:34> [Error] [CVARS]: [MISSING] [e_ShadowsMaxTexRes] is not a registered console variable; referenced when testing console variable group [sys_spec_shadows] = [1]
<17:49:34> [Error] [CVARS]: [MISSING] [e_ShadowsPoolSize] is not a registered console variable; referenced when testing console variable group [sys_spec_shadows] = [1]
<17:49:34> [Error] [CVARS]: [MISSING] [e_ShadowsResScale] is not a registered console variable; referenced when testing console variable group [sys_spec_shadows] = [1]
<17:49:34> [Error] [CVARS]: [MISSING] [e_ShadowsTessellateCascades] is not a registered console variable; referenced when testing console variable group [sys_spec_shadows] = [1]
<17:49:34> [Error] [CVARS]: [MISSING] [e_ShadowsTessellateDLights] is not a registered console variable; referenced when testing console variable group [sys_spec_shadows] = [1]
<17:49:34> [Error] [CVARS]: [MISSING] [e_ShadowsUpdateViewDistRatio] is not a registered console variable; referenced when testing console variable group [sys_spec_shadows] = [1]
<17:49:34> [Error] [CVARS]: [MISSING] [e_VolumetricFog] is not a registered console variable; referenced when testing console variable group [sys_spec_volumetriceffects] = [1]
<17:49:34> [Error] [CVARS]: [MISSING] [e_fog] is not a registered console variable; referenced when testing console variable group [sys_spec_volumetriceffects] = [1]
<17:49:34> [Error] [CVARS]: [MISSING] [e_Clouds] is not a registered console variable; referenced when testing console variable group [sys_spec_volumetriceffects] = [1]
<17:49:34> [Error] [CVARS]: [MISSING] [e_WaterOceanFFT] is not a registered console variable; referenced when testing console variable group [sys_spec_water] = [1]
<17:49:34> [Error] [CVARS]: [MISSING] [e_WaterTessellationAmount] is not a registered console variable; referenced when testing console variable group [sys_spec_water] = [1]
<17:49:34> [Error] [CVARS]: [MISSING] [e_WaterTessellationAmountX] is not a registered console variable; referenced when testing console variable group [sys_spec_water] = [1]
<17:49:34> [Error] [CVARS]: [MISSING] [e_WaterTessellationAmountY] is not a registered console variable; referenced when testing console variable group [sys_spec_water] = [1]
<17:49:34> [Error] [CVARS]: [MISSING] [e_WaterTessellationSwathWidth] is not a registered console variable; referenced when testing console variable group [sys_spec_water] = [1]
<17:49:34> Loading Config file game.cfg (data\game.cfg)
<17:49:34> [Warning] [CVARS]: [CHANGED] variable [sys_asserts] from [0] to [0]; Marked as [VF_CHEAT]
<17:49:34> [Warning] Modifying marked variables will not be allowed in Release mode!
<17:49:34> Stream Engine Initialization
<17:49:34> GameName: Pandemic Express
<17:49:34> BuildTime: Oct 13 2019 19:15:33
<17:49:34> Physics initialization
<17:49:34> Localized language content(english) not available or modified from the original installation.
<17:49:34> Localized language content(english) not available or modified from the original installation.
<17:49:34> Localized language content(english) not available or modified from the original installation.
<17:49:34> <Audio>: AudioSystem initialization
<17:49:34> <Audio> <0.297>: CryAudioImplWwise loaded
<17:49:35> Renderer initialization
<17:49:35> Logging video adapters:
<17:49:36> - NVIDIA GeForce RTX 3070 (vendor = 0x10de, device = 0x2484)
<17:49:36>   - Adapter index: 0
<17:49:36>   - Dedicated video memory: 8043 MB
<17:49:36>   - Feature level: DX11 (SM 5.0)
<17:49:36>   - Displays connected: yes
<17:49:36>   - Suitable rendering device: yes
<17:49:36> - Microsoft Basic Render Driver (vendor = 0x1414, device = 0x008c)
<17:49:36>   - Adapter index: 1
<17:49:36>   - Dedicated video memory: 0 MB
<17:49:36>   - Feature level: DX11 (SM 5.0)
<17:49:36>   - Displays connected: no
<17:49:36>   - Suitable rendering device: no
<17:49:36> Active GPUs: 1
<17:49:36> [Renderer] A display device has been connected to the system
<17:49:37> Loading plugin CryDefaultEntities
<17:49:37> Loading plugin CrySchematycCore
<17:49:37> DLL Failed to load, error code: 7E
<17:49:37> Loading plugin CrySchematycSTDEnv
<17:49:37> DLL Failed to load, error code: 7E
<17:49:37> Loading plugin CrySensorSystem
<17:49:37> DLL Failed to load, error code: 7E
<17:49:37> Loading extension file cryplugin.csv
<17:49:37> Loading plugin ProcAnRandGenerator.dll
<17:49:37> Loading plugin PlayFab.dll
<17:49:37> Loading plugin CEVPlayer.dll
<17:49:38> Font initialization
<17:49:38> Using FreeType 2.5.5
<17:49:38> Network initialization
<17:49:38> [net] Socket IO management: External [iocp], Internal [iocp]
<17:49:38> network hostname: DESKTOP-GKEDPQ6
<17:49:38>   ip:26.90.194.210
<17:49:38>   ip:192.168.20.21
<17:49:38> [Network Version]: PROFILE DEVELOPMENT BUILD
<17:49:38> MovieSystem initialization
<17:49:38> Console initialization
<17:49:38> Time initialization
<17:49:38> Input initialization
<17:49:39> AI initialization
<17:49:39>  
<17:49:39>     con_debug = 0 []
<17:49:39>     con_display_last_messages = 0 []
<17:49:39>     con_line_buffer_size = 1000 []
<17:49:39>     con_restricted = 0 [RESTRICTEDMODE]
<17:49:39>     con_showonload = 0 []
<17:49:39>  
<17:49:39>     con_debug = 0 []
<17:49:39>     con_display_last_messages = 0 []
<17:49:39>     con_line_buffer_size = 1000 []
<17:49:39>     con_restricted = 0 [RESTRICTEDMODE]
<17:49:39>     con_showonload = 0 []
<17:49:39>  
<17:49:39>     con_debug = 0 []
<17:49:39>  
<17:49:39>     con_debug = 0 []
<17:49:39> Initializing Animation System
<17:49:39> Initializing 3D Engine
<17:49:39> Script System Initialization
<17:49:39> Entity system initialization
<17:49:39> Initializing AI System
<17:49:39> Initializing additional systems
<17:49:39> Dynamic Response System initialization
<17:49:39> DLL Failed to load, error code: 7E
<17:49:39> No Dynamic Response System was loaded from a module, will use the NULL implementation.
<17:49:39> [Steam] Steam API initialized successfully
<17:49:40> <ThreadConfigInfo>: [XML Parsing] Thread with name "Main" already loaded. Overriding with new configuration
<17:49:40> <ThreadConfigInfo>: [XML Parsing] Thread with name "Network" already loaded. Overriding with new configuration
<17:49:40> <ThreadConfigInfo>: [XML Parsing] Thread with name "NetworkStallTicker" already loaded. Overriding with new configuration
<17:49:40> <ThreadConfigInfo>: [XML Parsing] Thread with name "ZLibCompressor" already loaded. Overriding with new configuration
<17:49:40> <ThreadConfigInfo>: [XML Parsing] Thread with name "NetworkStallTicker" already loaded. Overriding with new configuration
<17:49:40> <ThreadConfigInfo>: [XML Parsing] Thread with name "ZLibCompressor" already loaded. Overriding with new configuration
<17:49:40> <ThreadConfigInfo>: [XML Parsing] Thread with name "TelemetryCopier" already loaded. Overriding with new configuration
<17:49:40> <ThreadConfigInfo>: [XML Parsing] Thread with name "StatsAgent" already loaded. Overriding with new configuration
<17:49:40> <ThreadConfigInfo>: Thread profile loaded: "pc_8" (config/game.thread_config)  
<17:49:40> Initializing default materials...
<17:49:46> [MFX] Loading FXLib 'breakables' ...
<17:49:46> [MFX] Loading FXLib 'collisions' ...
<17:49:46> [MFX] Loading FXLib 'foley' ...
<17:49:46> [MFX] Loading FXLib 'foley_grunt' ...
<17:49:46> [MFX] Loading FXLib 'foley_player' ...
<17:49:46> [MFX] Loading FXLib 'footstep_grunt' ...
<17:49:46> [MFX] Loading FXLib 'footstep_player' ...
<17:49:46> [MFX] Loading FXLib 'footsteps' ...
<17:49:46> [MFX] Loading FXLib 'grenade' ...
<17:49:46> [MFX] Loading FXLib 'melee' ...
<17:49:46> [MFX] Loading FXLib 'player_fx' ...
<17:49:46> [MFX] Loading FXLib 'projectiles' ...
<17:49:46> [MFX] Loading FXLib 'tornado' ...
<17:49:46> [MFX] Loading FXLib 'vegetation' ...
<17:49:46> [MFX] Loading FXLib 'vehicles' ...
<17:49:46> [MFX] Loading FXLib 'breakables' ...
<17:49:46> [MFX] Loading FXLib 'collisions' ...
<17:49:46> [MFX] Loading FXLib 'foley' ...
<17:49:46> [MFX] Loading FXLib 'foley_grunt' ...
<17:49:46> [MFX] Loading FXLib 'foley_player' ...
<17:49:46> [MFX] Loading FXLib 'footstep_grunt' ...
<17:49:46> [MFX] Loading FXLib 'footstep_player' ...
<17:49:46> [MFX] Loading FXLib 'footsteps' ...
<17:49:46> [MFX] Loading FXLib 'grenade' ...
<17:49:46> [MFX] Loading FXLib 'melee' ...
<17:49:46> [MFX] Loading FXLib 'player_fx' ...
<17:49:46> [MFX] Loading FXLib 'projectiles' ...
<17:49:46> [MFX] Loading FXLib 'tornado' ...
<17:49:46> [MFX] Loading FXLib 'vegetation' ...
<17:49:46> [MFX] Loading FXLib 'vehicles' ...
<17:49:46> Creating socket on port 2838
<17:49:46> CreateDatagramSocket c1
<17:49:46> CreateDatagramSocket c2
<18:24:52> BaseInput - Shutting down all force feedback
<18:24:52> ActionGame - Shutting down all force feedback
<18:24:52> CNetSyncSystem::~CNetSyncSystem & Crush?! packets_temp_bf(temp packet data buffs)
<18:24:53> System:Quit
