BackupNameAttachment=" Build(0) 31 Jul 21 (02 18 08)"  -- used by backup system
Log Started at Sat Jul 31 02:18:08 2021
Built on Oct 13 2019 19:15:33
Running 64 bit Windows version
Command Line: "D:\Games\Steam\steamapps\common\Pandemic Express\Bin/win_x64/PandemicExpress.exe"
Executable: D:\Games\Steam\steamapps\common\Pandemic Express\Bin\win_x64\PandemicExpress.exe
FileVersion: 1.0.0.0
ProductVersion: 1.0.0.0
Added MOD directory <%engineroot%/engine> to CryPak

Total number of logical processors: 12
Number of available logical processors: 12
Total number of system cores: 6
Number of cores available to process: 6
 
Processor 0:
  CPU: AMD AMD Ryzen 5 3600 6-Core Processor              
  Family: 15, Model: 1, Stepping: 0
  FPU: On-Chip
  Features: FP16, SSE, SSE2, SSE3, SSE4.2, AVX, AVX2, FMA3
  Serial number not present or disabled
 
Processor 1:
  CPU: AMD AMD Ryzen 5 3600 6-Core Processor              
  Family: 15, Model: 1, Stepping: 0
  FPU: On-Chip
  Features: FP16, SSE, SSE2, SSE3, SSE4.2, AVX, AVX2, FMA3
  Serial number not present or disabled
 
Processor 2:
  CPU: AMD AMD Ryzen 5 3600 6-Core Processor              
  Family: 15, Model: 1, Stepping: 0
  FPU: On-Chip
  Features: FP16, SSE, SSE2, SSE3, SSE4.2, AVX, AVX2, FMA3
  Serial number not present or disabled
 
Processor 3:
  CPU: AMD AMD Ryzen 5 3600 6-Core Processor              
  Family: 15, Model: 1, Stepping: 0
  FPU: On-Chip
  Features: FP16, SSE, SSE2, SSE3, SSE4.2, AVX, AVX2, FMA3
  Serial number not present or disabled
 
Processor 4:
  CPU: AMD AMD Ryzen 5 3600 6-Core Processor              
  Family: 15, Model: 1, Stepping: 0
  FPU: On-Chip
  Features: FP16, SSE, SSE2, SSE3, SSE4.2, AVX, AVX2, FMA3
  Serial number not present or disabled
 
Processor 5:
  CPU: AMD AMD Ryzen 5 3600 6-Core Processor              
  Family: 15, Model: 1, Stepping: 0
  FPU: On-Chip
  Features: FP16, SSE, SSE2, SSE3, SSE4.2, AVX, AVX2, FMA3
  Serial number not present or disabled
 
<02:18:08> Loading Config file system.cfg (system.cfg)
<02:18:08> [Error] [CVARS]: [IGNORED CHANGE] variable [sys_version] from [] to [1.1.0.000.200116]; Marked as [VF_CHEAT]
<02:18:08> OnSysSpecChange(1)
<02:18:08> [Error] [CVARS]: [IGNORED CHANGE] variable [sys_asserts] from [0] to [0]; Marked as [VF_CHEAT]
<02:18:08> GameDir: DATA
<02:18:08> <ThreadConfigInfo>: Thread profile loaded: "pc_8" (config/engine_core.thread_config)  
<02:18:08> Windows 10 64 bit (build 10.0.19043)
<02:18:08> System language: English
<02:18:08> Windows Directory: "C:\Windows"
<02:18:08> Local time is 02:18:08 07/31/21, system running for 8809 minutes
<02:18:08> 16333MB physical memory installed, 7533MB available, 134217727MB virtual memory installed, 53 percent of memory in use
<02:18:08> PageFile usage: 76MB, Working Set: 88MB, Peak PageFile usage: 76MB,
<02:18:08> Current display mode is 2560x1440x32, (Unknown graphics card)
<02:18:08> IBM enhanced (101/102-key) keyboard and 16+ button mouse installed
<02:18:08> --------------------------------------------------------------------------------
<02:18:08> OnSysSpecChange(1)
<02:18:08> Loading Config file LowSpec.cfg (data\config\lowspec.cfg)
<02:18:08> [Error] [CVARS]: [MISSING] [e_DynamicLightsMaxEntityLights] is not a registered console variable; referenced when testing console variable group [sys_spec_shading] = [1]
<02:18:08> [Error] [CVARS]: [MISSING] [e_SkyUpdateRate] is not a registered console variable; referenced when testing console variable group [sys_spec_shading] = [1]
<02:18:08> [Error] [CVARS]: [MISSING] [e_svoTI_Apply] is not a registered console variable; referenced when testing console variable group [sys_spec_shading] = [1]
<02:18:08> [Error] [CVARS]: [MISSING] [e_svoTI_RsmConeMaxLength] is not a registered console variable; referenced when testing console variable group [sys_spec_shading] = [1]
<02:18:08> [Error] [CVARS]: [MISSING] [e_svoTI_RsmUseColors] is not a registered console variable; referenced when testing console variable group [sys_spec_shading] = [1]
<02:18:08> [Error] [CVARS]: [MISSING] [e_svoTi_Active] is not a registered console variable; referenced when testing console variable group [sys_spec_shading] = [1]
<02:18:08> [Error] [CVARS]: [MISSING] [e_svoti_LowSpecMode] is not a registered console variable; referenced when testing console variable group [sys_spec_shading] = [1]
<02:18:08> [Error] [CVARS]: [MISSING] [e_LightVolumes] is not a registered console variable; referenced when testing console variable group [sys_spec_shading] = [1]
<02:18:08> [Error] [CVARS]: [MISSING] [e_VegetationUseTerrainColor] is not a registered console variable; referenced when testing console variable group [sys_spec_shading] = [1]
<02:18:08> Loading Config file game.cfg (data\game.cfg)
<02:18:08> [Warning] [CVARS]: [CHANGED] variable [sys_asserts] from [0] to [0]; Marked as [VF_CHEAT]
<02:18:08> [Warning] Modifying marked variables will not be allowed in Release mode!
<02:18:08> Stream Engine Initialization
<02:18:08> GameName: Pandemic Express
<02:18:08> BuildTime: Oct 13 2019 19:15:33
<02:18:08> Physics initialization
<02:18:08> Localized language content(english) not available or modified from the original installation.
<02:18:08> Localized language content(english) not available or modified from the original installation.
<02:18:08> Localized language content(english) not available or modified from the original installation.
<02:18:08> <Audio>: AudioSystem initialization
<02:18:08> <Audio> <0.111>: CryAudioImplWwise loaded
<02:18:09> Renderer initialization
<02:18:09> Logging video adapters:
<02:18:09> - NVIDIA GeForce RTX 3070 (vendor = 0x10de, device = 0x2484)
<02:18:09>   - Adapter index: 0
<02:18:09>   - Dedicated video memory: 8043 MB
<02:18:09>   - Feature level: DX11 (SM 5.0)
<02:18:09>   - Displays connected: yes
<02:18:09>   - Suitable rendering device: yes
<02:18:09> - Microsoft Basic Render Driver (vendor = 0x1414, device = 0x008c)
<02:18:09>   - Adapter index: 1
<02:18:09>   - Dedicated video memory: 0 MB
<02:18:09>   - Feature level: DX11 (SM 5.0)
<02:18:09>   - Displays connected: no
<02:18:09>   - Suitable rendering device: no
<02:18:09> Active GPUs: 1
<02:18:10> [Renderer] A display device has been connected to the system
<02:18:10> Loading plugin CryDefaultEntities
<02:18:10> Loading plugin CrySchematycCore
<02:18:10> DLL Failed to load, error code: 7E
<02:18:10> Loading plugin CrySchematycSTDEnv
<02:18:10> DLL Failed to load, error code: 7E
<02:18:10> Loading plugin CrySensorSystem
<02:18:10> DLL Failed to load, error code: 7E
<02:18:10> Loading extension file cryplugin.csv
<02:18:10> Loading plugin ProcAnRandGenerator.dll
<02:18:10> Loading plugin PlayFab.dll
<02:18:10> Loading plugin CEVPlayer.dll
<02:18:11> Font initialization
<02:18:11> Using FreeType 2.5.5
<02:18:11> Network initialization
<02:18:11> [net] Socket IO management: External [iocp], Internal [iocp]
<02:18:11> network hostname: DESKTOP-GKEDPQ6
<02:18:11>   ip:26.90.194.210
<02:18:11>   ip:192.168.20.16
<02:18:11> [Network Version]: PROFILE DEVELOPMENT BUILD
<02:18:11> MovieSystem initialization
<02:18:11> Console initialization
<02:18:11> Time initialization
<02:18:11> Input initialization
<02:18:11> AI initialization
<02:18:11>  
<02:18:11>     con_debug = 0 []
<02:18:11>     con_display_last_messages = 0 []
<02:18:11>     con_line_buffer_size = 1000 []
<02:18:11>     con_restricted = 0 [RESTRICTEDMODE]
<02:18:11>     con_showonload = 0 []
<02:18:11>  
<02:18:11>     con_debug = 0 []
<02:18:11>     con_display_last_messages = 0 []
<02:18:11>     con_line_buffer_size = 1000 []
<02:18:11>     con_restricted = 0 [RESTRICTEDMODE]
<02:18:11>     con_showonload = 0 []
<02:18:11>  
<02:18:11>     con_debug = 0 []
<02:18:11>  
<02:18:11>     con_debug = 0 []
<02:18:11> Initializing Animation System
<02:18:11> Initializing 3D Engine
<02:18:11> Script System Initialization
<02:18:11> Entity system initialization
<02:18:11> Initializing AI System
<02:18:11> Initializing additional systems
<02:18:11> Dynamic Response System initialization
<02:18:11> DLL Failed to load, error code: 7E
<02:18:11> No Dynamic Response System was loaded from a module, will use the NULL implementation.
<02:18:12> [Steam] Steam API initialized successfully
<02:18:12> <ThreadConfigInfo>: [XML Parsing] Thread with name "Main" already loaded. Overriding with new configuration
<02:18:12> <ThreadConfigInfo>: [XML Parsing] Thread with name "Network" already loaded. Overriding with new configuration
<02:18:12> <ThreadConfigInfo>: [XML Parsing] Thread with name "NetworkStallTicker" already loaded. Overriding with new configuration
<02:18:12> <ThreadConfigInfo>: [XML Parsing] Thread with name "ZLibCompressor" already loaded. Overriding with new configuration
<02:18:12> <ThreadConfigInfo>: [XML Parsing] Thread with name "NetworkStallTicker" already loaded. Overriding with new configuration
<02:18:12> <ThreadConfigInfo>: [XML Parsing] Thread with name "ZLibCompressor" already loaded. Overriding with new configuration
<02:18:12> <ThreadConfigInfo>: [XML Parsing] Thread with name "TelemetryCopier" already loaded. Overriding with new configuration
<02:18:12> <ThreadConfigInfo>: [XML Parsing] Thread with name "StatsAgent" already loaded. Overriding with new configuration
<02:18:12> <ThreadConfigInfo>: Thread profile loaded: "pc_8" (config/game.thread_config)  
<02:18:12> Initializing default materials...
<02:18:18> [MFX] Loading FXLib 'breakables' ...
<02:18:18> [MFX] Loading FXLib 'collisions' ...
<02:18:18> [MFX] Loading FXLib 'foley' ...
<02:18:18> [MFX] Loading FXLib 'foley_grunt' ...
<02:18:18> [MFX] Loading FXLib 'foley_player' ...
<02:18:18> [MFX] Loading FXLib 'footstep_grunt' ...
<02:18:18> [MFX] Loading FXLib 'footstep_player' ...
<02:18:18> [MFX] Loading FXLib 'footsteps' ...
<02:18:18> [MFX] Loading FXLib 'grenade' ...
<02:18:18> [MFX] Loading FXLib 'melee' ...
<02:18:18> [MFX] Loading FXLib 'player_fx' ...
<02:18:18> [MFX] Loading FXLib 'projectiles' ...
<02:18:18> [MFX] Loading FXLib 'tornado' ...
<02:18:18> [MFX] Loading FXLib 'vegetation' ...
<02:18:18> [MFX] Loading FXLib 'vehicles' ...
<02:18:18> [MFX] Loading FXLib 'breakables' ...
<02:18:18> [MFX] Loading FXLib 'collisions' ...
<02:18:18> [MFX] Loading FXLib 'foley' ...
<02:18:18> [MFX] Loading FXLib 'foley_grunt' ...
<02:18:18> [MFX] Loading FXLib 'foley_player' ...
<02:18:18> [MFX] Loading FXLib 'footstep_grunt' ...
<02:18:18> [MFX] Loading FXLib 'footstep_player' ...
<02:18:18> [MFX] Loading FXLib 'footsteps' ...
<02:18:18> [MFX] Loading FXLib 'grenade' ...
<02:18:18> [MFX] Loading FXLib 'melee' ...
<02:18:18> [MFX] Loading FXLib 'player_fx' ...
<02:18:18> [MFX] Loading FXLib 'projectiles' ...
<02:18:18> [MFX] Loading FXLib 'tornado' ...
<02:18:18> [MFX] Loading FXLib 'vegetation' ...
<02:18:18> [MFX] Loading FXLib 'vehicles' ...
<02:18:18> Creating socket on port 2838
<02:18:18> CreateDatagramSocket c1
<02:18:18> CreateDatagramSocket c2
<02:18:38> [MFX] Loading FXLib 'breakables' ...
<02:18:38> [MFX] Loading FXLib 'collisions' ...
<02:18:38> [MFX] Loading FXLib 'foley' ...
<02:18:38> [MFX] Loading FXLib 'foley_grunt' ...
<02:18:38> [MFX] Loading FXLib 'foley_player' ...
<02:18:38> [MFX] Loading FXLib 'footstep_grunt' ...
<02:18:38> [MFX] Loading FXLib 'footstep_player' ...
<02:18:38> [MFX] Loading FXLib 'footsteps' ...
<02:18:38> [MFX] Loading FXLib 'grenade' ...
<02:18:38> [MFX] Loading FXLib 'melee' ...
<02:18:38> [MFX] Loading FXLib 'player_fx' ...
<02:18:38> [MFX] Loading FXLib 'projectiles' ...
<02:18:38> [MFX] Loading FXLib 'tornado' ...
<02:18:38> [MFX] Loading FXLib 'vegetation' ...
<02:18:38> [MFX] Loading FXLib 'vehicles' ...
<02:18:38> ============================ Loading level WhereThe ============================
<02:18:38> CreateDatagramSocket c1
<02:18:38> CreateDatagramSocket c2
<02:18:38> CreateDatagramSocket c1
<02:18:38> CreateDatagramSocket c2
<02:18:42> PLAYERNAME Kornflakes
<02:18:42> CryAnimation: character-definition not found: objects/characters/man.cdf
<02:20:17> CVehicleSeat::Enter called
<02:20:17> CVehicle::OnAction eVAI_Exit
<02:20:17> CVehicleSeat::Exit called
<02:20:17> CVehicleSeat::Exit called c2
<02:25:07> gEnv->pRenderer->Draw2dImage XXX
<02:28:30> BaseInput - Shutting down all force feedback
<02:28:30> ActionGame - Shutting down all force feedback
<02:28:30> CNetSyncSystem::~CNetSyncSystem & Crush?! packets_temp_bf(temp packet data buffs)
<02:28:31> System:Quit
