BackupNameAttachment=" Build(0) 08 Apr 22 (16 51 06)"  -- used by backup system
Log Started at Fri Apr  8 16:51:06 2022
Built on Oct 13 2019 19:15:33
Running 64 bit Windows version
Command Line: "E:\Games\Steam\steamapps\common\Pandemic Express\Bin/win_x64/PandemicExpress.exe"
Executable: E:\Games\Steam\steamapps\common\Pandemic Express\Bin\win_x64\PandemicExpress.exe
FileVersion: 1.0.0.0
ProductVersion: 1.0.0.0
Added MOD directory <%engineroot%/engine> to CryPak

Total number of logical processors: 12
Number of available logical processors: 12
Total number of system cores: 6
Number of cores available to process: 6
 
Processor 0:
  CPU: AMD AMD Ryzen 5 3600 6-Core Processor              
  Family: 15, Model: 1, Stepping: 0
  FPU: On-Chip
  Features: FP16, SSE, SSE2, SSE3, SSE4.2, AVX, AVX2, FMA3
  Serial number not present or disabled
 
Processor 1:
  CPU: AMD AMD Ryzen 5 3600 6-Core Processor              
  Family: 15, Model: 1, Stepping: 0
  FPU: On-Chip
  Features: FP16, SSE, SSE2, SSE3, SSE4.2, AVX, AVX2, FMA3
  Serial number not present or disabled
 
Processor 2:
  CPU: AMD AMD Ryzen 5 3600 6-Core Processor              
  Family: 15, Model: 1, Stepping: 0
  FPU: On-Chip
  Features: FP16, SSE, SSE2, SSE3, SSE4.2, AVX, AVX2, FMA3
  Serial number not present or disabled
 
Processor 3:
  CPU: AMD AMD Ryzen 5 3600 6-Core Processor              
  Family: 15, Model: 1, Stepping: 0
  FPU: On-Chip
  Features: FP16, SSE, SSE2, SSE3, SSE4.2, AVX, AVX2, FMA3
  Serial number not present or disabled
 
Processor 4:
  CPU: AMD AMD Ryzen 5 3600 6-Core Processor              
  Family: 15, Model: 1, Stepping: 0
  FPU: On-Chip
  Features: FP16, SSE, SSE2, SSE3, SSE4.2, AVX, AVX2, FMA3
  Serial number not present or disabled
 
Processor 5:
  CPU: AMD AMD Ryzen 5 3600 6-Core Processor              
  Family: 15, Model: 1, Stepping: 0
  FPU: On-Chip
  Features: FP16, SSE, SSE2, SSE3, SSE4.2, AVX, AVX2, FMA3
  Serial number not present or disabled
 
<16:51:06> Loading Config file system.cfg (system.cfg)
<16:51:06> [Error] [CVARS]: [IGNORED CHANGE] variable [sys_version] from [] to [1.1.0.000.200116]; Marked as [VF_CHEAT]
<16:51:06> OnSysSpecChange(1)
<16:51:06> [Error] [CVARS]: [IGNORED CHANGE] variable [sys_asserts] from [0] to [0]; Marked as [VF_CHEAT]
<16:51:06> GameDir: DATA
<16:51:06> <ThreadConfigInfo>: Thread profile loaded: "pc_8" (config/engine_core.thread_config)  
<16:51:06> Windows 10 64 bit (build 10.0.22000)
<16:51:06> System language: English
<16:51:06> Windows Directory: "C:\Windows"
<16:51:06> Local time is 16:51:06 04/08/22, system running for 25 minutes
<16:51:06> 16336MB physical memory installed, 6427MB available, 134217727MB virtual memory installed, 60 percent of memory in use
<16:51:06> PageFile usage: 76MB, Working Set: 89MB, Peak PageFile usage: 76MB,
<16:51:06> Current display mode is 2560x1440x32, (Unknown graphics card)
<16:51:06> IBM enhanced (101/102-key) keyboard and 16+ button mouse installed
<16:51:06> --------------------------------------------------------------------------------
<16:51:06> OnSysSpecChange(1)
<16:51:06> Loading Config file LowSpec.cfg (data\config\lowspec.cfg)
<16:51:06> [Error] [CVARS]: [MISSING] [mfx_Timeout] is not a registered console variable; referenced when testing console variable group [sys_spec_gameeffects] = [1]
<16:51:06> [Error] [CVARS]: [MISSING] [ca_AttachmentCullingRation] is not a registered console variable; referenced when testing console variable group [sys_spec_objectdetail] = [1]
<16:51:06> [Error] [CVARS]: [MISSING] [e_DecalsLifeTimeScale] is not a registered console variable; referenced when testing console variable group [sys_spec_objectdetail] = [1]
<16:51:06> [Error] [CVARS]: [MISSING] [e_LodRatio] is not a registered console variable; referenced when testing console variable group [sys_spec_objectdetail] = [1]
<16:51:06> [Error] [CVARS]: [MISSING] [e_MaxViewDistSpecLerp] is not a registered console variable; referenced when testing console variable group [sys_spec_objectdetail] = [1]
<16:51:06> [Error] [CVARS]: [MISSING] [e_MaxViewDistance] is not a registered console variable; referenced when testing console variable group [sys_spec_objectdetail] = [1]
<16:51:06> [Error] [CVARS]: [MISSING] [e_ObjQuality] is not a registered console variable; referenced when testing console variable group [sys_spec_objectdetail] = [1]
<16:51:06> [Error] [CVARS]: [MISSING] [e_TerrainOcclusionCullingMaxDist] is not a registered console variable; referenced when testing console variable group [sys_spec_objectdetail] = [1]
<16:51:06> [Error] [CVARS]: [MISSING] [e_VegetationMinSize] is not a registered console variable; referenced when testing console variable group [sys_spec_objectdetail] = [1]
<16:51:06> [Error] [CVARS]: [MISSING] [e_ViewDistRatio] is not a registered console variable; referenced when testing console variable group [sys_spec_objectdetail] = [1]
<16:51:06> [Error] [CVARS]: [MISSING] [e_ViewDistRatioCustom] is not a registered console variable; referenced when testing console variable group [sys_spec_objectdetail] = [1]
<16:51:06> [Error] [CVARS]: [MISSING] [e_ViewDistRatioDetail] is not a registered console variable; referenced when testing console variable group [sys_spec_objectdetail] = [1]
<16:51:06> [Error] [CVARS]: [MISSING] [e_ViewDistRatioLights] is not a registered console variable; referenced when testing console variable group [sys_spec_objectdetail] = [1]
<16:51:06> [Error] [CVARS]: [MISSING] [e_ViewDistRatioVegetation] is not a registered console variable; referenced when testing console variable group [sys_spec_objectdetail] = [1]
<16:51:06> [Error] [CVARS]: [MISSING] [es_DebrisLifetimeScale] is not a registered console variable; referenced when testing console variable group [sys_spec_objectdetail] = [1]
<16:51:06> [Error] [CVARS]: [MISSING] [e_DecalsOverlapping] is not a registered console variable; referenced when testing console variable group [sys_spec_objectdetail] = [1]
<16:51:06> [Error] [CVARS]: [MISSING] [e_LodMin] is not a registered console variable; referenced when testing console variable group [sys_spec_objectdetail] = [1]
<16:51:06> [Error] [CVARS]: [MISSING] [e_MergedMeshesInstanceDist] is not a registered console variable; referenced when testing console variable group [sys_spec_objectdetail] = [1]
<16:51:06> [Error] [CVARS]: [MISSING] [e_MergedMeshesPool] is not a registered console variable; referenced when testing console variable group [sys_spec_objectdetail] = [1]
<16:51:06> [Error] [CVARS]: [MISSING] [e_OcclusionCullingViewDistRatio] is not a registered console variable; referenced when testing console variable group [sys_spec_objectdetail] = [1]
<16:51:06> [Error] [CVARS]: [MISSING] [e_TerrainLodRatio] is not a registered console variable; referenced when testing console variable group [sys_spec_objectdetail] = [1]
<16:51:06> [Error] [CVARS]: [MISSING] [e_Tessellation] is not a registered console variable; referenced when testing console variable group [sys_spec_objectdetail] = [1]
<16:51:06> [Error] [CVARS]: [MISSING] [e_ViewDistMin] is not a registered console variable; referenced when testing console variable group [sys_spec_objectdetail] = [1]
<16:51:06> [Error] [CVARS]: [MISSING] [e_ParticlesMaxScreenFill] is not a registered console variable; referenced when testing console variable group [sys_spec_particles] = [1]
<16:51:06> [Error] [CVARS]: [MISSING] [e_ParticlesMinDrawPixels] is not a registered console variable; referenced when testing console variable group [sys_spec_particles] = [1]
<16:51:06> [Error] [CVARS]: [MISSING] [e_ParticlesObjectCollisions] is not a registered console variable; referenced when testing console variable group [sys_spec_particles] = [1]
<16:51:06> [Error] [CVARS]: [MISSING] [e_ParticlesQuality] is not a registered console variable; referenced when testing console variable group [sys_spec_particles] = [1]
<16:51:06> [Error] [CVARS]: [MISSING] [e_ParticlesMotionBlur] is not a registered console variable; referenced when testing console variable group [sys_spec_particles] = [1]
<16:51:06> [Error] [CVARS]: [MISSING] [e_CullVegActivation] is not a registered console variable; referenced when testing console variable group [sys_spec_physics] = [1]
<16:51:06> [Error] [CVARS]: [MISSING] [e_FoliageWindActivationDist] is not a registered console variable; referenced when testing console variable group [sys_spec_physics] = [1]
<16:51:06> [Error] [CVARS]: [MISSING] [e_PhysOceanCell] is not a registered console variable; referenced when testing console variable group [sys_spec_physics] = [1]
<16:51:06> [Error] [CVARS]: [MISSING] [es_MaxPhysDist] is not a registered console variable; referenced when testing console variable group [sys_spec_physics] = [1]
<16:51:06> [Error] [CVARS]: [MISSING] [es_MaxPhysDistInvisible] is not a registered console variable; referenced when testing console variable group [sys_spec_physics] = [1]
<16:51:06> [Error] [CVARS]: [MISSING] [g_breakage_particles_limit] is not a registered console variable; referenced when testing console variable group [sys_spec_physics] = [1]
<16:51:06> [Error] [CVARS]: [MISSING] [g_tree_cut_reuse_dist] is not a registered console variable; referenced when testing console variable group [sys_spec_physics] = [1]
<16:51:06> [Error] [CVARS]: [MISSING] [p_max_MC_iters] is not a registered console variable; referenced when testing console variable group [sys_spec_physics] = [1]
<16:51:06> [Error] [CVARS]: [MISSING] [p_max_substeps] is not a registered console variable; referenced when testing console variable group [sys_spec_physics] = [1]
<16:51:06> [Error] [CVARS]: [MISSING] [e_PhysProxyTriLimit] is not a registered console variable; referenced when testing console variable group [sys_spec_physics] = [1]
<16:51:06> [Error] [CVARS]: [MISSING] [p_max_object_splashes] is not a registered console variable; referenced when testing console variable group [sys_spec_physics] = [1]
<16:51:06> [Error] [CVARS]: [MISSING] [p_max_substeps_large_group] is not a registered console variable; referenced when testing console variable group [sys_spec_physics] = [1]
<16:51:06> [Error] [CVARS]: [MISSING] [p_num_bodies_large_group] is not a registered console variable; referenced when testing console variable group [sys_spec_physics] = [1]
<16:51:06> [Error] [CVARS]: [MISSING] [p_splash_dist0] is not a registered console variable; referenced when testing console variable group [sys_spec_physics] = [1]
<16:51:06> [Error] [CVARS]: [MISSING] [p_splash_dist1] is not a registered console variable; referenced when testing console variable group [sys_spec_physics] = [1]
<16:51:06> [Error] [CVARS]: [MISSING] [p_splash_force0] is not a registered console variable; referenced when testing console variable group [sys_spec_physics] = [1]
<16:51:06> [Error] [CVARS]: [MISSING] [p_splash_force1] is not a registered console variable; referenced when testing console variable group [sys_spec_physics] = [1]
<16:51:06> [Error] [CVARS]: [MISSING] [p_splash_vel0] is not a registered console variable; referenced when testing console variable group [sys_spec_physics] = [1]
<16:51:06> [Error] [CVARS]: [MISSING] [p_splash_vel1] is not a registered console variable; referenced when testing console variable group [sys_spec_physics] = [1]
<16:51:06> [Error] [CVARS]: [MISSING] [e_DynamicLightsMaxEntityLights] is not a registered console variable; referenced when testing console variable group [sys_spec_shading] = [1]
<16:51:06> [Error] [CVARS]: [MISSING] [e_SkyUpdateRate] is not a registered console variable; referenced when testing console variable group [sys_spec_shading] = [1]
<16:51:06> [Error] [CVARS]: [MISSING] [e_svoTI_Apply] is not a registered console variable; referenced when testing console variable group [sys_spec_shading] = [1]
<16:51:06> [Error] [CVARS]: [MISSING] [e_svoTI_RsmConeMaxLength] is not a registered console variable; referenced when testing console variable group [sys_spec_shading] = [1]
<16:51:06> [Error] [CVARS]: [MISSING] [e_svoTI_RsmUseColors] is not a registered console variable; referenced when testing console variable group [sys_spec_shading] = [1]
<16:51:06> [Error] [CVARS]: [MISSING] [e_svoTi_Active] is not a registered console variable; referenced when testing console variable group [sys_spec_shading] = [1]
<16:51:06> [Error] [CVARS]: [MISSING] [e_svoti_LowSpecMode] is not a registered console variable; referenced when testing console variable group [sys_spec_shading] = [1]
<16:51:06> [Error] [CVARS]: [MISSING] [e_LightVolumes] is not a registered console variable; referenced when testing console variable group [sys_spec_shading] = [1]
<16:51:06> [Error] [CVARS]: [MISSING] [e_VegetationUseTerrainColor] is not a registered console variable; referenced when testing console variable group [sys_spec_shading] = [1]
<16:51:06> [Error] [CVARS]: [MISSING] [e_GsmLodsNum] is not a registered console variable; referenced when testing console variable group [sys_spec_shadows] = [1]
<16:51:06> [Error] [CVARS]: [MISSING] [e_GsmRange] is not a registered console variable; referenced when testing console variable group [sys_spec_shadows] = [1]
<16:51:06> [Error] [CVARS]: [MISSING] [e_ObjShadowCastSpec] is not a registered console variable; referenced when testing console variable group [sys_spec_shadows] = [1]
<16:51:06> [Error] [CVARS]: [MISSING] [e_ParticlesShadows] is not a registered console variable; referenced when testing console variable group [sys_spec_shadows] = [1]
<16:51:06> [Error] [CVARS]: [MISSING] [e_Shadows] is not a registered console variable; referenced when testing console variable group [sys_spec_shadows] = [1]
<16:51:06> [Error] [CVARS]: [MISSING] [e_ShadowsBlendCascades] is not a registered console variable; referenced when testing console variable group [sys_spec_shadows] = [1]
<16:51:06> [Error] [CVARS]: [MISSING] [e_ShadowsCastViewDistRatio] is not a registered console variable; referenced when testing console variable group [sys_spec_shadows] = [1]
<16:51:06> [Error] [CVARS]: [MISSING] [e_ShadowsLodBiasFixed] is not a registered console variable; referenced when testing console variable group [sys_spec_shadows] = [1]
<16:51:06> [Error] [CVARS]: [MISSING] [e_ShadowsMaxTexRes] is not a registered console variable; referenced when testing console variable group [sys_spec_shadows] = [1]
<16:51:06> [Error] [CVARS]: [MISSING] [e_ShadowsPoolSize] is not a registered console variable; referenced when testing console variable group [sys_spec_shadows] = [1]
<16:51:06> [Error] [CVARS]: [MISSING] [e_ShadowsResScale] is not a registered console variable; referenced when testing console variable group [sys_spec_shadows] = [1]
<16:51:06> [Error] [CVARS]: [MISSING] [e_ShadowsTessellateCascades] is not a registered console variable; referenced when testing console variable group [sys_spec_shadows] = [1]
<16:51:06> [Error] [CVARS]: [MISSING] [e_ShadowsTessellateDLights] is not a registered console variable; referenced when testing console variable group [sys_spec_shadows] = [1]
<16:51:06> [Error] [CVARS]: [MISSING] [e_ShadowsUpdateViewDistRatio] is not a registered console variable; referenced when testing console variable group [sys_spec_shadows] = [1]
<16:51:06> [Error] [CVARS]: [MISSING] [e_VolumetricFog] is not a registered console variable; referenced when testing console variable group [sys_spec_volumetriceffects] = [1]
<16:51:06> [Error] [CVARS]: [MISSING] [e_fog] is not a registered console variable; referenced when testing console variable group [sys_spec_volumetriceffects] = [1]
<16:51:06> [Error] [CVARS]: [MISSING] [e_Clouds] is not a registered console variable; referenced when testing console variable group [sys_spec_volumetriceffects] = [1]
<16:51:06> [Error] [CVARS]: [MISSING] [e_WaterOceanFFT] is not a registered console variable; referenced when testing console variable group [sys_spec_water] = [1]
<16:51:06> [Error] [CVARS]: [MISSING] [e_WaterTessellationAmount] is not a registered console variable; referenced when testing console variable group [sys_spec_water] = [1]
<16:51:06> [Error] [CVARS]: [MISSING] [e_WaterTessellationAmountX] is not a registered console variable; referenced when testing console variable group [sys_spec_water] = [1]
<16:51:06> [Error] [CVARS]: [MISSING] [e_WaterTessellationAmountY] is not a registered console variable; referenced when testing console variable group [sys_spec_water] = [1]
<16:51:06> [Error] [CVARS]: [MISSING] [e_WaterTessellationSwathWidth] is not a registered console variable; referenced when testing console variable group [sys_spec_water] = [1]
<16:51:06> Loading Config file game.cfg (data\game.cfg)
<16:51:06> [Warning] [CVARS]: [CHANGED] variable [sys_asserts] from [0] to [0]; Marked as [VF_CHEAT]
<16:51:06> [Warning] Modifying marked variables will not be allowed in Release mode!
<16:51:06> Stream Engine Initialization
<16:51:06> GameName: Pandemic Express
<16:51:06> BuildTime: Oct 13 2019 19:15:33
<16:51:06> Physics initialization
<16:51:06> Localized language content(english) not available or modified from the original installation.
<16:51:06> Localized language content(english) not available or modified from the original installation.
<16:51:06> Localized language content(english) not available or modified from the original installation.
<16:51:06> <Audio>: AudioSystem initialization
<16:51:07> <Audio> <0.418>: CryAudioImplWwise loaded
<16:51:08> Renderer initialization
<16:51:08> Logging video adapters:
<16:51:08> - NVIDIA GeForce RTX 3070 (vendor = 0x10de, device = 0x2484)
<16:51:08>   - Adapter index: 0
<16:51:08>   - Dedicated video memory: 8043 MB
<16:51:08>   - Feature level: DX11 (SM 5.0)
<16:51:08>   - Displays connected: yes
<16:51:08>   - Suitable rendering device: yes
<16:51:08> - Microsoft Basic Render Driver (vendor = 0x1414, device = 0x008c)
<16:51:08>   - Adapter index: 1
<16:51:08>   - Dedicated video memory: 0 MB
<16:51:08>   - Feature level: DX11 (SM 5.0)
<16:51:08>   - Displays connected: no
<16:51:08>   - Suitable rendering device: no
<16:51:09> Active GPUs: 1
<16:51:09> [Renderer] A display device has been connected to the system
<16:51:09> Loading plugin CryDefaultEntities
<16:51:09> Loading plugin CrySchematycCore
<16:51:09> DLL Failed to load, error code: 7E
<16:51:09> Loading plugin CrySchematycSTDEnv
<16:51:09> DLL Failed to load, error code: 7E
<16:51:09> Loading plugin CrySensorSystem
<16:51:09> DLL Failed to load, error code: 7E
<16:51:09> Loading extension file cryplugin.csv
<16:51:09> Loading plugin ProcAnRandGenerator.dll
<16:51:09> Loading plugin PlayFab.dll
<16:51:09> Loading plugin CEVPlayer.dll
<16:51:10> Font initialization
<16:51:10> Using FreeType 2.5.5
<16:51:11> Network initialization
<16:51:11> [net] Socket IO management: External [iocp], Internal [iocp]
<16:51:11> network hostname: jasper-pc
<16:51:11>   ip:26.133.86.13
<16:51:11>   ip:192.168.20.12
<16:51:11> [Network Version]: PROFILE DEVELOPMENT BUILD
<16:51:11> MovieSystem initialization
<16:51:11> Console initialization
<16:51:11> Time initialization
<16:51:11> Input initialization
<16:51:11> AI initialization
<16:51:11>  
<16:51:11>     con_debug = 0 []
<16:51:11>     con_display_last_messages = 0 []
<16:51:11>     con_line_buffer_size = 1000 []
<16:51:11>     con_restricted = 0 [RESTRICTEDMODE]
<16:51:11>     con_showonload = 0 []
<16:51:11>  
<16:51:11>     con_debug = 0 []
<16:51:11>     con_display_last_messages = 0 []
<16:51:11>     con_line_buffer_size = 1000 []
<16:51:11>     con_restricted = 0 [RESTRICTEDMODE]
<16:51:11>     con_showonload = 0 []
<16:51:11>  
<16:51:11>     con_debug = 0 []
<16:51:11>  
<16:51:11>     con_debug = 0 []
<16:51:11> Initializing Animation System
<16:51:11> Initializing 3D Engine
<16:51:11> Script System Initialization
<16:51:11> Entity system initialization
<16:51:11> Initializing AI System
<16:51:11> Initializing additional systems
<16:51:11> Dynamic Response System initialization
<16:51:11> DLL Failed to load, error code: 7E
<16:51:11> No Dynamic Response System was loaded from a module, will use the NULL implementation.
<16:51:12> [Steam] Steam API initialized successfully
<16:51:12> <ThreadConfigInfo>: [XML Parsing] Thread with name "Main" already loaded. Overriding with new configuration
<16:51:12> <ThreadConfigInfo>: [XML Parsing] Thread with name "Network" already loaded. Overriding with new configuration
<16:51:12> <ThreadConfigInfo>: [XML Parsing] Thread with name "NetworkStallTicker" already loaded. Overriding with new configuration
<16:51:12> <ThreadConfigInfo>: [XML Parsing] Thread with name "ZLibCompressor" already loaded. Overriding with new configuration
<16:51:12> <ThreadConfigInfo>: [XML Parsing] Thread with name "NetworkStallTicker" already loaded. Overriding with new configuration
<16:51:12> <ThreadConfigInfo>: [XML Parsing] Thread with name "ZLibCompressor" already loaded. Overriding with new configuration
<16:51:12> <ThreadConfigInfo>: [XML Parsing] Thread with name "TelemetryCopier" already loaded. Overriding with new configuration
<16:51:12> <ThreadConfigInfo>: [XML Parsing] Thread with name "StatsAgent" already loaded. Overriding with new configuration
<16:51:12> <ThreadConfigInfo>: Thread profile loaded: "pc_8" (config/game.thread_config)  
<16:51:12> Initializing default materials...
<16:51:18> [MFX] Loading FXLib 'breakables' ...
<16:51:18> [MFX] Loading FXLib 'collisions' ...
<16:51:18> [MFX] Loading FXLib 'foley' ...
<16:51:18> [MFX] Loading FXLib 'foley_grunt' ...
<16:51:18> [MFX] Loading FXLib 'foley_player' ...
<16:51:18> [MFX] Loading FXLib 'footstep_grunt' ...
<16:51:18> [MFX] Loading FXLib 'footstep_player' ...
<16:51:18> [MFX] Loading FXLib 'footsteps' ...
<16:51:18> [MFX] Loading FXLib 'grenade' ...
<16:51:18> [MFX] Loading FXLib 'melee' ...
<16:51:18> [MFX] Loading FXLib 'player_fx' ...
<16:51:18> [MFX] Loading FXLib 'projectiles' ...
<16:51:18> [MFX] Loading FXLib 'tornado' ...
<16:51:18> [MFX] Loading FXLib 'vegetation' ...
<16:51:18> [MFX] Loading FXLib 'vehicles' ...
<16:51:19> [MFX] Loading FXLib 'breakables' ...
<16:51:19> [MFX] Loading FXLib 'collisions' ...
<16:51:19> [MFX] Loading FXLib 'foley' ...
<16:51:19> [MFX] Loading FXLib 'foley_grunt' ...
<16:51:19> [MFX] Loading FXLib 'foley_player' ...
<16:51:19> [MFX] Loading FXLib 'footstep_grunt' ...
<16:51:19> [MFX] Loading FXLib 'footstep_player' ...
<16:51:19> [MFX] Loading FXLib 'footsteps' ...
<16:51:19> [MFX] Loading FXLib 'grenade' ...
<16:51:19> [MFX] Loading FXLib 'melee' ...
<16:51:19> [MFX] Loading FXLib 'player_fx' ...
<16:51:19> [MFX] Loading FXLib 'projectiles' ...
<16:51:19> [MFX] Loading FXLib 'tornado' ...
<16:51:19> [MFX] Loading FXLib 'vegetation' ...
<16:51:19> [MFX] Loading FXLib 'vehicles' ...
<16:51:19> Creating socket on port 2838
<16:51:19> CreateDatagramSocket c1
<16:51:19> CreateDatagramSocket c2
<16:51:35> Iterator 0
<16:51:35> Size 30
<16:51:35> Iterator 1
<16:51:35> Size 30
<16:51:35> Iterator 2
<16:51:35> Size 30
<16:51:35> Iterator 3
<16:51:35> Size 30
<16:51:35> Iterator 4
<16:51:35> Size 30
<16:51:35> Iterator 5
<16:51:35> Size 30
<16:51:35> Iterator 6
<16:51:35> Size 30
<16:51:35> Iterator 7
<16:51:35> Size 30
<16:51:35> Iterator 8
<16:51:35> Size 30
<16:51:35> Iterator 9
<16:51:35> Size 30
<16:51:35> Iterator 10
<16:51:35> Size 30
<16:51:35> Iterator 11
<16:51:35> Size 30
<16:51:35> Iterator 12
<16:51:35> Size 30
<16:51:35> Iterator 13
<16:51:35> Size 30
<16:51:35> Iterator 14
<16:51:35> Size 30
<16:51:35> playerName Kornflakes
<16:51:35> Iterator 15
<16:51:35> Size 30
<16:51:35> Iterator 16
<16:51:35> Size 30
<16:51:35> Iterator 17
<16:51:35> Size 30
<16:51:35> Iterator 18
<16:51:35> Size 30
<16:51:35> Iterator 19
<16:51:35> Size 30
<16:51:35> Iterator 20
<16:51:35> Size 30
<16:51:35> Iterator 21
<16:51:35> Size 30
<16:51:35> Iterator 22
<16:51:35> Size 30
<16:51:35> Iterator 23
<16:51:35> Size 30
<16:51:36> Iterator 24
<16:51:36> Size 30
<16:51:36> Iterator 25
<16:51:36> Size 30
<16:51:36> Iterator 26
<16:51:36> Size 30
<16:51:36> Iterator 27
<16:51:36> Size 30
<16:51:36> Iterator 28
<16:51:36> Size 30
<16:51:36> Iterator 29
<16:51:36> Size 30
<16:51:36> playerName Kornflakes
<16:51:36> Iterator 30
<16:51:36> Size 30
<16:51:40> BaseInput - Shutting down all force feedback
<16:51:40> ActionGame - Shutting down all force feedback
<16:51:40> CNetSyncSystem::~CNetSyncSystem & Crush?! packets_temp_bf(temp packet data buffs)
<16:51:40> System:Quit
