BackupNameAttachment=" Build(0) 11 Sep 24 (21 30 27)"  -- used by backup system
Log Started at Wed Sep 11 21:30:27 2024
Built on Oct 13 2019 19:15:33
Running 64 bit Windows version
Command Line: "bin\win_x64_vulkan\PandemicExpress.exe" 
Executable: C:\Users\Administrator\Documents\GitHub\PandemicExpressRedux\bin\win_x64_vulkan\PandemicExpress.exe
FileVersion: 1.0.0.0
ProductVersion: 1.0.0.0
Added MOD directory <%engineroot%/engine> to CryPak

Total number of logical processors: 8
Number of available logical processors: 8
Total number of system cores: 8
Number of cores available to process: 8
 
Processor 0:
  CPU: Intel Intel(R) Core(TM) i7-9700 CPU @ 3.00GHz
  Family: 6, Model: 14, Stepping: 13
  FPU: On-Chip
  Features: FP16, SSE, SSE2, SSE3, SSE4.2, AVX, AVX2, FMA3
  Serial number not present or disabled
 
Processor 1:
  CPU: Intel Intel(R) Core(TM) i7-9700 CPU @ 3.00GHz
  Family: 6, Model: 14, Stepping: 13
  FPU: On-Chip
  Features: FP16, SSE, SSE2, SSE3, SSE4.2, AVX, AVX2, FMA3
  Serial number not present or disabled
 
Processor 2:
  CPU: Intel Intel(R) Core(TM) i7-9700 CPU @ 3.00GHz
  Family: 6, Model: 14, Stepping: 13
  FPU: On-Chip
  Features: FP16, SSE, SSE2, SSE3, SSE4.2, AVX, AVX2, FMA3
  Serial number not present or disabled
 
Processor 3:
  CPU: Intel Intel(R) Core(TM) i7-9700 CPU @ 3.00GHz
  Family: 6, Model: 14, Stepping: 13
  FPU: On-Chip
  Features: FP16, SSE, SSE2, SSE3, SSE4.2, AVX, AVX2, FMA3
  Serial number not present or disabled
 
Processor 4:
  CPU: Intel Intel(R) Core(TM) i7-9700 CPU @ 3.00GHz
  Family: 6, Model: 14, Stepping: 13
  FPU: On-Chip
  Features: FP16, SSE, SSE2, SSE3, SSE4.2, AVX, AVX2, FMA3
  Serial number not present or disabled
 
Processor 5:
  CPU: Intel Intel(R) Core(TM) i7-9700 CPU @ 3.00GHz
  Family: 6, Model: 14, Stepping: 13
  FPU: On-Chip
  Features: FP16, SSE, SSE2, SSE3, SSE4.2, AVX, AVX2, FMA3
  Serial number not present or disabled
 
Processor 6:
  CPU: Intel Intel(R) Core(TM) i7-9700 CPU @ 3.00GHz
  Family: 6, Model: 14, Stepping: 13
  FPU: On-Chip
  Features: FP16, SSE, SSE2, SSE3, SSE4.2, AVX, AVX2, FMA3
  Serial number not present or disabled
 
Processor 7:
  CPU: Intel Intel(R) Core(TM) i7-9700 CPU @ 3.00GHz
  Family: 6, Model: 14, Stepping: 13
  FPU: On-Chip
  Features: FP16, SSE, SSE2, SSE3, SSE4.2, AVX, AVX2, FMA3
  Serial number not present or disabled
 
<21:30:27> Loading Config file system.cfg (system.cfg)
<21:30:27> [Error] [CVARS]: [IGNORED CHANGE] variable [sys_version] from [] to [1.2.2.410.200000]; Marked as [VF_CHEAT]
<21:30:27> [Warning] system.cfg -> invalid configuration line: <--------------------------------------------------------->
<21:30:27> [Warning] system.cfg -> invalid configuration line: <--------------------------------------------------------->
<21:30:27> OnSysSpecChange(1)
<21:30:27> [Error] [CVARS]: [IGNORED CHANGE] variable [sys_asserts] from [0] to [0]; Marked as [VF_CHEAT]
<21:30:27> [Warning] [CVARS]: [CHANGED] variable [sys_asserts] from [0] to [0]; Marked as [VF_CHEAT]
<21:30:27> [Warning] Modifying marked variables will not be allowed in Release mode!
