BackupNameAttachment=" Build(0) 23 Jul 21 (23 51 35)"  -- used by backup system
Log Started at Fri Jul 23 23:51:35 2021
Built on Oct 13 2019 19:15:33
Running 64 bit Windows version
Command Line: "D:\Games\Steam\steamapps\common\Pandemic Express\Bin/win_x64/PandemicExpress.exe"
Executable: D:\Games\Steam\steamapps\common\Pandemic Express\Bin\win_x64\PandemicExpress.exe
FileVersion: 1.0.0.0
ProductVersion: 1.0.0.0
Added MOD directory <%engineroot%/engine> to CryPak

Total number of logical processors: 12
Number of available logical processors: 12
Total number of system cores: 6
Number of cores available to process: 6
 
Processor 0:
  CPU: AMD AMD Ryzen 5 3600 6-Core Processor              
  Family: 15, Model: 1, Stepping: 0
  FPU: On-Chip
  Features: FP16, SSE, SSE2, SSE3, SSE4.2, AVX, AVX2, FMA3
  Serial number not present or disabled
 
Processor 1:
  CPU: AMD AMD Ryzen 5 3600 6-Core Processor              
  Family: 15, Model: 1, Stepping: 0
  FPU: On-Chip
  Features: FP16, SSE, SSE2, SSE3, SSE4.2, AVX, AVX2, FMA3
  Serial number not present or disabled
 
Processor 2:
  CPU: AMD AMD Ryzen 5 3600 6-Core Processor              
  Family: 15, Model: 1, Stepping: 0
  FPU: On-Chip
  Features: FP16, SSE, SSE2, SSE3, SSE4.2, AVX, AVX2, FMA3
  Serial number not present or disabled
 
Processor 3:
  CPU: AMD AMD Ryzen 5 3600 6-Core Processor              
  Family: 15, Model: 1, Stepping: 0
  FPU: On-Chip
  Features: FP16, SSE, SSE2, SSE3, SSE4.2, AVX, AVX2, FMA3
  Serial number not present or disabled
 
Processor 4:
  CPU: AMD AMD Ryzen 5 3600 6-Core Processor              
  Family: 15, Model: 1, Stepping: 0
  FPU: On-Chip
  Features: FP16, SSE, SSE2, SSE3, SSE4.2, AVX, AVX2, FMA3
  Serial number not present or disabled
 
Processor 5:
  CPU: AMD AMD Ryzen 5 3600 6-Core Processor              
  Family: 15, Model: 1, Stepping: 0
  FPU: On-Chip
  Features: FP16, SSE, SSE2, SSE3, SSE4.2, AVX, AVX2, FMA3
  Serial number not present or disabled
 
<23:51:35> Loading Config file system.cfg (system.cfg)
<23:51:35> [Error] [CVARS]: [IGNORED CHANGE] variable [sys_version] from [] to [1.1.0.000.200116]; Marked as [VF_CHEAT]
<23:51:35> OnSysSpecChange(1)
<23:51:35> [Error] [CVARS]: [IGNORED CHANGE] variable [sys_asserts] from [0] to [0]; Marked as [VF_CHEAT]
<23:51:35> GameDir: DATA
<23:51:35> <ThreadConfigInfo>: Thread profile loaded: "pc_8" (config/engine_core.thread_config)  
<23:51:35> Windows 10 64 bit (build 10.0.19043)
<23:51:35> System language: English
<23:51:35> Windows Directory: "C:\Windows"
<23:51:35> Local time is 23:51:35 07/23/21, system running for 3528 minutes
<23:51:35> 16333MB physical memory installed, 8352MB available, 134217727MB virtual memory installed, 48 percent of memory in use
<23:51:35> PageFile usage: 76MB, Working Set: 88MB, Peak PageFile usage: 76MB,
<23:51:35> Current display mode is 2560x1440x32, (Unknown graphics card)
<23:51:35> IBM enhanced (101/102-key) keyboard and 16+ button mouse installed
<23:51:35> --------------------------------------------------------------------------------
<23:51:35> OnSysSpecChange(1)
<23:51:35> Loading Config file LowSpec.cfg (data\config\lowspec.cfg)
<23:51:35> [Error] [CVARS]: [MISSING] [mfx_Timeout] is not a registered console variable; referenced when testing console variable group [sys_spec_gameeffects] = [1]
<23:51:35> [Error] [CVARS]: [MISSING] [ca_AttachmentCullingRation] is not a registered console variable; referenced when testing console variable group [sys_spec_objectdetail] = [1]
<23:51:35> [Error] [CVARS]: [MISSING] [e_DecalsLifeTimeScale] is not a registered console variable; referenced when testing console variable group [sys_spec_objectdetail] = [1]
<23:51:35> [Error] [CVARS]: [MISSING] [e_LodRatio] is not a registered console variable; referenced when testing console variable group [sys_spec_objectdetail] = [1]
<23:51:35> [Error] [CVARS]: [MISSING] [e_MaxViewDistSpecLerp] is not a registered console variable; referenced when testing console variable group [sys_spec_objectdetail] = [1]
<23:51:35> [Error] [CVARS]: [MISSING] [e_MaxViewDistance] is not a registered console variable; referenced when testing console variable group [sys_spec_objectdetail] = [1]
<23:51:35> [Error] [CVARS]: [MISSING] [e_ObjQuality] is not a registered console variable; referenced when testing console variable group [sys_spec_objectdetail] = [1]
<23:51:35> [Error] [CVARS]: [MISSING] [e_TerrainOcclusionCullingMaxDist] is not a registered console variable; referenced when testing console variable group [sys_spec_objectdetail] = [1]
<23:51:35> [Error] [CVARS]: [MISSING] [e_VegetationMinSize] is not a registered console variable; referenced when testing console variable group [sys_spec_objectdetail] = [1]
<23:51:35> [Error] [CVARS]: [MISSING] [e_ViewDistRatio] is not a registered console variable; referenced when testing console variable group [sys_spec_objectdetail] = [1]
<23:51:35> [Error] [CVARS]: [MISSING] [e_ViewDistRatioCustom] is not a registered console variable; referenced when testing console variable group [sys_spec_objectdetail] = [1]
<23:51:35> [Error] [CVARS]: [MISSING] [e_ViewDistRatioDetail] is not a registered console variable; referenced when testing console variable group [sys_spec_objectdetail] = [1]
<23:51:35> [Error] [CVARS]: [MISSING] [e_ViewDistRatioLights] is not a registered console variable; referenced when testing console variable group [sys_spec_objectdetail] = [1]
<23:51:35> [Error] [CVARS]: [MISSING] [e_ViewDistRatioVegetation] is not a registered console variable; referenced when testing console variable group [sys_spec_objectdetail] = [1]
<23:51:35> [Error] [CVARS]: [MISSING] [es_DebrisLifetimeScale] is not a registered console variable; referenced when testing console variable group [sys_spec_objectdetail] = [1]
<23:51:35> [Error] [CVARS]: [MISSING] [e_DecalsOverlapping] is not a registered console variable; referenced when testing console variable group [sys_spec_objectdetail] = [1]
<23:51:35> [Error] [CVARS]: [MISSING] [e_LodMin] is not a registered console variable; referenced when testing console variable group [sys_spec_objectdetail] = [1]
<23:51:35> [Error] [CVARS]: [MISSING] [e_MergedMeshesInstanceDist] is not a registered console variable; referenced when testing console variable group [sys_spec_objectdetail] = [1]
<23:51:35> [Error] [CVARS]: [MISSING] [e_MergedMeshesPool] is not a registered console variable; referenced when testing console variable group [sys_spec_objectdetail] = [1]
<23:51:35> [Error] [CVARS]: [MISSING] [e_OcclusionCullingViewDistRatio] is not a registered console variable; referenced when testing console variable group [sys_spec_objectdetail] = [1]
<23:51:35> [Error] [CVARS]: [MISSING] [e_TerrainLodRatio] is not a registered console variable; referenced when testing console variable group [sys_spec_objectdetail] = [1]
<23:51:35> [Error] [CVARS]: [MISSING] [e_Tessellation] is not a registered console variable; referenced when testing console variable group [sys_spec_objectdetail] = [1]
<23:51:35> [Error] [CVARS]: [MISSING] [e_ViewDistMin] is not a registered console variable; referenced when testing console variable group [sys_spec_objectdetail] = [1]
<23:51:35> [Error] [CVARS]: [MISSING] [e_ParticlesMaxScreenFill] is not a registered console variable; referenced when testing console variable group [sys_spec_particles] = [1]
<23:51:35> [Error] [CVARS]: [MISSING] [e_ParticlesMinDrawPixels] is not a registered console variable; referenced when testing console variable group [sys_spec_particles] = [1]
<23:51:35> [Error] [CVARS]: [MISSING] [e_ParticlesObjectCollisions] is not a registered console variable; referenced when testing console variable group [sys_spec_particles] = [1]
<23:51:35> [Error] [CVARS]: [MISSING] [e_ParticlesQuality] is not a registered console variable; referenced when testing console variable group [sys_spec_particles] = [1]
<23:51:35> [Error] [CVARS]: [MISSING] [e_ParticlesMotionBlur] is not a registered console variable; referenced when testing console variable group [sys_spec_particles] = [1]
<23:51:35> [Error] [CVARS]: [MISSING] [e_CullVegActivation] is not a registered console variable; referenced when testing console variable group [sys_spec_physics] = [1]
<23:51:35> [Error] [CVARS]: [MISSING] [e_FoliageWindActivationDist] is not a registered console variable; referenced when testing console variable group [sys_spec_physics] = [1]
<23:51:35> [Error] [CVARS]: [MISSING] [e_PhysOceanCell] is not a registered console variable; referenced when testing console variable group [sys_spec_physics] = [1]
<23:51:35> [Error] [CVARS]: [MISSING] [es_MaxPhysDist] is not a registered console variable; referenced when testing console variable group [sys_spec_physics] = [1]
<23:51:35> [Error] [CVARS]: [MISSING] [es_MaxPhysDistInvisible] is not a registered console variable; referenced when testing console variable group [sys_spec_physics] = [1]
<23:51:35> [Error] [CVARS]: [MISSING] [g_breakage_particles_limit] is not a registered console variable; referenced when testing console variable group [sys_spec_physics] = [1]
<23:51:35> [Error] [CVARS]: [MISSING] [g_tree_cut_reuse_dist] is not a registered console variable; referenced when testing console variable group [sys_spec_physics] = [1]
<23:51:35> [Error] [CVARS]: [MISSING] [p_max_MC_iters] is not a registered console variable; referenced when testing console variable group [sys_spec_physics] = [1]
<23:51:35> [Error] [CVARS]: [MISSING] [p_max_substeps] is not a registered console variable; referenced when testing console variable group [sys_spec_physics] = [1]
<23:51:35> [Error] [CVARS]: [MISSING] [e_PhysProxyTriLimit] is not a registered console variable; referenced when testing console variable group [sys_spec_physics] = [1]
<23:51:35> [Error] [CVARS]: [MISSING] [p_max_object_splashes] is not a registered console variable; referenced when testing console variable group [sys_spec_physics] = [1]
<23:51:35> [Error] [CVARS]: [MISSING] [p_max_substeps_large_group] is not a registered console variable; referenced when testing console variable group [sys_spec_physics] = [1]
<23:51:35> [Error] [CVARS]: [MISSING] [p_num_bodies_large_group] is not a registered console variable; referenced when testing console variable group [sys_spec_physics] = [1]
<23:51:35> [Error] [CVARS]: [MISSING] [p_splash_dist0] is not a registered console variable; referenced when testing console variable group [sys_spec_physics] = [1]
<23:51:35> [Error] [CVARS]: [MISSING] [p_splash_dist1] is not a registered console variable; referenced when testing console variable group [sys_spec_physics] = [1]
<23:51:35> [Error] [CVARS]: [MISSING] [p_splash_force0] is not a registered console variable; referenced when testing console variable group [sys_spec_physics] = [1]
<23:51:35> [Error] [CVARS]: [MISSING] [p_splash_force1] is not a registered console variable; referenced when testing console variable group [sys_spec_physics] = [1]
<23:51:35> [Error] [CVARS]: [MISSING] [p_splash_vel0] is not a registered console variable; referenced when testing console variable group [sys_spec_physics] = [1]
<23:51:35> [Error] [CVARS]: [MISSING] [p_splash_vel1] is not a registered console variable; referenced when testing console variable group [sys_spec_physics] = [1]
<23:51:35> [Error] [CVARS]: [MISSING] [e_DynamicLightsMaxEntityLights] is not a registered console variable; referenced when testing console variable group [sys_spec_shading] = [1]
<23:51:35> [Error] [CVARS]: [MISSING] [e_SkyUpdateRate] is not a registered console variable; referenced when testing console variable group [sys_spec_shading] = [1]
<23:51:35> [Error] [CVARS]: [MISSING] [e_svoTI_Apply] is not a registered console variable; referenced when testing console variable group [sys_spec_shading] = [1]
<23:51:35> [Error] [CVARS]: [MISSING] [e_svoTI_RsmConeMaxLength] is not a registered console variable; referenced when testing console variable group [sys_spec_shading] = [1]
<23:51:35> [Error] [CVARS]: [MISSING] [e_svoTI_RsmUseColors] is not a registered console variable; referenced when testing console variable group [sys_spec_shading] = [1]
<23:51:35> [Error] [CVARS]: [MISSING] [e_svoTi_Active] is not a registered console variable; referenced when testing console variable group [sys_spec_shading] = [1]
<23:51:35> [Error] [CVARS]: [MISSING] [e_svoti_LowSpecMode] is not a registered console variable; referenced when testing console variable group [sys_spec_shading] = [1]
<23:51:35> [Error] [CVARS]: [MISSING] [e_LightVolumes] is not a registered console variable; referenced when testing console variable group [sys_spec_shading] = [1]
<23:51:35> [Error] [CVARS]: [MISSING] [e_VegetationUseTerrainColor] is not a registered console variable; referenced when testing console variable group [sys_spec_shading] = [1]
<23:51:35> [Error] [CVARS]: [MISSING] [e_GsmLodsNum] is not a registered console variable; referenced when testing console variable group [sys_spec_shadows] = [1]
<23:51:35> [Error] [CVARS]: [MISSING] [e_GsmRange] is not a registered console variable; referenced when testing console variable group [sys_spec_shadows] = [1]
<23:51:35> [Error] [CVARS]: [MISSING] [e_ObjShadowCastSpec] is not a registered console variable; referenced when testing console variable group [sys_spec_shadows] = [1]
<23:51:35> [Error] [CVARS]: [MISSING] [e_ParticlesShadows] is not a registered console variable; referenced when testing console variable group [sys_spec_shadows] = [1]
<23:51:35> [Error] [CVARS]: [MISSING] [e_Shadows] is not a registered console variable; referenced when testing console variable group [sys_spec_shadows] = [1]
<23:51:35> [Error] [CVARS]: [MISSING] [e_ShadowsBlendCascades] is not a registered console variable; referenced when testing console variable group [sys_spec_shadows] = [1]
<23:51:35> [Error] [CVARS]: [MISSING] [e_ShadowsCastViewDistRatio] is not a registered console variable; referenced when testing console variable group [sys_spec_shadows] = [1]
<23:51:35> [Error] [CVARS]: [MISSING] [e_ShadowsLodBiasFixed] is not a registered console variable; referenced when testing console variable group [sys_spec_shadows] = [1]
<23:51:35> [Error] [CVARS]: [MISSING] [e_ShadowsMaxTexRes] is not a registered console variable; referenced when testing console variable group [sys_spec_shadows] = [1]
<23:51:35> [Error] [CVARS]: [MISSING] [e_ShadowsPoolSize] is not a registered console variable; referenced when testing console variable group [sys_spec_shadows] = [1]
<23:51:35> [Error] [CVARS]: [MISSING] [e_ShadowsResScale] is not a registered console variable; referenced when testing console variable group [sys_spec_shadows] = [1]
<23:51:35> [Error] [CVARS]: [MISSING] [e_ShadowsTessellateCascades] is not a registered console variable; referenced when testing console variable group [sys_spec_shadows] = [1]
<23:51:35> [Error] [CVARS]: [MISSING] [e_ShadowsTessellateDLights] is not a registered console variable; referenced when testing console variable group [sys_spec_shadows] = [1]
<23:51:35> [Error] [CVARS]: [MISSING] [e_ShadowsUpdateViewDistRatio] is not a registered console variable; referenced when testing console variable group [sys_spec_shadows] = [1]
<23:51:35> [Error] [CVARS]: [MISSING] [e_VolumetricFog] is not a registered console variable; referenced when testing console variable group [sys_spec_volumetriceffects] = [1]
<23:51:35> [Error] [CVARS]: [MISSING] [e_fog] is not a registered console variable; referenced when testing console variable group [sys_spec_volumetriceffects] = [1]
<23:51:35> [Error] [CVARS]: [MISSING] [e_Clouds] is not a registered console variable; referenced when testing console variable group [sys_spec_volumetriceffects] = [1]
<23:51:35> [Error] [CVARS]: [MISSING] [e_WaterOceanFFT] is not a registered console variable; referenced when testing console variable group [sys_spec_water] = [1]
<23:51:35> [Error] [CVARS]: [MISSING] [e_WaterTessellationAmount] is not a registered console variable; referenced when testing console variable group [sys_spec_water] = [1]
<23:51:35> [Error] [CVARS]: [MISSING] [e_WaterTessellationAmountX] is not a registered console variable; referenced when testing console variable group [sys_spec_water] = [1]
<23:51:35> [Error] [CVARS]: [MISSING] [e_WaterTessellationAmountY] is not a registered console variable; referenced when testing console variable group [sys_spec_water] = [1]
<23:51:35> [Error] [CVARS]: [MISSING] [e_WaterTessellationSwathWidth] is not a registered console variable; referenced when testing console variable group [sys_spec_water] = [1]
<23:51:35> Loading Config file game.cfg (data\game.cfg)
<23:51:35> [Warning] [CVARS]: [CHANGED] variable [sys_asserts] from [0] to [0]; Marked as [VF_CHEAT]
<23:51:35> [Warning] Modifying marked variables will not be allowed in Release mode!
<23:51:35> Stream Engine Initialization
<23:51:35> GameName: Pandemic Express
<23:51:35> BuildTime: Oct 13 2019 19:15:33
<23:51:35> Physics initialization
<23:51:35> Localized language content(english) not available or modified from the original installation.
<23:51:35> Localized language content(english) not available or modified from the original installation.
<23:51:35> Localized language content(english) not available or modified from the original installation.
<23:51:35> <Audio>: AudioSystem initialization
<23:51:35> <Audio> <0.301>: CryAudioImplWwise loaded
<23:51:36> Renderer initialization
<23:51:36> Logging video adapters:
<23:51:36> - NVIDIA GeForce RTX 3070 (vendor = 0x10de, device = 0x2484)
<23:51:36>   - Adapter index: 0
<23:51:36>   - Dedicated video memory: 8043 MB
<23:51:36>   - Feature level: DX11 (SM 5.0)
<23:51:36>   - Displays connected: yes
<23:51:36>   - Suitable rendering device: yes
<23:51:36> - Microsoft Basic Render Driver (vendor = 0x1414, device = 0x008c)
<23:51:36>   - Adapter index: 1
<23:51:36>   - Dedicated video memory: 0 MB
<23:51:36>   - Feature level: DX11 (SM 5.0)
<23:51:36>   - Displays connected: no
<23:51:36>   - Suitable rendering device: no
<23:51:37> Active GPUs: 1
<23:51:37> [Renderer] A display device has been connected to the system
<23:51:37> Loading plugin CryDefaultEntities
<23:51:37> Loading plugin CrySchematycCore
<23:51:37> DLL Failed to load, error code: 7E
<23:51:37> Loading plugin CrySchematycSTDEnv
<23:51:37> DLL Failed to load, error code: 7E
<23:51:37> Loading plugin CrySensorSystem
<23:51:37> DLL Failed to load, error code: 7E
<23:51:37> Loading extension file cryplugin.csv
<23:51:37> Loading plugin ProcAnRandGenerator.dll
<23:51:37> Loading plugin PlayFab.dll
<23:51:38> Loading plugin CEVPlayer.dll
<23:51:39> Font initialization
<23:51:39> Using FreeType 2.5.5
<23:51:39> Network initialization
<23:51:39> [net] Socket IO management: External [iocp], Internal [iocp]
<23:51:39> network hostname: DESKTOP-GKEDPQ6
<23:51:39>   ip:25.14.180.174
<23:51:39>   ip:26.90.194.210
<23:51:39>   ip:192.168.20.21
<23:51:39> [Network Version]: PROFILE DEVELOPMENT BUILD
<23:51:39> MovieSystem initialization
<23:51:39> Console initialization
<23:51:39> Time initialization
<23:51:39> Input initialization
<23:51:39> AI initialization
<23:51:39>  
<23:51:39>     con_debug = 0 []
<23:51:39>     con_display_last_messages = 0 []
<23:51:39>     con_line_buffer_size = 1000 []
<23:51:39>     con_restricted = 0 [RESTRICTEDMODE]
<23:51:39>     con_showonload = 0 []
<23:51:39>  
<23:51:39>     con_debug = 0 []
<23:51:39>     con_display_last_messages = 0 []
<23:51:39>     con_line_buffer_size = 1000 []
<23:51:39>     con_restricted = 0 [RESTRICTEDMODE]
<23:51:39>     con_showonload = 0 []
<23:51:39>  
<23:51:39>     con_debug = 0 []
<23:51:39>  
<23:51:39>     con_debug = 0 []
<23:51:39> Initializing Animation System
<23:51:40> Initializing 3D Engine
<23:51:40> Script System Initialization
<23:51:40> Entity system initialization
<23:51:40> Initializing AI System
<23:51:40> Initializing additional systems
<23:51:40> Dynamic Response System initialization
<23:51:40> DLL Failed to load, error code: 7E
<23:51:40> No Dynamic Response System was loaded from a module, will use the NULL implementation.
<23:51:40> [Steam] Steam API initialized successfully
<23:51:41> <ThreadConfigInfo>: [XML Parsing] Thread with name "Main" already loaded. Overriding with new configuration
<23:51:41> <ThreadConfigInfo>: [XML Parsing] Thread with name "Network" already loaded. Overriding with new configuration
<23:51:41> <ThreadConfigInfo>: [XML Parsing] Thread with name "NetworkStallTicker" already loaded. Overriding with new configuration
<23:51:41> <ThreadConfigInfo>: [XML Parsing] Thread with name "ZLibCompressor" already loaded. Overriding with new configuration
<23:51:41> <ThreadConfigInfo>: [XML Parsing] Thread with name "NetworkStallTicker" already loaded. Overriding with new configuration
<23:51:41> <ThreadConfigInfo>: [XML Parsing] Thread with name "ZLibCompressor" already loaded. Overriding with new configuration
<23:51:41> <ThreadConfigInfo>: [XML Parsing] Thread with name "TelemetryCopier" already loaded. Overriding with new configuration
<23:51:41> <ThreadConfigInfo>: [XML Parsing] Thread with name "StatsAgent" already loaded. Overriding with new configuration
<23:51:41> <ThreadConfigInfo>: Thread profile loaded: "pc_8" (config/game.thread_config)  
<23:51:41> Initializing default materials...
<23:51:47> [MFX] Loading FXLib 'breakables' ...
<23:51:47> [MFX] Loading FXLib 'collisions' ...
<23:51:47> [MFX] Loading FXLib 'foley' ...
<23:51:47> [MFX] Loading FXLib 'foley_grunt' ...
<23:51:47> [MFX] Loading FXLib 'foley_player' ...
<23:51:47> [MFX] Loading FXLib 'footstep_grunt' ...
<23:51:47> [MFX] Loading FXLib 'footstep_player' ...
<23:51:47> [MFX] Loading FXLib 'footsteps' ...
<23:51:47> [MFX] Loading FXLib 'grenade' ...
<23:51:47> [MFX] Loading FXLib 'melee' ...
<23:51:47> [MFX] Loading FXLib 'player_fx' ...
<23:51:47> [MFX] Loading FXLib 'projectiles' ...
<23:51:47> [MFX] Loading FXLib 'tornado' ...
<23:51:47> [MFX] Loading FXLib 'vegetation' ...
<23:51:47> [MFX] Loading FXLib 'vehicles' ...
<23:51:47> [MFX] Loading FXLib 'breakables' ...
<23:51:47> [MFX] Loading FXLib 'collisions' ...
<23:51:47> [MFX] Loading FXLib 'foley' ...
<23:51:47> [MFX] Loading FXLib 'foley_grunt' ...
<23:51:47> [MFX] Loading FXLib 'foley_player' ...
<23:51:47> [MFX] Loading FXLib 'footstep_grunt' ...
<23:51:47> [MFX] Loading FXLib 'footstep_player' ...
<23:51:47> [MFX] Loading FXLib 'footsteps' ...
<23:51:47> [MFX] Loading FXLib 'grenade' ...
<23:51:47> [MFX] Loading FXLib 'melee' ...
<23:51:47> [MFX] Loading FXLib 'player_fx' ...
<23:51:47> [MFX] Loading FXLib 'projectiles' ...
<23:51:47> [MFX] Loading FXLib 'tornado' ...
<23:51:47> [MFX] Loading FXLib 'vegetation' ...
<23:51:47> [MFX] Loading FXLib 'vehicles' ...
<23:51:47> Creating socket on port 2838
<23:51:47> CreateDatagramSocket c1
<23:51:47> CreateDatagramSocket c2
<23:54:44> CreateDatagramSocket c1
<23:54:47> Game rules class: InstantAction
<23:54:47> ============================ PrepareLevel Multiplayer/Purgatorium_Esc ============================
<23:55:34> CryAnimation: character-definition not found: objects/characters/human/sdk_player/sdk_player.cdf
<23:55:34> CryAnimation: character-definition not found: objects/characters/human/sdk_player/sdk_player.cdf
<23:55:34> CryAnimation: character-definition not found: objects/characters/human/sdk_player/sdk_player.cdf
<23:55:34> CryAnimation: character-definition not found: objects/characters/human/sdk_player/sdk_player.cdf
<23:55:34> CryAnimation: character-definition not found: objects/characters/human/sdk_player/sdk_player.cdf
<23:55:34> CryAnimation: character-definition not found: objects/characters/human/sdk_player/sdk_player.cdf
<23:55:34> CryAnimation: character-definition not found: objects/characters/human/sdk_player/sdk_player.cdf
<23:55:34> CryAnimation: character-definition not found: objects/characters/human/sdk_player/sdk_player.cdf
<23:55:34> CryAnimation: character-definition not found: objects/characters/human/sdk_player/sdk_player.cdf
<23:55:34> CryAnimation: character-definition not found: objects/characters/human/sdk_player/sdk_player.cdf
<23:55:34> CryAnimation: character-definition not found: objects/characters/human/sdk_player/sdk_player.cdf
<23:55:34> CryAnimation: character-definition not found: objects/characters/human/sdk_player/sdk_player.cdf
<23:55:34> CryAnimation: character-definition not found: objects/characters/human/sdk_player/sdk_player.cdf
<23:55:34> CryAnimation: character-definition not found: objects/characters/human/sdk_player/sdk_player.cdf
<23:55:34> CryAnimation: character-definition not found: objects/characters/human/sdk_player/sdk_player.cdf
<23:55:34> CryAnimation: character-definition not found: objects/characters/human/sdk_player/sdk_player.cdf
<23:55:34> CryAnimation: character-definition not found: objects/characters/human/sdk_player/sdk_player.cdf
<23:55:34> CryAnimation: character-definition not found: objects/characters/human/sdk_player/sdk_player.cdf
<23:55:38> CryAnimation: character-definition not found: objects/characters/human/sdk_player/sdk_player.cdf
<23:55:38> CryAnimation: character-definition not found: objects/characters/human/sdk_player/sdk_player.cdf
<23:55:38> CryAnimation: character-definition not found: objects/characters/human/sdk_player/sdk_player.cdf
<23:55:39> PLAYERNAME Kornflakes
<23:55:39> CryAnimation: character-definition not found: objects/characters/man.cdf
<23:55:41> CryAnimation: character-definition not found: objects/characters/human/sdk_player/sdk_player.cdf
<23:55:41> CryAnimation: character-definition not found: objects/characters/human/sdk_player/sdk_player.cdf
<23:55:41> CryAnimation: character-definition not found: objects/characters/human/sdk_player/sdk_player.cdf
<23:55:44> CryAnimation: character-definition not found: objects/characters/human/sdk_player/sdk_player.cdf
<23:55:44> CryAnimation: character-definition not found: objects/characters/human/sdk_player/sdk_player.cdf
<23:55:44> CryAnimation: character-definition not found: objects/characters/human/sdk_player/sdk_player.cdf
<23:56:39> CryAnimation: character-definition not found: objects/characters/human/sdk_player/sdk_player.cdf
<23:56:39> CryAnimation: character-definition not found: objects/characters/human/sdk_player/sdk_player.cdf
<23:56:39> CryAnimation: character-definition not found: objects/characters/human/sdk_player/sdk_player.cdf
<23:56:59> CryAnimation: character-definition not found: objects/characters/human/sdk_player/sdk_player.cdf
<23:56:59> CryAnimation: character-definition not found: objects/characters/human/sdk_player/sdk_player.cdf
<23:56:59> CryAnimation: character-definition not found: objects/characters/human/sdk_player/sdk_player.cdf
<23:57:00> CryAnimation: character-definition not found: objects/characters/human/sdk_player/sdk_player.cdf
<23:57:00> CryAnimation: character-definition not found: objects/characters/human/sdk_player/sdk_player.cdf
<23:57:00> CryAnimation: character-definition not found: objects/characters/human/sdk_player/sdk_player.cdf
<23:57:03> d_prerec_msg 
<23:57:05> d_prerec_msg 
<23:57:07> d_prerec_msg 
<23:57:37> CryAnimation: character-definition not found: objects/characters/human/sdk_player/sdk_player.cdf
<23:57:38> CryAnimation: character-definition not found: objects/characters/human/sdk_player/sdk_player.cdf
<23:57:38> CryAnimation: character-definition not found: objects/characters/human/sdk_player/sdk_player.cdf
<23:57:53> CryAnimation: character-definition not found: objects/characters/human/sdk_player/sdk_player.cdf
<23:57:53> CryAnimation: character-definition not found: objects/characters/human/sdk_player/sdk_player.cdf
<23:57:53> CryAnimation: character-definition not found: objects/characters/human/sdk_player/sdk_player.cdf
<23:58:01> CryAnimation: character-definition not found: objects/characters/human/sdk_player/sdk_player.cdf
<23:58:01> CryAnimation: character-definition not found: objects/characters/human/sdk_player/sdk_player.cdf
<23:58:01> CryAnimation: character-definition not found: objects/characters/human/sdk_player/sdk_player.cdf
<23:58:29> CryAnimation: character-definition not found: objects/characters/human/sdk_player/sdk_player.cdf
<23:58:29> CryAnimation: character-definition not found: objects/characters/human/sdk_player/sdk_player.cdf
<23:58:29> CryAnimation: character-definition not found: objects/characters/human/sdk_player/sdk_player.cdf
<23:59:07> used_prerec_msg 
<23:59:41> sg 
<23:59:43> d_prerec_msg 
<23:59:48> t_used_prerec_msg 
<00:01:21> ClReplDropOpen !params.r_openedDr
<00:01:27> d_prerec_msg 
<00:01:30> d_prerec_msg 
<00:01:31> ClReplDropOpen !params.r_openedDr
<00:01:33> ClReplDropOpen !params.r_openedDr
<00:01:48> ast_used_prerec_msg 
<00:01:53> ast_used_prerec_msg 
<00:01:54> ast_used_prerec_msg 
<00:01:56> _used_prerec_msg 
<00:01:59> used_prerec_msg 
<00:02:05> sed_prerec_msg 
<00:02:06> sed_prerec_msg 
<00:02:09> ClReplDropOpen !params.r_openedDr
<00:02:09> ClReplDropOpen !params.r_openedDr
<00:02:32> ClReplDropOpen !params.r_openedDr
<00:02:32> ClReplDropOpen !params.r_openedDr
<00:03:51> d_prerec_msg 
<00:03:54> d_prerec_msg 
<00:03:56> ast_used_prerec_msg 
<00:05:58> CHUDNv::showPickArmorGradient()
<00:06:30> CTrain::SmplPlaySnd train_gts
<00:06:34> CVehicleSeat::NetSetPassengerId c2
<00:06:34> CVehicleSeat::Enter called
<00:06:36> CVehicleSeat::NetSetPassengerId c2
<00:06:36> CVehicleSeat::Enter called
<00:06:50> CVehicleSeat::Exit called
<00:06:50> CVehicleSeat::Exit called c2
<00:06:50> ClProcessLeave call
<00:06:54> CVehicleSeat::Exit called
<00:06:54> CVehicleSeat::Exit called c2
<00:06:54> ClProcessLeave call
<00:08:24> CTrain::SmplPlaySnd train_gts
<00:09:53> BaseInput - Shutting down all force feedback
<00:09:53> ActionGame - Shutting down all force feedback
<00:09:53> gEnv->pRenderer->Draw2dImage XXX
<00:09:55> CNetSyncSystem::~CNetSyncSystem & Crush?! packets_temp_bf(temp packet data buffs)
<00:09:55> remapped bone indices with refcount '4294967290' still around for 'zombiemodelnew/conserve_fp_nonmm.skin 0x0000025FD82732C0
<00:09:55> remapped bone indices with refcount '4294967291' still around for 'objects/zhg_objects/characters/conserve/conserve_head.skin 0x0000025FD8272000
<00:09:55> remapped bone indices with refcount '4294967290' still around for 'objects/zhg_objects/characters/sets/rebellionset/rebellionset_head.skin 0x0000025FC17F9CB0
<00:09:55> remapped bone indices with refcount '4294967290' still around for 'objects/zhg_objects/characters/sets/rebellionset/rebellionset_head.skin 0x0000025FC12949B0
<00:09:55> remapped bone indices with refcount '4294967290' still around for 'objects/zhg_objects/characters/sets/rebellionset/rebellionset_head.skin 0x0000025FC1294050
<00:09:55> remapped bone indices with refcount '4294967290' still around for 'objects/zhg_objects/characters/sets/doubtset/doubtset_head.skin 0x0000025FC0E61010
<00:09:55> remapped bone indices with refcount '4294967290' still around for 'objects/zhg_objects/characters/sets/vanityset/vanityset_head.skin 0x0000025FC1B016C0
<00:09:55> remapped bone indices with refcount '4294967290' still around for 'objects/zhg_objects/characters/sets/vanityset/vanityset_head.skin 0x0000025FC1B02980
<00:09:55> remapped bone indices with refcount '4294967290' still around for 'objects/zhg_objects/characters/sets/vanityset/vanityset_head.skin 0x0000025FC1B019E0
<00:09:55> remapped bone indices with refcount '4294967290' still around for 'objects/zhg_objects/characters/sets/vanityset/vanityset_torso.skin 0x0000025FC1B02CA0
<00:09:55> remapped bone indices with refcount '4294967290' still around for 'objects/zhg_objects/characters/sets/vanityset/vanityset_torso.skin 0x0000025FC1B01080
<00:09:55> remapped bone indices with refcount '4294967290' still around for 'objects/zhg_objects/characters/sets/vanityset/vanityset_torso.skin 0x0000025FC1B01D00
<00:09:55> remapped bone indices with refcount '4294967290' still around for 'objects/zhg_objects/characters/sets/vanityset/vanityset_pants.skin 0x0000025FC1B02020
<00:09:55> remapped bone indices with refcount '4294967290' still around for 'objects/zhg_objects/characters/sets/vanityset/vanityset_pants.skin 0x0000025FC1B02340
<00:09:55> remapped bone indices with refcount '4294967290' still around for 'objects/zhg_objects/characters/sets/vanityset/vanityset_pants.skin 0x0000025FC1B013A0
<00:09:55> remapped bone indices with refcount '4294967290' still around for 'objects/zhg_objects/characters/sets/safetyset/safetyset_head.skin 0x0000025FC1293D30
<00:09:55> remapped bone indices with refcount '4294967290' still around for 'objects/zhg_objects/characters/sets/safetyset/safetyset_head.skin 0x0000025FC12930B0
<00:09:55> remapped bone indices with refcount '4294967290' still around for 'objects/zhg_objects/characters/sets/safetyset/safetyset_head.skin 0x0000025FC1B02660
<00:09:55> remapped bone indices with refcount '4294967283' still around for 'objects/zhg_objects/characters/sets/rebellionset/rebelliomset_hands.skin 0x0000025FC17F9670
<00:09:55> remapped bone indices with refcount '4294967283' still around for 'objects/zhg_objects/characters/sets/rebellionset/rebelliomset_hands.skin 0x0000025FC17F9990
<00:09:55> remapped bone indices with refcount '4294967283' still around for 'objects/zhg_objects/characters/sets/rebellionset/rebelliomset_hands.skin 0x0000025FC17F8D10
<00:09:55> remapped bone indices with refcount '4294967283' still around for 'objects/zhg_objects/characters/sets/rebellionset/rebelliomset_hands.skin 0x0000025FC17F83B0
<00:09:55> remapped bone indices with refcount '4294967276' still around for 'objects/zhg_objects/characters/sets/rebellionset/rebellionset_torso.skin 0x0000025FC1294690
<00:09:55> remapped bone indices with refcount '4294967276' still around for 'objects/zhg_objects/characters/sets/rebellionset/rebellionset_torso.skin 0x0000025FC12936F0
<00:09:55> remapped bone indices with refcount '4294967276' still around for 'objects/zhg_objects/characters/sets/rebellionset/rebellionset_torso.skin 0x0000025FC1293A10
<00:09:55> remapped bone indices with refcount '4294967290' still around for 'objects/zhg_objects/characters/sets/loverset/loverset_head.skin 0x0000025FC17F7CA0
<00:09:55> remapped bone indices with refcount '4294967290' still around for 'objects/zhg_objects/characters/sets/loverset/loverset_head.skin 0x0000025FC17F86D0
<00:09:55> remapped bone indices with refcount '4294967290' still around for 'objects/zhg_objects/characters/sets/loverset/loverset_head.skin 0x0000025FC17F9350
<00:09:55> remapped bone indices with refcount '4294967290' still around for 'objects/zhg_objects/characters/sets/loverset/loverset_torso.skin 0x0000025FC17F9030
<00:09:55> remapped bone indices with refcount '4294967290' still around for 'objects/zhg_objects/characters/sets/loverset/loverset_torso.skin 0x0000025FC17F89F0
<00:09:55> remapped bone indices with refcount '4294967290' still around for 'objects/zhg_objects/characters/sets/loverset/loverset_torso.skin 0x0000025FC17F8090
<00:09:55> remapped bone indices with refcount '4294967283' still around for 'objects/zhg_objects/characters/sets/rebellionset/rebellionset_pants.skin 0x0000025FC12933D0
<00:09:55> remapped bone indices with refcount '4294967283' still around for 'objects/zhg_objects/characters/sets/rebellionset/rebellionset_pants.skin 0x0000025FC1294370
<00:09:55> remapped bone indices with refcount '4294967283' still around for 'objects/zhg_objects/characters/sets/rebellionset/rebellionset_pants.skin 0x0000025FC1294CD0
<00:09:55> remapped bone indices with refcount '4294967290' still around for 'objects/zhg_objects/characters/sets/leaderset/leaderset_head.skin 0x0000025FC17F7020
<00:09:55> remapped bone indices with refcount '4294967290' still around for 'objects/zhg_objects/characters/sets/leaderset/leaderset_head.skin 0x0000025FC17F69E0
<00:09:55> remapped bone indices with refcount '4294967290' still around for 'objects/zhg_objects/characters/sets/leaderset/leaderset_head.skin 0x0000025FC17F63A0
<00:09:55> remapped bone indices with refcount '4294967290' still around for 'objects/zhg_objects/characters/sets/leaderset/leaderset_torso.skin 0x0000025FC17F6080
<00:09:55> remapped bone indices with refcount '4294967290' still around for 'objects/zhg_objects/characters/sets/leaderset/leaderset_torso.skin 0x0000025FC17F6D00
<00:09:55> remapped bone indices with refcount '4294967290' still around for 'objects/zhg_objects/characters/sets/leaderset/leaderset_torso.skin 0x0000025FC17F7980
<00:09:55> remapped bone indices with refcount '4294967290' still around for 'objects/zhg_objects/characters/sets/leaderset/leaderset_pants.skin 0x0000025FC17F66C0
<00:09:55> remapped bone indices with refcount '4294967290' still around for 'objects/zhg_objects/characters/sets/leaderset/leaderset_pants.skin 0x0000025FC17F7340
<00:09:55> remapped bone indices with refcount '4294967290' still around for 'objects/zhg_objects/characters/sets/leaderset/leaderset_pants.skin 0x0000025FC17F7660
<00:09:55> remapped bone indices with refcount '4294967290' still around for 'objects/zhg_objects/characters/sets/hopefullset/hopefullset_head.skin 0x0000025FC0E61C90
<00:09:55> remapped bone indices with refcount '4294967290' still around for 'objects/zhg_objects/characters/sets/hopefullset/hopefullset_head.skin 0x0000025FC0E622D0
<00:09:55> remapped bone indices with refcount '4294967290' still around for 'objects/zhg_objects/characters/sets/hopefullset/hopefullset_head.skin 0x0000025FC0E63BD0
<00:09:55> remapped bone indices with refcount '4294967290' still around for 'objects/zhg_objects/characters/sets/hopefullset/hopefullset_torso.skin 0x0000025FC0E60070
<00:09:55> remapped bone indices with refcount '4294967290' still around for 'objects/zhg_objects/characters/sets/hopefullset/hopefullset_torso.skin 0x0000025FC0E62C30
<00:09:55> remapped bone indices with refcount '4294967290' still around for 'objects/zhg_objects/characters/sets/hopefullset/hopefullset_torso.skin 0x0000025FC0E60390
<00:09:55> remapped bone indices with refcount '4294967290' still around for 'objects/zhg_objects/characters/sets/hopefullset/hopefullset_pants.skin 0x0000025FC0E63270
<00:09:55> remapped bone indices with refcount '4294967290' still around for 'objects/zhg_objects/characters/sets/hopefullset/hopefullset_pants.skin 0x0000025FC0E63590
<00:09:55> remapped bone indices with refcount '4294967290' still around for 'objects/zhg_objects/characters/sets/hopefullset/hopefullset_pants.skin 0x0000025FC0E638B0
