BackupNameAttachment=" Build(0) 25 Jul 21 (22 15 06)"  -- used by backup system
Log Started at Sun Jul 25 22:15:06 2021
Built on Oct 13 2019 19:15:33
Running 64 bit Windows version
Command Line: "D:\Games\Steam\steamapps\common\Pandemic Express\Bin/win_x64/PandemicExpress.exe"
Executable: D:\Games\Steam\steamapps\common\Pandemic Express\Bin\win_x64\PandemicExpress.exe
FileVersion: 1.0.0.0
ProductVersion: 1.0.0.0
Added MOD directory <%engineroot%/engine> to CryPak

Total number of logical processors: 12
Number of available logical processors: 12
Total number of system cores: 6
Number of cores available to process: 6
 
Processor 0:
  CPU: AMD AMD Ryzen 5 3600 6-Core Processor              
  Family: 15, Model: 1, Stepping: 0
  FPU: On-Chip
  Features: FP16, SSE, SSE2, SSE3, SSE4.2, AVX, AVX2, FMA3
  Serial number not present or disabled
 
Processor 1:
  CPU: AMD AMD Ryzen 5 3600 6-Core Processor              
  Family: 15, Model: 1, Stepping: 0
  FPU: On-Chip
  Features: FP16, SSE, SSE2, SSE3, SSE4.2, AVX, AVX2, FMA3
  Serial number not present or disabled
 
Processor 2:
  CPU: AMD AMD Ryzen 5 3600 6-Core Processor              
  Family: 15, Model: 1, Stepping: 0
  FPU: On-Chip
  Features: FP16, SSE, SSE2, SSE3, SSE4.2, AVX, AVX2, FMA3
  Serial number not present or disabled
 
Processor 3:
  CPU: AMD AMD Ryzen 5 3600 6-Core Processor              
  Family: 15, Model: 1, Stepping: 0
  FPU: On-Chip
  Features: FP16, SSE, SSE2, SSE3, SSE4.2, AVX, AVX2, FMA3
  Serial number not present or disabled
 
Processor 4:
  CPU: AMD AMD Ryzen 5 3600 6-Core Processor              
  Family: 15, Model: 1, Stepping: 0
  FPU: On-Chip
  Features: FP16, SSE, SSE2, SSE3, SSE4.2, AVX, AVX2, FMA3
  Serial number not present or disabled
 
Processor 5:
  CPU: AMD AMD Ryzen 5 3600 6-Core Processor              
  Family: 15, Model: 1, Stepping: 0
  FPU: On-Chip
  Features: FP16, SSE, SSE2, SSE3, SSE4.2, AVX, AVX2, FMA3
  Serial number not present or disabled
 
<22:15:06> Loading Config file system.cfg (system.cfg)
<22:15:06> [Error] [CVARS]: [IGNORED CHANGE] variable [sys_version] from [] to [1.1.0.000.200116]; Marked as [VF_CHEAT]
<22:15:06> OnSysSpecChange(1)
<22:15:06> [Error] [CVARS]: [IGNORED CHANGE] variable [sys_asserts] from [0] to [0]; Marked as [VF_CHEAT]
<22:15:06> GameDir: DATA
<22:15:06> <ThreadConfigInfo>: Thread profile loaded: "pc_8" (config/engine_core.thread_config)  
<22:15:06> Windows 10 64 bit (build 10.0.19043)
<22:15:06> System language: English
<22:15:06> Windows Directory: "C:\Windows"
<22:15:06> Local time is 22:15:06 07/25/21, system running for 1366 minutes
<22:15:06> 16333MB physical memory installed, 8709MB available, 134217727MB virtual memory installed, 46 percent of memory in use
<22:15:06> PageFile usage: 76MB, Working Set: 89MB, Peak PageFile usage: 76MB,
<22:15:06> Current display mode is 2560x1440x32, (Unknown graphics card)
<22:15:06> IBM enhanced (101/102-key) keyboard and 16+ button mouse installed
<22:15:06> --------------------------------------------------------------------------------
<22:15:06> OnSysSpecChange(1)
<22:15:06> Loading Config file LowSpec.cfg (data\config\lowspec.cfg)
<22:15:06> [Error] [CVARS]: [MISSING] [mfx_Timeout] is not a registered console variable; referenced when testing console variable group [sys_spec_gameeffects] = [1]
<22:15:06> [Error] [CVARS]: [MISSING] [ca_AttachmentCullingRation] is not a registered console variable; referenced when testing console variable group [sys_spec_objectdetail] = [1]
<22:15:06> [Error] [CVARS]: [MISSING] [e_DecalsLifeTimeScale] is not a registered console variable; referenced when testing console variable group [sys_spec_objectdetail] = [1]
<22:15:06> [Error] [CVARS]: [MISSING] [e_LodRatio] is not a registered console variable; referenced when testing console variable group [sys_spec_objectdetail] = [1]
<22:15:06> [Error] [CVARS]: [MISSING] [e_MaxViewDistSpecLerp] is not a registered console variable; referenced when testing console variable group [sys_spec_objectdetail] = [1]
<22:15:06> [Error] [CVARS]: [MISSING] [e_MaxViewDistance] is not a registered console variable; referenced when testing console variable group [sys_spec_objectdetail] = [1]
<22:15:06> [Error] [CVARS]: [MISSING] [e_ObjQuality] is not a registered console variable; referenced when testing console variable group [sys_spec_objectdetail] = [1]
<22:15:06> [Error] [CVARS]: [MISSING] [e_TerrainOcclusionCullingMaxDist] is not a registered console variable; referenced when testing console variable group [sys_spec_objectdetail] = [1]
<22:15:06> [Error] [CVARS]: [MISSING] [e_VegetationMinSize] is not a registered console variable; referenced when testing console variable group [sys_spec_objectdetail] = [1]
<22:15:06> [Error] [CVARS]: [MISSING] [e_ViewDistRatio] is not a registered console variable; referenced when testing console variable group [sys_spec_objectdetail] = [1]
<22:15:06> [Error] [CVARS]: [MISSING] [e_ViewDistRatioCustom] is not a registered console variable; referenced when testing console variable group [sys_spec_objectdetail] = [1]
<22:15:06> [Error] [CVARS]: [MISSING] [e_ViewDistRatioDetail] is not a registered console variable; referenced when testing console variable group [sys_spec_objectdetail] = [1]
<22:15:06> [Error] [CVARS]: [MISSING] [e_ViewDistRatioLights] is not a registered console variable; referenced when testing console variable group [sys_spec_objectdetail] = [1]
<22:15:06> [Error] [CVARS]: [MISSING] [e_ViewDistRatioVegetation] is not a registered console variable; referenced when testing console variable group [sys_spec_objectdetail] = [1]
<22:15:06> [Error] [CVARS]: [MISSING] [es_DebrisLifetimeScale] is not a registered console variable; referenced when testing console variable group [sys_spec_objectdetail] = [1]
<22:15:06> [Error] [CVARS]: [MISSING] [e_DecalsOverlapping] is not a registered console variable; referenced when testing console variable group [sys_spec_objectdetail] = [1]
<22:15:06> [Error] [CVARS]: [MISSING] [e_LodMin] is not a registered console variable; referenced when testing console variable group [sys_spec_objectdetail] = [1]
<22:15:06> [Error] [CVARS]: [MISSING] [e_MergedMeshesInstanceDist] is not a registered console variable; referenced when testing console variable group [sys_spec_objectdetail] = [1]
<22:15:06> [Error] [CVARS]: [MISSING] [e_MergedMeshesPool] is not a registered console variable; referenced when testing console variable group [sys_spec_objectdetail] = [1]
<22:15:06> [Error] [CVARS]: [MISSING] [e_OcclusionCullingViewDistRatio] is not a registered console variable; referenced when testing console variable group [sys_spec_objectdetail] = [1]
<22:15:06> [Error] [CVARS]: [MISSING] [e_TerrainLodRatio] is not a registered console variable; referenced when testing console variable group [sys_spec_objectdetail] = [1]
<22:15:06> [Error] [CVARS]: [MISSING] [e_Tessellation] is not a registered console variable; referenced when testing console variable group [sys_spec_objectdetail] = [1]
<22:15:06> [Error] [CVARS]: [MISSING] [e_ViewDistMin] is not a registered console variable; referenced when testing console variable group [sys_spec_objectdetail] = [1]
<22:15:06> [Error] [CVARS]: [MISSING] [e_ParticlesMaxScreenFill] is not a registered console variable; referenced when testing console variable group [sys_spec_particles] = [1]
<22:15:06> [Error] [CVARS]: [MISSING] [e_ParticlesMinDrawPixels] is not a registered console variable; referenced when testing console variable group [sys_spec_particles] = [1]
<22:15:06> [Error] [CVARS]: [MISSING] [e_ParticlesObjectCollisions] is not a registered console variable; referenced when testing console variable group [sys_spec_particles] = [1]
<22:15:06> [Error] [CVARS]: [MISSING] [e_ParticlesQuality] is not a registered console variable; referenced when testing console variable group [sys_spec_particles] = [1]
<22:15:06> [Error] [CVARS]: [MISSING] [e_ParticlesMotionBlur] is not a registered console variable; referenced when testing console variable group [sys_spec_particles] = [1]
<22:15:06> [Error] [CVARS]: [MISSING] [e_CullVegActivation] is not a registered console variable; referenced when testing console variable group [sys_spec_physics] = [1]
<22:15:06> [Error] [CVARS]: [MISSING] [e_FoliageWindActivationDist] is not a registered console variable; referenced when testing console variable group [sys_spec_physics] = [1]
<22:15:06> [Error] [CVARS]: [MISSING] [e_PhysOceanCell] is not a registered console variable; referenced when testing console variable group [sys_spec_physics] = [1]
<22:15:06> [Error] [CVARS]: [MISSING] [es_MaxPhysDist] is not a registered console variable; referenced when testing console variable group [sys_spec_physics] = [1]
<22:15:06> [Error] [CVARS]: [MISSING] [es_MaxPhysDistInvisible] is not a registered console variable; referenced when testing console variable group [sys_spec_physics] = [1]
<22:15:06> [Error] [CVARS]: [MISSING] [g_breakage_particles_limit] is not a registered console variable; referenced when testing console variable group [sys_spec_physics] = [1]
<22:15:06> [Error] [CVARS]: [MISSING] [g_tree_cut_reuse_dist] is not a registered console variable; referenced when testing console variable group [sys_spec_physics] = [1]
<22:15:06> [Error] [CVARS]: [MISSING] [p_max_MC_iters] is not a registered console variable; referenced when testing console variable group [sys_spec_physics] = [1]
<22:15:06> [Error] [CVARS]: [MISSING] [p_max_substeps] is not a registered console variable; referenced when testing console variable group [sys_spec_physics] = [1]
<22:15:06> [Error] [CVARS]: [MISSING] [e_PhysProxyTriLimit] is not a registered console variable; referenced when testing console variable group [sys_spec_physics] = [1]
<22:15:06> [Error] [CVARS]: [MISSING] [p_max_object_splashes] is not a registered console variable; referenced when testing console variable group [sys_spec_physics] = [1]
<22:15:06> [Error] [CVARS]: [MISSING] [p_max_substeps_large_group] is not a registered console variable; referenced when testing console variable group [sys_spec_physics] = [1]
<22:15:06> [Error] [CVARS]: [MISSING] [p_num_bodies_large_group] is not a registered console variable; referenced when testing console variable group [sys_spec_physics] = [1]
<22:15:06> [Error] [CVARS]: [MISSING] [p_splash_dist0] is not a registered console variable; referenced when testing console variable group [sys_spec_physics] = [1]
<22:15:06> [Error] [CVARS]: [MISSING] [p_splash_dist1] is not a registered console variable; referenced when testing console variable group [sys_spec_physics] = [1]
<22:15:06> [Error] [CVARS]: [MISSING] [p_splash_force0] is not a registered console variable; referenced when testing console variable group [sys_spec_physics] = [1]
<22:15:06> [Error] [CVARS]: [MISSING] [p_splash_force1] is not a registered console variable; referenced when testing console variable group [sys_spec_physics] = [1]
<22:15:06> [Error] [CVARS]: [MISSING] [p_splash_vel0] is not a registered console variable; referenced when testing console variable group [sys_spec_physics] = [1]
<22:15:06> [Error] [CVARS]: [MISSING] [p_splash_vel1] is not a registered console variable; referenced when testing console variable group [sys_spec_physics] = [1]
<22:15:06> [Error] [CVARS]: [MISSING] [e_DynamicLightsMaxEntityLights] is not a registered console variable; referenced when testing console variable group [sys_spec_shading] = [1]
<22:15:06> [Error] [CVARS]: [MISSING] [e_SkyUpdateRate] is not a registered console variable; referenced when testing console variable group [sys_spec_shading] = [1]
<22:15:06> [Error] [CVARS]: [MISSING] [e_svoTI_Apply] is not a registered console variable; referenced when testing console variable group [sys_spec_shading] = [1]
<22:15:06> [Error] [CVARS]: [MISSING] [e_svoTI_RsmConeMaxLength] is not a registered console variable; referenced when testing console variable group [sys_spec_shading] = [1]
<22:15:06> [Error] [CVARS]: [MISSING] [e_svoTI_RsmUseColors] is not a registered console variable; referenced when testing console variable group [sys_spec_shading] = [1]
<22:15:06> [Error] [CVARS]: [MISSING] [e_svoTi_Active] is not a registered console variable; referenced when testing console variable group [sys_spec_shading] = [1]
<22:15:06> [Error] [CVARS]: [MISSING] [e_svoti_LowSpecMode] is not a registered console variable; referenced when testing console variable group [sys_spec_shading] = [1]
<22:15:06> [Error] [CVARS]: [MISSING] [e_LightVolumes] is not a registered console variable; referenced when testing console variable group [sys_spec_shading] = [1]
<22:15:06> [Error] [CVARS]: [MISSING] [e_VegetationUseTerrainColor] is not a registered console variable; referenced when testing console variable group [sys_spec_shading] = [1]
<22:15:06> [Error] [CVARS]: [MISSING] [e_GsmLodsNum] is not a registered console variable; referenced when testing console variable group [sys_spec_shadows] = [1]
<22:15:06> [Error] [CVARS]: [MISSING] [e_GsmRange] is not a registered console variable; referenced when testing console variable group [sys_spec_shadows] = [1]
<22:15:06> [Error] [CVARS]: [MISSING] [e_ObjShadowCastSpec] is not a registered console variable; referenced when testing console variable group [sys_spec_shadows] = [1]
<22:15:06> [Error] [CVARS]: [MISSING] [e_ParticlesShadows] is not a registered console variable; referenced when testing console variable group [sys_spec_shadows] = [1]
<22:15:06> [Error] [CVARS]: [MISSING] [e_Shadows] is not a registered console variable; referenced when testing console variable group [sys_spec_shadows] = [1]
<22:15:06> [Error] [CVARS]: [MISSING] [e_ShadowsBlendCascades] is not a registered console variable; referenced when testing console variable group [sys_spec_shadows] = [1]
<22:15:06> [Error] [CVARS]: [MISSING] [e_ShadowsCastViewDistRatio] is not a registered console variable; referenced when testing console variable group [sys_spec_shadows] = [1]
<22:15:06> [Error] [CVARS]: [MISSING] [e_ShadowsLodBiasFixed] is not a registered console variable; referenced when testing console variable group [sys_spec_shadows] = [1]
<22:15:06> [Error] [CVARS]: [MISSING] [e_ShadowsMaxTexRes] is not a registered console variable; referenced when testing console variable group [sys_spec_shadows] = [1]
<22:15:06> [Error] [CVARS]: [MISSING] [e_ShadowsPoolSize] is not a registered console variable; referenced when testing console variable group [sys_spec_shadows] = [1]
<22:15:06> [Error] [CVARS]: [MISSING] [e_ShadowsResScale] is not a registered console variable; referenced when testing console variable group [sys_spec_shadows] = [1]
<22:15:06> [Error] [CVARS]: [MISSING] [e_ShadowsTessellateCascades] is not a registered console variable; referenced when testing console variable group [sys_spec_shadows] = [1]
<22:15:06> [Error] [CVARS]: [MISSING] [e_ShadowsTessellateDLights] is not a registered console variable; referenced when testing console variable group [sys_spec_shadows] = [1]
<22:15:06> [Error] [CVARS]: [MISSING] [e_ShadowsUpdateViewDistRatio] is not a registered console variable; referenced when testing console variable group [sys_spec_shadows] = [1]
<22:15:06> [Error] [CVARS]: [MISSING] [e_VolumetricFog] is not a registered console variable; referenced when testing console variable group [sys_spec_volumetriceffects] = [1]
<22:15:06> [Error] [CVARS]: [MISSING] [e_fog] is not a registered console variable; referenced when testing console variable group [sys_spec_volumetriceffects] = [1]
<22:15:06> [Error] [CVARS]: [MISSING] [e_Clouds] is not a registered console variable; referenced when testing console variable group [sys_spec_volumetriceffects] = [1]
<22:15:06> [Error] [CVARS]: [MISSING] [e_WaterOceanFFT] is not a registered console variable; referenced when testing console variable group [sys_spec_water] = [1]
<22:15:06> [Error] [CVARS]: [MISSING] [e_WaterTessellationAmount] is not a registered console variable; referenced when testing console variable group [sys_spec_water] = [1]
<22:15:06> [Error] [CVARS]: [MISSING] [e_WaterTessellationAmountX] is not a registered console variable; referenced when testing console variable group [sys_spec_water] = [1]
<22:15:06> [Error] [CVARS]: [MISSING] [e_WaterTessellationAmountY] is not a registered console variable; referenced when testing console variable group [sys_spec_water] = [1]
<22:15:06> [Error] [CVARS]: [MISSING] [e_WaterTessellationSwathWidth] is not a registered console variable; referenced when testing console variable group [sys_spec_water] = [1]
<22:15:06> Loading Config file game.cfg (data\game.cfg)
<22:15:06> [Warning] [CVARS]: [CHANGED] variable [sys_asserts] from [0] to [0]; Marked as [VF_CHEAT]
<22:15:06> [Warning] Modifying marked variables will not be allowed in Release mode!
<22:15:06> Stream Engine Initialization
<22:15:06> GameName: Pandemic Express
<22:15:06> BuildTime: Oct 13 2019 19:15:33
<22:15:06> Physics initialization
<22:15:06> Localized language content(english) not available or modified from the original installation.
<22:15:06> Localized language content(english) not available or modified from the original installation.
<22:15:06> Localized language content(english) not available or modified from the original installation.
<22:15:06> <Audio>: AudioSystem initialization
<22:15:06> <Audio> <0.312>: CryAudioImplWwise loaded
<22:15:08> Renderer initialization
<22:15:08> Logging video adapters:
<22:15:08> - NVIDIA GeForce RTX 3070 (vendor = 0x10de, device = 0x2484)
<22:15:08>   - Adapter index: 0
<22:15:08>   - Dedicated video memory: 8043 MB
<22:15:08>   - Feature level: DX11 (SM 5.0)
<22:15:08>   - Displays connected: yes
<22:15:08>   - Suitable rendering device: yes
<22:15:08> - Microsoft Basic Render Driver (vendor = 0x1414, device = 0x008c)
<22:15:08>   - Adapter index: 1
<22:15:08>   - Dedicated video memory: 0 MB
<22:15:08>   - Feature level: DX11 (SM 5.0)
<22:15:08>   - Displays connected: no
<22:15:08>   - Suitable rendering device: no
<22:15:08> Active GPUs: 1
<22:15:09> [Renderer] A display device has been connected to the system
<22:15:09> Loading plugin CryDefaultEntities
<22:15:09> Loading plugin CrySchematycCore
<22:15:09> DLL Failed to load, error code: 7E
<22:15:09> Loading plugin CrySchematycSTDEnv
<22:15:09> DLL Failed to load, error code: 7E
<22:15:09> Loading plugin CrySensorSystem
<22:15:09> DLL Failed to load, error code: 7E
<22:15:09> Loading extension file cryplugin.csv
<22:15:09> Loading plugin ProcAnRandGenerator.dll
<22:15:09> Loading plugin PlayFab.dll
<22:15:09> Loading plugin CEVPlayer.dll
<22:15:10> Font initialization
<22:15:10> Using FreeType 2.5.5
<22:15:11> Network initialization
<22:15:11> [net] Socket IO management: External [iocp], Internal [iocp]
<22:15:11> network hostname: DESKTOP-GKEDPQ6
<22:15:11>   ip:25.14.180.174
<22:15:11>   ip:26.90.194.210
<22:15:11>   ip:192.168.20.21
<22:15:11> [Network Version]: PROFILE DEVELOPMENT BUILD
<22:15:11> MovieSystem initialization
<22:15:11> Console initialization
<22:15:11> Time initialization
<22:15:11> Input initialization
<22:15:11> AI initialization
<22:15:11>  
<22:15:11>     con_debug = 0 []
<22:15:11>     con_display_last_messages = 0 []
<22:15:11>     con_line_buffer_size = 1000 []
<22:15:11>     con_restricted = 0 [RESTRICTEDMODE]
<22:15:11>     con_showonload = 0 []
<22:15:11>  
<22:15:11>     con_debug = 0 []
<22:15:11>     con_display_last_messages = 0 []
<22:15:11>     con_line_buffer_size = 1000 []
<22:15:11>     con_restricted = 0 [RESTRICTEDMODE]
<22:15:11>     con_showonload = 0 []
<22:15:11>  
<22:15:11>     con_debug = 0 []
<22:15:11>  
<22:15:11>     con_debug = 0 []
<22:15:11> Initializing Animation System
<22:15:11> Initializing 3D Engine
<22:15:11> Script System Initialization
<22:15:11> Entity system initialization
<22:15:11> Initializing AI System
<22:15:11> Initializing additional systems
<22:15:11> Dynamic Response System initialization
<22:15:11> DLL Failed to load, error code: 7E
<22:15:11> No Dynamic Response System was loaded from a module, will use the NULL implementation.
<22:15:11> [Steam] Steam API initialized successfully
<22:15:12> <ThreadConfigInfo>: [XML Parsing] Thread with name "Main" already loaded. Overriding with new configuration
<22:15:12> <ThreadConfigInfo>: [XML Parsing] Thread with name "Network" already loaded. Overriding with new configuration
<22:15:12> <ThreadConfigInfo>: [XML Parsing] Thread with name "NetworkStallTicker" already loaded. Overriding with new configuration
<22:15:12> <ThreadConfigInfo>: [XML Parsing] Thread with name "ZLibCompressor" already loaded. Overriding with new configuration
<22:15:12> <ThreadConfigInfo>: [XML Parsing] Thread with name "NetworkStallTicker" already loaded. Overriding with new configuration
<22:15:12> <ThreadConfigInfo>: [XML Parsing] Thread with name "ZLibCompressor" already loaded. Overriding with new configuration
<22:15:12> <ThreadConfigInfo>: [XML Parsing] Thread with name "TelemetryCopier" already loaded. Overriding with new configuration
<22:15:12> <ThreadConfigInfo>: [XML Parsing] Thread with name "StatsAgent" already loaded. Overriding with new configuration
<22:15:12> <ThreadConfigInfo>: Thread profile loaded: "pc_8" (config/game.thread_config)  
<22:15:12> Initializing default materials...
<22:15:18> [MFX] Loading FXLib 'breakables' ...
<22:15:18> [MFX] Loading FXLib 'collisions' ...
<22:15:18> [MFX] Loading FXLib 'foley' ...
<22:15:18> [MFX] Loading FXLib 'foley_grunt' ...
<22:15:18> [MFX] Loading FXLib 'foley_player' ...
<22:15:18> [MFX] Loading FXLib 'footstep_grunt' ...
<22:15:18> [MFX] Loading FXLib 'footstep_player' ...
<22:15:18> [MFX] Loading FXLib 'footsteps' ...
<22:15:18> [MFX] Loading FXLib 'grenade' ...
<22:15:18> [MFX] Loading FXLib 'melee' ...
<22:15:18> [MFX] Loading FXLib 'player_fx' ...
<22:15:18> [MFX] Loading FXLib 'projectiles' ...
<22:15:18> [MFX] Loading FXLib 'tornado' ...
<22:15:18> [MFX] Loading FXLib 'vegetation' ...
<22:15:18> [MFX] Loading FXLib 'vehicles' ...
<22:15:18> [MFX] Loading FXLib 'breakables' ...
<22:15:18> [MFX] Loading FXLib 'collisions' ...
<22:15:18> [MFX] Loading FXLib 'foley' ...
<22:15:18> [MFX] Loading FXLib 'foley_grunt' ...
<22:15:18> [MFX] Loading FXLib 'foley_player' ...
<22:15:18> [MFX] Loading FXLib 'footstep_grunt' ...
<22:15:18> [MFX] Loading FXLib 'footstep_player' ...
<22:15:18> [MFX] Loading FXLib 'footsteps' ...
<22:15:18> [MFX] Loading FXLib 'grenade' ...
<22:15:18> [MFX] Loading FXLib 'melee' ...
<22:15:18> [MFX] Loading FXLib 'player_fx' ...
<22:15:18> [MFX] Loading FXLib 'projectiles' ...
<22:15:18> [MFX] Loading FXLib 'tornado' ...
<22:15:18> [MFX] Loading FXLib 'vegetation' ...
<22:15:18> [MFX] Loading FXLib 'vehicles' ...
<22:15:18> Creating socket on port 2838
<22:15:18> CreateDatagramSocket c1
<22:15:18> CreateDatagramSocket c2
<22:16:13> Iterator 0
<22:16:13> Size 30
<22:16:13> Iterator 1
<22:16:13> Size 30
<22:16:13> Iterator 2
<22:16:13> Size 30
<22:16:13> Iterator 3
<22:16:13> Size 30
<22:16:13> Iterator 4
<22:16:13> Size 30
<22:16:13> Iterator 5
<22:16:13> Size 30
<22:16:13> Iterator 6
<22:16:13> Size 30
<22:16:13> Iterator 7
<22:16:13> Size 30
<22:16:13> Iterator 8
<22:16:13> Size 30
<22:16:13> Iterator 9
<22:16:13> Size 30
<22:16:13> Iterator 10
<22:16:13> Size 30
<22:16:13> Iterator 11
<22:16:13> Size 30
<22:16:13> Iterator 12
<22:16:13> Size 30
<22:16:13> Iterator 13
<22:16:13> Size 30
<22:16:13> Iterator 14
<22:16:13> Size 30
<22:16:13> playerName Kornflakes
<22:16:13> Iterator 15
<22:16:13> Size 30
<22:16:13> Iterator 16
<22:16:13> Size 30
<22:16:13> Iterator 17
<22:16:13> Size 30
<22:16:13> Iterator 18
<22:16:13> Size 30
<22:16:13> Iterator 19
<22:16:13> Size 30
<22:16:13> Iterator 20
<22:16:13> Size 30
<22:16:13> Iterator 21
<22:16:13> Size 30
<22:16:13> Iterator 22
<22:16:13> Size 30
<22:16:13> Iterator 23
<22:16:13> Size 30
<22:16:13> Iterator 24
<22:16:13> Size 30
<22:16:13> Iterator 25
<22:16:13> Size 30
<22:16:13> Iterator 26
<22:16:13> Size 30
<22:16:13> Iterator 27
<22:16:13> Size 30
<22:16:13> Iterator 28
<22:16:13> Size 30
<22:16:13> Iterator 29
<22:16:13> Size 30
<22:16:13> playerName Kornflakes
<22:16:13> Iterator 30
<22:16:13> Size 30
<22:16:59> CreateDatagramSocket c1
<22:17:02> Game rules class: InstantAction
<22:17:02> ============================ PrepareLevel Multiplayer/Purgatorium_Esc ============================
<22:17:48> CryAnimation: character-definition not found: objects/characters/human/sdk_player/sdk_player.cdf
<22:17:48> CryAnimation: character-definition not found: objects/characters/human/sdk_player/sdk_player.cdf
<22:17:48> CryAnimation: character-definition not found: objects/characters/human/sdk_player/sdk_player.cdf
<22:17:48> CryAnimation: character-definition not found: objects/characters/human/sdk_player/sdk_player.cdf
<22:17:48> CryAnimation: character-definition not found: objects/characters/human/sdk_player/sdk_player.cdf
<22:17:48> CryAnimation: character-definition not found: objects/characters/human/sdk_player/sdk_player.cdf
<22:17:48> CryAnimation: character-definition not found: objects/characters/human/sdk_player/sdk_player.cdf
<22:17:48> CryAnimation: character-definition not found: objects/characters/human/sdk_player/sdk_player.cdf
<22:17:48> CryAnimation: character-definition not found: objects/characters/human/sdk_player/sdk_player.cdf
<22:17:48> CryAnimation: character-definition not found: objects/characters/human/sdk_player/sdk_player.cdf
<22:17:48> CryAnimation: character-definition not found: objects/characters/human/sdk_player/sdk_player.cdf
<22:17:48> CryAnimation: character-definition not found: objects/characters/human/sdk_player/sdk_player.cdf
<22:17:48> CryAnimation: character-definition not found: objects/characters/human/sdk_player/sdk_player.cdf
<22:17:48> CryAnimation: character-definition not found: objects/characters/human/sdk_player/sdk_player.cdf
<22:17:48> CryAnimation: character-definition not found: objects/characters/human/sdk_player/sdk_player.cdf
<22:17:48> CryAnimation: character-definition not found: objects/characters/human/sdk_player/sdk_player.cdf
<22:17:48> CryAnimation: character-definition not found: objects/characters/human/sdk_player/sdk_player.cdf
<22:17:48> CryAnimation: character-definition not found: objects/characters/human/sdk_player/sdk_player.cdf
<22:17:48> CryAnimation: character-definition not found: objects/characters/human/sdk_player/sdk_player.cdf
<22:17:48> CryAnimation: character-definition not found: objects/characters/human/sdk_player/sdk_player.cdf
<22:17:48> CryAnimation: character-definition not found: objects/characters/human/sdk_player/sdk_player.cdf
<22:17:48> CryAnimation: character-definition not found: objects/characters/human/sdk_player/sdk_player.cdf
<22:17:48> CryAnimation: character-definition not found: objects/characters/human/sdk_player/sdk_player.cdf
<22:17:48> CryAnimation: character-definition not found: objects/characters/human/sdk_player/sdk_player.cdf
<22:17:48> CryAnimation: character-definition not found: objects/characters/human/sdk_player/sdk_player.cdf
<22:17:48> CryAnimation: character-definition not found: objects/characters/human/sdk_player/sdk_player.cdf
<22:17:48> CryAnimation: character-definition not found: objects/characters/human/sdk_player/sdk_player.cdf
<22:17:52> CryAnimation: character-definition not found: objects/characters/human/sdk_player/sdk_player.cdf
<22:17:52> CryAnimation: character-definition not found: objects/characters/human/sdk_player/sdk_player.cdf
<22:17:52> CryAnimation: character-definition not found: objects/characters/human/sdk_player/sdk_player.cdf
<22:17:54> PLAYERNAME Kornflakes
<22:17:54> CryAnimation: character-definition not found: objects/characters/man.cdf
<22:17:56> CryAnimation: character-definition not found: objects/characters/human/sdk_player/sdk_player.cdf
<22:17:56> CryAnimation: character-definition not found: objects/characters/human/sdk_player/sdk_player.cdf
<22:17:56> CryAnimation: character-definition not found: objects/characters/human/sdk_player/sdk_player.cdf
<22:18:20> CryAnimation: character-definition not found: objects/characters/human/sdk_player/sdk_player.cdf
<22:18:20> CryAnimation: character-definition not found: objects/characters/human/sdk_player/sdk_player.cdf
<22:18:20> CryAnimation: character-definition not found: objects/characters/human/sdk_player/sdk_player.cdf
<22:18:56> CHUDNv::showPickArmorGradient()
<22:18:58> CHUDNv::showPickArmorGradient()
<22:18:59> CHUDNv::showPickArmorGradient()
<22:20:12> d_prerec_msg 
<22:20:17> d_prerec_msg 
<22:21:40> CVehicleSeat::NetSetPassengerId c2
<22:21:40> CVehicleSeat::Enter called
<22:21:43> CVehicleSeat::Exit called
<22:21:43> CVehicleSeat::Exit called c2
<22:21:43> ClProcessLeave call
<22:21:53> CVehicleSeat::NetSetPassengerId c2
<22:21:53> CVehicleSeat::Enter called
<22:21:54> CVehicleSeat::Exit called
<22:21:54> CVehicleSeat::Exit called c2
<22:21:54> ClProcessLeave call
<22:22:43> CVehicleSeat::NetSetPassengerId c2
<22:22:43> CVehicleSeat::Enter called
<22:23:05> CVehicleSeat::Exit called
<22:23:05> CVehicleSeat::Exit called c2
<22:23:05> ClProcessLeave call
<22:23:08> CVehicleSeat::NetSetPassengerId c2
<22:23:08> CVehicleSeat::Enter called
<22:23:16> CVehicleSeat::Exit called
<22:23:16> CVehicleSeat::Exit called c2
<22:23:16> ClProcessLeave call
<22:23:17> CVehicleSeat::NetSetPassengerId c2
<22:23:17> CVehicleSeat::Enter called
<22:23:22> CVehicleSeat::Exit called
<22:23:22> CVehicleSeat::Exit called c2
<22:23:22> ClProcessLeave call
<22:23:29> CTrain::SmplPlaySnd train_gts
<22:24:25> CTrain::SmplPlaySnd train_gts
<22:26:37> BaseInput - Shutting down all force feedback
<22:26:37> ActionGame - Shutting down all force feedback
<22:26:37> gEnv->pRenderer->Draw2dImage XXX
<22:26:40> CNetSyncSystem::~CNetSyncSystem & Crush?! packets_temp_bf(temp packet data buffs)
<22:26:40> remapped bone indices with refcount '4294967294' still around for 'zombiemodelnew/conserve_fp_nonmm.skin 0x000002A14E4D2940
<22:26:40> remapped bone indices with refcount '4294967293' still around for 'objects/zhg_objects/characters/conserve/conserve_head.skin 0x000002A14E4CFD80
<22:26:40> remapped bone indices with refcount '4294967294' still around for 'objects/zhg_objects/characters/sets/vanityset/vanityset_torso.skin 0x000002A141C37ED0
<22:26:40> remapped bone indices with refcount '4294967294' still around for 'objects/zhg_objects/characters/sets/vanityset/vanityset_torso.skin 0x000002A141C37890
<22:26:40> remapped bone indices with refcount '4294967294' still around for 'objects/zhg_objects/characters/sets/vanityset/vanityset_torso.skin 0x000002A141C37570
<22:26:40> remapped bone indices with refcount '4294967294' still around for 'objects/zhg_objects/characters/sets/vanityset/vanityset_pants.skin 0x000002A141C38510
<22:26:40> remapped bone indices with refcount '4294967294' still around for 'objects/zhg_objects/characters/sets/vanityset/vanityset_pants.skin 0x000002A141C368F0
<22:26:40> remapped bone indices with refcount '4294967294' still around for 'objects/zhg_objects/characters/sets/vanityset/vanityset_pants.skin 0x000002A141C37BB0
<22:26:40> remapped bone indices with refcount '4294967294' still around for 'objects/zhg_objects/characters/sets/vanityset/vanityset_head.skin 0x000002A141C37250
<22:26:40> remapped bone indices with refcount '4294967294' still around for 'objects/zhg_objects/characters/sets/vanityset/vanityset_head.skin 0x000002A141C3A130
<22:26:40> remapped bone indices with refcount '4294967294' still around for 'objects/zhg_objects/characters/sets/vanityset/vanityset_head.skin 0x000002A141C38830
<22:26:40> remapped bone indices with refcount '4294967294' still around for 'objects/zhg_objects/characters/sets/safetyset/safetyset_head.skin 0x000002A141C36F30
<22:26:40> remapped bone indices with refcount '4294967294' still around for 'objects/zhg_objects/characters/sets/safetyset/safetyset_head.skin 0x000002A0C05FC340
<22:26:40> remapped bone indices with refcount '4294967294' still around for 'objects/zhg_objects/characters/sets/safetyset/safetyset_head.skin 0x000002A0C05FB080
<22:26:40> remapped bone indices with refcount '4294967288' still around for 'objects/zhg_objects/characters/sets/rebellionset/rebellionset_torso.skin 0x000002A0C05FD600
<22:26:40> remapped bone indices with refcount '4294967288' still around for 'objects/zhg_objects/characters/sets/rebellionset/rebellionset_torso.skin 0x000002A0C05FD2E0
<22:26:40> remapped bone indices with refcount '4294967288' still around for 'objects/zhg_objects/characters/sets/rebellionset/rebellionset_torso.skin 0x000002A0C05FC020
<22:26:40> remapped bone indices with refcount '4294967291' still around for 'objects/zhg_objects/characters/sets/rebellionset/rebellionset_pants.skin 0x000002A0C05FDC40
<22:26:40> remapped bone indices with refcount '4294967291' still around for 'objects/zhg_objects/characters/sets/rebellionset/rebellionset_pants.skin 0x000002A0C05FEBE0
<22:26:40> remapped bone indices with refcount '4294967291' still around for 'objects/zhg_objects/characters/sets/rebellionset/rebellionset_pants.skin 0x000002A0C05FBD00
<22:26:40> remapped bone indices with refcount '4294967294' still around for 'objects/zhg_objects/characters/sets/rebellionset/rebellionset_head.skin 0x000002A0C05FD920
<22:26:40> remapped bone indices with refcount '4294967294' still around for 'objects/zhg_objects/characters/sets/rebellionset/rebellionset_head.skin 0x000002A0C05FB9E0
<22:26:40> remapped bone indices with refcount '4294967294' still around for 'objects/zhg_objects/characters/sets/rebellionset/rebellionset_head.skin 0x000002A0C05FE8C0
<22:26:40> remapped bone indices with refcount '4294967291' still around for 'objects/zhg_objects/characters/sets/rebellionset/rebelliomset_hands.skin 0x000002A0C05FE5A0
<22:26:40> remapped bone indices with refcount '4294967291' still around for 'objects/zhg_objects/characters/sets/rebellionset/rebelliomset_hands.skin 0x000002A0C05FB6C0
<22:26:40> remapped bone indices with refcount '4294967291' still around for 'objects/zhg_objects/characters/sets/rebellionset/rebelliomset_hands.skin 0x000002A0C05FCFC0
<22:26:40> remapped bone indices with refcount '4294967291' still around for 'objects/zhg_objects/characters/sets/rebellionset/rebelliomset_hands.skin 0x000002A0C05FC980
<22:26:40> remapped bone indices with refcount '4294967294' still around for 'objects/zhg_objects/characters/sets/loverset/loverset_torso.skin 0x000002A0C05FCCA0
<22:26:40> remapped bone indices with refcount '4294967294' still around for 'objects/zhg_objects/characters/sets/loverset/loverset_torso.skin 0x000002A0C05FDF60
<22:26:40> remapped bone indices with refcount '4294967294' still around for 'objects/zhg_objects/characters/sets/loverset/loverset_torso.skin 0x000002A0C05FB3A0
<22:26:40> remapped bone indices with refcount '4294967294' still around for 'objects/zhg_objects/characters/sets/loverset/loverset_head.skin 0x000002A0C05FE280
<22:26:40> remapped bone indices with refcount '4294967294' still around for 'objects/zhg_objects/characters/sets/loverset/loverset_head.skin 0x000002A0C05FC660
<22:26:40> remapped bone indices with refcount '4294967294' still around for 'objects/zhg_objects/characters/sets/loverset/loverset_head.skin 0x000002A141D31160
<22:26:40> remapped bone indices with refcount '4294967294' still around for 'objects/zhg_objects/characters/sets/leaderset/leaderset_torso.skin 0x000002A141D30E40
<22:26:40> remapped bone indices with refcount '4294967294' still around for 'objects/zhg_objects/characters/sets/leaderset/leaderset_torso.skin 0x000002A141D2E8C0
<22:26:40> remapped bone indices with refcount '4294967294' still around for 'objects/zhg_objects/characters/sets/leaderset/leaderset_torso.skin 0x000002A141D304E0
<22:26:40> remapped bone indices with refcount '4294967294' still around for 'objects/zhg_objects/characters/sets/leaderset/leaderset_pants.skin 0x000002A141D2EBE0
<22:26:40> remapped bone indices with refcount '4294967294' still around for 'objects/zhg_objects/characters/sets/leaderset/leaderset_pants.skin 0x000002A141D2DC40
<22:26:40> remapped bone indices with refcount '4294967294' still around for 'objects/zhg_objects/characters/sets/leaderset/leaderset_pants.skin 0x000002A141D301C0
<22:26:40> remapped bone indices with refcount '4294967294' still around for 'objects/zhg_objects/characters/sets/leaderset/leaderset_head.skin 0x000002A141D2F220
<22:26:40> remapped bone indices with refcount '4294967294' still around for 'objects/zhg_objects/characters/sets/leaderset/leaderset_head.skin 0x000002A141D30B20
<22:26:40> remapped bone indices with refcount '4294967294' still around for 'objects/zhg_objects/characters/sets/leaderset/leaderset_head.skin 0x000002A141D2F860
<22:26:40> remapped bone indices with refcount '4294967294' still around for 'objects/zhg_objects/characters/sets/hopefullset/hopefullset_torso.skin 0x000002A141D2FEA0
<22:26:40> remapped bone indices with refcount '4294967294' still around for 'objects/zhg_objects/characters/sets/hopefullset/hopefullset_torso.skin 0x000002A141D2D920
<22:26:40> remapped bone indices with refcount '4294967294' still around for 'objects/zhg_objects/characters/sets/hopefullset/hopefullset_torso.skin 0x000002A141D30800
<22:26:40> remapped bone indices with refcount '4294967294' still around for 'objects/zhg_objects/characters/sets/hopefullset/hopefullset_pants.skin 0x000002A141D2E5A0
<22:26:40> remapped bone indices with refcount '4294967294' still around for 'objects/zhg_objects/characters/sets/hopefullset/hopefullset_pants.skin 0x000002A141D2EF00
<22:26:40> remapped bone indices with refcount '4294967294' still around for 'objects/zhg_objects/characters/sets/hopefullset/hopefullset_pants.skin 0x000002A141D2F540
<22:26:40> remapped bone indices with refcount '4294967294' still around for 'objects/zhg_objects/characters/sets/hopefullset/hopefullset_head.skin 0x000002A141D2FB80
<22:26:40> remapped bone indices with refcount '4294967294' still around for 'objects/zhg_objects/characters/sets/hopefullset/hopefullset_head.skin 0x000002A141D2E280
<22:26:40> remapped bone indices with refcount '4294967294' still around for 'objects/zhg_objects/characters/sets/hopefullset/hopefullset_head.skin 0x000002A141D2DF60
<22:26:40> remapped bone indices with refcount '4294967294' still around for 'objects/zhg_objects/characters/sets/doubtset/doubtset_head.skin 0x000002A141D2D600
