BackupNameAttachment=" Build(0) 27 Jun 21 (00 29 17)"  -- used by backup system
Log Started at Sun Jun 27 00:29:17 2021
Built on Apr  5 2019 00:15:29
Running 64 bit Windows version
Command Line: "D:\Games\Steam\steamapps\common\Pandemic Express\Bin/win_x64/PandemicExpress.exe"
Executable: D:\Games\Steam\steamapps\common\Pandemic Express\Bin\win_x64\PandemicExpress.exe
FileVersion: 1.0.0.0
ProductVersion: 1.0.0.0
Added MOD directory <%engineroot%/engine> to CryPak

Total number of logical processors: 12
Number of available logical processors: 12
Total number of system cores: 6
Number of cores available to process: 6
 
Processor 0:
  CPU: AMD AMD Ryzen 5 3600 6-Core Processor              
  Family: 15, Model: 1, Stepping: 0
  FPU: On-Chip
  Features: FP16, SSE, SSE2, SSE3, SSE4.2, AVX, AVX2, FMA3
  Serial number not present or disabled
 
Processor 1:
  CPU: AMD AMD Ryzen 5 3600 6-Core Processor              
  Family: 15, Model: 1, Stepping: 0
  FPU: On-Chip
  Features: FP16, SSE, SSE2, SSE3, SSE4.2, AVX, AVX2, FMA3
  Serial number not present or disabled
 
Processor 2:
  CPU: AMD AMD Ryzen 5 3600 6-Core Processor              
  Family: 15, Model: 1, Stepping: 0
  FPU: On-Chip
  Features: FP16, SSE, SSE2, SSE3, SSE4.2, AVX, AVX2, FMA3
  Serial number not present or disabled
 
Processor 3:
  CPU: AMD AMD Ryzen 5 3600 6-Core Processor              
  Family: 15, Model: 1, Stepping: 0
  FPU: On-Chip
  Features: FP16, SSE, SSE2, SSE3, SSE4.2, AVX, AVX2, FMA3
  Serial number not present or disabled
 
Processor 4:
  CPU: AMD AMD Ryzen 5 3600 6-Core Processor              
  Family: 15, Model: 1, Stepping: 0
  FPU: On-Chip
  Features: FP16, SSE, SSE2, SSE3, SSE4.2, AVX, AVX2, FMA3
  Serial number not present or disabled
 
Processor 5:
  CPU: AMD AMD Ryzen 5 3600 6-Core Processor              
  Family: 15, Model: 1, Stepping: 0
  FPU: On-Chip
  Features: FP16, SSE, SSE2, SSE3, SSE4.2, AVX, AVX2, FMA3
  Serial number not present or disabled
 
<00:29:17> Loading Config file system.cfg (system.cfg)
<00:29:17> [Error] [CVARS]: [IGNORED CHANGE] variable [sys_version] from [] to [0.7.9.10.190510]; Marked as [VF_CHEAT]
<00:29:17> OnSysSpecChange(1)
<00:29:17> [Error] [CVARS]: [IGNORED CHANGE] variable [sys_asserts] from [0] to [0]; Marked as [VF_CHEAT]
<00:29:17> GameDir: DATA
<00:29:17> <ThreadConfigInfo>: Thread profile loaded: "pc_8" (config/engine_core.thread_config)  
<00:29:17> Windows 10 64 bit (build 10.0.19043)
<00:29:18> System language: English
<00:29:18> Windows Directory: "C:\Windows"
<00:29:18> Local time is 00:29:18 06/27/21, system running for 783 minutes
<00:29:18> 16333MB physical memory installed, 7847MB available, 134217727MB virtual memory installed, 51 percent of memory in use
<00:29:18> PageFile usage: 108MB, Working Set: 125MB, Peak PageFile usage: 109MB,
<00:29:18> Current display mode is 2560x1440x32, (Unknown graphics card)
<00:29:18> IBM enhanced (101/102-key) keyboard and 16+ button mouse installed
<00:29:18> --------------------------------------------------------------------------------
<00:29:18> OnSysSpecChange(1)
<00:29:18> Loading Config file LowSpec.cfg (data\config\lowspec.cfg)
<00:29:18> Loading Config file game.cfg (data\game.cfg)
<00:29:18> [Warning] [CVARS]: [CHANGED] variable [sys_asserts] from [0] to [0]; Marked as [VF_CHEAT]
<00:29:18> [Warning] Modifying marked variables will not be allowed in Release mode!
<00:29:18> Stream Engine Initialization
<00:29:18> GameName: Pandemic Express
<00:29:18> BuildTime: Apr  5 2019 00:15:29
<00:29:18> Physics initialization
<00:29:18> Localized language content(english) not available or modified from the original installation.
<00:29:18> Localized language content(english) not available or modified from the original installation.
<00:29:18> Localized language content(english) not available or modified from the original installation.
<00:29:18> <Audio>: AudioSystem initialization
<00:29:18> <Audio> <0.453>: CryAudioImplWwise loaded
<00:29:19> Renderer initialization
<00:29:19> Logging video adapters:
<00:29:21> - NVIDIA GeForce RTX 3070 (vendor = 0x10de, device = 0x2484)
<00:29:21>   - Adapter index: 0
<00:29:21>   - Dedicated video memory: 8043 MB
<00:29:21>   - Feature level: DX11 (SM 5.0)
<00:29:21>   - Displays connected: yes
<00:29:21>   - Suitable rendering device: yes
<00:29:21> - Microsoft Basic Render Driver (vendor = 0x1414, device = 0x008c)
<00:29:21>   - Adapter index: 1
<00:29:21>   - Dedicated video memory: 0 MB
<00:29:21>   - Feature level: DX11 (SM 5.0)
<00:29:21>   - Displays connected: no
<00:29:21>   - Suitable rendering device: no
<00:29:22> Active GPUs: 1
<00:29:23> [Renderer] A display device has been connected to the system
<00:29:23> Loading plugin CryDefaultEntities
<00:29:23> Loading plugin CrySchematycCore
<00:29:23> Loading plugin CrySchematycSTDEnv
<00:29:23> Loading plugin CrySensorSystem
<00:29:23> Loading extension file cryplugin.csv
<00:29:23> Loading plugin ProcAnRandGenerator.dll
<00:29:23> Loading plugin PlayFabDedicated.dll
<00:29:23> DLL Failed to load, error code: 7E
<00:29:23> Loading plugin PlayFab.dll
<00:29:23> Font initialization
<00:29:23> Using FreeType 2.5.5
<00:29:24> Network initialization
<00:29:25> [net] Socket IO management: External [iocp], Internal [iocp]
<00:29:25> network hostname: DESKTOP-GKEDPQ6
<00:29:25>   ip:192.168.20.21
<00:29:25> [Network Version]: PROFILE DEVELOPMENT BUILD
<00:29:25> MovieSystem initialization
<00:29:25> Console initialization
<00:29:25> Time initialization
<00:29:25> Input initialization
<00:29:25> AI initialization
<00:29:25>  
<00:29:25>     con_debug = 0 []
<00:29:25>     con_display_last_messages = 0 []
<00:29:25>     con_line_buffer_size = 1000 []
<00:29:25>     con_restricted = 0 [RESTRICTEDMODE]
<00:29:25>     con_showonload = 0 []
<00:29:25>  
<00:29:25>     con_debug = 0 []
<00:29:25>     con_display_last_messages = 0 []
<00:29:25>     con_line_buffer_size = 1000 []
<00:29:25>     con_restricted = 0 [RESTRICTEDMODE]
<00:29:25>     con_showonload = 0 []
<00:29:25>  
<00:29:25>     con_debug = 0 []
<00:29:25>  
<00:29:25>     con_debug = 0 []
<00:29:25> Initializing Animation System
<00:29:25> Initializing 3D Engine
<00:29:25> Script System Initialization
<00:29:25> Entity system initialization
<00:29:25> Initializing AI System
<00:29:25> Initializing additional systems
<00:29:25> Dynamic Response System initialization
<00:29:25> CGame::CGame()
<00:29:26> [Steam] Steam API initialized successfully
<00:29:26> <ThreadConfigInfo>: [XML Parsing] Thread with name "Main" already loaded. Overriding with new configuration
<00:29:26> <ThreadConfigInfo>: [XML Parsing] Thread with name "Network" already loaded. Overriding with new configuration
<00:29:26> <ThreadConfigInfo>: [XML Parsing] Thread with name "NetworkStallTicker" already loaded. Overriding with new configuration
<00:29:26> <ThreadConfigInfo>: [XML Parsing] Thread with name "ZLibCompressor" already loaded. Overriding with new configuration
<00:29:26> <ThreadConfigInfo>: [XML Parsing] Thread with name "NetworkStallTicker" already loaded. Overriding with new configuration
<00:29:26> <ThreadConfigInfo>: [XML Parsing] Thread with name "ZLibCompressor" already loaded. Overriding with new configuration
<00:29:26> <ThreadConfigInfo>: [XML Parsing] Thread with name "TelemetryCopier" already loaded. Overriding with new configuration
<00:29:26> <ThreadConfigInfo>: [XML Parsing] Thread with name "StatsAgent" already loaded. Overriding with new configuration
<00:29:26> <ThreadConfigInfo>: Thread profile loaded: "pc_8" (config/game.thread_config)  
<00:29:27> Initializing default materials...
<00:29:51> ESYSTEM_EVENT_GAME_POST_INIT_DONE
<00:29:51> [MFX] Loading FXLib 'breakables' ...
<00:29:51> [MFX] Loading FXLib 'collisions' ...
<00:29:51> [MFX] Loading FXLib 'foley' ...
<00:29:51> [MFX] Loading FXLib 'foley_grunt' ...
<00:29:51> [MFX] Loading FXLib 'foley_player' ...
<00:29:51> [MFX] Loading FXLib 'footstep_grunt' ...
<00:29:51> [MFX] Loading FXLib 'footstep_player' ...
<00:29:51> [MFX] Loading FXLib 'footsteps' ...
<00:29:51> [MFX] Loading FXLib 'grenade' ...
<00:29:51> [MFX] Loading FXLib 'melee' ...
<00:29:51> [MFX] Loading FXLib 'player_fx' ...
<00:29:51> [MFX] Loading FXLib 'projectiles' ...
<00:29:51> [MFX] Loading FXLib 'tornado' ...
<00:29:51> [MFX] Loading FXLib 'vegetation' ...
<00:29:51> [MFX] Loading FXLib 'vehicles' ...
<00:29:51> [Schematyc]: Loading...
<00:29:51> [Schematyc]: Loading settings
<00:29:51> [Schematyc]: Loading scripts
<00:29:51> [Schematyc]: Compiling scripts
<00:29:51> [Schematyc]: Loading complete
<00:29:51> Creating socket on port 2840
<00:29:51> CreateDatagramSocket c1
<00:29:51> CreateDatagramSocket c2
<00:30:07> [MFX] Loading FXLib 'breakables' ...
<00:30:07> [MFX] Loading FXLib 'collisions' ...
<00:30:07> [MFX] Loading FXLib 'foley' ...
<00:30:07> [MFX] Loading FXLib 'foley_grunt' ...
<00:30:07> [MFX] Loading FXLib 'foley_player' ...
<00:30:07> [MFX] Loading FXLib 'footstep_grunt' ...
<00:30:07> [MFX] Loading FXLib 'footstep_player' ...
<00:30:07> [MFX] Loading FXLib 'footsteps' ...
<00:30:07> [MFX] Loading FXLib 'grenade' ...
<00:30:07> [MFX] Loading FXLib 'melee' ...
<00:30:07> [MFX] Loading FXLib 'player_fx' ...
<00:30:07> [MFX] Loading FXLib 'projectiles' ...
<00:30:07> [MFX] Loading FXLib 'tornado' ...
<00:30:07> [MFX] Loading FXLib 'vegetation' ...
<00:30:07> [MFX] Loading FXLib 'vehicles' ...
<00:30:18> CreateDatagramSocket c1
<00:30:21> Game rules class: InstantAction
<00:30:21> ============================ PrepareLevel Multiplayer/Purgatorium_Esc ============================
<00:33:20> BaseInput - Shutting down all force feedback
<00:33:20> ActionGame - Shutting down all force feedback
<00:33:20> gEnv->pRenderer->Draw2dImage XXX
