BackupNameAttachment=" Build(0) 09 Jun 24 (12 56 07)"  -- used by backup system
Log Started at Sun Jun  9 12:56:07 2024
Built on Apr  5 2019 00:15:29
Running 64 bit Windows version
Command Line: "X:\SteamLibrary\steamapps\common\Pandemic Express\Bin/win_x64/PandemicExpress.exe"
Executable: X:\SteamLibrary\steamapps\common\Pandemic Express\Bin\win_x64\PandemicExpress.exe
FileVersion: 1.0.0.0
ProductVersion: 1.0.0.0
Added MOD directory <%engineroot%/engine> to CryPak

Total number of logical processors: 24
Number of available logical processors: 24
Total number of system cores: 12
Number of cores available to process: 12
 
Processor 0:
  CPU: AMD AMD Ryzen 9 3900X 12-Core Processor            
  Family: 15, Model: 1, Stepping: 0
  FPU: On-Chip
  Features: FP16, SSE, SSE2, SSE3, SSE4.2, AVX, AVX2, FMA3
  Serial number not present or disabled
 
Processor 1:
  CPU: AMD AMD Ryzen 9 3900X 12-Core Processor            
  Family: 15, Model: 1, Stepping: 0
  FPU: On-Chip
  Features: FP16, SSE, SSE2, SSE3, SSE4.2, AVX, AVX2, FMA3
  Serial number not present or disabled
 
Processor 2:
  CPU: AMD AMD Ryzen 9 3900X 12-Core Processor            
  Family: 15, Model: 1, Stepping: 0
  FPU: On-Chip
  Features: FP16, SSE, SSE2, SSE3, SSE4.2, AVX, AVX2, FMA3
  Serial number not present or disabled
 
Processor 3:
  CPU: AMD AMD Ryzen 9 3900X 12-Core Processor            
  Family: 15, Model: 1, Stepping: 0
  FPU: On-Chip
  Features: FP16, SSE, SSE2, SSE3, SSE4.2, AVX, AVX2, FMA3
  Serial number not present or disabled
 
Processor 4:
  CPU: AMD AMD Ryzen 9 3900X 12-Core Processor            
  Family: 15, Model: 1, Stepping: 0
  FPU: On-Chip
  Features: FP16, SSE, SSE2, SSE3, SSE4.2, AVX, AVX2, FMA3
  Serial number not present or disabled
 
Processor 5:
  CPU: AMD AMD Ryzen 9 3900X 12-Core Processor            
  Family: 15, Model: 1, Stepping: 0
  FPU: On-Chip
  Features: FP16, SSE, SSE2, SSE3, SSE4.2, AVX, AVX2, FMA3
  Serial number not present or disabled
 
Processor 6:
  CPU: AMD AMD Ryzen 9 3900X 12-Core Processor            
  Family: 15, Model: 1, Stepping: 0
  FPU: On-Chip
  Features: FP16, SSE, SSE2, SSE3, SSE4.2, AVX, AVX2, FMA3
  Serial number not present or disabled
 
Processor 7:
  CPU: AMD AMD Ryzen 9 3900X 12-Core Processor            
  Family: 15, Model: 1, Stepping: 0
  FPU: On-Chip
  Features: FP16, SSE, SSE2, SSE3, SSE4.2, AVX, AVX2, FMA3
  Serial number not present or disabled
 
Processor 8:
  CPU: AMD AMD Ryzen 9 3900X 12-Core Processor            
  Family: 15, Model: 1, Stepping: 0
  FPU: On-Chip
  Features: FP16, SSE, SSE2, SSE3, SSE4.2, AVX, AVX2, FMA3
  Serial number not present or disabled
 
Processor 9:
  CPU: AMD AMD Ryzen 9 3900X 12-Core Processor            
  Family: 15, Model: 1, Stepping: 0
  FPU: On-Chip
  Features: FP16, SSE, SSE2, SSE3, SSE4.2, AVX, AVX2, FMA3
  Serial number not present or disabled
 
Processor 10:
  CPU: AMD AMD Ryzen 9 3900X 12-Core Processor            
  Family: 15, Model: 1, Stepping: 0
  FPU: On-Chip
  Features: FP16, SSE, SSE2, SSE3, SSE4.2, AVX, AVX2, FMA3
  Serial number not present or disabled
 
Processor 11:
  CPU: AMD AMD Ryzen 9 3900X 12-Core Processor            
  Family: 15, Model: 1, Stepping: 0
  FPU: On-Chip
  Features: FP16, SSE, SSE2, SSE3, SSE4.2, AVX, AVX2, FMA3
  Serial number not present or disabled
 
<12:56:07> Loading Config file system.cfg (system.cfg)
<12:56:07> [Error] [CVARS]: [IGNORED CHANGE] variable [sys_version] from [] to [0.7.9.10.190510]; Marked as [VF_CHEAT]
<12:56:07> [Warning] system.cfg -> invalid configuration line: - if for what ever reason it doesn't use your local computer IP instead.
<12:56:08> OnSysSpecChange(1)
<12:56:08> [Error] [CVARS]: [IGNORED CHANGE] variable [sys_asserts] from [0] to [0]; Marked as [VF_CHEAT]
<12:56:08> GameDir: DATA
<12:56:08> <ThreadConfigInfo>: Thread profile loaded: "pc_8" (config/engine_core.thread_config)  
<12:56:08> Windows 10 64 bit (build 10.0.22631)
<12:56:08> System language: English
<12:56:08> Windows Directory: "C:\Windows"
<12:56:08> Local time is 12:56:08 06/09/24, system running for 58 minutes
<12:56:08> 32694MB physical memory installed, 19694MB available, 134217727MB virtual memory installed, 39 percent of memory in use
<12:56:08> PageFile usage: 112MB, Working Set: 129MB, Peak PageFile usage: 115MB,
<12:56:08> Current display mode is 2560x1440x32, (Unknown graphics card)
<12:56:08> IBM enhanced (101/102-key) keyboard and 5+ button mouse installed
<12:56:08> --------------------------------------------------------------------------------
<12:56:08> OnSysSpecChange(1)
<12:56:08> Loading Config file LowSpec.cfg (data\config\lowspec.cfg)
<12:56:08> [Error] [CVARS]: [MISSING] [e_DynamicLightsMaxEntityLights] is not a registered console variable; referenced when testing console variable group [sys_spec_shading] = [1]
<12:56:08> [Error] [CVARS]: [MISSING] [e_SkyUpdateRate] is not a registered console variable; referenced when testing console variable group [sys_spec_shading] = [1]
<12:56:08> [Error] [CVARS]: [MISSING] [e_svoTI_Apply] is not a registered console variable; referenced when testing console variable group [sys_spec_shading] = [1]
<12:56:08> [Error] [CVARS]: [MISSING] [e_svoTI_RsmConeMaxLength] is not a registered console variable; referenced when testing console variable group [sys_spec_shading] = [1]
<12:56:08> [Error] [CVARS]: [MISSING] [e_svoTI_RsmUseColors] is not a registered console variable; referenced when testing console variable group [sys_spec_shading] = [1]
<12:56:08> [Error] [CVARS]: [MISSING] [e_svoTi_Active] is not a registered console variable; referenced when testing console variable group [sys_spec_shading] = [1]
<12:56:08> [Error] [CVARS]: [MISSING] [e_svoti_LowSpecMode] is not a registered console variable; referenced when testing console variable group [sys_spec_shading] = [1]
<12:56:08> [Error] [CVARS]: [MISSING] [e_LightVolumes] is not a registered console variable; referenced when testing console variable group [sys_spec_shading] = [1]
<12:56:08> [Error] [CVARS]: [MISSING] [e_VegetationUseTerrainColor] is not a registered console variable; referenced when testing console variable group [sys_spec_shading] = [1]
<12:56:08> Loading Config file game.cfg (data\game.cfg)
<12:56:08> [Warning] [CVARS]: [CHANGED] variable [sys_asserts] from [0] to [0]; Marked as [VF_CHEAT]
<12:56:08> [Warning] Modifying marked variables will not be allowed in Release mode!
<12:56:08> Stream Engine Initialization
<12:56:08> GameName: Pandemic Express
<12:56:08> BuildTime: Apr  5 2019 00:15:29
<12:56:08> Physics initialization
<12:56:08> Localized language content(english) not available or modified from the original installation.
<12:56:08> Localized language content(english) not available or modified from the original installation.
<12:56:08> Localized language content(english) not available or modified from the original installation.
<12:56:08> <Audio>: AudioSystem initialization
<12:56:08> <Audio> <0.857>: CryAudioImplWwise loaded
<12:56:10> Renderer initialization
<12:56:10> Logging video adapters:
<12:56:13> - NVIDIA GeForce RTX 3080 (vendor = 0x10de, device = 0x2206)
<12:56:13>   - Adapter index: 0
<12:56:13>   - Dedicated video memory: 10053 MB
<12:56:13>   - Feature level: DX11 (SM 5.0)
<12:56:13>   - Displays connected: yes
<12:56:13>   - Suitable rendering device: yes
<12:56:13> - Microsoft Basic Render Driver (vendor = 0x1414, device = 0x008c)
<12:56:13>   - Adapter index: 1
<12:56:13>   - Dedicated video memory: 0 MB
<12:56:13>   - Feature level: DX11 (SM 5.0)
<12:56:13>   - Displays connected: no
<12:56:13>   - Suitable rendering device: no
<12:56:15> Active GPUs: 1
<12:56:16> [Renderer] A display device has been connected to the system
<12:56:16> Loading plugin CryDefaultEntities
<12:56:16> Loading plugin CrySchematycCore
<12:56:16> Loading plugin CrySchematycSTDEnv
<12:56:16> Loading plugin CrySensorSystem
<12:56:16> Loading extension file cryplugin.csv
<12:56:16> Loading plugin ProcAnRandGenerator.dll
<12:56:16> Loading plugin PlayFabDedicated.dll
<12:56:16> DLL Failed to load, error code: 7E
<12:56:16> Loading plugin PlayFab.dll
<12:56:16> Font initialization
<12:56:16> Using FreeType 2.5.5
<12:56:18> Network initialization
<12:56:18> [net] Socket IO management: External [iocp], Internal [iocp]
<12:56:18> network hostname: DESKTOP-HLBPRRK
<12:56:18>   ip:192.168.20.22
<12:56:18> [Network Version]: PROFILE DEVELOPMENT BUILD
<12:56:18> MovieSystem initialization
<12:56:18> Console initialization
<12:56:18> Time initialization
<12:56:18> Input initialization
<12:56:19> AI initialization
<12:56:19>  
<12:56:19>     con_debug = 0 []
<12:56:19>     con_display_last_messages = 0 []
<12:56:19>     con_line_buffer_size = 1000 []
<12:56:19>     con_restricted = 0 [RESTRICTEDMODE]
<12:56:19>     con_showonload = 0 []
<12:56:19>  
<12:56:19>     con_debug = 0 []
<12:56:19>     con_display_last_messages = 0 []
<12:56:19>     con_line_buffer_size = 1000 []
<12:56:19>     con_restricted = 0 [RESTRICTEDMODE]
<12:56:19>     con_showonload = 0 []
<12:56:19>  
<12:56:19>     con_debug = 0 []
<12:56:19>  
<12:56:19>     con_debug = 0 []
<12:56:19> Initializing Animation System
<12:56:19> Initializing 3D Engine
<12:56:19> Script System Initialization
<12:56:19> Entity system initialization
<12:56:19> Initializing AI System
<12:56:19> Initializing additional systems
<12:56:19> Dynamic Response System initialization
<12:56:19> CGame::CGame()
<12:56:20> [Steam] Steam API initialized successfully
<12:56:21> <ThreadConfigInfo>: [XML Parsing] Thread with name "Main" already loaded. Overriding with new configuration
<12:56:21> <ThreadConfigInfo>: [XML Parsing] Thread with name "Network" already loaded. Overriding with new configuration
<12:56:21> <ThreadConfigInfo>: [XML Parsing] Thread with name "NetworkStallTicker" already loaded. Overriding with new configuration
<12:56:21> <ThreadConfigInfo>: [XML Parsing] Thread with name "ZLibCompressor" already loaded. Overriding with new configuration
<12:56:21> <ThreadConfigInfo>: [XML Parsing] Thread with name "NetworkStallTicker" already loaded. Overriding with new configuration
<12:56:21> <ThreadConfigInfo>: [XML Parsing] Thread with name "ZLibCompressor" already loaded. Overriding with new configuration
<12:56:21> <ThreadConfigInfo>: [XML Parsing] Thread with name "TelemetryCopier" already loaded. Overriding with new configuration
<12:56:21> <ThreadConfigInfo>: [XML Parsing] Thread with name "StatsAgent" already loaded. Overriding with new configuration
<12:56:21> <ThreadConfigInfo>: Thread profile loaded: "pc_8" (config/game.thread_config)  
<12:56:21> Initializing default materials...
<12:56:27> ESYSTEM_EVENT_GAME_POST_INIT_DONE
<12:56:27> [MFX] Loading FXLib 'breakables' ...
<12:56:27> [MFX] Loading FXLib 'collisions' ...
<12:56:27> [MFX] Loading FXLib 'foley' ...
<12:56:27> [MFX] Loading FXLib 'foley_grunt' ...
<12:56:27> [MFX] Loading FXLib 'foley_player' ...
<12:56:27> [MFX] Loading FXLib 'footstep_grunt' ...
<12:56:27> [MFX] Loading FXLib 'footstep_player' ...
<12:56:27> [MFX] Loading FXLib 'footsteps' ...
<12:56:27> [MFX] Loading FXLib 'grenade' ...
<12:56:27> [MFX] Loading FXLib 'melee' ...
<12:56:27> [MFX] Loading FXLib 'player_fx' ...
<12:56:27> [MFX] Loading FXLib 'projectiles' ...
<12:56:27> [MFX] Loading FXLib 'tornado' ...
<12:56:27> [MFX] Loading FXLib 'vegetation' ...
<12:56:27> [MFX] Loading FXLib 'vehicles' ...
<12:56:27> [Schematyc]: Loading...
<12:56:27> [Schematyc]: Loading settings
<12:56:27> [Schematyc]: Loading scripts
<12:56:27> [Schematyc]: Compiling scripts
<12:56:27> [Schematyc]: Loading complete
<12:56:27> Creating socket on port 2838
<12:56:27> CreateDatagramSocket c1
<12:56:27> CreateDatagramSocket c2
<12:56:40> [flow-log] DISPLAY STATISTIC
<12:56:42> ============================ Loading level WhereThe ============================
<12:56:42> CreateDatagramSocket c1
<12:56:42> CreateDatagramSocket c2
<12:56:42> CreateDatagramSocket c1
<12:56:42> CreateDatagramSocket c2
<12:57:05> CPlayer::OnFirstSpawn(), player name = Dude
<12:57:05> UnderTerrainCheck started
<12:57:05> CPlayer::OnFirstSpawn called on client actor
<12:57:06> CryAnimation: character-definition not found: objects/characters/man.cdf
<12:57:15> CPlayer::ePlT_ClientPlayerUpdateStDelayed UpdatePlayerStatistic() call
<12:57:26> [flow-log] tag deleted
<12:57:48>     sys_spec = 3 []
<12:57:48>     sys_spec_full = 3 []
<CRITICAL EXCEPTION>
Exception: 0xC00000FD, at Address: 0x0033:0x00007FFD34838628
Virtual memory usage: 5584Mb
Debug Status: 
Last D3D debug message: No message queued. Debug runtime might be inactive or not installed.
Exception Code: 0xC00000FD
Exception Addr: 0x0033:0x00007FFD34838628
Exception Module: <Unknown>
Exception Name  : EXCEPTION_STACK_OVERFLOW
Exception Description: 
Exception Code: 0xC00000FD
Exception Addr: 0x0033:0x00007FFD34838628
Exception Module: <Unknown>
Exception Description: EXCEPTION_STACK_OVERFLOW, 
Memory in use: 5640.8MB
Debug Status: 
Out of Memory: 0
MainThread Id: 16628
RenderThread Id: 14788
[Crashed] Thread Id: 20524
[Crashed] ThreadName: 

[Crashed] Call Stack: ["ThreadNameUnknown" [20524]]

=============================================================================
10) function=0x00007FFD34838628
 9) function=0x00007FFD3463C9B7
 8) function=0x00007FFD3463CF1F
 7) function=0x00007FFD346387D7
 6) function=0x00007FFD3E1FA054
 5) function=0x00007FFD3DFB6490
 4) function=0x00007FFDAA989333
 3) function=0x00007FFDABA4257D
 2) function=0x00007FFDAD56AA48
 1) function=0x00007FFDAD56AA48
=============================================================================


Call Stack: ["Streaming File IO HDD" [16084]]
10) function=0x00007FFDAD5AF9D4
  9) function=0x00007FFDAAD0427E
  8) function=0x00007FFD3E03003D
  7) function=0x00007FFD3DF946A8
  6) function=0x00007FFD3DF8DD76
  5) function=0x00007FFD3DFB6490
  4) function=0x00007FFDAA989333
  3) function=0x00007FFDABA4257D
  2) function=0x00007FFDAD56AA48
  1) function=0x00007FFDAD56AA48
 


Call Stack: ["JobSystem_Worker_1" [17328]]
 9) function=0x00007FFD34589BE2
  8) function=0x00007FFD34235DA0
  7) function=0x00007FFD34238AF0
  6) function=0x00007FFD3E1FA054
  5) function=0x00007FFD3DFB6490
  4) function=0x00007FFDAA989333
  3) function=0x00007FFDABA4257D
  2) function=0x00007FFDAD56AA48
  1) function=0x00007FFDAD56AA48
 


Call Stack: ["Streaming AsyncCallback" [8228]]
 8) function=0x00007FFDAD5AF9D4
  7) function=0x00007FFDAAD0427E
  6) function=0x00007FFD3DF905BE
  5) function=0x00007FFD3DFB6490
  4) function=0x00007FFDAA989333
  3) function=0x00007FFDABA4257D
  2) function=0x00007FFDAD56AA48
  1) function=0x00007FFDAD56AA48
 


Call Stack: ["RenderThread" [14788]]
10) function=0x000001FCB8290000
  9) function=0x00007FFDAD5651A3
  8) function=0x00007FFDAAD14E1D
  7) function=0x00007FFD3A9B877E
  6) function=0x00007FFD3A98C96A
  5) function=0x00007FFD3DFB6490
  4) function=0x00007FFDAA989333
  3) function=0x00007FFDABA4257D
  2) function=0x00007FFDAD56AA48
  1) function=0x00007FFDAD56AA48
 


Call Stack: ["JobSystem_Worker_0 (Blocking)" [17012]]
 8) function=0x00007FFDAD5AF9D4
  7) function=0x00007FFDAAD0427E
  6) function=0x00007FFD3E1F8212
  5) function=0x00007FFD3DFB6490
  4) function=0x00007FFDAA989333
  3) function=0x00007FFDABA4257D
  2) function=0x00007FFDAD56AA48
  1) function=0x00007FFDAD56AA48
 


Call Stack: ["NotificationNetwork" [22940]]
10) function=0x00007FFDAD5AF9D4
  9) function=0x00007FFDA9CC898F
  8) function=0x00007FFDA9CC1F74
  7) function=0x00007FFDACEB2AD2
  6) function=0x00007FFD3E0A800F
  5) function=0x00007FFD3E0BA9EA
  4) function=0x00007FFD3DFB6490
  3) function=0x00007FFDAA989333
  2) function=0x00007FFDABA4257D
  1) function=0x00007FFDAD56AA48
 


Call Stack: ["ShaderCompile" [20792]]
 9) function=0x00007FFDAD5AFFD4
  8) function=0x00007FFDAD5651A3
  7) function=0x00007FFDAAD14E1D
  6) function=0x00007FFD3A757A93
  5) function=0x00007FFD3DFB6490
  4) function=0x00007FFDAA989333
  3) function=0x00007FFDABA4257D
  2) function=0x00007FFDAD56AA48
  1) function=0x00007FFDAD56AA48
 


Call Stack: ["MainAudioThread" [23344]]
10) function=0x00007FFDAD5AFFD4
  9) function=0x00007FFDAD5651A3
  8) function=0x00007FFDAAD14E1D
  7) function=0x00007FFD3B5AEA6F
  6) function=0x00007FFD3B5C824A
  5) function=0x00007FFD3DFB6490
  4) function=0x00007FFDAA989333
  3) function=0x00007FFDABA4257D
  2) function=0x00007FFDAD56AA48
  1) function=0x00007FFDAD56AA48
 


Call Stack: ["GFxMeshCacheReset" [19188]]
 8) function=0x00007FFDAD5AF9D4
  7) function=0x00007FFDAAD0427E
  6) function=0x00007FFD390CBB89
  5) function=0x00007FFD3DFB6490
  4) function=0x00007FFDAA989333
  3) function=0x00007FFDABA4257D
  2) function=0x00007FFDAD56AA48
  1) function=0x00007FFDAD56AA48
 


Call Stack: ["CPlayFabClientThread" [11184]]
 9) function=0x00007FFDAD5AFFD4
  8) function=0x00007FFDAD5651A3
  7) function=0x00007FFDAAD14E1D
  6) function=0x00007FFD39B9DDFF
  5) function=0x00007FFD3DFB6490
  4) function=0x00007FFDAA989333
  3) function=0x00007FFDABA4257D
  2) function=0x00007FFDAD56AA48
  1) function=0x00007FFDAD56AA48
 


Call Stack: ["ServiceNetwork" [1912]]
 9) function=0x00007FFDAD5AFFD4
  8) function=0x00007FFDAD5651A3
  7) function=0x00007FFDAAD14E1D
  6) function=0x00007FFD3E230855
  5) function=0x00007FFD3DFB6490
  4) function=0x00007FFDAA989333
  3) function=0x00007FFDABA4257D
  2) function=0x00007FFDAD56AA48
  1) function=0x00007FFDAD56AA48
 


Call Stack: ["NetAddressSolver" [17788]]
10) function=0x00007FFDAD5B3544
  9) function=0x00007FFDAD5791DB
  8) function=0x00007FFDAAD42B79
  7) function=0x00007FFD37AEA677
  6) function=0x00007FFD37A402D4
  5) function=0x00007FFD3DFB6490
  4) function=0x00007FFDAA989333
  3) function=0x00007FFDABA4257D
  2) function=0x00007FFDAD56AA48
  1) function=0x00007FFDAD56AA48
 


Call Stack: ["Network" [4136]]
10) function=0x00007FFDAD5AF9D4
  9) function=0x00007FFDAAD0427E
  8) function=0x00007FFD37AEF04D
  7) function=0x00007FFD37AEE58E
  6) function=0x00007FFD37AEA25E
  5) function=0x00007FFD3DFB6490
  4) function=0x00007FFDAA989333
  3) function=0x00007FFDABA4257D
  2) function=0x00007FFDAD56AA48
  1) function=0x00007FFDAD56AA48
 


Call Stack: ["UserAnalytics" [18292]]
 9) function=0x00007FFDAD5B3544
  8) function=0x00007FFDAD5791DB
  7) function=0x00007FFDAAD42B79
  6) function=0x00007FFD3BC6EAB1
  5) function=0x00007FFD3DFB6490
  4) function=0x00007FFDAA989333
  3) function=0x00007FFDABA4257D
  2) function=0x00007FFDAD56AA48
  1) function=0x00007FFDAD56AA48
 


Call Stack: ["Streaming File IO InMemory" [15528]]
10) function=0x00007FFDAD5AF9D4
  9) function=0x00007FFDAAD0427E
  8) function=0x00007FFD3E03003D
  7) function=0x00007FFD3DF946A8
  6) function=0x00007FFD3DF8DD76
  5) function=0x00007FFD3DFB6490
  4) function=0x00007FFDAA989333
  3) function=0x00007FFDABA4257D
  2) function=0x00007FFDAD56AA48
  1) function=0x00007FFDAD56AA48
 


Call Stack: ["JobSystem_Worker_2" [4308]]
 8) function=0x00007FFDAD5AF9D4
  7) function=0x00007FFDAAD0427E
  6) function=0x00007FFD3E1F9890
  5) function=0x00007FFD3DFB6490
  4) function=0x00007FFDAA989333
  3) function=0x00007FFDABA4257D
  2) function=0x00007FFDAD56AA48
  1) function=0x00007FFDAD56AA48
 


Call Stack: ["JobSystem_Worker_6" [22472]]
 8) function=0x00007FFDAD5AF9D4
  7) function=0x00007FFDAAD0427E
  6) function=0x00007FFD3E1F9890
  5) function=0x00007FFD3DFB6490
  4) function=0x00007FFDAA989333
  3) function=0x00007FFDABA4257D
  2) function=0x00007FFDAD56AA48
  1) function=0x00007FFDAD56AA48
 


Call Stack: ["JobSystem_Worker_3" [11508]]
 8) function=0x00007FFDAD5AF9D4
  7) function=0x00007FFDAAD0427E
  6) function=0x00007FFD3E1F9890
  5) function=0x00007FFD3DFB6490
  4) function=0x00007FFDAA989333
  3) function=0x00007FFDABA4257D
  2) function=0x00007FFDAD56AA48
  1) function=0x00007FFDAD56AA48
 


Call Stack: ["JobSystem_Worker_5" [11764]]
 8) function=0x00007FFDAD5AF9D4
  7) function=0x00007FFDAAD0427E
  6) function=0x00007FFD3E1F9890
  5) function=0x00007FFD3DFB6490
  4) function=0x00007FFDAA989333
  3) function=0x00007FFDABA4257D
  2) function=0x00007FFDAD56AA48
  1) function=0x00007FFDAD56AA48
 


Call Stack: ["JobSystem_Worker_7" [7876]]
 8) function=0x00007FFDAD5AF9D4
  7) function=0x00007FFDAAD0427E
  6) function=0x00007FFD3E1F9890
  5) function=0x00007FFD3DFB6490
  4) function=0x00007FFDAA989333
  3) function=0x00007FFDABA4257D
  2) function=0x00007FFDAD56AA48
  1) function=0x00007FFDAD56AA48
 


Call Stack: ["JobSystem_Worker_4" [9808]]
10) function=0x00007FFDAD5AF9D4
  9) function=0x00007FFDAAD0427E
  8) function=0x00007FFD3E2AB884
  7) function=0x00007FFDAAE2CD9C
  6) function=0x00007FFDAD5B907D
  5) function=0x00007FFDAD59F187
  4) function=0x00007FFDAD5B49FF
  3) function=0x00007FFDAD52E466
  2) function=0x00007FFDAD5B39EE
  1) function=0x00007FFD34838628
 


Call Stack: ["JobSystem_Worker_0" [11904]]
 8) function=0x00007FFDAD5AF9D4
  7) function=0x00007FFDAAD0427E
  6) function=0x00007FFD3E1F9890
  5) function=0x00007FFD3DFB6490
  4) function=0x00007FFDAA989333
  3) function=0x00007FFDABA4257D
  2) function=0x00007FFDAD56AA48
  1) function=0x00007FFDAD56AA48
 


Call Stack: ["InputWorker" [404]]
 9) function=0x00007FFDAD5AFFD4
  8) function=0x00007FFDAD5651A3
  7) function=0x00007FFDAAD14E1D
  6) function=0x00007FFD37976DDF
  5) function=0x00007FFD3DFB6490
  4) function=0x00007FFDAA989333
  3) function=0x00007FFDABA4257D
  2) function=0x00007FFDAD56AA48
  1) function=0x00007FFDAD56AA48
 


Call Stack: ["ZLibCompressor" [22796]]
 8) function=0x00007FFDAD5AF9D4
  7) function=0x00007FFDAAD0427E
  6) function=0x00007FFD3D9FD993
  5) function=0x00007FFD3DFB6490
  4) function=0x00007FFDAA989333
  3) function=0x00007FFDABA4257D
  2) function=0x00007FFDAD56AA48
  1) function=0x00007FFDAD56AA48
 


Call Stack: ["LevelSystemLoadingHelperThread" [16304]]
 9) function=0x00007FFDAD5AFFD4
  8) function=0x00007FFDAD5651A3
  7) function=0x00007FFDAAD14E1D
  6) function=0x00007FFD3D7CC056
  5) function=0x00007FFD3DFB6490
  4) function=0x00007FFDAA989333
  3) function=0x00007FFDABA4257D
  2) function=0x00007FFDAD56AA48
  1) function=0x00007FFDAD56AA48
 


Call Stack: ["TestMainThreadStallRT" [13496]]
 9) function=0x00007FFDAD5AFFD4
  8) function=0x00007FFDAD5651A3
  7) function=0x00007FFDAAD14E1D
  6) function=0x00007FFD3CAFCCCF
  5) function=0x00007FFD3DFB6490
  4) function=0x00007FFDAA989333
  3) function=0x00007FFDABA4257D
  2) function=0x00007FFDAD56AA48
  1) function=0x00007FFDAD56AA48
 


Call Stack: ["ScalingUpdateClientThread" [14628]]
10) function=0x00007FFDAD5AF9D4
  9) function=0x00007FFDA9CC898F
  8) function=0x00007FFDA9CCBABE
  7) function=0x00007FFDA9CCB71F
  6) function=0x00007FFDA9CCB870
  5) function=0x00007FFDACEB34B1
  4) function=0x00007FFDACEB3394
  3) function=0x00007FFD3C5C7FA5
  2) function=0x00007FFD3C5DFC28
  1) function=0x00007FFD3DFB6490
 


Call Stack: ["CTestServerConnThread" [14724]]
 9) function=0x00007FFDAD5AFFD4
  8) function=0x00007FFDAD5651A3
  7) function=0x00007FFDAAD14E1D
  6) function=0x00007FFD3C5E08AB
  5) function=0x00007FFD3DFB6490
  4) function=0x00007FFDAA989333
  3) function=0x00007FFDABA4257D
  2) function=0x00007FFDAD56AA48
  1) function=0x00007FFDAD56AA48
 


Call Stack: ["GenerationThread" [12552]]
 9) function=0x00007FFDAD5AFFD4
  8) function=0x00007FFDAD5651A3
  7) function=0x00007FFDAAD14E1D
  6) function=0x00007FFD39D29235
  5) function=0x00007FFD3DFB6490
  4) function=0x00007FFDAA989333
  3) function=0x00007FFDABA4257D
  2) function=0x00007FFDAD56AA48
  1) function=0x00007FFDAD56AA48
 


Call Stack: ["PhysicsWorkerThread_0" [20216]]
 8) function=0x00007FFDAD5AF9D4
  7) function=0x00007FFDAAD0427E
  6) function=0x00007FFD3B7E31A7
  5) function=0x00007FFD3DFB6490
  4) function=0x00007FFDAA989333
  3) function=0x00007FFDABA4257D
  2) function=0x00007FFDAD56AA48
  1) function=0x00007FFDAD56AA48
 


Call Stack: ["Physics" [7648]]
 8) function=0x00007FFDAD5AF9D4
  7) function=0x00007FFDAAD0427E
  6) function=0x00007FFD3E0BA1AC
  5) function=0x00007FFD3DFB6490
  4) function=0x00007FFDAA989333
  3) function=0x00007FFDABA4257D
  2) function=0x00007FFDAD56AA48
  1) function=0x00007FFDAD56AA48
 


Call Stack: ["CaptureCrashScreenShot" [6544]]
 9) function=0x00007FFDAD5B3544
  8) function=0x00007FFDAD5791DB
  7) function=0x00007FFDAAD42B79
  6) function=0x00007FFD3DFC252A
  5) function=0x00007FFD3DFB6490
  4) function=0x00007FFDAA989333
  3) function=0x00007FFDABA4257D
  2) function=0x00007FFDAD56AA48
  1) function=0x00007FFDAD56AA48
 


Call Stack: ["Main" [16628]]
10) function=0x00007FFDAD5B3544
  9) function=0x00007FFDAD5791DB
  8) function=0x00007FFDAAD42B79
  7) function=0x00007FFD3E02AD57
  6) function=0x00007FFD3E1EFAEC
  5) function=0x00007FFD3E1FE4C7
  4) function=0x00007FFD3E1FE61A
  3) function=0x00007FFD346204C7
  2) function=0x00007FFD3461282D
  1) function=0x00007FFD3461366E
 
<12:57:58> Saved dump file to 'error.dmp'
Attempting to create error screenshot "error.jpg"
<12:57:58>  
<12:57:58> Screenshot: error.jpg
<12:57:58>  
<12:57:58> Drawcalls: 945
<12:57:58> FPS: 9.2 (7.3 ms)
<12:57:58> Tris: 1316,369
<12:57:58> CGF streaming: Loaded:283 InProg:0 All:599 Act:283 MemUsed:31.22 MemReq:14.66 PoolSize:128
<12:57:58> TexStreaming: MemUsed:1117.05MB(72%%) PoolSize:1536.00MB Trghput:66575.45KB/s
<12:57:58>  
Successfully created screenshot.
