BackupNameAttachment=" Build(0) 30 Jan 22 (23 39 53)"  -- used by backup system
Log Started at Sun Jan 30 23:39:53 2022
Built on Oct 13 2019 19:15:33
Running 64 bit Windows version
Command Line: "E:\Games\Steam\steamapps\common\Pandemic Express\Bin/win_x64/PandemicExpress.exe"
Executable: E:\Games\Steam\steamapps\common\Pandemic Express\Bin\win_x64\PandemicExpress.exe
FileVersion: 1.0.0.0
ProductVersion: 1.0.0.0
Added MOD directory <%engineroot%/engine> to CryPak

Total number of logical processors: 12
Number of available logical processors: 12
Total number of system cores: 6
Number of cores available to process: 6
 
Processor 0:
  CPU: AMD AMD Ryzen 5 3600 6-Core Processor              
  Family: 15, Model: 1, Stepping: 0
  FPU: On-Chip
  Features: FP16, SSE, SSE2, SSE3, SSE4.2, AVX, AVX2, FMA3
  Serial number not present or disabled
 
Processor 1:
  CPU: AMD AMD Ryzen 5 3600 6-Core Processor              
  Family: 15, Model: 1, Stepping: 0
  FPU: On-Chip
  Features: FP16, SSE, SSE2, SSE3, SSE4.2, AVX, AVX2, FMA3
  Serial number not present or disabled
 
Processor 2:
  CPU: AMD AMD Ryzen 5 3600 6-Core Processor              
  Family: 15, Model: 1, Stepping: 0
  FPU: On-Chip
  Features: FP16, SSE, SSE2, SSE3, SSE4.2, AVX, AVX2, FMA3
  Serial number not present or disabled
 
Processor 3:
  CPU: AMD AMD Ryzen 5 3600 6-Core Processor              
  Family: 15, Model: 1, Stepping: 0
  FPU: On-Chip
  Features: FP16, SSE, SSE2, SSE3, SSE4.2, AVX, AVX2, FMA3
  Serial number not present or disabled
 
Processor 4:
  CPU: AMD AMD Ryzen 5 3600 6-Core Processor              
  Family: 15, Model: 1, Stepping: 0
  FPU: On-Chip
  Features: FP16, SSE, SSE2, SSE3, SSE4.2, AVX, AVX2, FMA3
  Serial number not present or disabled
 
Processor 5:
  CPU: AMD AMD Ryzen 5 3600 6-Core Processor              
  Family: 15, Model: 1, Stepping: 0
  FPU: On-Chip
  Features: FP16, SSE, SSE2, SSE3, SSE4.2, AVX, AVX2, FMA3
  Serial number not present or disabled
 
<23:39:53> Loading Config file system.cfg (system.cfg)
<23:39:53> [Error] [CVARS]: [IGNORED CHANGE] variable [sys_version] from [] to [1.1.0.000.200116]; Marked as [VF_CHEAT]
<23:39:53> OnSysSpecChange(1)
<23:39:53> [Error] [CVARS]: [IGNORED CHANGE] variable [sys_asserts] from [0] to [0]; Marked as [VF_CHEAT]
<23:39:53> GameDir: DATA
<23:39:53> <ThreadConfigInfo>: Thread profile loaded: "pc_8" (config/engine_core.thread_config)  
<23:39:53> Windows 10 64 bit (build 10.0.22000)
<23:39:53> System language: English
<23:39:53> Windows Directory: "C:\Windows"
<23:39:53> Local time is 23:39:53 01/30/22, system running for 642 minutes
<23:39:53> 16336MB physical memory installed, 8559MB available, 134217727MB virtual memory installed, 47 percent of memory in use
<23:39:53> PageFile usage: 76MB, Working Set: 89MB, Peak PageFile usage: 76MB,
<23:39:53> Current display mode is 2560x1440x32, (Unknown graphics card)
<23:39:53> IBM enhanced (101/102-key) keyboard and 16+ button mouse installed
<23:39:53> --------------------------------------------------------------------------------
<23:39:53> OnSysSpecChange(1)
<23:39:53> Loading Config file LowSpec.cfg (data\config\lowspec.cfg)
<23:39:53> [Error] [CVARS]: [MISSING] [e_DynamicLightsMaxEntityLights] is not a registered console variable; referenced when testing console variable group [sys_spec_shading] = [1]
<23:39:53> [Error] [CVARS]: [MISSING] [e_SkyUpdateRate] is not a registered console variable; referenced when testing console variable group [sys_spec_shading] = [1]
<23:39:53> [Error] [CVARS]: [MISSING] [e_svoTI_Apply] is not a registered console variable; referenced when testing console variable group [sys_spec_shading] = [1]
<23:39:53> [Error] [CVARS]: [MISSING] [e_svoTI_RsmConeMaxLength] is not a registered console variable; referenced when testing console variable group [sys_spec_shading] = [1]
<23:39:53> [Error] [CVARS]: [MISSING] [e_svoTI_RsmUseColors] is not a registered console variable; referenced when testing console variable group [sys_spec_shading] = [1]
<23:39:53> [Error] [CVARS]: [MISSING] [e_svoTi_Active] is not a registered console variable; referenced when testing console variable group [sys_spec_shading] = [1]
<23:39:53> [Error] [CVARS]: [MISSING] [e_svoti_LowSpecMode] is not a registered console variable; referenced when testing console variable group [sys_spec_shading] = [1]
<23:39:53> [Error] [CVARS]: [MISSING] [e_LightVolumes] is not a registered console variable; referenced when testing console variable group [sys_spec_shading] = [1]
<23:39:53> [Error] [CVARS]: [MISSING] [e_VegetationUseTerrainColor] is not a registered console variable; referenced when testing console variable group [sys_spec_shading] = [1]
<23:39:53> Loading Config file game.cfg (data\game.cfg)
<23:39:53> [Warning] [CVARS]: [CHANGED] variable [sys_asserts] from [0] to [0]; Marked as [VF_CHEAT]
<23:39:53> [Warning] Modifying marked variables will not be allowed in Release mode!
<23:39:53> Stream Engine Initialization
<23:39:53> GameName: Pandemic Express
<23:39:53> BuildTime: Oct 13 2019 19:15:33
<23:39:53> Physics initialization
<23:39:53> Localized language content(english) not available or modified from the original installation.
<23:39:53> Localized language content(english) not available or modified from the original installation.
<23:39:53> Localized language content(english) not available or modified from the original installation.
<23:39:53> <Audio>: AudioSystem initialization
<23:39:53> <Audio> <0.114>: CryAudioImplWwise loaded
<23:39:54> Renderer initialization
<23:39:54> Logging video adapters:
<23:39:54> - NVIDIA GeForce RTX 3070 (vendor = 0x10de, device = 0x2484)
<23:39:54>   - Adapter index: 0
<23:39:54>   - Dedicated video memory: 8043 MB
<23:39:54>   - Feature level: DX11 (SM 5.0)
<23:39:54>   - Displays connected: yes
<23:39:54>   - Suitable rendering device: yes
<23:39:54> - Microsoft Basic Render Driver (vendor = 0x1414, device = 0x008c)
<23:39:54>   - Adapter index: 1
<23:39:54>   - Dedicated video memory: 0 MB
<23:39:54>   - Feature level: DX11 (SM 5.0)
<23:39:54>   - Displays connected: no
<23:39:54>   - Suitable rendering device: no
<23:39:54> Active GPUs: 1
<23:39:55> [Renderer] A display device has been connected to the system
<23:39:55> Loading plugin CryDefaultEntities
<23:39:55> Loading plugin CrySchematycCore
<23:39:55> DLL Failed to load, error code: 7E
<23:39:55> Loading plugin CrySchematycSTDEnv
<23:39:55> DLL Failed to load, error code: 7E
<23:39:55> Loading plugin CrySensorSystem
<23:39:55> DLL Failed to load, error code: 7E
<23:39:55> Loading extension file cryplugin.csv
<23:39:55> Loading plugin ProcAnRandGenerator.dll
<23:39:55> Loading plugin PlayFab.dll
<23:39:55> Loading plugin CEVPlayer.dll
<23:39:56> Font initialization
<23:39:56> Using FreeType 2.5.5
<23:39:56> Network initialization
<23:39:56> [net] Socket IO management: External [iocp], Internal [iocp]
<23:39:56> network hostname: jasper-pc
<23:39:56>   ip:26.133.86.13
<23:39:56>   ip:192.168.20.15
<23:39:56> [Network Version]: PROFILE DEVELOPMENT BUILD
<23:39:56> MovieSystem initialization
<23:39:56> Console initialization
<23:39:56> Time initialization
<23:39:56> Input initialization
<23:39:56> AI initialization
<23:39:56>  
<23:39:56>     con_debug = 0 []
<23:39:56>     con_display_last_messages = 0 []
<23:39:56>     con_line_buffer_size = 1000 []
<23:39:56>     con_restricted = 0 [RESTRICTEDMODE]
<23:39:56>     con_showonload = 0 []
<23:39:56>  
<23:39:56>     con_debug = 0 []
<23:39:56>     con_display_last_messages = 0 []
<23:39:56>     con_line_buffer_size = 1000 []
<23:39:56>     con_restricted = 0 [RESTRICTEDMODE]
<23:39:56>     con_showonload = 0 []
<23:39:56>  
<23:39:56>     con_debug = 0 []
<23:39:56>  
<23:39:56>     con_debug = 0 []
<23:39:56> Initializing Animation System
<23:39:56> Initializing 3D Engine
<23:39:56> Script System Initialization
<23:39:56> Entity system initialization
<23:39:56> Initializing AI System
<23:39:56> Initializing additional systems
<23:39:56> Dynamic Response System initialization
<23:39:56> DLL Failed to load, error code: 7E
<23:39:56> No Dynamic Response System was loaded from a module, will use the NULL implementation.
<23:39:57> [Steam] Steam API initialized successfully
<23:39:57> <ThreadConfigInfo>: [XML Parsing] Thread with name "Main" already loaded. Overriding with new configuration
<23:39:57> <ThreadConfigInfo>: [XML Parsing] Thread with name "Network" already loaded. Overriding with new configuration
<23:39:57> <ThreadConfigInfo>: [XML Parsing] Thread with name "NetworkStallTicker" already loaded. Overriding with new configuration
<23:39:57> <ThreadConfigInfo>: [XML Parsing] Thread with name "ZLibCompressor" already loaded. Overriding with new configuration
<23:39:57> <ThreadConfigInfo>: [XML Parsing] Thread with name "NetworkStallTicker" already loaded. Overriding with new configuration
<23:39:57> <ThreadConfigInfo>: [XML Parsing] Thread with name "ZLibCompressor" already loaded. Overriding with new configuration
<23:39:57> <ThreadConfigInfo>: [XML Parsing] Thread with name "TelemetryCopier" already loaded. Overriding with new configuration
<23:39:57> <ThreadConfigInfo>: [XML Parsing] Thread with name "StatsAgent" already loaded. Overriding with new configuration
<23:39:57> <ThreadConfigInfo>: Thread profile loaded: "pc_8" (config/game.thread_config)  
<23:39:57> Initializing default materials...
<23:40:03> [MFX] Loading FXLib 'breakables' ...
<23:40:03> [MFX] Loading FXLib 'collisions' ...
<23:40:03> [MFX] Loading FXLib 'foley' ...
<23:40:03> [MFX] Loading FXLib 'foley_grunt' ...
<23:40:03> [MFX] Loading FXLib 'foley_player' ...
<23:40:03> [MFX] Loading FXLib 'footstep_grunt' ...
<23:40:03> [MFX] Loading FXLib 'footstep_player' ...
<23:40:03> [MFX] Loading FXLib 'footsteps' ...
<23:40:03> [MFX] Loading FXLib 'grenade' ...
<23:40:03> [MFX] Loading FXLib 'melee' ...
<23:40:03> [MFX] Loading FXLib 'player_fx' ...
<23:40:03> [MFX] Loading FXLib 'projectiles' ...
<23:40:03> [MFX] Loading FXLib 'tornado' ...
<23:40:03> [MFX] Loading FXLib 'vegetation' ...
<23:40:03> [MFX] Loading FXLib 'vehicles' ...
<23:40:03> [MFX] Loading FXLib 'breakables' ...
<23:40:03> [MFX] Loading FXLib 'collisions' ...
<23:40:03> [MFX] Loading FXLib 'foley' ...
<23:40:03> [MFX] Loading FXLib 'foley_grunt' ...
<23:40:03> [MFX] Loading FXLib 'foley_player' ...
<23:40:03> [MFX] Loading FXLib 'footstep_grunt' ...
<23:40:03> [MFX] Loading FXLib 'footstep_player' ...
<23:40:03> [MFX] Loading FXLib 'footsteps' ...
<23:40:03> [MFX] Loading FXLib 'grenade' ...
<23:40:03> [MFX] Loading FXLib 'melee' ...
<23:40:03> [MFX] Loading FXLib 'player_fx' ...
<23:40:03> [MFX] Loading FXLib 'projectiles' ...
<23:40:03> [MFX] Loading FXLib 'tornado' ...
<23:40:03> [MFX] Loading FXLib 'vegetation' ...
<23:40:03> [MFX] Loading FXLib 'vehicles' ...
<23:40:03> Creating socket on port 2838
<23:40:03> CreateDatagramSocket c1
<23:40:03> CreateDatagramSocket c2
<23:40:23> CreateDatagramSocket c1
<23:40:25> Game rules class: InstantAction
<23:40:25> ============================ PrepareLevel Multiplayer/Purgatorium_Esc_Cw ============================
<23:40:48> CryAnimation: character-definition not found: objects/characters/human/sdk_player/sdk_player.cdf
<23:40:48> CryAnimation: character-definition not found: objects/characters/human/sdk_player/sdk_player.cdf
<23:40:48> CryAnimation: character-definition not found: objects/characters/human/sdk_player/sdk_player.cdf
<23:40:48> CryAnimation: character-definition not found: objects/characters/human/sdk_player/sdk_player.cdf
<23:40:48> CryAnimation: character-definition not found: objects/characters/human/sdk_player/sdk_player.cdf
<23:40:48> CryAnimation: character-definition not found: objects/characters/human/sdk_player/sdk_player.cdf
<23:40:48> CryAnimation: character-definition not found: objects/characters/human/sdk_player/sdk_player.cdf
<23:40:48> CryAnimation: character-definition not found: objects/characters/human/sdk_player/sdk_player.cdf
<23:40:48> CryAnimation: character-definition not found: objects/characters/human/sdk_player/sdk_player.cdf
<23:40:48> CryAnimation: character-definition not found: objects/characters/human/sdk_player/sdk_player.cdf
<23:40:48> CryAnimation: character-definition not found: objects/characters/human/sdk_player/sdk_player.cdf
<23:40:48> CryAnimation: character-definition not found: objects/characters/human/sdk_player/sdk_player.cdf
<23:40:48> CryAnimation: character-definition not found: objects/characters/human/sdk_player/sdk_player.cdf
<23:40:48> CryAnimation: character-definition not found: objects/characters/human/sdk_player/sdk_player.cdf
<23:40:48> CryAnimation: character-definition not found: objects/characters/human/sdk_player/sdk_player.cdf
<23:40:48> CryAnimation: character-definition not found: objects/characters/human/sdk_player/sdk_player.cdf
<23:40:48> CryAnimation: character-definition not found: objects/characters/human/sdk_player/sdk_player.cdf
<23:40:48> CryAnimation: character-definition not found: objects/characters/human/sdk_player/sdk_player.cdf
<23:40:48> CryAnimation: character-definition not found: objects/characters/human/sdk_player/sdk_player.cdf
<23:40:48> CryAnimation: character-definition not found: objects/characters/human/sdk_player/sdk_player.cdf
<23:40:48> CryAnimation: character-definition not found: objects/characters/human/sdk_player/sdk_player.cdf
<23:40:48> CryAnimation: character-definition not found: objects/characters/human/sdk_player/sdk_player.cdf
<23:40:48> CryAnimation: character-definition not found: objects/characters/human/sdk_player/sdk_player.cdf
<23:40:48> CryAnimation: character-definition not found: objects/characters/human/sdk_player/sdk_player.cdf
<23:40:48> CryAnimation: character-definition not found: objects/characters/human/sdk_player/sdk_player.cdf
<23:40:48> CryAnimation: character-definition not found: objects/characters/human/sdk_player/sdk_player.cdf
<23:40:48> CryAnimation: character-definition not found: objects/characters/human/sdk_player/sdk_player.cdf
<23:40:48> CryAnimation: character-definition not found: objects/characters/human/sdk_player/sdk_player.cdf
<23:40:48> CryAnimation: character-definition not found: objects/characters/human/sdk_player/sdk_player.cdf
<23:40:48> CryAnimation: character-definition not found: objects/characters/human/sdk_player/sdk_player.cdf
<23:40:48> CryAnimation: character-definition not found: objects/characters/human/sdk_player/sdk_player.cdf
<23:40:48> CryAnimation: character-definition not found: objects/characters/human/sdk_player/sdk_player.cdf
<23:40:48> CryAnimation: character-definition not found: objects/characters/human/sdk_player/sdk_player.cdf
<23:40:48> CryAnimation: character-definition not found: objects/characters/human/sdk_player/sdk_player.cdf
<23:40:48> CryAnimation: character-definition not found: objects/characters/human/sdk_player/sdk_player.cdf
<23:40:48> CryAnimation: character-definition not found: objects/characters/human/sdk_player/sdk_player.cdf
<23:40:48> CryAnimation: character-definition not found: objects/characters/human/sdk_player/sdk_player.cdf
<23:40:48> CryAnimation: character-definition not found: objects/characters/human/sdk_player/sdk_player.cdf
<23:40:48> CryAnimation: character-definition not found: objects/characters/human/sdk_player/sdk_player.cdf
<23:40:48> CryAnimation: character-definition not found: objects/characters/human/sdk_player/sdk_player.cdf
<23:40:48> CryAnimation: character-definition not found: objects/characters/human/sdk_player/sdk_player.cdf
<23:40:48> CryAnimation: character-definition not found: objects/characters/human/sdk_player/sdk_player.cdf
<23:40:51> CryAnimation: character-definition not found: objects/characters/human/sdk_player/sdk_player.cdf
<23:40:51> CryAnimation: character-definition not found: objects/characters/human/sdk_player/sdk_player.cdf
<23:40:51> CryAnimation: character-definition not found: objects/characters/human/sdk_player/sdk_player.cdf
<23:40:53> PLAYERNAME Kornflakes
<23:40:53> CryAnimation: character-definition not found: objects/characters/man.cdf
<23:40:54> CryAnimation: character-definition not found: objects/characters/human/sdk_player/sdk_player.cdf
<23:40:54> CryAnimation: character-definition not found: objects/characters/human/sdk_player/sdk_player.cdf
<23:40:54> CryAnimation: character-definition not found: objects/characters/human/sdk_player/sdk_player.cdf
<23:41:31>     sys_spec = 1 []
<23:41:31>     sys_spec_full = 1 []
<23:41:32> st_used_prerec_msg 
<23:41:35> erec_msg 
<23:41:37> last_used_prerec_msg 
<23:41:42> t_used_prerec_msg 
<23:41:53> ast_used_prerec_msg 
<23:41:56> CryAnimation: character-definition not found: objects/characters/human/sdk_player/sdk_player.cdf
<23:41:56> CryAnimation: character-definition not found: objects/characters/human/sdk_player/sdk_player.cdf
<23:41:56> CryAnimation: character-definition not found: objects/characters/human/sdk_player/sdk_player.cdf
<23:42:32> _used_prerec_msg 
<23:42:36> d_prerec_msg 
<23:42:38> _used_prerec_msg 
<23:42:39> d_prerec_msg 
<23:42:40> sed_prerec_msg 
<23:42:49> st_used_prerec_msg 
<23:42:57> st_used_prerec_msg 
<23:42:58> ast_used_prerec_msg 
<23:43:05> CHUDNv::showPickArmorGradient()
<23:43:08> CHUDNv::showPickArmorGradient()
<23:43:09> CVehicleSeat::NetSetPassengerId c2
<23:43:09> CVehicleSeat::Enter called
<23:43:12> CVehicleSeat::Exit called
<23:43:12> CVehicleSeat::Exit called c2
<23:43:12> ClProcessLeave call
<23:43:20> CHUDNv::showPickArmorGradient()
<23:43:21> st_used_prerec_msg 
<23:43:23> st_used_prerec_msg 
<23:43:25> st_used_prerec_msg 
<23:43:30> CVehicleSeat::NetSetPassengerId c2
<23:43:30> CVehicleSeat::Enter called
<23:43:32> CVehicleSeat::Exit called
<23:43:32> CVehicleSeat::Exit called c2
<23:43:32> ClProcessLeave call
<23:43:42> t_used_prerec_msg 
<23:44:03> last_used_prerec_msg 
<23:44:04> last_used_prerec_msg 
<23:44:06> ast_used_prerec_msg 
<23:44:08> CVehicleSeat::NetSetPassengerId c2
<23:44:08> CVehicleSeat::Enter called
<23:44:08> CVehicleSeat::Exit called
<23:44:08> CVehicleSeat::Exit called c2
<23:44:08> ClProcessLeave call
<23:44:09> ast_used_prerec_msg 
<23:44:09> CVehicleSeat::NetSetPassengerId c2
<23:44:09> CVehicleSeat::Enter called
<23:44:10> CVehicleSeat::Exit called
<23:44:10> CVehicleSeat::Exit called c2
<23:44:10> ClProcessLeave call
<23:44:11> CVehicleSeat::NetSetPassengerId c2
<23:44:11> CVehicleSeat::Enter called
<23:44:11> CVehicleSeat::Exit called
<23:44:11> CVehicleSeat::Exit called c2
<23:44:11> ClProcessLeave call
<23:44:11> ast_used_prerec_msg 
<23:44:15> CVehicleSeat::NetSetPassengerId c2
<23:44:15> CVehicleSeat::Enter called
<23:44:16> CVehicleSeat::Exit called
<23:44:16> CVehicleSeat::Exit called c2
<23:44:16> ClProcessLeave call
<23:44:41> ClReplDropOpen !params.r_openedDr
<23:44:44> st_used_prerec_msg 
<23:44:48> _used_prerec_msg 
<23:44:53> ClReplDropOpen !params.r_openedDr
<23:44:53> ClReplDropOpen !params.r_openedDr
<23:44:58> ClReplDropOpen !params.r_openedDr
<23:44:58> ClReplDropOpen !params.r_openedDr
<23:46:08> d_prerec_msg 
<23:46:24> CVehicleSeat::NetSetPassengerId c2
<23:46:24> CVehicleSeat::Enter called
<23:46:31> CVehicleSeat::Exit called
<23:46:31> CVehicleSeat::Exit called c2
<23:46:31> ClProcessLeave call
<23:46:32> CVehicleSeat::NetSetPassengerId c2
<23:46:32> CVehicleSeat::Enter called
<23:46:50> CVehicleSeat::NetSetPassengerId c2
<23:46:50> CVehicleSeat::Exit called
<23:46:50> CVehicleSeat::Exit called c2
<23:47:05> CVehicleSeat::NetSetPassengerId c2
<23:47:05> CVehicleSeat::Enter called
<23:47:08> CVehicleSeat::NetSetPassengerId c2
<23:47:08> CVehicleSeat::Enter called
<23:47:13> st_used_prerec_msg 
<23:47:14> CVehicleSeat::NetSetPassengerId c2
<23:47:14> CVehicleSeat::Enter called
<23:47:14> CVehicleSeat::Exit called
<23:47:14> CVehicleSeat::Exit called c2
<23:47:14> ClProcessLeave call
<23:47:23> CVehicleSeat::NetSetPassengerId c2
<23:47:23> CVehicleSeat::Enter called
<23:47:26> CVehicleSeat::NetSetPassengerId c2
<23:47:26> CVehicleSeat::Enter called
<23:47:35> CVehicleSeat::Exit called
<23:47:35> CVehicleSeat::Exit called c2
<23:47:35> ClProcessLeave call
<23:47:36> CVehicleSeat::Exit called
<23:47:36> CVehicleSeat::Exit called c2
<23:47:36> ClProcessLeave call
<23:47:36> CVehicleSeat::Exit called
<23:47:36> CVehicleSeat::Exit called c2
<23:47:36> ClProcessLeave call
<23:47:58> st_used_prerec_msg 
<23:48:02> st_used_prerec_msg 
<23:48:07> CVehicleSeat::Exit called
<23:48:07> CVehicleSeat::Exit called c2
<23:48:07> ClProcessLeave call
<23:48:08> st_used_prerec_msg 
<23:48:13> CVehicleSeat::NetSetPassengerId c2
<23:48:13> CVehicleSeat::Enter called
<23:48:15> CVehicleSeat::NetSetPassengerId c2
<23:48:15> CVehicleSeat::Enter called
<23:48:15> st_used_prerec_msg 
<23:48:16> CVehicleSeat::Exit called
<23:48:16> CVehicleSeat::Exit called c2
<23:48:16> ClProcessLeave call
<23:48:20> CVehicleSeat::Exit called
<23:48:20> CVehicleSeat::Exit called c2
<23:48:20> ClProcessLeave call
<23:48:22> CVehicleSeat::NetSetPassengerId c2
<23:48:22> CVehicleSeat::Enter called
<23:48:23> CVehicleSeat::Exit called
<23:48:23> CVehicleSeat::Exit called c2
<23:48:23> ClProcessLeave call
<23:48:29> CVehicleSeat::NetSetPassengerId c2
<23:48:29> CVehicleSeat::Enter called
<23:48:29> CVehicleSeat::Exit called
<23:48:29> CVehicleSeat::Exit called c2
<23:48:29> ClProcessLeave call
<23:48:29> ast_used_prerec_msg 
<23:48:31> _used_prerec_msg 
<23:49:01> used_prerec_msg 
<23:49:05> _used_prerec_msg 
<23:49:34> ast_used_prerec_msg 
<23:49:36> ast_used_prerec_msg 
<23:49:46> CTrain::SmplPlaySnd train_gts
<23:49:49> CVehicleSeat::NetSetPassengerId c2
<23:49:49> CVehicleSeat::Enter called
<23:49:49> CVehicleSeat::Exit called
<23:49:49> CVehicleSeat::Exit called c2
<23:49:49> ClProcessLeave call
<23:49:50> CVehicleSeat::NetSetPassengerId c2
<23:49:50> CVehicleSeat::Enter called
<23:49:50> CVehicleSeat::Exit called
<23:49:50> CVehicleSeat::Exit called c2
<23:49:50> ClProcessLeave call
<23:49:54> CVehicleSeat::NetSetPassengerId c2
<23:49:54> CVehicleSeat::Enter called
<23:49:58> CVehicleSeat::Exit called
<23:49:58> CVehicleSeat::Exit called c2
<23:49:58> ClProcessLeave call
<23:50:10> ast_used_prerec_msg 
<23:50:23> st_used_prerec_msg 
<23:50:41> st_used_prerec_msg 
<23:50:44> CVehicleSeat::NetSetPassengerId c2
<23:50:44> CVehicleSeat::Enter called
<23:51:02> CVehicleSeat::Exit called
<23:51:02> CVehicleSeat::Exit called c2
<23:51:02> ClProcessLeave call
<23:51:23> ast_used_prerec_msg 
<23:51:25> st_used_prerec_msg 
<23:51:48> ast_used_prerec_msg 
<23:51:51> ast_used_prerec_msg 
<23:51:52> ast_used_prerec_msg 
<23:52:35> BaseInput - Shutting down all force feedback
<23:52:35> ActionGame - Shutting down all force feedback
<23:52:35> gEnv->pRenderer->Draw2dImage XXX
<23:52:37> CNetSyncSystem::~CNetSyncSystem & Crush?! packets_temp_bf(temp packet data buffs)
<23:52:37> remapped bone indices with refcount '4294967295' still around for 'zombiemodelnew/conserve_fp_nonmm.skin 0x000001B1C6781C90
<23:52:37> remapped bone indices with refcount '4294967295' still around for 'objects/zhg_objects/characters/conserve/conserve_head.skin 0x000001B1C6781010
<23:52:37> remapped bone indices with refcount '4294967293' still around for 'objects/characters/human/dude/source/pin_hands_sk.skin 0x000001B1DF265970
<23:52:37> remapped bone indices with refcount '4294967293' still around for 'pants.skin 0x000001B1DF265FB0
<23:52:37> remapped bone indices with refcount '4294967293' still around for 'torso.skin 0x000001B1DF265650
<23:52:37> remapped bone indices with refcount '4294967293' still around for 'objects/zhg_objects/characters/sets/vanityset/vanityset_torso.skin 0x000001B1C134EF80
<23:52:37> remapped bone indices with refcount '4294967293' still around for 'objects/zhg_objects/characters/sets/vanityset/vanityset_torso.skin 0x000001B1C134EC60
<23:52:37> remapped bone indices with refcount '4294967293' still around for 'objects/zhg_objects/characters/sets/vanityset/vanityset_torso.skin 0x000001B1C134FC00
<23:52:37> remapped bone indices with refcount '4294967293' still around for 'objects/zhg_objects/characters/sets/vanityset/vanityset_pants.skin 0x000001B1C13511E0
<23:52:37> remapped bone indices with refcount '4294967293' still around for 'objects/zhg_objects/characters/sets/vanityset/vanityset_pants.skin 0x000001B1C1350880
<23:52:37> remapped bone indices with refcount '4294967293' still around for 'objects/zhg_objects/characters/sets/vanityset/vanityset_pants.skin 0x000001B1C1352180
<23:52:37> remapped bone indices with refcount '4294967293' still around for 'objects/zhg_objects/characters/sets/vanityset/vanityset_head.skin 0x000001B1C134F5C0
<23:52:37> remapped bone indices with refcount '4294967293' still around for 'objects/zhg_objects/characters/sets/vanityset/vanityset_head.skin 0x000001B1C1351500
<23:52:37> remapped bone indices with refcount '4294967293' still around for 'objects/zhg_objects/characters/sets/vanityset/vanityset_head.skin 0x000001B1C1350BA0
<23:52:37> remapped bone indices with refcount '4294967293' still around for 'objects/zhg_objects/characters/sets/safetyset/safetyset_head.skin 0x000001B1C13527C0
<23:52:37> remapped bone indices with refcount '4294967293' still around for 'objects/zhg_objects/characters/sets/safetyset/safetyset_head.skin 0x000001B1C1350EC0
<23:52:37> remapped bone indices with refcount '4294967293' still around for 'objects/zhg_objects/characters/sets/safetyset/safetyset_head.skin 0x000001B1C1350240
<23:52:37> remapped bone indices with refcount '4294967289' still around for 'objects/zhg_objects/characters/sets/rebellionset/rebellionset_torso.skin 0x000001B1C13524A0
<23:52:37> remapped bone indices with refcount '4294967289' still around for 'objects/zhg_objects/characters/sets/rebellionset/rebellionset_torso.skin 0x000001B1C1351E60
<23:52:37> remapped bone indices with refcount '4294967289' still around for 'objects/zhg_objects/characters/sets/rebellionset/rebellionset_torso.skin 0x000001B1C1351B40
<23:52:37> remapped bone indices with refcount '4294967293' still around for 'objects/zhg_objects/characters/sets/rebellionset/rebellionset_pants.skin 0x000001B1C134FF20
<23:52:37> remapped bone indices with refcount '4294967293' still around for 'objects/zhg_objects/characters/sets/rebellionset/rebellionset_pants.skin 0x000001B1C134F8E0
<23:52:37> remapped bone indices with refcount '4294967293' still around for 'objects/zhg_objects/characters/sets/rebellionset/rebellionset_pants.skin 0x000001B1C110AFD0
<23:52:37> remapped bone indices with refcount '4294967293' still around for 'objects/zhg_objects/characters/sets/rebellionset/rebellionset_head.skin 0x000001B1C110ACB0
<23:52:37> remapped bone indices with refcount '4294967293' still around for 'objects/zhg_objects/characters/sets/rebellionset/rebellionset_head.skin 0x000001B1C110BF70
<23:52:37> remapped bone indices with refcount '4294967293' still around for 'objects/zhg_objects/characters/sets/rebellionset/rebellionset_head.skin 0x000001B1C110A990
<23:52:37> remapped bone indices with refcount '4294967293' still around for 'objects/zhg_objects/characters/sets/rebellionset/rebelliomset_hands.skin 0x000001B1C1109D10
<23:52:37> remapped bone indices with refcount '4294967293' still around for 'objects/zhg_objects/characters/sets/rebellionset/rebelliomset_hands.skin 0x000001B1C11093B0
<23:52:37> remapped bone indices with refcount '4294967293' still around for 'objects/zhg_objects/characters/sets/rebellionset/rebelliomset_hands.skin 0x000001B1C110C290
<23:52:37> remapped bone indices with refcount '4294967293' still around for 'objects/zhg_objects/characters/sets/rebellionset/rebelliomset_hands.skin 0x000001B1C1109090
<23:52:37> remapped bone indices with refcount '4294967293' still around for 'objects/zhg_objects/characters/sets/loverset/loverset_torso.skin 0x000001B1C110B610
<23:52:37> remapped bone indices with refcount '4294967293' still around for 'objects/zhg_objects/characters/sets/loverset/loverset_torso.skin 0x000001B1C110B2F0
<23:52:37> remapped bone indices with refcount '4294967293' still around for 'objects/zhg_objects/characters/sets/loverset/loverset_torso.skin 0x000001B1C110CBF0
<23:52:37> remapped bone indices with refcount '4294967293' still around for 'objects/zhg_objects/characters/sets/loverset/loverset_head.skin 0x000001B1C11099F0
<23:52:37> remapped bone indices with refcount '4294967293' still around for 'objects/zhg_objects/characters/sets/loverset/loverset_head.skin 0x000001B1C11096D0
<23:52:37> remapped bone indices with refcount '4294967293' still around for 'objects/zhg_objects/characters/sets/loverset/loverset_head.skin 0x000001B1C110A670
<23:52:37> remapped bone indices with refcount '4294967293' still around for 'objects/zhg_objects/characters/sets/leaderset/leaderset_torso.skin 0x000001B1C110A350
<23:52:37> remapped bone indices with refcount '4294967293' still around for 'objects/zhg_objects/characters/sets/leaderset/leaderset_torso.skin 0x000001B1C110A030
<23:52:37> remapped bone indices with refcount '4294967293' still around for 'objects/zhg_objects/characters/sets/leaderset/leaderset_torso.skin 0x000001B1C110C8D0
<23:52:37> remapped bone indices with refcount '4294967293' still around for 'objects/zhg_objects/characters/sets/leaderset/leaderset_pants.skin 0x000001B1C110BC50
<23:52:37> remapped bone indices with refcount '4294967293' still around for 'objects/zhg_objects/characters/sets/leaderset/leaderset_pants.skin 0x000001B1C110C5B0
<23:52:37> remapped bone indices with refcount '4294967293' still around for 'objects/zhg_objects/characters/sets/leaderset/leaderset_pants.skin 0x000001B1C110B930
<23:52:37> remapped bone indices with refcount '4294967293' still around for 'objects/zhg_objects/characters/sets/leaderset/leaderset_head.skin 0x000001B1C06C8D30
<23:52:37> remapped bone indices with refcount '4294967293' still around for 'objects/zhg_objects/characters/sets/leaderset/leaderset_head.skin 0x000001B1C06C80B0
<23:52:37> remapped bone indices with refcount '4294967293' still around for 'objects/zhg_objects/characters/sets/leaderset/leaderset_head.skin 0x000001B1C06CBC10
<23:52:37> remapped bone indices with refcount '4294967293' still around for 'objects/zhg_objects/characters/sets/hopefullset/hopefullset_torso.skin 0x000001B1C06CB8F0
<23:52:37> remapped bone indices with refcount '4294967293' still around for 'objects/zhg_objects/characters/sets/hopefullset/hopefullset_torso.skin 0x000001B1C06C8A10
<23:52:37> remapped bone indices with refcount '4294967293' still around for 'objects/zhg_objects/characters/sets/hopefullset/hopefullset_torso.skin 0x000001B1C06C9370
<23:52:37> remapped bone indices with refcount '4294967293' still around for 'objects/zhg_objects/characters/sets/hopefullset/hopefullset_pants.skin 0x000001B1C06C99B0
<23:52:37> remapped bone indices with refcount '4294967293' still around for 'objects/zhg_objects/characters/sets/hopefullset/hopefullset_pants.skin 0x000001B1C06C9690
<23:52:37> remapped bone indices with refcount '4294967293' still around for 'objects/zhg_objects/characters/sets/hopefullset/hopefullset_pants.skin 0x000001B1C06CB2B0
<23:52:37> remapped bone indices with refcount '4294967293' still around for 'objects/zhg_objects/characters/sets/hopefullset/hopefullset_head.skin 0x000001B1C06C86F0
<23:52:37> remapped bone indices with refcount '4294967293' still around for 'objects/zhg_objects/characters/sets/hopefullset/hopefullset_head.skin 0x000001B1C06CB5D0
<23:52:37> remapped bone indices with refcount '4294967293' still around for 'objects/zhg_objects/characters/sets/hopefullset/hopefullset_head.skin 0x000001B1C06CAC70
<23:52:37> remapped bone indices with refcount '4294967293' still around for 'objects/zhg_objects/characters/sets/doubtset/doubtset_head.skin 0x000001B1C06C9CD0
