BackupNameAttachment=" Build(0) 18 Sep 21 (01 18 13)"  -- used by backup system
Log Started at Sat Sep 18 01:18:13 2021
Built on Oct 13 2019 19:15:33
Running 64 bit Windows version
Command Line: "D:\Games\Steam\steamapps\common\Pandemic Express\Bin/win_x64/PandemicExpress.exe"
Executable: D:\Games\Steam\steamapps\common\Pandemic Express\Bin\win_x64\PandemicExpress.exe
FileVersion: 1.0.0.0
ProductVersion: 1.0.0.0
Added MOD directory <%engineroot%/engine> to CryPak

Total number of logical processors: 12
Number of available logical processors: 12
Total number of system cores: 6
Number of cores available to process: 6
 
Processor 0:
  CPU: AMD AMD Ryzen 5 3600 6-Core Processor              
  Family: 15, Model: 1, Stepping: 0
  FPU: On-Chip
  Features: FP16, SSE, SSE2, SSE3, SSE4.2, AVX, AVX2, FMA3
  Serial number not present or disabled
 
Processor 1:
  CPU: AMD AMD Ryzen 5 3600 6-Core Processor              
  Family: 15, Model: 1, Stepping: 0
  FPU: On-Chip
  Features: FP16, SSE, SSE2, SSE3, SSE4.2, AVX, AVX2, FMA3
  Serial number not present or disabled
 
Processor 2:
  CPU: AMD AMD Ryzen 5 3600 6-Core Processor              
  Family: 15, Model: 1, Stepping: 0
  FPU: On-Chip
  Features: FP16, SSE, SSE2, SSE3, SSE4.2, AVX, AVX2, FMA3
  Serial number not present or disabled
 
Processor 3:
  CPU: AMD AMD Ryzen 5 3600 6-Core Processor              
  Family: 15, Model: 1, Stepping: 0
  FPU: On-Chip
  Features: FP16, SSE, SSE2, SSE3, SSE4.2, AVX, AVX2, FMA3
  Serial number not present or disabled
 
Processor 4:
  CPU: AMD AMD Ryzen 5 3600 6-Core Processor              
  Family: 15, Model: 1, Stepping: 0
  FPU: On-Chip
  Features: FP16, SSE, SSE2, SSE3, SSE4.2, AVX, AVX2, FMA3
  Serial number not present or disabled
 
Processor 5:
  CPU: AMD AMD Ryzen 5 3600 6-Core Processor              
  Family: 15, Model: 1, Stepping: 0
  FPU: On-Chip
  Features: FP16, SSE, SSE2, SSE3, SSE4.2, AVX, AVX2, FMA3
  Serial number not present or disabled
 
<01:18:13> Loading Config file system.cfg (system.cfg)
<01:18:13> [Error] [CVARS]: [IGNORED CHANGE] variable [sys_version] from [] to [1.1.0.000.200116]; Marked as [VF_CHEAT]
<01:18:14> OnSysSpecChange(1)
<01:18:14> [Error] [CVARS]: [IGNORED CHANGE] variable [sys_asserts] from [0] to [0]; Marked as [VF_CHEAT]
<01:18:14> GameDir: DATA
<01:18:14> <ThreadConfigInfo>: Thread profile loaded: "pc_8" (config/engine_core.thread_config)  
<01:18:14> Windows 10 64 bit (build 10.0.19043)
<01:18:14> System language: English
<01:18:14> Windows Directory: "C:\Windows"
<01:18:14> Local time is 01:18:14 09/18/21, system running for 1989 minutes
<01:18:14> 16333MB physical memory installed, 7071MB available, 134217727MB virtual memory installed, 56 percent of memory in use
<01:18:14> PageFile usage: 76MB, Working Set: 88MB, Peak PageFile usage: 76MB,
<01:18:14> Current display mode is 2560x1440x32, (Unknown graphics card)
<01:18:14> IBM enhanced (101/102-key) keyboard and 16+ button mouse installed
<01:18:14> --------------------------------------------------------------------------------
<01:18:14> OnSysSpecChange(1)
<01:18:14> Loading Config file LowSpec.cfg (data\config\lowspec.cfg)
<01:18:14> [Error] [CVARS]: [MISSING] [e_DynamicLightsMaxEntityLights] is not a registered console variable; referenced when testing console variable group [sys_spec_shading] = [1]
<01:18:14> [Error] [CVARS]: [MISSING] [e_SkyUpdateRate] is not a registered console variable; referenced when testing console variable group [sys_spec_shading] = [1]
<01:18:14> [Error] [CVARS]: [MISSING] [e_svoTI_Apply] is not a registered console variable; referenced when testing console variable group [sys_spec_shading] = [1]
<01:18:14> [Error] [CVARS]: [MISSING] [e_svoTI_RsmConeMaxLength] is not a registered console variable; referenced when testing console variable group [sys_spec_shading] = [1]
<01:18:14> [Error] [CVARS]: [MISSING] [e_svoTI_RsmUseColors] is not a registered console variable; referenced when testing console variable group [sys_spec_shading] = [1]
<01:18:14> [Error] [CVARS]: [MISSING] [e_svoTi_Active] is not a registered console variable; referenced when testing console variable group [sys_spec_shading] = [1]
<01:18:14> [Error] [CVARS]: [MISSING] [e_svoti_LowSpecMode] is not a registered console variable; referenced when testing console variable group [sys_spec_shading] = [1]
<01:18:14> [Error] [CVARS]: [MISSING] [e_LightVolumes] is not a registered console variable; referenced when testing console variable group [sys_spec_shading] = [1]
<01:18:14> [Error] [CVARS]: [MISSING] [e_VegetationUseTerrainColor] is not a registered console variable; referenced when testing console variable group [sys_spec_shading] = [1]
<01:18:14> Loading Config file game.cfg (data\game.cfg)
<01:18:14> [Warning] [CVARS]: [CHANGED] variable [sys_asserts] from [0] to [0]; Marked as [VF_CHEAT]
<01:18:14> [Warning] Modifying marked variables will not be allowed in Release mode!
<01:18:14> Stream Engine Initialization
<01:18:14> GameName: Pandemic Express
<01:18:14> BuildTime: Oct 13 2019 19:15:33
<01:18:14> Physics initialization
<01:18:14> Localized language content(english) not available or modified from the original installation.
<01:18:14> Localized language content(english) not available or modified from the original installation.
<01:18:14> Localized language content(english) not available or modified from the original installation.
<01:18:14> <Audio>: AudioSystem initialization
<01:18:14> <Audio> <0.326>: CryAudioImplWwise loaded
<01:18:15> Renderer initialization
<01:18:15> Logging video adapters:
<01:18:16> - NVIDIA GeForce RTX 3070 (vendor = 0x10de, device = 0x2484)
<01:18:16>   - Adapter index: 0
<01:18:16>   - Dedicated video memory: 8043 MB
<01:18:16>   - Feature level: DX11 (SM 5.0)
<01:18:16>   - Displays connected: yes
<01:18:16>   - Suitable rendering device: yes
<01:18:16> - Microsoft Basic Render Driver (vendor = 0x1414, device = 0x008c)
<01:18:16>   - Adapter index: 1
<01:18:16>   - Dedicated video memory: 0 MB
<01:18:16>   - Feature level: DX11 (SM 5.0)
<01:18:16>   - Displays connected: no
<01:18:16>   - Suitable rendering device: no
<01:18:16> Active GPUs: 1
<01:18:16> [Renderer] A display device has been connected to the system
<01:18:16> Loading plugin CryDefaultEntities
<01:18:16> Loading plugin CrySchematycCore
<01:18:16> DLL Failed to load, error code: 7E
<01:18:16> Loading plugin CrySchematycSTDEnv
<01:18:16> DLL Failed to load, error code: 7E
<01:18:16> Loading plugin CrySensorSystem
<01:18:16> DLL Failed to load, error code: 7E
<01:18:16> Loading extension file cryplugin.csv
<01:18:16> Loading plugin ProcAnRandGenerator.dll
<01:18:16> Loading plugin PlayFab.dll
<01:18:17> Loading plugin CEVPlayer.dll
<01:18:18> Font initialization
<01:18:18> Using FreeType 2.5.5
<01:18:19> Network initialization
<01:18:19> [net] Socket IO management: External [iocp], Internal [iocp]
<01:18:19> network hostname: DESKTOP-GKEDPQ6
<01:18:19>   ip:25.14.180.174
<01:18:19>   ip:26.90.194.210
<01:18:19>   ip:192.168.20.21
<01:18:19> [Network Version]: PROFILE DEVELOPMENT BUILD
<01:18:19> MovieSystem initialization
<01:18:19> Console initialization
<01:18:19> Time initialization
<01:18:19> Input initialization
<01:18:19> AI initialization
<01:18:19>  
<01:18:19>     con_debug = 0 []
<01:18:19>     con_display_last_messages = 0 []
<01:18:19>     con_line_buffer_size = 1000 []
<01:18:19>     con_restricted = 0 [RESTRICTEDMODE]
<01:18:19>     con_showonload = 0 []
<01:18:19>  
<01:18:19>     con_debug = 0 []
<01:18:19>     con_display_last_messages = 0 []
<01:18:19>     con_line_buffer_size = 1000 []
<01:18:19>     con_restricted = 0 [RESTRICTEDMODE]
<01:18:19>     con_showonload = 0 []
<01:18:19>  
<01:18:19>     con_debug = 0 []
<01:18:19>  
<01:18:19>     con_debug = 0 []
<01:18:19> Initializing Animation System
<01:18:19> Initializing 3D Engine
<01:18:19> Script System Initialization
<01:18:19> Entity system initialization
<01:18:19> Initializing AI System
<01:18:19> Initializing additional systems
<01:18:19> Dynamic Response System initialization
<01:18:19> DLL Failed to load, error code: 7E
<01:18:19> No Dynamic Response System was loaded from a module, will use the NULL implementation.
<01:18:20> [Steam] Steam API initialized successfully
<01:18:20> <ThreadConfigInfo>: [XML Parsing] Thread with name "Main" already loaded. Overriding with new configuration
<01:18:20> <ThreadConfigInfo>: [XML Parsing] Thread with name "Network" already loaded. Overriding with new configuration
<01:18:20> <ThreadConfigInfo>: [XML Parsing] Thread with name "NetworkStallTicker" already loaded. Overriding with new configuration
<01:18:20> <ThreadConfigInfo>: [XML Parsing] Thread with name "ZLibCompressor" already loaded. Overriding with new configuration
<01:18:20> <ThreadConfigInfo>: [XML Parsing] Thread with name "NetworkStallTicker" already loaded. Overriding with new configuration
<01:18:20> <ThreadConfigInfo>: [XML Parsing] Thread with name "ZLibCompressor" already loaded. Overriding with new configuration
<01:18:20> <ThreadConfigInfo>: [XML Parsing] Thread with name "TelemetryCopier" already loaded. Overriding with new configuration
<01:18:20> <ThreadConfigInfo>: [XML Parsing] Thread with name "StatsAgent" already loaded. Overriding with new configuration
<01:18:20> <ThreadConfigInfo>: Thread profile loaded: "pc_8" (config/game.thread_config)  
<01:18:20> Initializing default materials...
<01:18:27> [MFX] Loading FXLib 'breakables' ...
<01:18:27> [MFX] Loading FXLib 'collisions' ...
<01:18:27> [MFX] Loading FXLib 'foley' ...
<01:18:27> [MFX] Loading FXLib 'foley_grunt' ...
<01:18:27> [MFX] Loading FXLib 'foley_player' ...
<01:18:27> [MFX] Loading FXLib 'footstep_grunt' ...
<01:18:27> [MFX] Loading FXLib 'footstep_player' ...
<01:18:27> [MFX] Loading FXLib 'footsteps' ...
<01:18:27> [MFX] Loading FXLib 'grenade' ...
<01:18:27> [MFX] Loading FXLib 'melee' ...
<01:18:27> [MFX] Loading FXLib 'player_fx' ...
<01:18:27> [MFX] Loading FXLib 'projectiles' ...
<01:18:27> [MFX] Loading FXLib 'tornado' ...
<01:18:27> [MFX] Loading FXLib 'vegetation' ...
<01:18:27> [MFX] Loading FXLib 'vehicles' ...
<01:18:27> [MFX] Loading FXLib 'breakables' ...
<01:18:27> [MFX] Loading FXLib 'collisions' ...
<01:18:27> [MFX] Loading FXLib 'foley' ...
<01:18:27> [MFX] Loading FXLib 'foley_grunt' ...
<01:18:27> [MFX] Loading FXLib 'foley_player' ...
<01:18:27> [MFX] Loading FXLib 'footstep_grunt' ...
<01:18:27> [MFX] Loading FXLib 'footstep_player' ...
<01:18:27> [MFX] Loading FXLib 'footsteps' ...
<01:18:27> [MFX] Loading FXLib 'grenade' ...
<01:18:27> [MFX] Loading FXLib 'melee' ...
<01:18:27> [MFX] Loading FXLib 'player_fx' ...
<01:18:27> [MFX] Loading FXLib 'projectiles' ...
<01:18:27> [MFX] Loading FXLib 'tornado' ...
<01:18:27> [MFX] Loading FXLib 'vegetation' ...
<01:18:27> [MFX] Loading FXLib 'vehicles' ...
<01:18:27> Creating socket on port 2838
<01:18:27> CreateDatagramSocket c1
<01:18:27> CreateDatagramSocket c2
<01:18:46> Iterator 0
<01:18:46> Size 30
<01:18:46> Iterator 1
<01:18:46> Size 30
<01:18:46> Iterator 2
<01:18:46> Size 30
<01:18:46> Iterator 3
<01:18:46> Size 30
<01:18:46> Iterator 4
<01:18:46> Size 30
<01:18:46> Iterator 5
<01:18:46> Size 30
<01:18:46> Iterator 6
<01:18:46> Size 30
<01:18:46> Iterator 7
<01:18:46> Size 30
<01:18:46> Iterator 8
<01:18:46> Size 30
<01:18:46> Iterator 9
<01:18:46> Size 30
<01:18:46> Iterator 10
<01:18:46> Size 30
<01:18:46> Iterator 11
<01:18:46> Size 30
<01:18:47> Iterator 12
<01:18:47> Size 30
<01:18:47> Iterator 13
<01:18:47> Size 30
<01:18:47> Iterator 14
<01:18:47> Size 30
<01:18:47> playerName Kornflakes
<01:18:47> Iterator 15
<01:18:47> Size 30
<01:18:47> Iterator 16
<01:18:47> Size 30
<01:18:47> Iterator 17
<01:18:47> Size 30
<01:18:47> Iterator 18
<01:18:47> Size 30
<01:18:47> Iterator 19
<01:18:47> Size 30
<01:18:47> Iterator 20
<01:18:47> Size 30
<01:18:47> Iterator 21
<01:18:47> Size 30
<01:18:47> Iterator 22
<01:18:47> Size 30
<01:18:47> Iterator 23
<01:18:47> Size 30
<01:18:47> Iterator 24
<01:18:47> Size 30
<01:18:47> Iterator 25
<01:18:47> Size 30
<01:18:47> Iterator 26
<01:18:47> Size 30
<01:18:47> Iterator 27
<01:18:47> Size 30
<01:18:47> Iterator 28
<01:18:47> Size 30
<01:18:47> Iterator 29
<01:18:47> Size 30
<01:18:47> playerName Kornflakes
<01:18:47> Iterator 30
<01:18:47> Size 30
<01:18:58> Iterator 0
<01:18:58> Size 30
<01:18:58> Iterator 1
<01:18:58> Size 30
<01:18:58> Iterator 2
<01:18:58> Size 30
<01:18:58> Iterator 3
<01:18:58> Size 30
<01:18:58> Iterator 4
<01:18:58> Size 30
<01:18:58> Iterator 5
<01:18:58> Size 30
<01:18:58> Iterator 6
<01:18:58> Size 30
<01:18:58> Iterator 7
<01:18:58> Size 30
<01:18:58> Iterator 8
<01:18:58> Size 30
<01:18:58> Iterator 9
<01:18:58> Size 30
<01:18:58> Iterator 10
<01:18:58> Size 30
<01:18:58> Iterator 11
<01:18:58> Size 30
<01:18:58> Iterator 12
<01:18:58> Size 30
<01:18:58> Iterator 13
<01:18:58> Size 30
<01:18:58> Iterator 14
<01:18:58> Size 30
<01:18:58> playerName Kornflakes
<01:18:58> Iterator 15
<01:18:58> Size 30
<01:18:58> Iterator 16
<01:18:58> Size 30
<01:18:58> Iterator 17
<01:18:58> Size 30
<01:18:58> Iterator 18
<01:18:58> Size 30
<01:18:58> Iterator 19
<01:18:58> Size 30
<01:18:58> Iterator 20
<01:18:58> Size 30
<01:18:58> Iterator 21
<01:18:58> Size 30
<01:18:58> Iterator 22
<01:18:58> Size 30
<01:18:58> Iterator 23
<01:18:58> Size 30
<01:18:58> Iterator 24
<01:18:58> Size 30
<01:18:58> Iterator 25
<01:18:58> Size 30
<01:18:58> Iterator 26
<01:18:58> Size 30
<01:18:58> Iterator 27
<01:18:58> Size 30
<01:18:58> Iterator 28
<01:18:58> Size 30
<01:18:58> Iterator 29
<01:18:58> Size 30
<01:18:58> playerName Kornflakes
<01:18:58> Iterator 30
<01:18:58> Size 30
<01:19:07> Iterator 0
<01:19:07> Size 0
<01:19:17> CreateDatagramSocket c1
<01:19:20> Game rules class: InstantAction
<01:19:20> ============================ PrepareLevel Multiplayer/Purgatorium_Esc ============================
<01:20:10> CryAnimation: character-definition not found: objects/characters/human/sdk_player/sdk_player.cdf
<01:20:10> CryAnimation: character-definition not found: objects/characters/human/sdk_player/sdk_player.cdf
<01:20:10> CryAnimation: character-definition not found: objects/characters/human/sdk_player/sdk_player.cdf
<01:20:10> CryAnimation: character-definition not found: objects/characters/human/sdk_player/sdk_player.cdf
<01:20:10> CryAnimation: character-definition not found: objects/characters/human/sdk_player/sdk_player.cdf
<01:20:10> CryAnimation: character-definition not found: objects/characters/human/sdk_player/sdk_player.cdf
<01:20:10> CryAnimation: character-definition not found: objects/characters/human/sdk_player/sdk_player.cdf
<01:20:10> CryAnimation: character-definition not found: objects/characters/human/sdk_player/sdk_player.cdf
<01:20:10> CryAnimation: character-definition not found: objects/characters/human/sdk_player/sdk_player.cdf
<01:20:10> CryAnimation: character-definition not found: objects/characters/human/sdk_player/sdk_player.cdf
<01:20:10> CryAnimation: character-definition not found: objects/characters/human/sdk_player/sdk_player.cdf
<01:20:10> CryAnimation: character-definition not found: objects/characters/human/sdk_player/sdk_player.cdf
<01:20:12> CryAnimation: character-definition not found: objects/characters/human/sdk_player/sdk_player.cdf
<01:20:12> CryAnimation: character-definition not found: objects/characters/human/sdk_player/sdk_player.cdf
<01:20:12> CryAnimation: character-definition not found: objects/characters/human/sdk_player/sdk_player.cdf
<01:20:14> CryAnimation: character-definition not found: objects/characters/human/sdk_player/sdk_player.cdf
<01:20:14> CryAnimation: character-definition not found: objects/characters/human/sdk_player/sdk_player.cdf
<01:20:14> CryAnimation: character-definition not found: objects/characters/human/sdk_player/sdk_player.cdf
<01:20:16> CryAnimation: character-definition not found: objects/characters/human/sdk_player/sdk_player.cdf
<01:20:16> CryAnimation: character-definition not found: objects/characters/human/sdk_player/sdk_player.cdf
<01:20:16> CryAnimation: character-definition not found: objects/characters/human/sdk_player/sdk_player.cdf
<01:20:19> PLAYERNAME Kornflakes
<01:20:19> CryAnimation: character-definition not found: objects/characters/man.cdf
<01:20:21> CryAnimation: character-definition not found: objects/characters/human/sdk_player/sdk_player.cdf
<01:20:21> CryAnimation: character-definition not found: objects/characters/human/sdk_player/sdk_player.cdf
<01:20:21> CryAnimation: character-definition not found: objects/characters/human/sdk_player/sdk_player.cdf
<01:20:33> d_prerec_msg 
<01:20:59> CryAnimation: character-definition not found: objects/characters/human/sdk_player/sdk_player.cdf
<01:20:59> CryAnimation: character-definition not found: objects/characters/human/sdk_player/sdk_player.cdf
<01:20:59> CryAnimation: character-definition not found: objects/characters/human/sdk_player/sdk_player.cdf
<01:22:51> st_used_prerec_msg 
<01:24:06> CryAnimation: character-definition not found: objects/characters/human/sdk_player/sdk_player.cdf
<01:24:06> CryAnimation: character-definition not found: objects/characters/human/sdk_player/sdk_player.cdf
<01:24:06> CryAnimation: character-definition not found: objects/characters/human/sdk_player/sdk_player.cdf
<01:24:21> d_prerec_msg 
<01:24:28> c_msg 
<01:24:31> sed_prerec_msg 
<01:24:32> c_msg 
<01:24:36> _msg 
<01:24:40> st_used_prerec_msg 
<01:24:41> rec_msg 
<01:24:42> st_used_prerec_msg 
<01:24:43> c_msg 
<01:24:52> _used_prerec_msg 
<01:24:55> d_prerec_msg 
<01:24:59> t_used_prerec_msg 
<01:26:18> sed_prerec_msg 
<01:26:40> CryAnimation: character-definition not found: objects/characters/human/sdk_player/sdk_player.cdf
<01:26:40> CryAnimation: character-definition not found: objects/characters/human/sdk_player/sdk_player.cdf
<01:26:40> CryAnimation: character-definition not found: objects/characters/human/sdk_player/sdk_player.cdf
<01:27:02> rerec_msg 
<01:27:04> rec_msg 
<01:27:07> c_msg 
<01:29:21> rerec_msg 
<01:29:23> rec_msg 
<01:29:24> erec_msg 
<01:29:26> c_msg 
<01:29:33> sed_prerec_msg 
<01:30:45> CVehicleSeat::NetSetPassengerId c2
<01:30:45> CVehicleSeat::Enter called
<01:30:55> CVehicleSeat::Exit called
<01:30:55> CVehicleSeat::Exit called c2
<01:30:55> ClProcessLeave call
<01:30:58> CVehicleSeat::NetSetPassengerId c2
<01:30:58> CVehicleSeat::Enter called
<01:31:00> CVehicleSeat::Exit called
<01:31:00> CVehicleSeat::Exit called c2
<01:31:00> ClProcessLeave call
<01:31:02> CVehicleSeat::NetSetPassengerId c2
<01:31:02> CVehicleSeat::Enter called
<01:31:11> CVehicleSeat::Exit called
<01:31:11> CVehicleSeat::Exit called c2
<01:31:11> ClProcessLeave call
<01:31:53> CVehicleSeat::NetSetPassengerId c2
<01:31:53> CVehicleSeat::Enter called
<01:32:08> ClReplDropOpen !params.r_openedDr
<01:32:08> ClReplDropOpen !params.r_openedDr
<01:32:17> CVehicleSeat::Exit called
<01:32:17> CVehicleSeat::Exit called c2
<01:32:17> ClProcessLeave call
<01:32:18> ast_used_prerec_msg 
<01:32:30> ClReplDropOpen !params.r_openedDr
<01:32:41> ClReplDropOpen !params.r_openedDr
<01:32:44> ClReplDropOpen !params.r_openedDr
<01:32:58> ClReplDropOpen !params.r_openedDr
<01:33:07> ClReplDropOpen !params.r_openedDr
<01:33:17> ClReplDropOpen !params.r_openedDr
<01:33:17> ClReplDropOpen !params.r_openedDr
<01:33:21> ClReplDropOpen !params.r_openedDr
<01:33:50> CHUDNv::showPickArmorGradient()
<01:35:06> _used_prerec_msg 
<01:35:14> ast_used_prerec_msg 
<01:35:38> ast_used_prerec_msg 
<01:37:38> d_prerec_msg 
<01:38:14> CryAnimation: character-definition not found: objects/characters/human/sdk_player/sdk_player.cdf
<01:38:14> CryAnimation: character-definition not found: objects/characters/human/sdk_player/sdk_player.cdf
<01:38:14> CryAnimation: character-definition not found: objects/characters/human/sdk_player/sdk_player.cdf
<01:38:19> _used_prerec_msg 
<01:38:58> CTrain::SmplPlaySnd train_gts
<01:39:46> CryAnimation: character-definition not found: objects/characters/human/sdk_player/sdk_player.cdf
<01:39:46> CryAnimation: character-definition not found: objects/characters/human/sdk_player/sdk_player.cdf
<01:39:46> CryAnimation: character-definition not found: objects/characters/human/sdk_player/sdk_player.cdf
<01:41:02> BaseInput - Shutting down all force feedback
<01:41:02> ActionGame - Shutting down all force feedback
<01:41:02> gEnv->pRenderer->Draw2dImage XXX
<01:41:04> CNetSyncSystem::~CNetSyncSystem & Crush?! packets_temp_bf(temp packet data buffs)
<01:41:04> remapped bone indices with refcount '4294967291' still around for 'zombiemodelnew/conserve_fp_nonmm.skin 0x000002AEC95DFF70
<01:41:04> remapped bone indices with refcount '4294967292' still around for 'objects/zhg_objects/characters/conserve/conserve_head.skin 0x000002AEC95E3170
<01:41:04> remapped bone indices with refcount '4294967295' still around for 'objects/characters/human/dude/source/pin_hands_sk.skin 0x000002AFEF229D20
<01:41:04> remapped bone indices with refcount '4294967295' still around for 'pants.skin 0x000002AFEF2296E0
<01:41:04> remapped bone indices with refcount '4294967295' still around for 'torso.skin 0x000002AFEF2248C0
<01:41:04> remapped bone indices with refcount '4294967295' still around for 'objects/zhg_objects/characters/sets/vanityset/vanityset_torso.skin 0x000002AFCD798170
<01:41:04> remapped bone indices with refcount '4294967295' still around for 'objects/zhg_objects/characters/sets/vanityset/vanityset_torso.skin 0x000002AFCD7971D0
<01:41:04> remapped bone indices with refcount '4294967295' still around for 'objects/zhg_objects/characters/sets/vanityset/vanityset_torso.skin 0x000002AFCD799750
<01:41:04> remapped bone indices with refcount '4294967295' still around for 'objects/zhg_objects/characters/sets/vanityset/vanityset_pants.skin 0x000002AFCD799110
<01:41:04> remapped bone indices with refcount '4294967295' still around for 'objects/zhg_objects/characters/sets/vanityset/vanityset_pants.skin 0x000002AFCD796EB0
<01:41:04> remapped bone indices with refcount '4294967295' still around for 'objects/zhg_objects/characters/sets/vanityset/vanityset_pants.skin 0x000002AFCD79A6F0
<01:41:04> remapped bone indices with refcount '4294967295' still around for 'objects/zhg_objects/characters/sets/vanityset/vanityset_head.skin 0x000002AFCD7974F0
<01:41:04> remapped bone indices with refcount '4294967295' still around for 'objects/zhg_objects/characters/sets/vanityset/vanityset_head.skin 0x000002AFCD798AD0
<01:41:04> remapped bone indices with refcount '4294967295' still around for 'objects/zhg_objects/characters/sets/vanityset/vanityset_head.skin 0x000002AFCD79AA10
<01:41:04> remapped bone indices with refcount '4294967295' still around for 'objects/zhg_objects/characters/sets/safetyset/safetyset_head.skin 0x000002AFCD79A3D0
<01:41:04> remapped bone indices with refcount '4294967295' still around for 'objects/zhg_objects/characters/sets/safetyset/safetyset_head.skin 0x000002AFCD798DF0
<01:41:04> remapped bone indices with refcount '4294967295' still around for 'objects/zhg_objects/characters/sets/safetyset/safetyset_head.skin 0x000002AFCD7987B0
<01:41:04> remapped bone indices with refcount '4294967293' still around for 'objects/zhg_objects/characters/sets/rebellionset/rebellionset_torso.skin 0x000002AFCD797E50
<01:41:04> remapped bone indices with refcount '4294967293' still around for 'objects/zhg_objects/characters/sets/rebellionset/rebellionset_torso.skin 0x000002AFCD79A0B0
<01:41:04> remapped bone indices with refcount '4294967293' still around for 'objects/zhg_objects/characters/sets/rebellionset/rebellionset_torso.skin 0x000002AFCD73B980
<01:41:04> remapped bone indices with refcount '4294967295' still around for 'objects/zhg_objects/characters/sets/rebellionset/rebellionset_pants.skin 0x000002AFCD73B340
<01:41:04> remapped bone indices with refcount '4294967295' still around for 'objects/zhg_objects/characters/sets/rebellionset/rebellionset_pants.skin 0x000002AFCD73B660
<01:41:04> remapped bone indices with refcount '4294967295' still around for 'objects/zhg_objects/characters/sets/rebellionset/rebellionset_pants.skin 0x000002AFCD73BCA0
<01:41:04> remapped bone indices with refcount '4294967295' still around for 'objects/zhg_objects/characters/sets/rebellionset/rebellionset_head.skin 0x000002AFCD73A9E0
<01:41:04> remapped bone indices with refcount '4294967295' still around for 'objects/zhg_objects/characters/sets/rebellionset/rebellionset_head.skin 0x000002AFCD73A080
<01:41:04> remapped bone indices with refcount '4294967295' still around for 'objects/zhg_objects/characters/sets/rebellionset/rebellionset_head.skin 0x000002AFCD73A6C0
<01:41:04> remapped bone indices with refcount '4294967295' still around for 'objects/zhg_objects/characters/sets/rebellionset/rebelliomset_hands.skin 0x000002AFCD73AD00
<01:41:04> remapped bone indices with refcount '4294967295' still around for 'objects/zhg_objects/characters/sets/rebellionset/rebelliomset_hands.skin 0x000002AFCD73A3A0
<01:41:04> remapped bone indices with refcount '4294967295' still around for 'objects/zhg_objects/characters/sets/rebellionset/rebelliomset_hands.skin 0x000002AFCD6B3C10
<01:41:04> remapped bone indices with refcount '4294967295' still around for 'objects/zhg_objects/characters/sets/rebellionset/rebelliomset_hands.skin 0x000002AFCD6B35D0
<01:41:04> remapped bone indices with refcount '4294967295' still around for 'objects/zhg_objects/characters/sets/loverset/loverset_torso.skin 0x000002AFCD6B4ED0
<01:41:04> remapped bone indices with refcount '4294967295' still around for 'objects/zhg_objects/characters/sets/loverset/loverset_torso.skin 0x000002AFCD6B32B0
<01:41:04> remapped bone indices with refcount '4294967295' still around for 'objects/zhg_objects/characters/sets/loverset/loverset_torso.skin 0x000002AFCD6B38F0
<01:41:04> remapped bone indices with refcount '4294967295' still around for 'objects/zhg_objects/characters/sets/loverset/loverset_head.skin 0x000002AFCD6B4BB0
<01:41:04> remapped bone indices with refcount '4294967295' still around for 'objects/zhg_objects/characters/sets/loverset/loverset_head.skin 0x000002AFCD6B4570
<01:41:04> remapped bone indices with refcount '4294967295' still around for 'objects/zhg_objects/characters/sets/loverset/loverset_head.skin 0x000002AFCD6B3F30
<01:41:04> remapped bone indices with refcount '4294967295' still around for 'objects/zhg_objects/characters/sets/leaderset/leaderset_torso.skin 0x000002AFCD6B4890
<01:41:04> remapped bone indices with refcount '4294967295' still around for 'objects/zhg_objects/characters/sets/leaderset/leaderset_torso.skin 0x000002AFCD6B4250
<01:41:04> remapped bone indices with refcount '4294967295' still around for 'objects/zhg_objects/characters/sets/leaderset/leaderset_torso.skin 0x000002AFBC88D330
<01:41:04> remapped bone indices with refcount '4294967295' still around for 'objects/zhg_objects/characters/sets/leaderset/leaderset_pants.skin 0x000002AFCD656C70
<01:41:04> remapped bone indices with refcount '4294967295' still around for 'objects/zhg_objects/characters/sets/leaderset/leaderset_pants.skin 0x000002AFCD6572B0
<01:41:04> remapped bone indices with refcount '4294967295' still around for 'objects/zhg_objects/characters/sets/leaderset/leaderset_pants.skin 0x000002AFCD656950
<01:41:04> remapped bone indices with refcount '4294967295' still around for 'objects/zhg_objects/characters/sets/leaderset/leaderset_head.skin 0x000002AFCD656F90
<01:41:04> remapped bone indices with refcount '4294967295' still around for 'objects/zhg_objects/characters/sets/leaderset/leaderset_head.skin 0x000002AFCD656630
<01:41:04> remapped bone indices with refcount '4294967295' still around for 'objects/zhg_objects/characters/sets/leaderset/leaderset_head.skin 0x000002AFCD6575D0
<01:41:04> remapped bone indices with refcount '4294967295' still around for 'objects/zhg_objects/characters/sets/hopefullset/hopefullset_torso.skin 0x000002AFCD655FF0
<01:41:04> remapped bone indices with refcount '4294967295' still around for 'objects/zhg_objects/characters/sets/hopefullset/hopefullset_torso.skin 0x000002AFCD6559B0
<01:41:04> remapped bone indices with refcount '4294967295' still around for 'objects/zhg_objects/characters/sets/hopefullset/hopefullset_torso.skin 0x000002AFCD656310
<01:41:04> remapped bone indices with refcount '4294967295' still around for 'objects/zhg_objects/characters/sets/hopefullset/hopefullset_pants.skin 0x000002AFCD655CD0
<01:41:04> remapped bone indices with refcount '4294967295' still around for 'objects/zhg_objects/characters/sets/hopefullset/hopefullset_pants.skin 0x000002AFBC88C9D0
<01:41:04> remapped bone indices with refcount '4294967295' still around for 'objects/zhg_objects/characters/sets/hopefullset/hopefullset_pants.skin 0x000002AFBC88C070
<01:41:04> remapped bone indices with refcount '4294967295' still around for 'objects/zhg_objects/characters/sets/hopefullset/hopefullset_head.skin 0x000002AFBC88BD50
<01:41:04> remapped bone indices with refcount '4294967295' still around for 'objects/zhg_objects/characters/sets/hopefullset/hopefullset_head.skin 0x000002AFBC88D970
<01:41:04> remapped bone indices with refcount '4294967295' still around for 'objects/zhg_objects/characters/sets/hopefullset/hopefullset_head.skin 0x000002AFBC88C6B0
<01:41:04> remapped bone indices with refcount '4294967295' still around for 'objects/zhg_objects/characters/sets/doubtset/doubtset_head.skin 0x000002AFBC88D650
