BackupNameAttachment=" Build(0) 25 May 22 (13 17 37)"  -- used by backup system
Log Started at Wed May 25 13:17:37 2022
Built on Oct 13 2019 19:15:33
Running 64 bit Windows version
Command Line: "E:\Games\Steam\steamapps\common\Pandemic Express\Bin/win_x64/PandemicExpress.exe"
Executable: E:\Games\Steam\steamapps\common\Pandemic Express\Bin\win_x64\PandemicExpress.exe
FileVersion: 1.0.0.0
ProductVersion: 1.0.0.0
Added MOD directory <%engineroot%/engine> to CryPak

Total number of logical processors: 12
Number of available logical processors: 12
Total number of system cores: 6
Number of cores available to process: 6
 
Processor 0:
  CPU: AMD AMD Ryzen 5 3600 6-Core Processor              
  Family: 15, Model: 1, Stepping: 0
  FPU: On-Chip
  Features: FP16, SSE, SSE2, SSE3, SSE4.2, AVX, AVX2, FMA3
  Serial number not present or disabled
 
Processor 1:
  CPU: AMD AMD Ryzen 5 3600 6-Core Processor              
  Family: 15, Model: 1, Stepping: 0
  FPU: On-Chip
  Features: FP16, SSE, SSE2, SSE3, SSE4.2, AVX, AVX2, FMA3
  Serial number not present or disabled
 
Processor 2:
  CPU: AMD AMD Ryzen 5 3600 6-Core Processor              
  Family: 15, Model: 1, Stepping: 0
  FPU: On-Chip
  Features: FP16, SSE, SSE2, SSE3, SSE4.2, AVX, AVX2, FMA3
  Serial number not present or disabled
 
Processor 3:
  CPU: AMD AMD Ryzen 5 3600 6-Core Processor              
  Family: 15, Model: 1, Stepping: 0
  FPU: On-Chip
  Features: FP16, SSE, SSE2, SSE3, SSE4.2, AVX, AVX2, FMA3
  Serial number not present or disabled
 
Processor 4:
  CPU: AMD AMD Ryzen 5 3600 6-Core Processor              
  Family: 15, Model: 1, Stepping: 0
  FPU: On-Chip
  Features: FP16, SSE, SSE2, SSE3, SSE4.2, AVX, AVX2, FMA3
  Serial number not present or disabled
 
Processor 5:
  CPU: AMD AMD Ryzen 5 3600 6-Core Processor              
  Family: 15, Model: 1, Stepping: 0
  FPU: On-Chip
  Features: FP16, SSE, SSE2, SSE3, SSE4.2, AVX, AVX2, FMA3
  Serial number not present or disabled
 
<13:17:37> Loading Config file system.cfg (system.cfg)
<13:17:37> [Error] [CVARS]: [IGNORED CHANGE] variable [sys_version] from [] to [1.1.0.000.200116]; Marked as [VF_CHEAT]
<13:17:37> OnSysSpecChange(1)
<13:17:37> [Error] [CVARS]: [IGNORED CHANGE] variable [sys_asserts] from [0] to [0]; Marked as [VF_CHEAT]
<13:17:37> GameDir: DATA
<13:17:37> <ThreadConfigInfo>: Thread profile loaded: "pc_8" (config/engine_core.thread_config)  
<13:17:37> Windows 10 64 bit (build 10.0.22000)
<13:17:37> System language: English
<13:17:37> Windows Directory: "C:\Windows"
<13:17:37> Local time is 13:17:37 05/25/22, system running for 1515 minutes
<13:17:37> 16336MB physical memory installed, 10238MB available, 134217727MB virtual memory installed, 37 percent of memory in use
<13:17:37> PageFile usage: 76MB, Working Set: 88MB, Peak PageFile usage: 76MB,
<13:17:37> Current display mode is 2560x1440x32, (Unknown graphics card)
<13:17:37> IBM enhanced (101/102-key) keyboard and 5+ button mouse installed
<13:17:37> --------------------------------------------------------------------------------
<13:17:37> OnSysSpecChange(1)
<13:17:37> Loading Config file LowSpec.cfg (data\config\lowspec.cfg)
<13:17:37> [Error] [CVARS]: [MISSING] [mfx_Timeout] is not a registered console variable; referenced when testing console variable group [sys_spec_gameeffects] = [1]
<13:17:37> [Error] [CVARS]: [MISSING] [ca_AttachmentCullingRation] is not a registered console variable; referenced when testing console variable group [sys_spec_objectdetail] = [1]
<13:17:37> [Error] [CVARS]: [MISSING] [e_DecalsLifeTimeScale] is not a registered console variable; referenced when testing console variable group [sys_spec_objectdetail] = [1]
<13:17:37> [Error] [CVARS]: [MISSING] [e_LodRatio] is not a registered console variable; referenced when testing console variable group [sys_spec_objectdetail] = [1]
<13:17:37> [Error] [CVARS]: [MISSING] [e_MaxViewDistSpecLerp] is not a registered console variable; referenced when testing console variable group [sys_spec_objectdetail] = [1]
<13:17:37> [Error] [CVARS]: [MISSING] [e_MaxViewDistance] is not a registered console variable; referenced when testing console variable group [sys_spec_objectdetail] = [1]
<13:17:37> [Error] [CVARS]: [MISSING] [e_ObjQuality] is not a registered console variable; referenced when testing console variable group [sys_spec_objectdetail] = [1]
<13:17:37> [Error] [CVARS]: [MISSING] [e_TerrainOcclusionCullingMaxDist] is not a registered console variable; referenced when testing console variable group [sys_spec_objectdetail] = [1]
<13:17:37> [Error] [CVARS]: [MISSING] [e_VegetationMinSize] is not a registered console variable; referenced when testing console variable group [sys_spec_objectdetail] = [1]
<13:17:37> [Error] [CVARS]: [MISSING] [e_ViewDistRatio] is not a registered console variable; referenced when testing console variable group [sys_spec_objectdetail] = [1]
<13:17:37> [Error] [CVARS]: [MISSING] [e_ViewDistRatioCustom] is not a registered console variable; referenced when testing console variable group [sys_spec_objectdetail] = [1]
<13:17:37> [Error] [CVARS]: [MISSING] [e_ViewDistRatioDetail] is not a registered console variable; referenced when testing console variable group [sys_spec_objectdetail] = [1]
<13:17:37> [Error] [CVARS]: [MISSING] [e_ViewDistRatioLights] is not a registered console variable; referenced when testing console variable group [sys_spec_objectdetail] = [1]
<13:17:37> [Error] [CVARS]: [MISSING] [e_ViewDistRatioVegetation] is not a registered console variable; referenced when testing console variable group [sys_spec_objectdetail] = [1]
<13:17:37> [Error] [CVARS]: [MISSING] [es_DebrisLifetimeScale] is not a registered console variable; referenced when testing console variable group [sys_spec_objectdetail] = [1]
<13:17:37> [Error] [CVARS]: [MISSING] [e_DecalsOverlapping] is not a registered console variable; referenced when testing console variable group [sys_spec_objectdetail] = [1]
<13:17:37> [Error] [CVARS]: [MISSING] [e_LodMin] is not a registered console variable; referenced when testing console variable group [sys_spec_objectdetail] = [1]
<13:17:37> [Error] [CVARS]: [MISSING] [e_MergedMeshesInstanceDist] is not a registered console variable; referenced when testing console variable group [sys_spec_objectdetail] = [1]
<13:17:37> [Error] [CVARS]: [MISSING] [e_MergedMeshesPool] is not a registered console variable; referenced when testing console variable group [sys_spec_objectdetail] = [1]
<13:17:37> [Error] [CVARS]: [MISSING] [e_OcclusionCullingViewDistRatio] is not a registered console variable; referenced when testing console variable group [sys_spec_objectdetail] = [1]
<13:17:37> [Error] [CVARS]: [MISSING] [e_TerrainLodRatio] is not a registered console variable; referenced when testing console variable group [sys_spec_objectdetail] = [1]
<13:17:37> [Error] [CVARS]: [MISSING] [e_Tessellation] is not a registered console variable; referenced when testing console variable group [sys_spec_objectdetail] = [1]
<13:17:37> [Error] [CVARS]: [MISSING] [e_ViewDistMin] is not a registered console variable; referenced when testing console variable group [sys_spec_objectdetail] = [1]
<13:17:37> [Error] [CVARS]: [MISSING] [e_ParticlesMaxScreenFill] is not a registered console variable; referenced when testing console variable group [sys_spec_particles] = [1]
<13:17:37> [Error] [CVARS]: [MISSING] [e_ParticlesMinDrawPixels] is not a registered console variable; referenced when testing console variable group [sys_spec_particles] = [1]
<13:17:37> [Error] [CVARS]: [MISSING] [e_ParticlesObjectCollisions] is not a registered console variable; referenced when testing console variable group [sys_spec_particles] = [1]
<13:17:37> [Error] [CVARS]: [MISSING] [e_ParticlesQuality] is not a registered console variable; referenced when testing console variable group [sys_spec_particles] = [1]
<13:17:37> [Error] [CVARS]: [MISSING] [e_ParticlesMotionBlur] is not a registered console variable; referenced when testing console variable group [sys_spec_particles] = [1]
<13:17:37> [Error] [CVARS]: [MISSING] [e_CullVegActivation] is not a registered console variable; referenced when testing console variable group [sys_spec_physics] = [1]
<13:17:37> [Error] [CVARS]: [MISSING] [e_FoliageWindActivationDist] is not a registered console variable; referenced when testing console variable group [sys_spec_physics] = [1]
<13:17:37> [Error] [CVARS]: [MISSING] [e_PhysOceanCell] is not a registered console variable; referenced when testing console variable group [sys_spec_physics] = [1]
<13:17:37> [Error] [CVARS]: [MISSING] [es_MaxPhysDist] is not a registered console variable; referenced when testing console variable group [sys_spec_physics] = [1]
<13:17:37> [Error] [CVARS]: [MISSING] [es_MaxPhysDistInvisible] is not a registered console variable; referenced when testing console variable group [sys_spec_physics] = [1]
<13:17:37> [Error] [CVARS]: [MISSING] [g_breakage_particles_limit] is not a registered console variable; referenced when testing console variable group [sys_spec_physics] = [1]
<13:17:37> [Error] [CVARS]: [MISSING] [g_tree_cut_reuse_dist] is not a registered console variable; referenced when testing console variable group [sys_spec_physics] = [1]
<13:17:37> [Error] [CVARS]: [MISSING] [p_max_MC_iters] is not a registered console variable; referenced when testing console variable group [sys_spec_physics] = [1]
<13:17:37> [Error] [CVARS]: [MISSING] [p_max_substeps] is not a registered console variable; referenced when testing console variable group [sys_spec_physics] = [1]
<13:17:37> [Error] [CVARS]: [MISSING] [e_PhysProxyTriLimit] is not a registered console variable; referenced when testing console variable group [sys_spec_physics] = [1]
<13:17:37> [Error] [CVARS]: [MISSING] [p_max_object_splashes] is not a registered console variable; referenced when testing console variable group [sys_spec_physics] = [1]
<13:17:37> [Error] [CVARS]: [MISSING] [p_max_substeps_large_group] is not a registered console variable; referenced when testing console variable group [sys_spec_physics] = [1]
<13:17:37> [Error] [CVARS]: [MISSING] [p_num_bodies_large_group] is not a registered console variable; referenced when testing console variable group [sys_spec_physics] = [1]
<13:17:37> [Error] [CVARS]: [MISSING] [p_splash_dist0] is not a registered console variable; referenced when testing console variable group [sys_spec_physics] = [1]
<13:17:37> [Error] [CVARS]: [MISSING] [p_splash_dist1] is not a registered console variable; referenced when testing console variable group [sys_spec_physics] = [1]
<13:17:37> [Error] [CVARS]: [MISSING] [p_splash_force0] is not a registered console variable; referenced when testing console variable group [sys_spec_physics] = [1]
<13:17:37> [Error] [CVARS]: [MISSING] [p_splash_force1] is not a registered console variable; referenced when testing console variable group [sys_spec_physics] = [1]
<13:17:37> [Error] [CVARS]: [MISSING] [p_splash_vel0] is not a registered console variable; referenced when testing console variable group [sys_spec_physics] = [1]
<13:17:37> [Error] [CVARS]: [MISSING] [p_splash_vel1] is not a registered console variable; referenced when testing console variable group [sys_spec_physics] = [1]
<13:17:37> [Error] [CVARS]: [MISSING] [e_DynamicLightsMaxEntityLights] is not a registered console variable; referenced when testing console variable group [sys_spec_shading] = [1]
<13:17:37> [Error] [CVARS]: [MISSING] [e_SkyUpdateRate] is not a registered console variable; referenced when testing console variable group [sys_spec_shading] = [1]
<13:17:37> [Error] [CVARS]: [MISSING] [e_svoTI_Apply] is not a registered console variable; referenced when testing console variable group [sys_spec_shading] = [1]
<13:17:37> [Error] [CVARS]: [MISSING] [e_svoTI_RsmConeMaxLength] is not a registered console variable; referenced when testing console variable group [sys_spec_shading] = [1]
<13:17:37> [Error] [CVARS]: [MISSING] [e_svoTI_RsmUseColors] is not a registered console variable; referenced when testing console variable group [sys_spec_shading] = [1]
<13:17:37> [Error] [CVARS]: [MISSING] [e_svoTi_Active] is not a registered console variable; referenced when testing console variable group [sys_spec_shading] = [1]
<13:17:37> [Error] [CVARS]: [MISSING] [e_svoti_LowSpecMode] is not a registered console variable; referenced when testing console variable group [sys_spec_shading] = [1]
<13:17:37> [Error] [CVARS]: [MISSING] [e_LightVolumes] is not a registered console variable; referenced when testing console variable group [sys_spec_shading] = [1]
<13:17:37> [Error] [CVARS]: [MISSING] [e_VegetationUseTerrainColor] is not a registered console variable; referenced when testing console variable group [sys_spec_shading] = [1]
<13:17:37> [Error] [CVARS]: [MISSING] [e_GsmLodsNum] is not a registered console variable; referenced when testing console variable group [sys_spec_shadows] = [1]
<13:17:37> [Error] [CVARS]: [MISSING] [e_GsmRange] is not a registered console variable; referenced when testing console variable group [sys_spec_shadows] = [1]
<13:17:37> [Error] [CVARS]: [MISSING] [e_ObjShadowCastSpec] is not a registered console variable; referenced when testing console variable group [sys_spec_shadows] = [1]
<13:17:37> [Error] [CVARS]: [MISSING] [e_ParticlesShadows] is not a registered console variable; referenced when testing console variable group [sys_spec_shadows] = [1]
<13:17:37> [Error] [CVARS]: [MISSING] [e_Shadows] is not a registered console variable; referenced when testing console variable group [sys_spec_shadows] = [1]
<13:17:37> [Error] [CVARS]: [MISSING] [e_ShadowsBlendCascades] is not a registered console variable; referenced when testing console variable group [sys_spec_shadows] = [1]
<13:17:37> [Error] [CVARS]: [MISSING] [e_ShadowsCastViewDistRatio] is not a registered console variable; referenced when testing console variable group [sys_spec_shadows] = [1]
<13:17:37> [Error] [CVARS]: [MISSING] [e_ShadowsLodBiasFixed] is not a registered console variable; referenced when testing console variable group [sys_spec_shadows] = [1]
<13:17:37> [Error] [CVARS]: [MISSING] [e_ShadowsMaxTexRes] is not a registered console variable; referenced when testing console variable group [sys_spec_shadows] = [1]
<13:17:37> [Error] [CVARS]: [MISSING] [e_ShadowsPoolSize] is not a registered console variable; referenced when testing console variable group [sys_spec_shadows] = [1]
<13:17:37> [Error] [CVARS]: [MISSING] [e_ShadowsResScale] is not a registered console variable; referenced when testing console variable group [sys_spec_shadows] = [1]
<13:17:37> [Error] [CVARS]: [MISSING] [e_ShadowsTessellateCascades] is not a registered console variable; referenced when testing console variable group [sys_spec_shadows] = [1]
<13:17:37> [Error] [CVARS]: [MISSING] [e_ShadowsTessellateDLights] is not a registered console variable; referenced when testing console variable group [sys_spec_shadows] = [1]
<13:17:37> [Error] [CVARS]: [MISSING] [e_ShadowsUpdateViewDistRatio] is not a registered console variable; referenced when testing console variable group [sys_spec_shadows] = [1]
<13:17:37> [Error] [CVARS]: [MISSING] [e_VolumetricFog] is not a registered console variable; referenced when testing console variable group [sys_spec_volumetriceffects] = [1]
<13:17:37> [Error] [CVARS]: [MISSING] [e_fog] is not a registered console variable; referenced when testing console variable group [sys_spec_volumetriceffects] = [1]
<13:17:37> [Error] [CVARS]: [MISSING] [e_Clouds] is not a registered console variable; referenced when testing console variable group [sys_spec_volumetriceffects] = [1]
<13:17:37> [Error] [CVARS]: [MISSING] [e_WaterOceanFFT] is not a registered console variable; referenced when testing console variable group [sys_spec_water] = [1]
<13:17:37> [Error] [CVARS]: [MISSING] [e_WaterTessellationAmount] is not a registered console variable; referenced when testing console variable group [sys_spec_water] = [1]
<13:17:37> [Error] [CVARS]: [MISSING] [e_WaterTessellationAmountX] is not a registered console variable; referenced when testing console variable group [sys_spec_water] = [1]
<13:17:37> [Error] [CVARS]: [MISSING] [e_WaterTessellationAmountY] is not a registered console variable; referenced when testing console variable group [sys_spec_water] = [1]
<13:17:37> [Error] [CVARS]: [MISSING] [e_WaterTessellationSwathWidth] is not a registered console variable; referenced when testing console variable group [sys_spec_water] = [1]
<13:17:37> Loading Config file game.cfg (data\game.cfg)
<13:17:37> [Warning] [CVARS]: [CHANGED] variable [sys_asserts] from [0] to [0]; Marked as [VF_CHEAT]
<13:17:37> [Warning] Modifying marked variables will not be allowed in Release mode!
<13:17:37> Stream Engine Initialization
<13:17:37> GameName: Pandemic Express
<13:17:37> BuildTime: Oct 13 2019 19:15:33
<13:17:37> Physics initialization
<13:17:37> Localized language content(english) not available or modified from the original installation.
<13:17:37> Localized language content(english) not available or modified from the original installation.
<13:17:37> Localized language content(english) not available or modified from the original installation.
<13:17:37> <Audio>: AudioSystem initialization
<13:17:37> <Audio> <0.383>: CryAudioImplWwise loaded
<13:17:39> Renderer initialization
<13:17:39> Logging video adapters:
<13:17:39> - NVIDIA GeForce RTX 3070 (vendor = 0x10de, device = 0x2484)
<13:17:39>   - Adapter index: 0
<13:17:39>   - Dedicated video memory: 8043 MB
<13:17:39>   - Feature level: DX11 (SM 5.0)
<13:17:39>   - Displays connected: yes
<13:17:39>   - Suitable rendering device: yes
<13:17:39> - Microsoft Basic Render Driver (vendor = 0x1414, device = 0x008c)
<13:17:39>   - Adapter index: 1
<13:17:39>   - Dedicated video memory: 0 MB
<13:17:39>   - Feature level: DX11 (SM 5.0)
<13:17:39>   - Displays connected: no
<13:17:39>   - Suitable rendering device: no
<13:17:39> Active GPUs: 1
<13:17:40> [Renderer] A display device has been connected to the system
<13:17:40> Loading plugin CryDefaultEntities
<13:17:40> Loading plugin CrySchematycCore
<13:17:40> DLL Failed to load, error code: 7E
<13:17:40> Loading plugin CrySchematycSTDEnv
<13:17:40> DLL Failed to load, error code: 7E
<13:17:40> Loading plugin CrySensorSystem
<13:17:40> DLL Failed to load, error code: 7E
<13:17:40> Loading extension file cryplugin.csv
<13:17:40> Loading plugin ProcAnRandGenerator.dll
<13:17:40> Loading plugin PlayFab.dll
<13:17:40> Loading plugin CEVPlayer.dll
<13:17:41> Font initialization
<13:17:41> Using FreeType 2.5.5
<13:17:41> Network initialization
<13:17:41> [net] Socket IO management: External [iocp], Internal [iocp]
<13:17:41> network hostname: jasper-pc
<13:17:41>   ip:26.133.86.13
<13:17:41>   ip:192.168.20.15
<13:17:41> [Network Version]: PROFILE DEVELOPMENT BUILD
<13:17:41> MovieSystem initialization
<13:17:41> Console initialization
<13:17:41> Time initialization
<13:17:41> Input initialization
<13:17:41> AI initialization
<13:17:41>  
<13:17:41>     con_debug = 0 []
<13:17:41>     con_display_last_messages = 0 []
<13:17:41>     con_line_buffer_size = 1000 []
<13:17:41>     con_restricted = 0 [RESTRICTEDMODE]
<13:17:41>     con_showonload = 0 []
<13:17:41>  
<13:17:41>     con_debug = 0 []
<13:17:41>     con_display_last_messages = 0 []
<13:17:41>     con_line_buffer_size = 1000 []
<13:17:41>     con_restricted = 0 [RESTRICTEDMODE]
<13:17:41>     con_showonload = 0 []
<13:17:41>  
<13:17:41>     con_debug = 0 []
<13:17:41>  
<13:17:41>     con_debug = 0 []
<13:17:41> Initializing Animation System
<13:17:41> Initializing 3D Engine
<13:17:41> Script System Initialization
<13:17:41> Entity system initialization
<13:17:41> Initializing AI System
<13:17:41> Initializing additional systems
<13:17:41> Dynamic Response System initialization
<13:17:41> DLL Failed to load, error code: 7E
<13:17:41> No Dynamic Response System was loaded from a module, will use the NULL implementation.
<13:17:42> [Steam] Steam API initialized successfully
<13:17:42> <ThreadConfigInfo>: [XML Parsing] Thread with name "Main" already loaded. Overriding with new configuration
<13:17:42> <ThreadConfigInfo>: [XML Parsing] Thread with name "Network" already loaded. Overriding with new configuration
<13:17:42> <ThreadConfigInfo>: [XML Parsing] Thread with name "NetworkStallTicker" already loaded. Overriding with new configuration
<13:17:42> <ThreadConfigInfo>: [XML Parsing] Thread with name "ZLibCompressor" already loaded. Overriding with new configuration
<13:17:42> <ThreadConfigInfo>: [XML Parsing] Thread with name "NetworkStallTicker" already loaded. Overriding with new configuration
<13:17:42> <ThreadConfigInfo>: [XML Parsing] Thread with name "ZLibCompressor" already loaded. Overriding with new configuration
<13:17:42> <ThreadConfigInfo>: [XML Parsing] Thread with name "TelemetryCopier" already loaded. Overriding with new configuration
<13:17:42> <ThreadConfigInfo>: [XML Parsing] Thread with name "StatsAgent" already loaded. Overriding with new configuration
<13:17:42> <ThreadConfigInfo>: Thread profile loaded: "pc_8" (config/game.thread_config)  
<13:17:42> Initializing default materials...
<13:17:48> [MFX] Loading FXLib 'breakables' ...
<13:17:48> [MFX] Loading FXLib 'collisions' ...
<13:17:48> [MFX] Loading FXLib 'foley' ...
<13:17:48> [MFX] Loading FXLib 'foley_grunt' ...
<13:17:48> [MFX] Loading FXLib 'foley_player' ...
<13:17:48> [MFX] Loading FXLib 'footstep_grunt' ...
<13:17:48> [MFX] Loading FXLib 'footstep_player' ...
<13:17:48> [MFX] Loading FXLib 'footsteps' ...
<13:17:48> [MFX] Loading FXLib 'grenade' ...
<13:17:48> [MFX] Loading FXLib 'melee' ...
<13:17:48> [MFX] Loading FXLib 'player_fx' ...
<13:17:48> [MFX] Loading FXLib 'projectiles' ...
<13:17:48> [MFX] Loading FXLib 'tornado' ...
<13:17:48> [MFX] Loading FXLib 'vegetation' ...
<13:17:48> [MFX] Loading FXLib 'vehicles' ...
<13:17:48> [MFX] Loading FXLib 'breakables' ...
<13:17:48> [MFX] Loading FXLib 'collisions' ...
<13:17:48> [MFX] Loading FXLib 'foley' ...
<13:17:48> [MFX] Loading FXLib 'foley_grunt' ...
<13:17:48> [MFX] Loading FXLib 'foley_player' ...
<13:17:48> [MFX] Loading FXLib 'footstep_grunt' ...
<13:17:48> [MFX] Loading FXLib 'footstep_player' ...
<13:17:48> [MFX] Loading FXLib 'footsteps' ...
<13:17:48> [MFX] Loading FXLib 'grenade' ...
<13:17:48> [MFX] Loading FXLib 'melee' ...
<13:17:48> [MFX] Loading FXLib 'player_fx' ...
<13:17:48> [MFX] Loading FXLib 'projectiles' ...
<13:17:48> [MFX] Loading FXLib 'tornado' ...
<13:17:48> [MFX] Loading FXLib 'vegetation' ...
<13:17:48> [MFX] Loading FXLib 'vehicles' ...
<13:17:48> Creating socket on port 2838
<13:17:48> CreateDatagramSocket c1
<13:17:48> CreateDatagramSocket c2
<13:19:16> [MFX] Loading FXLib 'breakables' ...
<13:19:16> [MFX] Loading FXLib 'collisions' ...
<13:19:16> [MFX] Loading FXLib 'foley' ...
<13:19:16> [MFX] Loading FXLib 'foley_grunt' ...
<13:19:16> [MFX] Loading FXLib 'foley_player' ...
<13:19:16> [MFX] Loading FXLib 'footstep_grunt' ...
<13:19:16> [MFX] Loading FXLib 'footstep_player' ...
<13:19:16> [MFX] Loading FXLib 'footsteps' ...
<13:19:16> [MFX] Loading FXLib 'grenade' ...
<13:19:16> [MFX] Loading FXLib 'melee' ...
<13:19:16> [MFX] Loading FXLib 'player_fx' ...
<13:19:16> [MFX] Loading FXLib 'projectiles' ...
<13:19:16> [MFX] Loading FXLib 'tornado' ...
<13:19:16> [MFX] Loading FXLib 'vegetation' ...
<13:19:16> [MFX] Loading FXLib 'vehicles' ...
<13:19:16> ============================ Loading level WhereThe ============================
<13:19:16> CreateDatagramSocket c1
<13:19:16> CreateDatagramSocket c2
<13:19:16> CreateDatagramSocket c1
<13:19:16> CreateDatagramSocket c2
<13:19:38> PLAYERNAME Kornflakes
<13:19:39> CryAnimation: character-definition not found: objects/characters/man.cdf
<13:21:06>     sys_spec = 1 []
<13:21:06>     sys_spec_full = 1 []
<13:21:17>     sys_spec = 1 []
<13:21:17>     sys_spec_full = 1 []
<13:22:22> CHUDNv::showPickArmorGradient()
<13:23:15> gEnv->pRenderer->Draw2dImage XXX
<13:47:12> BaseInput - Shutting down all force feedback
<13:47:12> ActionGame - Shutting down all force feedback
<13:47:12> CNetSyncSystem::~CNetSyncSystem & Crush?! packets_temp_bf(temp packet data buffs)
<13:47:13> System:Quit
