BackupNameAttachment=" Build(0) 08 Jul 21 (15 32 00)"  -- used by backup system
Log Started at Thu Jul  8 15:32:00 2021
Built on Oct 13 2019 19:15:33
Running 64 bit Windows version
Command Line: "D:\Games\Steam\steamapps\common\Pandemic Express\Bin/win_x64/PandemicExpress.exe"
Executable: D:\Games\Steam\steamapps\common\Pandemic Express\Bin\win_x64\PandemicExpress.exe
FileVersion: 1.0.0.0
ProductVersion: 1.0.0.0
Added MOD directory <%engineroot%/engine> to CryPak

Total number of logical processors: 12
Number of available logical processors: 12
Total number of system cores: 6
Number of cores available to process: 6
 
Processor 0:
  CPU: AMD AMD Ryzen 5 3600 6-Core Processor              
  Family: 15, Model: 1, Stepping: 0
  FPU: On-Chip
  Features: FP16, SSE, SSE2, SSE3, SSE4.2, AVX, AVX2, FMA3
  Serial number not present or disabled
 
Processor 1:
  CPU: AMD AMD Ryzen 5 3600 6-Core Processor              
  Family: 15, Model: 1, Stepping: 0
  FPU: On-Chip
  Features: FP16, SSE, SSE2, SSE3, SSE4.2, AVX, AVX2, FMA3
  Serial number not present or disabled
 
Processor 2:
  CPU: AMD AMD Ryzen 5 3600 6-Core Processor              
  Family: 15, Model: 1, Stepping: 0
  FPU: On-Chip
  Features: FP16, SSE, SSE2, SSE3, SSE4.2, AVX, AVX2, FMA3
  Serial number not present or disabled
 
Processor 3:
  CPU: AMD AMD Ryzen 5 3600 6-Core Processor              
  Family: 15, Model: 1, Stepping: 0
  FPU: On-Chip
  Features: FP16, SSE, SSE2, SSE3, SSE4.2, AVX, AVX2, FMA3
  Serial number not present or disabled
 
Processor 4:
  CPU: AMD AMD Ryzen 5 3600 6-Core Processor              
  Family: 15, Model: 1, Stepping: 0
  FPU: On-Chip
  Features: FP16, SSE, SSE2, SSE3, SSE4.2, AVX, AVX2, FMA3
  Serial number not present or disabled
 
Processor 5:
  CPU: AMD AMD Ryzen 5 3600 6-Core Processor              
  Family: 15, Model: 1, Stepping: 0
  FPU: On-Chip
  Features: FP16, SSE, SSE2, SSE3, SSE4.2, AVX, AVX2, FMA3
  Serial number not present or disabled
 
<15:32:01> Loading Config file system.cfg (system.cfg)
<15:32:01> [Error] [CVARS]: [IGNORED CHANGE] variable [sys_version] from [] to [1.1.0.000.200116]; Marked as [VF_CHEAT]
<15:32:01> OnSysSpecChange(1)
<15:32:01> [Error] [CVARS]: [IGNORED CHANGE] variable [sys_asserts] from [0] to [0]; Marked as [VF_CHEAT]
<15:32:01> GameDir: DATA
<15:32:01> <ThreadConfigInfo>: Thread profile loaded: "pc_8" (config/engine_core.thread_config)  
<15:32:01> Windows 10 64 bit (build 10.0.19043)
<15:32:01> System language: English
<15:32:01> Windows Directory: "C:\Windows"
<15:32:01> Local time is 15:32:01 07/08/21, system running for 15 minutes
<15:32:01> 16333MB physical memory installed, 11090MB available, 134217727MB virtual memory installed, 32 percent of memory in use
<15:32:01> PageFile usage: 76MB, Working Set: 88MB, Peak PageFile usage: 76MB,
<15:32:01> Current display mode is 2560x1440x32, (Unknown graphics card)
<15:32:01> IBM enhanced (101/102-key) keyboard and 16+ button mouse installed
<15:32:01> --------------------------------------------------------------------------------
<15:32:01> OnSysSpecChange(1)
<15:32:01> Loading Config file LowSpec.cfg (data\config\lowspec.cfg)
<15:32:01> [Error] [CVARS]: [MISSING] [mfx_Timeout] is not a registered console variable; referenced when testing console variable group [sys_spec_gameeffects] = [1]
<15:32:01> [Error] [CVARS]: [MISSING] [ca_AttachmentCullingRation] is not a registered console variable; referenced when testing console variable group [sys_spec_objectdetail] = [1]
<15:32:01> [Error] [CVARS]: [MISSING] [e_DecalsLifeTimeScale] is not a registered console variable; referenced when testing console variable group [sys_spec_objectdetail] = [1]
<15:32:01> [Error] [CVARS]: [MISSING] [e_LodRatio] is not a registered console variable; referenced when testing console variable group [sys_spec_objectdetail] = [1]
<15:32:01> [Error] [CVARS]: [MISSING] [e_MaxViewDistSpecLerp] is not a registered console variable; referenced when testing console variable group [sys_spec_objectdetail] = [1]
<15:32:01> [Error] [CVARS]: [MISSING] [e_MaxViewDistance] is not a registered console variable; referenced when testing console variable group [sys_spec_objectdetail] = [1]
<15:32:01> [Error] [CVARS]: [MISSING] [e_ObjQuality] is not a registered console variable; referenced when testing console variable group [sys_spec_objectdetail] = [1]
<15:32:01> [Error] [CVARS]: [MISSING] [e_TerrainOcclusionCullingMaxDist] is not a registered console variable; referenced when testing console variable group [sys_spec_objectdetail] = [1]
<15:32:01> [Error] [CVARS]: [MISSING] [e_VegetationMinSize] is not a registered console variable; referenced when testing console variable group [sys_spec_objectdetail] = [1]
<15:32:01> [Error] [CVARS]: [MISSING] [e_ViewDistRatio] is not a registered console variable; referenced when testing console variable group [sys_spec_objectdetail] = [1]
<15:32:01> [Error] [CVARS]: [MISSING] [e_ViewDistRatioCustom] is not a registered console variable; referenced when testing console variable group [sys_spec_objectdetail] = [1]
<15:32:01> [Error] [CVARS]: [MISSING] [e_ViewDistRatioDetail] is not a registered console variable; referenced when testing console variable group [sys_spec_objectdetail] = [1]
<15:32:01> [Error] [CVARS]: [MISSING] [e_ViewDistRatioLights] is not a registered console variable; referenced when testing console variable group [sys_spec_objectdetail] = [1]
<15:32:01> [Error] [CVARS]: [MISSING] [e_ViewDistRatioVegetation] is not a registered console variable; referenced when testing console variable group [sys_spec_objectdetail] = [1]
<15:32:01> [Error] [CVARS]: [MISSING] [es_DebrisLifetimeScale] is not a registered console variable; referenced when testing console variable group [sys_spec_objectdetail] = [1]
<15:32:01> [Error] [CVARS]: [MISSING] [e_DecalsOverlapping] is not a registered console variable; referenced when testing console variable group [sys_spec_objectdetail] = [1]
<15:32:01> [Error] [CVARS]: [MISSING] [e_LodMin] is not a registered console variable; referenced when testing console variable group [sys_spec_objectdetail] = [1]
<15:32:01> [Error] [CVARS]: [MISSING] [e_MergedMeshesInstanceDist] is not a registered console variable; referenced when testing console variable group [sys_spec_objectdetail] = [1]
<15:32:01> [Error] [CVARS]: [MISSING] [e_MergedMeshesPool] is not a registered console variable; referenced when testing console variable group [sys_spec_objectdetail] = [1]
<15:32:01> [Error] [CVARS]: [MISSING] [e_OcclusionCullingViewDistRatio] is not a registered console variable; referenced when testing console variable group [sys_spec_objectdetail] = [1]
<15:32:01> [Error] [CVARS]: [MISSING] [e_TerrainLodRatio] is not a registered console variable; referenced when testing console variable group [sys_spec_objectdetail] = [1]
<15:32:01> [Error] [CVARS]: [MISSING] [e_Tessellation] is not a registered console variable; referenced when testing console variable group [sys_spec_objectdetail] = [1]
<15:32:01> [Error] [CVARS]: [MISSING] [e_ViewDistMin] is not a registered console variable; referenced when testing console variable group [sys_spec_objectdetail] = [1]
<15:32:01> [Error] [CVARS]: [MISSING] [e_ParticlesMaxScreenFill] is not a registered console variable; referenced when testing console variable group [sys_spec_particles] = [1]
<15:32:01> [Error] [CVARS]: [MISSING] [e_ParticlesMinDrawPixels] is not a registered console variable; referenced when testing console variable group [sys_spec_particles] = [1]
<15:32:01> [Error] [CVARS]: [MISSING] [e_ParticlesObjectCollisions] is not a registered console variable; referenced when testing console variable group [sys_spec_particles] = [1]
<15:32:01> [Error] [CVARS]: [MISSING] [e_ParticlesQuality] is not a registered console variable; referenced when testing console variable group [sys_spec_particles] = [1]
<15:32:01> [Error] [CVARS]: [MISSING] [e_ParticlesMotionBlur] is not a registered console variable; referenced when testing console variable group [sys_spec_particles] = [1]
<15:32:01> [Error] [CVARS]: [MISSING] [e_CullVegActivation] is not a registered console variable; referenced when testing console variable group [sys_spec_physics] = [1]
<15:32:01> [Error] [CVARS]: [MISSING] [e_FoliageWindActivationDist] is not a registered console variable; referenced when testing console variable group [sys_spec_physics] = [1]
<15:32:01> [Error] [CVARS]: [MISSING] [e_PhysOceanCell] is not a registered console variable; referenced when testing console variable group [sys_spec_physics] = [1]
<15:32:01> [Error] [CVARS]: [MISSING] [es_MaxPhysDist] is not a registered console variable; referenced when testing console variable group [sys_spec_physics] = [1]
<15:32:01> [Error] [CVARS]: [MISSING] [es_MaxPhysDistInvisible] is not a registered console variable; referenced when testing console variable group [sys_spec_physics] = [1]
<15:32:01> [Error] [CVARS]: [MISSING] [g_breakage_particles_limit] is not a registered console variable; referenced when testing console variable group [sys_spec_physics] = [1]
<15:32:01> [Error] [CVARS]: [MISSING] [g_tree_cut_reuse_dist] is not a registered console variable; referenced when testing console variable group [sys_spec_physics] = [1]
<15:32:01> [Error] [CVARS]: [MISSING] [p_max_MC_iters] is not a registered console variable; referenced when testing console variable group [sys_spec_physics] = [1]
<15:32:01> [Error] [CVARS]: [MISSING] [p_max_substeps] is not a registered console variable; referenced when testing console variable group [sys_spec_physics] = [1]
<15:32:01> [Error] [CVARS]: [MISSING] [e_PhysProxyTriLimit] is not a registered console variable; referenced when testing console variable group [sys_spec_physics] = [1]
<15:32:01> [Error] [CVARS]: [MISSING] [p_max_object_splashes] is not a registered console variable; referenced when testing console variable group [sys_spec_physics] = [1]
<15:32:01> [Error] [CVARS]: [MISSING] [p_max_substeps_large_group] is not a registered console variable; referenced when testing console variable group [sys_spec_physics] = [1]
<15:32:01> [Error] [CVARS]: [MISSING] [p_num_bodies_large_group] is not a registered console variable; referenced when testing console variable group [sys_spec_physics] = [1]
<15:32:01> [Error] [CVARS]: [MISSING] [p_splash_dist0] is not a registered console variable; referenced when testing console variable group [sys_spec_physics] = [1]
<15:32:01> [Error] [CVARS]: [MISSING] [p_splash_dist1] is not a registered console variable; referenced when testing console variable group [sys_spec_physics] = [1]
<15:32:01> [Error] [CVARS]: [MISSING] [p_splash_force0] is not a registered console variable; referenced when testing console variable group [sys_spec_physics] = [1]
<15:32:01> [Error] [CVARS]: [MISSING] [p_splash_force1] is not a registered console variable; referenced when testing console variable group [sys_spec_physics] = [1]
<15:32:01> [Error] [CVARS]: [MISSING] [p_splash_vel0] is not a registered console variable; referenced when testing console variable group [sys_spec_physics] = [1]
<15:32:01> [Error] [CVARS]: [MISSING] [p_splash_vel1] is not a registered console variable; referenced when testing console variable group [sys_spec_physics] = [1]
<15:32:01> [Error] [CVARS]: [MISSING] [e_DynamicLightsMaxEntityLights] is not a registered console variable; referenced when testing console variable group [sys_spec_shading] = [1]
<15:32:01> [Error] [CVARS]: [MISSING] [e_SkyUpdateRate] is not a registered console variable; referenced when testing console variable group [sys_spec_shading] = [1]
<15:32:01> [Error] [CVARS]: [MISSING] [e_svoTI_Apply] is not a registered console variable; referenced when testing console variable group [sys_spec_shading] = [1]
<15:32:01> [Error] [CVARS]: [MISSING] [e_svoTI_RsmConeMaxLength] is not a registered console variable; referenced when testing console variable group [sys_spec_shading] = [1]
<15:32:01> [Error] [CVARS]: [MISSING] [e_svoTI_RsmUseColors] is not a registered console variable; referenced when testing console variable group [sys_spec_shading] = [1]
<15:32:01> [Error] [CVARS]: [MISSING] [e_svoTi_Active] is not a registered console variable; referenced when testing console variable group [sys_spec_shading] = [1]
<15:32:01> [Error] [CVARS]: [MISSING] [e_svoti_LowSpecMode] is not a registered console variable; referenced when testing console variable group [sys_spec_shading] = [1]
<15:32:01> [Error] [CVARS]: [MISSING] [e_LightVolumes] is not a registered console variable; referenced when testing console variable group [sys_spec_shading] = [1]
<15:32:01> [Error] [CVARS]: [MISSING] [e_VegetationUseTerrainColor] is not a registered console variable; referenced when testing console variable group [sys_spec_shading] = [1]
<15:32:01> [Error] [CVARS]: [MISSING] [e_GsmLodsNum] is not a registered console variable; referenced when testing console variable group [sys_spec_shadows] = [1]
<15:32:01> [Error] [CVARS]: [MISSING] [e_GsmRange] is not a registered console variable; referenced when testing console variable group [sys_spec_shadows] = [1]
<15:32:01> [Error] [CVARS]: [MISSING] [e_ObjShadowCastSpec] is not a registered console variable; referenced when testing console variable group [sys_spec_shadows] = [1]
<15:32:01> [Error] [CVARS]: [MISSING] [e_ParticlesShadows] is not a registered console variable; referenced when testing console variable group [sys_spec_shadows] = [1]
<15:32:01> [Error] [CVARS]: [MISSING] [e_Shadows] is not a registered console variable; referenced when testing console variable group [sys_spec_shadows] = [1]
<15:32:01> [Error] [CVARS]: [MISSING] [e_ShadowsBlendCascades] is not a registered console variable; referenced when testing console variable group [sys_spec_shadows] = [1]
<15:32:01> [Error] [CVARS]: [MISSING] [e_ShadowsCastViewDistRatio] is not a registered console variable; referenced when testing console variable group [sys_spec_shadows] = [1]
<15:32:01> [Error] [CVARS]: [MISSING] [e_ShadowsLodBiasFixed] is not a registered console variable; referenced when testing console variable group [sys_spec_shadows] = [1]
<15:32:01> [Error] [CVARS]: [MISSING] [e_ShadowsMaxTexRes] is not a registered console variable; referenced when testing console variable group [sys_spec_shadows] = [1]
<15:32:01> [Error] [CVARS]: [MISSING] [e_ShadowsPoolSize] is not a registered console variable; referenced when testing console variable group [sys_spec_shadows] = [1]
<15:32:01> [Error] [CVARS]: [MISSING] [e_ShadowsResScale] is not a registered console variable; referenced when testing console variable group [sys_spec_shadows] = [1]
<15:32:01> [Error] [CVARS]: [MISSING] [e_ShadowsTessellateCascades] is not a registered console variable; referenced when testing console variable group [sys_spec_shadows] = [1]
<15:32:01> [Error] [CVARS]: [MISSING] [e_ShadowsTessellateDLights] is not a registered console variable; referenced when testing console variable group [sys_spec_shadows] = [1]
<15:32:01> [Error] [CVARS]: [MISSING] [e_ShadowsUpdateViewDistRatio] is not a registered console variable; referenced when testing console variable group [sys_spec_shadows] = [1]
<15:32:01> [Error] [CVARS]: [MISSING] [e_VolumetricFog] is not a registered console variable; referenced when testing console variable group [sys_spec_volumetriceffects] = [1]
<15:32:01> [Error] [CVARS]: [MISSING] [e_fog] is not a registered console variable; referenced when testing console variable group [sys_spec_volumetriceffects] = [1]
<15:32:01> [Error] [CVARS]: [MISSING] [e_Clouds] is not a registered console variable; referenced when testing console variable group [sys_spec_volumetriceffects] = [1]
<15:32:01> [Error] [CVARS]: [MISSING] [e_WaterOceanFFT] is not a registered console variable; referenced when testing console variable group [sys_spec_water] = [1]
<15:32:01> [Error] [CVARS]: [MISSING] [e_WaterTessellationAmount] is not a registered console variable; referenced when testing console variable group [sys_spec_water] = [1]
<15:32:01> [Error] [CVARS]: [MISSING] [e_WaterTessellationAmountX] is not a registered console variable; referenced when testing console variable group [sys_spec_water] = [1]
<15:32:01> [Error] [CVARS]: [MISSING] [e_WaterTessellationAmountY] is not a registered console variable; referenced when testing console variable group [sys_spec_water] = [1]
<15:32:01> [Error] [CVARS]: [MISSING] [e_WaterTessellationSwathWidth] is not a registered console variable; referenced when testing console variable group [sys_spec_water] = [1]
<15:32:01> Loading Config file game.cfg (data\game.cfg)
<15:32:01> [Warning] [CVARS]: [CHANGED] variable [sys_asserts] from [0] to [0]; Marked as [VF_CHEAT]
<15:32:01> [Warning] Modifying marked variables will not be allowed in Release mode!
<15:32:01> Stream Engine Initialization
<15:32:01> GameName: Pandemic Express
<15:32:01> BuildTime: Oct 13 2019 19:15:33
<15:32:01> Physics initialization
<15:32:01> Localized language content(english) not available or modified from the original installation.
<15:32:01> Localized language content(english) not available or modified from the original installation.
<15:32:01> Localized language content(english) not available or modified from the original installation.
<15:32:01> <Audio>: AudioSystem initialization
<15:32:01> <Audio> <0.114>: CryAudioImplWwise loaded
<15:32:02> Renderer initialization
<15:32:02> Logging video adapters:
<15:32:02> - NVIDIA GeForce RTX 3070 (vendor = 0x10de, device = 0x2484)
<15:32:02>   - Adapter index: 0
<15:32:02>   - Dedicated video memory: 8043 MB
<15:32:02>   - Feature level: DX11 (SM 5.0)
<15:32:02>   - Displays connected: yes
<15:32:02>   - Suitable rendering device: yes
<15:32:02> - Microsoft Basic Render Driver (vendor = 0x1414, device = 0x008c)
<15:32:02>   - Adapter index: 1
<15:32:02>   - Dedicated video memory: 0 MB
<15:32:02>   - Feature level: DX11 (SM 5.0)
<15:32:02>   - Displays connected: no
<15:32:02>   - Suitable rendering device: no
<15:32:02> Active GPUs: 1
<15:32:02> [Renderer] A display device has been connected to the system
<15:32:02> Loading plugin CryDefaultEntities
<15:32:02> Loading plugin CrySchematycCore
<15:32:02> DLL Failed to load, error code: 7E
<15:32:02> Loading plugin CrySchematycSTDEnv
<15:32:02> DLL Failed to load, error code: 7E
<15:32:02> Loading plugin CrySensorSystem
<15:32:02> DLL Failed to load, error code: 7E
<15:32:02> Loading extension file cryplugin.csv
<15:32:02> Loading plugin ProcAnRandGenerator.dll
<15:32:02> Loading plugin PlayFab.dll
<15:32:02> Loading plugin CEVPlayer.dll
<15:32:03> Font initialization
<15:32:03> Using FreeType 2.5.5
<15:32:04> Network initialization
<15:32:04> [net] Socket IO management: External [iocp], Internal [iocp]
<15:32:04> network hostname: DESKTOP-GKEDPQ6
<15:32:04>   ip:26.90.194.210
<15:32:04>   ip:192.168.20.21
<15:32:04> [Network Version]: PROFILE DEVELOPMENT BUILD
<15:32:04> MovieSystem initialization
<15:32:04> Console initialization
<15:32:04> Time initialization
<15:32:04> Input initialization
<15:32:04> AI initialization
<15:32:04>  
<15:32:04>     con_debug = 0 []
<15:32:04>     con_display_last_messages = 0 []
<15:32:04>     con_line_buffer_size = 1000 []
<15:32:04>     con_restricted = 0 [RESTRICTEDMODE]
<15:32:04>     con_showonload = 0 []
<15:32:04>  
<15:32:04>     con_debug = 0 []
<15:32:04>     con_display_last_messages = 0 []
<15:32:04>     con_line_buffer_size = 1000 []
<15:32:04>     con_restricted = 0 [RESTRICTEDMODE]
<15:32:04>     con_showonload = 0 []
<15:32:04>  
<15:32:04>     con_debug = 0 []
<15:32:04>  
<15:32:04>     con_debug = 0 []
<15:32:04> Initializing Animation System
<15:32:04> Initializing 3D Engine
<15:32:04> Script System Initialization
<15:32:04> Entity system initialization
<15:32:04> Initializing AI System
<15:32:04> Initializing additional systems
<15:32:04> Dynamic Response System initialization
<15:32:04> DLL Failed to load, error code: 7E
<15:32:04> No Dynamic Response System was loaded from a module, will use the NULL implementation.
<15:32:04> [Steam] Steam API initialized successfully
<15:32:05> <ThreadConfigInfo>: [XML Parsing] Thread with name "Main" already loaded. Overriding with new configuration
<15:32:05> <ThreadConfigInfo>: [XML Parsing] Thread with name "Network" already loaded. Overriding with new configuration
<15:32:05> <ThreadConfigInfo>: [XML Parsing] Thread with name "NetworkStallTicker" already loaded. Overriding with new configuration
<15:32:05> <ThreadConfigInfo>: [XML Parsing] Thread with name "ZLibCompressor" already loaded. Overriding with new configuration
<15:32:05> <ThreadConfigInfo>: [XML Parsing] Thread with name "NetworkStallTicker" already loaded. Overriding with new configuration
<15:32:05> <ThreadConfigInfo>: [XML Parsing] Thread with name "ZLibCompressor" already loaded. Overriding with new configuration
<15:32:05> <ThreadConfigInfo>: [XML Parsing] Thread with name "TelemetryCopier" already loaded. Overriding with new configuration
<15:32:05> <ThreadConfigInfo>: [XML Parsing] Thread with name "StatsAgent" already loaded. Overriding with new configuration
<15:32:05> <ThreadConfigInfo>: Thread profile loaded: "pc_8" (config/game.thread_config)  
<15:32:05> Initializing default materials...
<15:32:10> [MFX] Loading FXLib 'breakables' ...
<15:32:10> [MFX] Loading FXLib 'collisions' ...
<15:32:10> [MFX] Loading FXLib 'foley' ...
<15:32:10> [MFX] Loading FXLib 'foley_grunt' ...
<15:32:10> [MFX] Loading FXLib 'foley_player' ...
<15:32:10> [MFX] Loading FXLib 'footstep_grunt' ...
<15:32:10> [MFX] Loading FXLib 'footstep_player' ...
<15:32:10> [MFX] Loading FXLib 'footsteps' ...
<15:32:10> [MFX] Loading FXLib 'grenade' ...
<15:32:10> [MFX] Loading FXLib 'melee' ...
<15:32:10> [MFX] Loading FXLib 'player_fx' ...
<15:32:10> [MFX] Loading FXLib 'projectiles' ...
<15:32:10> [MFX] Loading FXLib 'tornado' ...
<15:32:10> [MFX] Loading FXLib 'vegetation' ...
<15:32:10> [MFX] Loading FXLib 'vehicles' ...
<15:32:10> [MFX] Loading FXLib 'breakables' ...
<15:32:10> [MFX] Loading FXLib 'collisions' ...
<15:32:10> [MFX] Loading FXLib 'foley' ...
<15:32:10> [MFX] Loading FXLib 'foley_grunt' ...
<15:32:10> [MFX] Loading FXLib 'foley_player' ...
<15:32:10> [MFX] Loading FXLib 'footstep_grunt' ...
<15:32:10> [MFX] Loading FXLib 'footstep_player' ...
<15:32:10> [MFX] Loading FXLib 'footsteps' ...
<15:32:10> [MFX] Loading FXLib 'grenade' ...
<15:32:10> [MFX] Loading FXLib 'melee' ...
<15:32:10> [MFX] Loading FXLib 'player_fx' ...
<15:32:10> [MFX] Loading FXLib 'projectiles' ...
<15:32:10> [MFX] Loading FXLib 'tornado' ...
<15:32:10> [MFX] Loading FXLib 'vegetation' ...
<15:32:10> [MFX] Loading FXLib 'vehicles' ...
<15:32:10> Creating socket on port 2838
<15:32:10> CreateDatagramSocket c1
<15:32:10> CreateDatagramSocket c2
<15:33:23> CreateDatagramSocket c1
<15:33:25> Game rules class: InstantAction
<15:33:25> ============================ PrepareLevel Multiplayer/Purgatorium_Esc ============================
<15:34:12> CryAnimation: character-definition not found: objects/characters/human/sdk_player/sdk_player.cdf
<15:34:12> CryAnimation: character-definition not found: objects/characters/human/sdk_player/sdk_player.cdf
<15:34:12> CryAnimation: character-definition not found: objects/characters/human/sdk_player/sdk_player.cdf
<15:34:12> CryAnimation: character-definition not found: objects/characters/human/sdk_player/sdk_player.cdf
<15:34:12> CryAnimation: character-definition not found: objects/characters/human/sdk_player/sdk_player.cdf
<15:34:12> CryAnimation: character-definition not found: objects/characters/human/sdk_player/sdk_player.cdf
<15:34:12> CryAnimation: character-definition not found: objects/characters/human/sdk_player/sdk_player.cdf
<15:34:12> CryAnimation: character-definition not found: objects/characters/human/sdk_player/sdk_player.cdf
<15:34:12> CryAnimation: character-definition not found: objects/characters/human/sdk_player/sdk_player.cdf
<15:34:12> CryAnimation: character-definition not found: objects/characters/human/sdk_player/sdk_player.cdf
<15:34:12> CryAnimation: character-definition not found: objects/characters/human/sdk_player/sdk_player.cdf
<15:34:12> CryAnimation: character-definition not found: objects/characters/human/sdk_player/sdk_player.cdf
<15:34:12> CryAnimation: character-definition not found: objects/characters/human/sdk_player/sdk_player.cdf
<15:34:12> CryAnimation: character-definition not found: objects/characters/human/sdk_player/sdk_player.cdf
<15:34:12> CryAnimation: character-definition not found: objects/characters/human/sdk_player/sdk_player.cdf
<15:34:15> CryAnimation: character-definition not found: objects/characters/human/sdk_player/sdk_player.cdf
<15:34:15> CryAnimation: character-definition not found: objects/characters/human/sdk_player/sdk_player.cdf
<15:34:15> CryAnimation: character-definition not found: objects/characters/human/sdk_player/sdk_player.cdf
<15:34:16> PLAYERNAME Kornflakes
<15:34:17> CryAnimation: character-definition not found: objects/characters/man.cdf
<15:34:18> CryAnimation: character-definition not found: objects/characters/human/sdk_player/sdk_player.cdf
<15:34:18> CryAnimation: character-definition not found: objects/characters/human/sdk_player/sdk_player.cdf
<15:34:18> CryAnimation: character-definition not found: objects/characters/human/sdk_player/sdk_player.cdf
<15:35:05> CryAnimation: character-definition not found: objects/characters/human/sdk_player/sdk_player.cdf
<15:35:05> CryAnimation: character-definition not found: objects/characters/human/sdk_player/sdk_player.cdf
<15:35:05> CryAnimation: character-definition not found: objects/characters/human/sdk_player/sdk_player.cdf
<15:35:18> CryAnimation: character-definition not found: objects/characters/human/sdk_player/sdk_player.cdf
<15:35:18> CryAnimation: character-definition not found: objects/characters/human/sdk_player/sdk_player.cdf
<15:35:18> CryAnimation: character-definition not found: objects/characters/human/sdk_player/sdk_player.cdf
<15:35:20> CryAnimation: character-definition not found: objects/characters/human/sdk_player/sdk_player.cdf
<15:35:20> CryAnimation: character-definition not found: objects/characters/human/sdk_player/sdk_player.cdf
<15:35:20> CryAnimation: character-definition not found: objects/characters/human/sdk_player/sdk_player.cdf
<15:35:23> d_prerec_msg 
<15:35:26> CryAnimation: character-definition not found: objects/characters/human/sdk_player/sdk_player.cdf
<15:35:26> CryAnimation: character-definition not found: objects/characters/human/sdk_player/sdk_player.cdf
<15:35:26> CryAnimation: character-definition not found: objects/characters/human/sdk_player/sdk_player.cdf
<15:35:31> st_used_prerec_msg 
<15:35:33> CryAnimation: character-definition not found: objects/characters/human/sdk_player/sdk_player.cdf
<15:35:33> CryAnimation: character-definition not found: objects/characters/human/sdk_player/sdk_player.cdf
<15:35:33> CryAnimation: character-definition not found: objects/characters/human/sdk_player/sdk_player.cdf
<15:35:37> st_used_prerec_msg 
<15:35:47> CryAnimation: character-definition not found: objects/characters/human/sdk_player/sdk_player.cdf
<15:35:47> CryAnimation: character-definition not found: objects/characters/human/sdk_player/sdk_player.cdf
<15:35:47> CryAnimation: character-definition not found: objects/characters/human/sdk_player/sdk_player.cdf
<15:35:48> st_used_prerec_msg 
<15:35:53> CryAnimation: character-definition not found: objects/characters/human/sdk_player/sdk_player.cdf
<15:35:53> CryAnimation: character-definition not found: objects/characters/human/sdk_player/sdk_player.cdf
<15:35:53> CryAnimation: character-definition not found: objects/characters/human/sdk_player/sdk_player.cdf
<15:36:09> CryAnimation: character-definition not found: objects/characters/human/sdk_player/sdk_player.cdf
<15:36:09> CryAnimation: character-definition not found: objects/characters/human/sdk_player/sdk_player.cdf
<15:36:09> CryAnimation: character-definition not found: objects/characters/human/sdk_player/sdk_player.cdf
<15:36:14> d_prerec_msg 
<15:36:21> CryAnimation: character-definition not found: objects/characters/human/sdk_player/sdk_player.cdf
<15:36:21> CryAnimation: character-definition not found: objects/characters/human/sdk_player/sdk_player.cdf
<15:36:21> CryAnimation: character-definition not found: objects/characters/human/sdk_player/sdk_player.cdf
<15:36:30> d_prerec_msg 
<15:36:42> CryAnimation: character-definition not found: objects/characters/human/sdk_player/sdk_player.cdf
<15:36:42> CryAnimation: character-definition not found: objects/characters/human/sdk_player/sdk_player.cdf
<15:36:42> CryAnimation: character-definition not found: objects/characters/human/sdk_player/sdk_player.cdf
<15:37:23> CryAnimation: character-definition not found: objects/characters/human/sdk_player/sdk_player.cdf
<15:37:23> CryAnimation: character-definition not found: objects/characters/human/sdk_player/sdk_player.cdf
<15:37:23> CryAnimation: character-definition not found: objects/characters/human/sdk_player/sdk_player.cdf
<15:37:35> CryAnimation: character-definition not found: objects/characters/human/sdk_player/sdk_player.cdf
<15:37:35> CryAnimation: character-definition not found: objects/characters/human/sdk_player/sdk_player.cdf
<15:37:35> CryAnimation: character-definition not found: objects/characters/human/sdk_player/sdk_player.cdf
<15:37:37> CryAnimation: character-definition not found: objects/characters/human/sdk_player/sdk_player.cdf
<15:37:37> CryAnimation: character-definition not found: objects/characters/human/sdk_player/sdk_player.cdf
<15:37:37> CryAnimation: character-definition not found: objects/characters/human/sdk_player/sdk_player.cdf
<15:38:11> CryAnimation: character-definition not found: objects/characters/human/sdk_player/sdk_player.cdf
<15:38:11> CryAnimation: character-definition not found: objects/characters/human/sdk_player/sdk_player.cdf
<15:38:11> CryAnimation: character-definition not found: objects/characters/human/sdk_player/sdk_player.cdf
<15:38:26> gEnv->pRenderer->Draw2dImage XXX
<15:38:28> remapped bone indices with refcount '4294967292' still around for 'zombiemodelnew/conserve_fp_nonmm.skin 0x0000026157148390
<15:38:28> remapped bone indices with refcount '4294967292' still around for 'objects/zhg_objects/characters/conserve/conserve_head.skin 0x0000026157146DB0
<15:38:28> remapped bone indices with refcount '4294967293' still around for 'objects/zhg_objects/characters/sets/vanityset/vanityset_torso.skin 0x0000026060A8BC20
<15:38:28> remapped bone indices with refcount '4294967293' still around for 'objects/zhg_objects/characters/sets/vanityset/vanityset_torso.skin 0x0000026060A8B900
<15:38:28> remapped bone indices with refcount '4294967293' still around for 'objects/zhg_objects/characters/sets/vanityset/vanityset_torso.skin 0x0000026060A8AC80
<15:38:28> remapped bone indices with refcount '4294967293' still around for 'objects/zhg_objects/characters/sets/vanityset/vanityset_pants.skin 0x0000026060A8B5E0
<15:38:28> remapped bone indices with refcount '4294967293' still around for 'objects/zhg_objects/characters/sets/vanityset/vanityset_pants.skin 0x0000026060A8B2C0
<15:38:28> remapped bone indices with refcount '4294967293' still around for 'objects/zhg_objects/characters/sets/vanityset/vanityset_pants.skin 0x0000026060A8AFA0
<15:38:28> remapped bone indices with refcount '4294967293' still around for 'objects/zhg_objects/characters/sets/vanityset/vanityset_head.skin 0x0000026060A8A960
<15:38:28> remapped bone indices with refcount '4294967293' still around for 'objects/zhg_objects/characters/sets/vanityset/vanityset_head.skin 0x0000026060A8A320
<15:38:28> remapped bone indices with refcount '4294967293' still around for 'objects/zhg_objects/characters/sets/vanityset/vanityset_head.skin 0x0000026060A8BF40
<15:38:28> remapped bone indices with refcount '4294967293' still around for 'objects/zhg_objects/characters/sets/safetyset/safetyset_head.skin 0x0000026060A8A640
<15:38:28> remapped bone indices with refcount '4294967293' still around for 'objects/zhg_objects/characters/sets/safetyset/safetyset_head.skin 0x000002614202F230
<15:38:28> remapped bone indices with refcount '4294967293' still around for 'objects/zhg_objects/characters/sets/safetyset/safetyset_head.skin 0x0000026142030B30
<15:38:28> remapped bone indices with refcount '4294967285' still around for 'objects/zhg_objects/characters/sets/rebellionset/rebellionset_torso.skin 0x000002614202FEB0
<15:38:28> remapped bone indices with refcount '4294967285' still around for 'objects/zhg_objects/characters/sets/rebellionset/rebellionset_torso.skin 0x000002614202F870
<15:38:28> remapped bone indices with refcount '4294967285' still around for 'objects/zhg_objects/characters/sets/rebellionset/rebellionset_torso.skin 0x000002614202F550
<15:38:28> remapped bone indices with refcount '4294967289' still around for 'objects/zhg_objects/characters/sets/rebellionset/rebellionset_pants.skin 0x000002614202EF10
<15:38:28> remapped bone indices with refcount '4294967289' still around for 'objects/zhg_objects/characters/sets/rebellionset/rebellionset_pants.skin 0x0000026142030810
<15:38:28> remapped bone indices with refcount '4294967289' still around for 'objects/zhg_objects/characters/sets/rebellionset/rebellionset_pants.skin 0x000002614202E8D0
<15:38:28> remapped bone indices with refcount '4294967293' still around for 'objects/zhg_objects/characters/sets/rebellionset/rebellionset_head.skin 0x000002614202E290
<15:38:28> remapped bone indices with refcount '4294967293' still around for 'objects/zhg_objects/characters/sets/rebellionset/rebellionset_head.skin 0x000002614202DF70
<15:38:28> remapped bone indices with refcount '4294967293' still around for 'objects/zhg_objects/characters/sets/rebellionset/rebellionset_head.skin 0x00000261420304F0
<15:38:28> remapped bone indices with refcount '4294967289' still around for 'objects/zhg_objects/characters/sets/rebellionset/rebelliomset_hands.skin 0x000002614202EBF0
<15:38:28> remapped bone indices with refcount '4294967289' still around for 'objects/zhg_objects/characters/sets/rebellionset/rebelliomset_hands.skin 0x000002614202D930
<15:38:28> remapped bone indices with refcount '4294967289' still around for 'objects/zhg_objects/characters/sets/rebellionset/rebelliomset_hands.skin 0x000002614202E5B0
<15:38:28> remapped bone indices with refcount '4294967289' still around for 'objects/zhg_objects/characters/sets/rebellionset/rebelliomset_hands.skin 0x000002614202DC50
<15:38:28> remapped bone indices with refcount '4294967293' still around for 'objects/zhg_objects/characters/sets/loverset/loverset_torso.skin 0x000002614202FB90
<15:38:28> remapped bone indices with refcount '4294967293' still around for 'objects/zhg_objects/characters/sets/loverset/loverset_torso.skin 0x0000026142031490
<15:38:28> remapped bone indices with refcount '4294967293' still around for 'objects/zhg_objects/characters/sets/loverset/loverset_torso.skin 0x0000026142031170
<15:38:28> remapped bone indices with refcount '4294967293' still around for 'objects/zhg_objects/characters/sets/loverset/loverset_head.skin 0x00000261420301D0
<15:38:28> remapped bone indices with refcount '4294967293' still around for 'objects/zhg_objects/characters/sets/loverset/loverset_head.skin 0x0000026142030E50
<15:38:28> remapped bone indices with refcount '4294967293' still around for 'objects/zhg_objects/characters/sets/loverset/loverset_head.skin 0x0000026141F179A0
<15:38:28> remapped bone indices with refcount '4294967293' still around for 'objects/zhg_objects/characters/sets/leaderset/leaderset_torso.skin 0x0000026141F17360
<15:38:28> remapped bone indices with refcount '4294967293' still around for 'objects/zhg_objects/characters/sets/leaderset/leaderset_torso.skin 0x0000026141F17040
<15:38:28> remapped bone indices with refcount '4294967293' still around for 'objects/zhg_objects/characters/sets/leaderset/leaderset_torso.skin 0x0000026141F16A00
<15:38:28> remapped bone indices with refcount '4294967293' still around for 'objects/zhg_objects/characters/sets/leaderset/leaderset_pants.skin 0x0000026141F166E0
<15:38:28> remapped bone indices with refcount '4294967293' still around for 'objects/zhg_objects/characters/sets/leaderset/leaderset_pants.skin 0x0000026141F1A240
<15:38:28> remapped bone indices with refcount '4294967293' still around for 'objects/zhg_objects/characters/sets/leaderset/leaderset_pants.skin 0x0000026141F198E0
<15:38:28> remapped bone indices with refcount '4294967293' still around for 'objects/zhg_objects/characters/sets/leaderset/leaderset_head.skin 0x0000026141F192A0
<15:38:28> remapped bone indices with refcount '4294967293' still around for 'objects/zhg_objects/characters/sets/leaderset/leaderset_head.skin 0x0000026141F18F80
<15:38:28> remapped bone indices with refcount '4294967293' still around for 'objects/zhg_objects/characters/sets/leaderset/leaderset_head.skin 0x0000026141F16D20
<15:38:28> remapped bone indices with refcount '4294967293' still around for 'objects/zhg_objects/characters/sets/hopefullset/hopefullset_torso.skin 0x0000026141F18940
<15:38:28> remapped bone indices with refcount '4294967293' still around for 'objects/zhg_objects/characters/sets/hopefullset/hopefullset_torso.skin 0x0000026141F17680
<15:38:28> remapped bone indices with refcount '4294967293' still around for 'objects/zhg_objects/characters/sets/hopefullset/hopefullset_torso.skin 0x0000026141F18C60
<15:38:28> remapped bone indices with refcount '4294967293' still around for 'objects/zhg_objects/characters/sets/hopefullset/hopefullset_pants.skin 0x0000026141F18300
<15:38:28> remapped bone indices with refcount '4294967293' still around for 'objects/zhg_objects/characters/sets/hopefullset/hopefullset_pants.skin 0x0000026141F195C0
<15:38:28> remapped bone indices with refcount '4294967293' still around for 'objects/zhg_objects/characters/sets/hopefullset/hopefullset_pants.skin 0x0000026141F19F20
<15:38:28> remapped bone indices with refcount '4294967293' still around for 'objects/zhg_objects/characters/sets/hopefullset/hopefullset_head.skin 0x0000026141F18620
<15:38:28> remapped bone indices with refcount '4294967293' still around for 'objects/zhg_objects/characters/sets/hopefullset/hopefullset_head.skin 0x0000026141F19C00
<15:38:28> remapped bone indices with refcount '4294967293' still around for 'objects/zhg_objects/characters/sets/hopefullset/hopefullset_head.skin 0x0000026141F17FE0
<15:38:28> remapped bone indices with refcount '4294967293' still around for 'objects/zhg_objects/characters/sets/doubtset/doubtset_head.skin 0x0000026141F17CC0
<15:38:35> CreateDatagramSocket c1
<15:38:37> Game rules class: InstantAction
<15:38:37> ============================ PrepareLevel Multiplayer/Purgatorium_Esc ============================
<15:38:37> Initializing default materials...
<15:38:42> [MFX] Loading FXLib 'breakables' ...
<15:38:42> [MFX] Loading FXLib 'collisions' ...
<15:38:42> [MFX] Loading FXLib 'foley' ...
<15:38:42> [MFX] Loading FXLib 'foley_grunt' ...
<15:38:42> [MFX] Loading FXLib 'foley_player' ...
<15:38:42> [MFX] Loading FXLib 'footstep_grunt' ...
<15:38:42> [MFX] Loading FXLib 'footstep_player' ...
<15:38:42> [MFX] Loading FXLib 'footsteps' ...
<15:38:42> [MFX] Loading FXLib 'grenade' ...
<15:38:42> [MFX] Loading FXLib 'melee' ...
<15:38:42> [MFX] Loading FXLib 'player_fx' ...
<15:38:42> [MFX] Loading FXLib 'projectiles' ...
<15:38:42> [MFX] Loading FXLib 'tornado' ...
<15:38:42> [MFX] Loading FXLib 'vegetation' ...
<15:38:42> [MFX] Loading FXLib 'vehicles' ...
<15:38:58> CryAnimation: character-definition not found: objects/characters/human/sdk_player/sdk_player.cdf
<15:38:58> CryAnimation: character-definition not found: objects/characters/human/sdk_player/sdk_player.cdf
<15:38:58> CryAnimation: character-definition not found: objects/characters/human/sdk_player/sdk_player.cdf
<15:38:58> CryAnimation: character-definition not found: objects/characters/human/sdk_player/sdk_player.cdf
<15:38:58> CryAnimation: character-definition not found: objects/characters/human/sdk_player/sdk_player.cdf
<15:38:58> CryAnimation: character-definition not found: objects/characters/human/sdk_player/sdk_player.cdf
<15:38:58> CryAnimation: character-definition not found: objects/characters/human/sdk_player/sdk_player.cdf
<15:38:58> CryAnimation: character-definition not found: objects/characters/human/sdk_player/sdk_player.cdf
<15:38:58> CryAnimation: character-definition not found: objects/characters/human/sdk_player/sdk_player.cdf
<15:38:58> CryAnimation: character-definition not found: objects/characters/human/sdk_player/sdk_player.cdf
<15:38:58> CryAnimation: character-definition not found: objects/characters/human/sdk_player/sdk_player.cdf
<15:38:58> CryAnimation: character-definition not found: objects/characters/human/sdk_player/sdk_player.cdf
<15:38:59> CryAnimation: character-definition not found: objects/characters/human/sdk_player/sdk_player.cdf
<15:38:59> CryAnimation: character-definition not found: objects/characters/human/sdk_player/sdk_player.cdf
<15:38:59> CryAnimation: character-definition not found: objects/characters/human/sdk_player/sdk_player.cdf
<15:38:59> CryAnimation: character-definition not found: objects/characters/human/sdk_player/sdk_player.cdf
<15:38:59> CryAnimation: character-definition not found: objects/characters/human/sdk_player/sdk_player.cdf
<15:38:59> CryAnimation: character-definition not found: objects/characters/human/sdk_player/sdk_player.cdf
<15:39:02> CryAnimation: character-definition not found: objects/characters/human/sdk_player/sdk_player.cdf
<15:39:02> CryAnimation: character-definition not found: objects/characters/human/sdk_player/sdk_player.cdf
<15:39:02> CryAnimation: character-definition not found: objects/characters/human/sdk_player/sdk_player.cdf
<15:39:04> CryAnimation: character-definition not found: objects/characters/human/sdk_player/sdk_player.cdf
<15:39:04> CryAnimation: character-definition not found: objects/characters/human/sdk_player/sdk_player.cdf
<15:39:04> CryAnimation: character-definition not found: objects/characters/human/sdk_player/sdk_player.cdf
<15:39:06> PLAYERNAME Kornflakes
<15:39:06> CryAnimation: character-definition not found: objects/characters/man.cdf
<15:39:06> CryAnimation: character-definition not found: objects/characters/human/sdk_player/sdk_player.cdf
<15:39:06> CryAnimation: character-definition not found: objects/characters/human/sdk_player/sdk_player.cdf
<15:39:06> CryAnimation: character-definition not found: objects/characters/human/sdk_player/sdk_player.cdf
<15:39:11> CryAnimation: character-definition not found: objects/characters/human/sdk_player/sdk_player.cdf
<15:39:11> CryAnimation: character-definition not found: objects/characters/human/sdk_player/sdk_player.cdf
<15:39:11> CryAnimation: character-definition not found: objects/characters/human/sdk_player/sdk_player.cdf
<15:39:12> CryAnimation: character-definition not found: objects/characters/human/sdk_player/sdk_player.cdf
<15:39:12> CryAnimation: character-definition not found: objects/characters/human/sdk_player/sdk_player.cdf
<15:39:12> CryAnimation: character-definition not found: objects/characters/human/sdk_player/sdk_player.cdf
<15:39:17> CryAnimation: character-definition not found: objects/characters/human/sdk_player/sdk_player.cdf
<15:39:17> CryAnimation: character-definition not found: objects/characters/human/sdk_player/sdk_player.cdf
<15:39:17> CryAnimation: character-definition not found: objects/characters/human/sdk_player/sdk_player.cdf
<15:39:31> st_used_prerec_msg 
<15:39:48> CryAnimation: character-definition not found: objects/characters/human/sdk_player/sdk_player.cdf
<15:39:48> CryAnimation: character-definition not found: objects/characters/human/sdk_player/sdk_player.cdf
<15:39:48> CryAnimation: character-definition not found: objects/characters/human/sdk_player/sdk_player.cdf
<15:40:11> CryAnimation: character-definition not found: objects/characters/human/sdk_player/sdk_player.cdf
<15:40:11> CryAnimation: character-definition not found: objects/characters/human/sdk_player/sdk_player.cdf
<15:40:11> CryAnimation: character-definition not found: objects/characters/human/sdk_player/sdk_player.cdf
<15:40:57> CHUDNv::showPickArmorGradient()
<15:41:25> CHUDNv::showPickArmorGradient()
<15:43:17> CHUDNv::showPickArmorGradient()
<15:44:30> BaseInput - Shutting down all force feedback
<15:44:30> ActionGame - Shutting down all force feedback
<15:44:30> gEnv->pRenderer->Draw2dImage XXX
<15:44:32> CNetSyncSystem::~CNetSyncSystem & Crush?! packets_temp_bf(temp packet data buffs)
<15:44:32> remapped bone indices with refcount '4294967289' still around for 'zombiemodelnew/conserve_fp_nonmm.skin 0x00000261A2C366F0
<15:44:32> remapped bone indices with refcount '4294967289' still around for 'objects/zhg_objects/characters/conserve/conserve_head.skin 0x00000261A2C36A10
<15:44:32> remapped bone indices with refcount '4294967290' still around for 'objects/zhg_objects/characters/sets/vanityset/vanityset_torso.skin 0x00000261A2C331D0
<15:44:32> remapped bone indices with refcount '4294967290' still around for 'objects/zhg_objects/characters/sets/vanityset/vanityset_torso.skin 0x00000261A2C315B0
<15:44:32> remapped bone indices with refcount '4294967290' still around for 'objects/zhg_objects/characters/sets/vanityset/vanityset_torso.skin 0x00000261A2C34170
<15:44:32> remapped bone indices with refcount '4294967290' still around for 'objects/zhg_objects/characters/sets/vanityset/vanityset_pants.skin 0x00000261A2C32870
<15:44:32> remapped bone indices with refcount '4294967290' still around for 'objects/zhg_objects/characters/sets/vanityset/vanityset_pants.skin 0x00000261A2C34AD0
<15:44:32> remapped bone indices with refcount '4294967290' still around for 'objects/zhg_objects/characters/sets/vanityset/vanityset_pants.skin 0x00000261A2C33B30
<15:44:32> remapped bone indices with refcount '4294967290' still around for 'objects/zhg_objects/characters/sets/vanityset/vanityset_head.skin 0x00000261A2C2FFD0
<15:44:32> remapped bone indices with refcount '4294967290' still around for 'objects/zhg_objects/characters/sets/vanityset/vanityset_head.skin 0x00000261A2C32550
<15:44:32> remapped bone indices with refcount '4294967290' still around for 'objects/zhg_objects/characters/sets/vanityset/vanityset_head.skin 0x00000261A2C2ED10
<15:44:32> remapped bone indices with refcount '4294967290' still around for 'objects/zhg_objects/characters/sets/safetyset/safetyset_head.skin 0x00000261A2C35430
<15:44:32> remapped bone indices with refcount '4294967290' still around for 'objects/zhg_objects/characters/sets/safetyset/safetyset_head.skin 0x00000261A2C2FCB0
<15:44:32> remapped bone indices with refcount '4294967290' still around for 'objects/zhg_objects/characters/sets/safetyset/safetyset_head.skin 0x00000261A2C2F990
<15:44:32> remapped bone indices with refcount '4294967276' still around for 'objects/zhg_objects/characters/sets/rebellionset/rebellionset_torso.skin 0x00000261A2C2F670
<15:44:32> remapped bone indices with refcount '4294967276' still around for 'objects/zhg_objects/characters/sets/rebellionset/rebellionset_torso.skin 0x00000261A2C32230
<15:44:32> remapped bone indices with refcount '4294967276' still around for 'objects/zhg_objects/characters/sets/rebellionset/rebellionset_torso.skin 0x00000261A2C31F10
<15:44:32> remapped bone indices with refcount '4294967283' still around for 'objects/zhg_objects/characters/sets/rebellionset/rebellionset_pants.skin 0x00000261A2C31BF0
<15:44:32> remapped bone indices with refcount '4294967283' still around for 'objects/zhg_objects/characters/sets/rebellionset/rebellionset_pants.skin 0x00000261A2C33810
<15:44:32> remapped bone indices with refcount '4294967283' still around for 'objects/zhg_objects/characters/sets/rebellionset/rebellionset_pants.skin 0x00000261A2C30F70
<15:44:32> remapped bone indices with refcount '4294967290' still around for 'objects/zhg_objects/characters/sets/rebellionset/rebellionset_head.skin 0x00000261A2C30C50
<15:44:32> remapped bone indices with refcount '4294967290' still around for 'objects/zhg_objects/characters/sets/rebellionset/rebellionset_head.skin 0x00000261A2C347B0
<15:44:32> remapped bone indices with refcount '4294967290' still around for 'objects/zhg_objects/characters/sets/rebellionset/rebellionset_head.skin 0x00000261A2C32EB0
<15:44:32> remapped bone indices with refcount '4294967283' still around for 'objects/zhg_objects/characters/sets/rebellionset/rebelliomset_hands.skin 0x00000261A2C2F350
<15:44:32> remapped bone indices with refcount '4294967283' still around for 'objects/zhg_objects/characters/sets/rebellionset/rebelliomset_hands.skin 0x00000261A2C35A70
<15:44:32> remapped bone indices with refcount '4294967283' still around for 'objects/zhg_objects/characters/sets/rebellionset/rebelliomset_hands.skin 0x00000261A2C2E9F0
<15:44:32> remapped bone indices with refcount '4294967283' still around for 'objects/zhg_objects/characters/sets/rebellionset/rebelliomset_hands.skin 0x00000261A2C318D0
<15:44:32> remapped bone indices with refcount '4294967290' still around for 'objects/zhg_objects/characters/sets/loverset/loverset_torso.skin 0x00000261A2C31290
<15:44:32> remapped bone indices with refcount '4294967290' still around for 'objects/zhg_objects/characters/sets/loverset/loverset_torso.skin 0x00000261A2C6E190
<15:44:32> remapped bone indices with refcount '4294967290' still around for 'objects/zhg_objects/characters/sets/loverset/loverset_torso.skin 0x00000261A2C6CBB0
<15:44:32> remapped bone indices with refcount '4294967290' still around for 'objects/zhg_objects/characters/sets/loverset/loverset_head.skin 0x00000261A2C6C890
<15:44:32> remapped bone indices with refcount '4294967290' still around for 'objects/zhg_objects/characters/sets/loverset/loverset_head.skin 0x00000261A2C6E4B0
<15:44:32> remapped bone indices with refcount '4294967290' still around for 'objects/zhg_objects/characters/sets/loverset/loverset_head.skin 0x00000261A2C6DE70
<15:44:32> remapped bone indices with refcount '4294967290' still around for 'objects/zhg_objects/characters/sets/leaderset/leaderset_torso.skin 0x00000261A2C6DB50
<15:44:32> remapped bone indices with refcount '4294967290' still around for 'objects/zhg_objects/characters/sets/leaderset/leaderset_torso.skin 0x00000261A2C6D830
<15:44:32> remapped bone indices with refcount '4294967290' still around for 'objects/zhg_objects/characters/sets/leaderset/leaderset_torso.skin 0x00000261A2C6EAF0
<15:44:32> remapped bone indices with refcount '4294967290' still around for 'objects/zhg_objects/characters/sets/leaderset/leaderset_pants.skin 0x00000261A2C6E7D0
<15:44:32> remapped bone indices with refcount '4294967290' still around for 'objects/zhg_objects/characters/sets/leaderset/leaderset_pants.skin 0x00000261A2C6D510
<15:44:32> remapped bone indices with refcount '4294967290' still around for 'objects/zhg_objects/characters/sets/leaderset/leaderset_pants.skin 0x00000261A2C6CED0
<15:44:32> remapped bone indices with refcount '4294967290' still around for 'objects/zhg_objects/characters/sets/leaderset/leaderset_head.skin 0x00000261A2C6D1F0
<15:44:32> remapped bone indices with refcount '4294967290' still around for 'objects/zhg_objects/characters/sets/leaderset/leaderset_head.skin 0x00000261A2C6C570
<15:44:32> remapped bone indices with refcount '4294967290' still around for 'objects/zhg_objects/characters/sets/leaderset/leaderset_head.skin 0x00000261A2C6C250
<15:44:32> remapped bone indices with refcount '4294967290' still around for 'objects/zhg_objects/characters/sets/hopefullset/hopefullset_torso.skin 0x00000261A2C6BF30
<15:44:32> remapped bone indices with refcount '4294967290' still around for 'objects/zhg_objects/characters/sets/hopefullset/hopefullset_torso.skin 0x00000261A2C6B8F0
<15:44:32> remapped bone indices with refcount '4294967290' still around for 'objects/zhg_objects/characters/sets/hopefullset/hopefullset_torso.skin 0x00000261A2C6A630
<15:44:32> remapped bone indices with refcount '4294967290' still around for 'objects/zhg_objects/characters/sets/hopefullset/hopefullset_pants.skin 0x00000261A2C6B2B0
<15:44:32> remapped bone indices with refcount '4294967290' still around for 'objects/zhg_objects/characters/sets/hopefullset/hopefullset_pants.skin 0x00000261A2C6AF90
<15:44:32> remapped bone indices with refcount '4294967290' still around for 'objects/zhg_objects/characters/sets/hopefullset/hopefullset_pants.skin 0x00000261A2C6AC70
<15:44:32> remapped bone indices with refcount '4294967290' still around for 'objects/zhg_objects/characters/sets/hopefullset/hopefullset_head.skin 0x00000261A2C6B5D0
<15:44:32> remapped bone indices with refcount '4294967290' still around for 'objects/zhg_objects/characters/sets/hopefullset/hopefullset_head.skin 0x00000261A2C6A310
<15:44:32> remapped bone indices with refcount '4294967290' still around for 'objects/zhg_objects/characters/sets/hopefullset/hopefullset_head.skin 0x00000261A2C6BC10
<15:44:32> remapped bone indices with refcount '4294967290' still around for 'objects/zhg_objects/characters/sets/doubtset/doubtset_head.skin 0x00000261A2C6A950
