BackupNameAttachment=" Build(0) 29 Jul 24 (16 17 04)"  -- used by backup system
Log Started at Mon Jul 29 16:17:04 2024
Built on Apr  5 2019 00:15:29
Running 64 bit Windows version
Command Line: "X:\SteamLibrary\steamapps\common\Pandemic Express\Bin/win_x64/PandemicExpress.exe"
Executable: X:\SteamLibrary\steamapps\common\Pandemic Express\Bin\win_x64\PandemicExpress.exe
FileVersion: 1.0.0.0
ProductVersion: 1.0.0.0
Added MOD directory <%engineroot%/engine> to CryPak

Total number of logical processors: 24
Number of available logical processors: 24
Total number of system cores: 12
Number of cores available to process: 12
 
Processor 0:
  CPU: AMD AMD Ryzen 9 3900X 12-Core Processor            
  Family: 15, Model: 1, Stepping: 0
  FPU: On-Chip
  Features: FP16, SSE, SSE2, SSE3, SSE4.2, AVX, AVX2, FMA3
  Serial number not present or disabled
 
Processor 1:
  CPU: AMD AMD Ryzen 9 3900X 12-Core Processor            
  Family: 15, Model: 1, Stepping: 0
  FPU: On-Chip
  Features: FP16, SSE, SSE2, SSE3, SSE4.2, AVX, AVX2, FMA3
  Serial number not present or disabled
 
Processor 2:
  CPU: AMD AMD Ryzen 9 3900X 12-Core Processor            
  Family: 15, Model: 1, Stepping: 0
  FPU: On-Chip
  Features: FP16, SSE, SSE2, SSE3, SSE4.2, AVX, AVX2, FMA3
  Serial number not present or disabled
 
Processor 3:
  CPU: AMD AMD Ryzen 9 3900X 12-Core Processor            
  Family: 15, Model: 1, Stepping: 0
  FPU: On-Chip
  Features: FP16, SSE, SSE2, SSE3, SSE4.2, AVX, AVX2, FMA3
  Serial number not present or disabled
 
Processor 4:
  CPU: AMD AMD Ryzen 9 3900X 12-Core Processor            
  Family: 15, Model: 1, Stepping: 0
  FPU: On-Chip
  Features: FP16, SSE, SSE2, SSE3, SSE4.2, AVX, AVX2, FMA3
  Serial number not present or disabled
 
Processor 5:
  CPU: AMD AMD Ryzen 9 3900X 12-Core Processor            
  Family: 15, Model: 1, Stepping: 0
  FPU: On-Chip
  Features: FP16, SSE, SSE2, SSE3, SSE4.2, AVX, AVX2, FMA3
  Serial number not present or disabled
 
Processor 6:
  CPU: AMD AMD Ryzen 9 3900X 12-Core Processor            
  Family: 15, Model: 1, Stepping: 0
  FPU: On-Chip
  Features: FP16, SSE, SSE2, SSE3, SSE4.2, AVX, AVX2, FMA3
  Serial number not present or disabled
 
Processor 7:
  CPU: AMD AMD Ryzen 9 3900X 12-Core Processor            
  Family: 15, Model: 1, Stepping: 0
  FPU: On-Chip
  Features: FP16, SSE, SSE2, SSE3, SSE4.2, AVX, AVX2, FMA3
  Serial number not present or disabled
 
Processor 8:
  CPU: AMD AMD Ryzen 9 3900X 12-Core Processor            
  Family: 15, Model: 1, Stepping: 0
  FPU: On-Chip
  Features: FP16, SSE, SSE2, SSE3, SSE4.2, AVX, AVX2, FMA3
  Serial number not present or disabled
 
Processor 9:
  CPU: AMD AMD Ryzen 9 3900X 12-Core Processor            
  Family: 15, Model: 1, Stepping: 0
  FPU: On-Chip
  Features: FP16, SSE, SSE2, SSE3, SSE4.2, AVX, AVX2, FMA3
  Serial number not present or disabled
 
Processor 10:
  CPU: AMD AMD Ryzen 9 3900X 12-Core Processor            
  Family: 15, Model: 1, Stepping: 0
  FPU: On-Chip
  Features: FP16, SSE, SSE2, SSE3, SSE4.2, AVX, AVX2, FMA3
  Serial number not present or disabled
 
Processor 11:
  CPU: AMD AMD Ryzen 9 3900X 12-Core Processor            
  Family: 15, Model: 1, Stepping: 0
  FPU: On-Chip
  Features: FP16, SSE, SSE2, SSE3, SSE4.2, AVX, AVX2, FMA3
  Serial number not present or disabled
 
<16:17:04> Loading Config file system.cfg (system.cfg)
<16:17:04> [Error] [CVARS]: [IGNORED CHANGE] variable [sys_version] from [] to [0.7.9.10.190510]; Marked as [VF_CHEAT]
<16:17:04> OnSysSpecChange(1)
<16:17:04> [Error] [CVARS]: [IGNORED CHANGE] variable [sys_asserts] from [0] to [0]; Marked as [VF_CHEAT]
<16:17:04> GameDir: DATA
<16:17:04> <ThreadConfigInfo>: Thread profile loaded: "pc_8" (config/engine_core.thread_config)  
<16:17:04> Windows 10 64 bit (build 10.0.22631)
<16:17:04> System language: English
<16:17:04> Windows Directory: "C:\Windows"
<16:17:04> Local time is 16:17:04 07/29/24, system running for 1379 minutes
<16:17:04> 32694MB physical memory installed, 22395MB available, 134217727MB virtual memory installed, 31 percent of memory in use
<16:17:04> PageFile usage: 111MB, Working Set: 130MB, Peak PageFile usage: 143MB,
<16:17:04> Current display mode is 2560x1440x32, (Unknown graphics card)
<16:17:04> IBM enhanced (101/102-key) keyboard and 5+ button mouse installed
<16:17:04> --------------------------------------------------------------------------------
<16:17:04> OnSysSpecChange(1)
<16:17:04> Loading Config file LowSpec.cfg (data\config\lowspec.cfg)
<16:17:04> [Error] [CVARS]: [MISSING] [e_DynamicLightsMaxEntityLights] is not a registered console variable; referenced when testing console variable group [sys_spec_shading] = [1]
<16:17:04> [Error] [CVARS]: [MISSING] [e_SkyUpdateRate] is not a registered console variable; referenced when testing console variable group [sys_spec_shading] = [1]
<16:17:04> [Error] [CVARS]: [MISSING] [e_svoTI_Apply] is not a registered console variable; referenced when testing console variable group [sys_spec_shading] = [1]
<16:17:04> [Error] [CVARS]: [MISSING] [e_svoTI_RsmConeMaxLength] is not a registered console variable; referenced when testing console variable group [sys_spec_shading] = [1]
<16:17:04> [Error] [CVARS]: [MISSING] [e_svoTI_RsmUseColors] is not a registered console variable; referenced when testing console variable group [sys_spec_shading] = [1]
<16:17:04> [Error] [CVARS]: [MISSING] [e_svoTi_Active] is not a registered console variable; referenced when testing console variable group [sys_spec_shading] = [1]
<16:17:04> [Error] [CVARS]: [MISSING] [e_svoti_LowSpecMode] is not a registered console variable; referenced when testing console variable group [sys_spec_shading] = [1]
<16:17:04> [Error] [CVARS]: [MISSING] [e_LightVolumes] is not a registered console variable; referenced when testing console variable group [sys_spec_shading] = [1]
<16:17:04> [Error] [CVARS]: [MISSING] [e_VegetationUseTerrainColor] is not a registered console variable; referenced when testing console variable group [sys_spec_shading] = [1]
<16:17:04> Loading Config file game.cfg (data\game.cfg)
<16:17:04> [Warning] [CVARS]: [CHANGED] variable [sys_asserts] from [0] to [0]; Marked as [VF_CHEAT]
<16:17:04> [Warning] Modifying marked variables will not be allowed in Release mode!
<16:17:04> Stream Engine Initialization
<16:17:04> GameName: Pandemic Express
<16:17:04> BuildTime: Apr  5 2019 00:15:29
<16:17:04> Physics initialization
<16:17:04> Localized language content(english) not available or modified from the original installation.
<16:17:04> Localized language content(english) not available or modified from the original installation.
<16:17:04> Localized language content(english) not available or modified from the original installation.
<16:17:04> <Audio>: AudioSystem initialization
<16:17:04> <Audio> <0.549>: CryAudioImplWwise loaded
<16:17:05> Renderer initialization
<16:17:05> Logging video adapters:
<16:17:07> - NVIDIA GeForce RTX 3080 (vendor = 0x10de, device = 0x2206)
<16:17:07>   - Adapter index: 0
<16:17:07>   - Dedicated video memory: 10053 MB
<16:17:07>   - Feature level: DX11 (SM 5.0)
<16:17:07>   - Displays connected: yes
<16:17:07>   - Suitable rendering device: yes
<16:17:07> - Microsoft Basic Render Driver (vendor = 0x1414, device = 0x008c)
<16:17:07>   - Adapter index: 1
<16:17:07>   - Dedicated video memory: 0 MB
<16:17:07>   - Feature level: DX11 (SM 5.0)
<16:17:07>   - Displays connected: no
<16:17:07>   - Suitable rendering device: no
<16:17:09> Active GPUs: 1
<16:17:10> [Renderer] A display device has been connected to the system
<16:17:10> Loading plugin CryDefaultEntities
<16:17:10> Loading plugin CrySchematycCore
<16:17:10> Loading plugin CrySchematycSTDEnv
<16:17:10> Loading plugin CrySensorSystem
<16:17:10> Loading extension file cryplugin.csv
<16:17:10> Loading plugin ProcAnRandGenerator.dll
<16:17:10> Loading plugin PlayFabDedicated.dll
<16:17:10> DLL Failed to load, error code: 7E
<16:17:10> Loading plugin PlayFab.dll
<16:17:10> Font initialization
<16:17:10> Using FreeType 2.5.5
<16:17:12> System:Quit
