BackupNameAttachment=" Build(0) 03 Jul 21 (23 07 27)"  -- used by backup system
Log Started at Sat Jul  3 23:07:27 2021
Built on Oct 13 2019 19:15:33
Running 64 bit Windows version
Command Line: "D:\Games\Steam\steamapps\common\Pandemic Express\Bin/win_x64/PandemicExpress.exe"
Executable: D:\Games\Steam\steamapps\common\Pandemic Express\Bin\win_x64\PandemicExpress.exe
FileVersion: 1.0.0.0
ProductVersion: 1.0.0.0
Added MOD directory <%engineroot%/engine> to CryPak

Total number of logical processors: 12
Number of available logical processors: 12
Total number of system cores: 6
Number of cores available to process: 6
 
Processor 0:
  CPU: AMD AMD Ryzen 5 3600 6-Core Processor              
  Family: 15, Model: 1, Stepping: 0
  FPU: On-Chip
  Features: FP16, SSE, SSE2, SSE3, SSE4.2, AVX, AVX2, FMA3
  Serial number not present or disabled
 
Processor 1:
  CPU: AMD AMD Ryzen 5 3600 6-Core Processor              
  Family: 15, Model: 1, Stepping: 0
  FPU: On-Chip
  Features: FP16, SSE, SSE2, SSE3, SSE4.2, AVX, AVX2, FMA3
  Serial number not present or disabled
 
Processor 2:
  CPU: AMD AMD Ryzen 5 3600 6-Core Processor              
  Family: 15, Model: 1, Stepping: 0
  FPU: On-Chip
  Features: FP16, SSE, SSE2, SSE3, SSE4.2, AVX, AVX2, FMA3
  Serial number not present or disabled
 
Processor 3:
  CPU: AMD AMD Ryzen 5 3600 6-Core Processor              
  Family: 15, Model: 1, Stepping: 0
  FPU: On-Chip
  Features: FP16, SSE, SSE2, SSE3, SSE4.2, AVX, AVX2, FMA3
  Serial number not present or disabled
 
Processor 4:
  CPU: AMD AMD Ryzen 5 3600 6-Core Processor              
  Family: 15, Model: 1, Stepping: 0
  FPU: On-Chip
  Features: FP16, SSE, SSE2, SSE3, SSE4.2, AVX, AVX2, FMA3
  Serial number not present or disabled
 
Processor 5:
  CPU: AMD AMD Ryzen 5 3600 6-Core Processor              
  Family: 15, Model: 1, Stepping: 0
  FPU: On-Chip
  Features: FP16, SSE, SSE2, SSE3, SSE4.2, AVX, AVX2, FMA3
  Serial number not present or disabled
 
<23:07:27> Loading Config file system.cfg (system.cfg)
<23:07:27> [Error] [CVARS]: [IGNORED CHANGE] variable [sys_version] from [] to [1.1.0.000.200116]; Marked as [VF_CHEAT]
<23:07:27> OnSysSpecChange(1)
<23:07:27> [Error] [CVARS]: [IGNORED CHANGE] variable [sys_asserts] from [0] to [0]; Marked as [VF_CHEAT]
<23:07:27> GameDir: DATA
<23:07:27> <ThreadConfigInfo>: Thread profile loaded: "pc_8" (config/engine_core.thread_config)  
<23:07:27> Windows 10 64 bit (build 10.0.19043)
<23:07:27> System language: English
<23:07:27> Windows Directory: "C:\Windows"
<23:07:27> Local time is 23:07:27 07/03/21, system running for 184 minutes
<23:07:27> 16333MB physical memory installed, 11169MB available, 134217727MB virtual memory installed, 31 percent of memory in use
<23:07:27> PageFile usage: 76MB, Working Set: 88MB, Peak PageFile usage: 76MB,
<23:07:27> Current display mode is 2560x1440x32, (Unknown graphics card)
<23:07:27> IBM enhanced (101/102-key) keyboard and 16+ button mouse installed
<23:07:27> --------------------------------------------------------------------------------
<23:07:27> OnSysSpecChange(1)
<23:07:27> Loading Config file LowSpec.cfg (data\config\lowspec.cfg)
<23:07:27> [Error] [CVARS]: [MISSING] [mfx_Timeout] is not a registered console variable; referenced when testing console variable group [sys_spec_gameeffects] = [1]
<23:07:27> [Error] [CVARS]: [MISSING] [ca_AttachmentCullingRation] is not a registered console variable; referenced when testing console variable group [sys_spec_objectdetail] = [1]
<23:07:27> [Error] [CVARS]: [MISSING] [e_DecalsLifeTimeScale] is not a registered console variable; referenced when testing console variable group [sys_spec_objectdetail] = [1]
<23:07:27> [Error] [CVARS]: [MISSING] [e_LodRatio] is not a registered console variable; referenced when testing console variable group [sys_spec_objectdetail] = [1]
<23:07:27> [Error] [CVARS]: [MISSING] [e_MaxViewDistSpecLerp] is not a registered console variable; referenced when testing console variable group [sys_spec_objectdetail] = [1]
<23:07:27> [Error] [CVARS]: [MISSING] [e_MaxViewDistance] is not a registered console variable; referenced when testing console variable group [sys_spec_objectdetail] = [1]
<23:07:27> [Error] [CVARS]: [MISSING] [e_ObjQuality] is not a registered console variable; referenced when testing console variable group [sys_spec_objectdetail] = [1]
<23:07:27> [Error] [CVARS]: [MISSING] [e_TerrainOcclusionCullingMaxDist] is not a registered console variable; referenced when testing console variable group [sys_spec_objectdetail] = [1]
<23:07:27> [Error] [CVARS]: [MISSING] [e_VegetationMinSize] is not a registered console variable; referenced when testing console variable group [sys_spec_objectdetail] = [1]
<23:07:27> [Error] [CVARS]: [MISSING] [e_ViewDistRatio] is not a registered console variable; referenced when testing console variable group [sys_spec_objectdetail] = [1]
<23:07:27> [Error] [CVARS]: [MISSING] [e_ViewDistRatioCustom] is not a registered console variable; referenced when testing console variable group [sys_spec_objectdetail] = [1]
<23:07:27> [Error] [CVARS]: [MISSING] [e_ViewDistRatioDetail] is not a registered console variable; referenced when testing console variable group [sys_spec_objectdetail] = [1]
<23:07:27> [Error] [CVARS]: [MISSING] [e_ViewDistRatioLights] is not a registered console variable; referenced when testing console variable group [sys_spec_objectdetail] = [1]
<23:07:27> [Error] [CVARS]: [MISSING] [e_ViewDistRatioVegetation] is not a registered console variable; referenced when testing console variable group [sys_spec_objectdetail] = [1]
<23:07:27> [Error] [CVARS]: [MISSING] [es_DebrisLifetimeScale] is not a registered console variable; referenced when testing console variable group [sys_spec_objectdetail] = [1]
<23:07:27> [Error] [CVARS]: [MISSING] [e_DecalsOverlapping] is not a registered console variable; referenced when testing console variable group [sys_spec_objectdetail] = [1]
<23:07:27> [Error] [CVARS]: [MISSING] [e_LodMin] is not a registered console variable; referenced when testing console variable group [sys_spec_objectdetail] = [1]
<23:07:27> [Error] [CVARS]: [MISSING] [e_MergedMeshesInstanceDist] is not a registered console variable; referenced when testing console variable group [sys_spec_objectdetail] = [1]
<23:07:27> [Error] [CVARS]: [MISSING] [e_MergedMeshesPool] is not a registered console variable; referenced when testing console variable group [sys_spec_objectdetail] = [1]
<23:07:27> [Error] [CVARS]: [MISSING] [e_OcclusionCullingViewDistRatio] is not a registered console variable; referenced when testing console variable group [sys_spec_objectdetail] = [1]
<23:07:27> [Error] [CVARS]: [MISSING] [e_TerrainLodRatio] is not a registered console variable; referenced when testing console variable group [sys_spec_objectdetail] = [1]
<23:07:27> [Error] [CVARS]: [MISSING] [e_Tessellation] is not a registered console variable; referenced when testing console variable group [sys_spec_objectdetail] = [1]
<23:07:27> [Error] [CVARS]: [MISSING] [e_ViewDistMin] is not a registered console variable; referenced when testing console variable group [sys_spec_objectdetail] = [1]
<23:07:27> [Error] [CVARS]: [MISSING] [e_ParticlesMaxScreenFill] is not a registered console variable; referenced when testing console variable group [sys_spec_particles] = [1]
<23:07:27> [Error] [CVARS]: [MISSING] [e_ParticlesMinDrawPixels] is not a registered console variable; referenced when testing console variable group [sys_spec_particles] = [1]
<23:07:27> [Error] [CVARS]: [MISSING] [e_ParticlesObjectCollisions] is not a registered console variable; referenced when testing console variable group [sys_spec_particles] = [1]
<23:07:27> [Error] [CVARS]: [MISSING] [e_ParticlesQuality] is not a registered console variable; referenced when testing console variable group [sys_spec_particles] = [1]
<23:07:27> [Error] [CVARS]: [MISSING] [e_ParticlesMotionBlur] is not a registered console variable; referenced when testing console variable group [sys_spec_particles] = [1]
<23:07:27> [Error] [CVARS]: [MISSING] [e_CullVegActivation] is not a registered console variable; referenced when testing console variable group [sys_spec_physics] = [1]
<23:07:27> [Error] [CVARS]: [MISSING] [e_FoliageWindActivationDist] is not a registered console variable; referenced when testing console variable group [sys_spec_physics] = [1]
<23:07:27> [Error] [CVARS]: [MISSING] [e_PhysOceanCell] is not a registered console variable; referenced when testing console variable group [sys_spec_physics] = [1]
<23:07:27> [Error] [CVARS]: [MISSING] [es_MaxPhysDist] is not a registered console variable; referenced when testing console variable group [sys_spec_physics] = [1]
<23:07:27> [Error] [CVARS]: [MISSING] [es_MaxPhysDistInvisible] is not a registered console variable; referenced when testing console variable group [sys_spec_physics] = [1]
<23:07:27> [Error] [CVARS]: [MISSING] [g_breakage_particles_limit] is not a registered console variable; referenced when testing console variable group [sys_spec_physics] = [1]
<23:07:27> [Error] [CVARS]: [MISSING] [g_tree_cut_reuse_dist] is not a registered console variable; referenced when testing console variable group [sys_spec_physics] = [1]
<23:07:27> [Error] [CVARS]: [MISSING] [p_max_MC_iters] is not a registered console variable; referenced when testing console variable group [sys_spec_physics] = [1]
<23:07:27> [Error] [CVARS]: [MISSING] [p_max_substeps] is not a registered console variable; referenced when testing console variable group [sys_spec_physics] = [1]
<23:07:27> [Error] [CVARS]: [MISSING] [e_PhysProxyTriLimit] is not a registered console variable; referenced when testing console variable group [sys_spec_physics] = [1]
<23:07:27> [Error] [CVARS]: [MISSING] [p_max_object_splashes] is not a registered console variable; referenced when testing console variable group [sys_spec_physics] = [1]
<23:07:27> [Error] [CVARS]: [MISSING] [p_max_substeps_large_group] is not a registered console variable; referenced when testing console variable group [sys_spec_physics] = [1]
<23:07:27> [Error] [CVARS]: [MISSING] [p_num_bodies_large_group] is not a registered console variable; referenced when testing console variable group [sys_spec_physics] = [1]
<23:07:27> [Error] [CVARS]: [MISSING] [p_splash_dist0] is not a registered console variable; referenced when testing console variable group [sys_spec_physics] = [1]
<23:07:27> [Error] [CVARS]: [MISSING] [p_splash_dist1] is not a registered console variable; referenced when testing console variable group [sys_spec_physics] = [1]
<23:07:27> [Error] [CVARS]: [MISSING] [p_splash_force0] is not a registered console variable; referenced when testing console variable group [sys_spec_physics] = [1]
<23:07:27> [Error] [CVARS]: [MISSING] [p_splash_force1] is not a registered console variable; referenced when testing console variable group [sys_spec_physics] = [1]
<23:07:27> [Error] [CVARS]: [MISSING] [p_splash_vel0] is not a registered console variable; referenced when testing console variable group [sys_spec_physics] = [1]
<23:07:27> [Error] [CVARS]: [MISSING] [p_splash_vel1] is not a registered console variable; referenced when testing console variable group [sys_spec_physics] = [1]
<23:07:27> [Error] [CVARS]: [MISSING] [e_DynamicLightsMaxEntityLights] is not a registered console variable; referenced when testing console variable group [sys_spec_shading] = [1]
<23:07:27> [Error] [CVARS]: [MISSING] [e_SkyUpdateRate] is not a registered console variable; referenced when testing console variable group [sys_spec_shading] = [1]
<23:07:27> [Error] [CVARS]: [MISSING] [e_svoTI_Apply] is not a registered console variable; referenced when testing console variable group [sys_spec_shading] = [1]
<23:07:27> [Error] [CVARS]: [MISSING] [e_svoTI_RsmConeMaxLength] is not a registered console variable; referenced when testing console variable group [sys_spec_shading] = [1]
<23:07:27> [Error] [CVARS]: [MISSING] [e_svoTI_RsmUseColors] is not a registered console variable; referenced when testing console variable group [sys_spec_shading] = [1]
<23:07:27> [Error] [CVARS]: [MISSING] [e_svoTi_Active] is not a registered console variable; referenced when testing console variable group [sys_spec_shading] = [1]
<23:07:27> [Error] [CVARS]: [MISSING] [e_svoti_LowSpecMode] is not a registered console variable; referenced when testing console variable group [sys_spec_shading] = [1]
<23:07:27> [Error] [CVARS]: [MISSING] [e_LightVolumes] is not a registered console variable; referenced when testing console variable group [sys_spec_shading] = [1]
<23:07:27> [Error] [CVARS]: [MISSING] [e_VegetationUseTerrainColor] is not a registered console variable; referenced when testing console variable group [sys_spec_shading] = [1]
<23:07:27> [Error] [CVARS]: [MISSING] [e_GsmLodsNum] is not a registered console variable; referenced when testing console variable group [sys_spec_shadows] = [1]
<23:07:27> [Error] [CVARS]: [MISSING] [e_GsmRange] is not a registered console variable; referenced when testing console variable group [sys_spec_shadows] = [1]
<23:07:27> [Error] [CVARS]: [MISSING] [e_ObjShadowCastSpec] is not a registered console variable; referenced when testing console variable group [sys_spec_shadows] = [1]
<23:07:27> [Error] [CVARS]: [MISSING] [e_ParticlesShadows] is not a registered console variable; referenced when testing console variable group [sys_spec_shadows] = [1]
<23:07:27> [Error] [CVARS]: [MISSING] [e_Shadows] is not a registered console variable; referenced when testing console variable group [sys_spec_shadows] = [1]
<23:07:27> [Error] [CVARS]: [MISSING] [e_ShadowsBlendCascades] is not a registered console variable; referenced when testing console variable group [sys_spec_shadows] = [1]
<23:07:27> [Error] [CVARS]: [MISSING] [e_ShadowsCastViewDistRatio] is not a registered console variable; referenced when testing console variable group [sys_spec_shadows] = [1]
<23:07:27> [Error] [CVARS]: [MISSING] [e_ShadowsLodBiasFixed] is not a registered console variable; referenced when testing console variable group [sys_spec_shadows] = [1]
<23:07:27> [Error] [CVARS]: [MISSING] [e_ShadowsMaxTexRes] is not a registered console variable; referenced when testing console variable group [sys_spec_shadows] = [1]
<23:07:27> [Error] [CVARS]: [MISSING] [e_ShadowsPoolSize] is not a registered console variable; referenced when testing console variable group [sys_spec_shadows] = [1]
<23:07:27> [Error] [CVARS]: [MISSING] [e_ShadowsResScale] is not a registered console variable; referenced when testing console variable group [sys_spec_shadows] = [1]
<23:07:27> [Error] [CVARS]: [MISSING] [e_ShadowsTessellateCascades] is not a registered console variable; referenced when testing console variable group [sys_spec_shadows] = [1]
<23:07:27> [Error] [CVARS]: [MISSING] [e_ShadowsTessellateDLights] is not a registered console variable; referenced when testing console variable group [sys_spec_shadows] = [1]
<23:07:27> [Error] [CVARS]: [MISSING] [e_ShadowsUpdateViewDistRatio] is not a registered console variable; referenced when testing console variable group [sys_spec_shadows] = [1]
<23:07:27> [Error] [CVARS]: [MISSING] [e_VolumetricFog] is not a registered console variable; referenced when testing console variable group [sys_spec_volumetriceffects] = [1]
<23:07:27> [Error] [CVARS]: [MISSING] [e_fog] is not a registered console variable; referenced when testing console variable group [sys_spec_volumetriceffects] = [1]
<23:07:27> [Error] [CVARS]: [MISSING] [e_Clouds] is not a registered console variable; referenced when testing console variable group [sys_spec_volumetriceffects] = [1]
<23:07:27> [Error] [CVARS]: [MISSING] [e_WaterOceanFFT] is not a registered console variable; referenced when testing console variable group [sys_spec_water] = [1]
<23:07:27> [Error] [CVARS]: [MISSING] [e_WaterTessellationAmount] is not a registered console variable; referenced when testing console variable group [sys_spec_water] = [1]
<23:07:27> [Error] [CVARS]: [MISSING] [e_WaterTessellationAmountX] is not a registered console variable; referenced when testing console variable group [sys_spec_water] = [1]
<23:07:27> [Error] [CVARS]: [MISSING] [e_WaterTessellationAmountY] is not a registered console variable; referenced when testing console variable group [sys_spec_water] = [1]
<23:07:27> [Error] [CVARS]: [MISSING] [e_WaterTessellationSwathWidth] is not a registered console variable; referenced when testing console variable group [sys_spec_water] = [1]
<23:07:27> Loading Config file game.cfg (data\game.cfg)
<23:07:27> [Warning] [CVARS]: [CHANGED] variable [sys_asserts] from [0] to [0]; Marked as [VF_CHEAT]
<23:07:27> [Warning] Modifying marked variables will not be allowed in Release mode!
<23:07:27> Stream Engine Initialization
<23:07:27> GameName: Pandemic Express
<23:07:27> BuildTime: Oct 13 2019 19:15:33
<23:07:27> Physics initialization
<23:07:27> Localized language content(english) not available or modified from the original installation.
<23:07:27> Localized language content(english) not available or modified from the original installation.
<23:07:27> Localized language content(english) not available or modified from the original installation.
<23:07:27> <Audio>: AudioSystem initialization
<23:07:27> <Audio> <0.104>: CryAudioImplWwise loaded
<23:07:28> Renderer initialization
<23:07:28> Logging video adapters:
<23:07:28> - NVIDIA GeForce RTX 3070 (vendor = 0x10de, device = 0x2484)
<23:07:28>   - Adapter index: 0
<23:07:28>   - Dedicated video memory: 8043 MB
<23:07:28>   - Feature level: DX11 (SM 5.0)
<23:07:28>   - Displays connected: yes
<23:07:28>   - Suitable rendering device: yes
<23:07:28> - Microsoft Basic Render Driver (vendor = 0x1414, device = 0x008c)
<23:07:28>   - Adapter index: 1
<23:07:28>   - Dedicated video memory: 0 MB
<23:07:28>   - Feature level: DX11 (SM 5.0)
<23:07:28>   - Displays connected: no
<23:07:28>   - Suitable rendering device: no
<23:07:28> Active GPUs: 1
<23:07:29> [Renderer] A display device has been connected to the system
<23:07:29> Loading plugin CryDefaultEntities
<23:07:29> Loading plugin CrySchematycCore
<23:07:29> DLL Failed to load, error code: 7E
<23:07:29> Loading plugin CrySchematycSTDEnv
<23:07:29> DLL Failed to load, error code: 7E
<23:07:29> Loading plugin CrySensorSystem
<23:07:29> DLL Failed to load, error code: 7E
<23:07:29> Loading extension file cryplugin.csv
<23:07:29> Loading plugin ProcAnRandGenerator.dll
<23:07:29> Loading plugin PlayFab.dll
<23:07:29> Loading plugin CEVPlayer.dll
<23:07:30> Font initialization
<23:07:30> Using FreeType 2.5.5
<23:07:30> Network initialization
<23:07:30> [net] Socket IO management: External [iocp], Internal [iocp]
<23:07:30> network hostname: DESKTOP-GKEDPQ6
<23:07:30>   ip:192.168.20.21
<23:07:30> [Network Version]: PROFILE DEVELOPMENT BUILD
<23:07:30> MovieSystem initialization
<23:07:30> Console initialization
<23:07:30> Time initialization
<23:07:30> Input initialization
<23:07:30> AI initialization
<23:07:30>  
<23:07:30>     con_debug = 0 []
<23:07:30>     con_display_last_messages = 0 []
<23:07:30>     con_line_buffer_size = 1000 []
<23:07:30>     con_restricted = 0 [RESTRICTEDMODE]
<23:07:30>     con_showonload = 0 []
<23:07:30>  
<23:07:30>     con_debug = 0 []
<23:07:30>     con_display_last_messages = 0 []
<23:07:30>     con_line_buffer_size = 1000 []
<23:07:30>     con_restricted = 0 [RESTRICTEDMODE]
<23:07:30>     con_showonload = 0 []
<23:07:30>  
<23:07:30>     con_debug = 0 []
<23:07:30>  
<23:07:30>     con_debug = 0 []
<23:07:30> Initializing Animation System
<23:07:30> Initializing 3D Engine
<23:07:30> Script System Initialization
<23:07:30> Entity system initialization
<23:07:30> Initializing AI System
<23:07:30> Initializing additional systems
<23:07:30> Dynamic Response System initialization
<23:07:30> DLL Failed to load, error code: 7E
<23:07:30> No Dynamic Response System was loaded from a module, will use the NULL implementation.
<23:07:31> [Steam] Steam API initialized successfully
<23:07:31> <ThreadConfigInfo>: [XML Parsing] Thread with name "Main" already loaded. Overriding with new configuration
<23:07:31> <ThreadConfigInfo>: [XML Parsing] Thread with name "Network" already loaded. Overriding with new configuration
<23:07:31> <ThreadConfigInfo>: [XML Parsing] Thread with name "NetworkStallTicker" already loaded. Overriding with new configuration
<23:07:31> <ThreadConfigInfo>: [XML Parsing] Thread with name "ZLibCompressor" already loaded. Overriding with new configuration
<23:07:31> <ThreadConfigInfo>: [XML Parsing] Thread with name "NetworkStallTicker" already loaded. Overriding with new configuration
<23:07:31> <ThreadConfigInfo>: [XML Parsing] Thread with name "ZLibCompressor" already loaded. Overriding with new configuration
<23:07:31> <ThreadConfigInfo>: [XML Parsing] Thread with name "TelemetryCopier" already loaded. Overriding with new configuration
<23:07:31> <ThreadConfigInfo>: [XML Parsing] Thread with name "StatsAgent" already loaded. Overriding with new configuration
<23:07:31> <ThreadConfigInfo>: Thread profile loaded: "pc_8" (config/game.thread_config)  
<23:07:31> Initializing default materials...
<23:07:37> [MFX] Loading FXLib 'breakables' ...
<23:07:37> [MFX] Loading FXLib 'collisions' ...
<23:07:37> [MFX] Loading FXLib 'foley' ...
<23:07:37> [MFX] Loading FXLib 'foley_grunt' ...
<23:07:37> [MFX] Loading FXLib 'foley_player' ...
<23:07:37> [MFX] Loading FXLib 'footstep_grunt' ...
<23:07:37> [MFX] Loading FXLib 'footstep_player' ...
<23:07:37> [MFX] Loading FXLib 'footsteps' ...
<23:07:37> [MFX] Loading FXLib 'grenade' ...
<23:07:37> [MFX] Loading FXLib 'melee' ...
<23:07:37> [MFX] Loading FXLib 'player_fx' ...
<23:07:37> [MFX] Loading FXLib 'projectiles' ...
<23:07:37> [MFX] Loading FXLib 'tornado' ...
<23:07:37> [MFX] Loading FXLib 'vegetation' ...
<23:07:37> [MFX] Loading FXLib 'vehicles' ...
<23:07:37> [MFX] Loading FXLib 'breakables' ...
<23:07:37> [MFX] Loading FXLib 'collisions' ...
<23:07:37> [MFX] Loading FXLib 'foley' ...
<23:07:37> [MFX] Loading FXLib 'foley_grunt' ...
<23:07:37> [MFX] Loading FXLib 'foley_player' ...
<23:07:37> [MFX] Loading FXLib 'footstep_grunt' ...
<23:07:37> [MFX] Loading FXLib 'footstep_player' ...
<23:07:37> [MFX] Loading FXLib 'footsteps' ...
<23:07:37> [MFX] Loading FXLib 'grenade' ...
<23:07:37> [MFX] Loading FXLib 'melee' ...
<23:07:37> [MFX] Loading FXLib 'player_fx' ...
<23:07:37> [MFX] Loading FXLib 'projectiles' ...
<23:07:37> [MFX] Loading FXLib 'tornado' ...
<23:07:37> [MFX] Loading FXLib 'vegetation' ...
<23:07:37> [MFX] Loading FXLib 'vehicles' ...
<23:07:37> Creating socket on port 2838
<23:07:37> CreateDatagramSocket c1
<23:07:37> CreateDatagramSocket c2
<23:08:07> CreateDatagramSocket c1
<23:08:09> ============================ PrepareLevel multiplayer/Purgatorium_Esc ============================
<23:08:10> Game rules class: InstantAction
<23:08:31> CryAnimation: character-definition not found: objects/characters/human/sdk_player/sdk_player.cdf
<23:08:31> CryAnimation: character-definition not found: objects/characters/human/sdk_player/sdk_player.cdf
<23:08:31> CryAnimation: character-definition not found: objects/characters/human/sdk_player/sdk_player.cdf
<23:08:31> CryAnimation: character-definition not found: objects/characters/human/sdk_player/sdk_player.cdf
<23:08:31> CryAnimation: character-definition not found: objects/characters/human/sdk_player/sdk_player.cdf
<23:08:31> CryAnimation: character-definition not found: objects/characters/human/sdk_player/sdk_player.cdf
<23:08:31> CryAnimation: character-definition not found: objects/characters/human/sdk_player/sdk_player.cdf
<23:08:31> CryAnimation: character-definition not found: objects/characters/human/sdk_player/sdk_player.cdf
<23:08:31> CryAnimation: character-definition not found: objects/characters/human/sdk_player/sdk_player.cdf
<23:08:31> CryAnimation: character-definition not found: objects/characters/human/sdk_player/sdk_player.cdf
<23:08:31> CryAnimation: character-definition not found: objects/characters/human/sdk_player/sdk_player.cdf
<23:08:31> CryAnimation: character-definition not found: objects/characters/human/sdk_player/sdk_player.cdf
<23:08:31> CryAnimation: character-definition not found: objects/characters/human/sdk_player/sdk_player.cdf
<23:08:31> CryAnimation: character-definition not found: objects/characters/human/sdk_player/sdk_player.cdf
<23:08:31> CryAnimation: character-definition not found: objects/characters/human/sdk_player/sdk_player.cdf
<23:08:31> CryAnimation: character-definition not found: objects/characters/human/sdk_player/sdk_player.cdf
<23:08:31> CryAnimation: character-definition not found: objects/characters/human/sdk_player/sdk_player.cdf
<23:08:31> CryAnimation: character-definition not found: objects/characters/human/sdk_player/sdk_player.cdf
<23:08:31> CryAnimation: character-definition not found: objects/characters/human/sdk_player/sdk_player.cdf
<23:08:31> CryAnimation: character-definition not found: objects/characters/human/sdk_player/sdk_player.cdf
<23:08:31> CryAnimation: character-definition not found: objects/characters/human/sdk_player/sdk_player.cdf
<23:08:31> CryAnimation: character-definition not found: objects/characters/human/sdk_player/sdk_player.cdf
<23:08:31> CryAnimation: character-definition not found: objects/characters/human/sdk_player/sdk_player.cdf
<23:08:31> CryAnimation: character-definition not found: objects/characters/human/sdk_player/sdk_player.cdf
<23:08:31> CryAnimation: character-definition not found: objects/characters/human/sdk_player/sdk_player.cdf
<23:08:31> CryAnimation: character-definition not found: objects/characters/human/sdk_player/sdk_player.cdf
<23:08:31> CryAnimation: character-definition not found: objects/characters/human/sdk_player/sdk_player.cdf
<23:08:31> CryAnimation: character-definition not found: objects/characters/human/sdk_player/sdk_player.cdf
<23:08:31> CryAnimation: character-definition not found: objects/characters/human/sdk_player/sdk_player.cdf
<23:08:31> CryAnimation: character-definition not found: objects/characters/human/sdk_player/sdk_player.cdf
<23:08:31> CryAnimation: character-definition not found: objects/characters/human/sdk_player/sdk_player.cdf
<23:08:31> CryAnimation: character-definition not found: objects/characters/human/sdk_player/sdk_player.cdf
<23:08:31> CryAnimation: character-definition not found: objects/characters/human/sdk_player/sdk_player.cdf
<23:08:31> CryAnimation: character-definition not found: objects/characters/human/sdk_player/sdk_player.cdf
<23:08:31> CryAnimation: character-definition not found: objects/characters/human/sdk_player/sdk_player.cdf
<23:08:31> CryAnimation: character-definition not found: objects/characters/human/sdk_player/sdk_player.cdf
<23:08:31> CryAnimation: character-definition not found: objects/characters/human/sdk_player/sdk_player.cdf
<23:08:31> CryAnimation: character-definition not found: objects/characters/human/sdk_player/sdk_player.cdf
<23:08:31> CryAnimation: character-definition not found: objects/characters/human/sdk_player/sdk_player.cdf
<23:08:31> CryAnimation: character-definition not found: objects/characters/human/sdk_player/sdk_player.cdf
<23:08:31> CryAnimation: character-definition not found: objects/characters/human/sdk_player/sdk_player.cdf
<23:08:31> CryAnimation: character-definition not found: objects/characters/human/sdk_player/sdk_player.cdf
<23:08:31> CryAnimation: character-definition not found: objects/characters/human/sdk_player/sdk_player.cdf
<23:08:31> CryAnimation: character-definition not found: objects/characters/human/sdk_player/sdk_player.cdf
<23:08:31> CryAnimation: character-definition not found: objects/characters/human/sdk_player/sdk_player.cdf
<23:08:31> CryAnimation: character-definition not found: objects/characters/human/sdk_player/sdk_player.cdf
<23:08:31> CryAnimation: character-definition not found: objects/characters/human/sdk_player/sdk_player.cdf
<23:08:31> CryAnimation: character-definition not found: objects/characters/human/sdk_player/sdk_player.cdf
<23:08:31> CryAnimation: character-definition not found: objects/characters/human/sdk_player/sdk_player.cdf
<23:08:31> CryAnimation: character-definition not found: objects/characters/human/sdk_player/sdk_player.cdf
<23:08:31> CryAnimation: character-definition not found: objects/characters/human/sdk_player/sdk_player.cdf
<23:08:31> CryAnimation: character-definition not found: objects/characters/human/sdk_player/sdk_player.cdf
<23:08:31> CryAnimation: character-definition not found: objects/characters/human/sdk_player/sdk_player.cdf
<23:08:31> CryAnimation: character-definition not found: objects/characters/human/sdk_player/sdk_player.cdf
<23:08:34> CryAnimation: character-definition not found: objects/characters/human/sdk_player/sdk_player.cdf
<23:08:34> CryAnimation: character-definition not found: objects/characters/human/sdk_player/sdk_player.cdf
<23:08:34> CryAnimation: character-definition not found: objects/characters/human/sdk_player/sdk_player.cdf
<23:08:36> PLAYERNAME Kornflakes
<23:08:36> CryAnimation: character-definition not found: objects/characters/man.cdf
<23:08:36> CryAnimation: character-definition not found: objects/characters/human/sdk_player/sdk_player.cdf
<23:08:36> CryAnimation: character-definition not found: objects/characters/human/sdk_player/sdk_player.cdf
<23:08:36> CryAnimation: character-definition not found: objects/characters/human/sdk_player/sdk_player.cdf
<23:08:46> d_prerec_msg 
<23:08:48> d_prerec_msg 
<23:08:50> ast_used_prerec_msg 
<23:08:50> d_prerec_msg 
<23:08:50> d_prerec_msg 
<23:08:52> d_prerec_msg 
<23:08:52> ed_prerec_msg 
<23:08:54> ed_prerec_msg 
<23:08:54> sed_prerec_msg 
<23:08:58> CryAnimation: character-definition not found: objects/characters/human/sdk_player/sdk_player.cdf
<23:08:58> CryAnimation: character-definition not found: objects/characters/human/sdk_player/sdk_player.cdf
<23:08:58> CryAnimation: character-definition not found: objects/characters/human/sdk_player/sdk_player.cdf
<23:08:59> st_used_prerec_msg 
<23:09:00> st_used_prerec_msg 
<23:09:01> st_used_prerec_msg 
<23:09:03> ed_prerec_msg 
<23:09:04> d_prerec_msg 
<23:09:07> st_used_prerec_msg 
<23:09:08> st_used_prerec_msg 
<23:09:09> st_used_prerec_msg 
<23:09:10> st_used_prerec_msg 
<23:09:20> st_used_prerec_msg 
<23:09:21> st_used_prerec_msg 
<23:09:23> st_used_prerec_msg 
<23:09:34> ast_used_prerec_msg 
<23:09:36> d_prerec_msg 
<23:09:37> st_used_prerec_msg 
<23:09:38> d_prerec_msg 
<23:09:39> st_used_prerec_msg 
<23:09:40> ast_used_prerec_msg 
<23:09:50> d_prerec_msg 
<23:10:31> CryAnimation: character-definition not found: objects/characters/human/sdk_player/sdk_player.cdf
<23:10:31> CryAnimation: character-definition not found: objects/characters/human/sdk_player/sdk_player.cdf
<23:10:31> CryAnimation: character-definition not found: objects/characters/human/sdk_player/sdk_player.cdf
<23:10:52> d_prerec_msg 
<23:10:54> d_prerec_msg 
<23:11:05> d_prerec_msg 
<23:11:08> d_prerec_msg 
<23:11:09> CVehicleSeat::NetSetPassengerId c2
<23:11:09> CVehicleSeat::Enter called
<23:11:29> CVehicleSeat::Exit called
<23:11:29> CVehicleSeat::Exit called c2
<23:11:29> ClProcessLeave call
<23:11:31> d_prerec_msg 
<23:11:33> d_prerec_msg 
<23:11:33> ed_prerec_msg 
<23:11:38> ed_prerec_msg 
<23:12:10> CVehicleSeat::NetSetPassengerId c2
<23:12:10> CVehicleSeat::Enter called
<23:12:15> d_prerec_msg 
<23:12:19> d_prerec_msg 
<23:12:26> CVehicleSeat::Exit called
<23:12:26> CVehicleSeat::Exit called c2
<23:12:26> ClProcessLeave call
<23:12:45> ed_prerec_msg 
<23:12:47> d_prerec_msg 
<23:12:49> d_prerec_msg 
<23:12:50> d_prerec_msg 
<23:12:51> ast_used_prerec_msg 
<23:12:53> ast_used_prerec_msg 
<23:12:53> d_prerec_msg 
<23:12:55> ast_used_prerec_msg 
<23:12:57> d_prerec_msg 
<23:12:58> CryAnimation: character-definition not found: objects/characters/human/sdk_player/sdk_player.cdf
<23:12:58> CryAnimation: character-definition not found: objects/characters/human/sdk_player/sdk_player.cdf
<23:12:58> CryAnimation: character-definition not found: objects/characters/human/sdk_player/sdk_player.cdf
<23:13:01> t_used_prerec_msg 
<23:13:01> st_used_prerec_msg 
<23:13:03> st_used_prerec_msg 
<23:13:04> st_used_prerec_msg 
<23:13:06> ast_used_prerec_msg 
<23:13:18> CVehicleSeat::NetSetPassengerId c2
<23:13:18> CVehicleSeat::Enter called
<23:13:19> CVehicleSeat::Exit called
<23:13:19> CVehicleSeat::Exit called c2
<23:13:19> ClProcessLeave call
<23:13:21> CVehicleSeat::NetSetPassengerId c2
<23:13:21> CVehicleSeat::Enter called
<23:13:28> CVehicleSeat::Exit called
<23:13:28> CVehicleSeat::Exit called c2
<23:13:28> ClProcessLeave call
<23:13:39> ed_prerec_msg 
<23:14:06> CVehicleSeat::NetSetPassengerId c2
<23:14:06> CVehicleSeat::Enter called
<23:14:16> CVehicleSeat::Exit called
<23:14:16> CVehicleSeat::Exit called c2
<23:14:16> ClProcessLeave call
<23:14:53> sed_prerec_msg 
<23:14:57> CHUDNv::showPickArmorGradient()
<23:15:14> CHUDNv::showPickArmorGradient()
<23:15:15> ed_prerec_msg 
<23:15:15> d_prerec_msg 
<23:15:26> CHUDNv::showPickArmorGradient()
<23:15:50> ast_used_prerec_msg 
<23:15:52> ast_used_prerec_msg 
<23:15:56> CTrain::SmplPlaySnd train_gts
<23:16:35> sed_prerec_msg 
<23:17:07> CTrain::SmplPlaySnd train_gts
<23:17:15> d_prerec_msg 
<23:17:44> ed_prerec_msg 
<23:18:12> d_prerec_msg 
<23:18:34> CTrain::SmplPlaySnd train_gts
<23:18:48> CTrain::SmplPlaySnd train_gts
<23:19:08> CVehicleSeat::NetSetPassengerId c2
<23:19:08> CVehicleSeat::Enter called
<23:19:08> CVehicleSeat::Exit called
<23:19:08> CVehicleSeat::Exit called c2
<23:19:08> ClProcessLeave call
<23:19:18> CTrain::SmplPlaySnd train_gts
<23:19:25> CVehicleSeat::NetSetPassengerId c2
<23:19:25> CVehicleSeat::Enter called
<23:19:26> CVehicleSeat::Exit called
<23:19:26> CVehicleSeat::Exit called c2
<23:19:26> ClProcessLeave call
<23:19:33> ast_used_prerec_msg 
<23:19:36> d_prerec_msg 
<23:19:37> ast_used_prerec_msg 
<23:19:38> d_prerec_msg 
<23:19:39> ast_used_prerec_msg 
<23:19:40> ast_used_prerec_msg 
<23:19:41> ast_used_prerec_msg 
<23:19:50> ast_used_prerec_msg 
<23:19:52> ast_used_prerec_msg 
<23:20:05> CTrain::SmplPlaySnd train_gts
<23:20:22> ast_used_prerec_msg 
<23:20:24> st_used_prerec_msg 
<23:20:26> ast_used_prerec_msg 
<23:20:37> CTrain::SmplPlaySnd train_gts
<23:20:58> CHUDNv::showPickArmorGradient()
<23:20:59> CHUDNv::showPickArmorGradient()
<23:21:00> CTrain::SmplPlaySnd train_gts
<23:21:05> CryAnimation: character-definition not found: objects/characters/human/sdk_player/sdk_player.cdf
<23:21:05> CryAnimation: character-definition not found: objects/characters/human/sdk_player/sdk_player.cdf
<23:21:05> CryAnimation: character-definition not found: objects/characters/human/sdk_player/sdk_player.cdf
<23:21:25> CryAnimation: character-definition not found: objects/characters/human/sdk_player/sdk_player.cdf
<23:21:25> CryAnimation: character-definition not found: objects/characters/human/sdk_player/sdk_player.cdf
<23:21:25> CryAnimation: character-definition not found: objects/characters/human/sdk_player/sdk_player.cdf
<23:21:41> CTrain::SmplPlaySnd train_gts
<23:22:22> CHUDNv::showPickArmorGradient()
<23:23:12> gEnv->pRenderer->Draw2dImage XXX
<23:23:13> remapped bone indices with refcount '4294967289' still around for 'objects/zhg_objects/characters/sets/vanityset/vanityset_torso.skin 0x0000020673216520
<23:23:13> remapped bone indices with refcount '4294967289' still around for 'objects/zhg_objects/characters/sets/vanityset/vanityset_torso.skin 0x0000020673219D60
<23:23:13> remapped bone indices with refcount '4294967289' still around for 'objects/zhg_objects/characters/sets/vanityset/vanityset_torso.skin 0x0000020673218DC0
<23:23:13> remapped bone indices with refcount '4294967289' still around for 'objects/zhg_objects/characters/sets/vanityset/vanityset_pants.skin 0x0000020673219A40
<23:23:13> remapped bone indices with refcount '4294967289' still around for 'objects/zhg_objects/characters/sets/vanityset/vanityset_pants.skin 0x0000020673218AA0
<23:23:13> remapped bone indices with refcount '4294967289' still around for 'objects/zhg_objects/characters/sets/vanityset/vanityset_pants.skin 0x00000206732190E0
<23:23:13> remapped bone indices with refcount '4294967289' still around for 'objects/zhg_objects/characters/sets/vanityset/vanityset_head.skin 0x0000020673218140
<23:23:13> remapped bone indices with refcount '4294967289' still around for 'objects/zhg_objects/characters/sets/vanityset/vanityset_head.skin 0x00000206732177E0
<23:23:13> remapped bone indices with refcount '4294967289' still around for 'objects/zhg_objects/characters/sets/vanityset/vanityset_head.skin 0x0000020673218460
<23:23:13> remapped bone indices with refcount '4294967289' still around for 'objects/zhg_objects/characters/sets/safetyset/safetyset_head.skin 0x0000020673219400
<23:23:13> remapped bone indices with refcount '4294967289' still around for 'objects/zhg_objects/characters/sets/safetyset/safetyset_head.skin 0x0000020673219720
<23:23:13> remapped bone indices with refcount '4294967289' still around for 'objects/zhg_objects/characters/sets/safetyset/safetyset_head.skin 0x00000206732174C0
<23:23:13> remapped bone indices with refcount '4294967273' still around for 'objects/zhg_objects/characters/sets/rebellionset/rebellionset_torso.skin 0x0000020673216200
<23:23:13> remapped bone indices with refcount '4294967273' still around for 'objects/zhg_objects/characters/sets/rebellionset/rebellionset_torso.skin 0x0000020673216B60
<23:23:13> remapped bone indices with refcount '4294967273' still around for 'objects/zhg_objects/characters/sets/rebellionset/rebellionset_torso.skin 0x00000206732171A0
<23:23:13> remapped bone indices with refcount '4294967281' still around for 'objects/zhg_objects/characters/sets/rebellionset/rebellionset_pants.skin 0x0000020673216840
<23:23:13> remapped bone indices with refcount '4294967281' still around for 'objects/zhg_objects/characters/sets/rebellionset/rebellionset_pants.skin 0x0000020673216E80
<23:23:13> remapped bone indices with refcount '4294967281' still around for 'objects/zhg_objects/characters/sets/rebellionset/rebellionset_pants.skin 0x0000020673217E20
<23:23:13> remapped bone indices with refcount '4294967289' still around for 'objects/zhg_objects/characters/sets/rebellionset/rebellionset_head.skin 0x0000020673217B00
<23:23:13> remapped bone indices with refcount '4294967289' still around for 'objects/zhg_objects/characters/sets/rebellionset/rebellionset_head.skin 0x000002067321BE30
<23:23:13> remapped bone indices with refcount '4294967289' still around for 'objects/zhg_objects/characters/sets/rebellionset/rebellionset_head.skin 0x000002067321BB10
<23:23:13> remapped bone indices with refcount '4294967281' still around for 'objects/zhg_objects/characters/sets/rebellionset/rebelliomset_hands.skin 0x000002067321B4D0
<23:23:13> remapped bone indices with refcount '4294967281' still around for 'objects/zhg_objects/characters/sets/rebellionset/rebelliomset_hands.skin 0x000002067321B1B0
<23:23:13> remapped bone indices with refcount '4294967281' still around for 'objects/zhg_objects/characters/sets/rebellionset/rebelliomset_hands.skin 0x000002067321AE90
<23:23:13> remapped bone indices with refcount '4294967281' still around for 'objects/zhg_objects/characters/sets/rebellionset/rebelliomset_hands.skin 0x000002067321D0F0
<23:23:13> remapped bone indices with refcount '4294967289' still around for 'objects/zhg_objects/characters/sets/loverset/loverset_torso.skin 0x000002067321AB70
<23:23:13> remapped bone indices with refcount '4294967289' still around for 'objects/zhg_objects/characters/sets/loverset/loverset_torso.skin 0x000002067321A850
<23:23:13> remapped bone indices with refcount '4294967289' still around for 'objects/zhg_objects/characters/sets/loverset/loverset_torso.skin 0x000002067321A210
<23:23:13> remapped bone indices with refcount '4294967289' still around for 'objects/zhg_objects/characters/sets/loverset/loverset_head.skin 0x000002067321C790
<23:23:13> remapped bone indices with refcount '4294967289' still around for 'objects/zhg_objects/characters/sets/loverset/loverset_head.skin 0x000002067321CDD0
<23:23:13> remapped bone indices with refcount '4294967289' still around for 'objects/zhg_objects/characters/sets/loverset/loverset_head.skin 0x000002067321DA50
<23:23:13> remapped bone indices with refcount '4294967289' still around for 'objects/zhg_objects/characters/sets/leaderset/leaderset_torso.skin 0x000002067321D730
<23:23:13> remapped bone indices with refcount '4294967289' still around for 'objects/zhg_objects/characters/sets/leaderset/leaderset_torso.skin 0x000002067321C150
<23:23:13> remapped bone indices with refcount '4294967289' still around for 'objects/zhg_objects/characters/sets/leaderset/leaderset_torso.skin 0x000002067321DD70
<23:23:13> remapped bone indices with refcount '4294967289' still around for 'objects/zhg_objects/characters/sets/leaderset/leaderset_pants.skin 0x000002067321CAB0
<23:23:13> remapped bone indices with refcount '4294967289' still around for 'objects/zhg_objects/characters/sets/leaderset/leaderset_pants.skin 0x000002067321B7F0
<23:23:13> remapped bone indices with refcount '4294967289' still around for 'objects/zhg_objects/characters/sets/leaderset/leaderset_pants.skin 0x000002067321C470
<23:23:13> remapped bone indices with refcount '4294967289' still around for 'objects/zhg_objects/characters/sets/leaderset/leaderset_head.skin 0x000002067321D410
<23:23:13> remapped bone indices with refcount '4294967289' still around for 'objects/zhg_objects/characters/sets/leaderset/leaderset_head.skin 0x000002067321A530
<23:23:13> remapped bone indices with refcount '4294967289' still around for 'objects/zhg_objects/characters/sets/leaderset/leaderset_head.skin 0x0000020741FDE9D0
<23:23:13> remapped bone indices with refcount '4294967289' still around for 'objects/zhg_objects/characters/sets/hopefullset/hopefullset_torso.skin 0x0000020741FDE070
<23:23:13> remapped bone indices with refcount '4294967289' still around for 'objects/zhg_objects/characters/sets/hopefullset/hopefullset_torso.skin 0x0000020741FE0F50
<23:23:13> remapped bone indices with refcount '4294967289' still around for 'objects/zhg_objects/characters/sets/hopefullset/hopefullset_torso.skin 0x0000020741FE0C30
<23:23:13> remapped bone indices with refcount '4294967289' still around for 'objects/zhg_objects/characters/sets/hopefullset/hopefullset_pants.skin 0x0000020741FE0910
<23:23:13> remapped bone indices with refcount '4294967289' still around for 'objects/zhg_objects/characters/sets/hopefullset/hopefullset_pants.skin 0x0000020741FDF970
<23:23:13> remapped bone indices with refcount '4294967289' still around for 'objects/zhg_objects/characters/sets/hopefullset/hopefullset_pants.skin 0x0000020741FE1BD0
<23:23:13> remapped bone indices with refcount '4294967289' still around for 'objects/zhg_objects/characters/sets/hopefullset/hopefullset_head.skin 0x0000020741FE18B0
<23:23:13> remapped bone indices with refcount '4294967289' still around for 'objects/zhg_objects/characters/sets/hopefullset/hopefullset_head.skin 0x0000020741FE05F0
<23:23:13> remapped bone indices with refcount '4294967289' still around for 'objects/zhg_objects/characters/sets/hopefullset/hopefullset_head.skin 0x0000020741FE1590
<23:23:13> remapped bone indices with refcount '4294967289' still around for 'objects/zhg_objects/characters/sets/doubtset/doubtset_head.skin 0x0000020741FE1270
<23:23:13> remapped bone indices with refcount '4294967294' still around for 'objects/zhg_objects/characters/conserve/conserve_body.skin 0x0000020741FDF650
<23:23:13> remapped bone indices with refcount '4294967294' still around for 'objects/zhg_objects/characters/conserve/conserve_body.skin 0x0000020741FE02D0
<23:23:13> remapped bone indices with refcount '4294967294' still around for 'objects/zhg_objects/characters/conserve/conserve_body.skin 0x0000020741FDFC90
<23:23:22> CreateDatagramSocket c1
<23:23:24> Game rules class: InstantAction
<23:23:24> ============================ PrepareLevel Multiplayer/Purgatorium_Esc_Cw ============================
<23:23:25> Initializing default materials...
<23:23:30> [MFX] Loading FXLib 'breakables' ...
<23:23:30> [MFX] Loading FXLib 'collisions' ...
<23:23:30> [MFX] Loading FXLib 'foley' ...
<23:23:30> [MFX] Loading FXLib 'foley_grunt' ...
<23:23:30> [MFX] Loading FXLib 'foley_player' ...
<23:23:30> [MFX] Loading FXLib 'footstep_grunt' ...
<23:23:30> [MFX] Loading FXLib 'footstep_player' ...
<23:23:30> [MFX] Loading FXLib 'footsteps' ...
<23:23:30> [MFX] Loading FXLib 'grenade' ...
<23:23:30> [MFX] Loading FXLib 'melee' ...
<23:23:30> [MFX] Loading FXLib 'player_fx' ...
<23:23:30> [MFX] Loading FXLib 'projectiles' ...
<23:23:30> [MFX] Loading FXLib 'tornado' ...
<23:23:30> [MFX] Loading FXLib 'vegetation' ...
<23:23:30> [MFX] Loading FXLib 'vehicles' ...
<23:23:47> CryAnimation: character-definition not found: objects/characters/human/sdk_player/sdk_player.cdf
<23:23:47> CryAnimation: character-definition not found: objects/characters/human/sdk_player/sdk_player.cdf
<23:23:47> CryAnimation: character-definition not found: objects/characters/human/sdk_player/sdk_player.cdf
<23:23:47> CryAnimation: character-definition not found: objects/characters/human/sdk_player/sdk_player.cdf
<23:23:47> CryAnimation: character-definition not found: objects/characters/human/sdk_player/sdk_player.cdf
<23:23:47> CryAnimation: character-definition not found: objects/characters/human/sdk_player/sdk_player.cdf
<23:23:47> CryAnimation: character-definition not found: objects/characters/human/sdk_player/sdk_player.cdf
<23:23:47> CryAnimation: character-definition not found: objects/characters/human/sdk_player/sdk_player.cdf
<23:23:47> CryAnimation: character-definition not found: objects/characters/human/sdk_player/sdk_player.cdf
<23:23:47> CryAnimation: character-definition not found: objects/characters/human/sdk_player/sdk_player.cdf
<23:23:47> CryAnimation: character-definition not found: objects/characters/human/sdk_player/sdk_player.cdf
<23:23:47> CryAnimation: character-definition not found: objects/characters/human/sdk_player/sdk_player.cdf
<23:23:47> CryAnimation: character-definition not found: objects/characters/human/sdk_player/sdk_player.cdf
<23:23:47> CryAnimation: character-definition not found: objects/characters/human/sdk_player/sdk_player.cdf
<23:23:47> CryAnimation: character-definition not found: objects/characters/human/sdk_player/sdk_player.cdf
<23:23:47> CryAnimation: character-definition not found: objects/characters/human/sdk_player/sdk_player.cdf
<23:23:47> CryAnimation: character-definition not found: objects/characters/human/sdk_player/sdk_player.cdf
<23:23:47> CryAnimation: character-definition not found: objects/characters/human/sdk_player/sdk_player.cdf
<23:23:47> CryAnimation: character-definition not found: objects/characters/human/sdk_player/sdk_player.cdf
<23:23:47> CryAnimation: character-definition not found: objects/characters/human/sdk_player/sdk_player.cdf
<23:23:47> CryAnimation: character-definition not found: objects/characters/human/sdk_player/sdk_player.cdf
<23:23:47> CryAnimation: character-definition not found: objects/characters/human/sdk_player/sdk_player.cdf
<23:23:47> CryAnimation: character-definition not found: objects/characters/human/sdk_player/sdk_player.cdf
<23:23:47> CryAnimation: character-definition not found: objects/characters/human/sdk_player/sdk_player.cdf
<23:23:47> CryAnimation: character-definition not found: objects/characters/human/sdk_player/sdk_player.cdf
<23:23:47> CryAnimation: character-definition not found: objects/characters/human/sdk_player/sdk_player.cdf
<23:23:47> CryAnimation: character-definition not found: objects/characters/human/sdk_player/sdk_player.cdf
<23:23:47> CryAnimation: character-definition not found: objects/characters/human/sdk_player/sdk_player.cdf
<23:23:47> CryAnimation: character-definition not found: objects/characters/human/sdk_player/sdk_player.cdf
<23:23:47> CryAnimation: character-definition not found: objects/characters/human/sdk_player/sdk_player.cdf
<23:23:48> CryAnimation: character-definition not found: objects/characters/human/sdk_player/sdk_player.cdf
<23:23:48> CryAnimation: character-definition not found: objects/characters/human/sdk_player/sdk_player.cdf
<23:23:48> CryAnimation: character-definition not found: objects/characters/human/sdk_player/sdk_player.cdf
<23:23:49> d_prerec_msg 
<23:23:50> d_prerec_msg 
<23:23:51> CryAnimation: character-definition not found: objects/characters/human/sdk_player/sdk_player.cdf
<23:23:51> CryAnimation: character-definition not found: objects/characters/human/sdk_player/sdk_player.cdf
<23:23:51> CryAnimation: character-definition not found: objects/characters/human/sdk_player/sdk_player.cdf
<23:23:53> PLAYERNAME Kornflakes
<23:23:53> CryAnimation: character-definition not found: objects/characters/man.cdf
<23:23:54> CryAnimation: character-definition not found: objects/characters/human/sdk_player/sdk_player.cdf
<23:23:54> CryAnimation: character-definition not found: objects/characters/human/sdk_player/sdk_player.cdf
<23:23:54> CryAnimation: character-definition not found: objects/characters/human/sdk_player/sdk_player.cdf
<23:23:56> CryAnimation: character-definition not found: objects/characters/human/sdk_player/sdk_player.cdf
<23:23:56> CryAnimation: character-definition not found: objects/characters/human/sdk_player/sdk_player.cdf
<23:23:56> CryAnimation: character-definition not found: objects/characters/human/sdk_player/sdk_player.cdf
<23:23:57> erec_msg 
<23:24:02> ast_used_prerec_msg 
<23:24:03> CryAnimation: character-definition not found: objects/characters/human/sdk_player/sdk_player.cdf
<23:24:03> CryAnimation: character-definition not found: objects/characters/human/sdk_player/sdk_player.cdf
<23:24:03> CryAnimation: character-definition not found: objects/characters/human/sdk_player/sdk_player.cdf
<23:24:07> ast_used_prerec_msg 
<23:24:12> CryAnimation: character-definition not found: objects/characters/human/sdk_player/sdk_player.cdf
<23:24:12> CryAnimation: character-definition not found: objects/characters/human/sdk_player/sdk_player.cdf
<23:24:12> CryAnimation: character-definition not found: objects/characters/human/sdk_player/sdk_player.cdf
<23:24:12> ast_used_prerec_msg 
<23:24:18> d_prerec_msg 
<23:24:21> d_prerec_msg 
<23:24:25> d_prerec_msg 
<23:24:30> CryAnimation: character-definition not found: objects/characters/human/sdk_player/sdk_player.cdf
<23:24:30> CryAnimation: character-definition not found: objects/characters/human/sdk_player/sdk_player.cdf
<23:24:30> CryAnimation: character-definition not found: objects/characters/human/sdk_player/sdk_player.cdf
<23:24:38> d_prerec_msg 
<23:24:39> d_prerec_msg 
<23:24:40> ast_used_prerec_msg 
<23:24:42> ast_used_prerec_msg 
<23:24:45> ast_used_prerec_msg 
<23:24:53> t_used_prerec_msg 
<23:24:55> ed_prerec_msg 
<23:24:56> st_used_prerec_msg 
<23:24:58> ast_used_prerec_msg 
<23:24:58> d_prerec_msg 
<23:24:59> sed_prerec_msg 
<23:24:59> d_prerec_msg 
<23:25:10> ed_prerec_msg 
<23:25:12> d_prerec_msg 
<23:25:13> d_prerec_msg 
<23:25:17> st_used_prerec_msg 
<23:25:17> d_prerec_msg 
<23:25:17> sed_prerec_msg 
<23:25:18> d_prerec_msg 
<23:25:21> sed_prerec_msg 
<23:25:22> ast_used_prerec_msg 
<23:25:25> d_prerec_msg 
<23:25:27> used_prerec_msg 
<23:25:28> CryAnimation: character-definition not found: objects/characters/human/sdk_player/sdk_player.cdf
<23:25:28> CryAnimation: character-definition not found: objects/characters/human/sdk_player/sdk_player.cdf
<23:25:28> CryAnimation: character-definition not found: objects/characters/human/sdk_player/sdk_player.cdf
<23:25:29> d_prerec_msg 
<23:25:30> d_prerec_msg 
<23:25:31> ed_prerec_msg 
<23:25:33> ast_used_prerec_msg 
<23:25:34> d_prerec_msg 
<23:25:35> d_prerec_msg 
<23:25:36> ast_used_prerec_msg 
<23:25:38> ast_used_prerec_msg 
<23:25:45> d_prerec_msg 
<23:25:47> _used_prerec_msg 
<23:25:51> d_prerec_msg 
<23:25:53> _used_prerec_msg 
<23:25:55> _used_prerec_msg 
<23:25:59> sed_prerec_msg 
<23:26:07> sed_prerec_msg 
<23:26:10> sed_prerec_msg 
<23:26:15> CryAnimation: character-definition not found: objects/characters/human/sdk_player/sdk_player.cdf
<23:26:15> CryAnimation: character-definition not found: objects/characters/human/sdk_player/sdk_player.cdf
<23:26:15> CryAnimation: character-definition not found: objects/characters/human/sdk_player/sdk_player.cdf
<23:26:30> d_prerec_msg 
<23:26:38> CryAnimation: character-definition not found: objects/characters/human/sdk_player/sdk_player.cdf
<23:26:38> CryAnimation: character-definition not found: objects/characters/human/sdk_player/sdk_player.cdf
<23:26:38> CryAnimation: character-definition not found: objects/characters/human/sdk_player/sdk_player.cdf
<23:26:54> ast_used_prerec_msg 
<23:26:56> st_used_prerec_msg 
<23:26:57> st_used_prerec_msg 
<23:26:59> sed_prerec_msg 
<23:27:03> sed_prerec_msg 
<23:27:08> d_prerec_msg 
<23:27:11> sed_prerec_msg 
<23:27:17> CryAnimation: character-definition not found: objects/characters/human/sdk_player/sdk_player.cdf
<23:27:17> CryAnimation: character-definition not found: objects/characters/human/sdk_player/sdk_player.cdf
<23:27:17> CryAnimation: character-definition not found: objects/characters/human/sdk_player/sdk_player.cdf
<23:27:22> ast_used_prerec_msg 
<23:28:07> CHUDNv::showPickArmorGradient()
<23:28:10> CVehicleSeat::NetSetPassengerId c2
<23:28:10> CVehicleSeat::Enter called
<23:28:11> CHUDNv::showPickArmorGradient()
<23:28:12> CHUDNv::showPickArmorGradient()
<23:28:23> CVehicleSeat::Exit called
<23:28:23> CVehicleSeat::Exit called c2
<23:28:23> ClProcessLeave call
<23:28:40> CVehicleSeat::NetSetPassengerId c2
<23:28:40> CVehicleSeat::Enter called
<23:29:55> CVehicleSeat::NetSetPassengerId c2
<23:29:55> CVehicleSeat::Enter called
<23:31:33> CVehicleSeat::NetSetPassengerId c2
<23:31:33> CVehicleSeat::Enter called
<23:31:40> CVehicleSeat::NetSetPassengerId c2
<23:31:40> CVehicleSeat::Enter called
<23:31:40> CVehicle::OnAction eVAI_Exit
<23:31:40> CVehicleSeat::Exit called
<23:31:40> CVehicleSeat::Exit called c2
<23:31:40> ClProcessLeave call
<23:31:43> CVehicleSeat::NetSetPassengerId c2
<23:31:43> CVehicleSeat::Enter called
<23:31:43> CVehicle::OnAction eVAI_Exit
<23:31:43> CVehicleSeat::Exit called
<23:31:43> CVehicleSeat::Exit called c2
<23:31:43> ClProcessLeave call
<23:31:50> CVehicleSeat::Exit called
<23:31:50> CVehicleSeat::Exit called c2
<23:31:50> ClProcessLeave call
<23:32:09> CryAnimation: character-definition not found: objects/characters/human/sdk_player/sdk_player.cdf
<23:32:09> CryAnimation: character-definition not found: objects/characters/human/sdk_player/sdk_player.cdf
<23:32:09> CryAnimation: character-definition not found: objects/characters/human/sdk_player/sdk_player.cdf
<23:32:33> sed_prerec_msg 
<23:33:57> sed_prerec_msg 
<23:34:01> ed_prerec_msg 
<23:34:03> CHUDNv::showPickArmorGradient()
<23:34:04> sed_prerec_msg 
<23:34:13> CHUDNv::showPickArmorGradient()
<23:35:19> CVehicleSeat::NetSetPassengerId c2
<23:35:19> CVehicleSeat::Enter called
<23:35:32> CVehicleSeat::Exit called
<23:35:32> CVehicleSeat::Exit called c2
<23:35:32> ClProcessLeave call
<23:35:35> CGameClientChannel::Release
<23:35:35> gEnv->pRenderer->Draw2dImage XXX
<23:35:38> remapped bone indices with refcount '4294967293' still around for 'objects/zhg_objects/characters/sets/vanityset/vanityset_torso.skin 0x00000207A2142210
<23:35:38> remapped bone indices with refcount '4294967293' still around for 'objects/zhg_objects/characters/sets/vanityset/vanityset_torso.skin 0x00000207A213ECF0
<23:35:38> remapped bone indices with refcount '4294967293' still around for 'objects/zhg_objects/characters/sets/vanityset/vanityset_torso.skin 0x00000207A213FFB0
<23:35:38> remapped bone indices with refcount '4294967293' still around for 'objects/zhg_objects/characters/sets/vanityset/vanityset_pants.skin 0x00000207A213BE10
<23:35:38> remapped bone indices with refcount '4294967293' still around for 'objects/zhg_objects/characters/sets/vanityset/vanityset_pants.skin 0x00000207A2142B70
<23:35:38> remapped bone indices with refcount '4294967293' still around for 'objects/zhg_objects/characters/sets/vanityset/vanityset_pants.skin 0x00000207A213F010
<23:35:38> remapped bone indices with refcount '4294967293' still around for 'objects/zhg_objects/characters/sets/vanityset/vanityset_head.skin 0x00000207A213C130
<23:35:38> remapped bone indices with refcount '4294967293' still around for 'objects/zhg_objects/characters/sets/vanityset/vanityset_head.skin 0x00000207A213A510
<23:35:38> remapped bone indices with refcount '4294967293' still around for 'objects/zhg_objects/characters/sets/vanityset/vanityset_head.skin 0x00000207A2139ED0
<23:35:38> remapped bone indices with refcount '4294967293' still around for 'objects/zhg_objects/characters/sets/safetyset/safetyset_head.skin 0x00000207A2139BB0
<23:35:38> remapped bone indices with refcount '4294967293' still around for 'objects/zhg_objects/characters/sets/safetyset/safetyset_head.skin 0x00000207A2139890
<23:35:38> remapped bone indices with refcount '4294967293' still around for 'objects/zhg_objects/characters/sets/safetyset/safetyset_head.skin 0x00000207A2139570
<23:35:38> remapped bone indices with refcount '4294967285' still around for 'objects/zhg_objects/characters/sets/rebellionset/rebellionset_torso.skin 0x00000207A2139250
<23:35:38> remapped bone indices with refcount '4294967285' still around for 'objects/zhg_objects/characters/sets/rebellionset/rebellionset_torso.skin 0x00000207A2138F30
<23:35:38> remapped bone indices with refcount '4294967285' still around for 'objects/zhg_objects/characters/sets/rebellionset/rebellionset_torso.skin 0x00000207A2138C10
<23:35:38> remapped bone indices with refcount '4294967289' still around for 'objects/zhg_objects/characters/sets/rebellionset/rebellionset_pants.skin 0x00000207A21388F0
<23:35:38> remapped bone indices with refcount '4294967289' still around for 'objects/zhg_objects/characters/sets/rebellionset/rebellionset_pants.skin 0x00000207A213B7D0
<23:35:38> remapped bone indices with refcount '4294967289' still around for 'objects/zhg_objects/characters/sets/rebellionset/rebellionset_pants.skin 0x00000207A21385D0
<23:35:38> remapped bone indices with refcount '4294967293' still around for 'objects/zhg_objects/characters/sets/rebellionset/rebellionset_head.skin 0x00000207A21382B0
<23:35:38> remapped bone indices with refcount '4294967293' still around for 'objects/zhg_objects/characters/sets/rebellionset/rebellionset_head.skin 0x00000207A2137C70
<23:35:38> remapped bone indices with refcount '4294967293' still around for 'objects/zhg_objects/characters/sets/rebellionset/rebellionset_head.skin 0x00000207A2137950
<23:35:38> remapped bone indices with refcount '4294967289' still around for 'objects/zhg_objects/characters/sets/rebellionset/rebelliomset_hands.skin 0x00000207A213B4B0
<23:35:38> remapped bone indices with refcount '4294967289' still around for 'objects/zhg_objects/characters/sets/rebellionset/rebelliomset_hands.skin 0x00000207A213AE70
<23:35:38> remapped bone indices with refcount '4294967289' still around for 'objects/zhg_objects/characters/sets/rebellionset/rebelliomset_hands.skin 0x00000207A213A1F0
<23:35:38> remapped bone indices with refcount '4294967289' still around for 'objects/zhg_objects/characters/sets/rebellionset/rebelliomset_hands.skin 0x00000207A2137F90
<23:35:38> remapped bone indices with refcount '4294967293' still around for 'objects/zhg_objects/characters/sets/loverset/loverset_torso.skin 0x00000207A213AB50
<23:35:38> remapped bone indices with refcount '4294967293' still around for 'objects/zhg_objects/characters/sets/loverset/loverset_torso.skin 0x00000207A213A830
<23:35:38> remapped bone indices with refcount '4294967293' still around for 'objects/zhg_objects/characters/sets/loverset/loverset_torso.skin 0x00000207A213B190
<23:35:38> remapped bone indices with refcount '4294967293' still around for 'objects/zhg_objects/characters/sets/loverset/loverset_head.skin 0x00000207A2137630
<23:35:38> remapped bone indices with refcount '4294967293' still around for 'objects/zhg_objects/characters/sets/loverset/loverset_head.skin 0x00000207A212F930
<23:35:38> remapped bone indices with refcount '4294967293' still around for 'objects/zhg_objects/characters/sets/loverset/loverset_head.skin 0x00000207A2134430
<23:35:38> remapped bone indices with refcount '4294967293' still around for 'objects/zhg_objects/characters/sets/leaderset/leaderset_torso.skin 0x00000207A2136CD0
<23:35:38> remapped bone indices with refcount '4294967293' still around for 'objects/zhg_objects/characters/sets/leaderset/leaderset_torso.skin 0x00000207A2133DF0
<23:35:38> remapped bone indices with refcount '4294967293' still around for 'objects/zhg_objects/characters/sets/leaderset/leaderset_torso.skin 0x00000207A2133490
<23:35:38> remapped bone indices with refcount '4294967293' still around for 'objects/zhg_objects/characters/sets/leaderset/leaderset_pants.skin 0x00000207A21369B0
<23:35:38> remapped bone indices with refcount '4294967293' still around for 'objects/zhg_objects/characters/sets/leaderset/leaderset_pants.skin 0x00000207A21337B0
<23:35:38> remapped bone indices with refcount '4294967293' still around for 'objects/zhg_objects/characters/sets/leaderset/leaderset_pants.skin 0x00000207A2136370
<23:35:38> remapped bone indices with refcount '4294967293' still around for 'objects/zhg_objects/characters/sets/leaderset/leaderset_head.skin 0x00000207A2133170
<23:35:38> remapped bone indices with refcount '4294967293' still around for 'objects/zhg_objects/characters/sets/leaderset/leaderset_head.skin 0x00000207A2134110
<23:35:38> remapped bone indices with refcount '4294967293' still around for 'objects/zhg_objects/characters/sets/leaderset/leaderset_head.skin 0x00000207A2136050
<23:35:38> remapped bone indices with refcount '4294967293' still around for 'objects/zhg_objects/characters/sets/hopefullset/hopefullset_torso.skin 0x00000207A2134750
<23:35:38> remapped bone indices with refcount '4294967293' still around for 'objects/zhg_objects/characters/sets/hopefullset/hopefullset_torso.skin 0x00000207A21350B0
<23:35:38> remapped bone indices with refcount '4294967293' still around for 'objects/zhg_objects/characters/sets/hopefullset/hopefullset_torso.skin 0x00000207A2137310
<23:35:38> remapped bone indices with refcount '4294967293' still around for 'objects/zhg_objects/characters/sets/hopefullset/hopefullset_pants.skin 0x00000207A2135A10
<23:35:38> remapped bone indices with refcount '4294967293' still around for 'objects/zhg_objects/characters/sets/hopefullset/hopefullset_pants.skin 0x00000207A21353D0
<23:35:38> remapped bone indices with refcount '4294967293' still around for 'objects/zhg_objects/characters/sets/hopefullset/hopefullset_pants.skin 0x00000207A2132E50
<23:35:38> remapped bone indices with refcount '4294967293' still around for 'objects/zhg_objects/characters/sets/hopefullset/hopefullset_head.skin 0x00000207A212F610
<23:35:38> remapped bone indices with refcount '4294967293' still around for 'objects/zhg_objects/characters/sets/hopefullset/hopefullset_head.skin 0x00000207A2132B30
<23:35:38> remapped bone indices with refcount '4294967293' still around for 'objects/zhg_objects/characters/sets/hopefullset/hopefullset_head.skin 0x00000207A2131EB0
<23:35:38> remapped bone indices with refcount '4294967293' still around for 'objects/zhg_objects/characters/sets/doubtset/doubtset_head.skin 0x00000207A2130290
<23:35:38> remapped bone indices with refcount '4294967290' still around for 'objects/zhg_objects/characters/conserve/conserve_body.skin 0x00000207A2131B90
<23:35:38> remapped bone indices with refcount '4294967290' still around for 'objects/zhg_objects/characters/conserve/conserve_body.skin 0x00000207A2132810
<23:35:38> remapped bone indices with refcount '4294967290' still around for 'objects/zhg_objects/characters/conserve/conserve_body.skin 0x00000207A212FF70
<23:35:40> BaseInput - Shutting down all force feedback
<23:35:40> ActionGame - Shutting down all force feedback
<23:35:40> CNetSyncSystem::~CNetSyncSystem & Crush?! packets_temp_bf(temp packet data buffs)
