BackupNameAttachment=" Build(0) 10 Jul 21 (01 33 00)"  -- used by backup system
Log Started at Sat Jul 10 01:33:00 2021
Built on Oct 13 2019 19:15:33
Running 64 bit Windows version
Command Line: "D:\Games\Steam\steamapps\common\Pandemic Express\Bin/win_x64/PandemicExpress.exe"
Executable: D:\Games\Steam\steamapps\common\Pandemic Express\Bin\win_x64\PandemicExpress.exe
FileVersion: 1.0.0.0
ProductVersion: 1.0.0.0
Added MOD directory <%engineroot%/engine> to CryPak

Total number of logical processors: 12
Number of available logical processors: 12
Total number of system cores: 6
Number of cores available to process: 6
 
Processor 0:
  CPU: AMD AMD Ryzen 5 3600 6-Core Processor              
  Family: 15, Model: 1, Stepping: 0
  FPU: On-Chip
  Features: FP16, SSE, SSE2, SSE3, SSE4.2, AVX, AVX2, FMA3
  Serial number not present or disabled
 
Processor 1:
  CPU: AMD AMD Ryzen 5 3600 6-Core Processor              
  Family: 15, Model: 1, Stepping: 0
  FPU: On-Chip
  Features: FP16, SSE, SSE2, SSE3, SSE4.2, AVX, AVX2, FMA3
  Serial number not present or disabled
 
Processor 2:
  CPU: AMD AMD Ryzen 5 3600 6-Core Processor              
  Family: 15, Model: 1, Stepping: 0
  FPU: On-Chip
  Features: FP16, SSE, SSE2, SSE3, SSE4.2, AVX, AVX2, FMA3
  Serial number not present or disabled
 
Processor 3:
  CPU: AMD AMD Ryzen 5 3600 6-Core Processor              
  Family: 15, Model: 1, Stepping: 0
  FPU: On-Chip
  Features: FP16, SSE, SSE2, SSE3, SSE4.2, AVX, AVX2, FMA3
  Serial number not present or disabled
 
Processor 4:
  CPU: AMD AMD Ryzen 5 3600 6-Core Processor              
  Family: 15, Model: 1, Stepping: 0
  FPU: On-Chip
  Features: FP16, SSE, SSE2, SSE3, SSE4.2, AVX, AVX2, FMA3
  Serial number not present or disabled
 
Processor 5:
  CPU: AMD AMD Ryzen 5 3600 6-Core Processor              
  Family: 15, Model: 1, Stepping: 0
  FPU: On-Chip
  Features: FP16, SSE, SSE2, SSE3, SSE4.2, AVX, AVX2, FMA3
  Serial number not present or disabled
 
<01:33:00> Loading Config file system.cfg (system.cfg)
<01:33:00> [Error] [CVARS]: [IGNORED CHANGE] variable [sys_version] from [] to [1.1.0.000.200116]; Marked as [VF_CHEAT]
<01:33:00> OnSysSpecChange(1)
<01:33:00> [Error] [CVARS]: [IGNORED CHANGE] variable [sys_asserts] from [0] to [0]; Marked as [VF_CHEAT]
<01:33:00> GameDir: DATA
<01:33:00> <ThreadConfigInfo>: Thread profile loaded: "pc_8" (config/engine_core.thread_config)  
<01:33:00> Windows 10 64 bit (build 10.0.19043)
<01:33:00> System language: English
<01:33:00> Windows Directory: "C:\Windows"
<01:33:00> Local time is 01:33:00 07/10/21, system running for 772 minutes
<01:33:00> 16333MB physical memory installed, 10393MB available, 134217727MB virtual memory installed, 36 percent of memory in use
<01:33:00> PageFile usage: 76MB, Working Set: 88MB, Peak PageFile usage: 76MB,
<01:33:00> Current display mode is 2560x1440x32, (Unknown graphics card)
<01:33:00> IBM enhanced (101/102-key) keyboard and 16+ button mouse installed
<01:33:00> --------------------------------------------------------------------------------
<01:33:00> OnSysSpecChange(1)
<01:33:00> Loading Config file LowSpec.cfg (data\config\lowspec.cfg)
<01:33:00> [Error] [CVARS]: [MISSING] [mfx_Timeout] is not a registered console variable; referenced when testing console variable group [sys_spec_gameeffects] = [1]
<01:33:00> [Error] [CVARS]: [MISSING] [ca_AttachmentCullingRation] is not a registered console variable; referenced when testing console variable group [sys_spec_objectdetail] = [1]
<01:33:00> [Error] [CVARS]: [MISSING] [e_DecalsLifeTimeScale] is not a registered console variable; referenced when testing console variable group [sys_spec_objectdetail] = [1]
<01:33:00> [Error] [CVARS]: [MISSING] [e_LodRatio] is not a registered console variable; referenced when testing console variable group [sys_spec_objectdetail] = [1]
<01:33:00> [Error] [CVARS]: [MISSING] [e_MaxViewDistSpecLerp] is not a registered console variable; referenced when testing console variable group [sys_spec_objectdetail] = [1]
<01:33:00> [Error] [CVARS]: [MISSING] [e_MaxViewDistance] is not a registered console variable; referenced when testing console variable group [sys_spec_objectdetail] = [1]
<01:33:00> [Error] [CVARS]: [MISSING] [e_ObjQuality] is not a registered console variable; referenced when testing console variable group [sys_spec_objectdetail] = [1]
<01:33:00> [Error] [CVARS]: [MISSING] [e_TerrainOcclusionCullingMaxDist] is not a registered console variable; referenced when testing console variable group [sys_spec_objectdetail] = [1]
<01:33:00> [Error] [CVARS]: [MISSING] [e_VegetationMinSize] is not a registered console variable; referenced when testing console variable group [sys_spec_objectdetail] = [1]
<01:33:00> [Error] [CVARS]: [MISSING] [e_ViewDistRatio] is not a registered console variable; referenced when testing console variable group [sys_spec_objectdetail] = [1]
<01:33:00> [Error] [CVARS]: [MISSING] [e_ViewDistRatioCustom] is not a registered console variable; referenced when testing console variable group [sys_spec_objectdetail] = [1]
<01:33:00> [Error] [CVARS]: [MISSING] [e_ViewDistRatioDetail] is not a registered console variable; referenced when testing console variable group [sys_spec_objectdetail] = [1]
<01:33:00> [Error] [CVARS]: [MISSING] [e_ViewDistRatioLights] is not a registered console variable; referenced when testing console variable group [sys_spec_objectdetail] = [1]
<01:33:00> [Error] [CVARS]: [MISSING] [e_ViewDistRatioVegetation] is not a registered console variable; referenced when testing console variable group [sys_spec_objectdetail] = [1]
<01:33:00> [Error] [CVARS]: [MISSING] [es_DebrisLifetimeScale] is not a registered console variable; referenced when testing console variable group [sys_spec_objectdetail] = [1]
<01:33:00> [Error] [CVARS]: [MISSING] [e_DecalsOverlapping] is not a registered console variable; referenced when testing console variable group [sys_spec_objectdetail] = [1]
<01:33:00> [Error] [CVARS]: [MISSING] [e_LodMin] is not a registered console variable; referenced when testing console variable group [sys_spec_objectdetail] = [1]
<01:33:00> [Error] [CVARS]: [MISSING] [e_MergedMeshesInstanceDist] is not a registered console variable; referenced when testing console variable group [sys_spec_objectdetail] = [1]
<01:33:00> [Error] [CVARS]: [MISSING] [e_MergedMeshesPool] is not a registered console variable; referenced when testing console variable group [sys_spec_objectdetail] = [1]
<01:33:00> [Error] [CVARS]: [MISSING] [e_OcclusionCullingViewDistRatio] is not a registered console variable; referenced when testing console variable group [sys_spec_objectdetail] = [1]
<01:33:00> [Error] [CVARS]: [MISSING] [e_TerrainLodRatio] is not a registered console variable; referenced when testing console variable group [sys_spec_objectdetail] = [1]
<01:33:00> [Error] [CVARS]: [MISSING] [e_Tessellation] is not a registered console variable; referenced when testing console variable group [sys_spec_objectdetail] = [1]
<01:33:00> [Error] [CVARS]: [MISSING] [e_ViewDistMin] is not a registered console variable; referenced when testing console variable group [sys_spec_objectdetail] = [1]
<01:33:00> [Error] [CVARS]: [MISSING] [e_ParticlesMaxScreenFill] is not a registered console variable; referenced when testing console variable group [sys_spec_particles] = [1]
<01:33:00> [Error] [CVARS]: [MISSING] [e_ParticlesMinDrawPixels] is not a registered console variable; referenced when testing console variable group [sys_spec_particles] = [1]
<01:33:00> [Error] [CVARS]: [MISSING] [e_ParticlesObjectCollisions] is not a registered console variable; referenced when testing console variable group [sys_spec_particles] = [1]
<01:33:00> [Error] [CVARS]: [MISSING] [e_ParticlesQuality] is not a registered console variable; referenced when testing console variable group [sys_spec_particles] = [1]
<01:33:00> [Error] [CVARS]: [MISSING] [e_ParticlesMotionBlur] is not a registered console variable; referenced when testing console variable group [sys_spec_particles] = [1]
<01:33:00> [Error] [CVARS]: [MISSING] [e_CullVegActivation] is not a registered console variable; referenced when testing console variable group [sys_spec_physics] = [1]
<01:33:00> [Error] [CVARS]: [MISSING] [e_FoliageWindActivationDist] is not a registered console variable; referenced when testing console variable group [sys_spec_physics] = [1]
<01:33:00> [Error] [CVARS]: [MISSING] [e_PhysOceanCell] is not a registered console variable; referenced when testing console variable group [sys_spec_physics] = [1]
<01:33:00> [Error] [CVARS]: [MISSING] [es_MaxPhysDist] is not a registered console variable; referenced when testing console variable group [sys_spec_physics] = [1]
<01:33:00> [Error] [CVARS]: [MISSING] [es_MaxPhysDistInvisible] is not a registered console variable; referenced when testing console variable group [sys_spec_physics] = [1]
<01:33:00> [Error] [CVARS]: [MISSING] [g_breakage_particles_limit] is not a registered console variable; referenced when testing console variable group [sys_spec_physics] = [1]
<01:33:00> [Error] [CVARS]: [MISSING] [g_tree_cut_reuse_dist] is not a registered console variable; referenced when testing console variable group [sys_spec_physics] = [1]
<01:33:00> [Error] [CVARS]: [MISSING] [p_max_MC_iters] is not a registered console variable; referenced when testing console variable group [sys_spec_physics] = [1]
<01:33:00> [Error] [CVARS]: [MISSING] [p_max_substeps] is not a registered console variable; referenced when testing console variable group [sys_spec_physics] = [1]
<01:33:00> [Error] [CVARS]: [MISSING] [e_PhysProxyTriLimit] is not a registered console variable; referenced when testing console variable group [sys_spec_physics] = [1]
<01:33:00> [Error] [CVARS]: [MISSING] [p_max_object_splashes] is not a registered console variable; referenced when testing console variable group [sys_spec_physics] = [1]
<01:33:00> [Error] [CVARS]: [MISSING] [p_max_substeps_large_group] is not a registered console variable; referenced when testing console variable group [sys_spec_physics] = [1]
<01:33:00> [Error] [CVARS]: [MISSING] [p_num_bodies_large_group] is not a registered console variable; referenced when testing console variable group [sys_spec_physics] = [1]
<01:33:00> [Error] [CVARS]: [MISSING] [p_splash_dist0] is not a registered console variable; referenced when testing console variable group [sys_spec_physics] = [1]
<01:33:00> [Error] [CVARS]: [MISSING] [p_splash_dist1] is not a registered console variable; referenced when testing console variable group [sys_spec_physics] = [1]
<01:33:00> [Error] [CVARS]: [MISSING] [p_splash_force0] is not a registered console variable; referenced when testing console variable group [sys_spec_physics] = [1]
<01:33:00> [Error] [CVARS]: [MISSING] [p_splash_force1] is not a registered console variable; referenced when testing console variable group [sys_spec_physics] = [1]
<01:33:00> [Error] [CVARS]: [MISSING] [p_splash_vel0] is not a registered console variable; referenced when testing console variable group [sys_spec_physics] = [1]
<01:33:00> [Error] [CVARS]: [MISSING] [p_splash_vel1] is not a registered console variable; referenced when testing console variable group [sys_spec_physics] = [1]
<01:33:00> [Error] [CVARS]: [MISSING] [e_DynamicLightsMaxEntityLights] is not a registered console variable; referenced when testing console variable group [sys_spec_shading] = [1]
<01:33:00> [Error] [CVARS]: [MISSING] [e_SkyUpdateRate] is not a registered console variable; referenced when testing console variable group [sys_spec_shading] = [1]
<01:33:00> [Error] [CVARS]: [MISSING] [e_svoTI_Apply] is not a registered console variable; referenced when testing console variable group [sys_spec_shading] = [1]
<01:33:00> [Error] [CVARS]: [MISSING] [e_svoTI_RsmConeMaxLength] is not a registered console variable; referenced when testing console variable group [sys_spec_shading] = [1]
<01:33:00> [Error] [CVARS]: [MISSING] [e_svoTI_RsmUseColors] is not a registered console variable; referenced when testing console variable group [sys_spec_shading] = [1]
<01:33:00> [Error] [CVARS]: [MISSING] [e_svoTi_Active] is not a registered console variable; referenced when testing console variable group [sys_spec_shading] = [1]
<01:33:00> [Error] [CVARS]: [MISSING] [e_svoti_LowSpecMode] is not a registered console variable; referenced when testing console variable group [sys_spec_shading] = [1]
<01:33:00> [Error] [CVARS]: [MISSING] [e_LightVolumes] is not a registered console variable; referenced when testing console variable group [sys_spec_shading] = [1]
<01:33:00> [Error] [CVARS]: [MISSING] [e_VegetationUseTerrainColor] is not a registered console variable; referenced when testing console variable group [sys_spec_shading] = [1]
<01:33:00> [Error] [CVARS]: [MISSING] [e_GsmLodsNum] is not a registered console variable; referenced when testing console variable group [sys_spec_shadows] = [1]
<01:33:00> [Error] [CVARS]: [MISSING] [e_GsmRange] is not a registered console variable; referenced when testing console variable group [sys_spec_shadows] = [1]
<01:33:00> [Error] [CVARS]: [MISSING] [e_ObjShadowCastSpec] is not a registered console variable; referenced when testing console variable group [sys_spec_shadows] = [1]
<01:33:00> [Error] [CVARS]: [MISSING] [e_ParticlesShadows] is not a registered console variable; referenced when testing console variable group [sys_spec_shadows] = [1]
<01:33:00> [Error] [CVARS]: [MISSING] [e_Shadows] is not a registered console variable; referenced when testing console variable group [sys_spec_shadows] = [1]
<01:33:00> [Error] [CVARS]: [MISSING] [e_ShadowsBlendCascades] is not a registered console variable; referenced when testing console variable group [sys_spec_shadows] = [1]
<01:33:00> [Error] [CVARS]: [MISSING] [e_ShadowsCastViewDistRatio] is not a registered console variable; referenced when testing console variable group [sys_spec_shadows] = [1]
<01:33:00> [Error] [CVARS]: [MISSING] [e_ShadowsLodBiasFixed] is not a registered console variable; referenced when testing console variable group [sys_spec_shadows] = [1]
<01:33:00> [Error] [CVARS]: [MISSING] [e_ShadowsMaxTexRes] is not a registered console variable; referenced when testing console variable group [sys_spec_shadows] = [1]
<01:33:00> [Error] [CVARS]: [MISSING] [e_ShadowsPoolSize] is not a registered console variable; referenced when testing console variable group [sys_spec_shadows] = [1]
<01:33:00> [Error] [CVARS]: [MISSING] [e_ShadowsResScale] is not a registered console variable; referenced when testing console variable group [sys_spec_shadows] = [1]
<01:33:00> [Error] [CVARS]: [MISSING] [e_ShadowsTessellateCascades] is not a registered console variable; referenced when testing console variable group [sys_spec_shadows] = [1]
<01:33:00> [Error] [CVARS]: [MISSING] [e_ShadowsTessellateDLights] is not a registered console variable; referenced when testing console variable group [sys_spec_shadows] = [1]
<01:33:00> [Error] [CVARS]: [MISSING] [e_ShadowsUpdateViewDistRatio] is not a registered console variable; referenced when testing console variable group [sys_spec_shadows] = [1]
<01:33:00> [Error] [CVARS]: [MISSING] [e_VolumetricFog] is not a registered console variable; referenced when testing console variable group [sys_spec_volumetriceffects] = [1]
<01:33:00> [Error] [CVARS]: [MISSING] [e_fog] is not a registered console variable; referenced when testing console variable group [sys_spec_volumetriceffects] = [1]
<01:33:00> [Error] [CVARS]: [MISSING] [e_Clouds] is not a registered console variable; referenced when testing console variable group [sys_spec_volumetriceffects] = [1]
<01:33:00> [Error] [CVARS]: [MISSING] [e_WaterOceanFFT] is not a registered console variable; referenced when testing console variable group [sys_spec_water] = [1]
<01:33:00> [Error] [CVARS]: [MISSING] [e_WaterTessellationAmount] is not a registered console variable; referenced when testing console variable group [sys_spec_water] = [1]
<01:33:00> [Error] [CVARS]: [MISSING] [e_WaterTessellationAmountX] is not a registered console variable; referenced when testing console variable group [sys_spec_water] = [1]
<01:33:00> [Error] [CVARS]: [MISSING] [e_WaterTessellationAmountY] is not a registered console variable; referenced when testing console variable group [sys_spec_water] = [1]
<01:33:00> [Error] [CVARS]: [MISSING] [e_WaterTessellationSwathWidth] is not a registered console variable; referenced when testing console variable group [sys_spec_water] = [1]
<01:33:00> Loading Config file game.cfg (data\game.cfg)
<01:33:00> [Warning] [CVARS]: [CHANGED] variable [sys_asserts] from [0] to [0]; Marked as [VF_CHEAT]
<01:33:00> [Warning] Modifying marked variables will not be allowed in Release mode!
<01:33:00> Stream Engine Initialization
<01:33:00> GameName: Pandemic Express
<01:33:00> BuildTime: Oct 13 2019 19:15:33
<01:33:00> Physics initialization
<01:33:00> Localized language content(english) not available or modified from the original installation.
<01:33:00> Localized language content(english) not available or modified from the original installation.
<01:33:00> Localized language content(english) not available or modified from the original installation.
<01:33:00> <Audio>: AudioSystem initialization
<01:33:00> <Audio> <0.095>: CryAudioImplWwise loaded
<01:33:01> Renderer initialization
<01:33:01> Logging video adapters:
<01:33:01> - NVIDIA GeForce RTX 3070 (vendor = 0x10de, device = 0x2484)
<01:33:01>   - Adapter index: 0
<01:33:01>   - Dedicated video memory: 8043 MB
<01:33:01>   - Feature level: DX11 (SM 5.0)
<01:33:01>   - Displays connected: yes
<01:33:01>   - Suitable rendering device: yes
<01:33:01> - Microsoft Basic Render Driver (vendor = 0x1414, device = 0x008c)
<01:33:01>   - Adapter index: 1
<01:33:01>   - Dedicated video memory: 0 MB
<01:33:01>   - Feature level: DX11 (SM 5.0)
<01:33:01>   - Displays connected: no
<01:33:01>   - Suitable rendering device: no
<01:33:01> Active GPUs: 1
<01:33:02> [Renderer] A display device has been connected to the system
<01:33:02> Loading plugin CryDefaultEntities
<01:33:02> Loading plugin CrySchematycCore
<01:33:02> DLL Failed to load, error code: 7E
<01:33:02> Loading plugin CrySchematycSTDEnv
<01:33:02> DLL Failed to load, error code: 7E
<01:33:02> Loading plugin CrySensorSystem
<01:33:02> DLL Failed to load, error code: 7E
<01:33:02> Loading extension file cryplugin.csv
<01:33:02> Loading plugin ProcAnRandGenerator.dll
<01:33:02> Loading plugin PlayFab.dll
<01:33:02> Loading plugin CEVPlayer.dll
<01:33:03> Font initialization
<01:33:03> Using FreeType 2.5.5
<01:33:04> Network initialization
<01:33:04> [net] Socket IO management: External [iocp], Internal [iocp]
<01:33:04> network hostname: DESKTOP-GKEDPQ6
<01:33:04>   ip:26.90.194.210
<01:33:04>   ip:192.168.20.21
<01:33:04> [Network Version]: PROFILE DEVELOPMENT BUILD
<01:33:04> MovieSystem initialization
<01:33:04> Console initialization
<01:33:04> Time initialization
<01:33:04> Input initialization
<01:33:04> AI initialization
<01:33:04>  
<01:33:04>     con_debug = 0 []
<01:33:04>     con_display_last_messages = 0 []
<01:33:04>     con_line_buffer_size = 1000 []
<01:33:04>     con_restricted = 0 [RESTRICTEDMODE]
<01:33:04>     con_showonload = 0 []
<01:33:04>  
<01:33:04>     con_debug = 0 []
<01:33:04>     con_display_last_messages = 0 []
<01:33:04>     con_line_buffer_size = 1000 []
<01:33:04>     con_restricted = 0 [RESTRICTEDMODE]
<01:33:04>     con_showonload = 0 []
<01:33:04>  
<01:33:04>     con_debug = 0 []
<01:33:04>  
<01:33:04>     con_debug = 0 []
<01:33:04> Initializing Animation System
<01:33:04> Initializing 3D Engine
<01:33:04> Script System Initialization
<01:33:04> Entity system initialization
<01:33:04> Initializing AI System
<01:33:04> Initializing additional systems
<01:33:04> Dynamic Response System initialization
<01:33:04> DLL Failed to load, error code: 7E
<01:33:04> No Dynamic Response System was loaded from a module, will use the NULL implementation.
<01:33:04> [Steam] Steam API initialized successfully
<01:33:04> <ThreadConfigInfo>: [XML Parsing] Thread with name "Main" already loaded. Overriding with new configuration
<01:33:04> <ThreadConfigInfo>: [XML Parsing] Thread with name "Network" already loaded. Overriding with new configuration
<01:33:04> <ThreadConfigInfo>: [XML Parsing] Thread with name "NetworkStallTicker" already loaded. Overriding with new configuration
<01:33:04> <ThreadConfigInfo>: [XML Parsing] Thread with name "ZLibCompressor" already loaded. Overriding with new configuration
<01:33:04> <ThreadConfigInfo>: [XML Parsing] Thread with name "NetworkStallTicker" already loaded. Overriding with new configuration
<01:33:04> <ThreadConfigInfo>: [XML Parsing] Thread with name "ZLibCompressor" already loaded. Overriding with new configuration
<01:33:04> <ThreadConfigInfo>: [XML Parsing] Thread with name "TelemetryCopier" already loaded. Overriding with new configuration
<01:33:04> <ThreadConfigInfo>: [XML Parsing] Thread with name "StatsAgent" already loaded. Overriding with new configuration
<01:33:04> <ThreadConfigInfo>: Thread profile loaded: "pc_8" (config/game.thread_config)  
<01:33:04> Initializing default materials...
<01:33:11> [MFX] Loading FXLib 'breakables' ...
<01:33:11> [MFX] Loading FXLib 'collisions' ...
<01:33:11> [MFX] Loading FXLib 'foley' ...
<01:33:11> [MFX] Loading FXLib 'foley_grunt' ...
<01:33:11> [MFX] Loading FXLib 'foley_player' ...
<01:33:11> [MFX] Loading FXLib 'footstep_grunt' ...
<01:33:11> [MFX] Loading FXLib 'footstep_player' ...
<01:33:11> [MFX] Loading FXLib 'footsteps' ...
<01:33:11> [MFX] Loading FXLib 'grenade' ...
<01:33:11> [MFX] Loading FXLib 'melee' ...
<01:33:11> [MFX] Loading FXLib 'player_fx' ...
<01:33:11> [MFX] Loading FXLib 'projectiles' ...
<01:33:11> [MFX] Loading FXLib 'tornado' ...
<01:33:11> [MFX] Loading FXLib 'vegetation' ...
<01:33:11> [MFX] Loading FXLib 'vehicles' ...
<01:33:11> [MFX] Loading FXLib 'breakables' ...
<01:33:11> [MFX] Loading FXLib 'collisions' ...
<01:33:11> [MFX] Loading FXLib 'foley' ...
<01:33:11> [MFX] Loading FXLib 'foley_grunt' ...
<01:33:11> [MFX] Loading FXLib 'foley_player' ...
<01:33:11> [MFX] Loading FXLib 'footstep_grunt' ...
<01:33:11> [MFX] Loading FXLib 'footstep_player' ...
<01:33:11> [MFX] Loading FXLib 'footsteps' ...
<01:33:11> [MFX] Loading FXLib 'grenade' ...
<01:33:11> [MFX] Loading FXLib 'melee' ...
<01:33:11> [MFX] Loading FXLib 'player_fx' ...
<01:33:11> [MFX] Loading FXLib 'projectiles' ...
<01:33:11> [MFX] Loading FXLib 'tornado' ...
<01:33:11> [MFX] Loading FXLib 'vegetation' ...
<01:33:11> [MFX] Loading FXLib 'vehicles' ...
<01:33:11> Creating socket on port 2838
<01:33:11> CreateDatagramSocket c1
<01:33:11> CreateDatagramSocket c2
<01:34:08> CreateDatagramSocket c1
<01:34:10> Game rules class: InstantAction
<01:34:10> ============================ PrepareLevel Multiplayer/Purgatorium_Esc ============================
<01:34:31> CryAnimation: character-definition not found: objects/characters/human/sdk_player/sdk_player.cdf
<01:34:31> CryAnimation: character-definition not found: objects/characters/human/sdk_player/sdk_player.cdf
<01:34:31> CryAnimation: character-definition not found: objects/characters/human/sdk_player/sdk_player.cdf
<01:34:31> CryAnimation: character-definition not found: objects/characters/human/sdk_player/sdk_player.cdf
<01:34:31> CryAnimation: character-definition not found: objects/characters/human/sdk_player/sdk_player.cdf
<01:34:31> CryAnimation: character-definition not found: objects/characters/human/sdk_player/sdk_player.cdf
<01:34:31> CryAnimation: character-definition not found: objects/characters/human/sdk_player/sdk_player.cdf
<01:34:31> CryAnimation: character-definition not found: objects/characters/human/sdk_player/sdk_player.cdf
<01:34:31> CryAnimation: character-definition not found: objects/characters/human/sdk_player/sdk_player.cdf
<01:34:31> CryAnimation: character-definition not found: objects/characters/human/sdk_player/sdk_player.cdf
<01:34:31> CryAnimation: character-definition not found: objects/characters/human/sdk_player/sdk_player.cdf
<01:34:31> CryAnimation: character-definition not found: objects/characters/human/sdk_player/sdk_player.cdf
<01:34:32> CryAnimation: character-definition not found: objects/characters/human/sdk_player/sdk_player.cdf
<01:34:32> CryAnimation: character-definition not found: objects/characters/human/sdk_player/sdk_player.cdf
<01:34:32> CryAnimation: character-definition not found: objects/characters/human/sdk_player/sdk_player.cdf
<01:34:33> CryAnimation: character-definition not found: objects/characters/human/sdk_player/sdk_player.cdf
<01:34:33> CryAnimation: character-definition not found: objects/characters/human/sdk_player/sdk_player.cdf
<01:34:33> CryAnimation: character-definition not found: objects/characters/human/sdk_player/sdk_player.cdf
<01:34:35> CryAnimation: character-definition not found: objects/characters/human/sdk_player/sdk_player.cdf
<01:34:35> CryAnimation: character-definition not found: objects/characters/human/sdk_player/sdk_player.cdf
<01:34:35> CryAnimation: character-definition not found: objects/characters/human/sdk_player/sdk_player.cdf
<01:34:37> PLAYERNAME Kornflakes
<01:34:37> CryAnimation: character-definition not found: objects/characters/man.cdf
<01:34:37> CryAnimation: character-definition not found: objects/characters/human/sdk_player/sdk_player.cdf
<01:34:37> CryAnimation: character-definition not found: objects/characters/human/sdk_player/sdk_player.cdf
<01:34:37> CryAnimation: character-definition not found: objects/characters/human/sdk_player/sdk_player.cdf
<01:35:57> d_prerec_msg 
<01:36:01> d_prerec_msg 
<01:36:01> d_prerec_msg 
<01:36:03> d_prerec_msg 
<01:36:04> d_prerec_msg 
<01:36:42> CryAnimation: character-definition not found: objects/characters/human/sdk_player/sdk_player.cdf
<01:36:42> CryAnimation: character-definition not found: objects/characters/human/sdk_player/sdk_player.cdf
<01:36:42> CryAnimation: character-definition not found: objects/characters/human/sdk_player/sdk_player.cdf
<01:36:54> CryAnimation: character-definition not found: objects/characters/human/sdk_player/sdk_player.cdf
<01:36:54> CryAnimation: character-definition not found: objects/characters/human/sdk_player/sdk_player.cdf
<01:36:54> CryAnimation: character-definition not found: objects/characters/human/sdk_player/sdk_player.cdf
<01:37:10> CryAnimation: character-definition not found: objects/characters/human/sdk_player/sdk_player.cdf
<01:37:10> CryAnimation: character-definition not found: objects/characters/human/sdk_player/sdk_player.cdf
<01:37:10> CryAnimation: character-definition not found: objects/characters/human/sdk_player/sdk_player.cdf
<01:37:25> st_used_prerec_msg 
<01:37:27> ast_used_prerec_msg 
<01:37:29> ast_used_prerec_msg 
<01:37:32> sg 
<01:37:35> d_prerec_msg 
<01:37:39> used_prerec_msg 
<01:37:44> sg 
<01:37:50> ec_msg 
<01:37:51> ec_msg 
<01:37:54> c_msg 
<01:38:15> CryAnimation: character-definition not found: objects/characters/human/sdk_player/sdk_player.cdf
<01:38:15> CryAnimation: character-definition not found: objects/characters/human/sdk_player/sdk_player.cdf
<01:38:15> CryAnimation: character-definition not found: objects/characters/human/sdk_player/sdk_player.cdf
<01:38:16> CryAnimation: character-definition not found: objects/characters/human/sdk_player/sdk_player.cdf
<01:38:16> CryAnimation: character-definition not found: objects/characters/human/sdk_player/sdk_player.cdf
<01:38:16> CryAnimation: character-definition not found: objects/characters/human/sdk_player/sdk_player.cdf
<01:38:31> CryAnimation: character-definition not found: objects/characters/human/sdk_player/sdk_player.cdf
<01:38:31> CryAnimation: character-definition not found: objects/characters/human/sdk_player/sdk_player.cdf
<01:38:31> CryAnimation: character-definition not found: objects/characters/human/sdk_player/sdk_player.cdf
<01:38:38> st_used_prerec_msg 
<01:38:57> CryAnimation: character-definition not found: objects/characters/human/sdk_player/sdk_player.cdf
<01:38:57> CryAnimation: character-definition not found: objects/characters/human/sdk_player/sdk_player.cdf
<01:38:57> CryAnimation: character-definition not found: objects/characters/human/sdk_player/sdk_player.cdf
<01:39:01> CryAnimation: character-definition not found: objects/characters/human/sdk_player/sdk_player.cdf
<01:39:01> CryAnimation: character-definition not found: objects/characters/human/sdk_player/sdk_player.cdf
<01:39:01> CryAnimation: character-definition not found: objects/characters/human/sdk_player/sdk_player.cdf
<01:39:07> CryAnimation: character-definition not found: objects/characters/human/sdk_player/sdk_player.cdf
<01:39:07> CryAnimation: character-definition not found: objects/characters/human/sdk_player/sdk_player.cdf
<01:39:07> CryAnimation: character-definition not found: objects/characters/human/sdk_player/sdk_player.cdf
<01:39:11> CryAnimation: character-definition not found: objects/characters/human/sdk_player/sdk_player.cdf
<01:39:11> CryAnimation: character-definition not found: objects/characters/human/sdk_player/sdk_player.cdf
<01:39:11> CryAnimation: character-definition not found: objects/characters/human/sdk_player/sdk_player.cdf
<01:39:17> CryAnimation: character-definition not found: objects/characters/human/sdk_player/sdk_player.cdf
<01:39:17> CryAnimation: character-definition not found: objects/characters/human/sdk_player/sdk_player.cdf
<01:39:17> CryAnimation: character-definition not found: objects/characters/human/sdk_player/sdk_player.cdf
<01:39:47> CryAnimation: character-definition not found: objects/characters/human/sdk_player/sdk_player.cdf
<01:39:47> CryAnimation: character-definition not found: objects/characters/human/sdk_player/sdk_player.cdf
<01:39:47> CryAnimation: character-definition not found: objects/characters/human/sdk_player/sdk_player.cdf
<01:39:51> CryAnimation: character-definition not found: objects/characters/human/sdk_player/sdk_player.cdf
<01:39:51> CryAnimation: character-definition not found: objects/characters/human/sdk_player/sdk_player.cdf
<01:39:51> CryAnimation: character-definition not found: objects/characters/human/sdk_player/sdk_player.cdf
<01:39:55> _used_prerec_msg 
<01:40:08> _used_prerec_msg 
<01:40:16> t_used_prerec_msg 
<01:40:52> st_used_prerec_msg 
<01:41:00> st_used_prerec_msg 
<01:41:02> st_used_prerec_msg 
<01:41:08> CVehicleSeat::NetSetPassengerId c2
<01:41:08> CVehicleSeat::Enter called
<01:41:09> CVehicleSeat::Exit called
<01:41:09> CVehicleSeat::Exit called c2
<01:41:09> ClProcessLeave call
<01:41:10> _used_prerec_msg 
<01:41:11> CVehicleSeat::NetSetPassengerId c2
<01:41:11> CVehicleSeat::Enter called
<01:41:13> CVehicleSeat::NetSetPassengerId c2
<01:41:13> CVehicleSeat::Enter called
<01:41:14> CVehicleSeat::NetSetPassengerId c2
<01:41:14> CVehicleSeat::Enter called
<01:41:15> CVehicleSeat::Exit called
<01:41:15> CVehicleSeat::Exit called c2
<01:41:15> ClProcessLeave call
<01:41:21> CHUDNv::showPickArmorGradient()
<01:41:21> t_used_prerec_msg 
<01:41:23> CVehicleSeat::Exit called
<01:41:23> CVehicleSeat::Exit called c2
<01:41:23> ClProcessLeave call
<01:41:24> CHUDNv::showPickArmorGradient()
<01:41:24> CVehicleSeat::Exit called
<01:41:24> CVehicleSeat::Exit called c2
<01:41:24> ClProcessLeave call
<01:41:26> t_used_prerec_msg 
<01:41:27> CVehicleSeat::NetSetPassengerId c2
<01:41:27> CVehicleSeat::Enter called
<01:41:29> t_used_prerec_msg 
<01:41:35> t_used_prerec_msg 
<01:41:51> CVehicleSeat::Exit called
<01:41:51> CVehicleSeat::Exit called c2
<01:41:51> ClProcessLeave call
<01:42:00> CVehicleSeat::NetSetPassengerId c2
<01:42:00> CVehicleSeat::Enter called
<01:42:03> CVehicleSeat::NetSetPassengerId c2
<01:42:03> CVehicleSeat::Enter called
<01:42:15> CVehicleSeat::Exit called
<01:42:15> CVehicleSeat::Exit called c2
<01:42:15> ClProcessLeave call
<01:42:18> CVehicleSeat::Exit called
<01:42:18> CVehicleSeat::Exit called c2
<01:42:18> ClProcessLeave call
<01:42:18> sed_prerec_msg 
<01:42:20> d_prerec_msg 
<01:42:20> _used_prerec_msg 
<01:42:22> CVehicleSeat::NetSetPassengerId c2
<01:42:22> CVehicleSeat::Enter called
<01:42:24> st_used_prerec_msg 
<01:42:42> d_prerec_msg 
<01:42:44> ast_used_prerec_msg 
<01:42:48> CVehicleSeat::Exit called
<01:42:48> CVehicleSeat::Exit called c2
<01:42:48> ClProcessLeave call
<01:42:48> d_prerec_msg 
<01:42:48> t_used_prerec_msg 
<01:42:49> sed_prerec_msg 
<01:42:49> ClReplDropOpen !params.r_openedDr
<01:42:50> ClReplDropOpen !params.r_openedDr
<01:42:54> ed_prerec_msg 
<01:42:56> _used_prerec_msg 
<01:42:57> st_used_prerec_msg 
<01:43:08> ed_prerec_msg 
<01:43:11> CVehicleSeat::NetSetPassengerId c2
<01:43:11> CVehicleSeat::Enter called
<01:43:16> CVehicleSeat::Exit called
<01:43:16> CVehicleSeat::Exit called c2
<01:43:16> ClProcessLeave call
<01:45:04> ed_prerec_msg 
<01:45:06> d_prerec_msg 
<01:45:09> ast_used_prerec_msg 
<01:45:10> st_used_prerec_msg 
<01:45:23> sed_prerec_msg 
<01:45:40> CHUDNv::showPickArmorGradient()
<01:45:44> CHUDNv::showPickArmorGradient()
<01:46:02> CVehicleSeat::NetSetPassengerId c2
<01:46:02> CVehicleSeat::Enter called
<01:46:11> CTrain::SmplPlaySnd train_gts
<01:46:12> CVehicleSeat::Exit called
<01:46:12> CVehicleSeat::Exit called c2
<01:46:12> ClProcessLeave call
<01:47:07> CVehicleSeat::NetSetPassengerId c2
<01:47:07> CVehicleSeat::Enter called
<01:47:12> st_used_prerec_msg 
<01:47:14> st_used_prerec_msg 
<01:47:21> st_used_prerec_msg 
<01:47:32> CVehicleSeat::Exit called
<01:47:32> CVehicleSeat::Exit called c2
<01:47:32> ClProcessLeave call
<01:47:36> _used_prerec_msg 
<01:47:37> d_prerec_msg 
<01:47:38> sed_prerec_msg 
<01:47:39> st_used_prerec_msg 
<01:47:49> CTrain::SmplPlaySnd train_gts
<01:47:56> CVehicleSeat::NetSetPassengerId c2
<01:47:56> CVehicleSeat::Enter called
<01:47:58> CVehicleSeat::NetSetPassengerId c2
<01:47:58> CVehicleSeat::Enter called
<01:47:59> st_used_prerec_msg 
<01:48:00> CVehicleSeat::NetSetPassengerId c2
<01:48:00> CVehicleSeat::Enter called
<01:48:00> CVehicleSeat::NetSetPassengerId c2
<01:48:00> CVehicleSeat::Enter called
<01:48:03> _used_prerec_msg 
<01:48:05> CVehicleSeat::Exit called
<01:48:05> CVehicleSeat::Exit called c2
<01:48:05> ClProcessLeave call
<01:48:06> CVehicleSeat::Exit called
<01:48:06> CVehicleSeat::Exit called c2
<01:48:06> ClProcessLeave call
<01:48:10> CVehicleSeat::Exit called
<01:48:10> CVehicleSeat::Exit called c2
<01:48:10> ClProcessLeave call
<01:48:11> CVehicleSeat::Exit called
<01:48:11> CVehicleSeat::Exit called c2
<01:48:11> ClProcessLeave call
<01:48:19> _used_prerec_msg 
<01:48:31> CVehicleSeat::NetSetPassengerId c2
<01:48:31> CVehicleSeat::Enter called
<01:48:38> CVehicleSeat::NetSetPassengerId c2
<01:48:38> CVehicleSeat::Enter called
<01:48:51> CVehicleSeat::Exit called
<01:48:51> CVehicleSeat::Exit called c2
<01:48:51> ClProcessLeave call
<01:48:51> CVehicleSeat::Exit called
<01:48:51> CVehicleSeat::Exit called c2
<01:48:51> ClProcessLeave call
<01:49:21> st_used_prerec_msg 
<01:49:22> CTrain::SmplPlaySnd train_gts
<01:49:57> CTrain::SmplPlaySnd train_gts
<01:50:29> CTrain::SmplPlaySnd train_gts
<01:50:47> CTrain::SmplPlaySnd train_gts
<01:50:53> CryAnimation: character-definition not found: objects/characters/human/sdk_player/sdk_player.cdf
<01:50:53> CryAnimation: character-definition not found: objects/characters/human/sdk_player/sdk_player.cdf
<01:50:53> CryAnimation: character-definition not found: objects/characters/human/sdk_player/sdk_player.cdf
<01:51:50> CGameClientChannel::Release
<01:51:50> gEnv->pRenderer->Draw2dImage XXX
<01:51:52> remapped bone indices with refcount '4294967290' still around for 'zombiemodelnew/conserve_fp_nonmm.skin 0x0000018A410E21C0
<01:51:52> remapped bone indices with refcount '4294967290' still around for 'objects/zhg_objects/characters/conserve/conserve_head.skin 0x0000018A410E1860
<01:51:52> remapped bone indices with refcount '4294967293' still around for 'objects/zhg_objects/characters/sets/vanityset/vanityset_torso.skin 0x0000018AC3157D10
<01:51:52> remapped bone indices with refcount '4294967293' still around for 'objects/zhg_objects/characters/sets/vanityset/vanityset_torso.skin 0x0000018AC31579F0
<01:51:52> remapped bone indices with refcount '4294967293' still around for 'objects/zhg_objects/characters/sets/vanityset/vanityset_torso.skin 0x0000018AC3157090
<01:51:52> remapped bone indices with refcount '4294967293' still around for 'objects/zhg_objects/characters/sets/vanityset/vanityset_pants.skin 0x0000018AC31573B0
<01:51:52> remapped bone indices with refcount '4294967293' still around for 'objects/zhg_objects/characters/sets/vanityset/vanityset_pants.skin 0x0000018AC3154E30
<01:51:52> remapped bone indices with refcount '4294967293' still around for 'objects/zhg_objects/characters/sets/vanityset/vanityset_pants.skin 0x0000018AC3156410
<01:51:52> remapped bone indices with refcount '4294967293' still around for 'objects/zhg_objects/characters/sets/vanityset/vanityset_head.skin 0x0000018AC31560F0
<01:51:52> remapped bone indices with refcount '4294967293' still around for 'objects/zhg_objects/characters/sets/vanityset/vanityset_head.skin 0x0000018AC3158350
<01:51:52> remapped bone indices with refcount '4294967293' still around for 'objects/zhg_objects/characters/sets/vanityset/vanityset_head.skin 0x0000018AC3158670
<01:51:52> remapped bone indices with refcount '4294967293' still around for 'objects/zhg_objects/characters/sets/safetyset/safetyset_head.skin 0x0000018AC3156D70
<01:51:52> remapped bone indices with refcount '4294967293' still around for 'objects/zhg_objects/characters/sets/safetyset/safetyset_head.skin 0x0000018AC3156A50
<01:51:52> remapped bone indices with refcount '4294967293' still around for 'objects/zhg_objects/characters/sets/safetyset/safetyset_head.skin 0x0000018AC3155DD0
<01:51:52> remapped bone indices with refcount '4294967285' still around for 'objects/zhg_objects/characters/sets/rebellionset/rebellionset_torso.skin 0x0000018AC3155AB0
<01:51:52> remapped bone indices with refcount '4294967285' still around for 'objects/zhg_objects/characters/sets/rebellionset/rebellionset_torso.skin 0x0000018AC3156730
<01:51:52> remapped bone indices with refcount '4294967285' still around for 'objects/zhg_objects/characters/sets/rebellionset/rebellionset_torso.skin 0x0000018AC31576D0
<01:51:52> remapped bone indices with refcount '4294967289' still around for 'objects/zhg_objects/characters/sets/rebellionset/rebellionset_pants.skin 0x0000018AC33CF190
<01:51:52> remapped bone indices with refcount '4294967289' still around for 'objects/zhg_objects/characters/sets/rebellionset/rebellionset_pants.skin 0x0000018AC33CEE70
<01:51:52> remapped bone indices with refcount '4294967289' still around for 'objects/zhg_objects/characters/sets/rebellionset/rebellionset_pants.skin 0x0000018AC33CE830
<01:51:52> remapped bone indices with refcount '4294967293' still around for 'objects/zhg_objects/characters/sets/rebellionset/rebellionset_head.skin 0x0000018AC33CFAF0
<01:51:52> remapped bone indices with refcount '4294967293' still around for 'objects/zhg_objects/characters/sets/rebellionset/rebellionset_head.skin 0x0000018AC33CFE10
<01:51:52> remapped bone indices with refcount '4294967293' still around for 'objects/zhg_objects/characters/sets/rebellionset/rebellionset_head.skin 0x0000018AC33D0130
<01:51:52> remapped bone indices with refcount '4294967289' still around for 'objects/zhg_objects/characters/sets/rebellionset/rebelliomset_hands.skin 0x0000018AC33CEB50
<01:51:52> remapped bone indices with refcount '4294967289' still around for 'objects/zhg_objects/characters/sets/rebellionset/rebelliomset_hands.skin 0x0000018AC33CF4B0
<01:51:52> remapped bone indices with refcount '4294967289' still around for 'objects/zhg_objects/characters/sets/rebellionset/rebelliomset_hands.skin 0x0000018AC33CF7D0
<01:51:52> remapped bone indices with refcount '4294967289' still around for 'objects/zhg_objects/characters/sets/rebellionset/rebelliomset_hands.skin 0x0000018AC33CE510
<01:51:52> remapped bone indices with refcount '4294967293' still around for 'objects/zhg_objects/characters/sets/loverset/loverset_torso.skin 0x0000018AC217E810
<01:51:52> remapped bone indices with refcount '4294967293' still around for 'objects/zhg_objects/characters/sets/loverset/loverset_torso.skin 0x0000018AC3256DF0
<01:51:52> remapped bone indices with refcount '4294967293' still around for 'objects/zhg_objects/characters/sets/loverset/loverset_torso.skin 0x0000018AC325A310
<01:51:52> remapped bone indices with refcount '4294967293' still around for 'objects/zhg_objects/characters/sets/loverset/loverset_head.skin 0x0000018AC32599B0
<01:51:52> remapped bone indices with refcount '4294967293' still around for 'objects/zhg_objects/characters/sets/loverset/loverset_head.skin 0x0000018AC3257430
<01:51:52> remapped bone indices with refcount '4294967293' still around for 'objects/zhg_objects/characters/sets/loverset/loverset_head.skin 0x0000018AC3259370
<01:51:52> remapped bone indices with refcount '4294967293' still around for 'objects/zhg_objects/characters/sets/leaderset/leaderset_torso.skin 0x0000018AC3258A10
<01:51:52> remapped bone indices with refcount '4294967293' still around for 'objects/zhg_objects/characters/sets/leaderset/leaderset_torso.skin 0x0000018AC3257110
<01:51:52> remapped bone indices with refcount '4294967293' still around for 'objects/zhg_objects/characters/sets/leaderset/leaderset_torso.skin 0x0000018AC3259050
<01:51:52> remapped bone indices with refcount '4294967293' still around for 'objects/zhg_objects/characters/sets/leaderset/leaderset_pants.skin 0x0000018AC32586F0
<01:51:52> remapped bone indices with refcount '4294967293' still around for 'objects/zhg_objects/characters/sets/leaderset/leaderset_pants.skin 0x0000018AC32580B0
<01:51:52> remapped bone indices with refcount '4294967293' still around for 'objects/zhg_objects/characters/sets/leaderset/leaderset_pants.skin 0x0000018AC32567B0
<01:51:52> remapped bone indices with refcount '4294967293' still around for 'objects/zhg_objects/characters/sets/leaderset/leaderset_head.skin 0x0000018AC3257D90
<01:51:52> remapped bone indices with refcount '4294967293' still around for 'objects/zhg_objects/characters/sets/leaderset/leaderset_head.skin 0x0000018AC3257750
<01:51:52> remapped bone indices with refcount '4294967293' still around for 'objects/zhg_objects/characters/sets/leaderset/leaderset_head.skin 0x0000018AC3258D30
<01:51:52> remapped bone indices with refcount '4294967293' still around for 'objects/zhg_objects/characters/sets/hopefullset/hopefullset_torso.skin 0x0000018AC3259690
<01:51:52> remapped bone indices with refcount '4294967293' still around for 'objects/zhg_objects/characters/sets/hopefullset/hopefullset_torso.skin 0x0000018AC3259FF0
<01:51:52> remapped bone indices with refcount '4294967293' still around for 'objects/zhg_objects/characters/sets/hopefullset/hopefullset_torso.skin 0x0000018AC32583D0
<01:51:52> remapped bone indices with refcount '4294967293' still around for 'objects/zhg_objects/characters/sets/hopefullset/hopefullset_pants.skin 0x0000018AC3259CD0
<01:51:52> remapped bone indices with refcount '4294967293' still around for 'objects/zhg_objects/characters/sets/hopefullset/hopefullset_pants.skin 0x0000018AC3256AD0
<01:51:52> remapped bone indices with refcount '4294967293' still around for 'objects/zhg_objects/characters/sets/hopefullset/hopefullset_pants.skin 0x0000018AC3257A70
<01:51:52> remapped bone indices with refcount '4294967293' still around for 'objects/zhg_objects/characters/sets/hopefullset/hopefullset_head.skin 0x0000018AC217EE50
<01:51:52> remapped bone indices with refcount '4294967293' still around for 'objects/zhg_objects/characters/sets/hopefullset/hopefullset_head.skin 0x0000018AC217C8D0
<01:51:52> remapped bone indices with refcount '4294967293' still around for 'objects/zhg_objects/characters/sets/hopefullset/hopefullset_head.skin 0x0000018AC217F490
<01:51:52> remapped bone indices with refcount '4294967293' still around for 'objects/zhg_objects/characters/sets/doubtset/doubtset_head.skin 0x0000018AC217E1D0
<01:54:13> CreateDatagramSocket c1
<01:54:16> Game rules class: InstantAction
<01:54:16> ============================ PrepareLevel Multiplayer/Purgatorium_Esc ============================
<01:54:16> Initializing default materials...
<01:54:21> [MFX] Loading FXLib 'breakables' ...
<01:54:21> [MFX] Loading FXLib 'collisions' ...
<01:54:21> [MFX] Loading FXLib 'foley' ...
<01:54:21> [MFX] Loading FXLib 'foley_grunt' ...
<01:54:21> [MFX] Loading FXLib 'foley_player' ...
<01:54:21> [MFX] Loading FXLib 'footstep_grunt' ...
<01:54:21> [MFX] Loading FXLib 'footstep_player' ...
<01:54:21> [MFX] Loading FXLib 'footsteps' ...
<01:54:21> [MFX] Loading FXLib 'grenade' ...
<01:54:21> [MFX] Loading FXLib 'melee' ...
<01:54:21> [MFX] Loading FXLib 'player_fx' ...
<01:54:21> [MFX] Loading FXLib 'projectiles' ...
<01:54:21> [MFX] Loading FXLib 'tornado' ...
<01:54:21> [MFX] Loading FXLib 'vegetation' ...
<01:54:21> [MFX] Loading FXLib 'vehicles' ...
<01:54:37> CryAnimation: character-definition not found: objects/characters/human/sdk_player/sdk_player.cdf
<01:54:37> CryAnimation: character-definition not found: objects/characters/human/sdk_player/sdk_player.cdf
<01:54:37> CryAnimation: character-definition not found: objects/characters/human/sdk_player/sdk_player.cdf
<01:54:37> CryAnimation: character-definition not found: objects/characters/human/sdk_player/sdk_player.cdf
<01:54:37> CryAnimation: character-definition not found: objects/characters/human/sdk_player/sdk_player.cdf
<01:54:37> CryAnimation: character-definition not found: objects/characters/human/sdk_player/sdk_player.cdf
<01:54:37> CryAnimation: character-definition not found: objects/characters/human/sdk_player/sdk_player.cdf
<01:54:37> CryAnimation: character-definition not found: objects/characters/human/sdk_player/sdk_player.cdf
<01:54:37> CryAnimation: character-definition not found: objects/characters/human/sdk_player/sdk_player.cdf
<01:54:37> CryAnimation: character-definition not found: objects/characters/human/sdk_player/sdk_player.cdf
<01:54:37> CryAnimation: character-definition not found: objects/characters/human/sdk_player/sdk_player.cdf
<01:54:37> CryAnimation: character-definition not found: objects/characters/human/sdk_player/sdk_player.cdf
<01:54:38> CryAnimation: character-definition not found: objects/characters/human/sdk_player/sdk_player.cdf
<01:54:38> CryAnimation: character-definition not found: objects/characters/human/sdk_player/sdk_player.cdf
<01:54:38> CryAnimation: character-definition not found: objects/characters/human/sdk_player/sdk_player.cdf
<01:54:38> BaseInput - Shutting down all force feedback
<01:54:38> ActionGame - Shutting down all force feedback
<01:54:38> gEnv->pRenderer->Draw2dImage XXX
<01:54:40> CNetSyncSystem::~CNetSyncSystem & Crush?! packets_temp_bf(temp packet data buffs)
