BackupNameAttachment=" Build(0) 20 Jul 21 (19 44 03)"  -- used by backup system
Log Started at Tue Jul 20 19:44:03 2021
Built on Oct 13 2019 19:15:33
Running 64 bit Windows version
Command Line: "D:\Games\Steam\steamapps\common\Pandemic Express\Bin/win_x64/PandemicExpress.exe"
Executable: D:\Games\Steam\steamapps\common\Pandemic Express\Bin\win_x64\PandemicExpress.exe
FileVersion: 1.0.0.0
ProductVersion: 1.0.0.0
Added MOD directory <%engineroot%/engine> to CryPak

Total number of logical processors: 12
Number of available logical processors: 12
Total number of system cores: 6
Number of cores available to process: 6
 
Processor 0:
  CPU: AMD AMD Ryzen 5 3600 6-Core Processor              
  Family: 15, Model: 1, Stepping: 0
  FPU: On-Chip
  Features: FP16, SSE, SSE2, SSE3, SSE4.2, AVX, AVX2, FMA3
  Serial number not present or disabled
 
Processor 1:
  CPU: AMD AMD Ryzen 5 3600 6-Core Processor              
  Family: 15, Model: 1, Stepping: 0
  FPU: On-Chip
  Features: FP16, SSE, SSE2, SSE3, SSE4.2, AVX, AVX2, FMA3
  Serial number not present or disabled
 
Processor 2:
  CPU: AMD AMD Ryzen 5 3600 6-Core Processor              
  Family: 15, Model: 1, Stepping: 0
  FPU: On-Chip
  Features: FP16, SSE, SSE2, SSE3, SSE4.2, AVX, AVX2, FMA3
  Serial number not present or disabled
 
Processor 3:
  CPU: AMD AMD Ryzen 5 3600 6-Core Processor              
  Family: 15, Model: 1, Stepping: 0
  FPU: On-Chip
  Features: FP16, SSE, SSE2, SSE3, SSE4.2, AVX, AVX2, FMA3
  Serial number not present or disabled
 
Processor 4:
  CPU: AMD AMD Ryzen 5 3600 6-Core Processor              
  Family: 15, Model: 1, Stepping: 0
  FPU: On-Chip
  Features: FP16, SSE, SSE2, SSE3, SSE4.2, AVX, AVX2, FMA3
  Serial number not present or disabled
 
Processor 5:
  CPU: AMD AMD Ryzen 5 3600 6-Core Processor              
  Family: 15, Model: 1, Stepping: 0
  FPU: On-Chip
  Features: FP16, SSE, SSE2, SSE3, SSE4.2, AVX, AVX2, FMA3
  Serial number not present or disabled
 
<19:44:03> Loading Config file system.cfg (system.cfg)
<19:44:03> [Error] [CVARS]: [IGNORED CHANGE] variable [sys_version] from [] to [1.1.0.000.200116]; Marked as [VF_CHEAT]
<19:44:03> OnSysSpecChange(1)
<19:44:03> [Error] [CVARS]: [IGNORED CHANGE] variable [sys_asserts] from [0] to [0]; Marked as [VF_CHEAT]
<19:44:03> GameDir: DATA
<19:44:04> <ThreadConfigInfo>: Thread profile loaded: "pc_8" (config/engine_core.thread_config)  
<19:44:04> Windows 10 64 bit (build 10.0.19043)
<19:44:04> System language: English
<19:44:04> Windows Directory: "C:\Windows"
<19:44:04> Local time is 19:44:04 07/20/21, system running for 101 minutes
<19:44:04> 16333MB physical memory installed, 9908MB available, 134217727MB virtual memory installed, 39 percent of memory in use
<19:44:04> PageFile usage: 76MB, Working Set: 88MB, Peak PageFile usage: 76MB,
<19:44:04> Current display mode is 2560x1440x32, (Unknown graphics card)
<19:44:04> IBM enhanced (101/102-key) keyboard and 16+ button mouse installed
<19:44:04> --------------------------------------------------------------------------------
<19:44:04> OnSysSpecChange(1)
<19:44:04> Loading Config file LowSpec.cfg (data\config\lowspec.cfg)
<19:44:04> [Error] [CVARS]: [MISSING] [mfx_Timeout] is not a registered console variable; referenced when testing console variable group [sys_spec_gameeffects] = [1]
<19:44:04> [Error] [CVARS]: [MISSING] [ca_AttachmentCullingRation] is not a registered console variable; referenced when testing console variable group [sys_spec_objectdetail] = [1]
<19:44:04> [Error] [CVARS]: [MISSING] [e_DecalsLifeTimeScale] is not a registered console variable; referenced when testing console variable group [sys_spec_objectdetail] = [1]
<19:44:04> [Error] [CVARS]: [MISSING] [e_LodRatio] is not a registered console variable; referenced when testing console variable group [sys_spec_objectdetail] = [1]
<19:44:04> [Error] [CVARS]: [MISSING] [e_MaxViewDistSpecLerp] is not a registered console variable; referenced when testing console variable group [sys_spec_objectdetail] = [1]
<19:44:04> [Error] [CVARS]: [MISSING] [e_MaxViewDistance] is not a registered console variable; referenced when testing console variable group [sys_spec_objectdetail] = [1]
<19:44:04> [Error] [CVARS]: [MISSING] [e_ObjQuality] is not a registered console variable; referenced when testing console variable group [sys_spec_objectdetail] = [1]
<19:44:04> [Error] [CVARS]: [MISSING] [e_TerrainOcclusionCullingMaxDist] is not a registered console variable; referenced when testing console variable group [sys_spec_objectdetail] = [1]
<19:44:04> [Error] [CVARS]: [MISSING] [e_VegetationMinSize] is not a registered console variable; referenced when testing console variable group [sys_spec_objectdetail] = [1]
<19:44:04> [Error] [CVARS]: [MISSING] [e_ViewDistRatio] is not a registered console variable; referenced when testing console variable group [sys_spec_objectdetail] = [1]
<19:44:04> [Error] [CVARS]: [MISSING] [e_ViewDistRatioCustom] is not a registered console variable; referenced when testing console variable group [sys_spec_objectdetail] = [1]
<19:44:04> [Error] [CVARS]: [MISSING] [e_ViewDistRatioDetail] is not a registered console variable; referenced when testing console variable group [sys_spec_objectdetail] = [1]
<19:44:04> [Error] [CVARS]: [MISSING] [e_ViewDistRatioLights] is not a registered console variable; referenced when testing console variable group [sys_spec_objectdetail] = [1]
<19:44:04> [Error] [CVARS]: [MISSING] [e_ViewDistRatioVegetation] is not a registered console variable; referenced when testing console variable group [sys_spec_objectdetail] = [1]
<19:44:04> [Error] [CVARS]: [MISSING] [es_DebrisLifetimeScale] is not a registered console variable; referenced when testing console variable group [sys_spec_objectdetail] = [1]
<19:44:04> [Error] [CVARS]: [MISSING] [e_DecalsOverlapping] is not a registered console variable; referenced when testing console variable group [sys_spec_objectdetail] = [1]
<19:44:04> [Error] [CVARS]: [MISSING] [e_LodMin] is not a registered console variable; referenced when testing console variable group [sys_spec_objectdetail] = [1]
<19:44:04> [Error] [CVARS]: [MISSING] [e_MergedMeshesInstanceDist] is not a registered console variable; referenced when testing console variable group [sys_spec_objectdetail] = [1]
<19:44:04> [Error] [CVARS]: [MISSING] [e_MergedMeshesPool] is not a registered console variable; referenced when testing console variable group [sys_spec_objectdetail] = [1]
<19:44:04> [Error] [CVARS]: [MISSING] [e_OcclusionCullingViewDistRatio] is not a registered console variable; referenced when testing console variable group [sys_spec_objectdetail] = [1]
<19:44:04> [Error] [CVARS]: [MISSING] [e_TerrainLodRatio] is not a registered console variable; referenced when testing console variable group [sys_spec_objectdetail] = [1]
<19:44:04> [Error] [CVARS]: [MISSING] [e_Tessellation] is not a registered console variable; referenced when testing console variable group [sys_spec_objectdetail] = [1]
<19:44:04> [Error] [CVARS]: [MISSING] [e_ViewDistMin] is not a registered console variable; referenced when testing console variable group [sys_spec_objectdetail] = [1]
<19:44:04> [Error] [CVARS]: [MISSING] [e_ParticlesMaxScreenFill] is not a registered console variable; referenced when testing console variable group [sys_spec_particles] = [1]
<19:44:04> [Error] [CVARS]: [MISSING] [e_ParticlesMinDrawPixels] is not a registered console variable; referenced when testing console variable group [sys_spec_particles] = [1]
<19:44:04> [Error] [CVARS]: [MISSING] [e_ParticlesObjectCollisions] is not a registered console variable; referenced when testing console variable group [sys_spec_particles] = [1]
<19:44:04> [Error] [CVARS]: [MISSING] [e_ParticlesQuality] is not a registered console variable; referenced when testing console variable group [sys_spec_particles] = [1]
<19:44:04> [Error] [CVARS]: [MISSING] [e_ParticlesMotionBlur] is not a registered console variable; referenced when testing console variable group [sys_spec_particles] = [1]
<19:44:04> [Error] [CVARS]: [MISSING] [e_CullVegActivation] is not a registered console variable; referenced when testing console variable group [sys_spec_physics] = [1]
<19:44:04> [Error] [CVARS]: [MISSING] [e_FoliageWindActivationDist] is not a registered console variable; referenced when testing console variable group [sys_spec_physics] = [1]
<19:44:04> [Error] [CVARS]: [MISSING] [e_PhysOceanCell] is not a registered console variable; referenced when testing console variable group [sys_spec_physics] = [1]
<19:44:04> [Error] [CVARS]: [MISSING] [es_MaxPhysDist] is not a registered console variable; referenced when testing console variable group [sys_spec_physics] = [1]
<19:44:04> [Error] [CVARS]: [MISSING] [es_MaxPhysDistInvisible] is not a registered console variable; referenced when testing console variable group [sys_spec_physics] = [1]
<19:44:04> [Error] [CVARS]: [MISSING] [g_breakage_particles_limit] is not a registered console variable; referenced when testing console variable group [sys_spec_physics] = [1]
<19:44:04> [Error] [CVARS]: [MISSING] [g_tree_cut_reuse_dist] is not a registered console variable; referenced when testing console variable group [sys_spec_physics] = [1]
<19:44:04> [Error] [CVARS]: [MISSING] [p_max_MC_iters] is not a registered console variable; referenced when testing console variable group [sys_spec_physics] = [1]
<19:44:04> [Error] [CVARS]: [MISSING] [p_max_substeps] is not a registered console variable; referenced when testing console variable group [sys_spec_physics] = [1]
<19:44:04> [Error] [CVARS]: [MISSING] [e_PhysProxyTriLimit] is not a registered console variable; referenced when testing console variable group [sys_spec_physics] = [1]
<19:44:04> [Error] [CVARS]: [MISSING] [p_max_object_splashes] is not a registered console variable; referenced when testing console variable group [sys_spec_physics] = [1]
<19:44:04> [Error] [CVARS]: [MISSING] [p_max_substeps_large_group] is not a registered console variable; referenced when testing console variable group [sys_spec_physics] = [1]
<19:44:04> [Error] [CVARS]: [MISSING] [p_num_bodies_large_group] is not a registered console variable; referenced when testing console variable group [sys_spec_physics] = [1]
<19:44:04> [Error] [CVARS]: [MISSING] [p_splash_dist0] is not a registered console variable; referenced when testing console variable group [sys_spec_physics] = [1]
<19:44:04> [Error] [CVARS]: [MISSING] [p_splash_dist1] is not a registered console variable; referenced when testing console variable group [sys_spec_physics] = [1]
<19:44:04> [Error] [CVARS]: [MISSING] [p_splash_force0] is not a registered console variable; referenced when testing console variable group [sys_spec_physics] = [1]
<19:44:04> [Error] [CVARS]: [MISSING] [p_splash_force1] is not a registered console variable; referenced when testing console variable group [sys_spec_physics] = [1]
<19:44:04> [Error] [CVARS]: [MISSING] [p_splash_vel0] is not a registered console variable; referenced when testing console variable group [sys_spec_physics] = [1]
<19:44:04> [Error] [CVARS]: [MISSING] [p_splash_vel1] is not a registered console variable; referenced when testing console variable group [sys_spec_physics] = [1]
<19:44:04> [Error] [CVARS]: [MISSING] [e_DynamicLightsMaxEntityLights] is not a registered console variable; referenced when testing console variable group [sys_spec_shading] = [1]
<19:44:04> [Error] [CVARS]: [MISSING] [e_SkyUpdateRate] is not a registered console variable; referenced when testing console variable group [sys_spec_shading] = [1]
<19:44:04> [Error] [CVARS]: [MISSING] [e_svoTI_Apply] is not a registered console variable; referenced when testing console variable group [sys_spec_shading] = [1]
<19:44:04> [Error] [CVARS]: [MISSING] [e_svoTI_RsmConeMaxLength] is not a registered console variable; referenced when testing console variable group [sys_spec_shading] = [1]
<19:44:04> [Error] [CVARS]: [MISSING] [e_svoTI_RsmUseColors] is not a registered console variable; referenced when testing console variable group [sys_spec_shading] = [1]
<19:44:04> [Error] [CVARS]: [MISSING] [e_svoTi_Active] is not a registered console variable; referenced when testing console variable group [sys_spec_shading] = [1]
<19:44:04> [Error] [CVARS]: [MISSING] [e_svoti_LowSpecMode] is not a registered console variable; referenced when testing console variable group [sys_spec_shading] = [1]
<19:44:04> [Error] [CVARS]: [MISSING] [e_LightVolumes] is not a registered console variable; referenced when testing console variable group [sys_spec_shading] = [1]
<19:44:04> [Error] [CVARS]: [MISSING] [e_VegetationUseTerrainColor] is not a registered console variable; referenced when testing console variable group [sys_spec_shading] = [1]
<19:44:04> [Error] [CVARS]: [MISSING] [e_GsmLodsNum] is not a registered console variable; referenced when testing console variable group [sys_spec_shadows] = [1]
<19:44:04> [Error] [CVARS]: [MISSING] [e_GsmRange] is not a registered console variable; referenced when testing console variable group [sys_spec_shadows] = [1]
<19:44:04> [Error] [CVARS]: [MISSING] [e_ObjShadowCastSpec] is not a registered console variable; referenced when testing console variable group [sys_spec_shadows] = [1]
<19:44:04> [Error] [CVARS]: [MISSING] [e_ParticlesShadows] is not a registered console variable; referenced when testing console variable group [sys_spec_shadows] = [1]
<19:44:04> [Error] [CVARS]: [MISSING] [e_Shadows] is not a registered console variable; referenced when testing console variable group [sys_spec_shadows] = [1]
<19:44:04> [Error] [CVARS]: [MISSING] [e_ShadowsBlendCascades] is not a registered console variable; referenced when testing console variable group [sys_spec_shadows] = [1]
<19:44:04> [Error] [CVARS]: [MISSING] [e_ShadowsCastViewDistRatio] is not a registered console variable; referenced when testing console variable group [sys_spec_shadows] = [1]
<19:44:04> [Error] [CVARS]: [MISSING] [e_ShadowsLodBiasFixed] is not a registered console variable; referenced when testing console variable group [sys_spec_shadows] = [1]
<19:44:04> [Error] [CVARS]: [MISSING] [e_ShadowsMaxTexRes] is not a registered console variable; referenced when testing console variable group [sys_spec_shadows] = [1]
<19:44:04> [Error] [CVARS]: [MISSING] [e_ShadowsPoolSize] is not a registered console variable; referenced when testing console variable group [sys_spec_shadows] = [1]
<19:44:04> [Error] [CVARS]: [MISSING] [e_ShadowsResScale] is not a registered console variable; referenced when testing console variable group [sys_spec_shadows] = [1]
<19:44:04> [Error] [CVARS]: [MISSING] [e_ShadowsTessellateCascades] is not a registered console variable; referenced when testing console variable group [sys_spec_shadows] = [1]
<19:44:04> [Error] [CVARS]: [MISSING] [e_ShadowsTessellateDLights] is not a registered console variable; referenced when testing console variable group [sys_spec_shadows] = [1]
<19:44:04> [Error] [CVARS]: [MISSING] [e_ShadowsUpdateViewDistRatio] is not a registered console variable; referenced when testing console variable group [sys_spec_shadows] = [1]
<19:44:04> [Error] [CVARS]: [MISSING] [e_VolumetricFog] is not a registered console variable; referenced when testing console variable group [sys_spec_volumetriceffects] = [1]
<19:44:04> [Error] [CVARS]: [MISSING] [e_fog] is not a registered console variable; referenced when testing console variable group [sys_spec_volumetriceffects] = [1]
<19:44:04> [Error] [CVARS]: [MISSING] [e_Clouds] is not a registered console variable; referenced when testing console variable group [sys_spec_volumetriceffects] = [1]
<19:44:04> [Error] [CVARS]: [MISSING] [e_WaterOceanFFT] is not a registered console variable; referenced when testing console variable group [sys_spec_water] = [1]
<19:44:04> [Error] [CVARS]: [MISSING] [e_WaterTessellationAmount] is not a registered console variable; referenced when testing console variable group [sys_spec_water] = [1]
<19:44:04> [Error] [CVARS]: [MISSING] [e_WaterTessellationAmountX] is not a registered console variable; referenced when testing console variable group [sys_spec_water] = [1]
<19:44:04> [Error] [CVARS]: [MISSING] [e_WaterTessellationAmountY] is not a registered console variable; referenced when testing console variable group [sys_spec_water] = [1]
<19:44:04> [Error] [CVARS]: [MISSING] [e_WaterTessellationSwathWidth] is not a registered console variable; referenced when testing console variable group [sys_spec_water] = [1]
<19:44:04> Loading Config file game.cfg (data\game.cfg)
<19:44:04> [Warning] [CVARS]: [CHANGED] variable [sys_asserts] from [0] to [0]; Marked as [VF_CHEAT]
<19:44:04> [Warning] Modifying marked variables will not be allowed in Release mode!
<19:44:04> Stream Engine Initialization
<19:44:04> GameName: Pandemic Express
<19:44:04> BuildTime: Oct 13 2019 19:15:33
<19:44:04> Physics initialization
<19:44:04> Localized language content(english) not available or modified from the original installation.
<19:44:04> Localized language content(english) not available or modified from the original installation.
<19:44:04> Localized language content(english) not available or modified from the original installation.
<19:44:04> <Audio>: AudioSystem initialization
<19:44:04> <Audio> <0.258>: CryAudioImplWwise loaded
<19:44:05> Renderer initialization
<19:44:05> Logging video adapters:
<19:44:05> - NVIDIA GeForce RTX 3070 (vendor = 0x10de, device = 0x2484)
<19:44:05>   - Adapter index: 0
<19:44:05>   - Dedicated video memory: 8043 MB
<19:44:05>   - Feature level: DX11 (SM 5.0)
<19:44:05>   - Displays connected: yes
<19:44:05>   - Suitable rendering device: yes
<19:44:05> - Microsoft Basic Render Driver (vendor = 0x1414, device = 0x008c)
<19:44:05>   - Adapter index: 1
<19:44:05>   - Dedicated video memory: 0 MB
<19:44:05>   - Feature level: DX11 (SM 5.0)
<19:44:05>   - Displays connected: no
<19:44:05>   - Suitable rendering device: no
<19:44:06> Active GPUs: 1
<19:44:06> [Renderer] A display device has been connected to the system
<19:44:06> Loading plugin CryDefaultEntities
<19:44:06> Loading plugin CrySchematycCore
<19:44:06> DLL Failed to load, error code: 7E
<19:44:06> Loading plugin CrySchematycSTDEnv
<19:44:06> DLL Failed to load, error code: 7E
<19:44:06> Loading plugin CrySensorSystem
<19:44:06> DLL Failed to load, error code: 7E
<19:44:06> Loading extension file cryplugin.csv
<19:44:06> Loading plugin ProcAnRandGenerator.dll
<19:44:06> Loading plugin PlayFab.dll
<19:44:06> Loading plugin CEVPlayer.dll
<19:44:07> Font initialization
<19:44:07> Using FreeType 2.5.5
<19:44:08> Network initialization
<19:44:08> [net] Socket IO management: External [iocp], Internal [iocp]
<19:44:08> network hostname: DESKTOP-GKEDPQ6
<19:44:08>   ip:25.14.180.174
<19:44:08>   ip:26.90.194.210
<19:44:08>   ip:192.168.20.21
<19:44:08> [Network Version]: PROFILE DEVELOPMENT BUILD
<19:44:08> MovieSystem initialization
<19:44:08> Console initialization
<19:44:08> Time initialization
<19:44:08> Input initialization
<19:44:08> AI initialization
<19:44:08>  
<19:44:08>     con_debug = 0 []
<19:44:08>     con_display_last_messages = 0 []
<19:44:08>     con_line_buffer_size = 1000 []
<19:44:08>     con_restricted = 0 [RESTRICTEDMODE]
<19:44:08>     con_showonload = 0 []
<19:44:08>  
<19:44:08>     con_debug = 0 []
<19:44:08>     con_display_last_messages = 0 []
<19:44:08>     con_line_buffer_size = 1000 []
<19:44:08>     con_restricted = 0 [RESTRICTEDMODE]
<19:44:08>     con_showonload = 0 []
<19:44:08>  
<19:44:08>     con_debug = 0 []
<19:44:08>  
<19:44:08>     con_debug = 0 []
<19:44:08> Initializing Animation System
<19:44:08> Initializing 3D Engine
<19:44:08> Script System Initialization
<19:44:08> Entity system initialization
<19:44:08> Initializing AI System
<19:44:08> Initializing additional systems
<19:44:08> Dynamic Response System initialization
<19:44:08> DLL Failed to load, error code: 7E
<19:44:08> No Dynamic Response System was loaded from a module, will use the NULL implementation.
<19:44:09> [Steam] Steam API initialized successfully
<19:44:09> <ThreadConfigInfo>: [XML Parsing] Thread with name "Main" already loaded. Overriding with new configuration
<19:44:09> <ThreadConfigInfo>: [XML Parsing] Thread with name "Network" already loaded. Overriding with new configuration
<19:44:09> <ThreadConfigInfo>: [XML Parsing] Thread with name "NetworkStallTicker" already loaded. Overriding with new configuration
<19:44:09> <ThreadConfigInfo>: [XML Parsing] Thread with name "ZLibCompressor" already loaded. Overriding with new configuration
<19:44:09> <ThreadConfigInfo>: [XML Parsing] Thread with name "NetworkStallTicker" already loaded. Overriding with new configuration
<19:44:09> <ThreadConfigInfo>: [XML Parsing] Thread with name "ZLibCompressor" already loaded. Overriding with new configuration
<19:44:09> <ThreadConfigInfo>: [XML Parsing] Thread with name "TelemetryCopier" already loaded. Overriding with new configuration
<19:44:09> <ThreadConfigInfo>: [XML Parsing] Thread with name "StatsAgent" already loaded. Overriding with new configuration
<19:44:09> <ThreadConfigInfo>: Thread profile loaded: "pc_8" (config/game.thread_config)  
<19:44:09> Initializing default materials...
<19:44:15> [MFX] Loading FXLib 'breakables' ...
<19:44:15> [MFX] Loading FXLib 'collisions' ...
<19:44:15> [MFX] Loading FXLib 'foley' ...
<19:44:15> [MFX] Loading FXLib 'foley_grunt' ...
<19:44:15> [MFX] Loading FXLib 'foley_player' ...
<19:44:15> [MFX] Loading FXLib 'footstep_grunt' ...
<19:44:15> [MFX] Loading FXLib 'footstep_player' ...
<19:44:15> [MFX] Loading FXLib 'footsteps' ...
<19:44:15> [MFX] Loading FXLib 'grenade' ...
<19:44:15> [MFX] Loading FXLib 'melee' ...
<19:44:15> [MFX] Loading FXLib 'player_fx' ...
<19:44:15> [MFX] Loading FXLib 'projectiles' ...
<19:44:15> [MFX] Loading FXLib 'tornado' ...
<19:44:15> [MFX] Loading FXLib 'vegetation' ...
<19:44:15> [MFX] Loading FXLib 'vehicles' ...
<19:44:15> [MFX] Loading FXLib 'breakables' ...
<19:44:15> [MFX] Loading FXLib 'collisions' ...
<19:44:15> [MFX] Loading FXLib 'foley' ...
<19:44:15> [MFX] Loading FXLib 'foley_grunt' ...
<19:44:15> [MFX] Loading FXLib 'foley_player' ...
<19:44:15> [MFX] Loading FXLib 'footstep_grunt' ...
<19:44:15> [MFX] Loading FXLib 'footstep_player' ...
<19:44:15> [MFX] Loading FXLib 'footsteps' ...
<19:44:15> [MFX] Loading FXLib 'grenade' ...
<19:44:15> [MFX] Loading FXLib 'melee' ...
<19:44:15> [MFX] Loading FXLib 'player_fx' ...
<19:44:15> [MFX] Loading FXLib 'projectiles' ...
<19:44:15> [MFX] Loading FXLib 'tornado' ...
<19:44:15> [MFX] Loading FXLib 'vegetation' ...
<19:44:15> [MFX] Loading FXLib 'vehicles' ...
<19:44:15> Creating socket on port 2838
<19:44:15> CreateDatagramSocket c1
<19:44:15> CreateDatagramSocket c2
<19:44:54> CreateDatagramSocket c1
<19:44:56> Game rules class: InstantAction
<19:44:56> ============================ PrepareLevel Multiplayer/Purgatorium_Esc ============================
<19:45:47> CryAnimation: character-definition not found: objects/characters/human/sdk_player/sdk_player.cdf
<19:45:47> CryAnimation: character-definition not found: objects/characters/human/sdk_player/sdk_player.cdf
<19:45:47> CryAnimation: character-definition not found: objects/characters/human/sdk_player/sdk_player.cdf
<19:45:49> PLAYERNAME Kornflakes
<19:45:49> CryAnimation: character-definition not found: objects/characters/man.cdf
<19:45:50> CryAnimation: character-definition not found: objects/characters/human/sdk_player/sdk_player.cdf
<19:45:50> CryAnimation: character-definition not found: objects/characters/human/sdk_player/sdk_player.cdf
<19:45:50> CryAnimation: character-definition not found: objects/characters/human/sdk_player/sdk_player.cdf
<19:46:06> CryAnimation: character-definition not found: objects/characters/human/sdk_player/sdk_player.cdf
<19:46:06> CryAnimation: character-definition not found: objects/characters/human/sdk_player/sdk_player.cdf
<19:46:06> CryAnimation: character-definition not found: objects/characters/human/sdk_player/sdk_player.cdf
<19:46:31> CryAnimation: character-definition not found: objects/characters/human/sdk_player/sdk_player.cdf
<19:46:31> CryAnimation: character-definition not found: objects/characters/human/sdk_player/sdk_player.cdf
<19:46:31> CryAnimation: character-definition not found: objects/characters/human/sdk_player/sdk_player.cdf
<19:46:42> d_prerec_msg 
<19:46:46> d_prerec_msg 
<19:46:50> CryAnimation: character-definition not found: objects/characters/human/sdk_player/sdk_player.cdf
<19:46:50> CryAnimation: character-definition not found: objects/characters/human/sdk_player/sdk_player.cdf
<19:46:50> CryAnimation: character-definition not found: objects/characters/human/sdk_player/sdk_player.cdf
<19:46:53> CryAnimation: character-definition not found: objects/characters/human/sdk_player/sdk_player.cdf
<19:46:53> CryAnimation: character-definition not found: objects/characters/human/sdk_player/sdk_player.cdf
<19:46:53> CryAnimation: character-definition not found: objects/characters/human/sdk_player/sdk_player.cdf
<19:47:41> CryAnimation: character-definition not found: objects/characters/human/sdk_player/sdk_player.cdf
<19:47:41> CryAnimation: character-definition not found: objects/characters/human/sdk_player/sdk_player.cdf
<19:47:41> CryAnimation: character-definition not found: objects/characters/human/sdk_player/sdk_player.cdf
<19:48:03> CryAnimation: character-definition not found: objects/characters/human/sdk_player/sdk_player.cdf
<19:48:03> CryAnimation: character-definition not found: objects/characters/human/sdk_player/sdk_player.cdf
<19:48:03> CryAnimation: character-definition not found: objects/characters/human/sdk_player/sdk_player.cdf
<19:49:08> CryAnimation: character-definition not found: objects/characters/human/sdk_player/sdk_player.cdf
<19:49:08> CryAnimation: character-definition not found: objects/characters/human/sdk_player/sdk_player.cdf
<19:49:08> CryAnimation: character-definition not found: objects/characters/human/sdk_player/sdk_player.cdf
<19:49:09> CryAnimation: character-definition not found: objects/characters/human/sdk_player/sdk_player.cdf
<19:49:09> CryAnimation: character-definition not found: objects/characters/human/sdk_player/sdk_player.cdf
<19:49:09> CryAnimation: character-definition not found: objects/characters/human/sdk_player/sdk_player.cdf
<19:50:29> CryAnimation: character-definition not found: objects/characters/human/sdk_player/sdk_player.cdf
<19:50:29> CryAnimation: character-definition not found: objects/characters/human/sdk_player/sdk_player.cdf
<19:50:29> CryAnimation: character-definition not found: objects/characters/human/sdk_player/sdk_player.cdf
<19:50:37> sed_prerec_msg 
<19:50:39> used_prerec_msg 
<19:50:39> CryAnimation: character-definition not found: objects/characters/human/sdk_player/sdk_player.cdf
<19:50:39> CryAnimation: character-definition not found: objects/characters/human/sdk_player/sdk_player.cdf
<19:50:39> CryAnimation: character-definition not found: objects/characters/human/sdk_player/sdk_player.cdf
<19:50:41> used_prerec_msg 
<19:50:43> CryAnimation: character-definition not found: objects/characters/human/sdk_player/sdk_player.cdf
<19:50:43> CryAnimation: character-definition not found: objects/characters/human/sdk_player/sdk_player.cdf
<19:50:43> CryAnimation: character-definition not found: objects/characters/human/sdk_player/sdk_player.cdf
<19:52:02> d_prerec_msg 
<19:52:06> d_prerec_msg 
<19:52:08> d_prerec_msg 
<19:52:10> d_prerec_msg 
<19:52:11> d_prerec_msg 
<19:52:12> d_prerec_msg 
<19:52:14> sed_prerec_msg 
<19:52:14> d_prerec_msg 
<19:52:16> d_prerec_msg 
<19:52:16> d_prerec_msg 
<19:52:23> d_prerec_msg 
<19:54:26> CVehicleSeat::NetSetPassengerId c2
<19:54:26> CVehicleSeat::Enter called
<19:54:39> CVehicleSeat::Exit called
<19:54:39> CVehicleSeat::Exit called c2
<19:54:39> ClProcessLeave call
<19:55:07> CHUDNv::showPickArmorGradient()
<19:55:11> CHUDNv::showPickArmorGradient()
<19:55:16> CVehicleSeat::NetSetPassengerId c2
<19:55:16> CVehicleSeat::Enter called
<19:55:26> CVehicleSeat::Exit called
<19:55:26> CVehicleSeat::Exit called c2
<19:55:26> ClProcessLeave call
<19:55:27> CVehicleSeat::NetSetPassengerId c2
<19:55:27> CVehicleSeat::Enter called
<19:55:40> CHUDNv::showPickArmorGradient()
<19:55:46> CVehicleSeat::Exit called
<19:55:46> CVehicleSeat::Exit called c2
<19:55:46> ClProcessLeave call
<19:56:16> CVehicleSeat::NetSetPassengerId c2
<19:56:16> CVehicleSeat::Enter called
<19:56:19> CVehicleSeat::Exit called
<19:56:19> CVehicleSeat::Exit called c2
<19:56:19> ClProcessLeave call
<19:56:24> CVehicleSeat::NetSetPassengerId c2
<19:56:24> CVehicleSeat::Enter called
<19:56:41> CVehicleSeat::Exit called
<19:56:41> CVehicleSeat::Exit called c2
<19:56:41> ClProcessLeave call
<19:57:36> CHUDNv::showPickArmorGradient()
<19:57:54> CVehicleSeat::NetSetPassengerId c2
<19:57:54> CVehicleSeat::Enter called
<19:57:55> CVehicleSeat::Exit called
<19:57:55> CVehicleSeat::Exit called c2
<19:57:55> ClProcessLeave call
<19:57:58> CVehicleSeat::NetSetPassengerId c2
<19:57:58> CVehicleSeat::Enter called
<19:58:01> CVehicleSeat::Exit called
<19:58:01> CVehicleSeat::Exit called c2
<19:58:01> ClProcessLeave call
<19:58:12> CVehicleSeat::NetSetPassengerId c2
<19:58:12> CVehicleSeat::Enter called
<19:58:13> CVehicleSeat::Exit called
<19:58:13> CVehicleSeat::Exit called c2
<19:58:13> ClProcessLeave call
<19:58:16> CVehicleSeat::NetSetPassengerId c2
<19:58:16> CVehicleSeat::Enter called
<19:58:29> CVehicleSeat::Exit called
<19:58:29> CVehicleSeat::Exit called c2
<19:58:29> ClProcessLeave call
<19:58:57> d_prerec_msg 
<19:59:32> CGameClientChannel::Release
<19:59:32> gEnv->pRenderer->Draw2dImage XXX
<19:59:34> BaseInput - Shutting down all force feedback
<19:59:34> ActionGame - Shutting down all force feedback
<19:59:34> CNetSyncSystem::~CNetSyncSystem & Crush?! packets_temp_bf(temp packet data buffs)
<19:59:34> remapped bone indices with refcount '4294967292' still around for 'zombiemodelnew/conserve_fp_nonmm.skin 0x00000205426FEC90
<19:59:34> remapped bone indices with refcount '4294967292' still around for 'objects/zhg_objects/characters/conserve/conserve_head.skin 0x00000205C113E920
