BackupNameAttachment=" Build(0) 06 Jul 21 (16 00 22)"  -- used by backup system
Log Started at Tue Jul  6 16:00:22 2021
Built on Oct 13 2019 19:15:33
Running 64 bit Windows version
Command Line: "D:\Games\Steam\steamapps\common\Pandemic Express\Bin/win_x64/PandemicExpress.exe"
Executable: D:\Games\Steam\steamapps\common\Pandemic Express\Bin\win_x64\PandemicExpress.exe
FileVersion: 1.0.0.0
ProductVersion: 1.0.0.0
Added MOD directory <%engineroot%/engine> to CryPak

Total number of logical processors: 12
Number of available logical processors: 12
Total number of system cores: 6
Number of cores available to process: 6
 
Processor 0:
  CPU: AMD AMD Ryzen 5 3600 6-Core Processor              
  Family: 15, Model: 1, Stepping: 0
  FPU: On-Chip
  Features: FP16, SSE, SSE2, SSE3, SSE4.2, AVX, AVX2, FMA3
  Serial number not present or disabled
 
Processor 1:
  CPU: AMD AMD Ryzen 5 3600 6-Core Processor              
  Family: 15, Model: 1, Stepping: 0
  FPU: On-Chip
  Features: FP16, SSE, SSE2, SSE3, SSE4.2, AVX, AVX2, FMA3
  Serial number not present or disabled
 
Processor 2:
  CPU: AMD AMD Ryzen 5 3600 6-Core Processor              
  Family: 15, Model: 1, Stepping: 0
  FPU: On-Chip
  Features: FP16, SSE, SSE2, SSE3, SSE4.2, AVX, AVX2, FMA3
  Serial number not present or disabled
 
Processor 3:
  CPU: AMD AMD Ryzen 5 3600 6-Core Processor              
  Family: 15, Model: 1, Stepping: 0
  FPU: On-Chip
  Features: FP16, SSE, SSE2, SSE3, SSE4.2, AVX, AVX2, FMA3
  Serial number not present or disabled
 
Processor 4:
  CPU: AMD AMD Ryzen 5 3600 6-Core Processor              
  Family: 15, Model: 1, Stepping: 0
  FPU: On-Chip
  Features: FP16, SSE, SSE2, SSE3, SSE4.2, AVX, AVX2, FMA3
  Serial number not present or disabled
 
Processor 5:
  CPU: AMD AMD Ryzen 5 3600 6-Core Processor              
  Family: 15, Model: 1, Stepping: 0
  FPU: On-Chip
  Features: FP16, SSE, SSE2, SSE3, SSE4.2, AVX, AVX2, FMA3
  Serial number not present or disabled
 
<16:00:22> Loading Config file system.cfg (system.cfg)
<16:00:22> [Error] [CVARS]: [IGNORED CHANGE] variable [sys_version] from [] to [1.1.0.000.200116]; Marked as [VF_CHEAT]
<16:00:22> OnSysSpecChange(1)
<16:00:22> [Error] [CVARS]: [IGNORED CHANGE] variable [sys_asserts] from [0] to [0]; Marked as [VF_CHEAT]
<16:00:22> GameDir: DATA
<16:00:22> <ThreadConfigInfo>: Thread profile loaded: "pc_8" (config/engine_core.thread_config)  
<16:00:22> Windows 10 64 bit (build 10.0.19043)
<16:00:22> System language: English
<16:00:22> Windows Directory: "C:\Windows"
<16:00:22> Local time is 16:00:22 07/06/21, system running for 3130 minutes
<16:00:22> 16333MB physical memory installed, 9780MB available, 134217727MB virtual memory installed, 40 percent of memory in use
<16:00:22> PageFile usage: 76MB, Working Set: 88MB, Peak PageFile usage: 76MB,
<16:00:22> Current display mode is 2560x1440x32, (Unknown graphics card)
<16:00:22> IBM enhanced (101/102-key) keyboard and 16+ button mouse installed
<16:00:22> --------------------------------------------------------------------------------
<16:00:22> OnSysSpecChange(1)
<16:00:22> Loading Config file LowSpec.cfg (data\config\lowspec.cfg)
<16:00:22> [Error] [CVARS]: [MISSING] [mfx_Timeout] is not a registered console variable; referenced when testing console variable group [sys_spec_gameeffects] = [1]
<16:00:22> [Error] [CVARS]: [MISSING] [ca_AttachmentCullingRation] is not a registered console variable; referenced when testing console variable group [sys_spec_objectdetail] = [1]
<16:00:22> [Error] [CVARS]: [MISSING] [e_DecalsLifeTimeScale] is not a registered console variable; referenced when testing console variable group [sys_spec_objectdetail] = [1]
<16:00:22> [Error] [CVARS]: [MISSING] [e_LodRatio] is not a registered console variable; referenced when testing console variable group [sys_spec_objectdetail] = [1]
<16:00:22> [Error] [CVARS]: [MISSING] [e_MaxViewDistSpecLerp] is not a registered console variable; referenced when testing console variable group [sys_spec_objectdetail] = [1]
<16:00:22> [Error] [CVARS]: [MISSING] [e_MaxViewDistance] is not a registered console variable; referenced when testing console variable group [sys_spec_objectdetail] = [1]
<16:00:22> [Error] [CVARS]: [MISSING] [e_ObjQuality] is not a registered console variable; referenced when testing console variable group [sys_spec_objectdetail] = [1]
<16:00:22> [Error] [CVARS]: [MISSING] [e_TerrainOcclusionCullingMaxDist] is not a registered console variable; referenced when testing console variable group [sys_spec_objectdetail] = [1]
<16:00:22> [Error] [CVARS]: [MISSING] [e_VegetationMinSize] is not a registered console variable; referenced when testing console variable group [sys_spec_objectdetail] = [1]
<16:00:22> [Error] [CVARS]: [MISSING] [e_ViewDistRatio] is not a registered console variable; referenced when testing console variable group [sys_spec_objectdetail] = [1]
<16:00:22> [Error] [CVARS]: [MISSING] [e_ViewDistRatioCustom] is not a registered console variable; referenced when testing console variable group [sys_spec_objectdetail] = [1]
<16:00:22> [Error] [CVARS]: [MISSING] [e_ViewDistRatioDetail] is not a registered console variable; referenced when testing console variable group [sys_spec_objectdetail] = [1]
<16:00:22> [Error] [CVARS]: [MISSING] [e_ViewDistRatioLights] is not a registered console variable; referenced when testing console variable group [sys_spec_objectdetail] = [1]
<16:00:22> [Error] [CVARS]: [MISSING] [e_ViewDistRatioVegetation] is not a registered console variable; referenced when testing console variable group [sys_spec_objectdetail] = [1]
<16:00:22> [Error] [CVARS]: [MISSING] [es_DebrisLifetimeScale] is not a registered console variable; referenced when testing console variable group [sys_spec_objectdetail] = [1]
<16:00:22> [Error] [CVARS]: [MISSING] [e_DecalsOverlapping] is not a registered console variable; referenced when testing console variable group [sys_spec_objectdetail] = [1]
<16:00:22> [Error] [CVARS]: [MISSING] [e_LodMin] is not a registered console variable; referenced when testing console variable group [sys_spec_objectdetail] = [1]
<16:00:22> [Error] [CVARS]: [MISSING] [e_MergedMeshesInstanceDist] is not a registered console variable; referenced when testing console variable group [sys_spec_objectdetail] = [1]
<16:00:22> [Error] [CVARS]: [MISSING] [e_MergedMeshesPool] is not a registered console variable; referenced when testing console variable group [sys_spec_objectdetail] = [1]
<16:00:22> [Error] [CVARS]: [MISSING] [e_OcclusionCullingViewDistRatio] is not a registered console variable; referenced when testing console variable group [sys_spec_objectdetail] = [1]
<16:00:22> [Error] [CVARS]: [MISSING] [e_TerrainLodRatio] is not a registered console variable; referenced when testing console variable group [sys_spec_objectdetail] = [1]
<16:00:22> [Error] [CVARS]: [MISSING] [e_Tessellation] is not a registered console variable; referenced when testing console variable group [sys_spec_objectdetail] = [1]
<16:00:22> [Error] [CVARS]: [MISSING] [e_ViewDistMin] is not a registered console variable; referenced when testing console variable group [sys_spec_objectdetail] = [1]
<16:00:22> [Error] [CVARS]: [MISSING] [e_ParticlesMaxScreenFill] is not a registered console variable; referenced when testing console variable group [sys_spec_particles] = [1]
<16:00:22> [Error] [CVARS]: [MISSING] [e_ParticlesMinDrawPixels] is not a registered console variable; referenced when testing console variable group [sys_spec_particles] = [1]
<16:00:22> [Error] [CVARS]: [MISSING] [e_ParticlesObjectCollisions] is not a registered console variable; referenced when testing console variable group [sys_spec_particles] = [1]
<16:00:22> [Error] [CVARS]: [MISSING] [e_ParticlesQuality] is not a registered console variable; referenced when testing console variable group [sys_spec_particles] = [1]
<16:00:22> [Error] [CVARS]: [MISSING] [e_ParticlesMotionBlur] is not a registered console variable; referenced when testing console variable group [sys_spec_particles] = [1]
<16:00:22> [Error] [CVARS]: [MISSING] [e_CullVegActivation] is not a registered console variable; referenced when testing console variable group [sys_spec_physics] = [1]
<16:00:22> [Error] [CVARS]: [MISSING] [e_FoliageWindActivationDist] is not a registered console variable; referenced when testing console variable group [sys_spec_physics] = [1]
<16:00:22> [Error] [CVARS]: [MISSING] [e_PhysOceanCell] is not a registered console variable; referenced when testing console variable group [sys_spec_physics] = [1]
<16:00:22> [Error] [CVARS]: [MISSING] [es_MaxPhysDist] is not a registered console variable; referenced when testing console variable group [sys_spec_physics] = [1]
<16:00:22> [Error] [CVARS]: [MISSING] [es_MaxPhysDistInvisible] is not a registered console variable; referenced when testing console variable group [sys_spec_physics] = [1]
<16:00:22> [Error] [CVARS]: [MISSING] [g_breakage_particles_limit] is not a registered console variable; referenced when testing console variable group [sys_spec_physics] = [1]
<16:00:22> [Error] [CVARS]: [MISSING] [g_tree_cut_reuse_dist] is not a registered console variable; referenced when testing console variable group [sys_spec_physics] = [1]
<16:00:22> [Error] [CVARS]: [MISSING] [p_max_MC_iters] is not a registered console variable; referenced when testing console variable group [sys_spec_physics] = [1]
<16:00:22> [Error] [CVARS]: [MISSING] [p_max_substeps] is not a registered console variable; referenced when testing console variable group [sys_spec_physics] = [1]
<16:00:22> [Error] [CVARS]: [MISSING] [e_PhysProxyTriLimit] is not a registered console variable; referenced when testing console variable group [sys_spec_physics] = [1]
<16:00:22> [Error] [CVARS]: [MISSING] [p_max_object_splashes] is not a registered console variable; referenced when testing console variable group [sys_spec_physics] = [1]
<16:00:22> [Error] [CVARS]: [MISSING] [p_max_substeps_large_group] is not a registered console variable; referenced when testing console variable group [sys_spec_physics] = [1]
<16:00:22> [Error] [CVARS]: [MISSING] [p_num_bodies_large_group] is not a registered console variable; referenced when testing console variable group [sys_spec_physics] = [1]
<16:00:22> [Error] [CVARS]: [MISSING] [p_splash_dist0] is not a registered console variable; referenced when testing console variable group [sys_spec_physics] = [1]
<16:00:22> [Error] [CVARS]: [MISSING] [p_splash_dist1] is not a registered console variable; referenced when testing console variable group [sys_spec_physics] = [1]
<16:00:22> [Error] [CVARS]: [MISSING] [p_splash_force0] is not a registered console variable; referenced when testing console variable group [sys_spec_physics] = [1]
<16:00:22> [Error] [CVARS]: [MISSING] [p_splash_force1] is not a registered console variable; referenced when testing console variable group [sys_spec_physics] = [1]
<16:00:22> [Error] [CVARS]: [MISSING] [p_splash_vel0] is not a registered console variable; referenced when testing console variable group [sys_spec_physics] = [1]
<16:00:22> [Error] [CVARS]: [MISSING] [p_splash_vel1] is not a registered console variable; referenced when testing console variable group [sys_spec_physics] = [1]
<16:00:22> [Error] [CVARS]: [MISSING] [e_DynamicLightsMaxEntityLights] is not a registered console variable; referenced when testing console variable group [sys_spec_shading] = [1]
<16:00:22> [Error] [CVARS]: [MISSING] [e_SkyUpdateRate] is not a registered console variable; referenced when testing console variable group [sys_spec_shading] = [1]
<16:00:22> [Error] [CVARS]: [MISSING] [e_svoTI_Apply] is not a registered console variable; referenced when testing console variable group [sys_spec_shading] = [1]
<16:00:22> [Error] [CVARS]: [MISSING] [e_svoTI_RsmConeMaxLength] is not a registered console variable; referenced when testing console variable group [sys_spec_shading] = [1]
<16:00:22> [Error] [CVARS]: [MISSING] [e_svoTI_RsmUseColors] is not a registered console variable; referenced when testing console variable group [sys_spec_shading] = [1]
<16:00:22> [Error] [CVARS]: [MISSING] [e_svoTi_Active] is not a registered console variable; referenced when testing console variable group [sys_spec_shading] = [1]
<16:00:22> [Error] [CVARS]: [MISSING] [e_svoti_LowSpecMode] is not a registered console variable; referenced when testing console variable group [sys_spec_shading] = [1]
<16:00:22> [Error] [CVARS]: [MISSING] [e_LightVolumes] is not a registered console variable; referenced when testing console variable group [sys_spec_shading] = [1]
<16:00:22> [Error] [CVARS]: [MISSING] [e_VegetationUseTerrainColor] is not a registered console variable; referenced when testing console variable group [sys_spec_shading] = [1]
<16:00:22> [Error] [CVARS]: [MISSING] [e_GsmLodsNum] is not a registered console variable; referenced when testing console variable group [sys_spec_shadows] = [1]
<16:00:22> [Error] [CVARS]: [MISSING] [e_GsmRange] is not a registered console variable; referenced when testing console variable group [sys_spec_shadows] = [1]
<16:00:22> [Error] [CVARS]: [MISSING] [e_ObjShadowCastSpec] is not a registered console variable; referenced when testing console variable group [sys_spec_shadows] = [1]
<16:00:22> [Error] [CVARS]: [MISSING] [e_ParticlesShadows] is not a registered console variable; referenced when testing console variable group [sys_spec_shadows] = [1]
<16:00:22> [Error] [CVARS]: [MISSING] [e_Shadows] is not a registered console variable; referenced when testing console variable group [sys_spec_shadows] = [1]
<16:00:22> [Error] [CVARS]: [MISSING] [e_ShadowsBlendCascades] is not a registered console variable; referenced when testing console variable group [sys_spec_shadows] = [1]
<16:00:22> [Error] [CVARS]: [MISSING] [e_ShadowsCastViewDistRatio] is not a registered console variable; referenced when testing console variable group [sys_spec_shadows] = [1]
<16:00:22> [Error] [CVARS]: [MISSING] [e_ShadowsLodBiasFixed] is not a registered console variable; referenced when testing console variable group [sys_spec_shadows] = [1]
<16:00:22> [Error] [CVARS]: [MISSING] [e_ShadowsMaxTexRes] is not a registered console variable; referenced when testing console variable group [sys_spec_shadows] = [1]
<16:00:22> [Error] [CVARS]: [MISSING] [e_ShadowsPoolSize] is not a registered console variable; referenced when testing console variable group [sys_spec_shadows] = [1]
<16:00:22> [Error] [CVARS]: [MISSING] [e_ShadowsResScale] is not a registered console variable; referenced when testing console variable group [sys_spec_shadows] = [1]
<16:00:22> [Error] [CVARS]: [MISSING] [e_ShadowsTessellateCascades] is not a registered console variable; referenced when testing console variable group [sys_spec_shadows] = [1]
<16:00:22> [Error] [CVARS]: [MISSING] [e_ShadowsTessellateDLights] is not a registered console variable; referenced when testing console variable group [sys_spec_shadows] = [1]
<16:00:22> [Error] [CVARS]: [MISSING] [e_ShadowsUpdateViewDistRatio] is not a registered console variable; referenced when testing console variable group [sys_spec_shadows] = [1]
<16:00:22> [Error] [CVARS]: [MISSING] [e_VolumetricFog] is not a registered console variable; referenced when testing console variable group [sys_spec_volumetriceffects] = [1]
<16:00:22> [Error] [CVARS]: [MISSING] [e_fog] is not a registered console variable; referenced when testing console variable group [sys_spec_volumetriceffects] = [1]
<16:00:22> [Error] [CVARS]: [MISSING] [e_Clouds] is not a registered console variable; referenced when testing console variable group [sys_spec_volumetriceffects] = [1]
<16:00:22> [Error] [CVARS]: [MISSING] [e_WaterOceanFFT] is not a registered console variable; referenced when testing console variable group [sys_spec_water] = [1]
<16:00:22> [Error] [CVARS]: [MISSING] [e_WaterTessellationAmount] is not a registered console variable; referenced when testing console variable group [sys_spec_water] = [1]
<16:00:22> [Error] [CVARS]: [MISSING] [e_WaterTessellationAmountX] is not a registered console variable; referenced when testing console variable group [sys_spec_water] = [1]
<16:00:22> [Error] [CVARS]: [MISSING] [e_WaterTessellationAmountY] is not a registered console variable; referenced when testing console variable group [sys_spec_water] = [1]
<16:00:22> [Error] [CVARS]: [MISSING] [e_WaterTessellationSwathWidth] is not a registered console variable; referenced when testing console variable group [sys_spec_water] = [1]
<16:00:22> Loading Config file game.cfg (data\game.cfg)
<16:00:22> [Warning] [CVARS]: [CHANGED] variable [sys_asserts] from [0] to [0]; Marked as [VF_CHEAT]
<16:00:22> [Warning] Modifying marked variables will not be allowed in Release mode!
<16:00:22> Stream Engine Initialization
<16:00:22> GameName: Pandemic Express
<16:00:22> BuildTime: Oct 13 2019 19:15:33
<16:00:22> Physics initialization
<16:00:22> Localized language content(english) not available or modified from the original installation.
<16:00:22> Localized language content(english) not available or modified from the original installation.
<16:00:22> Localized language content(english) not available or modified from the original installation.
<16:00:22> <Audio>: AudioSystem initialization
<16:00:22> <Audio> <0.095>: CryAudioImplWwise loaded
<16:00:23> Renderer initialization
<16:00:23> Logging video adapters:
<16:00:23> - NVIDIA GeForce RTX 3070 (vendor = 0x10de, device = 0x2484)
<16:00:23>   - Adapter index: 0
<16:00:23>   - Dedicated video memory: 8043 MB
<16:00:23>   - Feature level: DX11 (SM 5.0)
<16:00:23>   - Displays connected: yes
<16:00:23>   - Suitable rendering device: yes
<16:00:23> - Microsoft Basic Render Driver (vendor = 0x1414, device = 0x008c)
<16:00:23>   - Adapter index: 1
<16:00:23>   - Dedicated video memory: 0 MB
<16:00:23>   - Feature level: DX11 (SM 5.0)
<16:00:23>   - Displays connected: no
<16:00:23>   - Suitable rendering device: no
<16:00:24> Active GPUs: 1
<16:00:24> [Renderer] A display device has been connected to the system
<16:00:24> Loading plugin CryDefaultEntities
<16:00:24> Loading plugin CrySchematycCore
<16:00:24> DLL Failed to load, error code: 7E
<16:00:24> Loading plugin CrySchematycSTDEnv
<16:00:24> DLL Failed to load, error code: 7E
<16:00:24> Loading plugin CrySensorSystem
<16:00:24> DLL Failed to load, error code: 7E
<16:00:24> Loading extension file cryplugin.csv
<16:00:24> Loading plugin ProcAnRandGenerator.dll
<16:00:24> Loading plugin PlayFab.dll
<16:00:24> Loading plugin CEVPlayer.dll
<16:00:26> Font initialization
<16:00:26> Using FreeType 2.5.5
<16:00:26> Network initialization
<16:00:26> [net] Socket IO management: External [iocp], Internal [iocp]
<16:00:26> network hostname: DESKTOP-GKEDPQ6
<16:00:26>   ip:26.90.194.210
<16:00:26>   ip:192.168.20.21
<16:00:26> [Network Version]: PROFILE DEVELOPMENT BUILD
<16:00:26> MovieSystem initialization
<16:00:26> Console initialization
<16:00:26> Time initialization
<16:00:26> Input initialization
<16:00:26> AI initialization
<16:00:26>  
<16:00:26>     con_debug = 0 []
<16:00:26>     con_display_last_messages = 0 []
<16:00:26>     con_line_buffer_size = 1000 []
<16:00:26>     con_restricted = 0 [RESTRICTEDMODE]
<16:00:26>     con_showonload = 0 []
<16:00:26>  
<16:00:26>     con_debug = 0 []
<16:00:26>     con_display_last_messages = 0 []
<16:00:26>     con_line_buffer_size = 1000 []
<16:00:26>     con_restricted = 0 [RESTRICTEDMODE]
<16:00:26>     con_showonload = 0 []
<16:00:26>  
<16:00:26>     con_debug = 0 []
<16:00:26>  
<16:00:26>     con_debug = 0 []
<16:00:26> Initializing Animation System
<16:00:26> Initializing 3D Engine
<16:00:26> Script System Initialization
<16:00:26> Entity system initialization
<16:00:26> Initializing AI System
<16:00:26> Initializing additional systems
<16:00:26> Dynamic Response System initialization
<16:00:26> DLL Failed to load, error code: 7E
<16:00:26> No Dynamic Response System was loaded from a module, will use the NULL implementation.
<16:00:27> [Steam] Steam API initialized successfully
<16:00:27> <ThreadConfigInfo>: [XML Parsing] Thread with name "Main" already loaded. Overriding with new configuration
<16:00:27> <ThreadConfigInfo>: [XML Parsing] Thread with name "Network" already loaded. Overriding with new configuration
<16:00:27> <ThreadConfigInfo>: [XML Parsing] Thread with name "NetworkStallTicker" already loaded. Overriding with new configuration
<16:00:27> <ThreadConfigInfo>: [XML Parsing] Thread with name "ZLibCompressor" already loaded. Overriding with new configuration
<16:00:27> <ThreadConfigInfo>: [XML Parsing] Thread with name "NetworkStallTicker" already loaded. Overriding with new configuration
<16:00:27> <ThreadConfigInfo>: [XML Parsing] Thread with name "ZLibCompressor" already loaded. Overriding with new configuration
<16:00:27> <ThreadConfigInfo>: [XML Parsing] Thread with name "TelemetryCopier" already loaded. Overriding with new configuration
<16:00:27> <ThreadConfigInfo>: [XML Parsing] Thread with name "StatsAgent" already loaded. Overriding with new configuration
<16:00:27> <ThreadConfigInfo>: Thread profile loaded: "pc_8" (config/game.thread_config)  
<16:00:27> Initializing default materials...
<16:00:33> [MFX] Loading FXLib 'breakables' ...
<16:00:33> [MFX] Loading FXLib 'collisions' ...
<16:00:33> [MFX] Loading FXLib 'foley' ...
<16:00:33> [MFX] Loading FXLib 'foley_grunt' ...
<16:00:33> [MFX] Loading FXLib 'foley_player' ...
<16:00:33> [MFX] Loading FXLib 'footstep_grunt' ...
<16:00:33> [MFX] Loading FXLib 'footstep_player' ...
<16:00:33> [MFX] Loading FXLib 'footsteps' ...
<16:00:33> [MFX] Loading FXLib 'grenade' ...
<16:00:33> [MFX] Loading FXLib 'melee' ...
<16:00:33> [MFX] Loading FXLib 'player_fx' ...
<16:00:33> [MFX] Loading FXLib 'projectiles' ...
<16:00:33> [MFX] Loading FXLib 'tornado' ...
<16:00:33> [MFX] Loading FXLib 'vegetation' ...
<16:00:33> [MFX] Loading FXLib 'vehicles' ...
<16:00:33> [MFX] Loading FXLib 'breakables' ...
<16:00:33> [MFX] Loading FXLib 'collisions' ...
<16:00:33> [MFX] Loading FXLib 'foley' ...
<16:00:33> [MFX] Loading FXLib 'foley_grunt' ...
<16:00:33> [MFX] Loading FXLib 'foley_player' ...
<16:00:33> [MFX] Loading FXLib 'footstep_grunt' ...
<16:00:33> [MFX] Loading FXLib 'footstep_player' ...
<16:00:33> [MFX] Loading FXLib 'footsteps' ...
<16:00:33> [MFX] Loading FXLib 'grenade' ...
<16:00:33> [MFX] Loading FXLib 'melee' ...
<16:00:33> [MFX] Loading FXLib 'player_fx' ...
<16:00:33> [MFX] Loading FXLib 'projectiles' ...
<16:00:33> [MFX] Loading FXLib 'tornado' ...
<16:00:33> [MFX] Loading FXLib 'vegetation' ...
<16:00:33> [MFX] Loading FXLib 'vehicles' ...
<16:00:33> Creating socket on port 2838
<16:00:33> CreateDatagramSocket c1
<16:00:33> CreateDatagramSocket c2
<16:23:49> BaseInput - Shutting down all force feedback
<16:23:49> ActionGame - Shutting down all force feedback
<16:23:49> CNetSyncSystem::~CNetSyncSystem & Crush?! packets_temp_bf(temp packet data buffs)
<16:23:49> System:Quit
