BackupNameAttachment=" Build(0) 06 Jul 21 (11 51 19)"  -- used by backup system
Log Started at Tue Jul  6 11:51:19 2021
Built on Oct 13 2019 19:15:33
Running 64 bit Windows version
Command Line: "D:\Games\Steam\steamapps\common\Pandemic Express\Bin/win_x64/PandemicExpress.exe"
Executable: D:\Games\Steam\steamapps\common\Pandemic Express\Bin\win_x64\PandemicExpress.exe
FileVersion: 1.0.0.0
ProductVersion: 1.0.0.0
Added MOD directory <%engineroot%/engine> to CryPak

Total number of logical processors: 12
Number of available logical processors: 12
Total number of system cores: 6
Number of cores available to process: 6
 
Processor 0:
  CPU: AMD AMD Ryzen 5 3600 6-Core Processor              
  Family: 15, Model: 1, Stepping: 0
  FPU: On-Chip
  Features: FP16, SSE, SSE2, SSE3, SSE4.2, AVX, AVX2, FMA3
  Serial number not present or disabled
 
Processor 1:
  CPU: AMD AMD Ryzen 5 3600 6-Core Processor              
  Family: 15, Model: 1, Stepping: 0
  FPU: On-Chip
  Features: FP16, SSE, SSE2, SSE3, SSE4.2, AVX, AVX2, FMA3
  Serial number not present or disabled
 
Processor 2:
  CPU: AMD AMD Ryzen 5 3600 6-Core Processor              
  Family: 15, Model: 1, Stepping: 0
  FPU: On-Chip
  Features: FP16, SSE, SSE2, SSE3, SSE4.2, AVX, AVX2, FMA3
  Serial number not present or disabled
 
Processor 3:
  CPU: AMD AMD Ryzen 5 3600 6-Core Processor              
  Family: 15, Model: 1, Stepping: 0
  FPU: On-Chip
  Features: FP16, SSE, SSE2, SSE3, SSE4.2, AVX, AVX2, FMA3
  Serial number not present or disabled
 
Processor 4:
  CPU: AMD AMD Ryzen 5 3600 6-Core Processor              
  Family: 15, Model: 1, Stepping: 0
  FPU: On-Chip
  Features: FP16, SSE, SSE2, SSE3, SSE4.2, AVX, AVX2, FMA3
  Serial number not present or disabled
 
Processor 5:
  CPU: AMD AMD Ryzen 5 3600 6-Core Processor              
  Family: 15, Model: 1, Stepping: 0
  FPU: On-Chip
  Features: FP16, SSE, SSE2, SSE3, SSE4.2, AVX, AVX2, FMA3
  Serial number not present or disabled
 
<11:51:19> Loading Config file system.cfg (system.cfg)
<11:51:19> [Error] [CVARS]: [IGNORED CHANGE] variable [sys_version] from [] to [1.1.0.000.200116]; Marked as [VF_CHEAT]
<11:51:19> OnSysSpecChange(1)
<11:51:19> [Error] [CVARS]: [IGNORED CHANGE] variable [sys_asserts] from [0] to [0]; Marked as [VF_CHEAT]
<11:51:19> GameDir: DATA
<11:51:20> <ThreadConfigInfo>: Thread profile loaded: "pc_8" (config/engine_core.thread_config)  
<11:51:20> Windows 10 64 bit (build 10.0.19043)
<11:51:20> System language: English
<11:51:20> Windows Directory: "C:\Windows"
<11:51:20> Local time is 11:51:20 07/06/21, system running for 2881 minutes
<11:51:20> 16333MB physical memory installed, 10546MB available, 134217727MB virtual memory installed, 35 percent of memory in use
<11:51:20> PageFile usage: 75MB, Working Set: 88MB, Peak PageFile usage: 75MB,
<11:51:20> Current display mode is 2560x1440x32, (Unknown graphics card)
<11:51:20> IBM enhanced (101/102-key) keyboard and 16+ button mouse installed
<11:51:20> --------------------------------------------------------------------------------
<11:51:20> OnSysSpecChange(1)
<11:51:20> Loading Config file LowSpec.cfg (data\config\lowspec.cfg)
<11:51:20> [Error] [CVARS]: [MISSING] [mfx_Timeout] is not a registered console variable; referenced when testing console variable group [sys_spec_gameeffects] = [1]
<11:51:20> [Error] [CVARS]: [MISSING] [ca_AttachmentCullingRation] is not a registered console variable; referenced when testing console variable group [sys_spec_objectdetail] = [1]
<11:51:20> [Error] [CVARS]: [MISSING] [e_DecalsLifeTimeScale] is not a registered console variable; referenced when testing console variable group [sys_spec_objectdetail] = [1]
<11:51:20> [Error] [CVARS]: [MISSING] [e_LodRatio] is not a registered console variable; referenced when testing console variable group [sys_spec_objectdetail] = [1]
<11:51:20> [Error] [CVARS]: [MISSING] [e_MaxViewDistSpecLerp] is not a registered console variable; referenced when testing console variable group [sys_spec_objectdetail] = [1]
<11:51:20> [Error] [CVARS]: [MISSING] [e_MaxViewDistance] is not a registered console variable; referenced when testing console variable group [sys_spec_objectdetail] = [1]
<11:51:20> [Error] [CVARS]: [MISSING] [e_ObjQuality] is not a registered console variable; referenced when testing console variable group [sys_spec_objectdetail] = [1]
<11:51:20> [Error] [CVARS]: [MISSING] [e_TerrainOcclusionCullingMaxDist] is not a registered console variable; referenced when testing console variable group [sys_spec_objectdetail] = [1]
<11:51:20> [Error] [CVARS]: [MISSING] [e_VegetationMinSize] is not a registered console variable; referenced when testing console variable group [sys_spec_objectdetail] = [1]
<11:51:20> [Error] [CVARS]: [MISSING] [e_ViewDistRatio] is not a registered console variable; referenced when testing console variable group [sys_spec_objectdetail] = [1]
<11:51:20> [Error] [CVARS]: [MISSING] [e_ViewDistRatioCustom] is not a registered console variable; referenced when testing console variable group [sys_spec_objectdetail] = [1]
<11:51:20> [Error] [CVARS]: [MISSING] [e_ViewDistRatioDetail] is not a registered console variable; referenced when testing console variable group [sys_spec_objectdetail] = [1]
<11:51:20> [Error] [CVARS]: [MISSING] [e_ViewDistRatioLights] is not a registered console variable; referenced when testing console variable group [sys_spec_objectdetail] = [1]
<11:51:20> [Error] [CVARS]: [MISSING] [e_ViewDistRatioVegetation] is not a registered console variable; referenced when testing console variable group [sys_spec_objectdetail] = [1]
<11:51:20> [Error] [CVARS]: [MISSING] [es_DebrisLifetimeScale] is not a registered console variable; referenced when testing console variable group [sys_spec_objectdetail] = [1]
<11:51:20> [Error] [CVARS]: [MISSING] [e_DecalsOverlapping] is not a registered console variable; referenced when testing console variable group [sys_spec_objectdetail] = [1]
<11:51:20> [Error] [CVARS]: [MISSING] [e_LodMin] is not a registered console variable; referenced when testing console variable group [sys_spec_objectdetail] = [1]
<11:51:20> [Error] [CVARS]: [MISSING] [e_MergedMeshesInstanceDist] is not a registered console variable; referenced when testing console variable group [sys_spec_objectdetail] = [1]
<11:51:20> [Error] [CVARS]: [MISSING] [e_MergedMeshesPool] is not a registered console variable; referenced when testing console variable group [sys_spec_objectdetail] = [1]
<11:51:20> [Error] [CVARS]: [MISSING] [e_OcclusionCullingViewDistRatio] is not a registered console variable; referenced when testing console variable group [sys_spec_objectdetail] = [1]
<11:51:20> [Error] [CVARS]: [MISSING] [e_TerrainLodRatio] is not a registered console variable; referenced when testing console variable group [sys_spec_objectdetail] = [1]
<11:51:20> [Error] [CVARS]: [MISSING] [e_Tessellation] is not a registered console variable; referenced when testing console variable group [sys_spec_objectdetail] = [1]
<11:51:20> [Error] [CVARS]: [MISSING] [e_ViewDistMin] is not a registered console variable; referenced when testing console variable group [sys_spec_objectdetail] = [1]
<11:51:20> [Error] [CVARS]: [MISSING] [e_ParticlesMaxScreenFill] is not a registered console variable; referenced when testing console variable group [sys_spec_particles] = [1]
<11:51:20> [Error] [CVARS]: [MISSING] [e_ParticlesMinDrawPixels] is not a registered console variable; referenced when testing console variable group [sys_spec_particles] = [1]
<11:51:20> [Error] [CVARS]: [MISSING] [e_ParticlesObjectCollisions] is not a registered console variable; referenced when testing console variable group [sys_spec_particles] = [1]
<11:51:20> [Error] [CVARS]: [MISSING] [e_ParticlesQuality] is not a registered console variable; referenced when testing console variable group [sys_spec_particles] = [1]
<11:51:20> [Error] [CVARS]: [MISSING] [e_ParticlesMotionBlur] is not a registered console variable; referenced when testing console variable group [sys_spec_particles] = [1]
<11:51:20> [Error] [CVARS]: [MISSING] [e_CullVegActivation] is not a registered console variable; referenced when testing console variable group [sys_spec_physics] = [1]
<11:51:20> [Error] [CVARS]: [MISSING] [e_FoliageWindActivationDist] is not a registered console variable; referenced when testing console variable group [sys_spec_physics] = [1]
<11:51:20> [Error] [CVARS]: [MISSING] [e_PhysOceanCell] is not a registered console variable; referenced when testing console variable group [sys_spec_physics] = [1]
<11:51:20> [Error] [CVARS]: [MISSING] [es_MaxPhysDist] is not a registered console variable; referenced when testing console variable group [sys_spec_physics] = [1]
<11:51:20> [Error] [CVARS]: [MISSING] [es_MaxPhysDistInvisible] is not a registered console variable; referenced when testing console variable group [sys_spec_physics] = [1]
<11:51:20> [Error] [CVARS]: [MISSING] [g_breakage_particles_limit] is not a registered console variable; referenced when testing console variable group [sys_spec_physics] = [1]
<11:51:20> [Error] [CVARS]: [MISSING] [g_tree_cut_reuse_dist] is not a registered console variable; referenced when testing console variable group [sys_spec_physics] = [1]
<11:51:20> [Error] [CVARS]: [MISSING] [p_max_MC_iters] is not a registered console variable; referenced when testing console variable group [sys_spec_physics] = [1]
<11:51:20> [Error] [CVARS]: [MISSING] [p_max_substeps] is not a registered console variable; referenced when testing console variable group [sys_spec_physics] = [1]
<11:51:20> [Error] [CVARS]: [MISSING] [e_PhysProxyTriLimit] is not a registered console variable; referenced when testing console variable group [sys_spec_physics] = [1]
<11:51:20> [Error] [CVARS]: [MISSING] [p_max_object_splashes] is not a registered console variable; referenced when testing console variable group [sys_spec_physics] = [1]
<11:51:20> [Error] [CVARS]: [MISSING] [p_max_substeps_large_group] is not a registered console variable; referenced when testing console variable group [sys_spec_physics] = [1]
<11:51:20> [Error] [CVARS]: [MISSING] [p_num_bodies_large_group] is not a registered console variable; referenced when testing console variable group [sys_spec_physics] = [1]
<11:51:20> [Error] [CVARS]: [MISSING] [p_splash_dist0] is not a registered console variable; referenced when testing console variable group [sys_spec_physics] = [1]
<11:51:20> [Error] [CVARS]: [MISSING] [p_splash_dist1] is not a registered console variable; referenced when testing console variable group [sys_spec_physics] = [1]
<11:51:20> [Error] [CVARS]: [MISSING] [p_splash_force0] is not a registered console variable; referenced when testing console variable group [sys_spec_physics] = [1]
<11:51:20> [Error] [CVARS]: [MISSING] [p_splash_force1] is not a registered console variable; referenced when testing console variable group [sys_spec_physics] = [1]
<11:51:20> [Error] [CVARS]: [MISSING] [p_splash_vel0] is not a registered console variable; referenced when testing console variable group [sys_spec_physics] = [1]
<11:51:20> [Error] [CVARS]: [MISSING] [p_splash_vel1] is not a registered console variable; referenced when testing console variable group [sys_spec_physics] = [1]
<11:51:20> [Error] [CVARS]: [MISSING] [e_DynamicLightsMaxEntityLights] is not a registered console variable; referenced when testing console variable group [sys_spec_shading] = [1]
<11:51:20> [Error] [CVARS]: [MISSING] [e_SkyUpdateRate] is not a registered console variable; referenced when testing console variable group [sys_spec_shading] = [1]
<11:51:20> [Error] [CVARS]: [MISSING] [e_svoTI_Apply] is not a registered console variable; referenced when testing console variable group [sys_spec_shading] = [1]
<11:51:20> [Error] [CVARS]: [MISSING] [e_svoTI_RsmConeMaxLength] is not a registered console variable; referenced when testing console variable group [sys_spec_shading] = [1]
<11:51:20> [Error] [CVARS]: [MISSING] [e_svoTI_RsmUseColors] is not a registered console variable; referenced when testing console variable group [sys_spec_shading] = [1]
<11:51:20> [Error] [CVARS]: [MISSING] [e_svoTi_Active] is not a registered console variable; referenced when testing console variable group [sys_spec_shading] = [1]
<11:51:20> [Error] [CVARS]: [MISSING] [e_svoti_LowSpecMode] is not a registered console variable; referenced when testing console variable group [sys_spec_shading] = [1]
<11:51:20> [Error] [CVARS]: [MISSING] [e_LightVolumes] is not a registered console variable; referenced when testing console variable group [sys_spec_shading] = [1]
<11:51:20> [Error] [CVARS]: [MISSING] [e_VegetationUseTerrainColor] is not a registered console variable; referenced when testing console variable group [sys_spec_shading] = [1]
<11:51:20> [Error] [CVARS]: [MISSING] [e_GsmLodsNum] is not a registered console variable; referenced when testing console variable group [sys_spec_shadows] = [1]
<11:51:20> [Error] [CVARS]: [MISSING] [e_GsmRange] is not a registered console variable; referenced when testing console variable group [sys_spec_shadows] = [1]
<11:51:20> [Error] [CVARS]: [MISSING] [e_ObjShadowCastSpec] is not a registered console variable; referenced when testing console variable group [sys_spec_shadows] = [1]
<11:51:20> [Error] [CVARS]: [MISSING] [e_ParticlesShadows] is not a registered console variable; referenced when testing console variable group [sys_spec_shadows] = [1]
<11:51:20> [Error] [CVARS]: [MISSING] [e_Shadows] is not a registered console variable; referenced when testing console variable group [sys_spec_shadows] = [1]
<11:51:20> [Error] [CVARS]: [MISSING] [e_ShadowsBlendCascades] is not a registered console variable; referenced when testing console variable group [sys_spec_shadows] = [1]
<11:51:20> [Error] [CVARS]: [MISSING] [e_ShadowsCastViewDistRatio] is not a registered console variable; referenced when testing console variable group [sys_spec_shadows] = [1]
<11:51:20> [Error] [CVARS]: [MISSING] [e_ShadowsLodBiasFixed] is not a registered console variable; referenced when testing console variable group [sys_spec_shadows] = [1]
<11:51:20> [Error] [CVARS]: [MISSING] [e_ShadowsMaxTexRes] is not a registered console variable; referenced when testing console variable group [sys_spec_shadows] = [1]
<11:51:20> [Error] [CVARS]: [MISSING] [e_ShadowsPoolSize] is not a registered console variable; referenced when testing console variable group [sys_spec_shadows] = [1]
<11:51:20> [Error] [CVARS]: [MISSING] [e_ShadowsResScale] is not a registered console variable; referenced when testing console variable group [sys_spec_shadows] = [1]
<11:51:20> [Error] [CVARS]: [MISSING] [e_ShadowsTessellateCascades] is not a registered console variable; referenced when testing console variable group [sys_spec_shadows] = [1]
<11:51:20> [Error] [CVARS]: [MISSING] [e_ShadowsTessellateDLights] is not a registered console variable; referenced when testing console variable group [sys_spec_shadows] = [1]
<11:51:20> [Error] [CVARS]: [MISSING] [e_ShadowsUpdateViewDistRatio] is not a registered console variable; referenced when testing console variable group [sys_spec_shadows] = [1]
<11:51:20> [Error] [CVARS]: [MISSING] [e_VolumetricFog] is not a registered console variable; referenced when testing console variable group [sys_spec_volumetriceffects] = [1]
<11:51:20> [Error] [CVARS]: [MISSING] [e_fog] is not a registered console variable; referenced when testing console variable group [sys_spec_volumetriceffects] = [1]
<11:51:20> [Error] [CVARS]: [MISSING] [e_Clouds] is not a registered console variable; referenced when testing console variable group [sys_spec_volumetriceffects] = [1]
<11:51:20> [Error] [CVARS]: [MISSING] [e_WaterOceanFFT] is not a registered console variable; referenced when testing console variable group [sys_spec_water] = [1]
<11:51:20> [Error] [CVARS]: [MISSING] [e_WaterTessellationAmount] is not a registered console variable; referenced when testing console variable group [sys_spec_water] = [1]
<11:51:20> [Error] [CVARS]: [MISSING] [e_WaterTessellationAmountX] is not a registered console variable; referenced when testing console variable group [sys_spec_water] = [1]
<11:51:20> [Error] [CVARS]: [MISSING] [e_WaterTessellationAmountY] is not a registered console variable; referenced when testing console variable group [sys_spec_water] = [1]
<11:51:20> [Error] [CVARS]: [MISSING] [e_WaterTessellationSwathWidth] is not a registered console variable; referenced when testing console variable group [sys_spec_water] = [1]
<11:51:20> Loading Config file game.cfg (data\game.cfg)
<11:51:20> [Warning] [CVARS]: [CHANGED] variable [sys_asserts] from [0] to [0]; Marked as [VF_CHEAT]
<11:51:20> [Warning] Modifying marked variables will not be allowed in Release mode!
<11:51:20> Stream Engine Initialization
<11:51:20> GameName: Pandemic Express
<11:51:20> BuildTime: Oct 13 2019 19:15:33
<11:51:20> Physics initialization
<11:51:20> Localized language content(english) not available or modified from the original installation.
<11:51:20> Localized language content(english) not available or modified from the original installation.
<11:51:20> Localized language content(english) not available or modified from the original installation.
<11:51:20> <Audio>: AudioSystem initialization
<11:51:20> <Audio> <0.323>: CryAudioImplWwise loaded
<11:51:21> Renderer initialization
<11:51:21> Logging video adapters:
<11:51:21> - NVIDIA GeForce RTX 3070 (vendor = 0x10de, device = 0x2484)
<11:51:21>   - Adapter index: 0
<11:51:21>   - Dedicated video memory: 8043 MB
<11:51:21>   - Feature level: DX11 (SM 5.0)
<11:51:21>   - Displays connected: yes
<11:51:21>   - Suitable rendering device: yes
<11:51:22> - Microsoft Basic Render Driver (vendor = 0x1414, device = 0x008c)
<11:51:22>   - Adapter index: 1
<11:51:22>   - Dedicated video memory: 0 MB
<11:51:22>   - Feature level: DX11 (SM 5.0)
<11:51:22>   - Displays connected: no
<11:51:22>   - Suitable rendering device: no
<11:51:22> Active GPUs: 1
<11:51:22> [Renderer] A display device has been connected to the system
<11:51:22> Loading plugin CryDefaultEntities
<11:51:22> Loading plugin CrySchematycCore
<11:51:22> DLL Failed to load, error code: 7E
<11:51:22> Loading plugin CrySchematycSTDEnv
<11:51:22> DLL Failed to load, error code: 7E
<11:51:22> Loading plugin CrySensorSystem
<11:51:22> DLL Failed to load, error code: 7E
<11:51:22> Loading extension file cryplugin.csv
<11:51:22> Loading plugin ProcAnRandGenerator.dll
<11:51:22> Loading plugin PlayFab.dll
<11:51:22> Loading plugin CEVPlayer.dll
<11:51:23> Font initialization
<11:51:23> Using FreeType 2.5.5
<11:51:24> Network initialization
<11:51:24> [net] Socket IO management: External [iocp], Internal [iocp]
<11:51:24> network hostname: DESKTOP-GKEDPQ6
<11:51:24>   ip:26.90.194.210
<11:51:24>   ip:192.168.20.21
<11:51:24> [Network Version]: PROFILE DEVELOPMENT BUILD
<11:51:24> MovieSystem initialization
<11:51:24> Console initialization
<11:51:24> Time initialization
<11:51:24> Input initialization
<11:51:24> AI initialization
<11:51:24>  
<11:51:24>     con_debug = 0 []
<11:51:24>     con_display_last_messages = 0 []
<11:51:24>     con_line_buffer_size = 1000 []
<11:51:24>     con_restricted = 0 [RESTRICTEDMODE]
<11:51:24>     con_showonload = 0 []
<11:51:24>  
<11:51:24>     con_debug = 0 []
<11:51:24>     con_display_last_messages = 0 []
<11:51:24>     con_line_buffer_size = 1000 []
<11:51:24>     con_restricted = 0 [RESTRICTEDMODE]
<11:51:24>     con_showonload = 0 []
<11:51:24>  
<11:51:24>     con_debug = 0 []
<11:51:24>  
<11:51:24>     con_debug = 0 []
<11:51:24> Initializing Animation System
<11:51:24> Initializing 3D Engine
<11:51:24> Script System Initialization
<11:51:24> Entity system initialization
<11:51:24> Initializing AI System
<11:51:24> Initializing additional systems
<11:51:24> Dynamic Response System initialization
<11:51:24> DLL Failed to load, error code: 7E
<11:51:24> No Dynamic Response System was loaded from a module, will use the NULL implementation.
<11:51:25> [Steam] Steam API initialized successfully
<11:51:25> <ThreadConfigInfo>: [XML Parsing] Thread with name "Main" already loaded. Overriding with new configuration
<11:51:25> <ThreadConfigInfo>: [XML Parsing] Thread with name "Network" already loaded. Overriding with new configuration
<11:51:25> <ThreadConfigInfo>: [XML Parsing] Thread with name "NetworkStallTicker" already loaded. Overriding with new configuration
<11:51:25> <ThreadConfigInfo>: [XML Parsing] Thread with name "ZLibCompressor" already loaded. Overriding with new configuration
<11:51:25> <ThreadConfigInfo>: [XML Parsing] Thread with name "NetworkStallTicker" already loaded. Overriding with new configuration
<11:51:25> <ThreadConfigInfo>: [XML Parsing] Thread with name "ZLibCompressor" already loaded. Overriding with new configuration
<11:51:25> <ThreadConfigInfo>: [XML Parsing] Thread with name "TelemetryCopier" already loaded. Overriding with new configuration
<11:51:25> <ThreadConfigInfo>: [XML Parsing] Thread with name "StatsAgent" already loaded. Overriding with new configuration
<11:51:25> <ThreadConfigInfo>: Thread profile loaded: "pc_8" (config/game.thread_config)  
<11:51:25> Initializing default materials...
<11:51:31> [MFX] Loading FXLib 'breakables' ...
<11:51:31> [MFX] Loading FXLib 'collisions' ...
<11:51:31> [MFX] Loading FXLib 'foley' ...
<11:51:31> [MFX] Loading FXLib 'foley_grunt' ...
<11:51:31> [MFX] Loading FXLib 'foley_player' ...
<11:51:31> [MFX] Loading FXLib 'footstep_grunt' ...
<11:51:31> [MFX] Loading FXLib 'footstep_player' ...
<11:51:31> [MFX] Loading FXLib 'footsteps' ...
<11:51:31> [MFX] Loading FXLib 'grenade' ...
<11:51:31> [MFX] Loading FXLib 'melee' ...
<11:51:31> [MFX] Loading FXLib 'player_fx' ...
<11:51:31> [MFX] Loading FXLib 'projectiles' ...
<11:51:31> [MFX] Loading FXLib 'tornado' ...
<11:51:31> [MFX] Loading FXLib 'vegetation' ...
<11:51:31> [MFX] Loading FXLib 'vehicles' ...
<11:51:31> [MFX] Loading FXLib 'breakables' ...
<11:51:31> [MFX] Loading FXLib 'collisions' ...
<11:51:31> [MFX] Loading FXLib 'foley' ...
<11:51:31> [MFX] Loading FXLib 'foley_grunt' ...
<11:51:31> [MFX] Loading FXLib 'foley_player' ...
<11:51:31> [MFX] Loading FXLib 'footstep_grunt' ...
<11:51:31> [MFX] Loading FXLib 'footstep_player' ...
<11:51:31> [MFX] Loading FXLib 'footsteps' ...
<11:51:31> [MFX] Loading FXLib 'grenade' ...
<11:51:31> [MFX] Loading FXLib 'melee' ...
<11:51:31> [MFX] Loading FXLib 'player_fx' ...
<11:51:31> [MFX] Loading FXLib 'projectiles' ...
<11:51:31> [MFX] Loading FXLib 'tornado' ...
<11:51:31> [MFX] Loading FXLib 'vegetation' ...
<11:51:31> [MFX] Loading FXLib 'vehicles' ...
<11:51:31> Creating socket on port 2838
<11:51:31> CreateDatagramSocket c1
<11:51:31> CreateDatagramSocket c2
<11:52:32> Iterator 0
<11:52:32> Size 30
<11:52:32> Iterator 1
<11:52:32> Size 30
<11:52:32> Iterator 2
<11:52:32> Size 30
<11:52:32> Iterator 3
<11:52:32> Size 30
<11:52:32> Iterator 4
<11:52:32> Size 30
<11:52:32> Iterator 5
<11:52:32> Size 30
<11:52:32> Iterator 6
<11:52:32> Size 30
<11:52:32> Iterator 7
<11:52:32> Size 30
<11:52:32> Iterator 8
<11:52:32> Size 30
<11:52:32> Iterator 9
<11:52:32> Size 30
<11:52:32> Iterator 10
<11:52:32> Size 30
<11:52:32> Iterator 11
<11:52:32> Size 30
<11:52:32> Iterator 12
<11:52:32> Size 30
<11:52:32> Iterator 13
<11:52:32> Size 30
<11:52:32> Iterator 14
<11:52:32> Size 30
<11:52:32> playerName Kornflakes
<11:52:32> Iterator 15
<11:52:32> Size 30
<11:52:32> Iterator 16
<11:52:32> Size 30
<11:52:32> Iterator 17
<11:52:32> Size 30
<11:52:32> Iterator 18
<11:52:32> Size 30
<11:52:32> Iterator 19
<11:52:32> Size 30
<11:52:32> Iterator 20
<11:52:32> Size 30
<11:52:32> Iterator 21
<11:52:32> Size 30
<11:52:32> Iterator 22
<11:52:32> Size 30
<11:52:32> Iterator 23
<11:52:32> Size 30
<11:52:32> Iterator 24
<11:52:32> Size 30
<11:52:32> Iterator 25
<11:52:32> Size 30
<11:52:32> Iterator 26
<11:52:32> Size 30
<11:52:32> Iterator 27
<11:52:32> Size 30
<11:52:32> Iterator 28
<11:52:32> Size 30
<11:52:32> Iterator 29
<11:52:32> Size 30
<11:52:32> playerName Kornflakes
<11:52:32> Iterator 30
<11:52:32> Size 30
<11:52:46> CreateDatagramSocket c1
<11:52:49> Game rules class: InstantAction
<11:52:49> ============================ PrepareLevel Multiplayer/Purgatorium_Esc ============================
<11:53:38> CryAnimation: character-definition not found: objects/characters/human/sdk_player/sdk_player.cdf
<11:53:38> CryAnimation: character-definition not found: objects/characters/human/sdk_player/sdk_player.cdf
<11:53:38> CryAnimation: character-definition not found: objects/characters/human/sdk_player/sdk_player.cdf
<11:53:38> CryAnimation: character-definition not found: objects/characters/human/sdk_player/sdk_player.cdf
<11:53:38> CryAnimation: character-definition not found: objects/characters/human/sdk_player/sdk_player.cdf
<11:53:38> CryAnimation: character-definition not found: objects/characters/human/sdk_player/sdk_player.cdf
<11:53:38> CryAnimation: character-definition not found: objects/characters/human/sdk_player/sdk_player.cdf
<11:53:38> CryAnimation: character-definition not found: objects/characters/human/sdk_player/sdk_player.cdf
<11:53:38> CryAnimation: character-definition not found: objects/characters/human/sdk_player/sdk_player.cdf
<11:53:38> CryAnimation: character-definition not found: objects/characters/human/sdk_player/sdk_player.cdf
<11:53:38> CryAnimation: character-definition not found: objects/characters/human/sdk_player/sdk_player.cdf
<11:53:38> CryAnimation: character-definition not found: objects/characters/human/sdk_player/sdk_player.cdf
<11:53:39> CryAnimation: character-definition not found: objects/characters/human/sdk_player/sdk_player.cdf
<11:53:39> CryAnimation: character-definition not found: objects/characters/human/sdk_player/sdk_player.cdf
<11:53:39> CryAnimation: character-definition not found: objects/characters/human/sdk_player/sdk_player.cdf
<11:53:41> CryAnimation: character-definition not found: objects/characters/human/sdk_player/sdk_player.cdf
<11:53:41> CryAnimation: character-definition not found: objects/characters/human/sdk_player/sdk_player.cdf
<11:53:41> CryAnimation: character-definition not found: objects/characters/human/sdk_player/sdk_player.cdf
<11:53:43> PLAYERNAME Kornflakes
<11:53:44> CryAnimation: character-definition not found: objects/characters/man.cdf
<11:53:45> CryAnimation: character-definition not found: objects/characters/human/sdk_player/sdk_player.cdf
<11:53:45> CryAnimation: character-definition not found: objects/characters/human/sdk_player/sdk_player.cdf
<11:53:45> CryAnimation: character-definition not found: objects/characters/human/sdk_player/sdk_player.cdf
<11:54:34> CryAnimation: character-definition not found: objects/characters/human/sdk_player/sdk_player.cdf
<11:54:34> CryAnimation: character-definition not found: objects/characters/human/sdk_player/sdk_player.cdf
<11:54:34> CryAnimation: character-definition not found: objects/characters/human/sdk_player/sdk_player.cdf
<11:54:37> CryAnimation: character-definition not found: objects/characters/human/sdk_player/sdk_player.cdf
<11:54:37> CryAnimation: character-definition not found: objects/characters/human/sdk_player/sdk_player.cdf
<11:54:37> CryAnimation: character-definition not found: objects/characters/human/sdk_player/sdk_player.cdf
<11:55:33> CryAnimation: character-definition not found: objects/characters/human/sdk_player/sdk_player.cdf
<11:55:33> CryAnimation: character-definition not found: objects/characters/human/sdk_player/sdk_player.cdf
<11:55:33> CryAnimation: character-definition not found: objects/characters/human/sdk_player/sdk_player.cdf
<11:55:36> d_prerec_msg 
<11:55:44> ast_used_prerec_msg 
<11:55:44> CryAnimation: character-definition not found: objects/characters/human/sdk_player/sdk_player.cdf
<11:55:44> CryAnimation: character-definition not found: objects/characters/human/sdk_player/sdk_player.cdf
<11:55:44> CryAnimation: character-definition not found: objects/characters/human/sdk_player/sdk_player.cdf
<11:56:14> CryAnimation: character-definition not found: objects/characters/human/sdk_player/sdk_player.cdf
<11:56:14> CryAnimation: character-definition not found: objects/characters/human/sdk_player/sdk_player.cdf
<11:56:14> CryAnimation: character-definition not found: objects/characters/human/sdk_player/sdk_player.cdf
<11:56:40> CryAnimation: character-definition not found: objects/characters/human/sdk_player/sdk_player.cdf
<11:56:40> CryAnimation: character-definition not found: objects/characters/human/sdk_player/sdk_player.cdf
<11:56:40> CryAnimation: character-definition not found: objects/characters/human/sdk_player/sdk_player.cdf
<11:56:41> CryAnimation: character-definition not found: objects/characters/human/sdk_player/sdk_player.cdf
<11:56:41> CryAnimation: character-definition not found: objects/characters/human/sdk_player/sdk_player.cdf
<11:56:41> CryAnimation: character-definition not found: objects/characters/human/sdk_player/sdk_player.cdf
<11:58:10> ast_used_prerec_msg 
<11:58:12> d_prerec_msg 
<11:58:31> CryAnimation: character-definition not found: objects/characters/human/sdk_player/sdk_player.cdf
<11:58:31> CryAnimation: character-definition not found: objects/characters/human/sdk_player/sdk_player.cdf
<11:58:31> CryAnimation: character-definition not found: objects/characters/human/sdk_player/sdk_player.cdf
<11:59:00> ed_prerec_msg 
<12:01:47> CHUDNv::showPickArmorGradient()
<12:01:53> CHUDNv::showPickArmorGradient()
<12:02:04> CHUDNv::showPickArmorGradient()
<12:02:12> d_prerec_msg 
<12:03:37> sed_prerec_msg 
<12:05:02> CTrain::SmplPlaySnd train_gts
<12:05:05> _used_prerec_msg 
<12:05:22> sed_prerec_msg 
<12:05:37> _used_prerec_msg 
<12:07:02> CTrain::SmplPlaySnd train_gts
<12:07:30> CTrain::SmplPlaySnd train_gts
<12:07:53> CTrain::SmplPlaySnd train_gts
<12:08:14> CryAnimation: character-definition not found: objects/characters/human/sdk_player/sdk_player.cdf
<12:08:14> CryAnimation: character-definition not found: objects/characters/human/sdk_player/sdk_player.cdf
<12:08:14> CryAnimation: character-definition not found: objects/characters/human/sdk_player/sdk_player.cdf
<12:08:21> CTrain::SmplPlaySnd train_gts
<12:09:23> CGameClientChannel::Release
<12:09:23> gEnv->pRenderer->Draw2dImage XXX
<12:09:25> remapped bone indices with refcount '4294967291' still around for 'objects/zhg_objects/characters/sets/vanityset/vanityset_torso.skin 0x000001C1C4B25350
<12:09:25> remapped bone indices with refcount '4294967291' still around for 'objects/zhg_objects/characters/sets/vanityset/vanityset_torso.skin 0x000001C1C4B25030
<12:09:25> remapped bone indices with refcount '4294967291' still around for 'objects/zhg_objects/characters/sets/vanityset/vanityset_torso.skin 0x000001C1C4B246D0
<12:09:25> remapped bone indices with refcount '4294967291' still around for 'objects/zhg_objects/characters/sets/vanityset/vanityset_pants.skin 0x000001C1C4B24D10
<12:09:25> remapped bone indices with refcount '4294967291' still around for 'objects/zhg_objects/characters/sets/vanityset/vanityset_pants.skin 0x000001C1C4B243B0
<12:09:25> remapped bone indices with refcount '4294967291' still around for 'objects/zhg_objects/characters/sets/vanityset/vanityset_pants.skin 0x000001C1C4B25FD0
<12:09:25> remapped bone indices with refcount '4294967291' still around for 'objects/zhg_objects/characters/sets/vanityset/vanityset_head.skin 0x000001C1C4B25CB0
<12:09:25> remapped bone indices with refcount '4294967291' still around for 'objects/zhg_objects/characters/sets/vanityset/vanityset_head.skin 0x000001C1C4B249F0
<12:09:25> remapped bone indices with refcount '4294967291' still around for 'objects/zhg_objects/characters/sets/vanityset/vanityset_head.skin 0x000001C1C4B25990
<12:09:25> remapped bone indices with refcount '4294967291' still around for 'objects/zhg_objects/characters/sets/safetyset/safetyset_head.skin 0x000001C1C4B226C0
<12:09:25> remapped bone indices with refcount '4294967291' still around for 'objects/zhg_objects/characters/sets/safetyset/safetyset_head.skin 0x000001C1C4B23CA0
<12:09:25> remapped bone indices with refcount '4294967291' still around for 'objects/zhg_objects/characters/sets/safetyset/safetyset_head.skin 0x000001C1C4B23980
<12:09:25> remapped bone indices with refcount '4294967279' still around for 'objects/zhg_objects/characters/sets/rebellionset/rebellionset_torso.skin 0x000001C1C4B23340
<12:09:25> remapped bone indices with refcount '4294967279' still around for 'objects/zhg_objects/characters/sets/rebellionset/rebellionset_torso.skin 0x000001C1C4B23020
<12:09:25> remapped bone indices with refcount '4294967279' still around for 'objects/zhg_objects/characters/sets/rebellionset/rebellionset_torso.skin 0x000001C1C4B22D00
<12:09:25> remapped bone indices with refcount '4294967285' still around for 'objects/zhg_objects/characters/sets/rebellionset/rebellionset_pants.skin 0x000001C1C4B223A0
<12:09:25> remapped bone indices with refcount '4294967285' still around for 'objects/zhg_objects/characters/sets/rebellionset/rebellionset_pants.skin 0x000001C1C4B23660
<12:09:25> remapped bone indices with refcount '4294967285' still around for 'objects/zhg_objects/characters/sets/rebellionset/rebellionset_pants.skin 0x000001C1C4B229E0
<12:09:25> remapped bone indices with refcount '4294967291' still around for 'objects/zhg_objects/characters/sets/rebellionset/rebellionset_head.skin 0x000001C1C4B23FC0
<12:09:25> remapped bone indices with refcount '4294967291' still around for 'objects/zhg_objects/characters/sets/rebellionset/rebellionset_head.skin 0x000001C2C16408C0
<12:09:25> remapped bone indices with refcount '4294967291' still around for 'objects/zhg_objects/characters/sets/rebellionset/rebellionset_head.skin 0x000001C2C16405A0
<12:09:25> remapped bone indices with refcount '4294967285' still around for 'objects/zhg_objects/characters/sets/rebellionset/rebelliomset_hands.skin 0x000001C2C1640280
<12:09:25> remapped bone indices with refcount '4294967285' still around for 'objects/zhg_objects/characters/sets/rebellionset/rebelliomset_hands.skin 0x000001C2C163FF60
<12:09:25> remapped bone indices with refcount '4294967285' still around for 'objects/zhg_objects/characters/sets/rebellionset/rebelliomset_hands.skin 0x000001C2C163FC40
<12:09:25> remapped bone indices with refcount '4294967285' still around for 'objects/zhg_objects/characters/sets/rebellionset/rebelliomset_hands.skin 0x000001C2C163EFC0
<12:09:25> remapped bone indices with refcount '4294967291' still around for 'objects/zhg_objects/characters/sets/loverset/loverset_torso.skin 0x000001C2C163E660
<12:09:25> remapped bone indices with refcount '4294967291' still around for 'objects/zhg_objects/characters/sets/loverset/loverset_torso.skin 0x000001C2C163D3A0
<12:09:25> remapped bone indices with refcount '4294967291' still around for 'objects/zhg_objects/characters/sets/loverset/loverset_torso.skin 0x000001C2C163E340
<12:09:25> remapped bone indices with refcount '4294967291' still around for 'objects/zhg_objects/characters/sets/loverset/loverset_head.skin 0x000001C2C163F600
<12:09:25> remapped bone indices with refcount '4294967291' still around for 'objects/zhg_objects/characters/sets/loverset/loverset_head.skin 0x000001C2C1640F00
<12:09:25> remapped bone indices with refcount '4294967291' still around for 'objects/zhg_objects/characters/sets/loverset/loverset_head.skin 0x000001C2C1640BE0
<12:09:25> remapped bone indices with refcount '4294967291' still around for 'objects/zhg_objects/characters/sets/leaderset/leaderset_torso.skin 0x000001C2C163DD00
<12:09:25> remapped bone indices with refcount '4294967291' still around for 'objects/zhg_objects/characters/sets/leaderset/leaderset_torso.skin 0x000001C2C163D9E0
<12:09:25> remapped bone indices with refcount '4294967291' still around for 'objects/zhg_objects/characters/sets/leaderset/leaderset_torso.skin 0x000001C2C163E020
<12:09:25> remapped bone indices with refcount '4294967291' still around for 'objects/zhg_objects/characters/sets/leaderset/leaderset_pants.skin 0x000001C2C163ECA0
<12:09:25> remapped bone indices with refcount '4294967291' still around for 'objects/zhg_objects/characters/sets/leaderset/leaderset_pants.skin 0x000001C2C163E980
<12:09:25> remapped bone indices with refcount '4294967291' still around for 'objects/zhg_objects/characters/sets/leaderset/leaderset_pants.skin 0x000001C2C163D6C0
<12:09:25> remapped bone indices with refcount '4294967291' still around for 'objects/zhg_objects/characters/sets/leaderset/leaderset_head.skin 0x000001C2C163F2E0
<12:09:25> remapped bone indices with refcount '4294967291' still around for 'objects/zhg_objects/characters/sets/leaderset/leaderset_head.skin 0x000001C2C163F920
<12:09:25> remapped bone indices with refcount '4294967291' still around for 'objects/zhg_objects/characters/sets/leaderset/leaderset_head.skin 0x000001C2B3188920
<12:09:25> remapped bone indices with refcount '4294967291' still around for 'objects/zhg_objects/characters/sets/hopefullset/hopefullset_torso.skin 0x000001C2B3188600
<12:09:25> remapped bone indices with refcount '4294967291' still around for 'objects/zhg_objects/characters/sets/hopefullset/hopefullset_torso.skin 0x000001C2B3187FC0
<12:09:25> remapped bone indices with refcount '4294967291' still around for 'objects/zhg_objects/characters/sets/hopefullset/hopefullset_torso.skin 0x000001C2B3188F60
<12:09:25> remapped bone indices with refcount '4294967291' still around for 'objects/zhg_objects/characters/sets/hopefullset/hopefullset_pants.skin 0x000001C2B3188C40
<12:09:25> remapped bone indices with refcount '4294967291' still around for 'objects/zhg_objects/characters/sets/hopefullset/hopefullset_pants.skin 0x000001C2B3187CA0
<12:09:25> remapped bone indices with refcount '4294967291' still around for 'objects/zhg_objects/characters/sets/hopefullset/hopefullset_pants.skin 0x000001C2B31895A0
<12:09:25> remapped bone indices with refcount '4294967291' still around for 'objects/zhg_objects/characters/sets/hopefullset/hopefullset_head.skin 0x000001C2B3187980
<12:09:25> remapped bone indices with refcount '4294967291' still around for 'objects/zhg_objects/characters/sets/hopefullset/hopefullset_head.skin 0x000001C2B3187660
<12:09:25> remapped bone indices with refcount '4294967291' still around for 'objects/zhg_objects/characters/sets/hopefullset/hopefullset_head.skin 0x000001C2B31866C0
<12:09:25> remapped bone indices with refcount '4294967291' still around for 'objects/zhg_objects/characters/sets/doubtset/doubtset_head.skin 0x000001C2B3187340
<12:09:25> remapped bone indices with refcount '4294967290' still around for 'objects/zhg_objects/characters/conserve/conserve_body.skin 0x000001C2B3189280
<12:09:25> remapped bone indices with refcount '4294967290' still around for 'objects/zhg_objects/characters/conserve/conserve_body.skin 0x000001C2B31898C0
<12:09:25> remapped bone indices with refcount '4294967289' still around for 'objects/zhg_objects/characters/conserve/conserve_body.skin 0x000001C2B3186080
<12:10:44> Iterator 0
<12:10:44> Size 30
<12:10:44> Iterator 1
<12:10:44> Size 30
<12:10:44> Iterator 2
<12:10:44> Size 30
<12:10:44> Iterator 3
<12:10:44> Size 30
<12:10:44> Iterator 4
<12:10:44> Size 30
<12:10:44> Iterator 5
<12:10:44> Size 30
<12:10:45> Iterator 6
<12:10:45> Size 30
<12:10:45> Iterator 7
<12:10:45> Size 30
<12:10:45> Iterator 8
<12:10:45> Size 30
<12:10:45> Iterator 9
<12:10:45> Size 30
<12:10:45> Iterator 10
<12:10:45> Size 30
<12:10:45> Iterator 11
<12:10:45> Size 30
<12:10:45> Iterator 12
<12:10:45> Size 30
<12:10:45> Iterator 13
<12:10:45> Size 30
<12:10:45> Iterator 14
<12:10:45> Size 30
<12:10:45> playerName Kornflakes
<12:10:45> Iterator 15
<12:10:45> Size 30
<12:10:45> Iterator 16
<12:10:45> Size 30
<12:10:45> Iterator 17
<12:10:45> Size 30
<12:10:45> Iterator 18
<12:10:45> Size 30
<12:10:45> Iterator 19
<12:10:45> Size 30
<12:10:45> Iterator 20
<12:10:45> Size 30
<12:10:45> Iterator 21
<12:10:45> Size 30
<12:10:45> Iterator 22
<12:10:45> Size 30
<12:10:45> Iterator 23
<12:10:45> Size 30
<12:10:45> Iterator 24
<12:10:45> Size 30
<12:10:45> Iterator 25
<12:10:45> Size 30
<12:10:45> Iterator 26
<12:10:45> Size 30
<12:10:45> Iterator 27
<12:10:45> Size 30
<12:10:45> Iterator 28
<12:10:45> Size 30
<12:10:45> Iterator 29
<12:10:45> Size 30
<12:10:45> playerName Kornflakes
<12:10:45> Iterator 30
<12:10:45> Size 30
<12:10:49> BaseInput - Shutting down all force feedback
<12:10:49> ActionGame - Shutting down all force feedback
<12:10:49> CNetSyncSystem::~CNetSyncSystem & Crush?! packets_temp_bf(temp packet data buffs)
