BackupNameAttachment=" Build(0) 27 Jul 24 (13 29 28)"  -- used by backup system
Log Started at Sat Jul 27 13:29:28 2024
Built on Apr  5 2019 00:15:29
Running 64 bit Windows version
Command Line: "X:\SteamLibrary\steamapps\common\Pandemic Express\Bin/win_x64/PandemicExpress.exe"
Executable: X:\SteamLibrary\steamapps\common\Pandemic Express\Bin\win_x64\PandemicExpress.exe
FileVersion: 1.0.0.0
ProductVersion: 1.0.0.0
Added MOD directory <%engineroot%/engine> to CryPak

Total number of logical processors: 24
Number of available logical processors: 24
Total number of system cores: 12
Number of cores available to process: 12
 
Processor 0:
  CPU: AMD AMD Ryzen 9 3900X 12-Core Processor            
  Family: 15, Model: 1, Stepping: 0
  FPU: On-Chip
  Features: FP16, SSE, SSE2, SSE3, SSE4.2, AVX, AVX2, FMA3
  Serial number not present or disabled
 
Processor 1:
  CPU: AMD AMD Ryzen 9 3900X 12-Core Processor            
  Family: 15, Model: 1, Stepping: 0
  FPU: On-Chip
  Features: FP16, SSE, SSE2, SSE3, SSE4.2, AVX, AVX2, FMA3
  Serial number not present or disabled
 
Processor 2:
  CPU: AMD AMD Ryzen 9 3900X 12-Core Processor            
  Family: 15, Model: 1, Stepping: 0
  FPU: On-Chip
  Features: FP16, SSE, SSE2, SSE3, SSE4.2, AVX, AVX2, FMA3
  Serial number not present or disabled
 
Processor 3:
  CPU: AMD AMD Ryzen 9 3900X 12-Core Processor            
  Family: 15, Model: 1, Stepping: 0
  FPU: On-Chip
  Features: FP16, SSE, SSE2, SSE3, SSE4.2, AVX, AVX2, FMA3
  Serial number not present or disabled
 
Processor 4:
  CPU: AMD AMD Ryzen 9 3900X 12-Core Processor            
  Family: 15, Model: 1, Stepping: 0
  FPU: On-Chip
  Features: FP16, SSE, SSE2, SSE3, SSE4.2, AVX, AVX2, FMA3
  Serial number not present or disabled
 
Processor 5:
  CPU: AMD AMD Ryzen 9 3900X 12-Core Processor            
  Family: 15, Model: 1, Stepping: 0
  FPU: On-Chip
  Features: FP16, SSE, SSE2, SSE3, SSE4.2, AVX, AVX2, FMA3
  Serial number not present or disabled
 
Processor 6:
  CPU: AMD AMD Ryzen 9 3900X 12-Core Processor            
  Family: 15, Model: 1, Stepping: 0
  FPU: On-Chip
  Features: FP16, SSE, SSE2, SSE3, SSE4.2, AVX, AVX2, FMA3
  Serial number not present or disabled
 
Processor 7:
  CPU: AMD AMD Ryzen 9 3900X 12-Core Processor            
  Family: 15, Model: 1, Stepping: 0
  FPU: On-Chip
  Features: FP16, SSE, SSE2, SSE3, SSE4.2, AVX, AVX2, FMA3
  Serial number not present or disabled
 
Processor 8:
  CPU: AMD AMD Ryzen 9 3900X 12-Core Processor            
  Family: 15, Model: 1, Stepping: 0
  FPU: On-Chip
  Features: FP16, SSE, SSE2, SSE3, SSE4.2, AVX, AVX2, FMA3
  Serial number not present or disabled
 
Processor 9:
  CPU: AMD AMD Ryzen 9 3900X 12-Core Processor            
  Family: 15, Model: 1, Stepping: 0
  FPU: On-Chip
  Features: FP16, SSE, SSE2, SSE3, SSE4.2, AVX, AVX2, FMA3
  Serial number not present or disabled
 
Processor 10:
  CPU: AMD AMD Ryzen 9 3900X 12-Core Processor            
  Family: 15, Model: 1, Stepping: 0
  FPU: On-Chip
  Features: FP16, SSE, SSE2, SSE3, SSE4.2, AVX, AVX2, FMA3
  Serial number not present or disabled
 
Processor 11:
  CPU: AMD AMD Ryzen 9 3900X 12-Core Processor            
  Family: 15, Model: 1, Stepping: 0
  FPU: On-Chip
  Features: FP16, SSE, SSE2, SSE3, SSE4.2, AVX, AVX2, FMA3
  Serial number not present or disabled
 
<13:29:28> Loading Config file system.cfg (system.cfg)
<13:29:28> [Error] [CVARS]: [IGNORED CHANGE] variable [sys_version] from [] to [0.7.9.10.190510]; Marked as [VF_CHEAT]
<13:29:28> OnSysSpecChange(1)
<13:29:28> [Error] [CVARS]: [IGNORED CHANGE] variable [sys_asserts] from [0] to [0]; Marked as [VF_CHEAT]
<13:29:28> GameDir: DATA
<13:29:28> <ThreadConfigInfo>: Thread profile loaded: "pc_8" (config/engine_core.thread_config)  
<13:29:28> Windows 10 64 bit (build 10.0.22631)
<13:29:28> System language: English
<13:29:28> Windows Directory: "C:\Windows"
<13:29:28> Local time is 13:29:28 07/27/24, system running for 1494 minutes
<13:29:28> 32694MB physical memory installed, 21337MB available, 134217727MB virtual memory installed, 34 percent of memory in use
<13:29:28> PageFile usage: 110MB, Working Set: 129MB, Peak PageFile usage: 113MB,
<13:29:28> Current display mode is 2560x1440x32, (Unknown graphics card)
<13:29:28> IBM enhanced (101/102-key) keyboard and 5+ button mouse installed
<13:29:28> --------------------------------------------------------------------------------
<13:29:28> OnSysSpecChange(1)
<13:29:28> Loading Config file LowSpec.cfg (data\config\lowspec.cfg)
<13:29:28> [Error] [CVARS]: [MISSING] [e_DynamicLightsMaxEntityLights] is not a registered console variable; referenced when testing console variable group [sys_spec_shading] = [1]
<13:29:28> [Error] [CVARS]: [MISSING] [e_SkyUpdateRate] is not a registered console variable; referenced when testing console variable group [sys_spec_shading] = [1]
<13:29:28> [Error] [CVARS]: [MISSING] [e_svoTI_Apply] is not a registered console variable; referenced when testing console variable group [sys_spec_shading] = [1]
<13:29:28> [Error] [CVARS]: [MISSING] [e_svoTI_RsmConeMaxLength] is not a registered console variable; referenced when testing console variable group [sys_spec_shading] = [1]
<13:29:28> [Error] [CVARS]: [MISSING] [e_svoTI_RsmUseColors] is not a registered console variable; referenced when testing console variable group [sys_spec_shading] = [1]
<13:29:28> [Error] [CVARS]: [MISSING] [e_svoTi_Active] is not a registered console variable; referenced when testing console variable group [sys_spec_shading] = [1]
<13:29:28> [Error] [CVARS]: [MISSING] [e_svoti_LowSpecMode] is not a registered console variable; referenced when testing console variable group [sys_spec_shading] = [1]
<13:29:28> [Error] [CVARS]: [MISSING] [e_LightVolumes] is not a registered console variable; referenced when testing console variable group [sys_spec_shading] = [1]
<13:29:28> [Error] [CVARS]: [MISSING] [e_VegetationUseTerrainColor] is not a registered console variable; referenced when testing console variable group [sys_spec_shading] = [1]
<13:29:28> Loading Config file game.cfg (data\game.cfg)
<13:29:28> [Warning] [CVARS]: [CHANGED] variable [sys_asserts] from [0] to [0]; Marked as [VF_CHEAT]
<13:29:28> [Warning] Modifying marked variables will not be allowed in Release mode!
<13:29:28> Stream Engine Initialization
<13:29:28> GameName: Pandemic Express
<13:29:28> BuildTime: Apr  5 2019 00:15:29
<13:29:28> Physics initialization
<13:29:28> Localized language content(english) not available or modified from the original installation.
<13:29:28> Localized language content(english) not available or modified from the original installation.
<13:29:28> Localized language content(english) not available or modified from the original installation.
<13:29:28> <Audio>: AudioSystem initialization
<13:29:28> <Audio> <0.612>: CryAudioImplWwise loaded
<13:29:29> Renderer initialization
<13:29:29> Logging video adapters:
<13:29:31> - NVIDIA GeForce RTX 3080 (vendor = 0x10de, device = 0x2206)
<13:29:31>   - Adapter index: 0
<13:29:31>   - Dedicated video memory: 10053 MB
<13:29:31>   - Feature level: DX11 (SM 5.0)
<13:29:31>   - Displays connected: yes
<13:29:31>   - Suitable rendering device: yes
<13:29:31> - Microsoft Basic Render Driver (vendor = 0x1414, device = 0x008c)
<13:29:31>   - Adapter index: 1
<13:29:31>   - Dedicated video memory: 0 MB
<13:29:31>   - Feature level: DX11 (SM 5.0)
<13:29:31>   - Displays connected: no
<13:29:31>   - Suitable rendering device: no
<13:29:33> Active GPUs: 1
<13:29:34> [Renderer] A display device has been connected to the system
<13:29:34> Loading plugin CryDefaultEntities
<13:29:34> Loading plugin CrySchematycCore
<13:29:34> Loading plugin CrySchematycSTDEnv
<13:29:34> Loading plugin CrySensorSystem
<13:29:34> Loading extension file cryplugin.csv
<13:29:34> Loading plugin ProcAnRandGenerator.dll
<13:29:34> Loading plugin PlayFabDedicated.dll
<13:29:34> DLL Failed to load, error code: 7E
<13:29:34> Loading plugin PlayFab.dll
<13:29:34> Font initialization
<13:29:34> Using FreeType 2.5.5
<13:29:36> Network initialization
<13:29:36> [net] Socket IO management: External [iocp], Internal [iocp]
<13:29:36> network hostname: DESKTOP-HLBPRRK
<13:29:36>   ip:192.168.20.22
<13:29:36> [Network Version]: PROFILE DEVELOPMENT BUILD
<13:29:36> MovieSystem initialization
<13:29:36> Console initialization
<13:29:36> Time initialization
<13:29:36> Input initialization
<13:29:37> AI initialization
<13:29:37>  
<13:29:37>     con_debug = 0 []
<13:29:37>     con_display_last_messages = 0 []
<13:29:37>     con_line_buffer_size = 1000 []
<13:29:37>     con_restricted = 0 [RESTRICTEDMODE]
<13:29:37>     con_showonload = 0 []
<13:29:37>  
<13:29:37>     con_debug = 0 []
<13:29:37>     con_display_last_messages = 0 []
<13:29:37>     con_line_buffer_size = 1000 []
<13:29:37>     con_restricted = 0 [RESTRICTEDMODE]
<13:29:37>     con_showonload = 0 []
<13:29:37>  
<13:29:37>     con_debug = 0 []
<13:29:37>  
<13:29:37>     con_debug = 0 []
<13:29:37> Initializing Animation System
<13:29:37> Initializing 3D Engine
<13:29:37> Script System Initialization
<13:29:37> Entity system initialization
<13:29:37> Initializing AI System
<13:29:37> Initializing additional systems
<13:29:37> Dynamic Response System initialization
<13:29:37> CGame::CGame()
<13:29:38> [Steam] Steam API initialized successfully
<13:29:38> <ThreadConfigInfo>: [XML Parsing] Thread with name "Main" already loaded. Overriding with new configuration
<13:29:38> <ThreadConfigInfo>: [XML Parsing] Thread with name "Network" already loaded. Overriding with new configuration
<13:29:38> <ThreadConfigInfo>: [XML Parsing] Thread with name "NetworkStallTicker" already loaded. Overriding with new configuration
<13:29:38> <ThreadConfigInfo>: [XML Parsing] Thread with name "ZLibCompressor" already loaded. Overriding with new configuration
<13:29:38> <ThreadConfigInfo>: [XML Parsing] Thread with name "NetworkStallTicker" already loaded. Overriding with new configuration
<13:29:38> <ThreadConfigInfo>: [XML Parsing] Thread with name "ZLibCompressor" already loaded. Overriding with new configuration
<13:29:38> <ThreadConfigInfo>: [XML Parsing] Thread with name "TelemetryCopier" already loaded. Overriding with new configuration
<13:29:38> <ThreadConfigInfo>: [XML Parsing] Thread with name "StatsAgent" already loaded. Overriding with new configuration
<13:29:38> <ThreadConfigInfo>: Thread profile loaded: "pc_8" (config/game.thread_config)  
<13:29:38> Initializing default materials...
<13:29:45> ESYSTEM_EVENT_GAME_POST_INIT_DONE
<13:29:45> [MFX] Loading FXLib 'breakables' ...
<13:29:45> [MFX] Loading FXLib 'collisions' ...
<13:29:45> [MFX] Loading FXLib 'foley' ...
<13:29:45> [MFX] Loading FXLib 'foley_grunt' ...
<13:29:45> [MFX] Loading FXLib 'foley_player' ...
<13:29:45> [MFX] Loading FXLib 'footstep_grunt' ...
<13:29:45> [MFX] Loading FXLib 'footstep_player' ...
<13:29:45> [MFX] Loading FXLib 'footsteps' ...
<13:29:45> [MFX] Loading FXLib 'grenade' ...
<13:29:45> [MFX] Loading FXLib 'melee' ...
<13:29:45> [MFX] Loading FXLib 'player_fx' ...
<13:29:45> [MFX] Loading FXLib 'projectiles' ...
<13:29:45> [MFX] Loading FXLib 'tornado' ...
<13:29:45> [MFX] Loading FXLib 'vegetation' ...
<13:29:45> [MFX] Loading FXLib 'vehicles' ...
<13:29:45> [Schematyc]: Loading...
<13:29:45> [Schematyc]: Loading settings
<13:29:45> [Schematyc]: Loading scripts
<13:29:45> [Schematyc]: Compiling scripts
<13:29:45> [Schematyc]: Loading complete
<13:29:45> Creating socket on port 2838
<13:29:45> CreateDatagramSocket c1
<13:29:45> CreateDatagramSocket c2
<13:30:23> [flow-log] DISPLAY STATISTIC
<13:30:25> [flow-log] DISPLAY STATISTIC
<13:30:32> [MFX] Loading FXLib 'breakables' ...
<13:30:32> [MFX] Loading FXLib 'collisions' ...
<13:30:32> [MFX] Loading FXLib 'foley' ...
<13:30:32> [MFX] Loading FXLib 'foley_grunt' ...
<13:30:32> [MFX] Loading FXLib 'foley_player' ...
<13:30:32> [MFX] Loading FXLib 'footstep_grunt' ...
<13:30:32> [MFX] Loading FXLib 'footstep_player' ...
<13:30:32> [MFX] Loading FXLib 'footsteps' ...
<13:30:32> [MFX] Loading FXLib 'grenade' ...
<13:30:32> [MFX] Loading FXLib 'melee' ...
<13:30:32> [MFX] Loading FXLib 'player_fx' ...
<13:30:32> [MFX] Loading FXLib 'projectiles' ...
<13:30:32> [MFX] Loading FXLib 'tornado' ...
<13:30:32> [MFX] Loading FXLib 'vegetation' ...
<13:30:32> [MFX] Loading FXLib 'vehicles' ...
<13:31:51> [flow-log] DISPLAY MENU
<13:31:51> [flow-log] OPEN SETTINGS MENU
<13:31:52> [flow-log] EXIT SETTINGS MENU
<13:38:59> [MFX] Loading FXLib 'breakables' ...
<13:38:59> [MFX] Loading FXLib 'collisions' ...
<13:38:59> [MFX] Loading FXLib 'foley' ...
<13:38:59> [MFX] Loading FXLib 'foley_grunt' ...
<13:38:59> [MFX] Loading FXLib 'foley_player' ...
<13:38:59> [MFX] Loading FXLib 'footstep_grunt' ...
<13:38:59> [MFX] Loading FXLib 'footstep_player' ...
<13:38:59> [MFX] Loading FXLib 'footsteps' ...
<13:38:59> [MFX] Loading FXLib 'grenade' ...
<13:38:59> [MFX] Loading FXLib 'melee' ...
<13:38:59> [MFX] Loading FXLib 'player_fx' ...
<13:38:59> [MFX] Loading FXLib 'projectiles' ...
<13:38:59> [MFX] Loading FXLib 'tornado' ...
<13:38:59> [MFX] Loading FXLib 'vegetation' ...
<13:38:59> [MFX] Loading FXLib 'vehicles' ...
<13:38:59> ============================ Loading level WhereThe ============================
<13:38:59> CreateDatagramSocket c1
<13:38:59> CreateDatagramSocket c2
<13:38:59> CreateDatagramSocket c1
<13:38:59> CreateDatagramSocket c2
<13:39:23> CPlayer::OnFirstSpawn(), player name = Dude
<13:39:23> UnderTerrainCheck started
<13:39:23> CPlayer::OnFirstSpawn called on client actor
<13:39:24> CryAnimation: character-definition not found: objects/characters/man.cdf
<13:39:32> CPlayer::ePlT_ClientPlayerUpdateStDelayed UpdatePlayerStatistic() call
<13:39:39> CSingle::CanReload call, m_reloading = false, m_reloadPending = false
<13:39:41> CSingle::EndReload
<13:39:44> [flow-log] tag deleted
<13:40:07> requre_delayed_GroundEntity_change start
<13:40:07> requre_delayed_GroundEntity_change end
<13:40:10> CSingle::CanReload call, m_reloading = false, m_reloadPending = false
<13:40:10> CSingle::CanReload call, m_reloading = false, m_reloadPending = false
<13:40:12> CSingle::EndReload
<13:40:30> CSingle::CanReload call, m_reloading = false, m_reloadPending = false
<13:40:30> CSingle::CanReload call, m_reloading = false, m_reloadPending = false
<13:40:31> CSingle::EndReload
<13:40:34> CSingle::CanReload call, m_reloading = false, m_reloadPending = false
<13:40:34> CSingle::CanReload call, m_reloading = false, m_reloadPending = false
<13:40:36> CSingle::EndReload
<13:41:09> CSingle::CanReload call, m_reloading = false, m_reloadPending = false
<13:41:11> CSingle::EndReload
<13:41:15> CSingle::CanReload call, m_reloading = false, m_reloadPending = false
<13:41:16> CSingle::EndReload
<13:41:21> CSingle::CanReload call, m_reloading = false, m_reloadPending = false
<13:41:22> CSingle::EndReload
<13:41:28> CSingle::CanReload call, m_reloading = false, m_reloadPending = false
<13:41:30> CSingle::EndReload
<13:41:43> CSingle::CanReload call, m_reloading = false, m_reloadPending = false
<13:41:43> CSingle::CanReload call, m_reloading = false, m_reloadPending = false
<13:41:44> CSingle::EndReload
<13:41:48> CSingle::CanReload call, m_reloading = false, m_reloadPending = false
<13:41:50> CSingle::EndReload
<13:41:57> CSingle::CanReload call, m_reloading = false, m_reloadPending = false
<13:41:58> CSingle::EndReload
<13:42:04> CSingle::CanReload call, m_reloading = false, m_reloadPending = false
<13:42:04> CSingle::CanReload call, m_reloading = false, m_reloadPending = false
<13:42:05> CSingle::EndReload
<13:42:08> CSingle::CanReload call, m_reloading = false, m_reloadPending = false
<13:42:10> CSingle::EndReload
<13:42:17> CSingle::CanReload call, m_reloading = false, m_reloadPending = false
<13:42:17> CSingle::CanReload call, m_reloading = false, m_reloadPending = false
<13:42:18> CSingle::EndReload
<13:42:30> CSingle::CanReload call, m_reloading = false, m_reloadPending = false
<13:42:30> CSingle::CanReload call, m_reloading = false, m_reloadPending = false
<13:42:31> CSingle::EndReload
<13:42:41> CSingle::CanReload call, m_reloading = false, m_reloadPending = false
<13:42:41> CSingle::CanReload call, m_reloading = false, m_reloadPending = false
<13:42:43> CSingle::EndReload
<13:42:55> CSingle::CanReload call, m_reloading = false, m_reloadPending = false
<13:42:57> CSingle::EndReload
<13:43:10> CSingle::CanReload call, m_reloading = false, m_reloadPending = false
<13:43:12> CSingle::EndReload
<13:43:27> CSingle::CanReload call, m_reloading = false, m_reloadPending = false
<13:43:29> CSingle::EndReload
<13:43:52> CSingle::CanReload call, m_reloading = false, m_reloadPending = false
<13:43:54> CSingle::EndReload
<13:43:57> CSingle::CanReload call, m_reloading = false, m_reloadPending = false
<13:43:59> CSingle::EndReload
<13:44:04> CSingle::CanReload call, m_reloading = false, m_reloadPending = false
<13:44:06> CSingle::EndReload
<13:44:13> CSingle::CanReload call, m_reloading = false, m_reloadPending = false
<13:44:14> CSingle::EndReload
<13:44:53> CSingle::CanReload call, m_reloading = false, m_reloadPending = false
<13:44:55> CSingle::EndReload
<13:45:06> CSingle::CanReload call, m_reloading = false, m_reloadPending = false
<13:45:06> CSingle::CanReload call, m_reloading = false, m_reloadPending = false
<13:45:08> CSingle::EndReload
<13:45:17> CSingle::CanReload call, m_reloading = false, m_reloadPending = false
<13:45:19> CSingle::EndReload
<13:45:25> CSingle::CanReload call, m_reloading = false, m_reloadPending = false
<13:45:28> gEnv->pRenderer->Draw2dImage XXX
<13:45:29> [flow-log] OnUnload Called!
<13:46:28> BaseInput - Shutting down all force feedback
<13:46:28> ActionGame - Shutting down all force feedback
<13:46:28> CNetSyncSystem::~CNetSyncSystem & Crush?! packets_temp_bf(temp packet data buffs)
