BackupNameAttachment=" Build(0) 10 Jul 21 (01 16 02)"  -- used by backup system
Log Started at Sat Jul 10 01:16:02 2021
Built on Oct 13 2019 19:15:33
Running 64 bit Windows version
Command Line: "D:\Games\Steam\steamapps\common\Pandemic Express\Bin/win_x64/PandemicExpress.exe"
Executable: D:\Games\Steam\steamapps\common\Pandemic Express\Bin\win_x64\PandemicExpress.exe
FileVersion: 1.0.0.0
ProductVersion: 1.0.0.0
Added MOD directory <%engineroot%/engine> to CryPak

Total number of logical processors: 12
Number of available logical processors: 12
Total number of system cores: 6
Number of cores available to process: 6
 
Processor 0:
  CPU: AMD AMD Ryzen 5 3600 6-Core Processor              
  Family: 15, Model: 1, Stepping: 0
  FPU: On-Chip
  Features: FP16, SSE, SSE2, SSE3, SSE4.2, AVX, AVX2, FMA3
  Serial number not present or disabled
 
Processor 1:
  CPU: AMD AMD Ryzen 5 3600 6-Core Processor              
  Family: 15, Model: 1, Stepping: 0
  FPU: On-Chip
  Features: FP16, SSE, SSE2, SSE3, SSE4.2, AVX, AVX2, FMA3
  Serial number not present or disabled
 
Processor 2:
  CPU: AMD AMD Ryzen 5 3600 6-Core Processor              
  Family: 15, Model: 1, Stepping: 0
  FPU: On-Chip
  Features: FP16, SSE, SSE2, SSE3, SSE4.2, AVX, AVX2, FMA3
  Serial number not present or disabled
 
Processor 3:
  CPU: AMD AMD Ryzen 5 3600 6-Core Processor              
  Family: 15, Model: 1, Stepping: 0
  FPU: On-Chip
  Features: FP16, SSE, SSE2, SSE3, SSE4.2, AVX, AVX2, FMA3
  Serial number not present or disabled
 
Processor 4:
  CPU: AMD AMD Ryzen 5 3600 6-Core Processor              
  Family: 15, Model: 1, Stepping: 0
  FPU: On-Chip
  Features: FP16, SSE, SSE2, SSE3, SSE4.2, AVX, AVX2, FMA3
  Serial number not present or disabled
 
Processor 5:
  CPU: AMD AMD Ryzen 5 3600 6-Core Processor              
  Family: 15, Model: 1, Stepping: 0
  FPU: On-Chip
  Features: FP16, SSE, SSE2, SSE3, SSE4.2, AVX, AVX2, FMA3
  Serial number not present or disabled
 
<01:16:02> Loading Config file system.cfg (system.cfg)
<01:16:02> [Error] [CVARS]: [IGNORED CHANGE] variable [sys_version] from [] to [1.1.0.000.200116]; Marked as [VF_CHEAT]
<01:16:02> OnSysSpecChange(1)
<01:16:02> [Error] [CVARS]: [IGNORED CHANGE] variable [sys_asserts] from [0] to [0]; Marked as [VF_CHEAT]
<01:16:02> GameDir: DATA
<01:16:02> <ThreadConfigInfo>: Thread profile loaded: "pc_8" (config/engine_core.thread_config)  
<01:16:02> Windows 10 64 bit (build 10.0.19043)
<01:16:02> System language: English
<01:16:02> Windows Directory: "C:\Windows"
<01:16:02> Local time is 01:16:02 07/10/21, system running for 755 minutes
<01:16:02> 16333MB physical memory installed, 11333MB available, 134217727MB virtual memory installed, 30 percent of memory in use
<01:16:02> PageFile usage: 76MB, Working Set: 88MB, Peak PageFile usage: 76MB,
<01:16:02> Current display mode is 2560x1440x32, (Unknown graphics card)
<01:16:02> IBM enhanced (101/102-key) keyboard and 16+ button mouse installed
<01:16:02> --------------------------------------------------------------------------------
<01:16:02> OnSysSpecChange(1)
<01:16:02> Loading Config file LowSpec.cfg (data\config\lowspec.cfg)
<01:16:02> [Error] [CVARS]: [MISSING] [mfx_Timeout] is not a registered console variable; referenced when testing console variable group [sys_spec_gameeffects] = [1]
<01:16:02> [Error] [CVARS]: [MISSING] [ca_AttachmentCullingRation] is not a registered console variable; referenced when testing console variable group [sys_spec_objectdetail] = [1]
<01:16:02> [Error] [CVARS]: [MISSING] [e_DecalsLifeTimeScale] is not a registered console variable; referenced when testing console variable group [sys_spec_objectdetail] = [1]
<01:16:02> [Error] [CVARS]: [MISSING] [e_LodRatio] is not a registered console variable; referenced when testing console variable group [sys_spec_objectdetail] = [1]
<01:16:02> [Error] [CVARS]: [MISSING] [e_MaxViewDistSpecLerp] is not a registered console variable; referenced when testing console variable group [sys_spec_objectdetail] = [1]
<01:16:02> [Error] [CVARS]: [MISSING] [e_MaxViewDistance] is not a registered console variable; referenced when testing console variable group [sys_spec_objectdetail] = [1]
<01:16:02> [Error] [CVARS]: [MISSING] [e_ObjQuality] is not a registered console variable; referenced when testing console variable group [sys_spec_objectdetail] = [1]
<01:16:02> [Error] [CVARS]: [MISSING] [e_TerrainOcclusionCullingMaxDist] is not a registered console variable; referenced when testing console variable group [sys_spec_objectdetail] = [1]
<01:16:02> [Error] [CVARS]: [MISSING] [e_VegetationMinSize] is not a registered console variable; referenced when testing console variable group [sys_spec_objectdetail] = [1]
<01:16:02> [Error] [CVARS]: [MISSING] [e_ViewDistRatio] is not a registered console variable; referenced when testing console variable group [sys_spec_objectdetail] = [1]
<01:16:02> [Error] [CVARS]: [MISSING] [e_ViewDistRatioCustom] is not a registered console variable; referenced when testing console variable group [sys_spec_objectdetail] = [1]
<01:16:02> [Error] [CVARS]: [MISSING] [e_ViewDistRatioDetail] is not a registered console variable; referenced when testing console variable group [sys_spec_objectdetail] = [1]
<01:16:02> [Error] [CVARS]: [MISSING] [e_ViewDistRatioLights] is not a registered console variable; referenced when testing console variable group [sys_spec_objectdetail] = [1]
<01:16:02> [Error] [CVARS]: [MISSING] [e_ViewDistRatioVegetation] is not a registered console variable; referenced when testing console variable group [sys_spec_objectdetail] = [1]
<01:16:02> [Error] [CVARS]: [MISSING] [es_DebrisLifetimeScale] is not a registered console variable; referenced when testing console variable group [sys_spec_objectdetail] = [1]
<01:16:02> [Error] [CVARS]: [MISSING] [e_DecalsOverlapping] is not a registered console variable; referenced when testing console variable group [sys_spec_objectdetail] = [1]
<01:16:02> [Error] [CVARS]: [MISSING] [e_LodMin] is not a registered console variable; referenced when testing console variable group [sys_spec_objectdetail] = [1]
<01:16:02> [Error] [CVARS]: [MISSING] [e_MergedMeshesInstanceDist] is not a registered console variable; referenced when testing console variable group [sys_spec_objectdetail] = [1]
<01:16:02> [Error] [CVARS]: [MISSING] [e_MergedMeshesPool] is not a registered console variable; referenced when testing console variable group [sys_spec_objectdetail] = [1]
<01:16:02> [Error] [CVARS]: [MISSING] [e_OcclusionCullingViewDistRatio] is not a registered console variable; referenced when testing console variable group [sys_spec_objectdetail] = [1]
<01:16:02> [Error] [CVARS]: [MISSING] [e_TerrainLodRatio] is not a registered console variable; referenced when testing console variable group [sys_spec_objectdetail] = [1]
<01:16:02> [Error] [CVARS]: [MISSING] [e_Tessellation] is not a registered console variable; referenced when testing console variable group [sys_spec_objectdetail] = [1]
<01:16:02> [Error] [CVARS]: [MISSING] [e_ViewDistMin] is not a registered console variable; referenced when testing console variable group [sys_spec_objectdetail] = [1]
<01:16:02> [Error] [CVARS]: [MISSING] [e_ParticlesMaxScreenFill] is not a registered console variable; referenced when testing console variable group [sys_spec_particles] = [1]
<01:16:02> [Error] [CVARS]: [MISSING] [e_ParticlesMinDrawPixels] is not a registered console variable; referenced when testing console variable group [sys_spec_particles] = [1]
<01:16:02> [Error] [CVARS]: [MISSING] [e_ParticlesObjectCollisions] is not a registered console variable; referenced when testing console variable group [sys_spec_particles] = [1]
<01:16:02> [Error] [CVARS]: [MISSING] [e_ParticlesQuality] is not a registered console variable; referenced when testing console variable group [sys_spec_particles] = [1]
<01:16:02> [Error] [CVARS]: [MISSING] [e_ParticlesMotionBlur] is not a registered console variable; referenced when testing console variable group [sys_spec_particles] = [1]
<01:16:02> [Error] [CVARS]: [MISSING] [e_CullVegActivation] is not a registered console variable; referenced when testing console variable group [sys_spec_physics] = [1]
<01:16:02> [Error] [CVARS]: [MISSING] [e_FoliageWindActivationDist] is not a registered console variable; referenced when testing console variable group [sys_spec_physics] = [1]
<01:16:02> [Error] [CVARS]: [MISSING] [e_PhysOceanCell] is not a registered console variable; referenced when testing console variable group [sys_spec_physics] = [1]
<01:16:02> [Error] [CVARS]: [MISSING] [es_MaxPhysDist] is not a registered console variable; referenced when testing console variable group [sys_spec_physics] = [1]
<01:16:02> [Error] [CVARS]: [MISSING] [es_MaxPhysDistInvisible] is not a registered console variable; referenced when testing console variable group [sys_spec_physics] = [1]
<01:16:02> [Error] [CVARS]: [MISSING] [g_breakage_particles_limit] is not a registered console variable; referenced when testing console variable group [sys_spec_physics] = [1]
<01:16:02> [Error] [CVARS]: [MISSING] [g_tree_cut_reuse_dist] is not a registered console variable; referenced when testing console variable group [sys_spec_physics] = [1]
<01:16:02> [Error] [CVARS]: [MISSING] [p_max_MC_iters] is not a registered console variable; referenced when testing console variable group [sys_spec_physics] = [1]
<01:16:02> [Error] [CVARS]: [MISSING] [p_max_substeps] is not a registered console variable; referenced when testing console variable group [sys_spec_physics] = [1]
<01:16:02> [Error] [CVARS]: [MISSING] [e_PhysProxyTriLimit] is not a registered console variable; referenced when testing console variable group [sys_spec_physics] = [1]
<01:16:02> [Error] [CVARS]: [MISSING] [p_max_object_splashes] is not a registered console variable; referenced when testing console variable group [sys_spec_physics] = [1]
<01:16:02> [Error] [CVARS]: [MISSING] [p_max_substeps_large_group] is not a registered console variable; referenced when testing console variable group [sys_spec_physics] = [1]
<01:16:02> [Error] [CVARS]: [MISSING] [p_num_bodies_large_group] is not a registered console variable; referenced when testing console variable group [sys_spec_physics] = [1]
<01:16:02> [Error] [CVARS]: [MISSING] [p_splash_dist0] is not a registered console variable; referenced when testing console variable group [sys_spec_physics] = [1]
<01:16:02> [Error] [CVARS]: [MISSING] [p_splash_dist1] is not a registered console variable; referenced when testing console variable group [sys_spec_physics] = [1]
<01:16:02> [Error] [CVARS]: [MISSING] [p_splash_force0] is not a registered console variable; referenced when testing console variable group [sys_spec_physics] = [1]
<01:16:02> [Error] [CVARS]: [MISSING] [p_splash_force1] is not a registered console variable; referenced when testing console variable group [sys_spec_physics] = [1]
<01:16:02> [Error] [CVARS]: [MISSING] [p_splash_vel0] is not a registered console variable; referenced when testing console variable group [sys_spec_physics] = [1]
<01:16:02> [Error] [CVARS]: [MISSING] [p_splash_vel1] is not a registered console variable; referenced when testing console variable group [sys_spec_physics] = [1]
<01:16:02> [Error] [CVARS]: [MISSING] [e_DynamicLightsMaxEntityLights] is not a registered console variable; referenced when testing console variable group [sys_spec_shading] = [1]
<01:16:02> [Error] [CVARS]: [MISSING] [e_SkyUpdateRate] is not a registered console variable; referenced when testing console variable group [sys_spec_shading] = [1]
<01:16:02> [Error] [CVARS]: [MISSING] [e_svoTI_Apply] is not a registered console variable; referenced when testing console variable group [sys_spec_shading] = [1]
<01:16:02> [Error] [CVARS]: [MISSING] [e_svoTI_RsmConeMaxLength] is not a registered console variable; referenced when testing console variable group [sys_spec_shading] = [1]
<01:16:02> [Error] [CVARS]: [MISSING] [e_svoTI_RsmUseColors] is not a registered console variable; referenced when testing console variable group [sys_spec_shading] = [1]
<01:16:02> [Error] [CVARS]: [MISSING] [e_svoTi_Active] is not a registered console variable; referenced when testing console variable group [sys_spec_shading] = [1]
<01:16:02> [Error] [CVARS]: [MISSING] [e_svoti_LowSpecMode] is not a registered console variable; referenced when testing console variable group [sys_spec_shading] = [1]
<01:16:02> [Error] [CVARS]: [MISSING] [e_LightVolumes] is not a registered console variable; referenced when testing console variable group [sys_spec_shading] = [1]
<01:16:02> [Error] [CVARS]: [MISSING] [e_VegetationUseTerrainColor] is not a registered console variable; referenced when testing console variable group [sys_spec_shading] = [1]
<01:16:02> [Error] [CVARS]: [MISSING] [e_GsmLodsNum] is not a registered console variable; referenced when testing console variable group [sys_spec_shadows] = [1]
<01:16:02> [Error] [CVARS]: [MISSING] [e_GsmRange] is not a registered console variable; referenced when testing console variable group [sys_spec_shadows] = [1]
<01:16:02> [Error] [CVARS]: [MISSING] [e_ObjShadowCastSpec] is not a registered console variable; referenced when testing console variable group [sys_spec_shadows] = [1]
<01:16:02> [Error] [CVARS]: [MISSING] [e_ParticlesShadows] is not a registered console variable; referenced when testing console variable group [sys_spec_shadows] = [1]
<01:16:02> [Error] [CVARS]: [MISSING] [e_Shadows] is not a registered console variable; referenced when testing console variable group [sys_spec_shadows] = [1]
<01:16:02> [Error] [CVARS]: [MISSING] [e_ShadowsBlendCascades] is not a registered console variable; referenced when testing console variable group [sys_spec_shadows] = [1]
<01:16:02> [Error] [CVARS]: [MISSING] [e_ShadowsCastViewDistRatio] is not a registered console variable; referenced when testing console variable group [sys_spec_shadows] = [1]
<01:16:02> [Error] [CVARS]: [MISSING] [e_ShadowsLodBiasFixed] is not a registered console variable; referenced when testing console variable group [sys_spec_shadows] = [1]
<01:16:02> [Error] [CVARS]: [MISSING] [e_ShadowsMaxTexRes] is not a registered console variable; referenced when testing console variable group [sys_spec_shadows] = [1]
<01:16:02> [Error] [CVARS]: [MISSING] [e_ShadowsPoolSize] is not a registered console variable; referenced when testing console variable group [sys_spec_shadows] = [1]
<01:16:02> [Error] [CVARS]: [MISSING] [e_ShadowsResScale] is not a registered console variable; referenced when testing console variable group [sys_spec_shadows] = [1]
<01:16:02> [Error] [CVARS]: [MISSING] [e_ShadowsTessellateCascades] is not a registered console variable; referenced when testing console variable group [sys_spec_shadows] = [1]
<01:16:02> [Error] [CVARS]: [MISSING] [e_ShadowsTessellateDLights] is not a registered console variable; referenced when testing console variable group [sys_spec_shadows] = [1]
<01:16:02> [Error] [CVARS]: [MISSING] [e_ShadowsUpdateViewDistRatio] is not a registered console variable; referenced when testing console variable group [sys_spec_shadows] = [1]
<01:16:02> [Error] [CVARS]: [MISSING] [e_VolumetricFog] is not a registered console variable; referenced when testing console variable group [sys_spec_volumetriceffects] = [1]
<01:16:02> [Error] [CVARS]: [MISSING] [e_fog] is not a registered console variable; referenced when testing console variable group [sys_spec_volumetriceffects] = [1]
<01:16:02> [Error] [CVARS]: [MISSING] [e_Clouds] is not a registered console variable; referenced when testing console variable group [sys_spec_volumetriceffects] = [1]
<01:16:02> [Error] [CVARS]: [MISSING] [e_WaterOceanFFT] is not a registered console variable; referenced when testing console variable group [sys_spec_water] = [1]
<01:16:02> [Error] [CVARS]: [MISSING] [e_WaterTessellationAmount] is not a registered console variable; referenced when testing console variable group [sys_spec_water] = [1]
<01:16:02> [Error] [CVARS]: [MISSING] [e_WaterTessellationAmountX] is not a registered console variable; referenced when testing console variable group [sys_spec_water] = [1]
<01:16:02> [Error] [CVARS]: [MISSING] [e_WaterTessellationAmountY] is not a registered console variable; referenced when testing console variable group [sys_spec_water] = [1]
<01:16:02> [Error] [CVARS]: [MISSING] [e_WaterTessellationSwathWidth] is not a registered console variable; referenced when testing console variable group [sys_spec_water] = [1]
<01:16:02> Loading Config file game.cfg (data\game.cfg)
<01:16:02> [Warning] [CVARS]: [CHANGED] variable [sys_asserts] from [0] to [0]; Marked as [VF_CHEAT]
<01:16:02> [Warning] Modifying marked variables will not be allowed in Release mode!
<01:16:02> Stream Engine Initialization
<01:16:02> GameName: Pandemic Express
<01:16:02> BuildTime: Oct 13 2019 19:15:33
<01:16:02> Physics initialization
<01:16:02> Localized language content(english) not available or modified from the original installation.
<01:16:02> Localized language content(english) not available or modified from the original installation.
<01:16:02> Localized language content(english) not available or modified from the original installation.
<01:16:02> <Audio>: AudioSystem initialization
<01:16:02> <Audio> <0.128>: CryAudioImplWwise loaded
<01:16:03> Renderer initialization
<01:16:03> Logging video adapters:
<01:16:03> - NVIDIA GeForce RTX 3070 (vendor = 0x10de, device = 0x2484)
<01:16:03>   - Adapter index: 0
<01:16:03>   - Dedicated video memory: 8043 MB
<01:16:03>   - Feature level: DX11 (SM 5.0)
<01:16:03>   - Displays connected: yes
<01:16:03>   - Suitable rendering device: yes
<01:16:03> - Microsoft Basic Render Driver (vendor = 0x1414, device = 0x008c)
<01:16:03>   - Adapter index: 1
<01:16:03>   - Dedicated video memory: 0 MB
<01:16:03>   - Feature level: DX11 (SM 5.0)
<01:16:03>   - Displays connected: no
<01:16:03>   - Suitable rendering device: no
<01:16:04> Active GPUs: 1
<01:16:04> [Renderer] A display device has been connected to the system
<01:16:04> Loading plugin CryDefaultEntities
<01:16:04> Loading plugin CrySchematycCore
<01:16:04> DLL Failed to load, error code: 7E
<01:16:04> Loading plugin CrySchematycSTDEnv
<01:16:04> DLL Failed to load, error code: 7E
<01:16:04> Loading plugin CrySensorSystem
<01:16:04> DLL Failed to load, error code: 7E
<01:16:04> Loading extension file cryplugin.csv
<01:16:04> Loading plugin ProcAnRandGenerator.dll
<01:16:04> Loading plugin PlayFab.dll
<01:16:04> Loading plugin CEVPlayer.dll
<01:16:05> Font initialization
<01:16:05> Using FreeType 2.5.5
<01:16:05> Network initialization
<01:16:05> [net] Socket IO management: External [iocp], Internal [iocp]
<01:16:05> network hostname: DESKTOP-GKEDPQ6
<01:16:05>   ip:26.90.194.210
<01:16:05>   ip:192.168.20.21
<01:16:05> [Network Version]: PROFILE DEVELOPMENT BUILD
<01:16:05> MovieSystem initialization
<01:16:05> Console initialization
<01:16:05> Time initialization
<01:16:05> Input initialization
<01:16:05> AI initialization
<01:16:05>  
<01:16:05>     con_debug = 0 []
<01:16:05>     con_display_last_messages = 0 []
<01:16:05>     con_line_buffer_size = 1000 []
<01:16:05>     con_restricted = 0 [RESTRICTEDMODE]
<01:16:05>     con_showonload = 0 []
<01:16:05>  
<01:16:05>     con_debug = 0 []
<01:16:05>     con_display_last_messages = 0 []
<01:16:05>     con_line_buffer_size = 1000 []
<01:16:05>     con_restricted = 0 [RESTRICTEDMODE]
<01:16:05>     con_showonload = 0 []
<01:16:05>  
<01:16:05>     con_debug = 0 []
<01:16:05>  
<01:16:05>     con_debug = 0 []
<01:16:05> Initializing Animation System
<01:16:05> Initializing 3D Engine
<01:16:05> Script System Initialization
<01:16:05> Entity system initialization
<01:16:05> Initializing AI System
<01:16:05> Initializing additional systems
<01:16:05> Dynamic Response System initialization
<01:16:05> DLL Failed to load, error code: 7E
<01:16:05> No Dynamic Response System was loaded from a module, will use the NULL implementation.
<01:16:06> [Steam] Steam API initialized successfully
<01:16:06> <ThreadConfigInfo>: [XML Parsing] Thread with name "Main" already loaded. Overriding with new configuration
<01:16:06> <ThreadConfigInfo>: [XML Parsing] Thread with name "Network" already loaded. Overriding with new configuration
<01:16:06> <ThreadConfigInfo>: [XML Parsing] Thread with name "NetworkStallTicker" already loaded. Overriding with new configuration
<01:16:06> <ThreadConfigInfo>: [XML Parsing] Thread with name "ZLibCompressor" already loaded. Overriding with new configuration
<01:16:06> <ThreadConfigInfo>: [XML Parsing] Thread with name "NetworkStallTicker" already loaded. Overriding with new configuration
<01:16:06> <ThreadConfigInfo>: [XML Parsing] Thread with name "ZLibCompressor" already loaded. Overriding with new configuration
<01:16:06> <ThreadConfigInfo>: [XML Parsing] Thread with name "TelemetryCopier" already loaded. Overriding with new configuration
<01:16:06> <ThreadConfigInfo>: [XML Parsing] Thread with name "StatsAgent" already loaded. Overriding with new configuration
<01:16:06> <ThreadConfigInfo>: Thread profile loaded: "pc_8" (config/game.thread_config)  
<01:16:06> Initializing default materials...
<01:16:12> [MFX] Loading FXLib 'breakables' ...
<01:16:12> [MFX] Loading FXLib 'collisions' ...
<01:16:12> [MFX] Loading FXLib 'foley' ...
<01:16:12> [MFX] Loading FXLib 'foley_grunt' ...
<01:16:12> [MFX] Loading FXLib 'foley_player' ...
<01:16:12> [MFX] Loading FXLib 'footstep_grunt' ...
<01:16:12> [MFX] Loading FXLib 'footstep_player' ...
<01:16:12> [MFX] Loading FXLib 'footsteps' ...
<01:16:12> [MFX] Loading FXLib 'grenade' ...
<01:16:12> [MFX] Loading FXLib 'melee' ...
<01:16:12> [MFX] Loading FXLib 'player_fx' ...
<01:16:12> [MFX] Loading FXLib 'projectiles' ...
<01:16:12> [MFX] Loading FXLib 'tornado' ...
<01:16:12> [MFX] Loading FXLib 'vegetation' ...
<01:16:12> [MFX] Loading FXLib 'vehicles' ...
<01:16:12> [MFX] Loading FXLib 'breakables' ...
<01:16:12> [MFX] Loading FXLib 'collisions' ...
<01:16:12> [MFX] Loading FXLib 'foley' ...
<01:16:12> [MFX] Loading FXLib 'foley_grunt' ...
<01:16:12> [MFX] Loading FXLib 'foley_player' ...
<01:16:12> [MFX] Loading FXLib 'footstep_grunt' ...
<01:16:12> [MFX] Loading FXLib 'footstep_player' ...
<01:16:12> [MFX] Loading FXLib 'footsteps' ...
<01:16:12> [MFX] Loading FXLib 'grenade' ...
<01:16:12> [MFX] Loading FXLib 'melee' ...
<01:16:12> [MFX] Loading FXLib 'player_fx' ...
<01:16:12> [MFX] Loading FXLib 'projectiles' ...
<01:16:12> [MFX] Loading FXLib 'tornado' ...
<01:16:12> [MFX] Loading FXLib 'vegetation' ...
<01:16:12> [MFX] Loading FXLib 'vehicles' ...
<01:16:12> Creating socket on port 2838
<01:16:12> CreateDatagramSocket c1
<01:16:12> CreateDatagramSocket c2
<01:16:30> CreateDatagramSocket c1
<01:16:33> ============================ PrepareLevel multiplayer/Purgatorium_Esc ============================
<01:16:33> Game rules class: InstantAction
<01:16:54> CryAnimation: character-definition not found: objects/characters/human/sdk_player/sdk_player.cdf
<01:16:54> CryAnimation: character-definition not found: objects/characters/human/sdk_player/sdk_player.cdf
<01:16:54> CryAnimation: character-definition not found: objects/characters/human/sdk_player/sdk_player.cdf
<01:16:54> CryAnimation: character-definition not found: objects/characters/human/sdk_player/sdk_player.cdf
<01:16:54> CryAnimation: character-definition not found: objects/characters/human/sdk_player/sdk_player.cdf
<01:16:54> CryAnimation: character-definition not found: objects/characters/human/sdk_player/sdk_player.cdf
<01:16:54> CryAnimation: character-definition not found: objects/characters/human/sdk_player/sdk_player.cdf
<01:16:54> CryAnimation: character-definition not found: objects/characters/human/sdk_player/sdk_player.cdf
<01:16:54> CryAnimation: character-definition not found: objects/characters/human/sdk_player/sdk_player.cdf
<01:16:54> CryAnimation: character-definition not found: objects/characters/human/sdk_player/sdk_player.cdf
<01:16:54> CryAnimation: character-definition not found: objects/characters/human/sdk_player/sdk_player.cdf
<01:16:54> CryAnimation: character-definition not found: objects/characters/human/sdk_player/sdk_player.cdf
<01:16:54> CryAnimation: character-definition not found: objects/characters/human/sdk_player/sdk_player.cdf
<01:16:54> CryAnimation: character-definition not found: objects/characters/human/sdk_player/sdk_player.cdf
<01:16:54> CryAnimation: character-definition not found: objects/characters/human/sdk_player/sdk_player.cdf
<01:16:54> CryAnimation: character-definition not found: objects/characters/human/sdk_player/sdk_player.cdf
<01:16:54> CryAnimation: character-definition not found: objects/characters/human/sdk_player/sdk_player.cdf
<01:16:54> CryAnimation: character-definition not found: objects/characters/human/sdk_player/sdk_player.cdf
<01:16:54> CryAnimation: character-definition not found: objects/characters/human/sdk_player/sdk_player.cdf
<01:16:54> CryAnimation: character-definition not found: objects/characters/human/sdk_player/sdk_player.cdf
<01:16:54> CryAnimation: character-definition not found: objects/characters/human/sdk_player/sdk_player.cdf
<01:16:54> CryAnimation: character-definition not found: objects/characters/human/sdk_player/sdk_player.cdf
<01:16:54> CryAnimation: character-definition not found: objects/characters/human/sdk_player/sdk_player.cdf
<01:16:54> CryAnimation: character-definition not found: objects/characters/human/sdk_player/sdk_player.cdf
<01:16:54> CryAnimation: character-definition not found: objects/characters/human/sdk_player/sdk_player.cdf
<01:16:54> CryAnimation: character-definition not found: objects/characters/human/sdk_player/sdk_player.cdf
<01:16:54> CryAnimation: character-definition not found: objects/characters/human/sdk_player/sdk_player.cdf
<01:16:54> CryAnimation: character-definition not found: objects/characters/human/sdk_player/sdk_player.cdf
<01:16:54> CryAnimation: character-definition not found: objects/characters/human/sdk_player/sdk_player.cdf
<01:16:54> CryAnimation: character-definition not found: objects/characters/human/sdk_player/sdk_player.cdf
<01:16:54> CryAnimation: character-definition not found: objects/characters/human/sdk_player/sdk_player.cdf
<01:16:54> CryAnimation: character-definition not found: objects/characters/human/sdk_player/sdk_player.cdf
<01:16:54> CryAnimation: character-definition not found: objects/characters/human/sdk_player/sdk_player.cdf
<01:16:54> CryAnimation: character-definition not found: objects/characters/human/sdk_player/sdk_player.cdf
<01:16:54> CryAnimation: character-definition not found: objects/characters/human/sdk_player/sdk_player.cdf
<01:16:54> CryAnimation: character-definition not found: objects/characters/human/sdk_player/sdk_player.cdf
<01:16:54> CryAnimation: character-definition not found: objects/characters/human/sdk_player/sdk_player.cdf
<01:16:54> CryAnimation: character-definition not found: objects/characters/human/sdk_player/sdk_player.cdf
<01:16:54> CryAnimation: character-definition not found: objects/characters/human/sdk_player/sdk_player.cdf
<01:16:54> CryAnimation: character-definition not found: objects/characters/human/sdk_player/sdk_player.cdf
<01:16:54> CryAnimation: character-definition not found: objects/characters/human/sdk_player/sdk_player.cdf
<01:16:54> CryAnimation: character-definition not found: objects/characters/human/sdk_player/sdk_player.cdf
<01:16:54> CryAnimation: character-definition not found: objects/characters/human/sdk_player/sdk_player.cdf
<01:16:54> CryAnimation: character-definition not found: objects/characters/human/sdk_player/sdk_player.cdf
<01:16:54> CryAnimation: character-definition not found: objects/characters/human/sdk_player/sdk_player.cdf
<01:16:54> CryAnimation: character-definition not found: objects/characters/human/sdk_player/sdk_player.cdf
<01:16:54> CryAnimation: character-definition not found: objects/characters/human/sdk_player/sdk_player.cdf
<01:16:54> CryAnimation: character-definition not found: objects/characters/human/sdk_player/sdk_player.cdf
<01:16:55> CryAnimation: character-definition not found: objects/characters/human/sdk_player/sdk_player.cdf
<01:16:55> CryAnimation: character-definition not found: objects/characters/human/sdk_player/sdk_player.cdf
<01:16:55> CryAnimation: character-definition not found: objects/characters/human/sdk_player/sdk_player.cdf
<01:16:55> CryAnimation: character-definition not found: objects/characters/human/sdk_player/sdk_player.cdf
<01:16:55> CryAnimation: character-definition not found: objects/characters/human/sdk_player/sdk_player.cdf
<01:16:55> CryAnimation: character-definition not found: objects/characters/human/sdk_player/sdk_player.cdf
<01:16:56> CryAnimation: character-definition not found: objects/characters/human/sdk_player/sdk_player.cdf
<01:16:56> CryAnimation: character-definition not found: objects/characters/human/sdk_player/sdk_player.cdf
<01:16:56> CryAnimation: character-definition not found: objects/characters/human/sdk_player/sdk_player.cdf
<01:16:56> CryAnimation: character-definition not found: objects/characters/human/sdk_player/sdk_player.cdf
<01:16:56> CryAnimation: character-definition not found: objects/characters/human/sdk_player/sdk_player.cdf
<01:16:56> CryAnimation: character-definition not found: objects/characters/human/sdk_player/sdk_player.cdf
<01:17:05> CryAnimation: character-definition not found: objects/characters/human/sdk_player/sdk_player.cdf
<01:17:05> CryAnimation: character-definition not found: objects/characters/human/sdk_player/sdk_player.cdf
<01:17:05> CryAnimation: character-definition not found: objects/characters/human/sdk_player/sdk_player.cdf
<01:17:06> PLAYERNAME Kornflakes
<01:17:07> CryAnimation: character-definition not found: objects/characters/man.cdf
<01:17:07> CryAnimation: character-definition not found: objects/characters/human/sdk_player/sdk_player.cdf
<01:17:07> CryAnimation: character-definition not found: objects/characters/human/sdk_player/sdk_player.cdf
<01:17:07> CryAnimation: character-definition not found: objects/characters/human/sdk_player/sdk_player.cdf
<01:17:42> CVehicleSeat::NetSetPassengerId c2
<01:17:42> CVehicleSeat::Enter called
<01:17:52> CVehicleSeat::Exit called
<01:17:52> CVehicleSeat::Exit called c2
<01:17:52> ClProcessLeave call
<01:17:53> CVehicleSeat::NetSetPassengerId c2
<01:17:53> CVehicleSeat::Enter called
<01:17:54> CVehicleSeat::Exit called
<01:17:54> CVehicleSeat::Exit called c2
<01:17:54> ClProcessLeave call
<01:18:22> CVehicleSeat::NetSetPassengerId c2
<01:18:22> CVehicleSeat::Enter called
<01:18:24> CVehicleSeat::Exit called
<01:18:24> CVehicleSeat::Exit called c2
<01:18:24> ClProcessLeave call
<01:18:35> CVehicleSeat::NetSetPassengerId c2
<01:18:35> CVehicleSeat::Enter called
<01:18:38> CVehicleSeat::NetSetPassengerId c2
<01:18:38> CVehicleSeat::Enter called
<01:18:55> CVehicleSeat::Exit called
<01:18:55> CVehicleSeat::Exit called c2
<01:18:55> ClProcessLeave call
<01:18:56> CVehicleSeat::Exit called
<01:18:56> CVehicleSeat::Exit called c2
<01:18:56> ClProcessLeave call
<01:19:30> CVehicleSeat::NetSetPassengerId c2
<01:19:30> CVehicleSeat::Enter called
<01:19:35> CVehicleSeat::NetSetPassengerId c2
<01:19:35> CVehicleSeat::Enter called
<01:19:39> CVehicleSeat::NetSetPassengerId c2
<01:19:39> CVehicleSeat::Enter called
<01:19:46> CVehicleSeat::Exit called
<01:19:46> CVehicleSeat::Exit called c2
<01:19:46> ClProcessLeave call
<01:19:46> CVehicleSeat::Exit called
<01:19:46> CVehicleSeat::Exit called c2
<01:19:46> ClProcessLeave call
<01:19:51> CVehicleSeat::Exit called
<01:19:51> CVehicleSeat::Exit called c2
<01:19:51> ClProcessLeave call
<01:20:21> CVehicleSeat::NetSetPassengerId c2
<01:20:21> CVehicleSeat::Enter called
<01:20:25> CVehicleSeat::NetSetPassengerId c2
<01:20:25> CVehicleSeat::Enter called
<01:20:29> CVehicleSeat::NetSetPassengerId c2
<01:20:29> CVehicleSeat::Enter called
<01:20:29> CVehicleSeat::Exit called
<01:20:29> CVehicleSeat::Exit called c2
<01:20:29> ClProcessLeave call
<01:20:31> CVehicleSeat::NetSetPassengerId c2
<01:20:31> CVehicleSeat::Enter called
<01:20:36> CVehicleSeat::Exit called
<01:20:36> CVehicleSeat::Exit called c2
<01:20:36> ClProcessLeave call
<01:20:38> CVehicleSeat::NetSetPassengerId c2
<01:20:38> CVehicleSeat::Enter called
<01:20:45> CVehicleSeat::Exit called
<01:20:45> CVehicleSeat::Exit called c2
<01:20:45> ClProcessLeave call
<01:21:15> CVehicleSeat::Exit called
<01:21:15> CVehicleSeat::Exit called c2
<01:21:15> ClProcessLeave call
<01:21:16> CVehicleSeat::Exit called
<01:21:16> CVehicleSeat::Exit called c2
<01:21:16> ClProcessLeave call
<01:21:17> CVehicleSeat::NetSetPassengerId c2
<01:21:17> CVehicleSeat::Enter called
<01:21:20> CVehicleSeat::NetSetPassengerId c2
<01:21:20> CVehicleSeat::Enter called
<01:21:22> CVehicleSeat::Exit called
<01:21:22> CVehicleSeat::Exit called c2
<01:21:22> ClProcessLeave call
<01:21:24> CVehicleSeat::Exit called
<01:21:24> CVehicleSeat::Exit called c2
<01:21:24> ClProcessLeave call
<01:21:41> CHUDNv::showPickArmorGradient()
<01:22:27> CryAnimation: character-definition not found: objects/characters/human/sdk_player/sdk_player.cdf
<01:22:27> CryAnimation: character-definition not found: objects/characters/human/sdk_player/sdk_player.cdf
<01:22:27> CryAnimation: character-definition not found: objects/characters/human/sdk_player/sdk_player.cdf
<01:23:01> CTrain::SmplPlaySnd train_gts
<01:23:09> CVehicleSeat::NetSetPassengerId c2
<01:23:09> CVehicleSeat::Enter called
<01:23:14> CTrain::SmplPlaySnd train_gts
<01:23:18> BaseInput - Shutting down all force feedback
<01:23:18> ActionGame - Shutting down all force feedback
<01:23:18> gEnv->pRenderer->Draw2dImage XXX
<01:23:18> CVehicleSeat::Exit called
<01:23:18> CVehicleSeat::Exit called c2
<01:23:21> CNetSyncSystem::~CNetSyncSystem & Crush?! packets_temp_bf(temp packet data buffs)
<01:23:21> remapped bone indices with refcount '4294967290' still around for 'zombiemodelnew/conserve_fp_nonmm.skin 0x000001BE04E560C0
<01:23:21> remapped bone indices with refcount '4294967290' still around for 'objects/zhg_objects/characters/conserve/conserve_head.skin 0x000001BE04E55440
<01:23:21> remapped bone indices with refcount '4294967293' still around for 'objects/zhg_objects/characters/sets/vanityset/vanityset_torso.skin 0x000001BEC568D600
<01:23:21> remapped bone indices with refcount '4294967293' still around for 'objects/zhg_objects/characters/sets/vanityset/vanityset_torso.skin 0x000001BEC568B9E0
<01:23:21> remapped bone indices with refcount '4294967293' still around for 'objects/zhg_objects/characters/sets/vanityset/vanityset_torso.skin 0x000001BEC568C020
<01:23:21> remapped bone indices with refcount '4294967293' still around for 'objects/zhg_objects/characters/sets/vanityset/vanityset_pants.skin 0x000001BEC568DC40
<01:23:21> remapped bone indices with refcount '4294967293' still around for 'objects/zhg_objects/characters/sets/vanityset/vanityset_pants.skin 0x000001BEC568C660
<01:23:21> remapped bone indices with refcount '4294967293' still around for 'objects/zhg_objects/characters/sets/vanityset/vanityset_pants.skin 0x000001BEC568CCA0
<01:23:21> remapped bone indices with refcount '4294967293' still around for 'objects/zhg_objects/characters/sets/vanityset/vanityset_head.skin 0x000001BEC568B080
<01:23:21> remapped bone indices with refcount '4294967293' still around for 'objects/zhg_objects/characters/sets/vanityset/vanityset_head.skin 0x000001BEC568C340
<01:23:21> remapped bone indices with refcount '4294967293' still around for 'objects/zhg_objects/characters/sets/vanityset/vanityset_head.skin 0x000001BEC568D2E0
<01:23:21> remapped bone indices with refcount '4294967293' still around for 'objects/zhg_objects/characters/sets/safetyset/safetyset_head.skin 0x000001BEC568BD00
<01:23:21> remapped bone indices with refcount '4294967293' still around for 'objects/zhg_objects/characters/sets/safetyset/safetyset_head.skin 0x000001BEC568E5A0
<01:23:21> remapped bone indices with refcount '4294967293' still around for 'objects/zhg_objects/characters/sets/safetyset/safetyset_head.skin 0x000001BEC568EBE0
<01:23:21> remapped bone indices with refcount '4294967285' still around for 'objects/zhg_objects/characters/sets/rebellionset/rebellionset_torso.skin 0x000001BEC568E280
<01:23:21> remapped bone indices with refcount '4294967285' still around for 'objects/zhg_objects/characters/sets/rebellionset/rebellionset_torso.skin 0x000001BEC5EF6E60
<01:23:21> remapped bone indices with refcount '4294967285' still around for 'objects/zhg_objects/characters/sets/rebellionset/rebellionset_torso.skin 0x000001BEC5EF6B40
<01:23:21> remapped bone indices with refcount '4294967289' still around for 'objects/zhg_objects/characters/sets/rebellionset/rebellionset_pants.skin 0x000001BEC5EF6500
<01:23:21> remapped bone indices with refcount '4294967289' still around for 'objects/zhg_objects/characters/sets/rebellionset/rebellionset_pants.skin 0x000001BEC5EF4C00
<01:23:21> remapped bone indices with refcount '4294967289' still around for 'objects/zhg_objects/characters/sets/rebellionset/rebellionset_pants.skin 0x000001BEC5EF4F20
<01:23:21> remapped bone indices with refcount '4294967293' still around for 'objects/zhg_objects/characters/sets/rebellionset/rebellionset_head.skin 0x000001BEC5EF48E0
<01:23:21> remapped bone indices with refcount '4294967293' still around for 'objects/zhg_objects/characters/sets/rebellionset/rebellionset_head.skin 0x000001BEC5EF45C0
<01:23:21> remapped bone indices with refcount '4294967293' still around for 'objects/zhg_objects/characters/sets/rebellionset/rebellionset_head.skin 0x000001BEC5EF3F80
<01:23:21> remapped bone indices with refcount '4294967289' still around for 'objects/zhg_objects/characters/sets/rebellionset/rebelliomset_hands.skin 0x000001BEC5EF61E0
<01:23:21> remapped bone indices with refcount '4294967289' still around for 'objects/zhg_objects/characters/sets/rebellionset/rebelliomset_hands.skin 0x000001BEC5EF3C60
<01:23:21> remapped bone indices with refcount '4294967289' still around for 'objects/zhg_objects/characters/sets/rebellionset/rebelliomset_hands.skin 0x000001BEC5EF3620
<01:23:21> remapped bone indices with refcount '4294967289' still around for 'objects/zhg_objects/characters/sets/rebellionset/rebelliomset_hands.skin 0x000001BEC5EF5BA0
<01:23:21> remapped bone indices with refcount '4294967293' still around for 'objects/zhg_objects/characters/sets/loverset/loverset_torso.skin 0x000001BEC5EF3940
<01:23:21> remapped bone indices with refcount '4294967293' still around for 'objects/zhg_objects/characters/sets/loverset/loverset_torso.skin 0x000001BEC5EF5880
<01:23:21> remapped bone indices with refcount '4294967293' still around for 'objects/zhg_objects/characters/sets/loverset/loverset_torso.skin 0x000001BEC5EF7180
<01:23:21> remapped bone indices with refcount '4294967293' still around for 'objects/zhg_objects/characters/sets/loverset/loverset_head.skin 0x000001BEC5EF42A0
<01:23:21> remapped bone indices with refcount '4294967293' still around for 'objects/zhg_objects/characters/sets/loverset/loverset_head.skin 0x000001BEC5EF5EC0
<01:23:21> remapped bone indices with refcount '4294967293' still around for 'objects/zhg_objects/characters/sets/loverset/loverset_head.skin 0x000001BEC5EF5560
<01:23:21> remapped bone indices with refcount '4294967293' still around for 'objects/zhg_objects/characters/sets/leaderset/leaderset_torso.skin 0x000001BEC5EF5240
<01:23:21> remapped bone indices with refcount '4294967293' still around for 'objects/zhg_objects/characters/sets/leaderset/leaderset_torso.skin 0x000001BEC6261B60
<01:23:21> remapped bone indices with refcount '4294967293' still around for 'objects/zhg_objects/characters/sets/leaderset/leaderset_torso.skin 0x000001BEC62640E0
<01:23:21> remapped bone indices with refcount '4294967293' still around for 'objects/zhg_objects/characters/sets/leaderset/leaderset_pants.skin 0x000001BEC62621A0
<01:23:21> remapped bone indices with refcount '4294967293' still around for 'objects/zhg_objects/characters/sets/leaderset/leaderset_pants.skin 0x000001BEC6261840
<01:23:21> remapped bone indices with refcount '4294967293' still around for 'objects/zhg_objects/characters/sets/leaderset/leaderset_pants.skin 0x000001BEC6263460
<01:23:21> remapped bone indices with refcount '4294967293' still around for 'objects/zhg_objects/characters/sets/leaderset/leaderset_head.skin 0x000001BEC6262E20
<01:23:21> remapped bone indices with refcount '4294967293' still around for 'objects/zhg_objects/characters/sets/leaderset/leaderset_head.skin 0x000001BEC6264400
<01:23:21> remapped bone indices with refcount '4294967293' still around for 'objects/zhg_objects/characters/sets/leaderset/leaderset_head.skin 0x000001BEC6262B00
<01:23:21> remapped bone indices with refcount '4294967293' still around for 'objects/zhg_objects/characters/sets/hopefullset/hopefullset_torso.skin 0x000001BEC6264A40
<01:23:21> remapped bone indices with refcount '4294967293' still around for 'objects/zhg_objects/characters/sets/hopefullset/hopefullset_torso.skin 0x000001BEC6264720
<01:23:21> remapped bone indices with refcount '4294967293' still around for 'objects/zhg_objects/characters/sets/hopefullset/hopefullset_torso.skin 0x000001BEC6261E80
<01:23:21> remapped bone indices with refcount '4294967293' still around for 'objects/zhg_objects/characters/sets/hopefullset/hopefullset_pants.skin 0x000001BEC6263DC0
<01:23:21> remapped bone indices with refcount '4294967293' still around for 'objects/zhg_objects/characters/sets/hopefullset/hopefullset_pants.skin 0x000001BEC6264D60
<01:23:21> remapped bone indices with refcount '4294967293' still around for 'objects/zhg_objects/characters/sets/hopefullset/hopefullset_pants.skin 0x000001BEC6263140
<01:23:21> remapped bone indices with refcount '4294967293' still around for 'objects/zhg_objects/characters/sets/hopefullset/hopefullset_head.skin 0x000001BEC62627E0
<01:23:21> remapped bone indices with refcount '4294967293' still around for 'objects/zhg_objects/characters/sets/hopefullset/hopefullset_head.skin 0x000001BEC6263780
<01:23:21> remapped bone indices with refcount '4294967293' still around for 'objects/zhg_objects/characters/sets/hopefullset/hopefullset_head.skin 0x000001BEC62653A0
<01:23:21> remapped bone indices with refcount '4294967293' still around for 'objects/zhg_objects/characters/sets/doubtset/doubtset_head.skin 0x000001BEC62624C0
