BackupNameAttachment=" Build(0) 11 May 23 (23 16 24)"  -- used by backup system
Log Started at Thu May 11 23:16:24 2023
Built on Oct 13 2019 19:15:33
Running 64 bit Windows version
Command Line: "X:\SteamLibrary\steamapps\common\Pandemic Express\Bin/win_x64/PandemicExpress.exe"
Executable: X:\SteamLibrary\steamapps\common\Pandemic Express\Bin\win_x64\PandemicExpress.exe
FileVersion: 1.0.0.0
ProductVersion: 1.0.0.0
Added MOD directory <%engineroot%/engine> to CryPak

Total number of logical processors: 12
Number of available logical processors: 12
Total number of system cores: 6
Number of cores available to process: 6
 
Processor 0:
  CPU: AMD AMD Ryzen 5 3600 6-Core Processor              
  Family: 15, Model: 1, Stepping: 0
  FPU: On-Chip
  Features: FP16, SSE, SSE2, SSE3, SSE4.2, AVX, AVX2, FMA3
  Serial number not present or disabled
 
Processor 1:
  CPU: AMD AMD Ryzen 5 3600 6-Core Processor              
  Family: 15, Model: 1, Stepping: 0
  FPU: On-Chip
  Features: FP16, SSE, SSE2, SSE3, SSE4.2, AVX, AVX2, FMA3
  Serial number not present or disabled
 
Processor 2:
  CPU: AMD AMD Ryzen 5 3600 6-Core Processor              
  Family: 15, Model: 1, Stepping: 0
  FPU: On-Chip
  Features: FP16, SSE, SSE2, SSE3, SSE4.2, AVX, AVX2, FMA3
  Serial number not present or disabled
 
Processor 3:
  CPU: AMD AMD Ryzen 5 3600 6-Core Processor              
  Family: 15, Model: 1, Stepping: 0
  FPU: On-Chip
  Features: FP16, SSE, SSE2, SSE3, SSE4.2, AVX, AVX2, FMA3
  Serial number not present or disabled
 
Processor 4:
  CPU: AMD AMD Ryzen 5 3600 6-Core Processor              
  Family: 15, Model: 1, Stepping: 0
  FPU: On-Chip
  Features: FP16, SSE, SSE2, SSE3, SSE4.2, AVX, AVX2, FMA3
  Serial number not present or disabled
 
Processor 5:
  CPU: AMD AMD Ryzen 5 3600 6-Core Processor              
  Family: 15, Model: 1, Stepping: 0
  FPU: On-Chip
  Features: FP16, SSE, SSE2, SSE3, SSE4.2, AVX, AVX2, FMA3
  Serial number not present or disabled
 
<23:16:24> Loading Config file system.cfg (system.cfg)
<23:16:24> [Error] [CVARS]: [IGNORED CHANGE] variable [sys_version] from [] to [1.1.0.000.200116]; Marked as [VF_CHEAT]
<23:16:25> OnSysSpecChange(1)
<23:16:25> [Error] [CVARS]: [IGNORED CHANGE] variable [sys_asserts] from [0] to [0]; Marked as [VF_CHEAT]
<23:16:25> GameDir: DATA
<23:16:25> <ThreadConfigInfo>: Thread profile loaded: "pc_8" (config/engine_core.thread_config)  
<23:16:25> Windows 10 64 bit (build 10.0.22621)
<23:16:25> System language: English
<23:16:25> Windows Directory: "C:\WINDOWS"
<23:16:25> Local time is 23:16:25 05/11/23, system running for 345 minutes
<23:16:25> 16311MB physical memory installed, 10440MB available, 134217727MB virtual memory installed, 35 percent of memory in use
<23:16:25> PageFile usage: 112MB, Working Set: 129MB, Peak PageFile usage: 116MB,
<23:16:25> Current display mode is 2560x1440x32, (Unknown graphics card)
<23:16:25> IBM enhanced (101/102-key) keyboard and 32+ button mouse installed
<23:16:25> --------------------------------------------------------------------------------
<23:16:25> OnSysSpecChange(1)
<23:16:25> Loading Config file LowSpec.cfg (data\config\lowspec.cfg)
<23:16:25> [Error] [CVARS]: [MISSING] [mfx_Timeout] is not a registered console variable; referenced when testing console variable group [sys_spec_gameeffects] = [1]
<23:16:25> [Error] [CVARS]: [MISSING] [ca_AttachmentCullingRation] is not a registered console variable; referenced when testing console variable group [sys_spec_objectdetail] = [1]
<23:16:25> [Error] [CVARS]: [MISSING] [e_DecalsLifeTimeScale] is not a registered console variable; referenced when testing console variable group [sys_spec_objectdetail] = [1]
<23:16:25> [Error] [CVARS]: [MISSING] [e_LodRatio] is not a registered console variable; referenced when testing console variable group [sys_spec_objectdetail] = [1]
<23:16:25> [Error] [CVARS]: [MISSING] [e_MaxViewDistSpecLerp] is not a registered console variable; referenced when testing console variable group [sys_spec_objectdetail] = [1]
<23:16:25> [Error] [CVARS]: [MISSING] [e_MaxViewDistance] is not a registered console variable; referenced when testing console variable group [sys_spec_objectdetail] = [1]
<23:16:25> [Error] [CVARS]: [MISSING] [e_ObjQuality] is not a registered console variable; referenced when testing console variable group [sys_spec_objectdetail] = [1]
<23:16:25> [Error] [CVARS]: [MISSING] [e_TerrainOcclusionCullingMaxDist] is not a registered console variable; referenced when testing console variable group [sys_spec_objectdetail] = [1]
<23:16:25> [Error] [CVARS]: [MISSING] [e_VegetationMinSize] is not a registered console variable; referenced when testing console variable group [sys_spec_objectdetail] = [1]
<23:16:25> [Error] [CVARS]: [MISSING] [e_ViewDistRatio] is not a registered console variable; referenced when testing console variable group [sys_spec_objectdetail] = [1]
<23:16:25> [Error] [CVARS]: [MISSING] [e_ViewDistRatioCustom] is not a registered console variable; referenced when testing console variable group [sys_spec_objectdetail] = [1]
<23:16:25> [Error] [CVARS]: [MISSING] [e_ViewDistRatioDetail] is not a registered console variable; referenced when testing console variable group [sys_spec_objectdetail] = [1]
<23:16:25> [Error] [CVARS]: [MISSING] [e_ViewDistRatioLights] is not a registered console variable; referenced when testing console variable group [sys_spec_objectdetail] = [1]
<23:16:25> [Error] [CVARS]: [MISSING] [e_ViewDistRatioVegetation] is not a registered console variable; referenced when testing console variable group [sys_spec_objectdetail] = [1]
<23:16:25> [Error] [CVARS]: [MISSING] [es_DebrisLifetimeScale] is not a registered console variable; referenced when testing console variable group [sys_spec_objectdetail] = [1]
<23:16:25> [Error] [CVARS]: [MISSING] [e_DecalsOverlapping] is not a registered console variable; referenced when testing console variable group [sys_spec_objectdetail] = [1]
<23:16:25> [Error] [CVARS]: [MISSING] [e_LodMin] is not a registered console variable; referenced when testing console variable group [sys_spec_objectdetail] = [1]
<23:16:25> [Error] [CVARS]: [MISSING] [e_MergedMeshesInstanceDist] is not a registered console variable; referenced when testing console variable group [sys_spec_objectdetail] = [1]
<23:16:25> [Error] [CVARS]: [MISSING] [e_MergedMeshesPool] is not a registered console variable; referenced when testing console variable group [sys_spec_objectdetail] = [1]
<23:16:25> [Error] [CVARS]: [MISSING] [e_OcclusionCullingViewDistRatio] is not a registered console variable; referenced when testing console variable group [sys_spec_objectdetail] = [1]
<23:16:25> [Error] [CVARS]: [MISSING] [e_TerrainLodRatio] is not a registered console variable; referenced when testing console variable group [sys_spec_objectdetail] = [1]
<23:16:25> [Error] [CVARS]: [MISSING] [e_Tessellation] is not a registered console variable; referenced when testing console variable group [sys_spec_objectdetail] = [1]
<23:16:25> [Error] [CVARS]: [MISSING] [e_ViewDistMin] is not a registered console variable; referenced when testing console variable group [sys_spec_objectdetail] = [1]
<23:16:25> [Error] [CVARS]: [MISSING] [e_ParticlesMaxScreenFill] is not a registered console variable; referenced when testing console variable group [sys_spec_particles] = [1]
<23:16:25> [Error] [CVARS]: [MISSING] [e_ParticlesMinDrawPixels] is not a registered console variable; referenced when testing console variable group [sys_spec_particles] = [1]
<23:16:25> [Error] [CVARS]: [MISSING] [e_ParticlesObjectCollisions] is not a registered console variable; referenced when testing console variable group [sys_spec_particles] = [1]
<23:16:25> [Error] [CVARS]: [MISSING] [e_ParticlesQuality] is not a registered console variable; referenced when testing console variable group [sys_spec_particles] = [1]
<23:16:25> [Error] [CVARS]: [MISSING] [e_ParticlesMotionBlur] is not a registered console variable; referenced when testing console variable group [sys_spec_particles] = [1]
<23:16:25> [Error] [CVARS]: [MISSING] [e_CullVegActivation] is not a registered console variable; referenced when testing console variable group [sys_spec_physics] = [1]
<23:16:25> [Error] [CVARS]: [MISSING] [e_FoliageWindActivationDist] is not a registered console variable; referenced when testing console variable group [sys_spec_physics] = [1]
<23:16:25> [Error] [CVARS]: [MISSING] [e_PhysOceanCell] is not a registered console variable; referenced when testing console variable group [sys_spec_physics] = [1]
<23:16:25> [Error] [CVARS]: [MISSING] [es_MaxPhysDist] is not a registered console variable; referenced when testing console variable group [sys_spec_physics] = [1]
<23:16:25> [Error] [CVARS]: [MISSING] [es_MaxPhysDistInvisible] is not a registered console variable; referenced when testing console variable group [sys_spec_physics] = [1]
<23:16:25> [Error] [CVARS]: [MISSING] [g_breakage_particles_limit] is not a registered console variable; referenced when testing console variable group [sys_spec_physics] = [1]
<23:16:25> [Error] [CVARS]: [MISSING] [g_tree_cut_reuse_dist] is not a registered console variable; referenced when testing console variable group [sys_spec_physics] = [1]
<23:16:25> [Error] [CVARS]: [MISSING] [p_max_MC_iters] is not a registered console variable; referenced when testing console variable group [sys_spec_physics] = [1]
<23:16:25> [Error] [CVARS]: [MISSING] [p_max_substeps] is not a registered console variable; referenced when testing console variable group [sys_spec_physics] = [1]
<23:16:25> [Error] [CVARS]: [MISSING] [e_PhysProxyTriLimit] is not a registered console variable; referenced when testing console variable group [sys_spec_physics] = [1]
<23:16:25> [Error] [CVARS]: [MISSING] [p_max_object_splashes] is not a registered console variable; referenced when testing console variable group [sys_spec_physics] = [1]
<23:16:25> [Error] [CVARS]: [MISSING] [p_max_substeps_large_group] is not a registered console variable; referenced when testing console variable group [sys_spec_physics] = [1]
<23:16:25> [Error] [CVARS]: [MISSING] [p_num_bodies_large_group] is not a registered console variable; referenced when testing console variable group [sys_spec_physics] = [1]
<23:16:25> [Error] [CVARS]: [MISSING] [p_splash_dist0] is not a registered console variable; referenced when testing console variable group [sys_spec_physics] = [1]
<23:16:25> [Error] [CVARS]: [MISSING] [p_splash_dist1] is not a registered console variable; referenced when testing console variable group [sys_spec_physics] = [1]
<23:16:25> [Error] [CVARS]: [MISSING] [p_splash_force0] is not a registered console variable; referenced when testing console variable group [sys_spec_physics] = [1]
<23:16:25> [Error] [CVARS]: [MISSING] [p_splash_force1] is not a registered console variable; referenced when testing console variable group [sys_spec_physics] = [1]
<23:16:25> [Error] [CVARS]: [MISSING] [p_splash_vel0] is not a registered console variable; referenced when testing console variable group [sys_spec_physics] = [1]
<23:16:25> [Error] [CVARS]: [MISSING] [p_splash_vel1] is not a registered console variable; referenced when testing console variable group [sys_spec_physics] = [1]
<23:16:25> [Error] [CVARS]: [MISSING] [e_DynamicLightsMaxEntityLights] is not a registered console variable; referenced when testing console variable group [sys_spec_shading] = [1]
<23:16:25> [Error] [CVARS]: [MISSING] [e_SkyUpdateRate] is not a registered console variable; referenced when testing console variable group [sys_spec_shading] = [1]
<23:16:25> [Error] [CVARS]: [MISSING] [e_svoTI_Apply] is not a registered console variable; referenced when testing console variable group [sys_spec_shading] = [1]
<23:16:25> [Error] [CVARS]: [MISSING] [e_svoTI_RsmConeMaxLength] is not a registered console variable; referenced when testing console variable group [sys_spec_shading] = [1]
<23:16:25> [Error] [CVARS]: [MISSING] [e_svoTI_RsmUseColors] is not a registered console variable; referenced when testing console variable group [sys_spec_shading] = [1]
<23:16:25> [Error] [CVARS]: [MISSING] [e_svoTi_Active] is not a registered console variable; referenced when testing console variable group [sys_spec_shading] = [1]
<23:16:25> [Error] [CVARS]: [MISSING] [e_svoti_LowSpecMode] is not a registered console variable; referenced when testing console variable group [sys_spec_shading] = [1]
<23:16:25> [Error] [CVARS]: [MISSING] [e_LightVolumes] is not a registered console variable; referenced when testing console variable group [sys_spec_shading] = [1]
<23:16:25> [Error] [CVARS]: [MISSING] [e_VegetationUseTerrainColor] is not a registered console variable; referenced when testing console variable group [sys_spec_shading] = [1]
<23:16:25> [Error] [CVARS]: [MISSING] [e_GsmLodsNum] is not a registered console variable; referenced when testing console variable group [sys_spec_shadows] = [1]
<23:16:25> [Error] [CVARS]: [MISSING] [e_GsmRange] is not a registered console variable; referenced when testing console variable group [sys_spec_shadows] = [1]
<23:16:25> [Error] [CVARS]: [MISSING] [e_ObjShadowCastSpec] is not a registered console variable; referenced when testing console variable group [sys_spec_shadows] = [1]
<23:16:25> [Error] [CVARS]: [MISSING] [e_ParticlesShadows] is not a registered console variable; referenced when testing console variable group [sys_spec_shadows] = [1]
<23:16:25> [Error] [CVARS]: [MISSING] [e_Shadows] is not a registered console variable; referenced when testing console variable group [sys_spec_shadows] = [1]
<23:16:25> [Error] [CVARS]: [MISSING] [e_ShadowsBlendCascades] is not a registered console variable; referenced when testing console variable group [sys_spec_shadows] = [1]
<23:16:25> [Error] [CVARS]: [MISSING] [e_ShadowsCastViewDistRatio] is not a registered console variable; referenced when testing console variable group [sys_spec_shadows] = [1]
<23:16:25> [Error] [CVARS]: [MISSING] [e_ShadowsLodBiasFixed] is not a registered console variable; referenced when testing console variable group [sys_spec_shadows] = [1]
<23:16:25> [Error] [CVARS]: [MISSING] [e_ShadowsMaxTexRes] is not a registered console variable; referenced when testing console variable group [sys_spec_shadows] = [1]
<23:16:25> [Error] [CVARS]: [MISSING] [e_ShadowsPoolSize] is not a registered console variable; referenced when testing console variable group [sys_spec_shadows] = [1]
<23:16:25> [Error] [CVARS]: [MISSING] [e_ShadowsResScale] is not a registered console variable; referenced when testing console variable group [sys_spec_shadows] = [1]
<23:16:25> [Error] [CVARS]: [MISSING] [e_ShadowsTessellateCascades] is not a registered console variable; referenced when testing console variable group [sys_spec_shadows] = [1]
<23:16:25> [Error] [CVARS]: [MISSING] [e_ShadowsTessellateDLights] is not a registered console variable; referenced when testing console variable group [sys_spec_shadows] = [1]
<23:16:25> [Error] [CVARS]: [MISSING] [e_ShadowsUpdateViewDistRatio] is not a registered console variable; referenced when testing console variable group [sys_spec_shadows] = [1]
<23:16:25> [Error] [CVARS]: [MISSING] [e_VolumetricFog] is not a registered console variable; referenced when testing console variable group [sys_spec_volumetriceffects] = [1]
<23:16:25> [Error] [CVARS]: [MISSING] [e_fog] is not a registered console variable; referenced when testing console variable group [sys_spec_volumetriceffects] = [1]
<23:16:25> [Error] [CVARS]: [MISSING] [e_Clouds] is not a registered console variable; referenced when testing console variable group [sys_spec_volumetriceffects] = [1]
<23:16:25> [Error] [CVARS]: [MISSING] [e_WaterOceanFFT] is not a registered console variable; referenced when testing console variable group [sys_spec_water] = [1]
<23:16:25> [Error] [CVARS]: [MISSING] [e_WaterTessellationAmount] is not a registered console variable; referenced when testing console variable group [sys_spec_water] = [1]
<23:16:25> [Error] [CVARS]: [MISSING] [e_WaterTessellationAmountX] is not a registered console variable; referenced when testing console variable group [sys_spec_water] = [1]
<23:16:25> [Error] [CVARS]: [MISSING] [e_WaterTessellationAmountY] is not a registered console variable; referenced when testing console variable group [sys_spec_water] = [1]
<23:16:25> [Error] [CVARS]: [MISSING] [e_WaterTessellationSwathWidth] is not a registered console variable; referenced when testing console variable group [sys_spec_water] = [1]
<23:16:25> Loading Config file game.cfg (data\game.cfg)
<23:16:25> [Warning] [CVARS]: [CHANGED] variable [sys_asserts] from [0] to [0]; Marked as [VF_CHEAT]
<23:16:25> [Warning] Modifying marked variables will not be allowed in Release mode!
<23:16:25> Stream Engine Initialization
<23:16:25> GameName: Pandemic Express
<23:16:25> BuildTime: Oct 13 2019 19:15:33
<23:16:25> Physics initialization
<23:16:25> Localized language content(english) not available or modified from the original installation.
<23:16:25> Localized language content(english) not available or modified from the original installation.
<23:16:25> Localized language content(english) not available or modified from the original installation.
<23:16:25> <Audio>: AudioSystem initialization
<23:16:25> <Audio> <0.842>: CryAudioImplWwise loaded
<23:16:27> Renderer initialization
<23:16:27> Logging video adapters:
<23:16:29> - NVIDIA GeForce RTX 3070 (vendor = 0x10de, device = 0x2484)
<23:16:29>   - Adapter index: 0
<23:16:29>   - Dedicated video memory: 8032 MB
<23:16:29>   - Feature level: DX11 (SM 5.0)
<23:16:29>   - Displays connected: yes
<23:16:29>   - Suitable rendering device: yes
<23:16:29> - Microsoft Basic Render Driver (vendor = 0x1414, device = 0x008c)
<23:16:29>   - Adapter index: 1
<23:16:29>   - Dedicated video memory: 0 MB
<23:16:29>   - Feature level: DX11 (SM 5.0)
<23:16:29>   - Displays connected: no
<23:16:29>   - Suitable rendering device: no
<23:16:31> Active GPUs: 1
<23:16:32> [Renderer] A display device has been connected to the system
<23:16:32> Loading plugin CryDefaultEntities
<23:16:32> Loading plugin CrySchematycCore
<23:16:32> DLL Failed to load, error code: 7E
<23:16:32> Loading plugin CrySchematycSTDEnv
<23:16:32> DLL Failed to load, error code: 7E
<23:16:32> Loading plugin CrySensorSystem
<23:16:32> DLL Failed to load, error code: 7E
<23:16:32> Loading extension file cryplugin.csv
<23:16:32> Loading plugin ProcAnRandGenerator.dll
<23:16:32> Loading plugin PlayFab.dll
<23:16:32> Loading plugin CEVPlayer.dll
<23:16:33> Font initialization
<23:16:33> Using FreeType 2.5.5
<23:16:35> Network initialization
<23:16:35> [net] Socket IO management: External [iocp], Internal [iocp]
<23:16:35> network hostname: jasper-pc
<23:16:35>   ip:192.168.20.23
<23:16:35> [Network Version]: PROFILE DEVELOPMENT BUILD
<23:16:35> MovieSystem initialization
<23:16:35> Console initialization
<23:16:35> Time initialization
<23:16:35> Input initialization
<23:16:36> AI initialization
<23:16:36>  
<23:16:36>     con_debug = 0 []
<23:16:36>     con_display_last_messages = 0 []
<23:16:36>     con_line_buffer_size = 1000 []
<23:16:36>     con_restricted = 0 [RESTRICTEDMODE]
<23:16:36>     con_showonload = 0 []
<23:16:36>  
<23:16:36>     con_debug = 0 []
<23:16:36>     con_display_last_messages = 0 []
<23:16:36>     con_line_buffer_size = 1000 []
<23:16:36>     con_restricted = 0 [RESTRICTEDMODE]
<23:16:36>     con_showonload = 0 []
<23:16:36>  
<23:16:36>     con_debug = 0 []
<23:16:36>  
<23:16:36>     con_debug = 0 []
<23:16:36> Initializing Animation System
<23:16:36> Initializing 3D Engine
<23:16:36> Script System Initialization
<23:16:36> Entity system initialization
<23:16:36> Initializing AI System
<23:16:36> Initializing additional systems
<23:16:36> Dynamic Response System initialization
<23:16:36> DLL Failed to load, error code: 7E
<23:16:36> No Dynamic Response System was loaded from a module, will use the NULL implementation.
<23:16:37> [Steam] Steam API initialized successfully
<23:16:38> <ThreadConfigInfo>: [XML Parsing] Thread with name "Main" already loaded. Overriding with new configuration
<23:16:38> <ThreadConfigInfo>: [XML Parsing] Thread with name "Network" already loaded. Overriding with new configuration
<23:16:38> <ThreadConfigInfo>: [XML Parsing] Thread with name "NetworkStallTicker" already loaded. Overriding with new configuration
<23:16:38> <ThreadConfigInfo>: [XML Parsing] Thread with name "ZLibCompressor" already loaded. Overriding with new configuration
<23:16:38> <ThreadConfigInfo>: [XML Parsing] Thread with name "NetworkStallTicker" already loaded. Overriding with new configuration
<23:16:38> <ThreadConfigInfo>: [XML Parsing] Thread with name "ZLibCompressor" already loaded. Overriding with new configuration
<23:16:38> <ThreadConfigInfo>: [XML Parsing] Thread with name "TelemetryCopier" already loaded. Overriding with new configuration
<23:16:38> <ThreadConfigInfo>: [XML Parsing] Thread with name "StatsAgent" already loaded. Overriding with new configuration
<23:16:38> <ThreadConfigInfo>: Thread profile loaded: "pc_8" (config/game.thread_config)  
<23:16:38> Initializing default materials...
<23:16:45> [MFX] Loading FXLib 'breakables' ...
<23:16:45> [MFX] Loading FXLib 'collisions' ...
<23:16:45> [MFX] Loading FXLib 'foley' ...
<23:16:45> [MFX] Loading FXLib 'foley_grunt' ...
<23:16:45> [MFX] Loading FXLib 'foley_player' ...
<23:16:45> [MFX] Loading FXLib 'footstep_grunt' ...
<23:16:45> [MFX] Loading FXLib 'footstep_player' ...
<23:16:45> [MFX] Loading FXLib 'footsteps' ...
<23:16:45> [MFX] Loading FXLib 'grenade' ...
<23:16:45> [MFX] Loading FXLib 'melee' ...
<23:16:45> [MFX] Loading FXLib 'player_fx' ...
<23:16:45> [MFX] Loading FXLib 'projectiles' ...
<23:16:45> [MFX] Loading FXLib 'tornado' ...
<23:16:45> [MFX] Loading FXLib 'vegetation' ...
<23:16:45> [MFX] Loading FXLib 'vehicles' ...
<23:16:49> [MFX] Loading FXLib 'breakables' ...
<23:16:49> [MFX] Loading FXLib 'collisions' ...
<23:16:49> [MFX] Loading FXLib 'foley' ...
<23:16:49> [MFX] Loading FXLib 'foley_grunt' ...
<23:16:49> [MFX] Loading FXLib 'foley_player' ...
<23:16:49> [MFX] Loading FXLib 'footstep_grunt' ...
<23:16:49> [MFX] Loading FXLib 'footstep_player' ...
<23:16:49> [MFX] Loading FXLib 'footsteps' ...
<23:16:49> [MFX] Loading FXLib 'grenade' ...
<23:16:49> [MFX] Loading FXLib 'melee' ...
<23:16:49> [MFX] Loading FXLib 'player_fx' ...
<23:16:49> [MFX] Loading FXLib 'projectiles' ...
<23:16:49> [MFX] Loading FXLib 'tornado' ...
<23:16:49> [MFX] Loading FXLib 'vegetation' ...
<23:16:49> [MFX] Loading FXLib 'vehicles' ...
<23:16:49> Creating socket on port 2838
<23:16:49> CreateDatagramSocket c1
<23:16:49> CreateDatagramSocket c2
<23:17:16> CSteamLobby::IsInLobby playersCount = 0
<23:17:16> CSteamLobby::IsInLobby playersCount = 0
<23:17:16> CGameLiftClientManager::StartGameSessionFinding
<23:17:24> CGameLiftClientManager::CreateClientIOInit
<23:17:33> CSteamLobby::IsInLobby playersCount = 0
<23:17:33> CSteamLobby::IsInLobby playersCount = 0
<23:17:33> CGameLiftClientManager::StartGameSessionFinding
<23:17:34> CSteamLobby::IsInLobby playersCount = 0
<23:17:35> CSteamLobby::IsInLobby playersCount = 0
<23:17:36> CSteamLobby::IsInLobby playersCount = 0
<23:17:37> CSteamLobby::IsInLobby playersCount = 0
<23:17:38> CSteamLobby::IsInLobby playersCount = 0
<23:17:39> CSteamLobby::IsInLobby playersCount = 0
<23:17:40> CSteamLobby::IsInLobby playersCount = 0
<23:17:41> CGameLiftClientManager::CreateClientIOInit
<23:17:50> CSteamLobby::IsInLobby playersCount = 0
<23:17:50> CSteamLobby::IsInLobby playersCount = 0
<23:17:50> CGameLiftClientManager::StartGameSessionFinding
<23:17:51> CSteamLobby::IsInLobby playersCount = 0
<23:17:52> CSteamLobby::IsInLobby playersCount = 0
<23:17:53> CSteamLobby::IsInLobby playersCount = 0
<23:17:54> CSteamLobby::IsInLobby playersCount = 0
<23:17:55> CSteamLobby::IsInLobby playersCount = 0
<23:17:56> CSteamLobby::IsInLobby playersCount = 0
<23:17:57> CSteamLobby::IsInLobby playersCount = 0
<23:17:58> CGameLiftClientManager::CreateClientIOInit
<23:18:07> CSteamLobby::IsInLobby playersCount = 0
<23:18:07> CSteamLobby::IsInLobby playersCount = 0
<23:18:07> CGameLiftClientManager::StartGameSessionFinding
<23:18:08> CSteamLobby::IsInLobby playersCount = 0
<23:18:09> CSteamLobby::IsInLobby playersCount = 0
<23:18:10> CSteamLobby::IsInLobby playersCount = 0
<23:18:11> CSteamLobby::IsInLobby playersCount = 0
<23:18:12> CSteamLobby::IsInLobby playersCount = 0
<23:18:13> CSteamLobby::IsInLobby playersCount = 0
<23:18:14> CGameLiftClientManager::CreateClientIOInit
<23:18:23> CSteamLobby::IsInLobby playersCount = 0
<23:18:23> CSteamLobby::IsInLobby playersCount = 0
<23:18:23> CGameLiftClientManager::StartGameSessionFinding
<23:18:24> CSteamLobby::IsInLobby playersCount = 0
<23:18:25> CSteamLobby::IsInLobby playersCount = 0
<23:18:26> CSteamLobby::IsInLobby playersCount = 0
<23:18:27> CSteamLobby::IsInLobby playersCount = 0
<23:18:28> CSteamLobby::IsInLobby playersCount = 0
<23:18:29> CSteamLobby::IsInLobby playersCount = 0
<23:18:30> CSteamLobby::IsInLobby playersCount = 0
<23:18:30> CGameLiftClientManager::CreateClientIOInit
<23:18:35> BaseInput - Shutting down all force feedback
<23:18:35> ActionGame - Shutting down all force feedback
<23:18:36> CNetSyncSystem::~CNetSyncSystem & Crush?! packets_temp_bf(temp packet data buffs)
<23:18:36> System:Quit
