BackupNameAttachment=" Build(0) 13 Jul 21 (13 41 28)"  -- used by backup system
Log Started at Tue Jul 13 13:41:28 2021
Built on Oct 13 2019 19:15:33
Running 64 bit Windows version
Command Line: "D:\Games\Steam\steamapps\common\Pandemic Express\Bin/win_x64/PandemicExpress.exe"
Executable: D:\Games\Steam\steamapps\common\Pandemic Express\Bin\win_x64\PandemicExpress.exe
FileVersion: 1.0.0.0
ProductVersion: 1.0.0.0
Added MOD directory <%engineroot%/engine> to CryPak

Total number of logical processors: 12
Number of available logical processors: 12
Total number of system cores: 6
Number of cores available to process: 6
 
Processor 0:
  CPU: AMD AMD Ryzen 5 3600 6-Core Processor              
  Family: 15, Model: 1, Stepping: 0
  FPU: On-Chip
  Features: FP16, SSE, SSE2, SSE3, SSE4.2, AVX, AVX2, FMA3
  Serial number not present or disabled
 
Processor 1:
  CPU: AMD AMD Ryzen 5 3600 6-Core Processor              
  Family: 15, Model: 1, Stepping: 0
  FPU: On-Chip
  Features: FP16, SSE, SSE2, SSE3, SSE4.2, AVX, AVX2, FMA3
  Serial number not present or disabled
 
Processor 2:
  CPU: AMD AMD Ryzen 5 3600 6-Core Processor              
  Family: 15, Model: 1, Stepping: 0
  FPU: On-Chip
  Features: FP16, SSE, SSE2, SSE3, SSE4.2, AVX, AVX2, FMA3
  Serial number not present or disabled
 
Processor 3:
  CPU: AMD AMD Ryzen 5 3600 6-Core Processor              
  Family: 15, Model: 1, Stepping: 0
  FPU: On-Chip
  Features: FP16, SSE, SSE2, SSE3, SSE4.2, AVX, AVX2, FMA3
  Serial number not present or disabled
 
Processor 4:
  CPU: AMD AMD Ryzen 5 3600 6-Core Processor              
  Family: 15, Model: 1, Stepping: 0
  FPU: On-Chip
  Features: FP16, SSE, SSE2, SSE3, SSE4.2, AVX, AVX2, FMA3
  Serial number not present or disabled
 
Processor 5:
  CPU: AMD AMD Ryzen 5 3600 6-Core Processor              
  Family: 15, Model: 1, Stepping: 0
  FPU: On-Chip
  Features: FP16, SSE, SSE2, SSE3, SSE4.2, AVX, AVX2, FMA3
  Serial number not present or disabled
 
<13:41:28> Loading Config file system.cfg (system.cfg)
<13:41:28> [Error] [CVARS]: [IGNORED CHANGE] variable [sys_version] from [] to [1.1.0.000.200116]; Marked as [VF_CHEAT]
<13:41:28> OnSysSpecChange(1)
<13:41:28> [Error] [CVARS]: [IGNORED CHANGE] variable [sys_asserts] from [0] to [0]; Marked as [VF_CHEAT]
<13:41:28> GameDir: DATA
<13:41:28> <ThreadConfigInfo>: Thread profile loaded: "pc_8" (config/engine_core.thread_config)  
<13:41:28> Windows 10 64 bit (build 10.0.19043)
<13:41:28> System language: English
<13:41:28> Windows Directory: "C:\Windows"
<13:41:28> Local time is 13:41:28 07/13/21, system running for 1482 minutes
<13:41:28> 16333MB physical memory installed, 11171MB available, 134217727MB virtual memory installed, 31 percent of memory in use
<13:41:28> PageFile usage: 76MB, Working Set: 88MB, Peak PageFile usage: 76MB,
<13:41:28> Current display mode is 2560x1440x32, (Unknown graphics card)
<13:41:28> IBM enhanced (101/102-key) keyboard and 16+ button mouse installed
<13:41:28> --------------------------------------------------------------------------------
<13:41:28> OnSysSpecChange(1)
<13:41:28> Loading Config file LowSpec.cfg (data\config\lowspec.cfg)
<13:41:28> [Error] [CVARS]: [MISSING] [mfx_Timeout] is not a registered console variable; referenced when testing console variable group [sys_spec_gameeffects] = [1]
<13:41:28> [Error] [CVARS]: [MISSING] [ca_AttachmentCullingRation] is not a registered console variable; referenced when testing console variable group [sys_spec_objectdetail] = [1]
<13:41:28> [Error] [CVARS]: [MISSING] [e_DecalsLifeTimeScale] is not a registered console variable; referenced when testing console variable group [sys_spec_objectdetail] = [1]
<13:41:28> [Error] [CVARS]: [MISSING] [e_LodRatio] is not a registered console variable; referenced when testing console variable group [sys_spec_objectdetail] = [1]
<13:41:28> [Error] [CVARS]: [MISSING] [e_MaxViewDistSpecLerp] is not a registered console variable; referenced when testing console variable group [sys_spec_objectdetail] = [1]
<13:41:28> [Error] [CVARS]: [MISSING] [e_MaxViewDistance] is not a registered console variable; referenced when testing console variable group [sys_spec_objectdetail] = [1]
<13:41:28> [Error] [CVARS]: [MISSING] [e_ObjQuality] is not a registered console variable; referenced when testing console variable group [sys_spec_objectdetail] = [1]
<13:41:28> [Error] [CVARS]: [MISSING] [e_TerrainOcclusionCullingMaxDist] is not a registered console variable; referenced when testing console variable group [sys_spec_objectdetail] = [1]
<13:41:28> [Error] [CVARS]: [MISSING] [e_VegetationMinSize] is not a registered console variable; referenced when testing console variable group [sys_spec_objectdetail] = [1]
<13:41:28> [Error] [CVARS]: [MISSING] [e_ViewDistRatio] is not a registered console variable; referenced when testing console variable group [sys_spec_objectdetail] = [1]
<13:41:28> [Error] [CVARS]: [MISSING] [e_ViewDistRatioCustom] is not a registered console variable; referenced when testing console variable group [sys_spec_objectdetail] = [1]
<13:41:28> [Error] [CVARS]: [MISSING] [e_ViewDistRatioDetail] is not a registered console variable; referenced when testing console variable group [sys_spec_objectdetail] = [1]
<13:41:28> [Error] [CVARS]: [MISSING] [e_ViewDistRatioLights] is not a registered console variable; referenced when testing console variable group [sys_spec_objectdetail] = [1]
<13:41:28> [Error] [CVARS]: [MISSING] [e_ViewDistRatioVegetation] is not a registered console variable; referenced when testing console variable group [sys_spec_objectdetail] = [1]
<13:41:28> [Error] [CVARS]: [MISSING] [es_DebrisLifetimeScale] is not a registered console variable; referenced when testing console variable group [sys_spec_objectdetail] = [1]
<13:41:28> [Error] [CVARS]: [MISSING] [e_DecalsOverlapping] is not a registered console variable; referenced when testing console variable group [sys_spec_objectdetail] = [1]
<13:41:28> [Error] [CVARS]: [MISSING] [e_LodMin] is not a registered console variable; referenced when testing console variable group [sys_spec_objectdetail] = [1]
<13:41:28> [Error] [CVARS]: [MISSING] [e_MergedMeshesInstanceDist] is not a registered console variable; referenced when testing console variable group [sys_spec_objectdetail] = [1]
<13:41:28> [Error] [CVARS]: [MISSING] [e_MergedMeshesPool] is not a registered console variable; referenced when testing console variable group [sys_spec_objectdetail] = [1]
<13:41:28> [Error] [CVARS]: [MISSING] [e_OcclusionCullingViewDistRatio] is not a registered console variable; referenced when testing console variable group [sys_spec_objectdetail] = [1]
<13:41:28> [Error] [CVARS]: [MISSING] [e_TerrainLodRatio] is not a registered console variable; referenced when testing console variable group [sys_spec_objectdetail] = [1]
<13:41:28> [Error] [CVARS]: [MISSING] [e_Tessellation] is not a registered console variable; referenced when testing console variable group [sys_spec_objectdetail] = [1]
<13:41:28> [Error] [CVARS]: [MISSING] [e_ViewDistMin] is not a registered console variable; referenced when testing console variable group [sys_spec_objectdetail] = [1]
<13:41:28> [Error] [CVARS]: [MISSING] [e_ParticlesMaxScreenFill] is not a registered console variable; referenced when testing console variable group [sys_spec_particles] = [1]
<13:41:28> [Error] [CVARS]: [MISSING] [e_ParticlesMinDrawPixels] is not a registered console variable; referenced when testing console variable group [sys_spec_particles] = [1]
<13:41:28> [Error] [CVARS]: [MISSING] [e_ParticlesObjectCollisions] is not a registered console variable; referenced when testing console variable group [sys_spec_particles] = [1]
<13:41:28> [Error] [CVARS]: [MISSING] [e_ParticlesQuality] is not a registered console variable; referenced when testing console variable group [sys_spec_particles] = [1]
<13:41:28> [Error] [CVARS]: [MISSING] [e_ParticlesMotionBlur] is not a registered console variable; referenced when testing console variable group [sys_spec_particles] = [1]
<13:41:28> [Error] [CVARS]: [MISSING] [e_CullVegActivation] is not a registered console variable; referenced when testing console variable group [sys_spec_physics] = [1]
<13:41:28> [Error] [CVARS]: [MISSING] [e_FoliageWindActivationDist] is not a registered console variable; referenced when testing console variable group [sys_spec_physics] = [1]
<13:41:28> [Error] [CVARS]: [MISSING] [e_PhysOceanCell] is not a registered console variable; referenced when testing console variable group [sys_spec_physics] = [1]
<13:41:28> [Error] [CVARS]: [MISSING] [es_MaxPhysDist] is not a registered console variable; referenced when testing console variable group [sys_spec_physics] = [1]
<13:41:28> [Error] [CVARS]: [MISSING] [es_MaxPhysDistInvisible] is not a registered console variable; referenced when testing console variable group [sys_spec_physics] = [1]
<13:41:28> [Error] [CVARS]: [MISSING] [g_breakage_particles_limit] is not a registered console variable; referenced when testing console variable group [sys_spec_physics] = [1]
<13:41:28> [Error] [CVARS]: [MISSING] [g_tree_cut_reuse_dist] is not a registered console variable; referenced when testing console variable group [sys_spec_physics] = [1]
<13:41:28> [Error] [CVARS]: [MISSING] [p_max_MC_iters] is not a registered console variable; referenced when testing console variable group [sys_spec_physics] = [1]
<13:41:28> [Error] [CVARS]: [MISSING] [p_max_substeps] is not a registered console variable; referenced when testing console variable group [sys_spec_physics] = [1]
<13:41:28> [Error] [CVARS]: [MISSING] [e_PhysProxyTriLimit] is not a registered console variable; referenced when testing console variable group [sys_spec_physics] = [1]
<13:41:28> [Error] [CVARS]: [MISSING] [p_max_object_splashes] is not a registered console variable; referenced when testing console variable group [sys_spec_physics] = [1]
<13:41:28> [Error] [CVARS]: [MISSING] [p_max_substeps_large_group] is not a registered console variable; referenced when testing console variable group [sys_spec_physics] = [1]
<13:41:28> [Error] [CVARS]: [MISSING] [p_num_bodies_large_group] is not a registered console variable; referenced when testing console variable group [sys_spec_physics] = [1]
<13:41:28> [Error] [CVARS]: [MISSING] [p_splash_dist0] is not a registered console variable; referenced when testing console variable group [sys_spec_physics] = [1]
<13:41:28> [Error] [CVARS]: [MISSING] [p_splash_dist1] is not a registered console variable; referenced when testing console variable group [sys_spec_physics] = [1]
<13:41:28> [Error] [CVARS]: [MISSING] [p_splash_force0] is not a registered console variable; referenced when testing console variable group [sys_spec_physics] = [1]
<13:41:28> [Error] [CVARS]: [MISSING] [p_splash_force1] is not a registered console variable; referenced when testing console variable group [sys_spec_physics] = [1]
<13:41:28> [Error] [CVARS]: [MISSING] [p_splash_vel0] is not a registered console variable; referenced when testing console variable group [sys_spec_physics] = [1]
<13:41:28> [Error] [CVARS]: [MISSING] [p_splash_vel1] is not a registered console variable; referenced when testing console variable group [sys_spec_physics] = [1]
<13:41:28> [Error] [CVARS]: [MISSING] [e_DynamicLightsMaxEntityLights] is not a registered console variable; referenced when testing console variable group [sys_spec_shading] = [1]
<13:41:28> [Error] [CVARS]: [MISSING] [e_SkyUpdateRate] is not a registered console variable; referenced when testing console variable group [sys_spec_shading] = [1]
<13:41:28> [Error] [CVARS]: [MISSING] [e_svoTI_Apply] is not a registered console variable; referenced when testing console variable group [sys_spec_shading] = [1]
<13:41:28> [Error] [CVARS]: [MISSING] [e_svoTI_RsmConeMaxLength] is not a registered console variable; referenced when testing console variable group [sys_spec_shading] = [1]
<13:41:28> [Error] [CVARS]: [MISSING] [e_svoTI_RsmUseColors] is not a registered console variable; referenced when testing console variable group [sys_spec_shading] = [1]
<13:41:28> [Error] [CVARS]: [MISSING] [e_svoTi_Active] is not a registered console variable; referenced when testing console variable group [sys_spec_shading] = [1]
<13:41:28> [Error] [CVARS]: [MISSING] [e_svoti_LowSpecMode] is not a registered console variable; referenced when testing console variable group [sys_spec_shading] = [1]
<13:41:28> [Error] [CVARS]: [MISSING] [e_LightVolumes] is not a registered console variable; referenced when testing console variable group [sys_spec_shading] = [1]
<13:41:28> [Error] [CVARS]: [MISSING] [e_VegetationUseTerrainColor] is not a registered console variable; referenced when testing console variable group [sys_spec_shading] = [1]
<13:41:28> [Error] [CVARS]: [MISSING] [e_GsmLodsNum] is not a registered console variable; referenced when testing console variable group [sys_spec_shadows] = [1]
<13:41:28> [Error] [CVARS]: [MISSING] [e_GsmRange] is not a registered console variable; referenced when testing console variable group [sys_spec_shadows] = [1]
<13:41:28> [Error] [CVARS]: [MISSING] [e_ObjShadowCastSpec] is not a registered console variable; referenced when testing console variable group [sys_spec_shadows] = [1]
<13:41:28> [Error] [CVARS]: [MISSING] [e_ParticlesShadows] is not a registered console variable; referenced when testing console variable group [sys_spec_shadows] = [1]
<13:41:28> [Error] [CVARS]: [MISSING] [e_Shadows] is not a registered console variable; referenced when testing console variable group [sys_spec_shadows] = [1]
<13:41:28> [Error] [CVARS]: [MISSING] [e_ShadowsBlendCascades] is not a registered console variable; referenced when testing console variable group [sys_spec_shadows] = [1]
<13:41:28> [Error] [CVARS]: [MISSING] [e_ShadowsCastViewDistRatio] is not a registered console variable; referenced when testing console variable group [sys_spec_shadows] = [1]
<13:41:28> [Error] [CVARS]: [MISSING] [e_ShadowsLodBiasFixed] is not a registered console variable; referenced when testing console variable group [sys_spec_shadows] = [1]
<13:41:28> [Error] [CVARS]: [MISSING] [e_ShadowsMaxTexRes] is not a registered console variable; referenced when testing console variable group [sys_spec_shadows] = [1]
<13:41:28> [Error] [CVARS]: [MISSING] [e_ShadowsPoolSize] is not a registered console variable; referenced when testing console variable group [sys_spec_shadows] = [1]
<13:41:28> [Error] [CVARS]: [MISSING] [e_ShadowsResScale] is not a registered console variable; referenced when testing console variable group [sys_spec_shadows] = [1]
<13:41:28> [Error] [CVARS]: [MISSING] [e_ShadowsTessellateCascades] is not a registered console variable; referenced when testing console variable group [sys_spec_shadows] = [1]
<13:41:28> [Error] [CVARS]: [MISSING] [e_ShadowsTessellateDLights] is not a registered console variable; referenced when testing console variable group [sys_spec_shadows] = [1]
<13:41:28> [Error] [CVARS]: [MISSING] [e_ShadowsUpdateViewDistRatio] is not a registered console variable; referenced when testing console variable group [sys_spec_shadows] = [1]
<13:41:28> [Error] [CVARS]: [MISSING] [e_VolumetricFog] is not a registered console variable; referenced when testing console variable group [sys_spec_volumetriceffects] = [1]
<13:41:28> [Error] [CVARS]: [MISSING] [e_fog] is not a registered console variable; referenced when testing console variable group [sys_spec_volumetriceffects] = [1]
<13:41:28> [Error] [CVARS]: [MISSING] [e_Clouds] is not a registered console variable; referenced when testing console variable group [sys_spec_volumetriceffects] = [1]
<13:41:28> [Error] [CVARS]: [MISSING] [e_WaterOceanFFT] is not a registered console variable; referenced when testing console variable group [sys_spec_water] = [1]
<13:41:28> [Error] [CVARS]: [MISSING] [e_WaterTessellationAmount] is not a registered console variable; referenced when testing console variable group [sys_spec_water] = [1]
<13:41:28> [Error] [CVARS]: [MISSING] [e_WaterTessellationAmountX] is not a registered console variable; referenced when testing console variable group [sys_spec_water] = [1]
<13:41:28> [Error] [CVARS]: [MISSING] [e_WaterTessellationAmountY] is not a registered console variable; referenced when testing console variable group [sys_spec_water] = [1]
<13:41:28> [Error] [CVARS]: [MISSING] [e_WaterTessellationSwathWidth] is not a registered console variable; referenced when testing console variable group [sys_spec_water] = [1]
<13:41:28> Loading Config file game.cfg (data\game.cfg)
<13:41:28> [Warning] [CVARS]: [CHANGED] variable [sys_asserts] from [0] to [0]; Marked as [VF_CHEAT]
<13:41:28> [Warning] Modifying marked variables will not be allowed in Release mode!
<13:41:28> Stream Engine Initialization
<13:41:28> GameName: Pandemic Express
<13:41:28> BuildTime: Oct 13 2019 19:15:33
<13:41:28> Physics initialization
<13:41:28> Localized language content(english) not available or modified from the original installation.
<13:41:28> Localized language content(english) not available or modified from the original installation.
<13:41:28> Localized language content(english) not available or modified from the original installation.
<13:41:28> <Audio>: AudioSystem initialization
<13:41:28> <Audio> <0.085>: CryAudioImplWwise loaded
<13:41:29> Renderer initialization
<13:41:29> Logging video adapters:
<13:41:29> - NVIDIA GeForce RTX 3070 (vendor = 0x10de, device = 0x2484)
<13:41:29>   - Adapter index: 0
<13:41:29>   - Dedicated video memory: 8043 MB
<13:41:29>   - Feature level: DX11 (SM 5.0)
<13:41:29>   - Displays connected: yes
<13:41:29>   - Suitable rendering device: yes
<13:41:29> - Microsoft Basic Render Driver (vendor = 0x1414, device = 0x008c)
<13:41:29>   - Adapter index: 1
<13:41:29>   - Dedicated video memory: 0 MB
<13:41:29>   - Feature level: DX11 (SM 5.0)
<13:41:29>   - Displays connected: no
<13:41:29>   - Suitable rendering device: no
<13:41:29> Active GPUs: 1
<13:41:30> [Renderer] A display device has been connected to the system
<13:41:30> Loading plugin CryDefaultEntities
<13:41:30> Loading plugin CrySchematycCore
<13:41:30> DLL Failed to load, error code: 7E
<13:41:30> Loading plugin CrySchematycSTDEnv
<13:41:30> DLL Failed to load, error code: 7E
<13:41:30> Loading plugin CrySensorSystem
<13:41:30> DLL Failed to load, error code: 7E
<13:41:30> Loading extension file cryplugin.csv
<13:41:30> Loading plugin ProcAnRandGenerator.dll
<13:41:30> Loading plugin PlayFab.dll
<13:41:30> Loading plugin CEVPlayer.dll
<13:41:31> Font initialization
<13:41:31> Using FreeType 2.5.5
<13:41:31> Network initialization
<13:41:31> [net] Socket IO management: External [iocp], Internal [iocp]
<13:41:31> network hostname: DESKTOP-GKEDPQ6
<13:41:31>   ip:26.90.194.210
<13:41:31>   ip:192.168.20.21
<13:41:31> [Network Version]: PROFILE DEVELOPMENT BUILD
<13:41:31> MovieSystem initialization
<13:41:31> Console initialization
<13:41:31> Time initialization
<13:41:31> Input initialization
<13:41:31> AI initialization
<13:41:31>  
<13:41:31>     con_debug = 0 []
<13:41:31>     con_display_last_messages = 0 []
<13:41:31>     con_line_buffer_size = 1000 []
<13:41:31>     con_restricted = 0 [RESTRICTEDMODE]
<13:41:31>     con_showonload = 0 []
<13:41:31>  
<13:41:31>     con_debug = 0 []
<13:41:31>     con_display_last_messages = 0 []
<13:41:31>     con_line_buffer_size = 1000 []
<13:41:31>     con_restricted = 0 [RESTRICTEDMODE]
<13:41:31>     con_showonload = 0 []
<13:41:31>  
<13:41:31>     con_debug = 0 []
<13:41:31>  
<13:41:31>     con_debug = 0 []
<13:41:31> Initializing Animation System
<13:41:31> Initializing 3D Engine
<13:41:31> Script System Initialization
<13:41:31> Entity system initialization
<13:41:31> Initializing AI System
<13:41:31> Initializing additional systems
<13:41:31> Dynamic Response System initialization
<13:41:31> DLL Failed to load, error code: 7E
<13:41:31> No Dynamic Response System was loaded from a module, will use the NULL implementation.
<13:41:32> [Steam] Steam API initialized successfully
<13:41:32> <ThreadConfigInfo>: [XML Parsing] Thread with name "Main" already loaded. Overriding with new configuration
<13:41:32> <ThreadConfigInfo>: [XML Parsing] Thread with name "Network" already loaded. Overriding with new configuration
<13:41:32> <ThreadConfigInfo>: [XML Parsing] Thread with name "NetworkStallTicker" already loaded. Overriding with new configuration
<13:41:32> <ThreadConfigInfo>: [XML Parsing] Thread with name "ZLibCompressor" already loaded. Overriding with new configuration
<13:41:32> <ThreadConfigInfo>: [XML Parsing] Thread with name "NetworkStallTicker" already loaded. Overriding with new configuration
<13:41:32> <ThreadConfigInfo>: [XML Parsing] Thread with name "ZLibCompressor" already loaded. Overriding with new configuration
<13:41:32> <ThreadConfigInfo>: [XML Parsing] Thread with name "TelemetryCopier" already loaded. Overriding with new configuration
<13:41:32> <ThreadConfigInfo>: [XML Parsing] Thread with name "StatsAgent" already loaded. Overriding with new configuration
<13:41:32> <ThreadConfigInfo>: Thread profile loaded: "pc_8" (config/game.thread_config)  
<13:41:32> Initializing default materials...
<13:41:38> [MFX] Loading FXLib 'breakables' ...
<13:41:38> [MFX] Loading FXLib 'collisions' ...
<13:41:38> [MFX] Loading FXLib 'foley' ...
<13:41:38> [MFX] Loading FXLib 'foley_grunt' ...
<13:41:38> [MFX] Loading FXLib 'foley_player' ...
<13:41:38> [MFX] Loading FXLib 'footstep_grunt' ...
<13:41:38> [MFX] Loading FXLib 'footstep_player' ...
<13:41:38> [MFX] Loading FXLib 'footsteps' ...
<13:41:38> [MFX] Loading FXLib 'grenade' ...
<13:41:38> [MFX] Loading FXLib 'melee' ...
<13:41:38> [MFX] Loading FXLib 'player_fx' ...
<13:41:38> [MFX] Loading FXLib 'projectiles' ...
<13:41:38> [MFX] Loading FXLib 'tornado' ...
<13:41:38> [MFX] Loading FXLib 'vegetation' ...
<13:41:38> [MFX] Loading FXLib 'vehicles' ...
<13:41:38> [MFX] Loading FXLib 'breakables' ...
<13:41:38> [MFX] Loading FXLib 'collisions' ...
<13:41:38> [MFX] Loading FXLib 'foley' ...
<13:41:38> [MFX] Loading FXLib 'foley_grunt' ...
<13:41:38> [MFX] Loading FXLib 'foley_player' ...
<13:41:38> [MFX] Loading FXLib 'footstep_grunt' ...
<13:41:38> [MFX] Loading FXLib 'footstep_player' ...
<13:41:38> [MFX] Loading FXLib 'footsteps' ...
<13:41:38> [MFX] Loading FXLib 'grenade' ...
<13:41:38> [MFX] Loading FXLib 'melee' ...
<13:41:38> [MFX] Loading FXLib 'player_fx' ...
<13:41:38> [MFX] Loading FXLib 'projectiles' ...
<13:41:38> [MFX] Loading FXLib 'tornado' ...
<13:41:38> [MFX] Loading FXLib 'vegetation' ...
<13:41:38> [MFX] Loading FXLib 'vehicles' ...
<13:41:38> Creating socket on port 2838
<13:41:38> CreateDatagramSocket c1
<13:41:38> CreateDatagramSocket c2
<13:42:06> CreateDatagramSocket c1
<13:42:08> Game rules class: InstantAction
<13:42:08> ============================ PrepareLevel Multiplayer/Purgatorium_Esc_Cw ============================
<13:42:31> CryAnimation: character-definition not found: objects/characters/human/sdk_player/sdk_player.cdf
<13:42:31> CryAnimation: character-definition not found: objects/characters/human/sdk_player/sdk_player.cdf
<13:42:31> CryAnimation: character-definition not found: objects/characters/human/sdk_player/sdk_player.cdf
<13:42:31> CryAnimation: character-definition not found: objects/characters/human/sdk_player/sdk_player.cdf
<13:42:31> CryAnimation: character-definition not found: objects/characters/human/sdk_player/sdk_player.cdf
<13:42:31> CryAnimation: character-definition not found: objects/characters/human/sdk_player/sdk_player.cdf
<13:42:31> CryAnimation: character-definition not found: objects/characters/human/sdk_player/sdk_player.cdf
<13:42:31> CryAnimation: character-definition not found: objects/characters/human/sdk_player/sdk_player.cdf
<13:42:31> CryAnimation: character-definition not found: objects/characters/human/sdk_player/sdk_player.cdf
<13:42:31> CryAnimation: character-definition not found: objects/characters/human/sdk_player/sdk_player.cdf
<13:42:31> CryAnimation: character-definition not found: objects/characters/human/sdk_player/sdk_player.cdf
<13:42:31> CryAnimation: character-definition not found: objects/characters/human/sdk_player/sdk_player.cdf
<13:42:31> CryAnimation: character-definition not found: objects/characters/human/sdk_player/sdk_player.cdf
<13:42:31> CryAnimation: character-definition not found: objects/characters/human/sdk_player/sdk_player.cdf
<13:42:31> CryAnimation: character-definition not found: objects/characters/human/sdk_player/sdk_player.cdf
<13:42:31> CryAnimation: character-definition not found: objects/characters/human/sdk_player/sdk_player.cdf
<13:42:31> CryAnimation: character-definition not found: objects/characters/human/sdk_player/sdk_player.cdf
<13:42:31> CryAnimation: character-definition not found: objects/characters/human/sdk_player/sdk_player.cdf
<13:42:31> CryAnimation: character-definition not found: objects/characters/human/sdk_player/sdk_player.cdf
<13:42:31> CryAnimation: character-definition not found: objects/characters/human/sdk_player/sdk_player.cdf
<13:42:31> CryAnimation: character-definition not found: objects/characters/human/sdk_player/sdk_player.cdf
<13:42:31> CryAnimation: character-definition not found: objects/characters/human/sdk_player/sdk_player.cdf
<13:42:31> CryAnimation: character-definition not found: objects/characters/human/sdk_player/sdk_player.cdf
<13:42:31> CryAnimation: character-definition not found: objects/characters/human/sdk_player/sdk_player.cdf
<13:42:31> CryAnimation: character-definition not found: objects/characters/human/sdk_player/sdk_player.cdf
<13:42:31> CryAnimation: character-definition not found: objects/characters/human/sdk_player/sdk_player.cdf
<13:42:31> CryAnimation: character-definition not found: objects/characters/human/sdk_player/sdk_player.cdf
<13:42:31> CryAnimation: character-definition not found: objects/characters/human/sdk_player/sdk_player.cdf
<13:42:31> CryAnimation: character-definition not found: objects/characters/human/sdk_player/sdk_player.cdf
<13:42:31> CryAnimation: character-definition not found: objects/characters/human/sdk_player/sdk_player.cdf
<13:42:31> CryAnimation: character-definition not found: objects/characters/human/sdk_player/sdk_player.cdf
<13:42:31> CryAnimation: character-definition not found: objects/characters/human/sdk_player/sdk_player.cdf
<13:42:31> CryAnimation: character-definition not found: objects/characters/human/sdk_player/sdk_player.cdf
<13:42:32> CryAnimation: character-definition not found: objects/characters/human/sdk_player/sdk_player.cdf
<13:42:32> CryAnimation: character-definition not found: objects/characters/human/sdk_player/sdk_player.cdf
<13:42:32> CryAnimation: character-definition not found: objects/characters/human/sdk_player/sdk_player.cdf
<13:42:33> CryAnimation: character-definition not found: objects/characters/human/sdk_player/sdk_player.cdf
<13:42:33> CryAnimation: character-definition not found: objects/characters/human/sdk_player/sdk_player.cdf
<13:42:33> CryAnimation: character-definition not found: objects/characters/human/sdk_player/sdk_player.cdf
<13:42:36> CryAnimation: character-definition not found: objects/characters/human/sdk_player/sdk_player.cdf
<13:42:36> CryAnimation: character-definition not found: objects/characters/human/sdk_player/sdk_player.cdf
<13:42:36> CryAnimation: character-definition not found: objects/characters/human/sdk_player/sdk_player.cdf
<13:42:38> PLAYERNAME Kornflakes
<13:42:39> CryAnimation: character-definition not found: objects/characters/man.cdf
<13:42:39> CryAnimation: character-definition not found: objects/characters/human/sdk_player/sdk_player.cdf
<13:42:39> CryAnimation: character-definition not found: objects/characters/human/sdk_player/sdk_player.cdf
<13:42:39> CryAnimation: character-definition not found: objects/characters/human/sdk_player/sdk_player.cdf
<13:42:41> st_used_prerec_msg 
<13:42:43> ast_used_prerec_msg 
<13:43:22> CryAnimation: character-definition not found: objects/characters/human/sdk_player/sdk_player.cdf
<13:43:22> CryAnimation: character-definition not found: objects/characters/human/sdk_player/sdk_player.cdf
<13:43:22> CryAnimation: character-definition not found: objects/characters/human/sdk_player/sdk_player.cdf
<13:43:24> CryAnimation: character-definition not found: objects/characters/human/sdk_player/sdk_player.cdf
<13:43:24> CryAnimation: character-definition not found: objects/characters/human/sdk_player/sdk_player.cdf
<13:43:24> CryAnimation: character-definition not found: objects/characters/human/sdk_player/sdk_player.cdf
<13:43:53> _used_prerec_msg 
<13:43:56> d_prerec_msg 
<13:44:00> d_prerec_msg 
<13:45:16> CHUDNv::showPickArmorGradient()
<13:45:21> CHUDNv::showPickArmorGradient()
<13:46:17> CHUDNv::showPickArmorGradient()
<13:46:53> CVehicleSeat::NetSetPassengerId c2
<13:46:53> CVehicleSeat::Enter called
<13:47:01> CVehicleSeat::Exit called
<13:47:01> CVehicleSeat::Exit called c2
<13:47:01> ClProcessLeave call
<13:47:40> used_prerec_msg 
<13:48:18> ClReplDropOpen !params.r_openedDr
<13:48:22> st_used_prerec_msg 
<13:48:26> ClReplDropOpen !params.r_openedDr
<13:48:45> d_prerec_msg 
<13:49:20> CGameClientChannel::Release
<13:49:20> gEnv->pRenderer->Draw2dImage XXX
<13:49:22> remapped bone indices with refcount '4294967293' still around for 'zombiemodelnew/conserve_fp_nonmm.skin 0x000001B45BDE75D0
<13:49:22> remapped bone indices with refcount '4294967293' still around for 'objects/zhg_objects/characters/conserve/conserve_head.skin 0x000001B45BDE5370
<13:49:22> remapped bone indices with refcount '4294967286' still around for 'objects/zhg_objects/characters/sets/vanityset/vanityset_torso.skin 0x000001B446722BD0
<13:49:22> remapped bone indices with refcount '4294967286' still around for 'objects/zhg_objects/characters/sets/vanityset/vanityset_torso.skin 0x000001B446722EF0
<13:49:22> remapped bone indices with refcount '4294967286' still around for 'objects/zhg_objects/characters/sets/vanityset/vanityset_torso.skin 0x000001B446724B10
<13:49:22> remapped bone indices with refcount '4294967286' still around for 'objects/zhg_objects/characters/sets/vanityset/vanityset_pants.skin 0x000001B4467228B0
<13:49:22> remapped bone indices with refcount '4294967286' still around for 'objects/zhg_objects/characters/sets/vanityset/vanityset_pants.skin 0x000001B4467247F0
<13:49:22> remapped bone indices with refcount '4294967286' still around for 'objects/zhg_objects/characters/sets/vanityset/vanityset_pants.skin 0x000001B446722590
<13:49:22> remapped bone indices with refcount '4294967286' still around for 'objects/zhg_objects/characters/sets/vanityset/vanityset_head.skin 0x000001B44636AEB0
<13:49:22> remapped bone indices with refcount '4294967286' still around for 'objects/zhg_objects/characters/sets/vanityset/vanityset_head.skin 0x000001B44636A550
<13:49:22> remapped bone indices with refcount '4294967286' still around for 'objects/zhg_objects/characters/sets/vanityset/vanityset_head.skin 0x000001B44636AB90
<13:49:22> remapped bone indices with refcount '4294967286' still around for 'objects/zhg_objects/characters/sets/safetyset/safetyset_head.skin 0x000001B4463695B0
<13:49:22> remapped bone indices with refcount '4294967286' still around for 'objects/zhg_objects/characters/sets/safetyset/safetyset_head.skin 0x000001B44636C7B0
<13:49:22> remapped bone indices with refcount '4294967286' still around for 'objects/zhg_objects/characters/sets/safetyset/safetyset_head.skin 0x000001B44636BE50
<13:49:22> remapped bone indices with refcount '4294967264' still around for 'objects/zhg_objects/characters/sets/rebellionset/rebellionset_torso.skin 0x000001B4463698D0
<13:49:22> remapped bone indices with refcount '4294967264' still around for 'objects/zhg_objects/characters/sets/rebellionset/rebellionset_torso.skin 0x000001B44636B1D0
<13:49:22> remapped bone indices with refcount '4294967264' still around for 'objects/zhg_objects/characters/sets/rebellionset/rebellionset_torso.skin 0x000001B44636BB30
<13:49:22> remapped bone indices with refcount '4294967275' still around for 'objects/zhg_objects/characters/sets/rebellionset/rebellionset_pants.skin 0x000001B44636A870
<13:49:22> remapped bone indices with refcount '4294967275' still around for 'objects/zhg_objects/characters/sets/rebellionset/rebellionset_pants.skin 0x000001B446369290
<13:49:22> remapped bone indices with refcount '4294967275' still around for 'objects/zhg_objects/characters/sets/rebellionset/rebellionset_pants.skin 0x000001B44636CAD0
<13:49:22> remapped bone indices with refcount '4294967286' still around for 'objects/zhg_objects/characters/sets/rebellionset/rebellionset_head.skin 0x000001B44636CDF0
<13:49:22> remapped bone indices with refcount '4294967286' still around for 'objects/zhg_objects/characters/sets/rebellionset/rebellionset_head.skin 0x000001B446369F10
<13:49:22> remapped bone indices with refcount '4294967286' still around for 'objects/zhg_objects/characters/sets/rebellionset/rebellionset_head.skin 0x000001B44636A230
<13:49:22> remapped bone indices with refcount '4294967275' still around for 'objects/zhg_objects/characters/sets/rebellionset/rebelliomset_hands.skin 0x000001B44636B810
<13:49:22> remapped bone indices with refcount '4294967275' still around for 'objects/zhg_objects/characters/sets/rebellionset/rebelliomset_hands.skin 0x000001B44636B4F0
<13:49:22> remapped bone indices with refcount '4294967275' still around for 'objects/zhg_objects/characters/sets/rebellionset/rebelliomset_hands.skin 0x000001B44636C170
<13:49:22> remapped bone indices with refcount '4294967275' still around for 'objects/zhg_objects/characters/sets/rebellionset/rebelliomset_hands.skin 0x000001B446369BF0
<13:49:22> remapped bone indices with refcount '4294967286' still around for 'objects/zhg_objects/characters/sets/loverset/loverset_torso.skin 0x000001B44636C490
<13:49:22> remapped bone indices with refcount '4294967286' still around for 'objects/zhg_objects/characters/sets/loverset/loverset_torso.skin 0x000001B446374C20
<13:49:22> remapped bone indices with refcount '4294967286' still around for 'objects/zhg_objects/characters/sets/loverset/loverset_torso.skin 0x000001B4463742C0
<13:49:22> remapped bone indices with refcount '4294967286' still around for 'objects/zhg_objects/characters/sets/loverset/loverset_head.skin 0x000001B446373FA0
<13:49:22> remapped bone indices with refcount '4294967286' still around for 'objects/zhg_objects/characters/sets/loverset/loverset_head.skin 0x000001B446373C80
<13:49:22> remapped bone indices with refcount '4294967286' still around for 'objects/zhg_objects/characters/sets/loverset/loverset_head.skin 0x000001B446373320
<13:49:22> remapped bone indices with refcount '4294967286' still around for 'objects/zhg_objects/characters/sets/leaderset/leaderset_torso.skin 0x000001B446373960
<13:49:22> remapped bone indices with refcount '4294967286' still around for 'objects/zhg_objects/characters/sets/leaderset/leaderset_torso.skin 0x000001B446376520
<13:49:22> remapped bone indices with refcount '4294967286' still around for 'objects/zhg_objects/characters/sets/leaderset/leaderset_torso.skin 0x000001B4463745E0
<13:49:22> remapped bone indices with refcount '4294967286' still around for 'objects/zhg_objects/characters/sets/leaderset/leaderset_pants.skin 0x000001B446373640
<13:49:22> remapped bone indices with refcount '4294967286' still around for 'objects/zhg_objects/characters/sets/leaderset/leaderset_pants.skin 0x000001B446375EE0
<13:49:22> remapped bone indices with refcount '4294967286' still around for 'objects/zhg_objects/characters/sets/leaderset/leaderset_pants.skin 0x000001B446375BC0
<13:49:22> remapped bone indices with refcount '4294967286' still around for 'objects/zhg_objects/characters/sets/leaderset/leaderset_head.skin 0x000001B446374F40
<13:49:22> remapped bone indices with refcount '4294967286' still around for 'objects/zhg_objects/characters/sets/leaderset/leaderset_head.skin 0x000001B4463758A0
<13:49:22> remapped bone indices with refcount '4294967286' still around for 'objects/zhg_objects/characters/sets/leaderset/leaderset_head.skin 0x000001B446375260
<13:49:22> remapped bone indices with refcount '4294967286' still around for 'objects/zhg_objects/characters/sets/hopefullset/hopefullset_torso.skin 0x000001B446374900
<13:49:22> remapped bone indices with refcount '4294967286' still around for 'objects/zhg_objects/characters/sets/hopefullset/hopefullset_torso.skin 0x000001B446376200
<13:49:22> remapped bone indices with refcount '4294967286' still around for 'objects/zhg_objects/characters/sets/hopefullset/hopefullset_torso.skin 0x000001B446373000
<13:49:22> remapped bone indices with refcount '4294967286' still around for 'objects/zhg_objects/characters/sets/hopefullset/hopefullset_pants.skin 0x000001B446372CE0
<13:49:22> remapped bone indices with refcount '4294967286' still around for 'objects/zhg_objects/characters/sets/hopefullset/hopefullset_pants.skin 0x000001B446375580
<13:49:22> remapped bone indices with refcount '4294967286' still around for 'objects/zhg_objects/characters/sets/hopefullset/hopefullset_pants.skin 0x000001B446376840
<13:49:22> remapped bone indices with refcount '4294967286' still around for 'objects/zhg_objects/characters/sets/hopefullset/hopefullset_head.skin 0x000001B445274CF0
<13:49:22> remapped bone indices with refcount '4294967286' still around for 'objects/zhg_objects/characters/sets/hopefullset/hopefullset_head.skin 0x000001B4452730D0
<13:49:22> remapped bone indices with refcount '4294967286' still around for 'objects/zhg_objects/characters/sets/hopefullset/hopefullset_head.skin 0x000001B445275C90
<13:49:22> remapped bone indices with refcount '4294967286' still around for 'objects/zhg_objects/characters/sets/doubtset/doubtset_head.skin 0x000001B445275970
<13:49:50> CreateDatagramSocket c1
<13:49:52> Game rules class: InstantAction
<13:49:52> ============================ PrepareLevel Multiplayer/Purgatorium_Esc_Cw ============================
<13:49:52> Initializing default materials...
<13:49:57> [MFX] Loading FXLib 'breakables' ...
<13:49:57> [MFX] Loading FXLib 'collisions' ...
<13:49:57> [MFX] Loading FXLib 'foley' ...
<13:49:57> [MFX] Loading FXLib 'foley_grunt' ...
<13:49:57> [MFX] Loading FXLib 'foley_player' ...
<13:49:57> [MFX] Loading FXLib 'footstep_grunt' ...
<13:49:57> [MFX] Loading FXLib 'footstep_player' ...
<13:49:57> [MFX] Loading FXLib 'footsteps' ...
<13:49:57> [MFX] Loading FXLib 'grenade' ...
<13:49:57> [MFX] Loading FXLib 'melee' ...
<13:49:57> [MFX] Loading FXLib 'player_fx' ...
<13:49:57> [MFX] Loading FXLib 'projectiles' ...
<13:49:57> [MFX] Loading FXLib 'tornado' ...
<13:49:57> [MFX] Loading FXLib 'vegetation' ...
<13:49:57> [MFX] Loading FXLib 'vehicles' ...
<13:50:14> CryAnimation: character-definition not found: objects/characters/human/sdk_player/sdk_player.cdf
<13:50:14> CryAnimation: character-definition not found: objects/characters/human/sdk_player/sdk_player.cdf
<13:50:14> CryAnimation: character-definition not found: objects/characters/human/sdk_player/sdk_player.cdf
<13:50:14> CryAnimation: character-definition not found: objects/characters/human/sdk_player/sdk_player.cdf
<13:50:14> CryAnimation: character-definition not found: objects/characters/human/sdk_player/sdk_player.cdf
<13:50:14> CryAnimation: character-definition not found: objects/characters/human/sdk_player/sdk_player.cdf
<13:50:14> CryAnimation: character-definition not found: objects/characters/human/sdk_player/sdk_player.cdf
<13:50:14> CryAnimation: character-definition not found: objects/characters/human/sdk_player/sdk_player.cdf
<13:50:14> CryAnimation: character-definition not found: objects/characters/human/sdk_player/sdk_player.cdf
<13:50:14> CryAnimation: character-definition not found: objects/characters/human/sdk_player/sdk_player.cdf
<13:50:14> CryAnimation: character-definition not found: objects/characters/human/sdk_player/sdk_player.cdf
<13:50:14> CryAnimation: character-definition not found: objects/characters/human/sdk_player/sdk_player.cdf
<13:50:14> CryAnimation: character-definition not found: objects/characters/human/sdk_player/sdk_player.cdf
<13:50:14> CryAnimation: character-definition not found: objects/characters/human/sdk_player/sdk_player.cdf
<13:50:14> CryAnimation: character-definition not found: objects/characters/human/sdk_player/sdk_player.cdf
<13:50:14> CryAnimation: character-definition not found: objects/characters/human/sdk_player/sdk_player.cdf
<13:50:14> CryAnimation: character-definition not found: objects/characters/human/sdk_player/sdk_player.cdf
<13:50:14> CryAnimation: character-definition not found: objects/characters/human/sdk_player/sdk_player.cdf
<13:50:14> CryAnimation: character-definition not found: objects/characters/human/sdk_player/sdk_player.cdf
<13:50:14> CryAnimation: character-definition not found: objects/characters/human/sdk_player/sdk_player.cdf
<13:50:14> CryAnimation: character-definition not found: objects/characters/human/sdk_player/sdk_player.cdf
<13:50:15> CryAnimation: character-definition not found: objects/characters/human/sdk_player/sdk_player.cdf
<13:50:15> CryAnimation: character-definition not found: objects/characters/human/sdk_player/sdk_player.cdf
<13:50:15> CryAnimation: character-definition not found: objects/characters/human/sdk_player/sdk_player.cdf
<13:50:15> CryAnimation: character-definition not found: objects/characters/human/sdk_player/sdk_player.cdf
<13:50:15> CryAnimation: character-definition not found: objects/characters/human/sdk_player/sdk_player.cdf
<13:50:15> CryAnimation: character-definition not found: objects/characters/human/sdk_player/sdk_player.cdf
<13:50:15> CryAnimation: character-definition not found: objects/characters/human/sdk_player/sdk_player.cdf
<13:50:15> CryAnimation: character-definition not found: objects/characters/human/sdk_player/sdk_player.cdf
<13:50:15> CryAnimation: character-definition not found: objects/characters/human/sdk_player/sdk_player.cdf
<13:50:16> CryAnimation: character-definition not found: objects/characters/human/sdk_player/sdk_player.cdf
<13:50:16> CryAnimation: character-definition not found: objects/characters/human/sdk_player/sdk_player.cdf
<13:50:16> CryAnimation: character-definition not found: objects/characters/human/sdk_player/sdk_player.cdf
<13:50:20> CryAnimation: character-definition not found: objects/characters/human/sdk_player/sdk_player.cdf
<13:50:20> CryAnimation: character-definition not found: objects/characters/human/sdk_player/sdk_player.cdf
<13:50:20> CryAnimation: character-definition not found: objects/characters/human/sdk_player/sdk_player.cdf
<13:50:21> PLAYERNAME Kornflakes
<13:50:22> CryAnimation: character-definition not found: objects/characters/man.cdf
<13:50:22> CryAnimation: character-definition not found: objects/characters/human/sdk_player/sdk_player.cdf
<13:50:22> CryAnimation: character-definition not found: objects/characters/human/sdk_player/sdk_player.cdf
<13:50:22> CryAnimation: character-definition not found: objects/characters/human/sdk_player/sdk_player.cdf
<13:50:31> CryAnimation: character-definition not found: objects/characters/human/sdk_player/sdk_player.cdf
<13:50:31> CryAnimation: character-definition not found: objects/characters/human/sdk_player/sdk_player.cdf
<13:50:31> CryAnimation: character-definition not found: objects/characters/human/sdk_player/sdk_player.cdf
<13:51:11> CryAnimation: character-definition not found: objects/characters/human/sdk_player/sdk_player.cdf
<13:51:11> CryAnimation: character-definition not found: objects/characters/human/sdk_player/sdk_player.cdf
<13:51:11> CryAnimation: character-definition not found: objects/characters/human/sdk_player/sdk_player.cdf
<13:51:45> CVehicleSeat::NetSetPassengerId c2
<13:51:45> CVehicleSeat::Enter called
<13:51:59> CVehicleSeat::Exit called
<13:51:59> CVehicleSeat::Exit called c2
<13:51:59> ClProcessLeave call
<13:52:05> CryAnimation: character-definition not found: objects/characters/human/sdk_player/sdk_player.cdf
<13:52:05> CryAnimation: character-definition not found: objects/characters/human/sdk_player/sdk_player.cdf
<13:52:05> CryAnimation: character-definition not found: objects/characters/human/sdk_player/sdk_player.cdf
<13:52:13> CryAnimation: character-definition not found: objects/characters/human/sdk_player/sdk_player.cdf
<13:52:13> CryAnimation: character-definition not found: objects/characters/human/sdk_player/sdk_player.cdf
<13:52:13> CryAnimation: character-definition not found: objects/characters/human/sdk_player/sdk_player.cdf
<13:52:58> used_prerec_msg 
<13:53:26> CryAnimation: character-definition not found: objects/characters/human/sdk_player/sdk_player.cdf
<13:53:26> CryAnimation: character-definition not found: objects/characters/human/sdk_player/sdk_player.cdf
<13:53:26> CryAnimation: character-definition not found: objects/characters/human/sdk_player/sdk_player.cdf
<13:53:39> ast_used_prerec_msg 
<13:53:41> ast_used_prerec_msg 
<13:53:46> sed_prerec_msg 
<13:53:48> sed_prerec_msg 
<13:53:51> sed_prerec_msg 
<13:53:58> sed_prerec_msg 
<13:54:07> ast_used_prerec_msg 
<13:54:38> sed_prerec_msg 
<13:54:47> ast_used_prerec_msg 
<13:54:53> CGameClientChannel::Release
<13:54:53> gEnv->pRenderer->Draw2dImage XXX
<13:54:55> remapped bone indices with refcount '4294967289' still around for 'zombiemodelnew/conserve_fp_nonmm.skin 0x000001B51CFC8450
<13:54:55> remapped bone indices with refcount '4294967289' still around for 'objects/zhg_objects/characters/conserve/conserve_head.skin 0x000001B51CFCB330
<13:54:55> remapped bone indices with refcount '4294967285' still around for 'objects/zhg_objects/characters/sets/vanityset/vanityset_torso.skin 0x000001B51CFCB970
<13:54:55> remapped bone indices with refcount '4294967285' still around for 'objects/zhg_objects/characters/sets/vanityset/vanityset_torso.skin 0x000001B51CFCD270
<13:54:55> remapped bone indices with refcount '4294967285' still around for 'objects/zhg_objects/characters/sets/vanityset/vanityset_torso.skin 0x000001B51CFC8770
<13:54:55> remapped bone indices with refcount '4294967285' still around for 'objects/zhg_objects/characters/sets/vanityset/vanityset_pants.skin 0x000001B51CFC77D0
<13:54:55> remapped bone indices with refcount '4294967285' still around for 'objects/zhg_objects/characters/sets/vanityset/vanityset_pants.skin 0x000001B51CFC7E10
<13:54:55> remapped bone indices with refcount '4294967285' still around for 'objects/zhg_objects/characters/sets/vanityset/vanityset_pants.skin 0x000001B51CFC6E70
<13:54:55> remapped bone indices with refcount '4294967285' still around for 'objects/zhg_objects/characters/sets/vanityset/vanityset_head.skin 0x000001B51CFC9710
<13:54:55> remapped bone indices with refcount '4294967285' still around for 'objects/zhg_objects/characters/sets/vanityset/vanityset_head.skin 0x000001B51CFC7AF0
<13:54:55> remapped bone indices with refcount '4294967285' still around for 'objects/zhg_objects/characters/sets/vanityset/vanityset_head.skin 0x000001B51CFCB010
<13:54:55> remapped bone indices with refcount '4294967285' still around for 'objects/zhg_objects/characters/sets/safetyset/safetyset_head.skin 0x000001B51CFC5570
<13:54:55> remapped bone indices with refcount '4294967285' still around for 'objects/zhg_objects/characters/sets/safetyset/safetyset_head.skin 0x000001B51CFC5250
<13:54:55> remapped bone indices with refcount '4294967285' still around for 'objects/zhg_objects/characters/sets/safetyset/safetyset_head.skin 0x000001B51CFC45D0
<13:54:55> remapped bone indices with refcount '4294967261' still around for 'objects/zhg_objects/characters/sets/rebellionset/rebellionset_torso.skin 0x000001B51CFC4F30
<13:54:55> remapped bone indices with refcount '4294967261' still around for 'objects/zhg_objects/characters/sets/rebellionset/rebellionset_torso.skin 0x000001B51CFC48F0
<13:54:55> remapped bone indices with refcount '4294967261' still around for 'objects/zhg_objects/characters/sets/rebellionset/rebellionset_torso.skin 0x000001B51CFC4C10
<13:54:55> remapped bone indices with refcount '4294967273' still around for 'objects/zhg_objects/characters/sets/rebellionset/rebellionset_pants.skin 0x000001B51CFC42B0
<13:54:55> remapped bone indices with refcount '4294967273' still around for 'objects/zhg_objects/characters/sets/rebellionset/rebellionset_pants.skin 0x000001B51CFC3F90
<13:54:55> remapped bone indices with refcount '4294967273' still around for 'objects/zhg_objects/characters/sets/rebellionset/rebellionset_pants.skin 0x000001B51CFC3C70
<13:54:55> remapped bone indices with refcount '4294967285' still around for 'objects/zhg_objects/characters/sets/rebellionset/rebellionset_head.skin 0x000001B51CFC3310
<13:54:55> remapped bone indices with refcount '4294967285' still around for 'objects/zhg_objects/characters/sets/rebellionset/rebellionset_head.skin 0x000001B51CFC2FF0
<13:54:55> remapped bone indices with refcount '4294967285' still around for 'objects/zhg_objects/characters/sets/rebellionset/rebellionset_head.skin 0x000001B51CFC2CD0
<13:54:55> remapped bone indices with refcount '4294967273' still around for 'objects/zhg_objects/characters/sets/rebellionset/rebelliomset_hands.skin 0x000001B51CFC3950
<13:54:55> remapped bone indices with refcount '4294967273' still around for 'objects/zhg_objects/characters/sets/rebellionset/rebelliomset_hands.skin 0x000001B51CFC29B0
<13:54:55> remapped bone indices with refcount '4294967273' still around for 'objects/zhg_objects/characters/sets/rebellionset/rebelliomset_hands.skin 0x000001B51CFC2690
<13:54:55> remapped bone indices with refcount '4294967273' still around for 'objects/zhg_objects/characters/sets/rebellionset/rebelliomset_hands.skin 0x000001B51CFC1D30
<13:54:55> remapped bone indices with refcount '4294967285' still around for 'objects/zhg_objects/characters/sets/loverset/loverset_torso.skin 0x000001B51CFBBF70
<13:54:55> remapped bone indices with refcount '4294967285' still around for 'objects/zhg_objects/characters/sets/loverset/loverset_torso.skin 0x000001B51CFC1A10
<13:54:55> remapped bone indices with refcount '4294967285' still around for 'objects/zhg_objects/characters/sets/loverset/loverset_torso.skin 0x000001B51CFC3630
<13:54:55> remapped bone indices with refcount '4294967285' still around for 'objects/zhg_objects/characters/sets/loverset/loverset_head.skin 0x000001B51CFC2370
<13:54:55> remapped bone indices with refcount '4294967285' still around for 'objects/zhg_objects/characters/sets/loverset/loverset_head.skin 0x000001B51CFC2050
<13:54:55> remapped bone indices with refcount '4294967285' still around for 'objects/zhg_objects/characters/sets/loverset/loverset_head.skin 0x000001B51CFB9D10
<13:54:55> remapped bone indices with refcount '4294967285' still around for 'objects/zhg_objects/characters/sets/leaderset/leaderset_torso.skin 0x000001B51CFC16F0
<13:54:55> remapped bone indices with refcount '4294967285' still around for 'objects/zhg_objects/characters/sets/leaderset/leaderset_torso.skin 0x000001B51CFC13D0
<13:54:55> remapped bone indices with refcount '4294967285' still around for 'objects/zhg_objects/characters/sets/leaderset/leaderset_torso.skin 0x000001B51CFBE810
<13:54:55> remapped bone indices with refcount '4294967285' still around for 'objects/zhg_objects/characters/sets/leaderset/leaderset_pants.skin 0x000001B51CFC0A70
<13:54:55> remapped bone indices with refcount '4294967285' still around for 'objects/zhg_objects/characters/sets/leaderset/leaderset_pants.skin 0x000001B51CFBA990
<13:54:55> remapped bone indices with refcount '4294967285' still around for 'objects/zhg_objects/characters/sets/leaderset/leaderset_pants.skin 0x000001B51CFBA350
<13:54:55> remapped bone indices with refcount '4294967285' still around for 'objects/zhg_objects/characters/sets/leaderset/leaderset_head.skin 0x000001B51CFBB930
<13:54:55> remapped bone indices with refcount '4294967285' still around for 'objects/zhg_objects/characters/sets/leaderset/leaderset_head.skin 0x000001B51CFB96D0
<13:54:55> remapped bone indices with refcount '4294967285' still around for 'objects/zhg_objects/characters/sets/leaderset/leaderset_head.skin 0x000001B51CFC0750
<13:54:55> remapped bone indices with refcount '4294967285' still around for 'objects/zhg_objects/characters/sets/hopefullset/hopefullset_torso.skin 0x000001B51CFC0110
<13:54:55> remapped bone indices with refcount '4294967285' still around for 'objects/zhg_objects/characters/sets/hopefullset/hopefullset_torso.skin 0x000001B51CFBEB30
<13:54:55> remapped bone indices with refcount '4294967285' still around for 'objects/zhg_objects/characters/sets/hopefullset/hopefullset_torso.skin 0x000001B51CFBCF10
<13:54:55> remapped bone indices with refcount '4294967285' still around for 'objects/zhg_objects/characters/sets/hopefullset/hopefullset_pants.skin 0x000001B51CFBBC50
<13:54:55> remapped bone indices with refcount '4294967285' still around for 'objects/zhg_objects/characters/sets/hopefullset/hopefullset_pants.skin 0x000001B51CFBE4F0
<13:54:55> remapped bone indices with refcount '4294967285' still around for 'objects/zhg_objects/characters/sets/hopefullset/hopefullset_pants.skin 0x000001B51CFBDEB0
<13:54:55> remapped bone indices with refcount '4294967285' still around for 'objects/zhg_objects/characters/sets/hopefullset/hopefullset_head.skin 0x000001B51CFB99F0
<13:54:55> remapped bone indices with refcount '4294967285' still around for 'objects/zhg_objects/characters/sets/hopefullset/hopefullset_head.skin 0x000001B51CFBD550
<13:54:55> remapped bone indices with refcount '4294967285' still around for 'objects/zhg_objects/characters/sets/hopefullset/hopefullset_head.skin 0x000001B51CFC10B0
<13:54:55> remapped bone indices with refcount '4294967285' still around for 'objects/zhg_objects/characters/sets/doubtset/doubtset_head.skin 0x000001B51CFBC8D0
<13:55:45> CreateDatagramSocket c1
<13:55:47> Game rules class: InstantAction
<13:55:47> ============================ PrepareLevel Multiplayer/Purgatorium_Esc_Cw ============================
<13:55:47> Initializing default materials...
<13:55:52> [MFX] Loading FXLib 'breakables' ...
<13:55:52> [MFX] Loading FXLib 'collisions' ...
<13:55:52> [MFX] Loading FXLib 'foley' ...
<13:55:52> [MFX] Loading FXLib 'foley_grunt' ...
<13:55:52> [MFX] Loading FXLib 'foley_player' ...
<13:55:52> [MFX] Loading FXLib 'footstep_grunt' ...
<13:55:52> [MFX] Loading FXLib 'footstep_player' ...
<13:55:52> [MFX] Loading FXLib 'footsteps' ...
<13:55:52> [MFX] Loading FXLib 'grenade' ...
<13:55:52> [MFX] Loading FXLib 'melee' ...
<13:55:52> [MFX] Loading FXLib 'player_fx' ...
<13:55:52> [MFX] Loading FXLib 'projectiles' ...
<13:55:52> [MFX] Loading FXLib 'tornado' ...
<13:55:52> [MFX] Loading FXLib 'vegetation' ...
<13:55:52> [MFX] Loading FXLib 'vehicles' ...
<13:56:10> CryAnimation: character-definition not found: objects/characters/human/sdk_player/sdk_player.cdf
<13:56:10> CryAnimation: character-definition not found: objects/characters/human/sdk_player/sdk_player.cdf
<13:56:10> CryAnimation: character-definition not found: objects/characters/human/sdk_player/sdk_player.cdf
<13:56:10> CryAnimation: character-definition not found: objects/characters/human/sdk_player/sdk_player.cdf
<13:56:10> CryAnimation: character-definition not found: objects/characters/human/sdk_player/sdk_player.cdf
<13:56:10> CryAnimation: character-definition not found: objects/characters/human/sdk_player/sdk_player.cdf
<13:56:10> CryAnimation: character-definition not found: objects/characters/human/sdk_player/sdk_player.cdf
<13:56:10> CryAnimation: character-definition not found: objects/characters/human/sdk_player/sdk_player.cdf
<13:56:10> CryAnimation: character-definition not found: objects/characters/human/sdk_player/sdk_player.cdf
<13:56:10> CryAnimation: character-definition not found: objects/characters/human/sdk_player/sdk_player.cdf
<13:56:10> CryAnimation: character-definition not found: objects/characters/human/sdk_player/sdk_player.cdf
<13:56:10> CryAnimation: character-definition not found: objects/characters/human/sdk_player/sdk_player.cdf
<13:56:10> CryAnimation: character-definition not found: objects/characters/human/sdk_player/sdk_player.cdf
<13:56:10> CryAnimation: character-definition not found: objects/characters/human/sdk_player/sdk_player.cdf
<13:56:10> CryAnimation: character-definition not found: objects/characters/human/sdk_player/sdk_player.cdf
<13:56:10> CryAnimation: character-definition not found: objects/characters/human/sdk_player/sdk_player.cdf
<13:56:10> CryAnimation: character-definition not found: objects/characters/human/sdk_player/sdk_player.cdf
<13:56:10> CryAnimation: character-definition not found: objects/characters/human/sdk_player/sdk_player.cdf
<13:56:10> CryAnimation: character-definition not found: objects/characters/human/sdk_player/sdk_player.cdf
<13:56:10> CryAnimation: character-definition not found: objects/characters/human/sdk_player/sdk_player.cdf
<13:56:10> CryAnimation: character-definition not found: objects/characters/human/sdk_player/sdk_player.cdf
<13:56:10> CryAnimation: character-definition not found: objects/characters/human/sdk_player/sdk_player.cdf
<13:56:10> CryAnimation: character-definition not found: objects/characters/human/sdk_player/sdk_player.cdf
<13:56:10> CryAnimation: character-definition not found: objects/characters/human/sdk_player/sdk_player.cdf
<13:56:10> CryAnimation: character-definition not found: objects/characters/human/sdk_player/sdk_player.cdf
<13:56:10> CryAnimation: character-definition not found: objects/characters/human/sdk_player/sdk_player.cdf
<13:56:10> CryAnimation: character-definition not found: objects/characters/human/sdk_player/sdk_player.cdf
<13:56:10> CryAnimation: character-definition not found: objects/characters/human/sdk_player/sdk_player.cdf
<13:56:10> CryAnimation: character-definition not found: objects/characters/human/sdk_player/sdk_player.cdf
<13:56:10> CryAnimation: character-definition not found: objects/characters/human/sdk_player/sdk_player.cdf
<13:56:10> CryAnimation: character-definition not found: objects/characters/human/sdk_player/sdk_player.cdf
<13:56:10> CryAnimation: character-definition not found: objects/characters/human/sdk_player/sdk_player.cdf
<13:56:10> CryAnimation: character-definition not found: objects/characters/human/sdk_player/sdk_player.cdf
<13:56:12> CryAnimation: character-definition not found: objects/characters/human/sdk_player/sdk_player.cdf
<13:56:12> CryAnimation: character-definition not found: objects/characters/human/sdk_player/sdk_player.cdf
<13:56:12> CryAnimation: character-definition not found: objects/characters/human/sdk_player/sdk_player.cdf
<13:56:14> CryAnimation: character-definition not found: objects/characters/human/sdk_player/sdk_player.cdf
<13:56:14> CryAnimation: character-definition not found: objects/characters/human/sdk_player/sdk_player.cdf
<13:56:14> CryAnimation: character-definition not found: objects/characters/human/sdk_player/sdk_player.cdf
<13:56:17> PLAYERNAME Kornflakes
<13:56:17> CryAnimation: character-definition not found: objects/characters/man.cdf
<13:56:18> CryAnimation: character-definition not found: objects/characters/human/sdk_player/sdk_player.cdf
<13:56:18> CryAnimation: character-definition not found: objects/characters/human/sdk_player/sdk_player.cdf
<13:56:18> CryAnimation: character-definition not found: objects/characters/human/sdk_player/sdk_player.cdf
<13:56:32> CryAnimation: character-definition not found: objects/characters/human/sdk_player/sdk_player.cdf
<13:56:32> CryAnimation: character-definition not found: objects/characters/human/sdk_player/sdk_player.cdf
<13:56:32> CryAnimation: character-definition not found: objects/characters/human/sdk_player/sdk_player.cdf
<13:56:39> CryAnimation: character-definition not found: objects/characters/human/sdk_player/sdk_player.cdf
<13:56:39> CryAnimation: character-definition not found: objects/characters/human/sdk_player/sdk_player.cdf
<13:56:39> CryAnimation: character-definition not found: objects/characters/human/sdk_player/sdk_player.cdf
<13:56:43> CVehicleSeat::NetSetPassengerId c2
<13:56:43> CVehicleSeat::Enter called
<13:57:03> CryAnimation: character-definition not found: objects/characters/human/sdk_player/sdk_player.cdf
<13:57:03> CryAnimation: character-definition not found: objects/characters/human/sdk_player/sdk_player.cdf
<13:57:03> CryAnimation: character-definition not found: objects/characters/human/sdk_player/sdk_player.cdf
<13:57:08> CTrain::SmplPlaySnd train_gts
<13:57:15> CGameClientChannel::Release
<13:57:15> gEnv->pRenderer->Draw2dImage XXX
<13:57:15> CVehicleSeat::Exit called
<13:57:15> CVehicleSeat::Exit called c2
<13:57:17> remapped bone indices with refcount '4294967288' still around for 'zombiemodelnew/conserve_fp_nonmm.skin 0x000001B4A18BED70
<13:57:17> remapped bone indices with refcount '4294967288' still around for 'objects/zhg_objects/characters/conserve/conserve_head.skin 0x000001B4A18BD470
<13:57:17> remapped bone indices with refcount '4294967288' still around for 'objects/zhg_objects/characters/sets/vanityset/vanityset_torso.skin 0x000001B4A18BC7F0
<13:57:17> remapped bone indices with refcount '4294967288' still around for 'objects/zhg_objects/characters/sets/vanityset/vanityset_torso.skin 0x000001B4A18B9910
<13:57:17> remapped bone indices with refcount '4294967288' still around for 'objects/zhg_objects/characters/sets/vanityset/vanityset_torso.skin 0x000001B4A18B92D0
<13:57:17> remapped bone indices with refcount '4294967288' still around for 'objects/zhg_objects/characters/sets/vanityset/vanityset_pants.skin 0x000001B4A18B8FB0
<13:57:17> remapped bone indices with refcount '4294967288' still around for 'objects/zhg_objects/characters/sets/vanityset/vanityset_pants.skin 0x000001B4A18BABD0
<13:57:17> remapped bone indices with refcount '4294967288' still around for 'objects/zhg_objects/characters/sets/vanityset/vanityset_pants.skin 0x000001B4A18BCE30
<13:57:17> remapped bone indices with refcount '4294967288' still around for 'objects/zhg_objects/characters/sets/vanityset/vanityset_head.skin 0x000001B4A18B8330
<13:57:17> remapped bone indices with refcount '4294967288' still around for 'objects/zhg_objects/characters/sets/vanityset/vanityset_head.skin 0x000001B4A18BCB10
<13:57:17> remapped bone indices with refcount '4294967288' still around for 'objects/zhg_objects/characters/sets/vanityset/vanityset_head.skin 0x000001B4A18B8970
<13:57:17> remapped bone indices with refcount '4294967288' still around for 'objects/zhg_objects/characters/sets/safetyset/safetyset_head.skin 0x000001B4A18B5DB0
<13:57:17> remapped bone indices with refcount '4294967288' still around for 'objects/zhg_objects/characters/sets/safetyset/safetyset_head.skin 0x000001B4A18B5450
<13:57:17> remapped bone indices with refcount '4294967288' still around for 'objects/zhg_objects/characters/sets/safetyset/safetyset_head.skin 0x000001B4A18B47D0
<13:57:17> remapped bone indices with refcount '4294967270' still around for 'objects/zhg_objects/characters/sets/rebellionset/rebellionset_torso.skin 0x000001B4A18B5770
<13:57:17> remapped bone indices with refcount '4294967270' still around for 'objects/zhg_objects/characters/sets/rebellionset/rebellionset_torso.skin 0x000001B4A18B4AF0
<13:57:17> remapped bone indices with refcount '4294967270' still around for 'objects/zhg_objects/characters/sets/rebellionset/rebellionset_torso.skin 0x000001B4A18B5130
<13:57:17> remapped bone indices with refcount '4294967279' still around for 'objects/zhg_objects/characters/sets/rebellionset/rebellionset_pants.skin 0x000001B4A18B63F0
<13:57:17> remapped bone indices with refcount '4294967279' still around for 'objects/zhg_objects/characters/sets/rebellionset/rebellionset_pants.skin 0x000001B4A18B6A30
<13:57:17> remapped bone indices with refcount '4294967279' still around for 'objects/zhg_objects/characters/sets/rebellionset/rebellionset_pants.skin 0x000001B4A18B6710
<13:57:17> remapped bone indices with refcount '4294967288' still around for 'objects/zhg_objects/characters/sets/rebellionset/rebellionset_head.skin 0x000001B4A18B44B0
<13:57:17> remapped bone indices with refcount '4294967288' still around for 'objects/zhg_objects/characters/sets/rebellionset/rebellionset_head.skin 0x000001B4A18B4190
<13:57:17> remapped bone indices with refcount '4294967288' still around for 'objects/zhg_objects/characters/sets/rebellionset/rebellionset_head.skin 0x000001B4A18B6D50
<13:57:17> remapped bone indices with refcount '4294967279' still around for 'objects/zhg_objects/characters/sets/rebellionset/rebelliomset_hands.skin 0x000001B4A18B3E70
<13:57:17> remapped bone indices with refcount '4294967279' still around for 'objects/zhg_objects/characters/sets/rebellionset/rebelliomset_hands.skin 0x000001B4A18B60D0
<13:57:17> remapped bone indices with refcount '4294967279' still around for 'objects/zhg_objects/characters/sets/rebellionset/rebelliomset_hands.skin 0x000001B4A18B4E10
<13:57:17> remapped bone indices with refcount '4294967279' still around for 'objects/zhg_objects/characters/sets/rebellionset/rebelliomset_hands.skin 0x000001B4A18B3B50
<13:57:17> remapped bone indices with refcount '4294967288' still around for 'objects/zhg_objects/characters/sets/loverset/loverset_torso.skin 0x000001B4A18B5A90
<13:57:17> remapped bone indices with refcount '4294967288' still around for 'objects/zhg_objects/characters/sets/loverset/loverset_torso.skin 0x000001B4A18B3830
<13:57:17> remapped bone indices with refcount '4294967288' still around for 'objects/zhg_objects/characters/sets/loverset/loverset_torso.skin 0x000001B4A18B3510
<13:57:17> remapped bone indices with refcount '4294967288' still around for 'objects/zhg_objects/characters/sets/loverset/loverset_head.skin 0x000001B4A18AB810
<13:57:17> remapped bone indices with refcount '4294967288' still around for 'objects/zhg_objects/characters/sets/loverset/loverset_head.skin 0x000001B4A18B31F0
<13:57:17> remapped bone indices with refcount '4294967288' still around for 'objects/zhg_objects/characters/sets/loverset/loverset_head.skin 0x000001B4A18ABB30
<13:57:17> remapped bone indices with refcount '4294967288' still around for 'objects/zhg_objects/characters/sets/leaderset/leaderset_torso.skin 0x000001B4A18AD750
<13:57:17> remapped bone indices with refcount '4294967288' still around for 'objects/zhg_objects/characters/sets/leaderset/leaderset_torso.skin 0x000001B4A18B2ED0
<13:57:17> remapped bone indices with refcount '4294967288' still around for 'objects/zhg_objects/characters/sets/leaderset/leaderset_torso.skin 0x000001B4A18AB1D0
<13:57:17> remapped bone indices with refcount '4294967288' still around for 'objects/zhg_objects/characters/sets/leaderset/leaderset_pants.skin 0x000001B4A18B2BB0
<13:57:17> remapped bone indices with refcount '4294967288' still around for 'objects/zhg_objects/characters/sets/leaderset/leaderset_pants.skin 0x000001B4A18B0630
<13:57:17> remapped bone indices with refcount '4294967288' still around for 'objects/zhg_objects/characters/sets/leaderset/leaderset_pants.skin 0x000001B4A18B2890
<13:57:17> remapped bone indices with refcount '4294967288' still around for 'objects/zhg_objects/characters/sets/leaderset/leaderset_head.skin 0x000001B4A18B18F0
<13:57:17> remapped bone indices with refcount '4294967288' still around for 'objects/zhg_objects/characters/sets/leaderset/leaderset_head.skin 0x000001B4A18AF690
<13:57:17> remapped bone indices with refcount '4294967288' still around for 'objects/zhg_objects/characters/sets/leaderset/leaderset_head.skin 0x000001B4A18AF050
<13:57:17> remapped bone indices with refcount '4294967288' still around for 'objects/zhg_objects/characters/sets/hopefullset/hopefullset_torso.skin 0x000001B4A18AE3D0
<13:57:17> remapped bone indices with refcount '4294967288' still around for 'objects/zhg_objects/characters/sets/hopefullset/hopefullset_torso.skin 0x000001B4A18ABE50
<13:57:17> remapped bone indices with refcount '4294967288' still around for 'objects/zhg_objects/characters/sets/hopefullset/hopefullset_torso.skin 0x000001B4A18AF370
<13:57:17> remapped bone indices with refcount '4294967288' still around for 'objects/zhg_objects/characters/sets/hopefullset/hopefullset_pants.skin 0x000001B4A18AD430
<13:57:17> remapped bone indices with refcount '4294967288' still around for 'objects/zhg_objects/characters/sets/hopefullset/hopefullset_pants.skin 0x000001B4A18AAB90
<13:57:17> remapped bone indices with refcount '4294967288' still around for 'objects/zhg_objects/characters/sets/hopefullset/hopefullset_pants.skin 0x000001B4A18B2570
<13:57:17> remapped bone indices with refcount '4294967288' still around for 'objects/zhg_objects/characters/sets/hopefullset/hopefullset_head.skin 0x000001B4A18AED30
<13:57:17> remapped bone indices with refcount '4294967288' still around for 'objects/zhg_objects/characters/sets/hopefullset/hopefullset_head.skin 0x000001B4A18B2250
<13:57:17> remapped bone indices with refcount '4294967288' still around for 'objects/zhg_objects/characters/sets/hopefullset/hopefullset_head.skin 0x000001B4A18AEA10
<13:57:17> remapped bone indices with refcount '4294967288' still around for 'objects/zhg_objects/characters/sets/doubtset/doubtset_head.skin 0x000001B4A18AD110
<13:57:25> CreateDatagramSocket c1
<13:57:29> Game rules class: InstantAction
<13:57:29> ============================ PrepareLevel Multiplayer/Purgatorium_Esc_Cw ============================
<13:57:29> Initializing default materials...
<13:57:34> [MFX] Loading FXLib 'breakables' ...
<13:57:34> [MFX] Loading FXLib 'collisions' ...
<13:57:34> [MFX] Loading FXLib 'foley' ...
<13:57:34> [MFX] Loading FXLib 'foley_grunt' ...
<13:57:34> [MFX] Loading FXLib 'foley_player' ...
<13:57:34> [MFX] Loading FXLib 'footstep_grunt' ...
<13:57:34> [MFX] Loading FXLib 'footstep_player' ...
<13:57:34> [MFX] Loading FXLib 'footsteps' ...
<13:57:34> [MFX] Loading FXLib 'grenade' ...
<13:57:34> [MFX] Loading FXLib 'melee' ...
<13:57:34> [MFX] Loading FXLib 'player_fx' ...
<13:57:34> [MFX] Loading FXLib 'projectiles' ...
<13:57:34> [MFX] Loading FXLib 'tornado' ...
<13:57:34> [MFX] Loading FXLib 'vegetation' ...
<13:57:34> [MFX] Loading FXLib 'vehicles' ...
<13:58:30> gEnv->pRenderer->Draw2dImage XXX
<13:58:41> CreateDatagramSocket c1
<13:58:43> Game rules class: InstantAction
<13:58:43> ============================ PrepareLevel Multiplayer/Purgatorium_Esc ============================
<13:58:43> Initializing default materials...
<13:58:48> [MFX] Loading FXLib 'breakables' ...
<13:58:48> [MFX] Loading FXLib 'collisions' ...
<13:58:48> [MFX] Loading FXLib 'foley' ...
<13:58:48> [MFX] Loading FXLib 'foley_grunt' ...
<13:58:48> [MFX] Loading FXLib 'foley_player' ...
<13:58:48> [MFX] Loading FXLib 'footstep_grunt' ...
<13:58:48> [MFX] Loading FXLib 'footstep_player' ...
<13:58:48> [MFX] Loading FXLib 'footsteps' ...
<13:58:48> [MFX] Loading FXLib 'grenade' ...
<13:58:48> [MFX] Loading FXLib 'melee' ...
<13:58:48> [MFX] Loading FXLib 'player_fx' ...
<13:58:48> [MFX] Loading FXLib 'projectiles' ...
<13:58:48> [MFX] Loading FXLib 'tornado' ...
<13:58:48> [MFX] Loading FXLib 'vegetation' ...
<13:58:48> [MFX] Loading FXLib 'vehicles' ...
<13:59:05> CryAnimation: character-definition not found: objects/characters/human/sdk_player/sdk_player.cdf
<13:59:05> CryAnimation: character-definition not found: objects/characters/human/sdk_player/sdk_player.cdf
<13:59:05> CryAnimation: character-definition not found: objects/characters/human/sdk_player/sdk_player.cdf
<13:59:05> CryAnimation: character-definition not found: objects/characters/human/sdk_player/sdk_player.cdf
<13:59:05> CryAnimation: character-definition not found: objects/characters/human/sdk_player/sdk_player.cdf
<13:59:05> CryAnimation: character-definition not found: objects/characters/human/sdk_player/sdk_player.cdf
<13:59:05> CryAnimation: character-definition not found: objects/characters/human/sdk_player/sdk_player.cdf
<13:59:05> CryAnimation: character-definition not found: objects/characters/human/sdk_player/sdk_player.cdf
<13:59:05> CryAnimation: character-definition not found: objects/characters/human/sdk_player/sdk_player.cdf
<13:59:05> CryAnimation: character-definition not found: objects/characters/human/sdk_player/sdk_player.cdf
<13:59:05> CryAnimation: character-definition not found: objects/characters/human/sdk_player/sdk_player.cdf
<13:59:05> CryAnimation: character-definition not found: objects/characters/human/sdk_player/sdk_player.cdf
<13:59:05> CryAnimation: character-definition not found: objects/characters/human/sdk_player/sdk_player.cdf
<13:59:05> CryAnimation: character-definition not found: objects/characters/human/sdk_player/sdk_player.cdf
<13:59:05> CryAnimation: character-definition not found: objects/characters/human/sdk_player/sdk_player.cdf
<13:59:05> CryAnimation: character-definition not found: objects/characters/human/sdk_player/sdk_player.cdf
<13:59:05> CryAnimation: character-definition not found: objects/characters/human/sdk_player/sdk_player.cdf
<13:59:05> CryAnimation: character-definition not found: objects/characters/human/sdk_player/sdk_player.cdf
<13:59:05> CryAnimation: character-definition not found: objects/characters/human/sdk_player/sdk_player.cdf
<13:59:05> CryAnimation: character-definition not found: objects/characters/human/sdk_player/sdk_player.cdf
<13:59:05> CryAnimation: character-definition not found: objects/characters/human/sdk_player/sdk_player.cdf
<13:59:05> CryAnimation: character-definition not found: objects/characters/human/sdk_player/sdk_player.cdf
<13:59:05> CryAnimation: character-definition not found: objects/characters/human/sdk_player/sdk_player.cdf
<13:59:05> CryAnimation: character-definition not found: objects/characters/human/sdk_player/sdk_player.cdf
<13:59:05> CryAnimation: character-definition not found: objects/characters/human/sdk_player/sdk_player.cdf
<13:59:05> CryAnimation: character-definition not found: objects/characters/human/sdk_player/sdk_player.cdf
<13:59:05> CryAnimation: character-definition not found: objects/characters/human/sdk_player/sdk_player.cdf
<13:59:08> CryAnimation: character-definition not found: objects/characters/human/sdk_player/sdk_player.cdf
<13:59:08> CryAnimation: character-definition not found: objects/characters/human/sdk_player/sdk_player.cdf
<13:59:08> CryAnimation: character-definition not found: objects/characters/human/sdk_player/sdk_player.cdf
<13:59:10> PLAYERNAME Kornflakes
<13:59:10> CryAnimation: character-definition not found: objects/characters/man.cdf
<13:59:11> CryAnimation: character-definition not found: objects/characters/human/sdk_player/sdk_player.cdf
<13:59:11> CryAnimation: character-definition not found: objects/characters/human/sdk_player/sdk_player.cdf
<13:59:11> CryAnimation: character-definition not found: objects/characters/human/sdk_player/sdk_player.cdf
<13:59:34> CryAnimation: character-definition not found: objects/characters/human/sdk_player/sdk_player.cdf
<13:59:34> CryAnimation: character-definition not found: objects/characters/human/sdk_player/sdk_player.cdf
<13:59:34> CryAnimation: character-definition not found: objects/characters/human/sdk_player/sdk_player.cdf
<13:59:54> CryAnimation: character-definition not found: objects/characters/human/sdk_player/sdk_player.cdf
<13:59:54> CryAnimation: character-definition not found: objects/characters/human/sdk_player/sdk_player.cdf
<13:59:54> CryAnimation: character-definition not found: objects/characters/human/sdk_player/sdk_player.cdf
<14:00:44> CryAnimation: character-definition not found: objects/characters/human/sdk_player/sdk_player.cdf
<14:00:44> CryAnimation: character-definition not found: objects/characters/human/sdk_player/sdk_player.cdf
<14:00:44> CryAnimation: character-definition not found: objects/characters/human/sdk_player/sdk_player.cdf
<14:01:06> ed_prerec_msg 
<14:01:20> ast_used_prerec_msg 
<14:01:22> d_prerec_msg 
<14:01:38> ast_used_prerec_msg 
<14:01:39> ast_used_prerec_msg 
<14:02:54> ast_used_prerec_msg 
<14:03:19> ast_used_prerec_msg 
<14:03:44> ed_prerec_msg 
<14:03:45> used_prerec_msg 
<14:03:47> st_used_prerec_msg 
<14:04:08> CVehicleSeat::NetSetPassengerId c2
<14:04:08> CVehicleSeat::Enter called
<14:04:09> CVehicle::OnAction eVAI_Exit
<14:04:09> CVehicleSeat::Exit called
<14:04:09> CVehicleSeat::Exit called c2
<14:04:09> ClProcessLeave call
<14:04:14> CVehicleSeat::NetSetPassengerId c2
<14:04:14> CVehicleSeat::Enter called
<14:04:15> CVehicle::OnAction eVAI_Exit
<14:04:15> CVehicleSeat::Exit called
<14:04:15> CVehicleSeat::Exit called c2
<14:04:15> ClProcessLeave call
<14:04:25> CVehicleSeat::NetSetPassengerId c2
<14:04:25> CVehicleSeat::Enter called
<14:04:27> CVehicle::OnAction eVAI_Exit
<14:04:28> CVehicleSeat::Exit called
<14:04:28> CVehicleSeat::Exit called c2
<14:04:28> ClProcessLeave call
<14:04:33> CVehicleSeat::NetSetPassengerId c2
<14:04:33> CVehicleSeat::Enter called
<14:04:34> CVehicle::OnAction eVAI_Exit
<14:04:35> CVehicleSeat::Exit called
<14:04:35> CVehicleSeat::Exit called c2
<14:04:35> ClProcessLeave call
<14:04:38> CVehicleSeat::NetSetPassengerId c2
<14:04:38> CVehicleSeat::Enter called
<14:04:38> CVehicle::OnAction eVAI_Exit
<14:04:39> CVehicleSeat::Exit called
<14:04:39> CVehicleSeat::Exit called c2
<14:04:39> ClProcessLeave call
<14:04:43> CVehicleSeat::NetSetPassengerId c2
<14:04:43> CVehicleSeat::Enter called
<14:04:43> CVehicle::OnAction eVAI_Exit
<14:04:44> CVehicleSeat::Exit called
<14:04:44> CVehicleSeat::Exit called c2
<14:04:44> ClProcessLeave call
<14:04:46> CGameClientChannel::Release
<14:04:46> gEnv->pRenderer->Draw2dImage XXX
<14:04:48> remapped bone indices with refcount '4294967291' still around for 'zombiemodelnew/conserve_fp_nonmm.skin 0x000001B4A18A98D0
<14:04:48> remapped bone indices with refcount '4294967291' still around for 'objects/zhg_objects/characters/conserve/conserve_head.skin 0x000001B4A18A95B0
<14:04:48> remapped bone indices with refcount '4294967293' still around for 'objects/zhg_objects/characters/sets/vanityset/vanityset_torso.skin 0x000001B4A189E6B0
<14:04:48> remapped bone indices with refcount '4294967293' still around for 'objects/zhg_objects/characters/sets/vanityset/vanityset_torso.skin 0x000001B4A189E390
<14:04:48> remapped bone indices with refcount '4294967293' still around for 'objects/zhg_objects/characters/sets/vanityset/vanityset_torso.skin 0x000001B4A18A18B0
<14:04:48> remapped bone indices with refcount '4294967293' still around for 'objects/zhg_objects/characters/sets/vanityset/vanityset_pants.skin 0x000001B4A18A6090
<14:04:48> remapped bone indices with refcount '4294967293' still around for 'objects/zhg_objects/characters/sets/vanityset/vanityset_pants.skin 0x000001B4A18A5D70
<14:04:48> remapped bone indices with refcount '4294967293' still around for 'objects/zhg_objects/characters/sets/vanityset/vanityset_pants.skin 0x000001B4A18A05F0
<14:04:48> remapped bone indices with refcount '4294967293' still around for 'objects/zhg_objects/characters/sets/vanityset/vanityset_head.skin 0x000001B4A18A37F0
<14:04:48> remapped bone indices with refcount '4294967293' still around for 'objects/zhg_objects/characters/sets/vanityset/vanityset_head.skin 0x000001B4A189E070
<14:04:48> remapped bone indices with refcount '4294967293' still around for 'objects/zhg_objects/characters/sets/vanityset/vanityset_head.skin 0x000001B4A18A31B0
<14:04:48> remapped bone indices with refcount '4294967293' still around for 'objects/zhg_objects/characters/sets/safetyset/safetyset_head.skin 0x000001B4A18A5A50
<14:04:48> remapped bone indices with refcount '4294967293' still around for 'objects/zhg_objects/characters/sets/safetyset/safetyset_head.skin 0x000001B4A18A02D0
<14:04:48> remapped bone indices with refcount '4294967293' still around for 'objects/zhg_objects/characters/sets/safetyset/safetyset_head.skin 0x000001B4A18A2E90
<14:04:48> remapped bone indices with refcount '4294967285' still around for 'objects/zhg_objects/characters/sets/rebellionset/rebellionset_torso.skin 0x000001B4A18A5410
<14:04:48> remapped bone indices with refcount '4294967285' still around for 'objects/zhg_objects/characters/sets/rebellionset/rebellionset_torso.skin 0x000001B4A18A3B10
<14:04:48> remapped bone indices with refcount '4294967285' still around for 'objects/zhg_objects/characters/sets/rebellionset/rebellionset_torso.skin 0x000001B4A18A5730
<14:04:48> remapped bone indices with refcount '4294967289' still around for 'objects/zhg_objects/characters/sets/rebellionset/rebellionset_pants.skin 0x000001B4A18A50F0
<14:04:48> remapped bone indices with refcount '4294967289' still around for 'objects/zhg_objects/characters/sets/rebellionset/rebellionset_pants.skin 0x000001B4A189F010
<14:04:48> remapped bone indices with refcount '4294967289' still around for 'objects/zhg_objects/characters/sets/rebellionset/rebellionset_pants.skin 0x000001B4A18A4470
<14:04:48> remapped bone indices with refcount '4294967293' still around for 'objects/zhg_objects/characters/sets/rebellionset/rebellionset_head.skin 0x000001B4A189E9D0
<14:04:48> remapped bone indices with refcount '4294967293' still around for 'objects/zhg_objects/characters/sets/rebellionset/rebellionset_head.skin 0x000001B4A18A2530
<14:04:48> remapped bone indices with refcount '4294967293' still around for 'objects/zhg_objects/characters/sets/rebellionset/rebellionset_head.skin 0x000001B4A18A4DD0
<14:04:48> remapped bone indices with refcount '4294967289' still around for 'objects/zhg_objects/characters/sets/rebellionset/rebelliomset_hands.skin 0x000001B4A18A4150
<14:04:48> remapped bone indices with refcount '4294967289' still around for 'objects/zhg_objects/characters/sets/rebellionset/rebelliomset_hands.skin 0x000001B4A18A4790
<14:04:48> remapped bone indices with refcount '4294967289' still around for 'objects/zhg_objects/characters/sets/rebellionset/rebelliomset_hands.skin 0x000001B4A18A4AB0
<14:04:48> remapped bone indices with refcount '4294967289' still around for 'objects/zhg_objects/characters/sets/rebellionset/rebelliomset_hands.skin 0x000001B4A189ECF0
<14:04:48> remapped bone indices with refcount '4294967293' still around for 'objects/zhg_objects/characters/sets/loverset/loverset_torso.skin 0x000001B4A189FFB0
<14:04:48> remapped bone indices with refcount '4294967293' still around for 'objects/zhg_objects/characters/sets/loverset/loverset_torso.skin 0x000001B4A18A2210
<14:04:48> remapped bone indices with refcount '4294967293' still around for 'objects/zhg_objects/characters/sets/loverset/loverset_torso.skin 0x000001B4A18A1270
<14:04:48> remapped bone indices with refcount '4294967293' still around for 'objects/zhg_objects/characters/sets/loverset/loverset_head.skin 0x000001B4A189F970
<14:04:48> remapped bone indices with refcount '4294967293' still around for 'objects/zhg_objects/characters/sets/loverset/loverset_head.skin 0x000001B4A18A0F50
<14:04:48> remapped bone indices with refcount '4294967293' still around for 'objects/zhg_objects/characters/sets/loverset/loverset_head.skin 0x000001B4A189FC90
<14:04:48> remapped bone indices with refcount '4294967293' still around for 'objects/zhg_objects/characters/sets/leaderset/leaderset_torso.skin 0x000001B4A18A1590
<14:04:48> remapped bone indices with refcount '4294967293' still around for 'objects/zhg_objects/characters/sets/leaderset/leaderset_torso.skin 0x000001B4A18A1BD0
<14:04:48> remapped bone indices with refcount '4294967293' still around for 'objects/zhg_objects/characters/sets/leaderset/leaderset_torso.skin 0x000001B4A18A2B70
<14:04:48> remapped bone indices with refcount '4294967293' still around for 'objects/zhg_objects/characters/sets/leaderset/leaderset_pants.skin 0x000001B4A18A3E30
<14:04:48> remapped bone indices with refcount '4294967293' still around for 'objects/zhg_objects/characters/sets/leaderset/leaderset_pants.skin 0x000001B4A18A0C30
<14:04:48> remapped bone indices with refcount '4294967293' still around for 'objects/zhg_objects/characters/sets/leaderset/leaderset_pants.skin 0x000001B4A189F330
<14:04:48> remapped bone indices with refcount '4294967293' still around for 'objects/zhg_objects/characters/sets/leaderset/leaderset_head.skin 0x000001B4A189F650
<14:04:48> remapped bone indices with refcount '4294967293' still around for 'objects/zhg_objects/characters/sets/leaderset/leaderset_head.skin 0x000001B4A18A34D0
<14:04:48> remapped bone indices with refcount '4294967293' still around for 'objects/zhg_objects/characters/sets/leaderset/leaderset_head.skin 0x000001B4A189DD50
<14:04:48> remapped bone indices with refcount '4294967293' still around for 'objects/zhg_objects/characters/sets/hopefullset/hopefullset_torso.skin 0x000001B4A189DA30
<14:04:48> remapped bone indices with refcount '4294967293' still around for 'objects/zhg_objects/characters/sets/hopefullset/hopefullset_torso.skin 0x000001B4A189D710
<14:04:48> remapped bone indices with refcount '4294967293' still around for 'objects/zhg_objects/characters/sets/hopefullset/hopefullset_torso.skin 0x000001B4A189C770
<14:04:48> remapped bone indices with refcount '4294967293' still around for 'objects/zhg_objects/characters/sets/hopefullset/hopefullset_pants.skin 0x000001B4A189D0D0
<14:04:48> remapped bone indices with refcount '4294967293' still around for 'objects/zhg_objects/characters/sets/hopefullset/hopefullset_pants.skin 0x000001B4A189CDB0
<14:04:48> remapped bone indices with refcount '4294967293' still around for 'objects/zhg_objects/characters/sets/hopefullset/hopefullset_pants.skin 0x000001B4A189CA90
<14:04:48> remapped bone indices with refcount '4294967293' still around for 'objects/zhg_objects/characters/sets/hopefullset/hopefullset_head.skin 0x000001B4A189C450
<14:04:48> remapped bone indices with refcount '4294967293' still around for 'objects/zhg_objects/characters/sets/hopefullset/hopefullset_head.skin 0x000001B4A189C130
<14:04:48> remapped bone indices with refcount '4294967293' still around for 'objects/zhg_objects/characters/sets/hopefullset/hopefullset_head.skin 0x000001B4A189BE10
<14:04:48> remapped bone indices with refcount '4294967293' still around for 'objects/zhg_objects/characters/sets/doubtset/doubtset_head.skin 0x000001B4A189BAF0
<14:05:20> Iterator 0
<14:05:20> Size 30
<14:05:20> Iterator 1
<14:05:20> Size 30
<14:05:20> Iterator 2
<14:05:20> Size 30
<14:05:20> Iterator 3
<14:05:20> Size 30
<14:05:20> Iterator 4
<14:05:20> Size 30
<14:05:20> Iterator 5
<14:05:20> Size 30
<14:05:20> Iterator 6
<14:05:20> Size 30
<14:05:20> Iterator 7
<14:05:20> Size 30
<14:05:20> Iterator 8
<14:05:20> Size 30
<14:05:20> Iterator 9
<14:05:20> Size 30
<14:05:20> Iterator 10
<14:05:20> Size 30
<14:05:20> Iterator 11
<14:05:20> Size 30
<14:05:20> Iterator 12
<14:05:20> Size 30
<14:05:20> Iterator 13
<14:05:20> Size 30
<14:05:20> Iterator 14
<14:05:20> Size 30
<14:05:20> Iterator 15
<14:05:20> Size 30
<14:05:20> Iterator 16
<14:05:20> Size 30
<14:05:20> Iterator 17
<14:05:20> Size 30
<14:05:20> Iterator 18
<14:05:20> Size 30
<14:05:20> Iterator 19
<14:05:20> Size 30
<14:05:20> Iterator 20
<14:05:20> Size 30
<14:05:20> Iterator 21
<14:05:20> Size 30
<14:05:20> Iterator 22
<14:05:20> Size 30
<14:05:20> Iterator 23
<14:05:20> Size 30
<14:05:20> Iterator 24
<14:05:20> Size 30
<14:05:21> Iterator 25
<14:05:21> Size 30
<14:05:21> Iterator 26
<14:05:21> Size 30
<14:05:21> Iterator 27
<14:05:21> Size 30
<14:05:21> Iterator 28
<14:05:21> Size 30
<14:05:21> Iterator 29
<14:05:21> Size 30
<14:05:21> playerName Kornflakes
<14:05:21> Iterator 30
<14:05:21> Size 30
<14:05:30> CreateDatagramSocket c1
<14:05:32> Game rules class: InstantAction
<14:05:32> ============================ PrepareLevel Multiplayer/Purgatorium_Esc_Cw ============================
<14:05:32> Initializing default materials...
<14:05:37> [MFX] Loading FXLib 'breakables' ...
<14:05:37> [MFX] Loading FXLib 'collisions' ...
<14:05:37> [MFX] Loading FXLib 'foley' ...
<14:05:37> [MFX] Loading FXLib 'foley_grunt' ...
<14:05:37> [MFX] Loading FXLib 'foley_player' ...
<14:05:37> [MFX] Loading FXLib 'footstep_grunt' ...
<14:05:37> [MFX] Loading FXLib 'footstep_player' ...
<14:05:37> [MFX] Loading FXLib 'footsteps' ...
<14:05:37> [MFX] Loading FXLib 'grenade' ...
<14:05:37> [MFX] Loading FXLib 'melee' ...
<14:05:37> [MFX] Loading FXLib 'player_fx' ...
<14:05:37> [MFX] Loading FXLib 'projectiles' ...
<14:05:37> [MFX] Loading FXLib 'tornado' ...
<14:05:37> [MFX] Loading FXLib 'vegetation' ...
<14:05:37> [MFX] Loading FXLib 'vehicles' ...
<14:05:54> CryAnimation: character-definition not found: objects/characters/human/sdk_player/sdk_player.cdf
<14:05:54> CryAnimation: character-definition not found: objects/characters/human/sdk_player/sdk_player.cdf
<14:05:54> CryAnimation: character-definition not found: objects/characters/human/sdk_player/sdk_player.cdf
<14:05:54> CryAnimation: character-definition not found: objects/characters/human/sdk_player/sdk_player.cdf
<14:05:54> CryAnimation: character-definition not found: objects/characters/human/sdk_player/sdk_player.cdf
<14:05:54> CryAnimation: character-definition not found: objects/characters/human/sdk_player/sdk_player.cdf
<14:05:54> CryAnimation: character-definition not found: objects/characters/human/sdk_player/sdk_player.cdf
<14:05:54> CryAnimation: character-definition not found: objects/characters/human/sdk_player/sdk_player.cdf
<14:05:54> CryAnimation: character-definition not found: objects/characters/human/sdk_player/sdk_player.cdf
<14:05:54> CryAnimation: character-definition not found: objects/characters/human/sdk_player/sdk_player.cdf
<14:05:54> CryAnimation: character-definition not found: objects/characters/human/sdk_player/sdk_player.cdf
<14:05:54> CryAnimation: character-definition not found: objects/characters/human/sdk_player/sdk_player.cdf
<14:05:54> CryAnimation: character-definition not found: objects/characters/human/sdk_player/sdk_player.cdf
<14:05:54> CryAnimation: character-definition not found: objects/characters/human/sdk_player/sdk_player.cdf
<14:05:54> CryAnimation: character-definition not found: objects/characters/human/sdk_player/sdk_player.cdf
<14:05:54> CryAnimation: character-definition not found: objects/characters/human/sdk_player/sdk_player.cdf
<14:05:54> CryAnimation: character-definition not found: objects/characters/human/sdk_player/sdk_player.cdf
<14:05:54> CryAnimation: character-definition not found: objects/characters/human/sdk_player/sdk_player.cdf
<14:05:55> CryAnimation: character-definition not found: objects/characters/human/sdk_player/sdk_player.cdf
<14:05:55> CryAnimation: character-definition not found: objects/characters/human/sdk_player/sdk_player.cdf
<14:05:55> CryAnimation: character-definition not found: objects/characters/human/sdk_player/sdk_player.cdf
<14:05:55> CryAnimation: character-definition not found: objects/characters/human/sdk_player/sdk_player.cdf
<14:05:55> CryAnimation: character-definition not found: objects/characters/human/sdk_player/sdk_player.cdf
<14:05:55> CryAnimation: character-definition not found: objects/characters/human/sdk_player/sdk_player.cdf
<14:05:55> CryAnimation: character-definition not found: objects/characters/human/sdk_player/sdk_player.cdf
<14:05:55> CryAnimation: character-definition not found: objects/characters/human/sdk_player/sdk_player.cdf
<14:05:55> CryAnimation: character-definition not found: objects/characters/human/sdk_player/sdk_player.cdf
<14:05:55> CryAnimation: character-definition not found: objects/characters/human/sdk_player/sdk_player.cdf
<14:05:55> CryAnimation: character-definition not found: objects/characters/human/sdk_player/sdk_player.cdf
<14:05:55> CryAnimation: character-definition not found: objects/characters/human/sdk_player/sdk_player.cdf
<14:05:55> CryAnimation: character-definition not found: objects/characters/human/sdk_player/sdk_player.cdf
<14:05:55> CryAnimation: character-definition not found: objects/characters/human/sdk_player/sdk_player.cdf
<14:05:55> CryAnimation: character-definition not found: objects/characters/human/sdk_player/sdk_player.cdf
<14:05:56> CryAnimation: character-definition not found: objects/characters/human/sdk_player/sdk_player.cdf
<14:05:56> CryAnimation: character-definition not found: objects/characters/human/sdk_player/sdk_player.cdf
<14:05:56> CryAnimation: character-definition not found: objects/characters/human/sdk_player/sdk_player.cdf
<14:06:01> BaseInput - Shutting down all force feedback
<14:06:01> ActionGame - Shutting down all force feedback
<14:06:01> gEnv->pRenderer->Draw2dImage XXX
<14:06:04> CNetSyncSystem::~CNetSyncSystem & Crush?! packets_temp_bf(temp packet data buffs)
