BackupNameAttachment=" Build(0) 07 Jul 21 (15 26 45)"  -- used by backup system
Log Started at Wed Jul  7 15:26:45 2021
Built on Oct 13 2019 19:15:33
Running 64 bit Windows version
Command Line: "D:\Games\Steam\steamapps\common\Pandemic Express\Bin/win_x64/PandemicExpress.exe"
Executable: D:\Games\Steam\steamapps\common\Pandemic Express\Bin\win_x64\PandemicExpress.exe
FileVersion: 1.0.0.0
ProductVersion: 1.0.0.0
Added MOD directory <%engineroot%/engine> to CryPak

Total number of logical processors: 12
Number of available logical processors: 12
Total number of system cores: 6
Number of cores available to process: 6
 
Processor 0:
  CPU: AMD AMD Ryzen 5 3600 6-Core Processor              
  Family: 15, Model: 1, Stepping: 0
  FPU: On-Chip
  Features: FP16, SSE, SSE2, SSE3, SSE4.2, AVX, AVX2, FMA3
  Serial number not present or disabled
 
Processor 1:
  CPU: AMD AMD Ryzen 5 3600 6-Core Processor              
  Family: 15, Model: 1, Stepping: 0
  FPU: On-Chip
  Features: FP16, SSE, SSE2, SSE3, SSE4.2, AVX, AVX2, FMA3
  Serial number not present or disabled
 
Processor 2:
  CPU: AMD AMD Ryzen 5 3600 6-Core Processor              
  Family: 15, Model: 1, Stepping: 0
  FPU: On-Chip
  Features: FP16, SSE, SSE2, SSE3, SSE4.2, AVX, AVX2, FMA3
  Serial number not present or disabled
 
Processor 3:
  CPU: AMD AMD Ryzen 5 3600 6-Core Processor              
  Family: 15, Model: 1, Stepping: 0
  FPU: On-Chip
  Features: FP16, SSE, SSE2, SSE3, SSE4.2, AVX, AVX2, FMA3
  Serial number not present or disabled
 
Processor 4:
  CPU: AMD AMD Ryzen 5 3600 6-Core Processor              
  Family: 15, Model: 1, Stepping: 0
  FPU: On-Chip
  Features: FP16, SSE, SSE2, SSE3, SSE4.2, AVX, AVX2, FMA3
  Serial number not present or disabled
 
Processor 5:
  CPU: AMD AMD Ryzen 5 3600 6-Core Processor              
  Family: 15, Model: 1, Stepping: 0
  FPU: On-Chip
  Features: FP16, SSE, SSE2, SSE3, SSE4.2, AVX, AVX2, FMA3
  Serial number not present or disabled
 
<15:26:45> Loading Config file system.cfg (system.cfg)
<15:26:45> [Error] [CVARS]: [IGNORED CHANGE] variable [sys_version] from [] to [1.1.0.000.200116]; Marked as [VF_CHEAT]
<15:26:45> OnSysSpecChange(1)
<15:26:45> [Error] [CVARS]: [IGNORED CHANGE] variable [sys_asserts] from [0] to [0]; Marked as [VF_CHEAT]
<15:26:45> GameDir: DATA
<15:26:45> <ThreadConfigInfo>: Thread profile loaded: "pc_8" (config/engine_core.thread_config)  
<15:26:45> Windows 10 64 bit (build 10.0.19043)
<15:26:45> System language: English
<15:26:45> Windows Directory: "C:\Windows"
<15:26:45> Local time is 15:26:45 07/07/21, system running for 4536 minutes
<15:26:45> 16333MB physical memory installed, 8733MB available, 134217727MB virtual memory installed, 46 percent of memory in use
<15:26:45> PageFile usage: 76MB, Working Set: 88MB, Peak PageFile usage: 76MB,
<15:26:45> Current display mode is 2560x1440x32, (Unknown graphics card)
<15:26:45> IBM enhanced (101/102-key) keyboard and 16+ button mouse installed
<15:26:45> --------------------------------------------------------------------------------
<15:26:45> OnSysSpecChange(1)
<15:26:45> Loading Config file LowSpec.cfg (data\config\lowspec.cfg)
<15:26:45> [Error] [CVARS]: [MISSING] [mfx_Timeout] is not a registered console variable; referenced when testing console variable group [sys_spec_gameeffects] = [1]
<15:26:45> [Error] [CVARS]: [MISSING] [ca_AttachmentCullingRation] is not a registered console variable; referenced when testing console variable group [sys_spec_objectdetail] = [1]
<15:26:45> [Error] [CVARS]: [MISSING] [e_DecalsLifeTimeScale] is not a registered console variable; referenced when testing console variable group [sys_spec_objectdetail] = [1]
<15:26:45> [Error] [CVARS]: [MISSING] [e_LodRatio] is not a registered console variable; referenced when testing console variable group [sys_spec_objectdetail] = [1]
<15:26:45> [Error] [CVARS]: [MISSING] [e_MaxViewDistSpecLerp] is not a registered console variable; referenced when testing console variable group [sys_spec_objectdetail] = [1]
<15:26:45> [Error] [CVARS]: [MISSING] [e_MaxViewDistance] is not a registered console variable; referenced when testing console variable group [sys_spec_objectdetail] = [1]
<15:26:45> [Error] [CVARS]: [MISSING] [e_ObjQuality] is not a registered console variable; referenced when testing console variable group [sys_spec_objectdetail] = [1]
<15:26:45> [Error] [CVARS]: [MISSING] [e_TerrainOcclusionCullingMaxDist] is not a registered console variable; referenced when testing console variable group [sys_spec_objectdetail] = [1]
<15:26:45> [Error] [CVARS]: [MISSING] [e_VegetationMinSize] is not a registered console variable; referenced when testing console variable group [sys_spec_objectdetail] = [1]
<15:26:45> [Error] [CVARS]: [MISSING] [e_ViewDistRatio] is not a registered console variable; referenced when testing console variable group [sys_spec_objectdetail] = [1]
<15:26:45> [Error] [CVARS]: [MISSING] [e_ViewDistRatioCustom] is not a registered console variable; referenced when testing console variable group [sys_spec_objectdetail] = [1]
<15:26:45> [Error] [CVARS]: [MISSING] [e_ViewDistRatioDetail] is not a registered console variable; referenced when testing console variable group [sys_spec_objectdetail] = [1]
<15:26:45> [Error] [CVARS]: [MISSING] [e_ViewDistRatioLights] is not a registered console variable; referenced when testing console variable group [sys_spec_objectdetail] = [1]
<15:26:45> [Error] [CVARS]: [MISSING] [e_ViewDistRatioVegetation] is not a registered console variable; referenced when testing console variable group [sys_spec_objectdetail] = [1]
<15:26:45> [Error] [CVARS]: [MISSING] [es_DebrisLifetimeScale] is not a registered console variable; referenced when testing console variable group [sys_spec_objectdetail] = [1]
<15:26:45> [Error] [CVARS]: [MISSING] [e_DecalsOverlapping] is not a registered console variable; referenced when testing console variable group [sys_spec_objectdetail] = [1]
<15:26:45> [Error] [CVARS]: [MISSING] [e_LodMin] is not a registered console variable; referenced when testing console variable group [sys_spec_objectdetail] = [1]
<15:26:45> [Error] [CVARS]: [MISSING] [e_MergedMeshesInstanceDist] is not a registered console variable; referenced when testing console variable group [sys_spec_objectdetail] = [1]
<15:26:45> [Error] [CVARS]: [MISSING] [e_MergedMeshesPool] is not a registered console variable; referenced when testing console variable group [sys_spec_objectdetail] = [1]
<15:26:45> [Error] [CVARS]: [MISSING] [e_OcclusionCullingViewDistRatio] is not a registered console variable; referenced when testing console variable group [sys_spec_objectdetail] = [1]
<15:26:45> [Error] [CVARS]: [MISSING] [e_TerrainLodRatio] is not a registered console variable; referenced when testing console variable group [sys_spec_objectdetail] = [1]
<15:26:45> [Error] [CVARS]: [MISSING] [e_Tessellation] is not a registered console variable; referenced when testing console variable group [sys_spec_objectdetail] = [1]
<15:26:45> [Error] [CVARS]: [MISSING] [e_ViewDistMin] is not a registered console variable; referenced when testing console variable group [sys_spec_objectdetail] = [1]
<15:26:45> [Error] [CVARS]: [MISSING] [e_ParticlesMaxScreenFill] is not a registered console variable; referenced when testing console variable group [sys_spec_particles] = [1]
<15:26:45> [Error] [CVARS]: [MISSING] [e_ParticlesMinDrawPixels] is not a registered console variable; referenced when testing console variable group [sys_spec_particles] = [1]
<15:26:45> [Error] [CVARS]: [MISSING] [e_ParticlesObjectCollisions] is not a registered console variable; referenced when testing console variable group [sys_spec_particles] = [1]
<15:26:45> [Error] [CVARS]: [MISSING] [e_ParticlesQuality] is not a registered console variable; referenced when testing console variable group [sys_spec_particles] = [1]
<15:26:45> [Error] [CVARS]: [MISSING] [e_ParticlesMotionBlur] is not a registered console variable; referenced when testing console variable group [sys_spec_particles] = [1]
<15:26:45> [Error] [CVARS]: [MISSING] [e_CullVegActivation] is not a registered console variable; referenced when testing console variable group [sys_spec_physics] = [1]
<15:26:45> [Error] [CVARS]: [MISSING] [e_FoliageWindActivationDist] is not a registered console variable; referenced when testing console variable group [sys_spec_physics] = [1]
<15:26:45> [Error] [CVARS]: [MISSING] [e_PhysOceanCell] is not a registered console variable; referenced when testing console variable group [sys_spec_physics] = [1]
<15:26:45> [Error] [CVARS]: [MISSING] [es_MaxPhysDist] is not a registered console variable; referenced when testing console variable group [sys_spec_physics] = [1]
<15:26:45> [Error] [CVARS]: [MISSING] [es_MaxPhysDistInvisible] is not a registered console variable; referenced when testing console variable group [sys_spec_physics] = [1]
<15:26:45> [Error] [CVARS]: [MISSING] [g_breakage_particles_limit] is not a registered console variable; referenced when testing console variable group [sys_spec_physics] = [1]
<15:26:45> [Error] [CVARS]: [MISSING] [g_tree_cut_reuse_dist] is not a registered console variable; referenced when testing console variable group [sys_spec_physics] = [1]
<15:26:45> [Error] [CVARS]: [MISSING] [p_max_MC_iters] is not a registered console variable; referenced when testing console variable group [sys_spec_physics] = [1]
<15:26:45> [Error] [CVARS]: [MISSING] [p_max_substeps] is not a registered console variable; referenced when testing console variable group [sys_spec_physics] = [1]
<15:26:45> [Error] [CVARS]: [MISSING] [e_PhysProxyTriLimit] is not a registered console variable; referenced when testing console variable group [sys_spec_physics] = [1]
<15:26:45> [Error] [CVARS]: [MISSING] [p_max_object_splashes] is not a registered console variable; referenced when testing console variable group [sys_spec_physics] = [1]
<15:26:45> [Error] [CVARS]: [MISSING] [p_max_substeps_large_group] is not a registered console variable; referenced when testing console variable group [sys_spec_physics] = [1]
<15:26:45> [Error] [CVARS]: [MISSING] [p_num_bodies_large_group] is not a registered console variable; referenced when testing console variable group [sys_spec_physics] = [1]
<15:26:45> [Error] [CVARS]: [MISSING] [p_splash_dist0] is not a registered console variable; referenced when testing console variable group [sys_spec_physics] = [1]
<15:26:45> [Error] [CVARS]: [MISSING] [p_splash_dist1] is not a registered console variable; referenced when testing console variable group [sys_spec_physics] = [1]
<15:26:45> [Error] [CVARS]: [MISSING] [p_splash_force0] is not a registered console variable; referenced when testing console variable group [sys_spec_physics] = [1]
<15:26:45> [Error] [CVARS]: [MISSING] [p_splash_force1] is not a registered console variable; referenced when testing console variable group [sys_spec_physics] = [1]
<15:26:45> [Error] [CVARS]: [MISSING] [p_splash_vel0] is not a registered console variable; referenced when testing console variable group [sys_spec_physics] = [1]
<15:26:45> [Error] [CVARS]: [MISSING] [p_splash_vel1] is not a registered console variable; referenced when testing console variable group [sys_spec_physics] = [1]
<15:26:45> [Error] [CVARS]: [MISSING] [e_DynamicLightsMaxEntityLights] is not a registered console variable; referenced when testing console variable group [sys_spec_shading] = [1]
<15:26:45> [Error] [CVARS]: [MISSING] [e_SkyUpdateRate] is not a registered console variable; referenced when testing console variable group [sys_spec_shading] = [1]
<15:26:45> [Error] [CVARS]: [MISSING] [e_svoTI_Apply] is not a registered console variable; referenced when testing console variable group [sys_spec_shading] = [1]
<15:26:45> [Error] [CVARS]: [MISSING] [e_svoTI_RsmConeMaxLength] is not a registered console variable; referenced when testing console variable group [sys_spec_shading] = [1]
<15:26:45> [Error] [CVARS]: [MISSING] [e_svoTI_RsmUseColors] is not a registered console variable; referenced when testing console variable group [sys_spec_shading] = [1]
<15:26:45> [Error] [CVARS]: [MISSING] [e_svoTi_Active] is not a registered console variable; referenced when testing console variable group [sys_spec_shading] = [1]
<15:26:45> [Error] [CVARS]: [MISSING] [e_svoti_LowSpecMode] is not a registered console variable; referenced when testing console variable group [sys_spec_shading] = [1]
<15:26:45> [Error] [CVARS]: [MISSING] [e_LightVolumes] is not a registered console variable; referenced when testing console variable group [sys_spec_shading] = [1]
<15:26:45> [Error] [CVARS]: [MISSING] [e_VegetationUseTerrainColor] is not a registered console variable; referenced when testing console variable group [sys_spec_shading] = [1]
<15:26:45> [Error] [CVARS]: [MISSING] [e_GsmLodsNum] is not a registered console variable; referenced when testing console variable group [sys_spec_shadows] = [1]
<15:26:45> [Error] [CVARS]: [MISSING] [e_GsmRange] is not a registered console variable; referenced when testing console variable group [sys_spec_shadows] = [1]
<15:26:45> [Error] [CVARS]: [MISSING] [e_ObjShadowCastSpec] is not a registered console variable; referenced when testing console variable group [sys_spec_shadows] = [1]
<15:26:45> [Error] [CVARS]: [MISSING] [e_ParticlesShadows] is not a registered console variable; referenced when testing console variable group [sys_spec_shadows] = [1]
<15:26:45> [Error] [CVARS]: [MISSING] [e_Shadows] is not a registered console variable; referenced when testing console variable group [sys_spec_shadows] = [1]
<15:26:45> [Error] [CVARS]: [MISSING] [e_ShadowsBlendCascades] is not a registered console variable; referenced when testing console variable group [sys_spec_shadows] = [1]
<15:26:45> [Error] [CVARS]: [MISSING] [e_ShadowsCastViewDistRatio] is not a registered console variable; referenced when testing console variable group [sys_spec_shadows] = [1]
<15:26:45> [Error] [CVARS]: [MISSING] [e_ShadowsLodBiasFixed] is not a registered console variable; referenced when testing console variable group [sys_spec_shadows] = [1]
<15:26:45> [Error] [CVARS]: [MISSING] [e_ShadowsMaxTexRes] is not a registered console variable; referenced when testing console variable group [sys_spec_shadows] = [1]
<15:26:45> [Error] [CVARS]: [MISSING] [e_ShadowsPoolSize] is not a registered console variable; referenced when testing console variable group [sys_spec_shadows] = [1]
<15:26:45> [Error] [CVARS]: [MISSING] [e_ShadowsResScale] is not a registered console variable; referenced when testing console variable group [sys_spec_shadows] = [1]
<15:26:45> [Error] [CVARS]: [MISSING] [e_ShadowsTessellateCascades] is not a registered console variable; referenced when testing console variable group [sys_spec_shadows] = [1]
<15:26:45> [Error] [CVARS]: [MISSING] [e_ShadowsTessellateDLights] is not a registered console variable; referenced when testing console variable group [sys_spec_shadows] = [1]
<15:26:45> [Error] [CVARS]: [MISSING] [e_ShadowsUpdateViewDistRatio] is not a registered console variable; referenced when testing console variable group [sys_spec_shadows] = [1]
<15:26:45> [Error] [CVARS]: [MISSING] [e_VolumetricFog] is not a registered console variable; referenced when testing console variable group [sys_spec_volumetriceffects] = [1]
<15:26:45> [Error] [CVARS]: [MISSING] [e_fog] is not a registered console variable; referenced when testing console variable group [sys_spec_volumetriceffects] = [1]
<15:26:45> [Error] [CVARS]: [MISSING] [e_Clouds] is not a registered console variable; referenced when testing console variable group [sys_spec_volumetriceffects] = [1]
<15:26:45> [Error] [CVARS]: [MISSING] [e_WaterOceanFFT] is not a registered console variable; referenced when testing console variable group [sys_spec_water] = [1]
<15:26:45> [Error] [CVARS]: [MISSING] [e_WaterTessellationAmount] is not a registered console variable; referenced when testing console variable group [sys_spec_water] = [1]
<15:26:45> [Error] [CVARS]: [MISSING] [e_WaterTessellationAmountX] is not a registered console variable; referenced when testing console variable group [sys_spec_water] = [1]
<15:26:45> [Error] [CVARS]: [MISSING] [e_WaterTessellationAmountY] is not a registered console variable; referenced when testing console variable group [sys_spec_water] = [1]
<15:26:45> [Error] [CVARS]: [MISSING] [e_WaterTessellationSwathWidth] is not a registered console variable; referenced when testing console variable group [sys_spec_water] = [1]
<15:26:45> Loading Config file game.cfg (data\game.cfg)
<15:26:45> [Warning] [CVARS]: [CHANGED] variable [sys_asserts] from [0] to [0]; Marked as [VF_CHEAT]
<15:26:45> [Warning] Modifying marked variables will not be allowed in Release mode!
<15:26:45> Stream Engine Initialization
<15:26:45> GameName: Pandemic Express
<15:26:45> BuildTime: Oct 13 2019 19:15:33
<15:26:45> Physics initialization
<15:26:45> Localized language content(english) not available or modified from the original installation.
<15:26:45> Localized language content(english) not available or modified from the original installation.
<15:26:45> Localized language content(english) not available or modified from the original installation.
<15:26:45> <Audio>: AudioSystem initialization
<15:26:45> <Audio> <0.199>: CryAudioImplWwise loaded
<15:26:46> Renderer initialization
<15:26:46> Logging video adapters:
<15:26:47> - NVIDIA GeForce RTX 3070 (vendor = 0x10de, device = 0x2484)
<15:26:47>   - Adapter index: 0
<15:26:47>   - Dedicated video memory: 8043 MB
<15:26:47>   - Feature level: DX11 (SM 5.0)
<15:26:47>   - Displays connected: yes
<15:26:47>   - Suitable rendering device: yes
<15:26:47> - Microsoft Basic Render Driver (vendor = 0x1414, device = 0x008c)
<15:26:47>   - Adapter index: 1
<15:26:47>   - Dedicated video memory: 0 MB
<15:26:47>   - Feature level: DX11 (SM 5.0)
<15:26:47>   - Displays connected: no
<15:26:47>   - Suitable rendering device: no
<15:26:47> Active GPUs: 1
<15:26:47> [Renderer] A display device has been connected to the system
<15:26:47> Loading plugin CryDefaultEntities
<15:26:47> Loading plugin CrySchematycCore
<15:26:47> DLL Failed to load, error code: 7E
<15:26:47> Loading plugin CrySchematycSTDEnv
<15:26:47> DLL Failed to load, error code: 7E
<15:26:47> Loading plugin CrySensorSystem
<15:26:47> DLL Failed to load, error code: 7E
<15:26:47> Loading extension file cryplugin.csv
<15:26:47> Loading plugin ProcAnRandGenerator.dll
<15:26:47> Loading plugin PlayFab.dll
<15:26:47> Loading plugin CEVPlayer.dll
<15:26:49> Font initialization
<15:26:49> Using FreeType 2.5.5
<15:26:49> Network initialization
<15:26:49> [net] Socket IO management: External [iocp], Internal [iocp]
<15:26:49> network hostname: DESKTOP-GKEDPQ6
<15:26:49>   ip:26.90.194.210
<15:26:49>   ip:192.168.20.21
<15:26:49> [Network Version]: PROFILE DEVELOPMENT BUILD
<15:26:49> MovieSystem initialization
<15:26:49> Console initialization
<15:26:49> Time initialization
<15:26:49> Input initialization
<15:26:49> AI initialization
<15:26:49>  
<15:26:49>     con_debug = 0 []
<15:26:49>     con_display_last_messages = 0 []
<15:26:49>     con_line_buffer_size = 1000 []
<15:26:49>     con_restricted = 0 [RESTRICTEDMODE]
<15:26:49>     con_showonload = 0 []
<15:26:49>  
<15:26:49>     con_debug = 0 []
<15:26:49>     con_display_last_messages = 0 []
<15:26:49>     con_line_buffer_size = 1000 []
<15:26:49>     con_restricted = 0 [RESTRICTEDMODE]
<15:26:49>     con_showonload = 0 []
<15:26:49>  
<15:26:49>     con_debug = 0 []
<15:26:49>  
<15:26:49>     con_debug = 0 []
<15:26:49> Initializing Animation System
<15:26:49> Initializing 3D Engine
<15:26:49> Script System Initialization
<15:26:49> Entity system initialization
<15:26:49> Initializing AI System
<15:26:49> Initializing additional systems
<15:26:49> Dynamic Response System initialization
<15:26:49> DLL Failed to load, error code: 7E
<15:26:49> No Dynamic Response System was loaded from a module, will use the NULL implementation.
<15:26:50> [Steam] Steam API initialized successfully
<15:26:50> <ThreadConfigInfo>: [XML Parsing] Thread with name "Main" already loaded. Overriding with new configuration
<15:26:50> <ThreadConfigInfo>: [XML Parsing] Thread with name "Network" already loaded. Overriding with new configuration
<15:26:50> <ThreadConfigInfo>: [XML Parsing] Thread with name "NetworkStallTicker" already loaded. Overriding with new configuration
<15:26:50> <ThreadConfigInfo>: [XML Parsing] Thread with name "ZLibCompressor" already loaded. Overriding with new configuration
<15:26:50> <ThreadConfigInfo>: [XML Parsing] Thread with name "NetworkStallTicker" already loaded. Overriding with new configuration
<15:26:50> <ThreadConfigInfo>: [XML Parsing] Thread with name "ZLibCompressor" already loaded. Overriding with new configuration
<15:26:50> <ThreadConfigInfo>: [XML Parsing] Thread with name "TelemetryCopier" already loaded. Overriding with new configuration
<15:26:50> <ThreadConfigInfo>: [XML Parsing] Thread with name "StatsAgent" already loaded. Overriding with new configuration
<15:26:50> <ThreadConfigInfo>: Thread profile loaded: "pc_8" (config/game.thread_config)  
<15:26:50> Initializing default materials...
<15:26:57> [MFX] Loading FXLib 'breakables' ...
<15:26:57> [MFX] Loading FXLib 'collisions' ...
<15:26:57> [MFX] Loading FXLib 'foley' ...
<15:26:57> [MFX] Loading FXLib 'foley_grunt' ...
<15:26:57> [MFX] Loading FXLib 'foley_player' ...
<15:26:57> [MFX] Loading FXLib 'footstep_grunt' ...
<15:26:57> [MFX] Loading FXLib 'footstep_player' ...
<15:26:57> [MFX] Loading FXLib 'footsteps' ...
<15:26:57> [MFX] Loading FXLib 'grenade' ...
<15:26:57> [MFX] Loading FXLib 'melee' ...
<15:26:57> [MFX] Loading FXLib 'player_fx' ...
<15:26:57> [MFX] Loading FXLib 'projectiles' ...
<15:26:57> [MFX] Loading FXLib 'tornado' ...
<15:26:57> [MFX] Loading FXLib 'vegetation' ...
<15:26:57> [MFX] Loading FXLib 'vehicles' ...
<15:26:57> [MFX] Loading FXLib 'breakables' ...
<15:26:57> [MFX] Loading FXLib 'collisions' ...
<15:26:57> [MFX] Loading FXLib 'foley' ...
<15:26:57> [MFX] Loading FXLib 'foley_grunt' ...
<15:26:57> [MFX] Loading FXLib 'foley_player' ...
<15:26:57> [MFX] Loading FXLib 'footstep_grunt' ...
<15:26:57> [MFX] Loading FXLib 'footstep_player' ...
<15:26:57> [MFX] Loading FXLib 'footsteps' ...
<15:26:57> [MFX] Loading FXLib 'grenade' ...
<15:26:57> [MFX] Loading FXLib 'melee' ...
<15:26:57> [MFX] Loading FXLib 'player_fx' ...
<15:26:57> [MFX] Loading FXLib 'projectiles' ...
<15:26:57> [MFX] Loading FXLib 'tornado' ...
<15:26:57> [MFX] Loading FXLib 'vegetation' ...
<15:26:57> [MFX] Loading FXLib 'vehicles' ...
<15:26:57> Creating socket on port 2838
<15:26:57> CreateDatagramSocket c1
<15:26:57> CreateDatagramSocket c2
<15:28:12> CreateDatagramSocket c1
<15:28:14> Game rules class: InstantAction
<15:28:14> ============================ PrepareLevel Multiplayer/Purgatorium_Esc ============================
<15:28:41> CryAnimation: character-definition not found: objects/characters/human/sdk_player/sdk_player.cdf
<15:28:41> CryAnimation: character-definition not found: objects/characters/human/sdk_player/sdk_player.cdf
<15:28:41> CryAnimation: character-definition not found: objects/characters/human/sdk_player/sdk_player.cdf
<15:28:41> CryAnimation: character-definition not found: objects/characters/human/sdk_player/sdk_player.cdf
<15:28:41> CryAnimation: character-definition not found: objects/characters/human/sdk_player/sdk_player.cdf
<15:28:41> CryAnimation: character-definition not found: objects/characters/human/sdk_player/sdk_player.cdf
<15:28:41> CryAnimation: character-definition not found: objects/characters/human/sdk_player/sdk_player.cdf
<15:28:41> CryAnimation: character-definition not found: objects/characters/human/sdk_player/sdk_player.cdf
<15:28:41> CryAnimation: character-definition not found: objects/characters/human/sdk_player/sdk_player.cdf
<15:28:41> CryAnimation: character-definition not found: objects/characters/human/sdk_player/sdk_player.cdf
<15:28:41> CryAnimation: character-definition not found: objects/characters/human/sdk_player/sdk_player.cdf
<15:28:41> CryAnimation: character-definition not found: objects/characters/human/sdk_player/sdk_player.cdf
<15:28:41> CryAnimation: character-definition not found: objects/characters/human/sdk_player/sdk_player.cdf
<15:28:41> CryAnimation: character-definition not found: objects/characters/human/sdk_player/sdk_player.cdf
<15:28:41> CryAnimation: character-definition not found: objects/characters/human/sdk_player/sdk_player.cdf
<15:28:41> CryAnimation: character-definition not found: objects/characters/human/sdk_player/sdk_player.cdf
<15:28:41> CryAnimation: character-definition not found: objects/characters/human/sdk_player/sdk_player.cdf
<15:28:41> CryAnimation: character-definition not found: objects/characters/human/sdk_player/sdk_player.cdf
<15:28:41> CryAnimation: character-definition not found: objects/characters/human/sdk_player/sdk_player.cdf
<15:28:41> CryAnimation: character-definition not found: objects/characters/human/sdk_player/sdk_player.cdf
<15:28:41> CryAnimation: character-definition not found: objects/characters/human/sdk_player/sdk_player.cdf
<15:28:41> CryAnimation: character-definition not found: objects/characters/human/sdk_player/sdk_player.cdf
<15:28:41> CryAnimation: character-definition not found: objects/characters/human/sdk_player/sdk_player.cdf
<15:28:41> CryAnimation: character-definition not found: objects/characters/human/sdk_player/sdk_player.cdf
<15:28:41> CryAnimation: character-definition not found: objects/characters/human/sdk_player/sdk_player.cdf
<15:28:41> CryAnimation: character-definition not found: objects/characters/human/sdk_player/sdk_player.cdf
<15:28:41> CryAnimation: character-definition not found: objects/characters/human/sdk_player/sdk_player.cdf
<15:28:41> CryAnimation: character-definition not found: objects/characters/human/sdk_player/sdk_player.cdf
<15:28:41> CryAnimation: character-definition not found: objects/characters/human/sdk_player/sdk_player.cdf
<15:28:41> CryAnimation: character-definition not found: objects/characters/human/sdk_player/sdk_player.cdf
<15:28:41> CryAnimation: character-definition not found: objects/characters/human/sdk_player/sdk_player.cdf
<15:28:41> CryAnimation: character-definition not found: objects/characters/human/sdk_player/sdk_player.cdf
<15:28:41> CryAnimation: character-definition not found: objects/characters/human/sdk_player/sdk_player.cdf
<15:28:41> CryAnimation: character-definition not found: objects/characters/human/sdk_player/sdk_player.cdf
<15:28:41> CryAnimation: character-definition not found: objects/characters/human/sdk_player/sdk_player.cdf
<15:28:41> CryAnimation: character-definition not found: objects/characters/human/sdk_player/sdk_player.cdf
<15:28:42> _used_prerec_msg 
<15:28:44> _used_prerec_msg 
<15:28:46> CryAnimation: character-definition not found: objects/characters/human/sdk_player/sdk_player.cdf
<15:28:46> CryAnimation: character-definition not found: objects/characters/human/sdk_player/sdk_player.cdf
<15:28:46> CryAnimation: character-definition not found: objects/characters/human/sdk_player/sdk_player.cdf
<15:29:17> PLAYERNAME Kornflakes
<15:29:17> CryAnimation: character-definition not found: objects/characters/man.cdf
<15:29:18> CryAnimation: character-definition not found: objects/characters/human/sdk_player/sdk_player.cdf
<15:29:18> CryAnimation: character-definition not found: objects/characters/human/sdk_player/sdk_player.cdf
<15:29:18> CryAnimation: character-definition not found: objects/characters/human/sdk_player/sdk_player.cdf
<15:29:22> rec_msg 
<15:29:25> c_msg 
<15:29:29> ec_msg 
<15:29:31> erec_msg 
<15:29:48> gEnv->pRenderer->Draw2dImage XXX
<15:29:50> remapped bone indices with refcount '4294967294' still around for 'zombiemodelnew/conserve_fp_nonmm.skin 0x000001B6C5EB54C0
<15:29:50> remapped bone indices with refcount '4294967295' still around for 'objects/zhg_objects/characters/conserve/conserve_head.skin 0x000001B6C5EB89E0
<15:29:50> remapped bone indices with refcount '4294967292' still around for 'objects/zhg_objects/characters/sets/vanityset/vanityset_torso.skin 0x000001B6C31CAF50
<15:29:50> remapped bone indices with refcount '4294967292' still around for 'objects/zhg_objects/characters/sets/vanityset/vanityset_torso.skin 0x000001B6C31CA5F0
<15:29:50> remapped bone indices with refcount '4294967292' still around for 'objects/zhg_objects/characters/sets/vanityset/vanityset_torso.skin 0x000001B6C31C9650
<15:29:50> remapped bone indices with refcount '4294967292' still around for 'objects/zhg_objects/characters/sets/vanityset/vanityset_pants.skin 0x000001B6C31C9330
<15:29:50> remapped bone indices with refcount '4294967292' still around for 'objects/zhg_objects/characters/sets/vanityset/vanityset_pants.skin 0x000001B6C31CAC30
<15:29:50> remapped bone indices with refcount '4294967292' still around for 'objects/zhg_objects/characters/sets/vanityset/vanityset_pants.skin 0x000001B6C31CBBD0
<15:29:50> remapped bone indices with refcount '4294967292' still around for 'objects/zhg_objects/characters/sets/vanityset/vanityset_head.skin 0x000001B6C31CB8B0
<15:29:50> remapped bone indices with refcount '4294967292' still around for 'objects/zhg_objects/characters/sets/vanityset/vanityset_head.skin 0x000001B6C31C9010
<15:29:50> remapped bone indices with refcount '4294967292' still around for 'objects/zhg_objects/characters/sets/vanityset/vanityset_head.skin 0x000001B6C31CA910
<15:29:50> remapped bone indices with refcount '4294967292' still around for 'objects/zhg_objects/characters/sets/safetyset/safetyset_head.skin 0x000001B6C31CB270
<15:29:50> remapped bone indices with refcount '4294967292' still around for 'objects/zhg_objects/characters/sets/safetyset/safetyset_head.skin 0x000001B6C31C9FB0
<15:29:50> remapped bone indices with refcount '4294967292' still around for 'objects/zhg_objects/characters/sets/safetyset/safetyset_head.skin 0x000001B6C31C8CF0
<15:29:50> remapped bone indices with refcount '4294967282' still around for 'objects/zhg_objects/characters/sets/rebellionset/rebellionset_torso.skin 0x000001B6C31C8390
<15:29:50> remapped bone indices with refcount '4294967282' still around for 'objects/zhg_objects/characters/sets/rebellionset/rebellionset_torso.skin 0x000001B6C31C9970
<15:29:50> remapped bone indices with refcount '4294967282' still around for 'objects/zhg_objects/characters/sets/rebellionset/rebellionset_torso.skin 0x000001B6C31CA2D0
<15:29:50> remapped bone indices with refcount '4294967287' still around for 'objects/zhg_objects/characters/sets/rebellionset/rebellionset_pants.skin 0x000001B6C31C86B0
<15:29:50> remapped bone indices with refcount '4294967287' still around for 'objects/zhg_objects/characters/sets/rebellionset/rebellionset_pants.skin 0x000001B6C31CB590
<15:29:50> remapped bone indices with refcount '4294967287' still around for 'objects/zhg_objects/characters/sets/rebellionset/rebellionset_pants.skin 0x000001B6C31C9C90
<15:29:50> remapped bone indices with refcount '4294967292' still around for 'objects/zhg_objects/characters/sets/rebellionset/rebellionset_head.skin 0x000001B6C31C8070
<15:29:50> remapped bone indices with refcount '4294967292' still around for 'objects/zhg_objects/characters/sets/rebellionset/rebellionset_head.skin 0x000001B6C31C89D0
<15:29:50> remapped bone indices with refcount '4294967292' still around for 'objects/zhg_objects/characters/sets/rebellionset/rebellionset_head.skin 0x000001B6C3627230
<15:29:50> remapped bone indices with refcount '4294967287' still around for 'objects/zhg_objects/characters/sets/rebellionset/rebelliomset_hands.skin 0x000001B6C3626F10
<15:29:50> remapped bone indices with refcount '4294967287' still around for 'objects/zhg_objects/characters/sets/rebellionset/rebelliomset_hands.skin 0x000001B6C36265B0
<15:29:50> remapped bone indices with refcount '4294967287' still around for 'objects/zhg_objects/characters/sets/rebellionset/rebelliomset_hands.skin 0x000001B6C36268D0
<15:29:50> remapped bone indices with refcount '4294967287' still around for 'objects/zhg_objects/characters/sets/rebellionset/rebelliomset_hands.skin 0x000001B6C3626BF0
<15:29:50> remapped bone indices with refcount '4294967292' still around for 'objects/zhg_objects/characters/sets/loverset/loverset_torso.skin 0x000001B6C3626290
<15:29:50> remapped bone indices with refcount '4294967292' still around for 'objects/zhg_objects/characters/sets/loverset/loverset_torso.skin 0x000001B6C3625F70
<15:29:50> remapped bone indices with refcount '4294967292' still around for 'objects/zhg_objects/characters/sets/loverset/loverset_torso.skin 0x000001B6C3628810
<15:29:50> remapped bone indices with refcount '4294967292' still around for 'objects/zhg_objects/characters/sets/loverset/loverset_head.skin 0x000001B6C3625C50
<15:29:50> remapped bone indices with refcount '4294967292' still around for 'objects/zhg_objects/characters/sets/loverset/loverset_head.skin 0x000001B6C36281D0
<15:29:50> remapped bone indices with refcount '4294967292' still around for 'objects/zhg_objects/characters/sets/loverset/loverset_head.skin 0x000001B6C3629170
<15:29:50> remapped bone indices with refcount '4294967292' still around for 'objects/zhg_objects/characters/sets/leaderset/leaderset_torso.skin 0x000001B6C3628E50
<15:29:50> remapped bone indices with refcount '4294967292' still around for 'objects/zhg_objects/characters/sets/leaderset/leaderset_torso.skin 0x000001B6C3627EB0
<15:29:50> remapped bone indices with refcount '4294967292' still around for 'objects/zhg_objects/characters/sets/leaderset/leaderset_torso.skin 0x000001B6C3627B90
<15:29:50> remapped bone indices with refcount '4294967292' still around for 'objects/zhg_objects/characters/sets/leaderset/leaderset_pants.skin 0x000001B6C36284F0
<15:29:50> remapped bone indices with refcount '4294967292' still around for 'objects/zhg_objects/characters/sets/leaderset/leaderset_pants.skin 0x000001B6C3627870
<15:29:50> remapped bone indices with refcount '4294967292' still around for 'objects/zhg_objects/characters/sets/leaderset/leaderset_pants.skin 0x000001B6C3627550
<15:29:50> remapped bone indices with refcount '4294967292' still around for 'objects/zhg_objects/characters/sets/leaderset/leaderset_head.skin 0x000001B6C3625930
<15:29:50> remapped bone indices with refcount '4294967292' still around for 'objects/zhg_objects/characters/sets/leaderset/leaderset_head.skin 0x000001B6C3628B30
<15:29:50> remapped bone indices with refcount '4294967292' still around for 'objects/zhg_objects/characters/sets/leaderset/leaderset_head.skin 0x000001B6C3625610
<15:29:50> remapped bone indices with refcount '4294967292' still around for 'objects/zhg_objects/characters/sets/hopefullset/hopefullset_torso.skin 0x000001B6C26CDD10
<15:29:50> remapped bone indices with refcount '4294967292' still around for 'objects/zhg_objects/characters/sets/hopefullset/hopefullset_torso.skin 0x000001B6C26CD9F0
<15:29:50> remapped bone indices with refcount '4294967292' still around for 'objects/zhg_objects/characters/sets/hopefullset/hopefullset_torso.skin 0x000001B6C26CCD70
<15:29:50> remapped bone indices with refcount '4294967292' still around for 'objects/zhg_objects/characters/sets/hopefullset/hopefullset_pants.skin 0x000001B6C26CD6D0
<15:29:50> remapped bone indices with refcount '4294967292' still around for 'objects/zhg_objects/characters/sets/hopefullset/hopefullset_pants.skin 0x000001B6C26CE670
<15:29:50> remapped bone indices with refcount '4294967292' still around for 'objects/zhg_objects/characters/sets/hopefullset/hopefullset_pants.skin 0x000001B6C26CD090
<15:29:50> remapped bone indices with refcount '4294967292' still around for 'objects/zhg_objects/characters/sets/hopefullset/hopefullset_head.skin 0x000001B6C26CFC50
<15:29:50> remapped bone indices with refcount '4294967292' still around for 'objects/zhg_objects/characters/sets/hopefullset/hopefullset_head.skin 0x000001B6C26CFF70
<15:29:50> remapped bone indices with refcount '4294967292' still around for 'objects/zhg_objects/characters/sets/hopefullset/hopefullset_head.skin 0x000001B6C26CC730
<15:29:50> remapped bone indices with refcount '4294967292' still around for 'objects/zhg_objects/characters/sets/doubtset/doubtset_head.skin 0x000001B6C26CE350
<15:35:03> BaseInput - Shutting down all force feedback
<15:35:03> ActionGame - Shutting down all force feedback
<15:35:03> CNetSyncSystem::~CNetSyncSystem & Crush?! packets_temp_bf(temp packet data buffs)
