BackupNameAttachment=" Build(0) 31 Jul 21 (01 44 50)"  -- used by backup system
Log Started at Sat Jul 31 01:44:50 2021
Built on Oct 13 2019 19:15:33
Running 64 bit Windows version
Command Line: "D:\Games\Steam\steamapps\common\Pandemic Express\Bin/win_x64/PandemicExpress.exe"
Executable: D:\Games\Steam\steamapps\common\Pandemic Express\Bin\win_x64\PandemicExpress.exe
FileVersion: 1.0.0.0
ProductVersion: 1.0.0.0
Added MOD directory <%engineroot%/engine> to CryPak

Total number of logical processors: 12
Number of available logical processors: 12
Total number of system cores: 6
Number of cores available to process: 6
 
Processor 0:
  CPU: AMD AMD Ryzen 5 3600 6-Core Processor              
  Family: 15, Model: 1, Stepping: 0
  FPU: On-Chip
  Features: FP16, SSE, SSE2, SSE3, SSE4.2, AVX, AVX2, FMA3
  Serial number not present or disabled
 
Processor 1:
  CPU: AMD AMD Ryzen 5 3600 6-Core Processor              
  Family: 15, Model: 1, Stepping: 0
  FPU: On-Chip
  Features: FP16, SSE, SSE2, SSE3, SSE4.2, AVX, AVX2, FMA3
  Serial number not present or disabled
 
Processor 2:
  CPU: AMD AMD Ryzen 5 3600 6-Core Processor              
  Family: 15, Model: 1, Stepping: 0
  FPU: On-Chip
  Features: FP16, SSE, SSE2, SSE3, SSE4.2, AVX, AVX2, FMA3
  Serial number not present or disabled
 
Processor 3:
  CPU: AMD AMD Ryzen 5 3600 6-Core Processor              
  Family: 15, Model: 1, Stepping: 0
  FPU: On-Chip
  Features: FP16, SSE, SSE2, SSE3, SSE4.2, AVX, AVX2, FMA3
  Serial number not present or disabled
 
Processor 4:
  CPU: AMD AMD Ryzen 5 3600 6-Core Processor              
  Family: 15, Model: 1, Stepping: 0
  FPU: On-Chip
  Features: FP16, SSE, SSE2, SSE3, SSE4.2, AVX, AVX2, FMA3
  Serial number not present or disabled
 
Processor 5:
  CPU: AMD AMD Ryzen 5 3600 6-Core Processor              
  Family: 15, Model: 1, Stepping: 0
  FPU: On-Chip
  Features: FP16, SSE, SSE2, SSE3, SSE4.2, AVX, AVX2, FMA3
  Serial number not present or disabled
 
<01:44:50> Loading Config file system.cfg (system.cfg)
<01:44:50> [Error] [CVARS]: [IGNORED CHANGE] variable [sys_version] from [] to [1.1.0.000.200116]; Marked as [VF_CHEAT]
<01:44:50> OnSysSpecChange(1)
<01:44:50> [Error] [CVARS]: [IGNORED CHANGE] variable [sys_asserts] from [0] to [0]; Marked as [VF_CHEAT]
<01:44:50> GameDir: DATA
<01:44:50> <ThreadConfigInfo>: Thread profile loaded: "pc_8" (config/engine_core.thread_config)  
<01:44:50> Windows 10 64 bit (build 10.0.19043)
<01:44:50> System language: English
<01:44:50> Windows Directory: "C:\Windows"
<01:44:50> Local time is 01:44:50 07/31/21, system running for 8776 minutes
<01:44:50> 16333MB physical memory installed, 7292MB available, 134217727MB virtual memory installed, 55 percent of memory in use
<01:44:50> PageFile usage: 76MB, Working Set: 88MB, Peak PageFile usage: 76MB,
<01:44:50> Current display mode is 2560x1440x32, (Unknown graphics card)
<01:44:50> IBM enhanced (101/102-key) keyboard and 16+ button mouse installed
<01:44:50> --------------------------------------------------------------------------------
<01:44:50> OnSysSpecChange(1)
<01:44:50> Loading Config file LowSpec.cfg (data\config\lowspec.cfg)
<01:44:50> [Error] [CVARS]: [MISSING] [mfx_Timeout] is not a registered console variable; referenced when testing console variable group [sys_spec_gameeffects] = [1]
<01:44:50> [Error] [CVARS]: [MISSING] [ca_AttachmentCullingRation] is not a registered console variable; referenced when testing console variable group [sys_spec_objectdetail] = [1]
<01:44:50> [Error] [CVARS]: [MISSING] [e_DecalsLifeTimeScale] is not a registered console variable; referenced when testing console variable group [sys_spec_objectdetail] = [1]
<01:44:50> [Error] [CVARS]: [MISSING] [e_LodRatio] is not a registered console variable; referenced when testing console variable group [sys_spec_objectdetail] = [1]
<01:44:50> [Error] [CVARS]: [MISSING] [e_MaxViewDistSpecLerp] is not a registered console variable; referenced when testing console variable group [sys_spec_objectdetail] = [1]
<01:44:50> [Error] [CVARS]: [MISSING] [e_MaxViewDistance] is not a registered console variable; referenced when testing console variable group [sys_spec_objectdetail] = [1]
<01:44:50> [Error] [CVARS]: [MISSING] [e_ObjQuality] is not a registered console variable; referenced when testing console variable group [sys_spec_objectdetail] = [1]
<01:44:50> [Error] [CVARS]: [MISSING] [e_TerrainOcclusionCullingMaxDist] is not a registered console variable; referenced when testing console variable group [sys_spec_objectdetail] = [1]
<01:44:50> [Error] [CVARS]: [MISSING] [e_VegetationMinSize] is not a registered console variable; referenced when testing console variable group [sys_spec_objectdetail] = [1]
<01:44:50> [Error] [CVARS]: [MISSING] [e_ViewDistRatio] is not a registered console variable; referenced when testing console variable group [sys_spec_objectdetail] = [1]
<01:44:50> [Error] [CVARS]: [MISSING] [e_ViewDistRatioCustom] is not a registered console variable; referenced when testing console variable group [sys_spec_objectdetail] = [1]
<01:44:50> [Error] [CVARS]: [MISSING] [e_ViewDistRatioDetail] is not a registered console variable; referenced when testing console variable group [sys_spec_objectdetail] = [1]
<01:44:50> [Error] [CVARS]: [MISSING] [e_ViewDistRatioLights] is not a registered console variable; referenced when testing console variable group [sys_spec_objectdetail] = [1]
<01:44:50> [Error] [CVARS]: [MISSING] [e_ViewDistRatioVegetation] is not a registered console variable; referenced when testing console variable group [sys_spec_objectdetail] = [1]
<01:44:50> [Error] [CVARS]: [MISSING] [es_DebrisLifetimeScale] is not a registered console variable; referenced when testing console variable group [sys_spec_objectdetail] = [1]
<01:44:50> [Error] [CVARS]: [MISSING] [e_DecalsOverlapping] is not a registered console variable; referenced when testing console variable group [sys_spec_objectdetail] = [1]
<01:44:50> [Error] [CVARS]: [MISSING] [e_LodMin] is not a registered console variable; referenced when testing console variable group [sys_spec_objectdetail] = [1]
<01:44:50> [Error] [CVARS]: [MISSING] [e_MergedMeshesInstanceDist] is not a registered console variable; referenced when testing console variable group [sys_spec_objectdetail] = [1]
<01:44:50> [Error] [CVARS]: [MISSING] [e_MergedMeshesPool] is not a registered console variable; referenced when testing console variable group [sys_spec_objectdetail] = [1]
<01:44:50> [Error] [CVARS]: [MISSING] [e_OcclusionCullingViewDistRatio] is not a registered console variable; referenced when testing console variable group [sys_spec_objectdetail] = [1]
<01:44:50> [Error] [CVARS]: [MISSING] [e_TerrainLodRatio] is not a registered console variable; referenced when testing console variable group [sys_spec_objectdetail] = [1]
<01:44:50> [Error] [CVARS]: [MISSING] [e_Tessellation] is not a registered console variable; referenced when testing console variable group [sys_spec_objectdetail] = [1]
<01:44:50> [Error] [CVARS]: [MISSING] [e_ViewDistMin] is not a registered console variable; referenced when testing console variable group [sys_spec_objectdetail] = [1]
<01:44:50> [Error] [CVARS]: [MISSING] [e_ParticlesMaxScreenFill] is not a registered console variable; referenced when testing console variable group [sys_spec_particles] = [1]
<01:44:50> [Error] [CVARS]: [MISSING] [e_ParticlesMinDrawPixels] is not a registered console variable; referenced when testing console variable group [sys_spec_particles] = [1]
<01:44:50> [Error] [CVARS]: [MISSING] [e_ParticlesObjectCollisions] is not a registered console variable; referenced when testing console variable group [sys_spec_particles] = [1]
<01:44:50> [Error] [CVARS]: [MISSING] [e_ParticlesQuality] is not a registered console variable; referenced when testing console variable group [sys_spec_particles] = [1]
<01:44:50> [Error] [CVARS]: [MISSING] [e_ParticlesMotionBlur] is not a registered console variable; referenced when testing console variable group [sys_spec_particles] = [1]
<01:44:50> [Error] [CVARS]: [MISSING] [e_CullVegActivation] is not a registered console variable; referenced when testing console variable group [sys_spec_physics] = [1]
<01:44:50> [Error] [CVARS]: [MISSING] [e_FoliageWindActivationDist] is not a registered console variable; referenced when testing console variable group [sys_spec_physics] = [1]
<01:44:50> [Error] [CVARS]: [MISSING] [e_PhysOceanCell] is not a registered console variable; referenced when testing console variable group [sys_spec_physics] = [1]
<01:44:50> [Error] [CVARS]: [MISSING] [es_MaxPhysDist] is not a registered console variable; referenced when testing console variable group [sys_spec_physics] = [1]
<01:44:50> [Error] [CVARS]: [MISSING] [es_MaxPhysDistInvisible] is not a registered console variable; referenced when testing console variable group [sys_spec_physics] = [1]
<01:44:50> [Error] [CVARS]: [MISSING] [g_breakage_particles_limit] is not a registered console variable; referenced when testing console variable group [sys_spec_physics] = [1]
<01:44:50> [Error] [CVARS]: [MISSING] [g_tree_cut_reuse_dist] is not a registered console variable; referenced when testing console variable group [sys_spec_physics] = [1]
<01:44:50> [Error] [CVARS]: [MISSING] [p_max_MC_iters] is not a registered console variable; referenced when testing console variable group [sys_spec_physics] = [1]
<01:44:50> [Error] [CVARS]: [MISSING] [p_max_substeps] is not a registered console variable; referenced when testing console variable group [sys_spec_physics] = [1]
<01:44:50> [Error] [CVARS]: [MISSING] [e_PhysProxyTriLimit] is not a registered console variable; referenced when testing console variable group [sys_spec_physics] = [1]
<01:44:50> [Error] [CVARS]: [MISSING] [p_max_object_splashes] is not a registered console variable; referenced when testing console variable group [sys_spec_physics] = [1]
<01:44:50> [Error] [CVARS]: [MISSING] [p_max_substeps_large_group] is not a registered console variable; referenced when testing console variable group [sys_spec_physics] = [1]
<01:44:50> [Error] [CVARS]: [MISSING] [p_num_bodies_large_group] is not a registered console variable; referenced when testing console variable group [sys_spec_physics] = [1]
<01:44:50> [Error] [CVARS]: [MISSING] [p_splash_dist0] is not a registered console variable; referenced when testing console variable group [sys_spec_physics] = [1]
<01:44:50> [Error] [CVARS]: [MISSING] [p_splash_dist1] is not a registered console variable; referenced when testing console variable group [sys_spec_physics] = [1]
<01:44:50> [Error] [CVARS]: [MISSING] [p_splash_force0] is not a registered console variable; referenced when testing console variable group [sys_spec_physics] = [1]
<01:44:50> [Error] [CVARS]: [MISSING] [p_splash_force1] is not a registered console variable; referenced when testing console variable group [sys_spec_physics] = [1]
<01:44:50> [Error] [CVARS]: [MISSING] [p_splash_vel0] is not a registered console variable; referenced when testing console variable group [sys_spec_physics] = [1]
<01:44:50> [Error] [CVARS]: [MISSING] [p_splash_vel1] is not a registered console variable; referenced when testing console variable group [sys_spec_physics] = [1]
<01:44:50> [Error] [CVARS]: [MISSING] [e_DynamicLightsMaxEntityLights] is not a registered console variable; referenced when testing console variable group [sys_spec_shading] = [1]
<01:44:50> [Error] [CVARS]: [MISSING] [e_SkyUpdateRate] is not a registered console variable; referenced when testing console variable group [sys_spec_shading] = [1]
<01:44:50> [Error] [CVARS]: [MISSING] [e_svoTI_Apply] is not a registered console variable; referenced when testing console variable group [sys_spec_shading] = [1]
<01:44:50> [Error] [CVARS]: [MISSING] [e_svoTI_RsmConeMaxLength] is not a registered console variable; referenced when testing console variable group [sys_spec_shading] = [1]
<01:44:50> [Error] [CVARS]: [MISSING] [e_svoTI_RsmUseColors] is not a registered console variable; referenced when testing console variable group [sys_spec_shading] = [1]
<01:44:50> [Error] [CVARS]: [MISSING] [e_svoTi_Active] is not a registered console variable; referenced when testing console variable group [sys_spec_shading] = [1]
<01:44:50> [Error] [CVARS]: [MISSING] [e_svoti_LowSpecMode] is not a registered console variable; referenced when testing console variable group [sys_spec_shading] = [1]
<01:44:50> [Error] [CVARS]: [MISSING] [e_LightVolumes] is not a registered console variable; referenced when testing console variable group [sys_spec_shading] = [1]
<01:44:50> [Error] [CVARS]: [MISSING] [e_VegetationUseTerrainColor] is not a registered console variable; referenced when testing console variable group [sys_spec_shading] = [1]
<01:44:50> [Error] [CVARS]: [MISSING] [e_GsmLodsNum] is not a registered console variable; referenced when testing console variable group [sys_spec_shadows] = [1]
<01:44:50> [Error] [CVARS]: [MISSING] [e_GsmRange] is not a registered console variable; referenced when testing console variable group [sys_spec_shadows] = [1]
<01:44:50> [Error] [CVARS]: [MISSING] [e_ObjShadowCastSpec] is not a registered console variable; referenced when testing console variable group [sys_spec_shadows] = [1]
<01:44:50> [Error] [CVARS]: [MISSING] [e_ParticlesShadows] is not a registered console variable; referenced when testing console variable group [sys_spec_shadows] = [1]
<01:44:50> [Error] [CVARS]: [MISSING] [e_Shadows] is not a registered console variable; referenced when testing console variable group [sys_spec_shadows] = [1]
<01:44:50> [Error] [CVARS]: [MISSING] [e_ShadowsBlendCascades] is not a registered console variable; referenced when testing console variable group [sys_spec_shadows] = [1]
<01:44:50> [Error] [CVARS]: [MISSING] [e_ShadowsCastViewDistRatio] is not a registered console variable; referenced when testing console variable group [sys_spec_shadows] = [1]
<01:44:50> [Error] [CVARS]: [MISSING] [e_ShadowsLodBiasFixed] is not a registered console variable; referenced when testing console variable group [sys_spec_shadows] = [1]
<01:44:50> [Error] [CVARS]: [MISSING] [e_ShadowsMaxTexRes] is not a registered console variable; referenced when testing console variable group [sys_spec_shadows] = [1]
<01:44:50> [Error] [CVARS]: [MISSING] [e_ShadowsPoolSize] is not a registered console variable; referenced when testing console variable group [sys_spec_shadows] = [1]
<01:44:50> [Error] [CVARS]: [MISSING] [e_ShadowsResScale] is not a registered console variable; referenced when testing console variable group [sys_spec_shadows] = [1]
<01:44:50> [Error] [CVARS]: [MISSING] [e_ShadowsTessellateCascades] is not a registered console variable; referenced when testing console variable group [sys_spec_shadows] = [1]
<01:44:50> [Error] [CVARS]: [MISSING] [e_ShadowsTessellateDLights] is not a registered console variable; referenced when testing console variable group [sys_spec_shadows] = [1]
<01:44:50> [Error] [CVARS]: [MISSING] [e_ShadowsUpdateViewDistRatio] is not a registered console variable; referenced when testing console variable group [sys_spec_shadows] = [1]
<01:44:50> [Error] [CVARS]: [MISSING] [e_VolumetricFog] is not a registered console variable; referenced when testing console variable group [sys_spec_volumetriceffects] = [1]
<01:44:50> [Error] [CVARS]: [MISSING] [e_fog] is not a registered console variable; referenced when testing console variable group [sys_spec_volumetriceffects] = [1]
<01:44:50> [Error] [CVARS]: [MISSING] [e_Clouds] is not a registered console variable; referenced when testing console variable group [sys_spec_volumetriceffects] = [1]
<01:44:50> [Error] [CVARS]: [MISSING] [e_WaterOceanFFT] is not a registered console variable; referenced when testing console variable group [sys_spec_water] = [1]
<01:44:50> [Error] [CVARS]: [MISSING] [e_WaterTessellationAmount] is not a registered console variable; referenced when testing console variable group [sys_spec_water] = [1]
<01:44:50> [Error] [CVARS]: [MISSING] [e_WaterTessellationAmountX] is not a registered console variable; referenced when testing console variable group [sys_spec_water] = [1]
<01:44:50> [Error] [CVARS]: [MISSING] [e_WaterTessellationAmountY] is not a registered console variable; referenced when testing console variable group [sys_spec_water] = [1]
<01:44:50> [Error] [CVARS]: [MISSING] [e_WaterTessellationSwathWidth] is not a registered console variable; referenced when testing console variable group [sys_spec_water] = [1]
<01:44:50> Loading Config file game.cfg (data\game.cfg)
<01:44:50> [Warning] [CVARS]: [CHANGED] variable [sys_asserts] from [0] to [0]; Marked as [VF_CHEAT]
<01:44:50> [Warning] Modifying marked variables will not be allowed in Release mode!
<01:44:50> Stream Engine Initialization
<01:44:50> GameName: Pandemic Express
<01:44:50> BuildTime: Oct 13 2019 19:15:33
<01:44:50> Physics initialization
<01:44:50> Localized language content(english) not available or modified from the original installation.
<01:44:50> Localized language content(english) not available or modified from the original installation.
<01:44:50> Localized language content(english) not available or modified from the original installation.
<01:44:50> <Audio>: AudioSystem initialization
<01:44:50> <Audio> <0.300>: CryAudioImplWwise loaded
<01:44:52> Renderer initialization
<01:44:52> Logging video adapters:
<01:44:52> - NVIDIA GeForce RTX 3070 (vendor = 0x10de, device = 0x2484)
<01:44:52>   - Adapter index: 0
<01:44:52>   - Dedicated video memory: 8043 MB
<01:44:52>   - Feature level: DX11 (SM 5.0)
<01:44:52>   - Displays connected: yes
<01:44:52>   - Suitable rendering device: yes
<01:44:52> - Microsoft Basic Render Driver (vendor = 0x1414, device = 0x008c)
<01:44:52>   - Adapter index: 1
<01:44:52>   - Dedicated video memory: 0 MB
<01:44:52>   - Feature level: DX11 (SM 5.0)
<01:44:52>   - Displays connected: no
<01:44:52>   - Suitable rendering device: no
<01:44:52> Active GPUs: 1
<01:44:52> [Renderer] A display device has been connected to the system
<01:44:52> Loading plugin CryDefaultEntities
<01:44:52> Loading plugin CrySchematycCore
<01:44:52> DLL Failed to load, error code: 7E
<01:44:52> Loading plugin CrySchematycSTDEnv
<01:44:52> DLL Failed to load, error code: 7E
<01:44:52> Loading plugin CrySensorSystem
<01:44:52> DLL Failed to load, error code: 7E
<01:44:52> Loading extension file cryplugin.csv
<01:44:52> Loading plugin ProcAnRandGenerator.dll
<01:44:52> Loading plugin PlayFab.dll
<01:44:53> Loading plugin CEVPlayer.dll
<01:44:54> Font initialization
<01:44:54> Using FreeType 2.5.5
<01:44:54> Network initialization
<01:44:54> [net] Socket IO management: External [iocp], Internal [iocp]
<01:44:54> network hostname: DESKTOP-GKEDPQ6
<01:44:54>   ip:26.90.194.210
<01:44:54>   ip:192.168.20.16
<01:44:54> [Network Version]: PROFILE DEVELOPMENT BUILD
<01:44:54> MovieSystem initialization
<01:44:54> Console initialization
<01:44:54> Time initialization
<01:44:54> Input initialization
<01:44:54> AI initialization
<01:44:54>  
<01:44:54>     con_debug = 0 []
<01:44:54>     con_display_last_messages = 0 []
<01:44:54>     con_line_buffer_size = 1000 []
<01:44:54>     con_restricted = 0 [RESTRICTEDMODE]
<01:44:54>     con_showonload = 0 []
<01:44:54>  
<01:44:54>     con_debug = 0 []
<01:44:54>     con_display_last_messages = 0 []
<01:44:54>     con_line_buffer_size = 1000 []
<01:44:54>     con_restricted = 0 [RESTRICTEDMODE]
<01:44:54>     con_showonload = 0 []
<01:44:54>  
<01:44:54>     con_debug = 0 []
<01:44:54>  
<01:44:54>     con_debug = 0 []
<01:44:54> Initializing Animation System
<01:44:54> Initializing 3D Engine
<01:44:54> Script System Initialization
<01:44:54> Entity system initialization
<01:44:54> Initializing AI System
<01:44:55> Initializing additional systems
<01:44:55> Dynamic Response System initialization
<01:44:55> DLL Failed to load, error code: 7E
<01:44:55> No Dynamic Response System was loaded from a module, will use the NULL implementation.
<01:44:55> [Steam] Steam API initialized successfully
<01:44:55> <ThreadConfigInfo>: [XML Parsing] Thread with name "Main" already loaded. Overriding with new configuration
<01:44:55> <ThreadConfigInfo>: [XML Parsing] Thread with name "Network" already loaded. Overriding with new configuration
<01:44:55> <ThreadConfigInfo>: [XML Parsing] Thread with name "NetworkStallTicker" already loaded. Overriding with new configuration
<01:44:55> <ThreadConfigInfo>: [XML Parsing] Thread with name "ZLibCompressor" already loaded. Overriding with new configuration
<01:44:55> <ThreadConfigInfo>: [XML Parsing] Thread with name "NetworkStallTicker" already loaded. Overriding with new configuration
<01:44:55> <ThreadConfigInfo>: [XML Parsing] Thread with name "ZLibCompressor" already loaded. Overriding with new configuration
<01:44:55> <ThreadConfigInfo>: [XML Parsing] Thread with name "TelemetryCopier" already loaded. Overriding with new configuration
<01:44:55> <ThreadConfigInfo>: [XML Parsing] Thread with name "StatsAgent" already loaded. Overriding with new configuration
<01:44:55> <ThreadConfigInfo>: Thread profile loaded: "pc_8" (config/game.thread_config)  
<01:44:56> Initializing default materials...
<01:45:01> [MFX] Loading FXLib 'breakables' ...
<01:45:01> [MFX] Loading FXLib 'collisions' ...
<01:45:01> [MFX] Loading FXLib 'foley' ...
<01:45:01> [MFX] Loading FXLib 'foley_grunt' ...
<01:45:01> [MFX] Loading FXLib 'foley_player' ...
<01:45:01> [MFX] Loading FXLib 'footstep_grunt' ...
<01:45:01> [MFX] Loading FXLib 'footstep_player' ...
<01:45:01> [MFX] Loading FXLib 'footsteps' ...
<01:45:01> [MFX] Loading FXLib 'grenade' ...
<01:45:01> [MFX] Loading FXLib 'melee' ...
<01:45:01> [MFX] Loading FXLib 'player_fx' ...
<01:45:01> [MFX] Loading FXLib 'projectiles' ...
<01:45:01> [MFX] Loading FXLib 'tornado' ...
<01:45:01> [MFX] Loading FXLib 'vegetation' ...
<01:45:01> [MFX] Loading FXLib 'vehicles' ...
<01:45:01> [MFX] Loading FXLib 'breakables' ...
<01:45:01> [MFX] Loading FXLib 'collisions' ...
<01:45:01> [MFX] Loading FXLib 'foley' ...
<01:45:01> [MFX] Loading FXLib 'foley_grunt' ...
<01:45:01> [MFX] Loading FXLib 'foley_player' ...
<01:45:01> [MFX] Loading FXLib 'footstep_grunt' ...
<01:45:01> [MFX] Loading FXLib 'footstep_player' ...
<01:45:01> [MFX] Loading FXLib 'footsteps' ...
<01:45:01> [MFX] Loading FXLib 'grenade' ...
<01:45:01> [MFX] Loading FXLib 'melee' ...
<01:45:01> [MFX] Loading FXLib 'player_fx' ...
<01:45:01> [MFX] Loading FXLib 'projectiles' ...
<01:45:01> [MFX] Loading FXLib 'tornado' ...
<01:45:01> [MFX] Loading FXLib 'vegetation' ...
<01:45:01> [MFX] Loading FXLib 'vehicles' ...
<01:45:01> Creating socket on port 2838
<01:45:01> CreateDatagramSocket c1
<01:45:01> CreateDatagramSocket c2
<01:45:23> CreateDatagramSocket c1
<01:45:26> Game rules class: InstantAction
<01:45:26> ============================ PrepareLevel Multiplayer/Purgatorium_Esc ============================
<01:46:13> CryAnimation: character-definition not found: objects/characters/human/sdk_player/sdk_player.cdf
<01:46:13> CryAnimation: character-definition not found: objects/characters/human/sdk_player/sdk_player.cdf
<01:46:13> CryAnimation: character-definition not found: objects/characters/human/sdk_player/sdk_player.cdf
<01:46:13> CryAnimation: character-definition not found: objects/characters/human/sdk_player/sdk_player.cdf
<01:46:13> CryAnimation: character-definition not found: objects/characters/human/sdk_player/sdk_player.cdf
<01:46:13> CryAnimation: character-definition not found: objects/characters/human/sdk_player/sdk_player.cdf
<01:46:16> CryAnimation: character-definition not found: objects/characters/human/sdk_player/sdk_player.cdf
<01:46:16> CryAnimation: character-definition not found: objects/characters/human/sdk_player/sdk_player.cdf
<01:46:16> CryAnimation: character-definition not found: objects/characters/human/sdk_player/sdk_player.cdf
<01:46:17> PLAYERNAME Kornflakes
<01:46:18> CryAnimation: character-definition not found: objects/characters/man.cdf
<01:46:19> CryAnimation: character-definition not found: objects/characters/human/sdk_player/sdk_player.cdf
<01:46:19> CryAnimation: character-definition not found: objects/characters/human/sdk_player/sdk_player.cdf
<01:46:19> CryAnimation: character-definition not found: objects/characters/human/sdk_player/sdk_player.cdf
<01:47:16> CryAnimation: character-definition not found: objects/characters/human/sdk_player/sdk_player.cdf
<01:47:16> CryAnimation: character-definition not found: objects/characters/human/sdk_player/sdk_player.cdf
<01:47:16> CryAnimation: character-definition not found: objects/characters/human/sdk_player/sdk_player.cdf
<01:48:23> BaseInput - Shutting down all force feedback
<01:48:23> ActionGame - Shutting down all force feedback
<01:48:23> gEnv->pRenderer->Draw2dImage XXX
<01:48:25> CNetSyncSystem::~CNetSyncSystem & Crush?! packets_temp_bf(temp packet data buffs)
<01:48:25> remapped bone indices with refcount '4294967291' still around for 'zombiemodelnew/conserve_fp_nonmm.skin 0x000001F342507910
<01:48:25> remapped bone indices with refcount '4294967290' still around for 'objects/zhg_objects/characters/conserve/conserve_head.skin 0x000001F342506FB0
<01:48:25> remapped bone indices with refcount '4294967295' still around for 'objects/zhg_objects/characters/sets/vanityset/vanityset_torso.skin 0x000001F3407B9760
<01:48:25> remapped bone indices with refcount '4294967295' still around for 'objects/zhg_objects/characters/sets/vanityset/vanityset_torso.skin 0x000001F3407B7500
<01:48:25> remapped bone indices with refcount '4294967295' still around for 'objects/zhg_objects/characters/sets/vanityset/vanityset_torso.skin 0x000001F3407B9DA0
<01:48:25> remapped bone indices with refcount '4294967295' still around for 'objects/zhg_objects/characters/sets/vanityset/vanityset_pants.skin 0x000001F3407B9A80
<01:48:25> remapped bone indices with refcount '4294967295' still around for 'objects/zhg_objects/characters/sets/vanityset/vanityset_pants.skin 0x000001F3407B71E0
<01:48:25> remapped bone indices with refcount '4294967295' still around for 'objects/zhg_objects/characters/sets/vanityset/vanityset_pants.skin 0x000001F3407BAD40
<01:48:25> remapped bone indices with refcount '4294967295' still around for 'objects/zhg_objects/characters/sets/vanityset/vanityset_head.skin 0x000001F3407B7E60
<01:48:25> remapped bone indices with refcount '4294967295' still around for 'objects/zhg_objects/characters/sets/vanityset/vanityset_head.skin 0x000001F3407BA3E0
<01:48:25> remapped bone indices with refcount '4294967295' still around for 'objects/zhg_objects/characters/sets/vanityset/vanityset_head.skin 0x000001F3407B84A0
<01:48:25> remapped bone indices with refcount '4294967295' still around for 'objects/zhg_objects/characters/sets/safetyset/safetyset_head.skin 0x000001F3407B8180
<01:48:25> remapped bone indices with refcount '4294967295' still around for 'objects/zhg_objects/characters/sets/safetyset/safetyset_head.skin 0x000001F3407B9120
<01:48:25> remapped bone indices with refcount '4294967295' still around for 'objects/zhg_objects/characters/sets/safetyset/safetyset_head.skin 0x000001F3407BAA20
<01:48:25> remapped bone indices with refcount '4294967291' still around for 'objects/zhg_objects/characters/sets/rebellionset/rebellionset_torso.skin 0x000001F3407BA0C0
<01:48:25> remapped bone indices with refcount '4294967291' still around for 'objects/zhg_objects/characters/sets/rebellionset/rebellionset_torso.skin 0x000001F3407BA700
<01:48:25> remapped bone indices with refcount '4294967291' still around for 'objects/zhg_objects/characters/sets/rebellionset/rebellionset_torso.skin 0x000001F3407B8E00
<01:48:25> remapped bone indices with refcount '4294967293' still around for 'objects/zhg_objects/characters/sets/rebellionset/rebellionset_pants.skin 0x000001F33F202770
<01:48:25> remapped bone indices with refcount '4294967293' still around for 'objects/zhg_objects/characters/sets/rebellionset/rebellionset_pants.skin 0x000001F33F202450
<01:48:25> remapped bone indices with refcount '4294967293' still around for 'objects/zhg_objects/characters/sets/rebellionset/rebellionset_pants.skin 0x000001F33F201190
<01:48:25> remapped bone indices with refcount '4294967295' still around for 'objects/zhg_objects/characters/sets/rebellionset/rebellionset_head.skin 0x000001F33F200B50
<01:48:25> remapped bone indices with refcount '4294967295' still around for 'objects/zhg_objects/characters/sets/rebellionset/rebellionset_head.skin 0x000001F33F200830
<01:48:25> remapped bone indices with refcount '4294967295' still around for 'objects/zhg_objects/characters/sets/rebellionset/rebellionset_head.skin 0x000001F33F202130
<01:48:25> remapped bone indices with refcount '4294967293' still around for 'objects/zhg_objects/characters/sets/rebellionset/rebelliomset_hands.skin 0x000001F33F201E10
<01:48:25> remapped bone indices with refcount '4294967293' still around for 'objects/zhg_objects/characters/sets/rebellionset/rebelliomset_hands.skin 0x000001F33F200510
<01:48:25> remapped bone indices with refcount '4294967293' still around for 'objects/zhg_objects/characters/sets/rebellionset/rebelliomset_hands.skin 0x000001F33F1FFBB0
<01:48:25> remapped bone indices with refcount '4294967293' still around for 'objects/zhg_objects/characters/sets/rebellionset/rebelliomset_hands.skin 0x000001F33F201AF0
<01:48:25> remapped bone indices with refcount '4294967295' still around for 'objects/zhg_objects/characters/sets/loverset/loverset_torso.skin 0x000001F33F1FEC10
<01:48:25> remapped bone indices with refcount '4294967295' still around for 'objects/zhg_objects/characters/sets/loverset/loverset_torso.skin 0x000001F33F1FEF30
<01:48:25> remapped bone indices with refcount '4294967295' still around for 'objects/zhg_objects/characters/sets/loverset/loverset_torso.skin 0x000001F33F1FF250
<01:48:25> remapped bone indices with refcount '4294967295' still around for 'objects/zhg_objects/characters/sets/loverset/loverset_head.skin 0x000001F33F2001F0
<01:48:25> remapped bone indices with refcount '4294967295' still around for 'objects/zhg_objects/characters/sets/loverset/loverset_head.skin 0x000001F33F1FF570
<01:48:25> remapped bone indices with refcount '4294967295' still around for 'objects/zhg_objects/characters/sets/loverset/loverset_head.skin 0x000001F33F2017D0
<01:48:25> remapped bone indices with refcount '4294967295' still around for 'objects/zhg_objects/characters/sets/leaderset/leaderset_torso.skin 0x000001F33F1FFED0
<01:48:25> remapped bone indices with refcount '4294967295' still around for 'objects/zhg_objects/characters/sets/leaderset/leaderset_torso.skin 0x000001F33F200E70
<01:48:25> remapped bone indices with refcount '4294967295' still around for 'objects/zhg_objects/characters/sets/leaderset/leaderset_torso.skin 0x000001F33F2014B0
<01:48:25> remapped bone indices with refcount '4294967295' still around for 'objects/zhg_objects/characters/sets/leaderset/leaderset_pants.skin 0x000001F33F1FF890
<01:48:25> remapped bone indices with refcount '4294967295' still around for 'objects/zhg_objects/characters/sets/leaderset/leaderset_pants.skin 0x000001F33F322080
<01:48:25> remapped bone indices with refcount '4294967295' still around for 'objects/zhg_objects/characters/sets/leaderset/leaderset_pants.skin 0x000001F340319DF0
<01:48:25> remapped bone indices with refcount '4294967295' still around for 'objects/zhg_objects/characters/sets/leaderset/leaderset_head.skin 0x000001F34031A430
<01:48:25> remapped bone indices with refcount '4294967295' still around for 'objects/zhg_objects/characters/sets/leaderset/leaderset_head.skin 0x000001F340319490
<01:48:25> remapped bone indices with refcount '4294967295' still around for 'objects/zhg_objects/characters/sets/leaderset/leaderset_head.skin 0x000001F340319AD0
<01:48:25> remapped bone indices with refcount '4294967295' still around for 'objects/zhg_objects/characters/sets/hopefullset/hopefullset_torso.skin 0x000001F34031AA70
<01:48:25> remapped bone indices with refcount '4294967295' still around for 'objects/zhg_objects/characters/sets/hopefullset/hopefullset_torso.skin 0x000001F3403197B0
<01:48:25> remapped bone indices with refcount '4294967295' still around for 'objects/zhg_objects/characters/sets/hopefullset/hopefullset_torso.skin 0x000001F340318E50
<01:48:25> remapped bone indices with refcount '4294967295' still around for 'objects/zhg_objects/characters/sets/hopefullset/hopefullset_pants.skin 0x000001F340319170
<01:48:25> remapped bone indices with refcount '4294967295' still around for 'objects/zhg_objects/characters/sets/hopefullset/hopefullset_pants.skin 0x000001F34031A750
<01:48:25> remapped bone indices with refcount '4294967295' still around for 'objects/zhg_objects/characters/sets/hopefullset/hopefullset_pants.skin 0x000001F34031A110
<01:48:25> remapped bone indices with refcount '4294967295' still around for 'objects/zhg_objects/characters/sets/hopefullset/hopefullset_head.skin 0x000001F33F325280
<01:48:25> remapped bone indices with refcount '4294967295' still around for 'objects/zhg_objects/characters/sets/hopefullset/hopefullset_head.skin 0x000001F33F324C40
<01:48:25> remapped bone indices with refcount '4294967295' still around for 'objects/zhg_objects/characters/sets/hopefullset/hopefullset_head.skin 0x000001F33F324600
<01:48:25> remapped bone indices with refcount '4294967295' still around for 'objects/zhg_objects/characters/sets/doubtset/doubtset_head.skin 0x000001F33F323FC0
