BackupNameAttachment=" Build(0) 27 Jun 21 (07 35 13)"  -- used by backup system
Log Started at Sun Jun 27 07:35:13 2021
Built on Oct 13 2019 19:15:33
Running 64 bit Windows version
Command Line: "D:\Games\Steam\steamapps\common\Pandemic Express\Bin/win_x64/PandemicExpress.exe"
Executable: D:\Games\Steam\steamapps\common\Pandemic Express\Bin\win_x64\PandemicExpress.exe
FileVersion: 1.0.0.0
ProductVersion: 1.0.0.0
Added MOD directory <%engineroot%/engine> to CryPak

Total number of logical processors: 12
Number of available logical processors: 12
Total number of system cores: 6
Number of cores available to process: 6
 
Processor 0:
  CPU: AMD AMD Ryzen 5 3600 6-Core Processor              
  Family: 15, Model: 1, Stepping: 0
  FPU: On-Chip
  Features: FP16, SSE, SSE2, SSE3, SSE4.2, AVX, AVX2, FMA3
  Serial number not present or disabled
 
Processor 1:
  CPU: AMD AMD Ryzen 5 3600 6-Core Processor              
  Family: 15, Model: 1, Stepping: 0
  FPU: On-Chip
  Features: FP16, SSE, SSE2, SSE3, SSE4.2, AVX, AVX2, FMA3
  Serial number not present or disabled
 
Processor 2:
  CPU: AMD AMD Ryzen 5 3600 6-Core Processor              
  Family: 15, Model: 1, Stepping: 0
  FPU: On-Chip
  Features: FP16, SSE, SSE2, SSE3, SSE4.2, AVX, AVX2, FMA3
  Serial number not present or disabled
 
Processor 3:
  CPU: AMD AMD Ryzen 5 3600 6-Core Processor              
  Family: 15, Model: 1, Stepping: 0
  FPU: On-Chip
  Features: FP16, SSE, SSE2, SSE3, SSE4.2, AVX, AVX2, FMA3
  Serial number not present or disabled
 
Processor 4:
  CPU: AMD AMD Ryzen 5 3600 6-Core Processor              
  Family: 15, Model: 1, Stepping: 0
  FPU: On-Chip
  Features: FP16, SSE, SSE2, SSE3, SSE4.2, AVX, AVX2, FMA3
  Serial number not present or disabled
 
Processor 5:
  CPU: AMD AMD Ryzen 5 3600 6-Core Processor              
  Family: 15, Model: 1, Stepping: 0
  FPU: On-Chip
  Features: FP16, SSE, SSE2, SSE3, SSE4.2, AVX, AVX2, FMA3
  Serial number not present or disabled
 
<07:35:13> Loading Config file system.cfg (system.cfg)
<07:35:13> [Error] [CVARS]: [IGNORED CHANGE] variable [sys_version] from [] to [1.1.0.000.200116]; Marked as [VF_CHEAT]
<07:35:13> OnSysSpecChange(1)
<07:35:13> [Error] [CVARS]: [IGNORED CHANGE] variable [sys_asserts] from [0] to [0]; Marked as [VF_CHEAT]
<07:35:13> GameDir: DATA
<07:35:13> <ThreadConfigInfo>: Thread profile loaded: "pc_8" (config/engine_core.thread_config)  
<07:35:13> Windows 10 64 bit (build 10.0.19043)
<07:35:13> System language: English
<07:35:13> Windows Directory: "C:\Windows"
<07:35:13> Local time is 07:35:13 06/27/21, system running for 1209 minutes
<07:35:13> 16333MB physical memory installed, 10205MB available, 134217727MB virtual memory installed, 37 percent of memory in use
<07:35:13> PageFile usage: 108MB, Working Set: 125MB, Peak PageFile usage: 109MB,
<07:35:13> Current display mode is 2560x1440x32, (Unknown graphics card)
<07:35:13> IBM enhanced (101/102-key) keyboard and 16+ button mouse installed
<07:35:13> --------------------------------------------------------------------------------
<07:35:13> OnSysSpecChange(1)
<07:35:13> Loading Config file LowSpec.cfg (data\config\lowspec.cfg)
<07:35:13> Loading Config file game.cfg (data\game.cfg)
<07:35:13> [Warning] [CVARS]: [CHANGED] variable [sys_asserts] from [0] to [0]; Marked as [VF_CHEAT]
<07:35:13> [Warning] Modifying marked variables will not be allowed in Release mode!
<07:35:13> Stream Engine Initialization
<07:35:13> GameName: Pandemic Express
<07:35:13> BuildTime: Oct 13 2019 19:15:33
<07:35:13> Physics initialization
<07:35:13> Localized language content(english) not available or modified from the original installation.
<07:35:13> Localized language content(english) not available or modified from the original installation.
<07:35:13> Localized language content(english) not available or modified from the original installation.
<07:35:13> <Audio>: AudioSystem initialization
<07:35:13> <Audio> <0.584>: CryAudioImplWwise loaded
<07:35:15> Renderer initialization
<07:35:15> Logging video adapters:
<07:35:16> - NVIDIA GeForce RTX 3070 (vendor = 0x10de, device = 0x2484)
<07:35:16>   - Adapter index: 0
<07:35:16>   - Dedicated video memory: 8043 MB
<07:35:16>   - Feature level: DX11 (SM 5.0)
<07:35:16>   - Displays connected: yes
<07:35:16>   - Suitable rendering device: yes
<07:35:16> - Microsoft Basic Render Driver (vendor = 0x1414, device = 0x008c)
<07:35:16>   - Adapter index: 1
<07:35:16>   - Dedicated video memory: 0 MB
<07:35:16>   - Feature level: DX11 (SM 5.0)
<07:35:16>   - Displays connected: no
<07:35:16>   - Suitable rendering device: no
<07:35:18> Active GPUs: 1
<07:35:18> [Renderer] A display device has been connected to the system
<07:35:18> Loading plugin CryDefaultEntities
<07:35:18> Loading plugin CrySchematycCore
<07:35:18> DLL Failed to load, error code: 7E
<07:35:18> Loading plugin CrySchematycSTDEnv
<07:35:18> DLL Failed to load, error code: 7E
<07:35:18> Loading plugin CrySensorSystem
<07:35:18> DLL Failed to load, error code: 7E
<07:35:18> Loading extension file cryplugin.csv
<07:35:18> Loading plugin ProcAnRandGenerator.dll
<07:35:18> Loading plugin PlayFab.dll
<07:35:19> Loading plugin CEVPlayer.dll
<07:35:19> Font initialization
<07:35:19> Using FreeType 2.5.5
<07:35:20> Network initialization
<07:35:21> [net] Socket IO management: External [iocp], Internal [iocp]
<07:35:21> network hostname: DESKTOP-GKEDPQ6
<07:35:21>   ip:192.168.20.21
<07:35:21> [Network Version]: PROFILE DEVELOPMENT BUILD
<07:35:21> MovieSystem initialization
<07:35:21> Console initialization
<07:35:21> Time initialization
<07:35:21> Input initialization
<07:35:21> AI initialization
<07:35:21>  
<07:35:21>     con_debug = 0 []
<07:35:21>     con_display_last_messages = 0 []
<07:35:21>     con_line_buffer_size = 1000 []
<07:35:21>     con_restricted = 0 [RESTRICTEDMODE]
<07:35:21>     con_showonload = 0 []
<07:35:21>  
<07:35:21>     con_debug = 0 []
<07:35:21>     con_display_last_messages = 0 []
<07:35:21>     con_line_buffer_size = 1000 []
<07:35:21>     con_restricted = 0 [RESTRICTEDMODE]
<07:35:21>     con_showonload = 0 []
<07:35:21>  
<07:35:21>     con_debug = 0 []
<07:35:21>  
<07:35:21>     con_debug = 0 []
<07:35:21> Initializing Animation System
<07:35:21> Initializing 3D Engine
<07:35:21> Script System Initialization
<07:35:21> Entity system initialization
<07:35:21> Initializing AI System
<07:35:21> Initializing additional systems
<07:35:21> Dynamic Response System initialization
<07:35:21> DLL Failed to load, error code: 7E
<07:35:21> No Dynamic Response System was loaded from a module, will use the NULL implementation.
<07:35:22> [Steam] Steam API initialized successfully
<07:35:23> <ThreadConfigInfo>: [XML Parsing] Thread with name "Main" already loaded. Overriding with new configuration
<07:35:23> <ThreadConfigInfo>: [XML Parsing] Thread with name "Network" already loaded. Overriding with new configuration
<07:35:23> <ThreadConfigInfo>: [XML Parsing] Thread with name "NetworkStallTicker" already loaded. Overriding with new configuration
<07:35:23> <ThreadConfigInfo>: [XML Parsing] Thread with name "ZLibCompressor" already loaded. Overriding with new configuration
<07:35:23> <ThreadConfigInfo>: [XML Parsing] Thread with name "NetworkStallTicker" already loaded. Overriding with new configuration
<07:35:23> <ThreadConfigInfo>: [XML Parsing] Thread with name "ZLibCompressor" already loaded. Overriding with new configuration
<07:35:23> <ThreadConfigInfo>: [XML Parsing] Thread with name "TelemetryCopier" already loaded. Overriding with new configuration
<07:35:23> <ThreadConfigInfo>: [XML Parsing] Thread with name "StatsAgent" already loaded. Overriding with new configuration
<07:35:23> <ThreadConfigInfo>: Thread profile loaded: "pc_8" (config/game.thread_config)  
<07:35:23> Initializing default materials...
<07:35:29> [MFX] Loading FXLib 'breakables' ...
<07:35:29> [MFX] Loading FXLib 'collisions' ...
<07:35:29> [MFX] Loading FXLib 'foley' ...
<07:35:29> [MFX] Loading FXLib 'foley_grunt' ...
<07:35:29> [MFX] Loading FXLib 'foley_player' ...
<07:35:29> [MFX] Loading FXLib 'footstep_grunt' ...
<07:35:29> [MFX] Loading FXLib 'footstep_player' ...
<07:35:29> [MFX] Loading FXLib 'footsteps' ...
<07:35:29> [MFX] Loading FXLib 'grenade' ...
<07:35:29> [MFX] Loading FXLib 'melee' ...
<07:35:29> [MFX] Loading FXLib 'player_fx' ...
<07:35:29> [MFX] Loading FXLib 'projectiles' ...
<07:35:29> [MFX] Loading FXLib 'tornado' ...
<07:35:29> [MFX] Loading FXLib 'vegetation' ...
<07:35:29> [MFX] Loading FXLib 'vehicles' ...
<07:35:29> [MFX] Loading FXLib 'breakables' ...
<07:35:29> [MFX] Loading FXLib 'collisions' ...
<07:35:29> [MFX] Loading FXLib 'foley' ...
<07:35:29> [MFX] Loading FXLib 'foley_grunt' ...
<07:35:29> [MFX] Loading FXLib 'foley_player' ...
<07:35:29> [MFX] Loading FXLib 'footstep_grunt' ...
<07:35:29> [MFX] Loading FXLib 'footstep_player' ...
<07:35:29> [MFX] Loading FXLib 'footsteps' ...
<07:35:29> [MFX] Loading FXLib 'grenade' ...
<07:35:29> [MFX] Loading FXLib 'melee' ...
<07:35:29> [MFX] Loading FXLib 'player_fx' ...
<07:35:29> [MFX] Loading FXLib 'projectiles' ...
<07:35:29> [MFX] Loading FXLib 'tornado' ...
<07:35:29> [MFX] Loading FXLib 'vegetation' ...
<07:35:29> [MFX] Loading FXLib 'vehicles' ...
<07:35:29> Creating socket on port 2838
<07:35:29> CreateDatagramSocket c1
<07:35:29> CreateDatagramSocket c2
<07:35:47> CSteamLobby::IsInLobby playersCount = 0
<07:35:47> CSteamLobby::IsInLobby playersCount = 0
<07:35:47> CGameLiftClientManager::StartGameSessionFinding
<07:35:55> CGameLiftClientManager::CreateClientIOInit
<07:35:56> CSteamLobby::IsInLobby playersCount = 0
<07:35:57> CreateDatagramSocket c1
<07:36:00> Game rules class: InstantAction
<07:36:00> ============================ PrepareLevel Multiplayer/Purgatorium_Esc ============================
<07:38:53> BaseInput - Shutting down all force feedback
<07:38:53> ActionGame - Shutting down all force feedback
<07:38:53> gEnv->pRenderer->Draw2dImage XXX
