BackupNameAttachment=" Build(0) 11 Oct 21 (19 58 27)"  -- used by backup system
Log Started at Mon Oct 11 19:58:27 2021
Built on Oct 13 2019 19:15:33
Running 64 bit Windows version
Command Line: "D:\Games\Steam\steamapps\common\Pandemic Express\Bin/win_x64/PandemicExpress.exe"
Executable: D:\Games\Steam\steamapps\common\Pandemic Express\Bin\win_x64\PandemicExpress.exe
FileVersion: 1.0.0.0
ProductVersion: 1.0.0.0
Added MOD directory <%engineroot%/engine> to CryPak

Total number of logical processors: 12
Number of available logical processors: 12
Total number of system cores: 6
Number of cores available to process: 6
 
Processor 0:
  CPU: AMD AMD Ryzen 5 3600 6-Core Processor              
  Family: 15, Model: 1, Stepping: 0
  FPU: On-Chip
  Features: FP16, SSE, SSE2, SSE3, SSE4.2, AVX, AVX2, FMA3
  Serial number not present or disabled
 
Processor 1:
  CPU: AMD AMD Ryzen 5 3600 6-Core Processor              
  Family: 15, Model: 1, Stepping: 0
  FPU: On-Chip
  Features: FP16, SSE, SSE2, SSE3, SSE4.2, AVX, AVX2, FMA3
  Serial number not present or disabled
 
Processor 2:
  CPU: AMD AMD Ryzen 5 3600 6-Core Processor              
  Family: 15, Model: 1, Stepping: 0
  FPU: On-Chip
  Features: FP16, SSE, SSE2, SSE3, SSE4.2, AVX, AVX2, FMA3
  Serial number not present or disabled
 
Processor 3:
  CPU: AMD AMD Ryzen 5 3600 6-Core Processor              
  Family: 15, Model: 1, Stepping: 0
  FPU: On-Chip
  Features: FP16, SSE, SSE2, SSE3, SSE4.2, AVX, AVX2, FMA3
  Serial number not present or disabled
 
Processor 4:
  CPU: AMD AMD Ryzen 5 3600 6-Core Processor              
  Family: 15, Model: 1, Stepping: 0
  FPU: On-Chip
  Features: FP16, SSE, SSE2, SSE3, SSE4.2, AVX, AVX2, FMA3
  Serial number not present or disabled
 
Processor 5:
  CPU: AMD AMD Ryzen 5 3600 6-Core Processor              
  Family: 15, Model: 1, Stepping: 0
  FPU: On-Chip
  Features: FP16, SSE, SSE2, SSE3, SSE4.2, AVX, AVX2, FMA3
  Serial number not present or disabled
 
<19:58:27> Loading Config file system.cfg (system.cfg)
<19:58:27> [Error] [CVARS]: [IGNORED CHANGE] variable [sys_version] from [] to [1.1.0.000.200116]; Marked as [VF_CHEAT]
<19:58:27> OnSysSpecChange(1)
<19:58:27> [Error] [CVARS]: [IGNORED CHANGE] variable [sys_asserts] from [0] to [0]; Marked as [VF_CHEAT]
<19:58:27> GameDir: DATA
<19:58:27> <ThreadConfigInfo>: Thread profile loaded: "pc_8" (config/engine_core.thread_config)  
<19:58:27> Windows 10 64 bit (build 10.0.19043)
<19:58:27> System language: English
<19:58:27> Windows Directory: "C:\Windows"
<19:58:27> Local time is 19:58:27 10/11/21, system running for 241 minutes
<19:58:27> 16333MB physical memory installed, 10068MB available, 134217727MB virtual memory installed, 38 percent of memory in use
<19:58:27> PageFile usage: 76MB, Working Set: 88MB, Peak PageFile usage: 76MB,
<19:58:27> Current display mode is 2560x1440x32, (Unknown graphics card)
<19:58:27> IBM enhanced (101/102-key) keyboard and 16+ button mouse installed
<19:58:27> --------------------------------------------------------------------------------
<19:58:27> OnSysSpecChange(1)
<19:58:27> Loading Config file LowSpec.cfg (data\config\lowspec.cfg)
<19:58:27> [Error] [CVARS]: [MISSING] [mfx_Timeout] is not a registered console variable; referenced when testing console variable group [sys_spec_gameeffects] = [1]
<19:58:27> [Error] [CVARS]: [MISSING] [ca_AttachmentCullingRation] is not a registered console variable; referenced when testing console variable group [sys_spec_objectdetail] = [1]
<19:58:27> [Error] [CVARS]: [MISSING] [e_DecalsLifeTimeScale] is not a registered console variable; referenced when testing console variable group [sys_spec_objectdetail] = [1]
<19:58:27> [Error] [CVARS]: [MISSING] [e_LodRatio] is not a registered console variable; referenced when testing console variable group [sys_spec_objectdetail] = [1]
<19:58:27> [Error] [CVARS]: [MISSING] [e_MaxViewDistSpecLerp] is not a registered console variable; referenced when testing console variable group [sys_spec_objectdetail] = [1]
<19:58:27> [Error] [CVARS]: [MISSING] [e_MaxViewDistance] is not a registered console variable; referenced when testing console variable group [sys_spec_objectdetail] = [1]
<19:58:27> [Error] [CVARS]: [MISSING] [e_ObjQuality] is not a registered console variable; referenced when testing console variable group [sys_spec_objectdetail] = [1]
<19:58:27> [Error] [CVARS]: [MISSING] [e_TerrainOcclusionCullingMaxDist] is not a registered console variable; referenced when testing console variable group [sys_spec_objectdetail] = [1]
<19:58:27> [Error] [CVARS]: [MISSING] [e_VegetationMinSize] is not a registered console variable; referenced when testing console variable group [sys_spec_objectdetail] = [1]
<19:58:27> [Error] [CVARS]: [MISSING] [e_ViewDistRatio] is not a registered console variable; referenced when testing console variable group [sys_spec_objectdetail] = [1]
<19:58:27> [Error] [CVARS]: [MISSING] [e_ViewDistRatioCustom] is not a registered console variable; referenced when testing console variable group [sys_spec_objectdetail] = [1]
<19:58:27> [Error] [CVARS]: [MISSING] [e_ViewDistRatioDetail] is not a registered console variable; referenced when testing console variable group [sys_spec_objectdetail] = [1]
<19:58:27> [Error] [CVARS]: [MISSING] [e_ViewDistRatioLights] is not a registered console variable; referenced when testing console variable group [sys_spec_objectdetail] = [1]
<19:58:27> [Error] [CVARS]: [MISSING] [e_ViewDistRatioVegetation] is not a registered console variable; referenced when testing console variable group [sys_spec_objectdetail] = [1]
<19:58:27> [Error] [CVARS]: [MISSING] [es_DebrisLifetimeScale] is not a registered console variable; referenced when testing console variable group [sys_spec_objectdetail] = [1]
<19:58:27> [Error] [CVARS]: [MISSING] [e_DecalsOverlapping] is not a registered console variable; referenced when testing console variable group [sys_spec_objectdetail] = [1]
<19:58:27> [Error] [CVARS]: [MISSING] [e_LodMin] is not a registered console variable; referenced when testing console variable group [sys_spec_objectdetail] = [1]
<19:58:27> [Error] [CVARS]: [MISSING] [e_MergedMeshesInstanceDist] is not a registered console variable; referenced when testing console variable group [sys_spec_objectdetail] = [1]
<19:58:27> [Error] [CVARS]: [MISSING] [e_MergedMeshesPool] is not a registered console variable; referenced when testing console variable group [sys_spec_objectdetail] = [1]
<19:58:27> [Error] [CVARS]: [MISSING] [e_OcclusionCullingViewDistRatio] is not a registered console variable; referenced when testing console variable group [sys_spec_objectdetail] = [1]
<19:58:27> [Error] [CVARS]: [MISSING] [e_TerrainLodRatio] is not a registered console variable; referenced when testing console variable group [sys_spec_objectdetail] = [1]
<19:58:27> [Error] [CVARS]: [MISSING] [e_Tessellation] is not a registered console variable; referenced when testing console variable group [sys_spec_objectdetail] = [1]
<19:58:27> [Error] [CVARS]: [MISSING] [e_ViewDistMin] is not a registered console variable; referenced when testing console variable group [sys_spec_objectdetail] = [1]
<19:58:27> [Error] [CVARS]: [MISSING] [e_ParticlesMaxScreenFill] is not a registered console variable; referenced when testing console variable group [sys_spec_particles] = [1]
<19:58:27> [Error] [CVARS]: [MISSING] [e_ParticlesMinDrawPixels] is not a registered console variable; referenced when testing console variable group [sys_spec_particles] = [1]
<19:58:27> [Error] [CVARS]: [MISSING] [e_ParticlesObjectCollisions] is not a registered console variable; referenced when testing console variable group [sys_spec_particles] = [1]
<19:58:27> [Error] [CVARS]: [MISSING] [e_ParticlesQuality] is not a registered console variable; referenced when testing console variable group [sys_spec_particles] = [1]
<19:58:27> [Error] [CVARS]: [MISSING] [e_ParticlesMotionBlur] is not a registered console variable; referenced when testing console variable group [sys_spec_particles] = [1]
<19:58:27> [Error] [CVARS]: [MISSING] [e_CullVegActivation] is not a registered console variable; referenced when testing console variable group [sys_spec_physics] = [1]
<19:58:27> [Error] [CVARS]: [MISSING] [e_FoliageWindActivationDist] is not a registered console variable; referenced when testing console variable group [sys_spec_physics] = [1]
<19:58:27> [Error] [CVARS]: [MISSING] [e_PhysOceanCell] is not a registered console variable; referenced when testing console variable group [sys_spec_physics] = [1]
<19:58:27> [Error] [CVARS]: [MISSING] [es_MaxPhysDist] is not a registered console variable; referenced when testing console variable group [sys_spec_physics] = [1]
<19:58:27> [Error] [CVARS]: [MISSING] [es_MaxPhysDistInvisible] is not a registered console variable; referenced when testing console variable group [sys_spec_physics] = [1]
<19:58:27> [Error] [CVARS]: [MISSING] [g_breakage_particles_limit] is not a registered console variable; referenced when testing console variable group [sys_spec_physics] = [1]
<19:58:27> [Error] [CVARS]: [MISSING] [g_tree_cut_reuse_dist] is not a registered console variable; referenced when testing console variable group [sys_spec_physics] = [1]
<19:58:27> [Error] [CVARS]: [MISSING] [p_max_MC_iters] is not a registered console variable; referenced when testing console variable group [sys_spec_physics] = [1]
<19:58:27> [Error] [CVARS]: [MISSING] [p_max_substeps] is not a registered console variable; referenced when testing console variable group [sys_spec_physics] = [1]
<19:58:27> [Error] [CVARS]: [MISSING] [e_PhysProxyTriLimit] is not a registered console variable; referenced when testing console variable group [sys_spec_physics] = [1]
<19:58:27> [Error] [CVARS]: [MISSING] [p_max_object_splashes] is not a registered console variable; referenced when testing console variable group [sys_spec_physics] = [1]
<19:58:27> [Error] [CVARS]: [MISSING] [p_max_substeps_large_group] is not a registered console variable; referenced when testing console variable group [sys_spec_physics] = [1]
<19:58:27> [Error] [CVARS]: [MISSING] [p_num_bodies_large_group] is not a registered console variable; referenced when testing console variable group [sys_spec_physics] = [1]
<19:58:27> [Error] [CVARS]: [MISSING] [p_splash_dist0] is not a registered console variable; referenced when testing console variable group [sys_spec_physics] = [1]
<19:58:27> [Error] [CVARS]: [MISSING] [p_splash_dist1] is not a registered console variable; referenced when testing console variable group [sys_spec_physics] = [1]
<19:58:27> [Error] [CVARS]: [MISSING] [p_splash_force0] is not a registered console variable; referenced when testing console variable group [sys_spec_physics] = [1]
<19:58:27> [Error] [CVARS]: [MISSING] [p_splash_force1] is not a registered console variable; referenced when testing console variable group [sys_spec_physics] = [1]
<19:58:27> [Error] [CVARS]: [MISSING] [p_splash_vel0] is not a registered console variable; referenced when testing console variable group [sys_spec_physics] = [1]
<19:58:27> [Error] [CVARS]: [MISSING] [p_splash_vel1] is not a registered console variable; referenced when testing console variable group [sys_spec_physics] = [1]
<19:58:27> [Error] [CVARS]: [MISSING] [e_DynamicLightsMaxEntityLights] is not a registered console variable; referenced when testing console variable group [sys_spec_shading] = [1]
<19:58:27> [Error] [CVARS]: [MISSING] [e_SkyUpdateRate] is not a registered console variable; referenced when testing console variable group [sys_spec_shading] = [1]
<19:58:27> [Error] [CVARS]: [MISSING] [e_svoTI_Apply] is not a registered console variable; referenced when testing console variable group [sys_spec_shading] = [1]
<19:58:27> [Error] [CVARS]: [MISSING] [e_svoTI_RsmConeMaxLength] is not a registered console variable; referenced when testing console variable group [sys_spec_shading] = [1]
<19:58:27> [Error] [CVARS]: [MISSING] [e_svoTI_RsmUseColors] is not a registered console variable; referenced when testing console variable group [sys_spec_shading] = [1]
<19:58:27> [Error] [CVARS]: [MISSING] [e_svoTi_Active] is not a registered console variable; referenced when testing console variable group [sys_spec_shading] = [1]
<19:58:27> [Error] [CVARS]: [MISSING] [e_svoti_LowSpecMode] is not a registered console variable; referenced when testing console variable group [sys_spec_shading] = [1]
<19:58:27> [Error] [CVARS]: [MISSING] [e_LightVolumes] is not a registered console variable; referenced when testing console variable group [sys_spec_shading] = [1]
<19:58:27> [Error] [CVARS]: [MISSING] [e_VegetationUseTerrainColor] is not a registered console variable; referenced when testing console variable group [sys_spec_shading] = [1]
<19:58:27> [Error] [CVARS]: [MISSING] [e_GsmLodsNum] is not a registered console variable; referenced when testing console variable group [sys_spec_shadows] = [1]
<19:58:27> [Error] [CVARS]: [MISSING] [e_GsmRange] is not a registered console variable; referenced when testing console variable group [sys_spec_shadows] = [1]
<19:58:27> [Error] [CVARS]: [MISSING] [e_ObjShadowCastSpec] is not a registered console variable; referenced when testing console variable group [sys_spec_shadows] = [1]
<19:58:27> [Error] [CVARS]: [MISSING] [e_ParticlesShadows] is not a registered console variable; referenced when testing console variable group [sys_spec_shadows] = [1]
<19:58:27> [Error] [CVARS]: [MISSING] [e_Shadows] is not a registered console variable; referenced when testing console variable group [sys_spec_shadows] = [1]
<19:58:27> [Error] [CVARS]: [MISSING] [e_ShadowsBlendCascades] is not a registered console variable; referenced when testing console variable group [sys_spec_shadows] = [1]
<19:58:27> [Error] [CVARS]: [MISSING] [e_ShadowsCastViewDistRatio] is not a registered console variable; referenced when testing console variable group [sys_spec_shadows] = [1]
<19:58:27> [Error] [CVARS]: [MISSING] [e_ShadowsLodBiasFixed] is not a registered console variable; referenced when testing console variable group [sys_spec_shadows] = [1]
<19:58:27> [Error] [CVARS]: [MISSING] [e_ShadowsMaxTexRes] is not a registered console variable; referenced when testing console variable group [sys_spec_shadows] = [1]
<19:58:27> [Error] [CVARS]: [MISSING] [e_ShadowsPoolSize] is not a registered console variable; referenced when testing console variable group [sys_spec_shadows] = [1]
<19:58:27> [Error] [CVARS]: [MISSING] [e_ShadowsResScale] is not a registered console variable; referenced when testing console variable group [sys_spec_shadows] = [1]
<19:58:27> [Error] [CVARS]: [MISSING] [e_ShadowsTessellateCascades] is not a registered console variable; referenced when testing console variable group [sys_spec_shadows] = [1]
<19:58:27> [Error] [CVARS]: [MISSING] [e_ShadowsTessellateDLights] is not a registered console variable; referenced when testing console variable group [sys_spec_shadows] = [1]
<19:58:27> [Error] [CVARS]: [MISSING] [e_ShadowsUpdateViewDistRatio] is not a registered console variable; referenced when testing console variable group [sys_spec_shadows] = [1]
<19:58:27> [Error] [CVARS]: [MISSING] [e_VolumetricFog] is not a registered console variable; referenced when testing console variable group [sys_spec_volumetriceffects] = [1]
<19:58:27> [Error] [CVARS]: [MISSING] [e_fog] is not a registered console variable; referenced when testing console variable group [sys_spec_volumetriceffects] = [1]
<19:58:27> [Error] [CVARS]: [MISSING] [e_Clouds] is not a registered console variable; referenced when testing console variable group [sys_spec_volumetriceffects] = [1]
<19:58:27> [Error] [CVARS]: [MISSING] [e_WaterOceanFFT] is not a registered console variable; referenced when testing console variable group [sys_spec_water] = [1]
<19:58:27> [Error] [CVARS]: [MISSING] [e_WaterTessellationAmount] is not a registered console variable; referenced when testing console variable group [sys_spec_water] = [1]
<19:58:27> [Error] [CVARS]: [MISSING] [e_WaterTessellationAmountX] is not a registered console variable; referenced when testing console variable group [sys_spec_water] = [1]
<19:58:27> [Error] [CVARS]: [MISSING] [e_WaterTessellationAmountY] is not a registered console variable; referenced when testing console variable group [sys_spec_water] = [1]
<19:58:27> [Error] [CVARS]: [MISSING] [e_WaterTessellationSwathWidth] is not a registered console variable; referenced when testing console variable group [sys_spec_water] = [1]
<19:58:27> Loading Config file game.cfg (data\game.cfg)
<19:58:27> [Warning] [CVARS]: [CHANGED] variable [sys_asserts] from [0] to [0]; Marked as [VF_CHEAT]
<19:58:27> [Warning] Modifying marked variables will not be allowed in Release mode!
<19:58:27> Stream Engine Initialization
<19:58:27> GameName: Pandemic Express
<19:58:27> BuildTime: Oct 13 2019 19:15:33
<19:58:27> Physics initialization
<19:58:27> Localized language content(english) not available or modified from the original installation.
<19:58:27> Localized language content(english) not available or modified from the original installation.
<19:58:27> Localized language content(english) not available or modified from the original installation.
<19:58:27> <Audio>: AudioSystem initialization
<19:58:27> <Audio> <0.297>: CryAudioImplWwise loaded
<19:58:28> Renderer initialization
<19:58:28> Logging video adapters:
<19:58:29> - NVIDIA GeForce RTX 3070 (vendor = 0x10de, device = 0x2484)
<19:58:29>   - Adapter index: 0
<19:58:29>   - Dedicated video memory: 8043 MB
<19:58:29>   - Feature level: DX11 (SM 5.0)
<19:58:29>   - Displays connected: yes
<19:58:29>   - Suitable rendering device: yes
<19:58:29> - Microsoft Basic Render Driver (vendor = 0x1414, device = 0x008c)
<19:58:29>   - Adapter index: 1
<19:58:29>   - Dedicated video memory: 0 MB
<19:58:29>   - Feature level: DX11 (SM 5.0)
<19:58:29>   - Displays connected: no
<19:58:29>   - Suitable rendering device: no
<19:58:29> Active GPUs: 1
<19:58:29> [Renderer] A display device has been connected to the system
<19:58:29> Loading plugin CryDefaultEntities
<19:58:29> Loading plugin CrySchematycCore
<19:58:29> DLL Failed to load, error code: 7E
<19:58:29> Loading plugin CrySchematycSTDEnv
<19:58:29> DLL Failed to load, error code: 7E
<19:58:29> Loading plugin CrySensorSystem
<19:58:29> DLL Failed to load, error code: 7E
<19:58:29> Loading extension file cryplugin.csv
<19:58:29> Loading plugin ProcAnRandGenerator.dll
<19:58:29> Loading plugin PlayFab.dll
<19:58:30> Loading plugin CEVPlayer.dll
<19:58:31> Font initialization
<19:58:31> Using FreeType 2.5.5
<19:58:31> Network initialization
<19:58:32> [net] Socket IO management: External [iocp], Internal [iocp]
<19:58:32> network hostname: DESKTOP-GKEDPQ6
<19:58:32>   ip:26.90.194.210
<19:58:32>   ip:192.168.20.17
<19:58:32> [Network Version]: PROFILE DEVELOPMENT BUILD
<19:58:32> MovieSystem initialization
<19:58:32> Console initialization
<19:58:32> Time initialization
<19:58:32> Input initialization
<19:58:32> AI initialization
<19:58:32>  
<19:58:32>     con_debug = 0 []
<19:58:32>     con_display_last_messages = 0 []
<19:58:32>     con_line_buffer_size = 1000 []
<19:58:32>     con_restricted = 0 [RESTRICTEDMODE]
<19:58:32>     con_showonload = 0 []
<19:58:32>  
<19:58:32>     con_debug = 0 []
<19:58:32>     con_display_last_messages = 0 []
<19:58:32>     con_line_buffer_size = 1000 []
<19:58:32>     con_restricted = 0 [RESTRICTEDMODE]
<19:58:32>     con_showonload = 0 []
<19:58:32>  
<19:58:32>     con_debug = 0 []
<19:58:32>  
<19:58:32>     con_debug = 0 []
<19:58:32> Initializing Animation System
<19:58:32> Initializing 3D Engine
<19:58:32> Script System Initialization
<19:58:32> Entity system initialization
<19:58:32> Initializing AI System
<19:58:32> Initializing additional systems
<19:58:32> Dynamic Response System initialization
<19:58:32> DLL Failed to load, error code: 7E
<19:58:32> No Dynamic Response System was loaded from a module, will use the NULL implementation.
<19:58:32> [Steam] Steam API initialized successfully
<19:58:33> <ThreadConfigInfo>: [XML Parsing] Thread with name "Main" already loaded. Overriding with new configuration
<19:58:33> <ThreadConfigInfo>: [XML Parsing] Thread with name "Network" already loaded. Overriding with new configuration
<19:58:33> <ThreadConfigInfo>: [XML Parsing] Thread with name "NetworkStallTicker" already loaded. Overriding with new configuration
<19:58:33> <ThreadConfigInfo>: [XML Parsing] Thread with name "ZLibCompressor" already loaded. Overriding with new configuration
<19:58:33> <ThreadConfigInfo>: [XML Parsing] Thread with name "NetworkStallTicker" already loaded. Overriding with new configuration
<19:58:33> <ThreadConfigInfo>: [XML Parsing] Thread with name "ZLibCompressor" already loaded. Overriding with new configuration
<19:58:33> <ThreadConfigInfo>: [XML Parsing] Thread with name "TelemetryCopier" already loaded. Overriding with new configuration
<19:58:33> <ThreadConfigInfo>: [XML Parsing] Thread with name "StatsAgent" already loaded. Overriding with new configuration
<19:58:33> <ThreadConfigInfo>: Thread profile loaded: "pc_8" (config/game.thread_config)  
<19:58:33> Initializing default materials...
<19:58:39> [MFX] Loading FXLib 'breakables' ...
<19:58:39> [MFX] Loading FXLib 'collisions' ...
<19:58:39> [MFX] Loading FXLib 'foley' ...
<19:58:39> [MFX] Loading FXLib 'foley_grunt' ...
<19:58:39> [MFX] Loading FXLib 'foley_player' ...
<19:58:39> [MFX] Loading FXLib 'footstep_grunt' ...
<19:58:39> [MFX] Loading FXLib 'footstep_player' ...
<19:58:39> [MFX] Loading FXLib 'footsteps' ...
<19:58:39> [MFX] Loading FXLib 'grenade' ...
<19:58:39> [MFX] Loading FXLib 'melee' ...
<19:58:39> [MFX] Loading FXLib 'player_fx' ...
<19:58:39> [MFX] Loading FXLib 'projectiles' ...
<19:58:39> [MFX] Loading FXLib 'tornado' ...
<19:58:39> [MFX] Loading FXLib 'vegetation' ...
<19:58:39> [MFX] Loading FXLib 'vehicles' ...
<19:58:39> [MFX] Loading FXLib 'breakables' ...
<19:58:39> [MFX] Loading FXLib 'collisions' ...
<19:58:39> [MFX] Loading FXLib 'foley' ...
<19:58:39> [MFX] Loading FXLib 'foley_grunt' ...
<19:58:39> [MFX] Loading FXLib 'foley_player' ...
<19:58:39> [MFX] Loading FXLib 'footstep_grunt' ...
<19:58:39> [MFX] Loading FXLib 'footstep_player' ...
<19:58:39> [MFX] Loading FXLib 'footsteps' ...
<19:58:39> [MFX] Loading FXLib 'grenade' ...
<19:58:39> [MFX] Loading FXLib 'melee' ...
<19:58:39> [MFX] Loading FXLib 'player_fx' ...
<19:58:39> [MFX] Loading FXLib 'projectiles' ...
<19:58:39> [MFX] Loading FXLib 'tornado' ...
<19:58:39> [MFX] Loading FXLib 'vegetation' ...
<19:58:39> [MFX] Loading FXLib 'vehicles' ...
<19:58:39> Creating socket on port 2838
<19:58:39> CreateDatagramSocket c1
<19:58:39> CreateDatagramSocket c2
<19:59:04> CreateDatagramSocket c1
<19:59:07> Game rules class: InstantAction
<19:59:07> ============================ PrepareLevel Multiplayer/Purgatorium_Esc ============================
<19:59:53> CryAnimation: character-definition not found: objects/characters/human/sdk_player/sdk_player.cdf
<19:59:53> CryAnimation: character-definition not found: objects/characters/human/sdk_player/sdk_player.cdf
<19:59:53> CryAnimation: character-definition not found: objects/characters/human/sdk_player/sdk_player.cdf
<19:59:57> CryAnimation: character-definition not found: objects/characters/human/sdk_player/sdk_player.cdf
<19:59:57> CryAnimation: character-definition not found: objects/characters/human/sdk_player/sdk_player.cdf
<19:59:57> CryAnimation: character-definition not found: objects/characters/human/sdk_player/sdk_player.cdf
<19:59:59> PLAYERNAME Kornflakes
<19:59:59> CryAnimation: character-definition not found: objects/characters/man.cdf
<20:00:01> CryAnimation: character-definition not found: objects/characters/human/sdk_player/sdk_player.cdf
<20:00:01> CryAnimation: character-definition not found: objects/characters/human/sdk_player/sdk_player.cdf
<20:00:01> CryAnimation: character-definition not found: objects/characters/human/sdk_player/sdk_player.cdf
<20:01:34> gEnv->pRenderer->Draw2dImage XXX
<20:01:35> remapped bone indices with refcount '4294967291' still around for 'zombiemodelnew/conserve_fp_nonmm.skin 0x0000015FC5FD8DC0
<20:01:35> remapped bone indices with refcount '4294967290' still around for 'objects/zhg_objects/characters/conserve/conserve_head.skin 0x0000015FC5FDA3A0
<20:01:41> BaseInput - Shutting down all force feedback
<20:01:41> ActionGame - Shutting down all force feedback
<20:01:41> CNetSyncSystem::~CNetSyncSystem & Crush?! packets_temp_bf(temp packet data buffs)
