BackupNameAttachment=" Build(0) 27 Jun 21 (00 24 28)"  -- used by backup system
Log Started at Sun Jun 27 00:24:28 2021
Built on Apr  5 2019 00:15:29
Running 64 bit Windows version
Command Line: "D:\Games\Steam\steamapps\common\Pandemic Express\Bin/win_x64/PandemicExpress.exe"
Executable: D:\Games\Steam\steamapps\common\Pandemic Express\Bin\win_x64\PandemicExpress.exe
FileVersion: 1.0.0.0
ProductVersion: 1.0.0.0
Added MOD directory <%engineroot%/engine> to CryPak

Total number of logical processors: 12
Number of available logical processors: 12
Total number of system cores: 6
Number of cores available to process: 6
 
Processor 0:
  CPU: AMD AMD Ryzen 5 3600 6-Core Processor              
  Family: 15, Model: 1, Stepping: 0
  FPU: On-Chip
  Features: FP16, SSE, SSE2, SSE3, SSE4.2, AVX, AVX2, FMA3
  Serial number not present or disabled
 
Processor 1:
  CPU: AMD AMD Ryzen 5 3600 6-Core Processor              
  Family: 15, Model: 1, Stepping: 0
  FPU: On-Chip
  Features: FP16, SSE, SSE2, SSE3, SSE4.2, AVX, AVX2, FMA3
  Serial number not present or disabled
 
Processor 2:
  CPU: AMD AMD Ryzen 5 3600 6-Core Processor              
  Family: 15, Model: 1, Stepping: 0
  FPU: On-Chip
  Features: FP16, SSE, SSE2, SSE3, SSE4.2, AVX, AVX2, FMA3
  Serial number not present or disabled
 
Processor 3:
  CPU: AMD AMD Ryzen 5 3600 6-Core Processor              
  Family: 15, Model: 1, Stepping: 0
  FPU: On-Chip
  Features: FP16, SSE, SSE2, SSE3, SSE4.2, AVX, AVX2, FMA3
  Serial number not present or disabled
 
Processor 4:
  CPU: AMD AMD Ryzen 5 3600 6-Core Processor              
  Family: 15, Model: 1, Stepping: 0
  FPU: On-Chip
  Features: FP16, SSE, SSE2, SSE3, SSE4.2, AVX, AVX2, FMA3
  Serial number not present or disabled
 
Processor 5:
  CPU: AMD AMD Ryzen 5 3600 6-Core Processor              
  Family: 15, Model: 1, Stepping: 0
  FPU: On-Chip
  Features: FP16, SSE, SSE2, SSE3, SSE4.2, AVX, AVX2, FMA3
  Serial number not present or disabled
 
<00:24:28> Loading Config file system.cfg (system.cfg)
<00:24:28> [Error] [CVARS]: [IGNORED CHANGE] variable [sys_version] from [] to [0.7.9.10.190510]; Marked as [VF_CHEAT]
<00:24:28> OnSysSpecChange(1)
<00:24:28> [Error] [CVARS]: [IGNORED CHANGE] variable [sys_asserts] from [0] to [0]; Marked as [VF_CHEAT]
<00:24:28> GameDir: DATA
<00:24:28> <ThreadConfigInfo>: Thread profile loaded: "pc_8" (config/engine_core.thread_config)  
<00:24:28> Windows 10 64 bit (build 10.0.19043)
<00:24:28> System language: English
<00:24:28> Windows Directory: "C:\Windows"
<00:24:28> Local time is 00:24:28 06/27/21, system running for 778 minutes
<00:24:28> 16333MB physical memory installed, 7386MB available, 134217727MB virtual memory installed, 54 percent of memory in use
<00:24:28> PageFile usage: 108MB, Working Set: 125MB, Peak PageFile usage: 109MB,
<00:24:28> Current display mode is 2560x1440x32, (Unknown graphics card)
<00:24:28> IBM enhanced (101/102-key) keyboard and 16+ button mouse installed
<00:24:28> --------------------------------------------------------------------------------
<00:24:28> OnSysSpecChange(1)
<00:24:28> Loading Config file LowSpec.cfg (data\config\lowspec.cfg)
<00:24:28> [Error] [CVARS]: [MISSING] [mfx_Timeout] is not a registered console variable; referenced when testing console variable group [sys_spec_gameeffects] = [1]
<00:24:28> [Error] [CVARS]: [MISSING] [ca_AttachmentCullingRation] is not a registered console variable; referenced when testing console variable group [sys_spec_objectdetail] = [1]
<00:24:28> [Error] [CVARS]: [MISSING] [e_DecalsLifeTimeScale] is not a registered console variable; referenced when testing console variable group [sys_spec_objectdetail] = [1]
<00:24:28> [Error] [CVARS]: [MISSING] [e_LodRatio] is not a registered console variable; referenced when testing console variable group [sys_spec_objectdetail] = [1]
<00:24:28> [Error] [CVARS]: [MISSING] [e_MaxViewDistSpecLerp] is not a registered console variable; referenced when testing console variable group [sys_spec_objectdetail] = [1]
<00:24:28> [Error] [CVARS]: [MISSING] [e_MaxViewDistance] is not a registered console variable; referenced when testing console variable group [sys_spec_objectdetail] = [1]
<00:24:28> [Error] [CVARS]: [MISSING] [e_ObjQuality] is not a registered console variable; referenced when testing console variable group [sys_spec_objectdetail] = [1]
<00:24:28> [Error] [CVARS]: [MISSING] [e_TerrainOcclusionCullingMaxDist] is not a registered console variable; referenced when testing console variable group [sys_spec_objectdetail] = [1]
<00:24:28> [Error] [CVARS]: [MISSING] [e_VegetationMinSize] is not a registered console variable; referenced when testing console variable group [sys_spec_objectdetail] = [1]
<00:24:28> [Error] [CVARS]: [MISSING] [e_ViewDistRatio] is not a registered console variable; referenced when testing console variable group [sys_spec_objectdetail] = [1]
<00:24:28> [Error] [CVARS]: [MISSING] [e_ViewDistRatioCustom] is not a registered console variable; referenced when testing console variable group [sys_spec_objectdetail] = [1]
<00:24:28> [Error] [CVARS]: [MISSING] [e_ViewDistRatioDetail] is not a registered console variable; referenced when testing console variable group [sys_spec_objectdetail] = [1]
<00:24:28> [Error] [CVARS]: [MISSING] [e_ViewDistRatioLights] is not a registered console variable; referenced when testing console variable group [sys_spec_objectdetail] = [1]
<00:24:28> [Error] [CVARS]: [MISSING] [e_ViewDistRatioVegetation] is not a registered console variable; referenced when testing console variable group [sys_spec_objectdetail] = [1]
<00:24:28> [Error] [CVARS]: [MISSING] [es_DebrisLifetimeScale] is not a registered console variable; referenced when testing console variable group [sys_spec_objectdetail] = [1]
<00:24:28> [Error] [CVARS]: [MISSING] [e_DecalsOverlapping] is not a registered console variable; referenced when testing console variable group [sys_spec_objectdetail] = [1]
<00:24:28> [Error] [CVARS]: [MISSING] [e_LodMin] is not a registered console variable; referenced when testing console variable group [sys_spec_objectdetail] = [1]
<00:24:28> [Error] [CVARS]: [MISSING] [e_MergedMeshesInstanceDist] is not a registered console variable; referenced when testing console variable group [sys_spec_objectdetail] = [1]
<00:24:28> [Error] [CVARS]: [MISSING] [e_MergedMeshesPool] is not a registered console variable; referenced when testing console variable group [sys_spec_objectdetail] = [1]
<00:24:28> [Error] [CVARS]: [MISSING] [e_OcclusionCullingViewDistRatio] is not a registered console variable; referenced when testing console variable group [sys_spec_objectdetail] = [1]
<00:24:28> [Error] [CVARS]: [MISSING] [e_TerrainLodRatio] is not a registered console variable; referenced when testing console variable group [sys_spec_objectdetail] = [1]
<00:24:28> [Error] [CVARS]: [MISSING] [e_Tessellation] is not a registered console variable; referenced when testing console variable group [sys_spec_objectdetail] = [1]
<00:24:28> [Error] [CVARS]: [MISSING] [e_ViewDistMin] is not a registered console variable; referenced when testing console variable group [sys_spec_objectdetail] = [1]
<00:24:28> [Error] [CVARS]: [MISSING] [e_ParticlesMaxScreenFill] is not a registered console variable; referenced when testing console variable group [sys_spec_particles] = [1]
<00:24:28> [Error] [CVARS]: [MISSING] [e_ParticlesMinDrawPixels] is not a registered console variable; referenced when testing console variable group [sys_spec_particles] = [1]
<00:24:28> [Error] [CVARS]: [MISSING] [e_ParticlesObjectCollisions] is not a registered console variable; referenced when testing console variable group [sys_spec_particles] = [1]
<00:24:28> [Error] [CVARS]: [MISSING] [e_ParticlesQuality] is not a registered console variable; referenced when testing console variable group [sys_spec_particles] = [1]
<00:24:28> [Error] [CVARS]: [MISSING] [e_ParticlesMotionBlur] is not a registered console variable; referenced when testing console variable group [sys_spec_particles] = [1]
<00:24:28> [Error] [CVARS]: [MISSING] [e_CullVegActivation] is not a registered console variable; referenced when testing console variable group [sys_spec_physics] = [1]
<00:24:28> [Error] [CVARS]: [MISSING] [e_FoliageWindActivationDist] is not a registered console variable; referenced when testing console variable group [sys_spec_physics] = [1]
<00:24:28> [Error] [CVARS]: [MISSING] [e_PhysOceanCell] is not a registered console variable; referenced when testing console variable group [sys_spec_physics] = [1]
<00:24:28> [Error] [CVARS]: [MISSING] [es_MaxPhysDist] is not a registered console variable; referenced when testing console variable group [sys_spec_physics] = [1]
<00:24:28> [Error] [CVARS]: [MISSING] [es_MaxPhysDistInvisible] is not a registered console variable; referenced when testing console variable group [sys_spec_physics] = [1]
<00:24:28> [Error] [CVARS]: [MISSING] [g_breakage_particles_limit] is not a registered console variable; referenced when testing console variable group [sys_spec_physics] = [1]
<00:24:28> [Error] [CVARS]: [MISSING] [g_tree_cut_reuse_dist] is not a registered console variable; referenced when testing console variable group [sys_spec_physics] = [1]
<00:24:28> [Error] [CVARS]: [MISSING] [p_max_MC_iters] is not a registered console variable; referenced when testing console variable group [sys_spec_physics] = [1]
<00:24:28> [Error] [CVARS]: [MISSING] [p_max_substeps] is not a registered console variable; referenced when testing console variable group [sys_spec_physics] = [1]
<00:24:28> [Error] [CVARS]: [MISSING] [e_PhysProxyTriLimit] is not a registered console variable; referenced when testing console variable group [sys_spec_physics] = [1]
<00:24:28> [Error] [CVARS]: [MISSING] [p_max_object_splashes] is not a registered console variable; referenced when testing console variable group [sys_spec_physics] = [1]
<00:24:28> [Error] [CVARS]: [MISSING] [p_max_substeps_large_group] is not a registered console variable; referenced when testing console variable group [sys_spec_physics] = [1]
<00:24:28> [Error] [CVARS]: [MISSING] [p_num_bodies_large_group] is not a registered console variable; referenced when testing console variable group [sys_spec_physics] = [1]
<00:24:28> [Error] [CVARS]: [MISSING] [p_splash_dist0] is not a registered console variable; referenced when testing console variable group [sys_spec_physics] = [1]
<00:24:28> [Error] [CVARS]: [MISSING] [p_splash_dist1] is not a registered console variable; referenced when testing console variable group [sys_spec_physics] = [1]
<00:24:28> [Error] [CVARS]: [MISSING] [p_splash_force0] is not a registered console variable; referenced when testing console variable group [sys_spec_physics] = [1]
<00:24:28> [Error] [CVARS]: [MISSING] [p_splash_force1] is not a registered console variable; referenced when testing console variable group [sys_spec_physics] = [1]
<00:24:28> [Error] [CVARS]: [MISSING] [p_splash_vel0] is not a registered console variable; referenced when testing console variable group [sys_spec_physics] = [1]
<00:24:28> [Error] [CVARS]: [MISSING] [p_splash_vel1] is not a registered console variable; referenced when testing console variable group [sys_spec_physics] = [1]
<00:24:28> [Error] [CVARS]: [MISSING] [e_DynamicLightsMaxEntityLights] is not a registered console variable; referenced when testing console variable group [sys_spec_shading] = [1]
<00:24:28> [Error] [CVARS]: [MISSING] [e_SkyUpdateRate] is not a registered console variable; referenced when testing console variable group [sys_spec_shading] = [1]
<00:24:28> [Error] [CVARS]: [MISSING] [e_svoTI_Apply] is not a registered console variable; referenced when testing console variable group [sys_spec_shading] = [1]
<00:24:28> [Error] [CVARS]: [MISSING] [e_svoTI_RsmConeMaxLength] is not a registered console variable; referenced when testing console variable group [sys_spec_shading] = [1]
<00:24:28> [Error] [CVARS]: [MISSING] [e_svoTI_RsmUseColors] is not a registered console variable; referenced when testing console variable group [sys_spec_shading] = [1]
<00:24:28> [Error] [CVARS]: [MISSING] [e_svoTi_Active] is not a registered console variable; referenced when testing console variable group [sys_spec_shading] = [1]
<00:24:28> [Error] [CVARS]: [MISSING] [e_svoti_LowSpecMode] is not a registered console variable; referenced when testing console variable group [sys_spec_shading] = [1]
<00:24:28> [Error] [CVARS]: [MISSING] [e_LightVolumes] is not a registered console variable; referenced when testing console variable group [sys_spec_shading] = [1]
<00:24:28> [Error] [CVARS]: [MISSING] [e_VegetationUseTerrainColor] is not a registered console variable; referenced when testing console variable group [sys_spec_shading] = [1]
<00:24:28> [Error] [CVARS]: [MISSING] [e_GsmLodsNum] is not a registered console variable; referenced when testing console variable group [sys_spec_shadows] = [1]
<00:24:28> [Error] [CVARS]: [MISSING] [e_GsmRange] is not a registered console variable; referenced when testing console variable group [sys_spec_shadows] = [1]
<00:24:28> [Error] [CVARS]: [MISSING] [e_ObjShadowCastSpec] is not a registered console variable; referenced when testing console variable group [sys_spec_shadows] = [1]
<00:24:28> [Error] [CVARS]: [MISSING] [e_ParticlesShadows] is not a registered console variable; referenced when testing console variable group [sys_spec_shadows] = [1]
<00:24:28> [Error] [CVARS]: [MISSING] [e_Shadows] is not a registered console variable; referenced when testing console variable group [sys_spec_shadows] = [1]
<00:24:28> [Error] [CVARS]: [MISSING] [e_ShadowsBlendCascades] is not a registered console variable; referenced when testing console variable group [sys_spec_shadows] = [1]
<00:24:28> [Error] [CVARS]: [MISSING] [e_ShadowsCastViewDistRatio] is not a registered console variable; referenced when testing console variable group [sys_spec_shadows] = [1]
<00:24:28> [Error] [CVARS]: [MISSING] [e_ShadowsLodBiasFixed] is not a registered console variable; referenced when testing console variable group [sys_spec_shadows] = [1]
<00:24:28> [Error] [CVARS]: [MISSING] [e_ShadowsMaxTexRes] is not a registered console variable; referenced when testing console variable group [sys_spec_shadows] = [1]
<00:24:28> [Error] [CVARS]: [MISSING] [e_ShadowsPoolSize] is not a registered console variable; referenced when testing console variable group [sys_spec_shadows] = [1]
<00:24:28> [Error] [CVARS]: [MISSING] [e_ShadowsResScale] is not a registered console variable; referenced when testing console variable group [sys_spec_shadows] = [1]
<00:24:28> [Error] [CVARS]: [MISSING] [e_ShadowsTessellateCascades] is not a registered console variable; referenced when testing console variable group [sys_spec_shadows] = [1]
<00:24:28> [Error] [CVARS]: [MISSING] [e_ShadowsTessellateDLights] is not a registered console variable; referenced when testing console variable group [sys_spec_shadows] = [1]
<00:24:28> [Error] [CVARS]: [MISSING] [e_ShadowsUpdateViewDistRatio] is not a registered console variable; referenced when testing console variable group [sys_spec_shadows] = [1]
<00:24:28> [Error] [CVARS]: [MISSING] [e_VolumetricFog] is not a registered console variable; referenced when testing console variable group [sys_spec_volumetriceffects] = [1]
<00:24:28> [Error] [CVARS]: [MISSING] [e_fog] is not a registered console variable; referenced when testing console variable group [sys_spec_volumetriceffects] = [1]
<00:24:28> [Error] [CVARS]: [MISSING] [e_Clouds] is not a registered console variable; referenced when testing console variable group [sys_spec_volumetriceffects] = [1]
<00:24:28> [Error] [CVARS]: [MISSING] [e_WaterOceanFFT] is not a registered console variable; referenced when testing console variable group [sys_spec_water] = [1]
<00:24:28> [Error] [CVARS]: [MISSING] [e_WaterTessellationAmount] is not a registered console variable; referenced when testing console variable group [sys_spec_water] = [1]
<00:24:28> [Error] [CVARS]: [MISSING] [e_WaterTessellationAmountX] is not a registered console variable; referenced when testing console variable group [sys_spec_water] = [1]
<00:24:28> [Error] [CVARS]: [MISSING] [e_WaterTessellationAmountY] is not a registered console variable; referenced when testing console variable group [sys_spec_water] = [1]
<00:24:28> [Error] [CVARS]: [MISSING] [e_WaterTessellationSwathWidth] is not a registered console variable; referenced when testing console variable group [sys_spec_water] = [1]
<00:24:28> Loading Config file game.cfg (data\game.cfg)
<00:24:28> [Warning] [CVARS]: [CHANGED] variable [sys_asserts] from [0] to [0]; Marked as [VF_CHEAT]
<00:24:28> [Warning] Modifying marked variables will not be allowed in Release mode!
<00:24:28> Stream Engine Initialization
<00:24:28> GameName: Pandemic Express
<00:24:28> BuildTime: Apr  5 2019 00:15:29
<00:24:28> Physics initialization
<00:24:28> Localized language content(english) not available or modified from the original installation.
<00:24:28> Localized language content(english) not available or modified from the original installation.
<00:24:28> Localized language content(english) not available or modified from the original installation.
<00:24:28> <Audio>: AudioSystem initialization
<00:24:28> <Audio> <0.449>: CryAudioImplWwise loaded
<00:24:29> Renderer initialization
<00:24:29> Logging video adapters:
<00:24:31> - NVIDIA GeForce RTX 3070 (vendor = 0x10de, device = 0x2484)
<00:24:31>   - Adapter index: 0
<00:24:31>   - Dedicated video memory: 8043 MB
<00:24:31>   - Feature level: DX11 (SM 5.0)
<00:24:31>   - Displays connected: yes
<00:24:31>   - Suitable rendering device: yes
<00:24:31> - Microsoft Basic Render Driver (vendor = 0x1414, device = 0x008c)
<00:24:31>   - Adapter index: 1
<00:24:31>   - Dedicated video memory: 0 MB
<00:24:31>   - Feature level: DX11 (SM 5.0)
<00:24:31>   - Displays connected: no
<00:24:31>   - Suitable rendering device: no
<00:24:32> Active GPUs: 1
<00:24:33> [Renderer] A display device has been connected to the system
<00:24:33> Loading plugin CryDefaultEntities
<00:24:33> Loading plugin CrySchematycCore
<00:24:33> Loading plugin CrySchematycSTDEnv
<00:24:33> Loading plugin CrySensorSystem
<00:24:33> Loading extension file cryplugin.csv
<00:24:33> Loading plugin ProcAnRandGenerator.dll
<00:24:33> Loading plugin PlayFabDedicated.dll
<00:24:33> DLL Failed to load, error code: 7E
<00:24:33> Loading plugin PlayFab.dll
<00:24:33> Font initialization
<00:24:33> Using FreeType 2.5.5
<00:24:35> Network initialization
<00:24:35> [net] Socket IO management: External [iocp], Internal [iocp]
<00:24:35> network hostname: DESKTOP-GKEDPQ6
<00:24:35>   ip:192.168.20.21
<00:24:35> [Network Version]: PROFILE DEVELOPMENT BUILD
<00:24:35> MovieSystem initialization
<00:24:35> Console initialization
<00:24:35> Time initialization
<00:24:35> Input initialization
<00:24:35> AI initialization
<00:24:35>  
<00:24:35>     con_debug = 0 []
<00:24:35>     con_display_last_messages = 0 []
<00:24:35>     con_line_buffer_size = 1000 []
<00:24:35>     con_restricted = 0 [RESTRICTEDMODE]
<00:24:35>     con_showonload = 0 []
<00:24:35>  
<00:24:35>     con_debug = 0 []
<00:24:35>     con_display_last_messages = 0 []
<00:24:35>     con_line_buffer_size = 1000 []
<00:24:35>     con_restricted = 0 [RESTRICTEDMODE]
<00:24:35>     con_showonload = 0 []
<00:24:35>  
<00:24:35>     con_debug = 0 []
<00:24:35>  
<00:24:35>     con_debug = 0 []
<00:24:35> Initializing Animation System
<00:24:35> Initializing 3D Engine
<00:24:35> Script System Initialization
<00:24:35> Entity system initialization
<00:24:35> Initializing AI System
<00:24:35> Initializing additional systems
<00:24:35> Dynamic Response System initialization
<00:24:36> CGame::CGame()
<00:24:36> [Steam] Steam API initialized successfully
<00:24:36> <ThreadConfigInfo>: [XML Parsing] Thread with name "Main" already loaded. Overriding with new configuration
<00:24:36> <ThreadConfigInfo>: [XML Parsing] Thread with name "Network" already loaded. Overriding with new configuration
<00:24:36> <ThreadConfigInfo>: [XML Parsing] Thread with name "NetworkStallTicker" already loaded. Overriding with new configuration
<00:24:36> <ThreadConfigInfo>: [XML Parsing] Thread with name "ZLibCompressor" already loaded. Overriding with new configuration
<00:24:36> <ThreadConfigInfo>: [XML Parsing] Thread with name "NetworkStallTicker" already loaded. Overriding with new configuration
<00:24:36> <ThreadConfigInfo>: [XML Parsing] Thread with name "ZLibCompressor" already loaded. Overriding with new configuration
<00:24:36> <ThreadConfigInfo>: [XML Parsing] Thread with name "TelemetryCopier" already loaded. Overriding with new configuration
<00:24:36> <ThreadConfigInfo>: [XML Parsing] Thread with name "StatsAgent" already loaded. Overriding with new configuration
<00:24:36> <ThreadConfigInfo>: Thread profile loaded: "pc_8" (config/game.thread_config)  
<00:24:37> Initializing default materials...
<00:24:40> ESYSTEM_EVENT_GAME_POST_INIT_DONE
<00:24:40> [MFX] Loading FXLib 'breakables' ...
<00:24:40> [MFX] Loading FXLib 'collisions' ...
<00:24:40> [MFX] Loading FXLib 'foley' ...
<00:24:40> [MFX] Loading FXLib 'foley_grunt' ...
<00:24:40> [MFX] Loading FXLib 'foley_player' ...
<00:24:40> [MFX] Loading FXLib 'footstep_grunt' ...
<00:24:40> [MFX] Loading FXLib 'footstep_player' ...
<00:24:40> [MFX] Loading FXLib 'footsteps' ...
<00:24:40> [MFX] Loading FXLib 'grenade' ...
<00:24:40> [MFX] Loading FXLib 'melee' ...
<00:24:40> [MFX] Loading FXLib 'player_fx' ...
<00:24:40> [MFX] Loading FXLib 'projectiles' ...
<00:24:40> [MFX] Loading FXLib 'tornado' ...
<00:24:40> [MFX] Loading FXLib 'vegetation' ...
<00:24:40> [MFX] Loading FXLib 'vehicles' ...
<00:24:40> [Schematyc]: Loading...
<00:24:40> [Schematyc]: Loading settings
<00:24:40> [Schematyc]: Loading scripts
<00:24:40> [Schematyc]: Compiling scripts
<00:24:40> [Schematyc]: Loading complete
<00:24:40> Creating socket on port 2838
<00:24:40> CreateDatagramSocket c1
<00:24:40> CreateDatagramSocket c2
<00:24:49> [flow-log] DISPLAY MENU
<00:24:49> [flow-log] OPEN SETTINGS MENU
<00:25:05>     sys_spec = 1 []
<00:25:05>     sys_spec_full = 1 []
<00:25:05> [flow-log] OPEN SETTINGS MENU
<00:25:12>     sys_spec = 4 []
<00:25:12>     sys_spec_full = 4 []
<00:25:12> [flow-log] OPEN SETTINGS MENU
<00:25:19> [flow-log] OPEN SETTINGS MENU
<00:25:21> [flow-log] OPEN SETTINGS MENU
<00:25:22> [flow-log] EXIT SETTINGS MENU
<00:25:24> [MFX] Loading FXLib 'breakables' ...
<00:25:24> [MFX] Loading FXLib 'collisions' ...
<00:25:24> [MFX] Loading FXLib 'foley' ...
<00:25:24> [MFX] Loading FXLib 'foley_grunt' ...
<00:25:24> [MFX] Loading FXLib 'foley_player' ...
<00:25:24> [MFX] Loading FXLib 'footstep_grunt' ...
<00:25:24> [MFX] Loading FXLib 'footstep_player' ...
<00:25:24> [MFX] Loading FXLib 'footsteps' ...
<00:25:24> [MFX] Loading FXLib 'grenade' ...
<00:25:24> [MFX] Loading FXLib 'melee' ...
<00:25:24> [MFX] Loading FXLib 'player_fx' ...
<00:25:24> [MFX] Loading FXLib 'projectiles' ...
<00:25:24> [MFX] Loading FXLib 'tornado' ...
<00:25:24> [MFX] Loading FXLib 'vegetation' ...
<00:25:24> [MFX] Loading FXLib 'vehicles' ...
<00:25:24> CSteamLobby::IsInLobby playersCount = 0
<00:25:24> CSteamLobby::IsInLobby playersCount = 0
<00:25:24> CGameLiftClientManager::StartGameSessionFinding
<00:26:30> CSteamLobby::IsInLobby playersCount = 0
<00:26:30> CSteamLobby::IsInLobby playersCount = 0
<00:26:30> CGameLiftClientManager::StartGameSessionFinding
<00:27:14> BaseInput - Shutting down all force feedback
<00:27:14> ActionGame - Shutting down all force feedback
<00:27:14> CNetSyncSystem::~CNetSyncSystem & Crush?! packets_temp_bf(temp packet data buffs)
<00:27:15> CGame::~CGame()
<00:27:15> System:Quit
