BackupNameAttachment=" Build(0) 15 Jul 21 (22 04 33)"  -- used by backup system
Log Started at Thu Jul 15 22:04:33 2021
Built on Oct 13 2019 19:15:33
Running 64 bit Windows version
Command Line: "D:\Games\Steam\steamapps\common\Pandemic Express\Bin/win_x64/PandemicExpress.exe"
Executable: D:\Games\Steam\steamapps\common\Pandemic Express\Bin\win_x64\PandemicExpress.exe
FileVersion: 1.0.0.0
ProductVersion: 1.0.0.0
Added MOD directory <%engineroot%/engine> to CryPak

Total number of logical processors: 12
Number of available logical processors: 12
Total number of system cores: 6
Number of cores available to process: 6
 
Processor 0:
  CPU: AMD AMD Ryzen 5 3600 6-Core Processor              
  Family: 15, Model: 1, Stepping: 0
  FPU: On-Chip
  Features: FP16, SSE, SSE2, SSE3, SSE4.2, AVX, AVX2, FMA3
  Serial number not present or disabled
 
Processor 1:
  CPU: AMD AMD Ryzen 5 3600 6-Core Processor              
  Family: 15, Model: 1, Stepping: 0
  FPU: On-Chip
  Features: FP16, SSE, SSE2, SSE3, SSE4.2, AVX, AVX2, FMA3
  Serial number not present or disabled
 
Processor 2:
  CPU: AMD AMD Ryzen 5 3600 6-Core Processor              
  Family: 15, Model: 1, Stepping: 0
  FPU: On-Chip
  Features: FP16, SSE, SSE2, SSE3, SSE4.2, AVX, AVX2, FMA3
  Serial number not present or disabled
 
Processor 3:
  CPU: AMD AMD Ryzen 5 3600 6-Core Processor              
  Family: 15, Model: 1, Stepping: 0
  FPU: On-Chip
  Features: FP16, SSE, SSE2, SSE3, SSE4.2, AVX, AVX2, FMA3
  Serial number not present or disabled
 
Processor 4:
  CPU: AMD AMD Ryzen 5 3600 6-Core Processor              
  Family: 15, Model: 1, Stepping: 0
  FPU: On-Chip
  Features: FP16, SSE, SSE2, SSE3, SSE4.2, AVX, AVX2, FMA3
  Serial number not present or disabled
 
Processor 5:
  CPU: AMD AMD Ryzen 5 3600 6-Core Processor              
  Family: 15, Model: 1, Stepping: 0
  FPU: On-Chip
  Features: FP16, SSE, SSE2, SSE3, SSE4.2, AVX, AVX2, FMA3
  Serial number not present or disabled
 
<22:04:33> Loading Config file system.cfg (system.cfg)
<22:04:33> [Error] [CVARS]: [IGNORED CHANGE] variable [sys_version] from [] to [1.1.0.000.200116]; Marked as [VF_CHEAT]
<22:04:33> OnSysSpecChange(1)
<22:04:33> [Error] [CVARS]: [IGNORED CHANGE] variable [sys_asserts] from [0] to [0]; Marked as [VF_CHEAT]
<22:04:33> GameDir: DATA
<22:04:33> <ThreadConfigInfo>: Thread profile loaded: "pc_8" (config/engine_core.thread_config)  
<22:04:33> Windows 10 64 bit (build 10.0.19043)
<22:04:33> System language: English
<22:04:33> Windows Directory: "C:\Windows"
<22:04:33> Local time is 22:04:33 07/15/21, system running for 4865 minutes
<22:04:33> 16333MB physical memory installed, 10227MB available, 134217727MB virtual memory installed, 37 percent of memory in use
<22:04:33> PageFile usage: 76MB, Working Set: 88MB, Peak PageFile usage: 76MB,
<22:04:33> Current display mode is 2560x1440x32, (Unknown graphics card)
<22:04:33> IBM enhanced (101/102-key) keyboard and 16+ button mouse installed
<22:04:33> --------------------------------------------------------------------------------
<22:04:33> OnSysSpecChange(1)
<22:04:33> Loading Config file LowSpec.cfg (data\config\lowspec.cfg)
<22:04:33> [Error] [CVARS]: [MISSING] [mfx_Timeout] is not a registered console variable; referenced when testing console variable group [sys_spec_gameeffects] = [1]
<22:04:33> [Error] [CVARS]: [MISSING] [ca_AttachmentCullingRation] is not a registered console variable; referenced when testing console variable group [sys_spec_objectdetail] = [1]
<22:04:33> [Error] [CVARS]: [MISSING] [e_DecalsLifeTimeScale] is not a registered console variable; referenced when testing console variable group [sys_spec_objectdetail] = [1]
<22:04:33> [Error] [CVARS]: [MISSING] [e_LodRatio] is not a registered console variable; referenced when testing console variable group [sys_spec_objectdetail] = [1]
<22:04:33> [Error] [CVARS]: [MISSING] [e_MaxViewDistSpecLerp] is not a registered console variable; referenced when testing console variable group [sys_spec_objectdetail] = [1]
<22:04:33> [Error] [CVARS]: [MISSING] [e_MaxViewDistance] is not a registered console variable; referenced when testing console variable group [sys_spec_objectdetail] = [1]
<22:04:33> [Error] [CVARS]: [MISSING] [e_ObjQuality] is not a registered console variable; referenced when testing console variable group [sys_spec_objectdetail] = [1]
<22:04:33> [Error] [CVARS]: [MISSING] [e_TerrainOcclusionCullingMaxDist] is not a registered console variable; referenced when testing console variable group [sys_spec_objectdetail] = [1]
<22:04:33> [Error] [CVARS]: [MISSING] [e_VegetationMinSize] is not a registered console variable; referenced when testing console variable group [sys_spec_objectdetail] = [1]
<22:04:33> [Error] [CVARS]: [MISSING] [e_ViewDistRatio] is not a registered console variable; referenced when testing console variable group [sys_spec_objectdetail] = [1]
<22:04:33> [Error] [CVARS]: [MISSING] [e_ViewDistRatioCustom] is not a registered console variable; referenced when testing console variable group [sys_spec_objectdetail] = [1]
<22:04:33> [Error] [CVARS]: [MISSING] [e_ViewDistRatioDetail] is not a registered console variable; referenced when testing console variable group [sys_spec_objectdetail] = [1]
<22:04:33> [Error] [CVARS]: [MISSING] [e_ViewDistRatioLights] is not a registered console variable; referenced when testing console variable group [sys_spec_objectdetail] = [1]
<22:04:33> [Error] [CVARS]: [MISSING] [e_ViewDistRatioVegetation] is not a registered console variable; referenced when testing console variable group [sys_spec_objectdetail] = [1]
<22:04:33> [Error] [CVARS]: [MISSING] [es_DebrisLifetimeScale] is not a registered console variable; referenced when testing console variable group [sys_spec_objectdetail] = [1]
<22:04:33> [Error] [CVARS]: [MISSING] [e_DecalsOverlapping] is not a registered console variable; referenced when testing console variable group [sys_spec_objectdetail] = [1]
<22:04:33> [Error] [CVARS]: [MISSING] [e_LodMin] is not a registered console variable; referenced when testing console variable group [sys_spec_objectdetail] = [1]
<22:04:33> [Error] [CVARS]: [MISSING] [e_MergedMeshesInstanceDist] is not a registered console variable; referenced when testing console variable group [sys_spec_objectdetail] = [1]
<22:04:33> [Error] [CVARS]: [MISSING] [e_MergedMeshesPool] is not a registered console variable; referenced when testing console variable group [sys_spec_objectdetail] = [1]
<22:04:33> [Error] [CVARS]: [MISSING] [e_OcclusionCullingViewDistRatio] is not a registered console variable; referenced when testing console variable group [sys_spec_objectdetail] = [1]
<22:04:33> [Error] [CVARS]: [MISSING] [e_TerrainLodRatio] is not a registered console variable; referenced when testing console variable group [sys_spec_objectdetail] = [1]
<22:04:33> [Error] [CVARS]: [MISSING] [e_Tessellation] is not a registered console variable; referenced when testing console variable group [sys_spec_objectdetail] = [1]
<22:04:33> [Error] [CVARS]: [MISSING] [e_ViewDistMin] is not a registered console variable; referenced when testing console variable group [sys_spec_objectdetail] = [1]
<22:04:33> [Error] [CVARS]: [MISSING] [e_ParticlesMaxScreenFill] is not a registered console variable; referenced when testing console variable group [sys_spec_particles] = [1]
<22:04:33> [Error] [CVARS]: [MISSING] [e_ParticlesMinDrawPixels] is not a registered console variable; referenced when testing console variable group [sys_spec_particles] = [1]
<22:04:33> [Error] [CVARS]: [MISSING] [e_ParticlesObjectCollisions] is not a registered console variable; referenced when testing console variable group [sys_spec_particles] = [1]
<22:04:33> [Error] [CVARS]: [MISSING] [e_ParticlesQuality] is not a registered console variable; referenced when testing console variable group [sys_spec_particles] = [1]
<22:04:33> [Error] [CVARS]: [MISSING] [e_ParticlesMotionBlur] is not a registered console variable; referenced when testing console variable group [sys_spec_particles] = [1]
<22:04:33> [Error] [CVARS]: [MISSING] [e_CullVegActivation] is not a registered console variable; referenced when testing console variable group [sys_spec_physics] = [1]
<22:04:33> [Error] [CVARS]: [MISSING] [e_FoliageWindActivationDist] is not a registered console variable; referenced when testing console variable group [sys_spec_physics] = [1]
<22:04:33> [Error] [CVARS]: [MISSING] [e_PhysOceanCell] is not a registered console variable; referenced when testing console variable group [sys_spec_physics] = [1]
<22:04:33> [Error] [CVARS]: [MISSING] [es_MaxPhysDist] is not a registered console variable; referenced when testing console variable group [sys_spec_physics] = [1]
<22:04:33> [Error] [CVARS]: [MISSING] [es_MaxPhysDistInvisible] is not a registered console variable; referenced when testing console variable group [sys_spec_physics] = [1]
<22:04:33> [Error] [CVARS]: [MISSING] [g_breakage_particles_limit] is not a registered console variable; referenced when testing console variable group [sys_spec_physics] = [1]
<22:04:33> [Error] [CVARS]: [MISSING] [g_tree_cut_reuse_dist] is not a registered console variable; referenced when testing console variable group [sys_spec_physics] = [1]
<22:04:33> [Error] [CVARS]: [MISSING] [p_max_MC_iters] is not a registered console variable; referenced when testing console variable group [sys_spec_physics] = [1]
<22:04:33> [Error] [CVARS]: [MISSING] [p_max_substeps] is not a registered console variable; referenced when testing console variable group [sys_spec_physics] = [1]
<22:04:33> [Error] [CVARS]: [MISSING] [e_PhysProxyTriLimit] is not a registered console variable; referenced when testing console variable group [sys_spec_physics] = [1]
<22:04:33> [Error] [CVARS]: [MISSING] [p_max_object_splashes] is not a registered console variable; referenced when testing console variable group [sys_spec_physics] = [1]
<22:04:33> [Error] [CVARS]: [MISSING] [p_max_substeps_large_group] is not a registered console variable; referenced when testing console variable group [sys_spec_physics] = [1]
<22:04:33> [Error] [CVARS]: [MISSING] [p_num_bodies_large_group] is not a registered console variable; referenced when testing console variable group [sys_spec_physics] = [1]
<22:04:33> [Error] [CVARS]: [MISSING] [p_splash_dist0] is not a registered console variable; referenced when testing console variable group [sys_spec_physics] = [1]
<22:04:33> [Error] [CVARS]: [MISSING] [p_splash_dist1] is not a registered console variable; referenced when testing console variable group [sys_spec_physics] = [1]
<22:04:33> [Error] [CVARS]: [MISSING] [p_splash_force0] is not a registered console variable; referenced when testing console variable group [sys_spec_physics] = [1]
<22:04:33> [Error] [CVARS]: [MISSING] [p_splash_force1] is not a registered console variable; referenced when testing console variable group [sys_spec_physics] = [1]
<22:04:33> [Error] [CVARS]: [MISSING] [p_splash_vel0] is not a registered console variable; referenced when testing console variable group [sys_spec_physics] = [1]
<22:04:33> [Error] [CVARS]: [MISSING] [p_splash_vel1] is not a registered console variable; referenced when testing console variable group [sys_spec_physics] = [1]
<22:04:33> [Error] [CVARS]: [MISSING] [e_DynamicLightsMaxEntityLights] is not a registered console variable; referenced when testing console variable group [sys_spec_shading] = [1]
<22:04:33> [Error] [CVARS]: [MISSING] [e_SkyUpdateRate] is not a registered console variable; referenced when testing console variable group [sys_spec_shading] = [1]
<22:04:33> [Error] [CVARS]: [MISSING] [e_svoTI_Apply] is not a registered console variable; referenced when testing console variable group [sys_spec_shading] = [1]
<22:04:33> [Error] [CVARS]: [MISSING] [e_svoTI_RsmConeMaxLength] is not a registered console variable; referenced when testing console variable group [sys_spec_shading] = [1]
<22:04:33> [Error] [CVARS]: [MISSING] [e_svoTI_RsmUseColors] is not a registered console variable; referenced when testing console variable group [sys_spec_shading] = [1]
<22:04:33> [Error] [CVARS]: [MISSING] [e_svoTi_Active] is not a registered console variable; referenced when testing console variable group [sys_spec_shading] = [1]
<22:04:33> [Error] [CVARS]: [MISSING] [e_svoti_LowSpecMode] is not a registered console variable; referenced when testing console variable group [sys_spec_shading] = [1]
<22:04:33> [Error] [CVARS]: [MISSING] [e_LightVolumes] is not a registered console variable; referenced when testing console variable group [sys_spec_shading] = [1]
<22:04:33> [Error] [CVARS]: [MISSING] [e_VegetationUseTerrainColor] is not a registered console variable; referenced when testing console variable group [sys_spec_shading] = [1]
<22:04:33> [Error] [CVARS]: [MISSING] [e_GsmLodsNum] is not a registered console variable; referenced when testing console variable group [sys_spec_shadows] = [1]
<22:04:33> [Error] [CVARS]: [MISSING] [e_GsmRange] is not a registered console variable; referenced when testing console variable group [sys_spec_shadows] = [1]
<22:04:33> [Error] [CVARS]: [MISSING] [e_ObjShadowCastSpec] is not a registered console variable; referenced when testing console variable group [sys_spec_shadows] = [1]
<22:04:33> [Error] [CVARS]: [MISSING] [e_ParticlesShadows] is not a registered console variable; referenced when testing console variable group [sys_spec_shadows] = [1]
<22:04:33> [Error] [CVARS]: [MISSING] [e_Shadows] is not a registered console variable; referenced when testing console variable group [sys_spec_shadows] = [1]
<22:04:33> [Error] [CVARS]: [MISSING] [e_ShadowsBlendCascades] is not a registered console variable; referenced when testing console variable group [sys_spec_shadows] = [1]
<22:04:33> [Error] [CVARS]: [MISSING] [e_ShadowsCastViewDistRatio] is not a registered console variable; referenced when testing console variable group [sys_spec_shadows] = [1]
<22:04:33> [Error] [CVARS]: [MISSING] [e_ShadowsLodBiasFixed] is not a registered console variable; referenced when testing console variable group [sys_spec_shadows] = [1]
<22:04:33> [Error] [CVARS]: [MISSING] [e_ShadowsMaxTexRes] is not a registered console variable; referenced when testing console variable group [sys_spec_shadows] = [1]
<22:04:33> [Error] [CVARS]: [MISSING] [e_ShadowsPoolSize] is not a registered console variable; referenced when testing console variable group [sys_spec_shadows] = [1]
<22:04:33> [Error] [CVARS]: [MISSING] [e_ShadowsResScale] is not a registered console variable; referenced when testing console variable group [sys_spec_shadows] = [1]
<22:04:33> [Error] [CVARS]: [MISSING] [e_ShadowsTessellateCascades] is not a registered console variable; referenced when testing console variable group [sys_spec_shadows] = [1]
<22:04:33> [Error] [CVARS]: [MISSING] [e_ShadowsTessellateDLights] is not a registered console variable; referenced when testing console variable group [sys_spec_shadows] = [1]
<22:04:33> [Error] [CVARS]: [MISSING] [e_ShadowsUpdateViewDistRatio] is not a registered console variable; referenced when testing console variable group [sys_spec_shadows] = [1]
<22:04:33> [Error] [CVARS]: [MISSING] [e_VolumetricFog] is not a registered console variable; referenced when testing console variable group [sys_spec_volumetriceffects] = [1]
<22:04:33> [Error] [CVARS]: [MISSING] [e_fog] is not a registered console variable; referenced when testing console variable group [sys_spec_volumetriceffects] = [1]
<22:04:33> [Error] [CVARS]: [MISSING] [e_Clouds] is not a registered console variable; referenced when testing console variable group [sys_spec_volumetriceffects] = [1]
<22:04:33> [Error] [CVARS]: [MISSING] [e_WaterOceanFFT] is not a registered console variable; referenced when testing console variable group [sys_spec_water] = [1]
<22:04:33> [Error] [CVARS]: [MISSING] [e_WaterTessellationAmount] is not a registered console variable; referenced when testing console variable group [sys_spec_water] = [1]
<22:04:33> [Error] [CVARS]: [MISSING] [e_WaterTessellationAmountX] is not a registered console variable; referenced when testing console variable group [sys_spec_water] = [1]
<22:04:33> [Error] [CVARS]: [MISSING] [e_WaterTessellationAmountY] is not a registered console variable; referenced when testing console variable group [sys_spec_water] = [1]
<22:04:33> [Error] [CVARS]: [MISSING] [e_WaterTessellationSwathWidth] is not a registered console variable; referenced when testing console variable group [sys_spec_water] = [1]
<22:04:33> Loading Config file game.cfg (data\game.cfg)
<22:04:33> [Warning] [CVARS]: [CHANGED] variable [sys_asserts] from [0] to [0]; Marked as [VF_CHEAT]
<22:04:33> [Warning] Modifying marked variables will not be allowed in Release mode!
<22:04:33> Stream Engine Initialization
<22:04:33> GameName: Pandemic Express
<22:04:33> BuildTime: Oct 13 2019 19:15:33
<22:04:33> Physics initialization
<22:04:33> Localized language content(english) not available or modified from the original installation.
<22:04:33> Localized language content(english) not available or modified from the original installation.
<22:04:33> Localized language content(english) not available or modified from the original installation.
<22:04:33> <Audio>: AudioSystem initialization
<22:04:33> <Audio> <0.287>: CryAudioImplWwise loaded
<22:04:35> Renderer initialization
<22:04:35> Logging video adapters:
<22:04:35> - NVIDIA GeForce RTX 3070 (vendor = 0x10de, device = 0x2484)
<22:04:35>   - Adapter index: 0
<22:04:35>   - Dedicated video memory: 8043 MB
<22:04:35>   - Feature level: DX11 (SM 5.0)
<22:04:35>   - Displays connected: yes
<22:04:35>   - Suitable rendering device: yes
<22:04:35> - Microsoft Basic Render Driver (vendor = 0x1414, device = 0x008c)
<22:04:35>   - Adapter index: 1
<22:04:35>   - Dedicated video memory: 0 MB
<22:04:35>   - Feature level: DX11 (SM 5.0)
<22:04:35>   - Displays connected: no
<22:04:35>   - Suitable rendering device: no
<22:04:35> Active GPUs: 1
<22:04:35> [Renderer] A display device has been connected to the system
<22:04:35> Loading plugin CryDefaultEntities
<22:04:35> Loading plugin CrySchematycCore
<22:04:35> DLL Failed to load, error code: 7E
<22:04:35> Loading plugin CrySchematycSTDEnv
<22:04:35> DLL Failed to load, error code: 7E
<22:04:35> Loading plugin CrySensorSystem
<22:04:35> DLL Failed to load, error code: 7E
<22:04:35> Loading extension file cryplugin.csv
<22:04:35> Loading plugin ProcAnRandGenerator.dll
<22:04:35> Loading plugin PlayFab.dll
<22:04:36> Loading plugin CEVPlayer.dll
<22:04:37> Font initialization
<22:04:37> Using FreeType 2.5.5
<22:04:38> Network initialization
<22:04:38> [net] Socket IO management: External [iocp], Internal [iocp]
<22:04:38> network hostname: DESKTOP-GKEDPQ6
<22:04:38>   ip:26.90.194.210
<22:04:38>   ip:192.168.20.21
<22:04:38> [Network Version]: PROFILE DEVELOPMENT BUILD
<22:04:38> MovieSystem initialization
<22:04:38> Console initialization
<22:04:38> Time initialization
<22:04:38> Input initialization
<22:04:38> AI initialization
<22:04:38>  
<22:04:38>     con_debug = 0 []
<22:04:38>     con_display_last_messages = 0 []
<22:04:38>     con_line_buffer_size = 1000 []
<22:04:38>     con_restricted = 0 [RESTRICTEDMODE]
<22:04:38>     con_showonload = 0 []
<22:04:38>  
<22:04:38>     con_debug = 0 []
<22:04:38>     con_display_last_messages = 0 []
<22:04:38>     con_line_buffer_size = 1000 []
<22:04:38>     con_restricted = 0 [RESTRICTEDMODE]
<22:04:38>     con_showonload = 0 []
<22:04:38>  
<22:04:38>     con_debug = 0 []
<22:04:38>  
<22:04:38>     con_debug = 0 []
<22:04:38> Initializing Animation System
<22:04:38> Initializing 3D Engine
<22:04:38> Script System Initialization
<22:04:38> Entity system initialization
<22:04:38> Initializing AI System
<22:04:38> Initializing additional systems
<22:04:38> Dynamic Response System initialization
<22:04:38> DLL Failed to load, error code: 7E
<22:04:38> No Dynamic Response System was loaded from a module, will use the NULL implementation.
<22:04:38> [Steam] Steam API initialized successfully
<22:04:39> <ThreadConfigInfo>: [XML Parsing] Thread with name "Main" already loaded. Overriding with new configuration
<22:04:39> <ThreadConfigInfo>: [XML Parsing] Thread with name "Network" already loaded. Overriding with new configuration
<22:04:39> <ThreadConfigInfo>: [XML Parsing] Thread with name "NetworkStallTicker" already loaded. Overriding with new configuration
<22:04:39> <ThreadConfigInfo>: [XML Parsing] Thread with name "ZLibCompressor" already loaded. Overriding with new configuration
<22:04:39> <ThreadConfigInfo>: [XML Parsing] Thread with name "NetworkStallTicker" already loaded. Overriding with new configuration
<22:04:39> <ThreadConfigInfo>: [XML Parsing] Thread with name "ZLibCompressor" already loaded. Overriding with new configuration
<22:04:39> <ThreadConfigInfo>: [XML Parsing] Thread with name "TelemetryCopier" already loaded. Overriding with new configuration
<22:04:39> <ThreadConfigInfo>: [XML Parsing] Thread with name "StatsAgent" already loaded. Overriding with new configuration
<22:04:39> <ThreadConfigInfo>: Thread profile loaded: "pc_8" (config/game.thread_config)  
<22:04:39> Initializing default materials...
<22:04:45> [MFX] Loading FXLib 'breakables' ...
<22:04:45> [MFX] Loading FXLib 'collisions' ...
<22:04:45> [MFX] Loading FXLib 'foley' ...
<22:04:45> [MFX] Loading FXLib 'foley_grunt' ...
<22:04:45> [MFX] Loading FXLib 'foley_player' ...
<22:04:45> [MFX] Loading FXLib 'footstep_grunt' ...
<22:04:45> [MFX] Loading FXLib 'footstep_player' ...
<22:04:45> [MFX] Loading FXLib 'footsteps' ...
<22:04:45> [MFX] Loading FXLib 'grenade' ...
<22:04:45> [MFX] Loading FXLib 'melee' ...
<22:04:45> [MFX] Loading FXLib 'player_fx' ...
<22:04:45> [MFX] Loading FXLib 'projectiles' ...
<22:04:45> [MFX] Loading FXLib 'tornado' ...
<22:04:45> [MFX] Loading FXLib 'vegetation' ...
<22:04:45> [MFX] Loading FXLib 'vehicles' ...
<22:04:45> [MFX] Loading FXLib 'breakables' ...
<22:04:45> [MFX] Loading FXLib 'collisions' ...
<22:04:45> [MFX] Loading FXLib 'foley' ...
<22:04:45> [MFX] Loading FXLib 'foley_grunt' ...
<22:04:45> [MFX] Loading FXLib 'foley_player' ...
<22:04:45> [MFX] Loading FXLib 'footstep_grunt' ...
<22:04:45> [MFX] Loading FXLib 'footstep_player' ...
<22:04:45> [MFX] Loading FXLib 'footsteps' ...
<22:04:45> [MFX] Loading FXLib 'grenade' ...
<22:04:45> [MFX] Loading FXLib 'melee' ...
<22:04:45> [MFX] Loading FXLib 'player_fx' ...
<22:04:45> [MFX] Loading FXLib 'projectiles' ...
<22:04:45> [MFX] Loading FXLib 'tornado' ...
<22:04:45> [MFX] Loading FXLib 'vegetation' ...
<22:04:45> [MFX] Loading FXLib 'vehicles' ...
<22:04:45> Creating socket on port 2838
<22:04:45> CreateDatagramSocket c1
<22:04:45> CreateDatagramSocket c2
<22:05:31> Iterator 0
<22:05:31> Size 30
<22:05:31> Iterator 1
<22:05:31> Size 30
<22:05:31> Iterator 2
<22:05:31> Size 30
<22:05:31> Iterator 3
<22:05:31> Size 30
<22:05:31> Iterator 4
<22:05:31> Size 30
<22:05:31> Iterator 5
<22:05:31> Size 30
<22:05:31> Iterator 6
<22:05:31> Size 30
<22:05:31> Iterator 7
<22:05:31> Size 30
<22:05:31> Iterator 8
<22:05:31> Size 30
<22:05:31> Iterator 9
<22:05:31> Size 30
<22:05:31> Iterator 10
<22:05:31> Size 30
<22:05:31> Iterator 11
<22:05:31> Size 30
<22:05:31> Iterator 12
<22:05:31> Size 30
<22:05:31> Iterator 13
<22:05:31> Size 30
<22:05:31> Iterator 14
<22:05:31> Size 30
<22:05:31> playerName Kornflakes
<22:05:31> Iterator 15
<22:05:31> Size 30
<22:05:31> Iterator 16
<22:05:31> Size 30
<22:05:31> Iterator 17
<22:05:31> Size 30
<22:05:31> Iterator 18
<22:05:31> Size 30
<22:05:31> Iterator 19
<22:05:31> Size 30
<22:05:31> Iterator 20
<22:05:31> Size 30
<22:05:31> Iterator 21
<22:05:31> Size 30
<22:05:31> Iterator 22
<22:05:31> Size 30
<22:05:31> Iterator 23
<22:05:31> Size 30
<22:05:31> Iterator 24
<22:05:31> Size 30
<22:05:31> Iterator 25
<22:05:31> Size 30
<22:05:31> Iterator 26
<22:05:31> Size 30
<22:05:31> Iterator 27
<22:05:31> Size 30
<22:05:31> Iterator 28
<22:05:31> Size 30
<22:05:31> Iterator 29
<22:05:31> Size 30
<22:05:31> playerName Kornflakes
<22:05:31> Iterator 30
<22:05:31> Size 30
<22:05:33> Iterator 0
<22:05:33> Size 30
<22:05:33> Iterator 1
<22:05:33> Size 30
<22:05:33> Iterator 2
<22:05:33> Size 30
<22:05:33> Iterator 3
<22:05:33> Size 30
<22:05:33> Iterator 4
<22:05:33> Size 30
<22:05:33> Iterator 5
<22:05:33> Size 30
<22:05:33> Iterator 6
<22:05:33> Size 30
<22:05:33> Iterator 7
<22:05:33> Size 30
<22:05:33> Iterator 8
<22:05:33> Size 30
<22:05:33> Iterator 9
<22:05:33> Size 30
<22:05:33> Iterator 10
<22:05:33> Size 30
<22:05:33> Iterator 11
<22:05:33> Size 30
<22:05:33> Iterator 12
<22:05:33> Size 30
<22:05:33> Iterator 13
<22:05:33> Size 30
<22:05:33> Iterator 14
<22:05:33> Size 30
<22:05:33> Iterator 15
<22:05:33> Size 30
<22:05:33> Iterator 16
<22:05:33> Size 30
<22:05:33> Iterator 17
<22:05:33> Size 30
<22:05:33> Iterator 18
<22:05:33> Size 30
<22:05:34> Iterator 19
<22:05:34> Size 30
<22:05:34> Iterator 20
<22:05:34> Size 30
<22:05:34> Iterator 21
<22:05:34> Size 30
<22:05:34> Iterator 22
<22:05:34> Size 30
<22:05:34> Iterator 23
<22:05:34> Size 30
<22:05:34> Iterator 24
<22:05:34> Size 30
<22:05:34> Iterator 25
<22:05:34> Size 30
<22:05:34> Iterator 26
<22:05:34> Size 30
<22:05:34> Iterator 27
<22:05:34> Size 30
<22:05:34> Iterator 28
<22:05:34> Size 30
<22:05:34> Iterator 29
<22:05:34> Size 30
<22:05:34> Iterator 30
<22:05:34> Size 30
<22:05:45> CreateDatagramSocket c1
<22:05:47> Game rules class: InstantAction
<22:05:47> ============================ PrepareLevel Multiplayer/Purgatorium_Esc_Cw ============================
<22:06:35> CryAnimation: character-definition not found: objects/characters/human/sdk_player/sdk_player.cdf
<22:06:35> CryAnimation: character-definition not found: objects/characters/human/sdk_player/sdk_player.cdf
<22:06:35> CryAnimation: character-definition not found: objects/characters/human/sdk_player/sdk_player.cdf
<22:06:35> CryAnimation: character-definition not found: objects/characters/human/sdk_player/sdk_player.cdf
<22:06:35> CryAnimation: character-definition not found: objects/characters/human/sdk_player/sdk_player.cdf
<22:06:35> CryAnimation: character-definition not found: objects/characters/human/sdk_player/sdk_player.cdf
<22:06:35> CryAnimation: character-definition not found: objects/characters/human/sdk_player/sdk_player.cdf
<22:06:35> CryAnimation: character-definition not found: objects/characters/human/sdk_player/sdk_player.cdf
<22:06:35> CryAnimation: character-definition not found: objects/characters/human/sdk_player/sdk_player.cdf
<22:06:35> CryAnimation: character-definition not found: objects/characters/human/sdk_player/sdk_player.cdf
<22:06:35> CryAnimation: character-definition not found: objects/characters/human/sdk_player/sdk_player.cdf
<22:06:35> CryAnimation: character-definition not found: objects/characters/human/sdk_player/sdk_player.cdf
<22:06:35> CryAnimation: character-definition not found: objects/characters/human/sdk_player/sdk_player.cdf
<22:06:35> CryAnimation: character-definition not found: objects/characters/human/sdk_player/sdk_player.cdf
<22:06:35> CryAnimation: character-definition not found: objects/characters/human/sdk_player/sdk_player.cdf
<22:06:35> CryAnimation: character-definition not found: objects/characters/human/sdk_player/sdk_player.cdf
<22:06:35> CryAnimation: character-definition not found: objects/characters/human/sdk_player/sdk_player.cdf
<22:06:35> CryAnimation: character-definition not found: objects/characters/human/sdk_player/sdk_player.cdf
<22:06:35> CryAnimation: character-definition not found: objects/characters/human/sdk_player/sdk_player.cdf
<22:06:35> CryAnimation: character-definition not found: objects/characters/human/sdk_player/sdk_player.cdf
<22:06:35> CryAnimation: character-definition not found: objects/characters/human/sdk_player/sdk_player.cdf
<22:06:35> CryAnimation: character-definition not found: objects/characters/human/sdk_player/sdk_player.cdf
<22:06:35> CryAnimation: character-definition not found: objects/characters/human/sdk_player/sdk_player.cdf
<22:06:35> CryAnimation: character-definition not found: objects/characters/human/sdk_player/sdk_player.cdf
<22:06:36> CryAnimation: character-definition not found: objects/characters/human/sdk_player/sdk_player.cdf
<22:06:36> CryAnimation: character-definition not found: objects/characters/human/sdk_player/sdk_player.cdf
<22:06:36> CryAnimation: character-definition not found: objects/characters/human/sdk_player/sdk_player.cdf
<22:06:36> CryAnimation: character-definition not found: objects/characters/human/sdk_player/sdk_player.cdf
<22:06:36> CryAnimation: character-definition not found: objects/characters/human/sdk_player/sdk_player.cdf
<22:06:36> CryAnimation: character-definition not found: objects/characters/human/sdk_player/sdk_player.cdf
<22:06:38> CryAnimation: character-definition not found: objects/characters/human/sdk_player/sdk_player.cdf
<22:06:38> CryAnimation: character-definition not found: objects/characters/human/sdk_player/sdk_player.cdf
<22:06:38> CryAnimation: character-definition not found: objects/characters/human/sdk_player/sdk_player.cdf
<22:06:42> PLAYERNAME Kornflakes
<22:06:43> CryAnimation: character-definition not found: objects/characters/man.cdf
<22:06:45> CryAnimation: character-definition not found: objects/characters/human/sdk_player/sdk_player.cdf
<22:06:45> CryAnimation: character-definition not found: objects/characters/human/sdk_player/sdk_player.cdf
<22:06:45> CryAnimation: character-definition not found: objects/characters/human/sdk_player/sdk_player.cdf
<22:07:23> CryAnimation: character-definition not found: objects/characters/human/sdk_player/sdk_player.cdf
<22:07:23> CryAnimation: character-definition not found: objects/characters/human/sdk_player/sdk_player.cdf
<22:07:23> CryAnimation: character-definition not found: objects/characters/human/sdk_player/sdk_player.cdf
<22:08:00> CVehicleSeat::NetSetPassengerId c2
<22:08:00> CVehicleSeat::Enter called
<22:08:02> CVehicleSeat::Exit called
<22:08:02> CVehicleSeat::Exit called c2
<22:08:02> ClProcessLeave call
<22:08:06> CryAnimation: character-definition not found: objects/characters/human/sdk_player/sdk_player.cdf
<22:08:06> CryAnimation: character-definition not found: objects/characters/human/sdk_player/sdk_player.cdf
<22:08:06> CryAnimation: character-definition not found: objects/characters/human/sdk_player/sdk_player.cdf
<22:08:25> CVehicleSeat::NetSetPassengerId c2
<22:08:25> CVehicleSeat::Enter called
<22:08:31> CVehicleSeat::Exit called
<22:08:31> CVehicleSeat::Exit called c2
<22:08:31> ClProcessLeave call
<22:08:36> ClReplDropOpen !params.r_openedDr
<22:08:51> CryAnimation: character-definition not found: objects/characters/human/sdk_player/sdk_player.cdf
<22:08:51> CryAnimation: character-definition not found: objects/characters/human/sdk_player/sdk_player.cdf
<22:08:51> CryAnimation: character-definition not found: objects/characters/human/sdk_player/sdk_player.cdf
<22:09:14> st_used_prerec_msg 
<22:09:16> ed_prerec_msg 
<22:09:36> d_prerec_msg 
<22:09:48> _used_prerec_msg 
<22:09:48> ClReplDropOpen !params.r_openedDr
<22:09:52> sed_prerec_msg 
<22:10:12> d_prerec_msg 
<22:10:14> st_used_prerec_msg 
<22:10:34> ClReplDropOpen !params.r_openedDr
<22:10:39> ClReplDropOpen !params.r_openedDr
<22:10:49> sed_prerec_msg 
<22:10:50> ClReplDropOpen !params.r_openedDr
<22:10:52> _used_prerec_msg 
<22:11:21> CHUDNv::showPickArmorGradient()
<22:11:48> _used_prerec_msg 
<22:12:08> CVehicleSeat::NetSetPassengerId c2
<22:12:08> CVehicleSeat::Enter called
<22:12:12> CryAnimation: character-definition not found: objects/characters/human/sdk_player/sdk_player.cdf
<22:12:12> CryAnimation: character-definition not found: objects/characters/human/sdk_player/sdk_player.cdf
<22:12:12> CryAnimation: character-definition not found: objects/characters/human/sdk_player/sdk_player.cdf
<22:12:33> CHUDNv::showPickArmorGradient()
<22:12:40> CHUDNv::showPickArmorGradient()
<22:12:45> d_prerec_msg 
<22:13:28> CVehicleSeat::Exit called
<22:13:28> CVehicleSeat::Exit called c2
<22:13:28> ClProcessLeave call
<22:13:29> d_prerec_msg 
<22:13:31> d_prerec_msg 
<22:13:32> st_used_prerec_msg 
<22:13:33> _used_prerec_msg 
<22:13:36> _used_prerec_msg 
<22:13:42> _used_prerec_msg 
<22:14:11> CVehicleSeat::NetSetPassengerId c2
<22:14:11> CVehicleSeat::Enter called
<22:14:13> CVehicleSeat::Exit called
<22:14:13> CVehicleSeat::Exit called c2
<22:14:13> ClProcessLeave call
<22:14:45> CVehicleSeat::NetSetPassengerId c2
<22:14:45> CVehicleSeat::Enter called
<22:14:50> CVehicleSeat::Exit called
<22:14:50> CVehicleSeat::Exit called c2
<22:14:50> ClProcessLeave call
<22:15:21> ast_used_prerec_msg 
<22:15:22> CTrain::SmplPlaySnd train_gts
<22:15:29> d_prerec_msg 
<22:15:29> d_prerec_msg 
<22:15:36> d_prerec_msg 
<22:15:36> d_prerec_msg 
<22:15:39> sed_prerec_msg 
<22:15:42> _used_prerec_msg 
<22:16:11> CVehicleSeat::NetSetPassengerId c2
<22:16:11> CVehicleSeat::Enter called
<22:16:11> CVehicleSeat::NetSetPassengerId c2
<22:16:11> CVehicleSeat::Enter called
<22:16:12> CVehicleSeat::Exit called
<22:16:12> CVehicleSeat::Exit called c2
<22:16:12> ClProcessLeave call
<22:16:15> CVehicleSeat::NetSetPassengerId c2
<22:16:15> CVehicleSeat::Enter called
<22:16:16> CVehicleSeat::Exit called
<22:16:16> CVehicleSeat::Exit called c2
<22:16:16> ClProcessLeave call
<22:16:16> CVehicleSeat::Exit called
<22:16:16> CVehicleSeat::Exit called c2
<22:16:16> ClProcessLeave call
<22:16:22> CVehicleSeat::NetSetPassengerId c2
<22:16:22> CVehicleSeat::Enter called
<22:16:22> CVehicleSeat::Exit called
<22:16:22> CVehicleSeat::Exit called c2
<22:16:22> ClProcessLeave call
<22:16:23> CVehicleSeat::NetSetPassengerId c2
<22:16:23> CVehicleSeat::Enter called
<22:16:24> CVehicleSeat::NetSetPassengerId c2
<22:16:24> CVehicleSeat::Enter called
<22:16:24> sed_prerec_msg 
<22:16:25> CVehicleSeat::Exit called
<22:16:25> CVehicleSeat::Exit called c2
<22:16:25> ClProcessLeave call
<22:16:30> CVehicle::OnAction eVAI_Exit
<22:16:31> CVehicleSeat::Exit called
<22:16:31> CVehicleSeat::Exit called c2
<22:16:31> ClProcessLeave call
<22:17:31> st_used_prerec_msg 
<22:18:32> gEnv->pRenderer->Draw2dImage XXX
<22:18:34> remapped bone indices with refcount '4294967292' still around for 'zombiemodelnew/conserve_fp_nonmm.skin 0x000001BF412C6FE0
<22:18:34> remapped bone indices with refcount '4294967292' still around for 'objects/zhg_objects/characters/conserve/conserve_head.skin 0x000001BF412C4420
<22:18:34> remapped bone indices with refcount '4294967290' still around for 'objects/zhg_objects/characters/sets/vanityset/vanityset_torso.skin 0x000001BF40954940
<22:18:34> remapped bone indices with refcount '4294967290' still around for 'objects/zhg_objects/characters/sets/vanityset/vanityset_torso.skin 0x000001BF40954620
<22:18:34> remapped bone indices with refcount '4294967290' still around for 'objects/zhg_objects/characters/sets/vanityset/vanityset_torso.skin 0x000001BF40953360
<22:18:34> remapped bone indices with refcount '4294967290' still around for 'objects/zhg_objects/characters/sets/vanityset/vanityset_pants.skin 0x000001BF40954300
<22:18:34> remapped bone indices with refcount '4294967290' still around for 'objects/zhg_objects/characters/sets/vanityset/vanityset_pants.skin 0x000001BF40953FE0
<22:18:34> remapped bone indices with refcount '4294967290' still around for 'objects/zhg_objects/characters/sets/vanityset/vanityset_pants.skin 0x000001BF40953CC0
<22:18:34> remapped bone indices with refcount '4294967290' still around for 'objects/zhg_objects/characters/sets/vanityset/vanityset_head.skin 0x000001BF409555C0
<22:18:34> remapped bone indices with refcount '4294967290' still around for 'objects/zhg_objects/characters/sets/vanityset/vanityset_head.skin 0x000001BF40953040
<22:18:34> remapped bone indices with refcount '4294967290' still around for 'objects/zhg_objects/characters/sets/vanityset/vanityset_head.skin 0x000001BF40952A00
<22:18:34> remapped bone indices with refcount '4294967290' still around for 'objects/zhg_objects/characters/sets/safetyset/safetyset_head.skin 0x000001BF40955C00
<22:18:34> remapped bone indices with refcount '4294967290' still around for 'objects/zhg_objects/characters/sets/safetyset/safetyset_head.skin 0x000001BF40952D20
<22:18:34> remapped bone indices with refcount '4294967290' still around for 'objects/zhg_objects/characters/sets/safetyset/safetyset_head.skin 0x000001BF40953680
<22:18:34> remapped bone indices with refcount '4294967276' still around for 'objects/zhg_objects/characters/sets/rebellionset/rebellionset_torso.skin 0x000001BF409526E0
<22:18:34> remapped bone indices with refcount '4294967276' still around for 'objects/zhg_objects/characters/sets/rebellionset/rebellionset_torso.skin 0x000001BF409523C0
<22:18:34> remapped bone indices with refcount '4294967276' still around for 'objects/zhg_objects/characters/sets/rebellionset/rebellionset_torso.skin 0x000001BF409558E0
<22:18:34> remapped bone indices with refcount '4294967283' still around for 'objects/zhg_objects/characters/sets/rebellionset/rebellionset_pants.skin 0x000001BF409520A0
<22:18:34> remapped bone indices with refcount '4294967283' still around for 'objects/zhg_objects/characters/sets/rebellionset/rebellionset_pants.skin 0x000001BF409539A0
<22:18:34> remapped bone indices with refcount '4294967283' still around for 'objects/zhg_objects/characters/sets/rebellionset/rebellionset_pants.skin 0x000001BF40A539E0
<22:18:34> remapped bone indices with refcount '4294967290' still around for 'objects/zhg_objects/characters/sets/rebellionset/rebellionset_head.skin 0x000001BF40A536C0
<22:18:34> remapped bone indices with refcount '4294967290' still around for 'objects/zhg_objects/characters/sets/rebellionset/rebellionset_head.skin 0x000001BF40A533A0
<22:18:34> remapped bone indices with refcount '4294967290' still around for 'objects/zhg_objects/characters/sets/rebellionset/rebellionset_head.skin 0x000001BF40A52D60
<22:18:34> remapped bone indices with refcount '4294967283' still around for 'objects/zhg_objects/characters/sets/rebellionset/rebelliomset_hands.skin 0x000001BF40A52A40
<22:18:34> remapped bone indices with refcount '4294967283' still around for 'objects/zhg_objects/characters/sets/rebellionset/rebelliomset_hands.skin 0x000001BF40A520E0
<22:18:34> remapped bone indices with refcount '4294967283' still around for 'objects/zhg_objects/characters/sets/rebellionset/rebelliomset_hands.skin 0x000001BF40A504C0
<22:18:34> remapped bone indices with refcount '4294967283' still around for 'objects/zhg_objects/characters/sets/rebellionset/rebelliomset_hands.skin 0x000001BF40A53080
<22:18:34> remapped bone indices with refcount '4294967290' still around for 'objects/zhg_objects/characters/sets/loverset/loverset_torso.skin 0x000001BF40A51AA0
<22:18:34> remapped bone indices with refcount '4294967290' still around for 'objects/zhg_objects/characters/sets/loverset/loverset_torso.skin 0x000001BF40A51140
<22:18:34> remapped bone indices with refcount '4294967290' still around for 'objects/zhg_objects/characters/sets/loverset/loverset_torso.skin 0x000001BF40A52400
<22:18:34> remapped bone indices with refcount '4294967290' still around for 'objects/zhg_objects/characters/sets/loverset/loverset_head.skin 0x000001BF40A53D00
<22:18:34> remapped bone indices with refcount '4294967290' still around for 'objects/zhg_objects/characters/sets/loverset/loverset_head.skin 0x000001BF40A50B00
<22:18:34> remapped bone indices with refcount '4294967290' still around for 'objects/zhg_objects/characters/sets/loverset/loverset_head.skin 0x000001BF40A54020
<22:18:34> remapped bone indices with refcount '4294967290' still around for 'objects/zhg_objects/characters/sets/leaderset/leaderset_torso.skin 0x000001BF40A507E0
<22:18:34> remapped bone indices with refcount '4294967290' still around for 'objects/zhg_objects/characters/sets/leaderset/leaderset_torso.skin 0x000001BF40A51DC0
<22:18:34> remapped bone indices with refcount '4294967290' still around for 'objects/zhg_objects/characters/sets/leaderset/leaderset_torso.skin 0x000001BF40A50E20
<22:18:34> remapped bone indices with refcount '4294967290' still around for 'objects/zhg_objects/characters/sets/leaderset/leaderset_pants.skin 0x000001BF40A51780
<22:18:34> remapped bone indices with refcount '4294967290' still around for 'objects/zhg_objects/characters/sets/leaderset/leaderset_pants.skin 0x000001BF40A51460
<22:18:34> remapped bone indices with refcount '4294967290' still around for 'objects/zhg_objects/characters/sets/leaderset/leaderset_pants.skin 0x000001BF40A52720
<22:18:34> remapped bone indices with refcount '4294967290' still around for 'objects/zhg_objects/characters/sets/leaderset/leaderset_head.skin 0x000001BF32B8A650
<22:18:34> remapped bone indices with refcount '4294967290' still around for 'objects/zhg_objects/characters/sets/leaderset/leaderset_head.skin 0x000001BF32B8A010
<22:18:34> remapped bone indices with refcount '4294967290' still around for 'objects/zhg_objects/characters/sets/leaderset/leaderset_head.skin 0x000001BF32B896B0
<22:18:34> remapped bone indices with refcount '4294967290' still around for 'objects/zhg_objects/characters/sets/hopefullset/hopefullset_torso.skin 0x000001BF32B89390
<22:18:34> remapped bone indices with refcount '4294967290' still around for 'objects/zhg_objects/characters/sets/hopefullset/hopefullset_torso.skin 0x000001BF32B8A330
<22:18:34> remapped bone indices with refcount '4294967290' still around for 'objects/zhg_objects/characters/sets/hopefullset/hopefullset_torso.skin 0x000001BF32B8AC90
<22:18:34> remapped bone indices with refcount '4294967290' still around for 'objects/zhg_objects/characters/sets/hopefullset/hopefullset_pants.skin 0x000001BF32B89070
<22:18:34> remapped bone indices with refcount '4294967290' still around for 'objects/zhg_objects/characters/sets/hopefullset/hopefullset_pants.skin 0x000001BF32B8C590
<22:18:34> remapped bone indices with refcount '4294967290' still around for 'objects/zhg_objects/characters/sets/hopefullset/hopefullset_pants.skin 0x000001BF32B8A970
<22:18:34> remapped bone indices with refcount '4294967290' still around for 'objects/zhg_objects/characters/sets/hopefullset/hopefullset_head.skin 0x000001BF32B8AFB0
<22:18:34> remapped bone indices with refcount '4294967290' still around for 'objects/zhg_objects/characters/sets/hopefullset/hopefullset_head.skin 0x000001BF32B89CF0
<22:18:34> remapped bone indices with refcount '4294967290' still around for 'objects/zhg_objects/characters/sets/hopefullset/hopefullset_head.skin 0x000001BF32B8BF50
<22:18:34> remapped bone indices with refcount '4294967290' still around for 'objects/zhg_objects/characters/sets/doubtset/doubtset_head.skin 0x000001BF32B8BC30
<22:19:57> BaseInput - Shutting down all force feedback
<22:19:57> ActionGame - Shutting down all force feedback
<22:19:57> CNetSyncSystem::~CNetSyncSystem & Crush?! packets_temp_bf(temp packet data buffs)
