BackupNameAttachment=" Build(0) 14 Jul 21 (00 56 02)"  -- used by backup system
Log Started at Wed Jul 14 00:56:02 2021
Built on Oct 13 2019 19:15:33
Running 64 bit Windows version
Command Line: "D:\Games\Steam\steamapps\common\Pandemic Express\Bin/win_x64/PandemicExpress.exe"
Executable: D:\Games\Steam\steamapps\common\Pandemic Express\Bin\win_x64\PandemicExpress.exe
FileVersion: 1.0.0.0
ProductVersion: 1.0.0.0
Added MOD directory <%engineroot%/engine> to CryPak

Total number of logical processors: 12
Number of available logical processors: 12
Total number of system cores: 6
Number of cores available to process: 6
 
Processor 0:
  CPU: AMD AMD Ryzen 5 3600 6-Core Processor              
  Family: 15, Model: 1, Stepping: 0
  FPU: On-Chip
  Features: FP16, SSE, SSE2, SSE3, SSE4.2, AVX, AVX2, FMA3
  Serial number not present or disabled
 
Processor 1:
  CPU: AMD AMD Ryzen 5 3600 6-Core Processor              
  Family: 15, Model: 1, Stepping: 0
  FPU: On-Chip
  Features: FP16, SSE, SSE2, SSE3, SSE4.2, AVX, AVX2, FMA3
  Serial number not present or disabled
 
Processor 2:
  CPU: AMD AMD Ryzen 5 3600 6-Core Processor              
  Family: 15, Model: 1, Stepping: 0
  FPU: On-Chip
  Features: FP16, SSE, SSE2, SSE3, SSE4.2, AVX, AVX2, FMA3
  Serial number not present or disabled
 
Processor 3:
  CPU: AMD AMD Ryzen 5 3600 6-Core Processor              
  Family: 15, Model: 1, Stepping: 0
  FPU: On-Chip
  Features: FP16, SSE, SSE2, SSE3, SSE4.2, AVX, AVX2, FMA3
  Serial number not present or disabled
 
Processor 4:
  CPU: AMD AMD Ryzen 5 3600 6-Core Processor              
  Family: 15, Model: 1, Stepping: 0
  FPU: On-Chip
  Features: FP16, SSE, SSE2, SSE3, SSE4.2, AVX, AVX2, FMA3
  Serial number not present or disabled
 
Processor 5:
  CPU: AMD AMD Ryzen 5 3600 6-Core Processor              
  Family: 15, Model: 1, Stepping: 0
  FPU: On-Chip
  Features: FP16, SSE, SSE2, SSE3, SSE4.2, AVX, AVX2, FMA3
  Serial number not present or disabled
 
<00:56:02> Loading Config file system.cfg (system.cfg)
<00:56:02> [Error] [CVARS]: [IGNORED CHANGE] variable [sys_version] from [] to [1.1.0.000.200116]; Marked as [VF_CHEAT]
<00:56:02> OnSysSpecChange(1)
<00:56:02> [Error] [CVARS]: [IGNORED CHANGE] variable [sys_asserts] from [0] to [0]; Marked as [VF_CHEAT]
<00:56:02> GameDir: DATA
<00:56:02> <ThreadConfigInfo>: Thread profile loaded: "pc_8" (config/engine_core.thread_config)  
<00:56:02> Windows 10 64 bit (build 10.0.19043)
<00:56:02> System language: English
<00:56:02> Windows Directory: "C:\Windows"
<00:56:02> Local time is 00:56:02 07/14/21, system running for 2156 minutes
<00:56:02> 16333MB physical memory installed, 9321MB available, 134217727MB virtual memory installed, 42 percent of memory in use
<00:56:02> PageFile usage: 76MB, Working Set: 88MB, Peak PageFile usage: 76MB,
<00:56:02> Current display mode is 2560x1440x32, (Unknown graphics card)
<00:56:02> IBM enhanced (101/102-key) keyboard and 16+ button mouse installed
<00:56:02> --------------------------------------------------------------------------------
<00:56:02> OnSysSpecChange(1)
<00:56:02> Loading Config file LowSpec.cfg (data\config\lowspec.cfg)
<00:56:02> [Error] [CVARS]: [MISSING] [mfx_Timeout] is not a registered console variable; referenced when testing console variable group [sys_spec_gameeffects] = [1]
<00:56:02> [Error] [CVARS]: [MISSING] [ca_AttachmentCullingRation] is not a registered console variable; referenced when testing console variable group [sys_spec_objectdetail] = [1]
<00:56:02> [Error] [CVARS]: [MISSING] [e_DecalsLifeTimeScale] is not a registered console variable; referenced when testing console variable group [sys_spec_objectdetail] = [1]
<00:56:02> [Error] [CVARS]: [MISSING] [e_LodRatio] is not a registered console variable; referenced when testing console variable group [sys_spec_objectdetail] = [1]
<00:56:02> [Error] [CVARS]: [MISSING] [e_MaxViewDistSpecLerp] is not a registered console variable; referenced when testing console variable group [sys_spec_objectdetail] = [1]
<00:56:02> [Error] [CVARS]: [MISSING] [e_MaxViewDistance] is not a registered console variable; referenced when testing console variable group [sys_spec_objectdetail] = [1]
<00:56:02> [Error] [CVARS]: [MISSING] [e_ObjQuality] is not a registered console variable; referenced when testing console variable group [sys_spec_objectdetail] = [1]
<00:56:02> [Error] [CVARS]: [MISSING] [e_TerrainOcclusionCullingMaxDist] is not a registered console variable; referenced when testing console variable group [sys_spec_objectdetail] = [1]
<00:56:02> [Error] [CVARS]: [MISSING] [e_VegetationMinSize] is not a registered console variable; referenced when testing console variable group [sys_spec_objectdetail] = [1]
<00:56:02> [Error] [CVARS]: [MISSING] [e_ViewDistRatio] is not a registered console variable; referenced when testing console variable group [sys_spec_objectdetail] = [1]
<00:56:02> [Error] [CVARS]: [MISSING] [e_ViewDistRatioCustom] is not a registered console variable; referenced when testing console variable group [sys_spec_objectdetail] = [1]
<00:56:02> [Error] [CVARS]: [MISSING] [e_ViewDistRatioDetail] is not a registered console variable; referenced when testing console variable group [sys_spec_objectdetail] = [1]
<00:56:02> [Error] [CVARS]: [MISSING] [e_ViewDistRatioLights] is not a registered console variable; referenced when testing console variable group [sys_spec_objectdetail] = [1]
<00:56:02> [Error] [CVARS]: [MISSING] [e_ViewDistRatioVegetation] is not a registered console variable; referenced when testing console variable group [sys_spec_objectdetail] = [1]
<00:56:02> [Error] [CVARS]: [MISSING] [es_DebrisLifetimeScale] is not a registered console variable; referenced when testing console variable group [sys_spec_objectdetail] = [1]
<00:56:02> [Error] [CVARS]: [MISSING] [e_DecalsOverlapping] is not a registered console variable; referenced when testing console variable group [sys_spec_objectdetail] = [1]
<00:56:02> [Error] [CVARS]: [MISSING] [e_LodMin] is not a registered console variable; referenced when testing console variable group [sys_spec_objectdetail] = [1]
<00:56:02> [Error] [CVARS]: [MISSING] [e_MergedMeshesInstanceDist] is not a registered console variable; referenced when testing console variable group [sys_spec_objectdetail] = [1]
<00:56:02> [Error] [CVARS]: [MISSING] [e_MergedMeshesPool] is not a registered console variable; referenced when testing console variable group [sys_spec_objectdetail] = [1]
<00:56:02> [Error] [CVARS]: [MISSING] [e_OcclusionCullingViewDistRatio] is not a registered console variable; referenced when testing console variable group [sys_spec_objectdetail] = [1]
<00:56:02> [Error] [CVARS]: [MISSING] [e_TerrainLodRatio] is not a registered console variable; referenced when testing console variable group [sys_spec_objectdetail] = [1]
<00:56:02> [Error] [CVARS]: [MISSING] [e_Tessellation] is not a registered console variable; referenced when testing console variable group [sys_spec_objectdetail] = [1]
<00:56:02> [Error] [CVARS]: [MISSING] [e_ViewDistMin] is not a registered console variable; referenced when testing console variable group [sys_spec_objectdetail] = [1]
<00:56:02> [Error] [CVARS]: [MISSING] [e_ParticlesMaxScreenFill] is not a registered console variable; referenced when testing console variable group [sys_spec_particles] = [1]
<00:56:02> [Error] [CVARS]: [MISSING] [e_ParticlesMinDrawPixels] is not a registered console variable; referenced when testing console variable group [sys_spec_particles] = [1]
<00:56:02> [Error] [CVARS]: [MISSING] [e_ParticlesObjectCollisions] is not a registered console variable; referenced when testing console variable group [sys_spec_particles] = [1]
<00:56:02> [Error] [CVARS]: [MISSING] [e_ParticlesQuality] is not a registered console variable; referenced when testing console variable group [sys_spec_particles] = [1]
<00:56:02> [Error] [CVARS]: [MISSING] [e_ParticlesMotionBlur] is not a registered console variable; referenced when testing console variable group [sys_spec_particles] = [1]
<00:56:02> [Error] [CVARS]: [MISSING] [e_CullVegActivation] is not a registered console variable; referenced when testing console variable group [sys_spec_physics] = [1]
<00:56:02> [Error] [CVARS]: [MISSING] [e_FoliageWindActivationDist] is not a registered console variable; referenced when testing console variable group [sys_spec_physics] = [1]
<00:56:02> [Error] [CVARS]: [MISSING] [e_PhysOceanCell] is not a registered console variable; referenced when testing console variable group [sys_spec_physics] = [1]
<00:56:02> [Error] [CVARS]: [MISSING] [es_MaxPhysDist] is not a registered console variable; referenced when testing console variable group [sys_spec_physics] = [1]
<00:56:02> [Error] [CVARS]: [MISSING] [es_MaxPhysDistInvisible] is not a registered console variable; referenced when testing console variable group [sys_spec_physics] = [1]
<00:56:02> [Error] [CVARS]: [MISSING] [g_breakage_particles_limit] is not a registered console variable; referenced when testing console variable group [sys_spec_physics] = [1]
<00:56:02> [Error] [CVARS]: [MISSING] [g_tree_cut_reuse_dist] is not a registered console variable; referenced when testing console variable group [sys_spec_physics] = [1]
<00:56:02> [Error] [CVARS]: [MISSING] [p_max_MC_iters] is not a registered console variable; referenced when testing console variable group [sys_spec_physics] = [1]
<00:56:02> [Error] [CVARS]: [MISSING] [p_max_substeps] is not a registered console variable; referenced when testing console variable group [sys_spec_physics] = [1]
<00:56:02> [Error] [CVARS]: [MISSING] [e_PhysProxyTriLimit] is not a registered console variable; referenced when testing console variable group [sys_spec_physics] = [1]
<00:56:02> [Error] [CVARS]: [MISSING] [p_max_object_splashes] is not a registered console variable; referenced when testing console variable group [sys_spec_physics] = [1]
<00:56:02> [Error] [CVARS]: [MISSING] [p_max_substeps_large_group] is not a registered console variable; referenced when testing console variable group [sys_spec_physics] = [1]
<00:56:02> [Error] [CVARS]: [MISSING] [p_num_bodies_large_group] is not a registered console variable; referenced when testing console variable group [sys_spec_physics] = [1]
<00:56:02> [Error] [CVARS]: [MISSING] [p_splash_dist0] is not a registered console variable; referenced when testing console variable group [sys_spec_physics] = [1]
<00:56:02> [Error] [CVARS]: [MISSING] [p_splash_dist1] is not a registered console variable; referenced when testing console variable group [sys_spec_physics] = [1]
<00:56:02> [Error] [CVARS]: [MISSING] [p_splash_force0] is not a registered console variable; referenced when testing console variable group [sys_spec_physics] = [1]
<00:56:02> [Error] [CVARS]: [MISSING] [p_splash_force1] is not a registered console variable; referenced when testing console variable group [sys_spec_physics] = [1]
<00:56:02> [Error] [CVARS]: [MISSING] [p_splash_vel0] is not a registered console variable; referenced when testing console variable group [sys_spec_physics] = [1]
<00:56:02> [Error] [CVARS]: [MISSING] [p_splash_vel1] is not a registered console variable; referenced when testing console variable group [sys_spec_physics] = [1]
<00:56:02> [Error] [CVARS]: [MISSING] [e_DynamicLightsMaxEntityLights] is not a registered console variable; referenced when testing console variable group [sys_spec_shading] = [1]
<00:56:02> [Error] [CVARS]: [MISSING] [e_SkyUpdateRate] is not a registered console variable; referenced when testing console variable group [sys_spec_shading] = [1]
<00:56:02> [Error] [CVARS]: [MISSING] [e_svoTI_Apply] is not a registered console variable; referenced when testing console variable group [sys_spec_shading] = [1]
<00:56:02> [Error] [CVARS]: [MISSING] [e_svoTI_RsmConeMaxLength] is not a registered console variable; referenced when testing console variable group [sys_spec_shading] = [1]
<00:56:02> [Error] [CVARS]: [MISSING] [e_svoTI_RsmUseColors] is not a registered console variable; referenced when testing console variable group [sys_spec_shading] = [1]
<00:56:02> [Error] [CVARS]: [MISSING] [e_svoTi_Active] is not a registered console variable; referenced when testing console variable group [sys_spec_shading] = [1]
<00:56:02> [Error] [CVARS]: [MISSING] [e_svoti_LowSpecMode] is not a registered console variable; referenced when testing console variable group [sys_spec_shading] = [1]
<00:56:02> [Error] [CVARS]: [MISSING] [e_LightVolumes] is not a registered console variable; referenced when testing console variable group [sys_spec_shading] = [1]
<00:56:02> [Error] [CVARS]: [MISSING] [e_VegetationUseTerrainColor] is not a registered console variable; referenced when testing console variable group [sys_spec_shading] = [1]
<00:56:02> [Error] [CVARS]: [MISSING] [e_GsmLodsNum] is not a registered console variable; referenced when testing console variable group [sys_spec_shadows] = [1]
<00:56:02> [Error] [CVARS]: [MISSING] [e_GsmRange] is not a registered console variable; referenced when testing console variable group [sys_spec_shadows] = [1]
<00:56:02> [Error] [CVARS]: [MISSING] [e_ObjShadowCastSpec] is not a registered console variable; referenced when testing console variable group [sys_spec_shadows] = [1]
<00:56:02> [Error] [CVARS]: [MISSING] [e_ParticlesShadows] is not a registered console variable; referenced when testing console variable group [sys_spec_shadows] = [1]
<00:56:02> [Error] [CVARS]: [MISSING] [e_Shadows] is not a registered console variable; referenced when testing console variable group [sys_spec_shadows] = [1]
<00:56:02> [Error] [CVARS]: [MISSING] [e_ShadowsBlendCascades] is not a registered console variable; referenced when testing console variable group [sys_spec_shadows] = [1]
<00:56:02> [Error] [CVARS]: [MISSING] [e_ShadowsCastViewDistRatio] is not a registered console variable; referenced when testing console variable group [sys_spec_shadows] = [1]
<00:56:02> [Error] [CVARS]: [MISSING] [e_ShadowsLodBiasFixed] is not a registered console variable; referenced when testing console variable group [sys_spec_shadows] = [1]
<00:56:02> [Error] [CVARS]: [MISSING] [e_ShadowsMaxTexRes] is not a registered console variable; referenced when testing console variable group [sys_spec_shadows] = [1]
<00:56:02> [Error] [CVARS]: [MISSING] [e_ShadowsPoolSize] is not a registered console variable; referenced when testing console variable group [sys_spec_shadows] = [1]
<00:56:02> [Error] [CVARS]: [MISSING] [e_ShadowsResScale] is not a registered console variable; referenced when testing console variable group [sys_spec_shadows] = [1]
<00:56:02> [Error] [CVARS]: [MISSING] [e_ShadowsTessellateCascades] is not a registered console variable; referenced when testing console variable group [sys_spec_shadows] = [1]
<00:56:02> [Error] [CVARS]: [MISSING] [e_ShadowsTessellateDLights] is not a registered console variable; referenced when testing console variable group [sys_spec_shadows] = [1]
<00:56:02> [Error] [CVARS]: [MISSING] [e_ShadowsUpdateViewDistRatio] is not a registered console variable; referenced when testing console variable group [sys_spec_shadows] = [1]
<00:56:02> [Error] [CVARS]: [MISSING] [e_VolumetricFog] is not a registered console variable; referenced when testing console variable group [sys_spec_volumetriceffects] = [1]
<00:56:02> [Error] [CVARS]: [MISSING] [e_fog] is not a registered console variable; referenced when testing console variable group [sys_spec_volumetriceffects] = [1]
<00:56:02> [Error] [CVARS]: [MISSING] [e_Clouds] is not a registered console variable; referenced when testing console variable group [sys_spec_volumetriceffects] = [1]
<00:56:02> [Error] [CVARS]: [MISSING] [e_WaterOceanFFT] is not a registered console variable; referenced when testing console variable group [sys_spec_water] = [1]
<00:56:02> [Error] [CVARS]: [MISSING] [e_WaterTessellationAmount] is not a registered console variable; referenced when testing console variable group [sys_spec_water] = [1]
<00:56:02> [Error] [CVARS]: [MISSING] [e_WaterTessellationAmountX] is not a registered console variable; referenced when testing console variable group [sys_spec_water] = [1]
<00:56:02> [Error] [CVARS]: [MISSING] [e_WaterTessellationAmountY] is not a registered console variable; referenced when testing console variable group [sys_spec_water] = [1]
<00:56:02> [Error] [CVARS]: [MISSING] [e_WaterTessellationSwathWidth] is not a registered console variable; referenced when testing console variable group [sys_spec_water] = [1]
<00:56:02> Loading Config file game.cfg (data\game.cfg)
<00:56:02> [Warning] [CVARS]: [CHANGED] variable [sys_asserts] from [0] to [0]; Marked as [VF_CHEAT]
<00:56:02> [Warning] Modifying marked variables will not be allowed in Release mode!
<00:56:02> Stream Engine Initialization
<00:56:02> GameName: Pandemic Express
<00:56:02> BuildTime: Oct 13 2019 19:15:33
<00:56:02> Physics initialization
<00:56:02> Localized language content(english) not available or modified from the original installation.
<00:56:02> Localized language content(english) not available or modified from the original installation.
<00:56:02> Localized language content(english) not available or modified from the original installation.
<00:56:02> <Audio>: AudioSystem initialization
<00:56:02> <Audio> <0.084>: CryAudioImplWwise loaded
<00:56:04> Renderer initialization
<00:56:04> Logging video adapters:
<00:56:04> - NVIDIA GeForce RTX 3070 (vendor = 0x10de, device = 0x2484)
<00:56:04>   - Adapter index: 0
<00:56:04>   - Dedicated video memory: 8043 MB
<00:56:04>   - Feature level: DX11 (SM 5.0)
<00:56:04>   - Displays connected: yes
<00:56:04>   - Suitable rendering device: yes
<00:56:04> - Microsoft Basic Render Driver (vendor = 0x1414, device = 0x008c)
<00:56:04>   - Adapter index: 1
<00:56:04>   - Dedicated video memory: 0 MB
<00:56:04>   - Feature level: DX11 (SM 5.0)
<00:56:04>   - Displays connected: no
<00:56:04>   - Suitable rendering device: no
<00:56:04> Active GPUs: 1
<00:56:04> [Renderer] A display device has been connected to the system
<00:56:04> Loading plugin CryDefaultEntities
<00:56:04> Loading plugin CrySchematycCore
<00:56:04> DLL Failed to load, error code: 7E
<00:56:04> Loading plugin CrySchematycSTDEnv
<00:56:04> DLL Failed to load, error code: 7E
<00:56:04> Loading plugin CrySensorSystem
<00:56:04> DLL Failed to load, error code: 7E
<00:56:04> Loading extension file cryplugin.csv
<00:56:04> Loading plugin ProcAnRandGenerator.dll
<00:56:04> Loading plugin PlayFab.dll
<00:56:04> Loading plugin CEVPlayer.dll
<00:56:05> Font initialization
<00:56:05> Using FreeType 2.5.5
<00:56:06> Network initialization
<00:56:06> [net] Socket IO management: External [iocp], Internal [iocp]
<00:56:06> network hostname: DESKTOP-GKEDPQ6
<00:56:06>   ip:26.90.194.210
<00:56:06>   ip:192.168.20.21
<00:56:06> [Network Version]: PROFILE DEVELOPMENT BUILD
<00:56:06> MovieSystem initialization
<00:56:06> Console initialization
<00:56:06> Time initialization
<00:56:06> Input initialization
<00:56:06> AI initialization
<00:56:06>  
<00:56:06>     con_debug = 0 []
<00:56:06>     con_display_last_messages = 0 []
<00:56:06>     con_line_buffer_size = 1000 []
<00:56:06>     con_restricted = 0 [RESTRICTEDMODE]
<00:56:06>     con_showonload = 0 []
<00:56:06>  
<00:56:06>     con_debug = 0 []
<00:56:06>     con_display_last_messages = 0 []
<00:56:06>     con_line_buffer_size = 1000 []
<00:56:06>     con_restricted = 0 [RESTRICTEDMODE]
<00:56:06>     con_showonload = 0 []
<00:56:06>  
<00:56:06>     con_debug = 0 []
<00:56:06>  
<00:56:06>     con_debug = 0 []
<00:56:06> Initializing Animation System
<00:56:06> Initializing 3D Engine
<00:56:06> Script System Initialization
<00:56:06> Entity system initialization
<00:56:06> Initializing AI System
<00:56:06> Initializing additional systems
<00:56:06> Dynamic Response System initialization
<00:56:06> DLL Failed to load, error code: 7E
<00:56:06> No Dynamic Response System was loaded from a module, will use the NULL implementation.
<00:56:06> [Steam] Steam API initialized successfully
<00:56:07> <ThreadConfigInfo>: [XML Parsing] Thread with name "Main" already loaded. Overriding with new configuration
<00:56:07> <ThreadConfigInfo>: [XML Parsing] Thread with name "Network" already loaded. Overriding with new configuration
<00:56:07> <ThreadConfigInfo>: [XML Parsing] Thread with name "NetworkStallTicker" already loaded. Overriding with new configuration
<00:56:07> <ThreadConfigInfo>: [XML Parsing] Thread with name "ZLibCompressor" already loaded. Overriding with new configuration
<00:56:07> <ThreadConfigInfo>: [XML Parsing] Thread with name "NetworkStallTicker" already loaded. Overriding with new configuration
<00:56:07> <ThreadConfigInfo>: [XML Parsing] Thread with name "ZLibCompressor" already loaded. Overriding with new configuration
<00:56:07> <ThreadConfigInfo>: [XML Parsing] Thread with name "TelemetryCopier" already loaded. Overriding with new configuration
<00:56:07> <ThreadConfigInfo>: [XML Parsing] Thread with name "StatsAgent" already loaded. Overriding with new configuration
<00:56:07> <ThreadConfigInfo>: Thread profile loaded: "pc_8" (config/game.thread_config)  
<00:56:07> Initializing default materials...
<00:56:12> [MFX] Loading FXLib 'breakables' ...
<00:56:12> [MFX] Loading FXLib 'collisions' ...
<00:56:12> [MFX] Loading FXLib 'foley' ...
<00:56:12> [MFX] Loading FXLib 'foley_grunt' ...
<00:56:12> [MFX] Loading FXLib 'foley_player' ...
<00:56:12> [MFX] Loading FXLib 'footstep_grunt' ...
<00:56:12> [MFX] Loading FXLib 'footstep_player' ...
<00:56:12> [MFX] Loading FXLib 'footsteps' ...
<00:56:12> [MFX] Loading FXLib 'grenade' ...
<00:56:12> [MFX] Loading FXLib 'melee' ...
<00:56:12> [MFX] Loading FXLib 'player_fx' ...
<00:56:12> [MFX] Loading FXLib 'projectiles' ...
<00:56:12> [MFX] Loading FXLib 'tornado' ...
<00:56:12> [MFX] Loading FXLib 'vegetation' ...
<00:56:12> [MFX] Loading FXLib 'vehicles' ...
<00:56:12> [MFX] Loading FXLib 'breakables' ...
<00:56:13> [MFX] Loading FXLib 'collisions' ...
<00:56:13> [MFX] Loading FXLib 'foley' ...
<00:56:13> [MFX] Loading FXLib 'foley_grunt' ...
<00:56:13> [MFX] Loading FXLib 'foley_player' ...
<00:56:13> [MFX] Loading FXLib 'footstep_grunt' ...
<00:56:13> [MFX] Loading FXLib 'footstep_player' ...
<00:56:13> [MFX] Loading FXLib 'footsteps' ...
<00:56:13> [MFX] Loading FXLib 'grenade' ...
<00:56:13> [MFX] Loading FXLib 'melee' ...
<00:56:13> [MFX] Loading FXLib 'player_fx' ...
<00:56:13> [MFX] Loading FXLib 'projectiles' ...
<00:56:13> [MFX] Loading FXLib 'tornado' ...
<00:56:13> [MFX] Loading FXLib 'vegetation' ...
<00:56:13> [MFX] Loading FXLib 'vehicles' ...
<00:56:13> Creating socket on port 2838
<00:56:13> CreateDatagramSocket c1
<00:56:13> CreateDatagramSocket c2
<00:57:49> CreateDatagramSocket c1
<00:57:52> Game rules class: InstantAction
<00:57:52> ============================ PrepareLevel Multiplayer/Purgatorium_Esc ============================
<00:58:38> CryAnimation: character-definition not found: objects/characters/human/sdk_player/sdk_player.cdf
<00:58:38> CryAnimation: character-definition not found: objects/characters/human/sdk_player/sdk_player.cdf
<00:58:38> CryAnimation: character-definition not found: objects/characters/human/sdk_player/sdk_player.cdf
<00:58:38> CryAnimation: character-definition not found: objects/characters/human/sdk_player/sdk_player.cdf
<00:58:38> CryAnimation: character-definition not found: objects/characters/human/sdk_player/sdk_player.cdf
<00:58:38> CryAnimation: character-definition not found: objects/characters/human/sdk_player/sdk_player.cdf
<00:58:38> CryAnimation: character-definition not found: objects/characters/human/sdk_player/sdk_player.cdf
<00:58:38> CryAnimation: character-definition not found: objects/characters/human/sdk_player/sdk_player.cdf
<00:58:38> CryAnimation: character-definition not found: objects/characters/human/sdk_player/sdk_player.cdf
<00:58:38> CryAnimation: character-definition not found: objects/characters/human/sdk_player/sdk_player.cdf
<00:58:38> CryAnimation: character-definition not found: objects/characters/human/sdk_player/sdk_player.cdf
<00:58:38> CryAnimation: character-definition not found: objects/characters/human/sdk_player/sdk_player.cdf
<00:58:38> CryAnimation: character-definition not found: objects/characters/human/sdk_player/sdk_player.cdf
<00:58:38> CryAnimation: character-definition not found: objects/characters/human/sdk_player/sdk_player.cdf
<00:58:38> CryAnimation: character-definition not found: objects/characters/human/sdk_player/sdk_player.cdf
<00:58:38> CryAnimation: character-definition not found: objects/characters/human/sdk_player/sdk_player.cdf
<00:58:38> CryAnimation: character-definition not found: objects/characters/human/sdk_player/sdk_player.cdf
<00:58:38> CryAnimation: character-definition not found: objects/characters/human/sdk_player/sdk_player.cdf
<00:58:38> CryAnimation: character-definition not found: objects/characters/human/sdk_player/sdk_player.cdf
<00:58:38> CryAnimation: character-definition not found: objects/characters/human/sdk_player/sdk_player.cdf
<00:58:38> CryAnimation: character-definition not found: objects/characters/human/sdk_player/sdk_player.cdf
<00:58:38> CryAnimation: character-definition not found: objects/characters/human/sdk_player/sdk_player.cdf
<00:58:38> CryAnimation: character-definition not found: objects/characters/human/sdk_player/sdk_player.cdf
<00:58:38> CryAnimation: character-definition not found: objects/characters/human/sdk_player/sdk_player.cdf
<00:58:38> CryAnimation: character-definition not found: objects/characters/human/sdk_player/sdk_player.cdf
<00:58:38> CryAnimation: character-definition not found: objects/characters/human/sdk_player/sdk_player.cdf
<00:58:38> CryAnimation: character-definition not found: objects/characters/human/sdk_player/sdk_player.cdf
<00:58:41> CryAnimation: character-definition not found: objects/characters/human/sdk_player/sdk_player.cdf
<00:58:41> CryAnimation: character-definition not found: objects/characters/human/sdk_player/sdk_player.cdf
<00:58:41> CryAnimation: character-definition not found: objects/characters/human/sdk_player/sdk_player.cdf
<00:58:43> PLAYERNAME Kornflakes
<00:58:43> CryAnimation: character-definition not found: objects/characters/man.cdf
<00:58:45> CryAnimation: character-definition not found: objects/characters/human/sdk_player/sdk_player.cdf
<00:58:45> CryAnimation: character-definition not found: objects/characters/human/sdk_player/sdk_player.cdf
<00:58:45> CryAnimation: character-definition not found: objects/characters/human/sdk_player/sdk_player.cdf
<00:59:01> CGameClientChannel::Release
<00:59:01> gEnv->pRenderer->Draw2dImage XXX
<00:59:02> BaseInput - Shutting down all force feedback
<00:59:02> ActionGame - Shutting down all force feedback
<00:59:03> CNetSyncSystem::~CNetSyncSystem & Crush?! packets_temp_bf(temp packet data buffs)
