BackupNameAttachment=" Build(0) 23 Nov 22 (18 11 49)"  -- used by backup system
Log Started at Wed Nov 23 18:11:49 2022
Built on Oct 13 2019 19:15:33
Running 64 bit Windows version
Command Line: "E:\Games\Steam\steamapps\common\Pandemic Express\Bin/win_x64/PandemicExpress.exe"
Executable: E:\Games\Steam\steamapps\common\Pandemic Express\Bin\win_x64\PandemicExpress.exe
FileVersion: 1.0.0.0
ProductVersion: 1.0.0.0
Added MOD directory <%engineroot%/engine> to CryPak

Total number of logical processors: 12
Number of available logical processors: 12
Total number of system cores: 6
Number of cores available to process: 6
 
Processor 0:
  CPU: AMD AMD Ryzen 5 3600 6-Core Processor              
  Family: 15, Model: 1, Stepping: 0
  FPU: On-Chip
  Features: FP16, SSE, SSE2, SSE3, SSE4.2, AVX, AVX2, FMA3
  Serial number not present or disabled
 
Processor 1:
  CPU: AMD AMD Ryzen 5 3600 6-Core Processor              
  Family: 15, Model: 1, Stepping: 0
  FPU: On-Chip
  Features: FP16, SSE, SSE2, SSE3, SSE4.2, AVX, AVX2, FMA3
  Serial number not present or disabled
 
Processor 2:
  CPU: AMD AMD Ryzen 5 3600 6-Core Processor              
  Family: 15, Model: 1, Stepping: 0
  FPU: On-Chip
  Features: FP16, SSE, SSE2, SSE3, SSE4.2, AVX, AVX2, FMA3
  Serial number not present or disabled
 
Processor 3:
  CPU: AMD AMD Ryzen 5 3600 6-Core Processor              
  Family: 15, Model: 1, Stepping: 0
  FPU: On-Chip
  Features: FP16, SSE, SSE2, SSE3, SSE4.2, AVX, AVX2, FMA3
  Serial number not present or disabled
 
Processor 4:
  CPU: AMD AMD Ryzen 5 3600 6-Core Processor              
  Family: 15, Model: 1, Stepping: 0
  FPU: On-Chip
  Features: FP16, SSE, SSE2, SSE3, SSE4.2, AVX, AVX2, FMA3
  Serial number not present or disabled
 
Processor 5:
  CPU: AMD AMD Ryzen 5 3600 6-Core Processor              
  Family: 15, Model: 1, Stepping: 0
  FPU: On-Chip
  Features: FP16, SSE, SSE2, SSE3, SSE4.2, AVX, AVX2, FMA3
  Serial number not present or disabled
 
<18:11:49> Loading Config file system.cfg (system.cfg)
<18:11:49> [Error] [CVARS]: [IGNORED CHANGE] variable [sys_version] from [] to [1.1.0.000.200116]; Marked as [VF_CHEAT]
<18:11:49> OnSysSpecChange(1)
<18:11:49> [Error] [CVARS]: [IGNORED CHANGE] variable [sys_asserts] from [0] to [0]; Marked as [VF_CHEAT]
<18:11:49> GameDir: DATA
<18:11:49> <ThreadConfigInfo>: Thread profile loaded: "pc_8" (config/engine_core.thread_config)  
<18:11:49> Windows 10 64 bit (build 10.0.22000)
<18:11:49> System language: English
<18:11:49> Windows Directory: "C:\Windows"
<18:11:49> Local time is 18:11:49 11/23/22, system running for 4664 minutes
<18:11:49> 16336MB physical memory installed, 8003MB available, 134217727MB virtual memory installed, 51 percent of memory in use
<18:11:49> PageFile usage: 76MB, Working Set: 89MB, Peak PageFile usage: 76MB,
<18:11:49> Current display mode is 2560x1440x32, (Unknown graphics card)
<18:11:49> IBM enhanced (101/102-key) keyboard and 32+ button mouse installed
<18:11:49> --------------------------------------------------------------------------------
<18:11:49> OnSysSpecChange(1)
<18:11:49> Loading Config file LowSpec.cfg (data\config\lowspec.cfg)
<18:11:49> [Error] [CVARS]: [MISSING] [mfx_Timeout] is not a registered console variable; referenced when testing console variable group [sys_spec_gameeffects] = [1]
<18:11:49> [Error] [CVARS]: [MISSING] [ca_AttachmentCullingRation] is not a registered console variable; referenced when testing console variable group [sys_spec_objectdetail] = [1]
<18:11:49> [Error] [CVARS]: [MISSING] [e_DecalsLifeTimeScale] is not a registered console variable; referenced when testing console variable group [sys_spec_objectdetail] = [1]
<18:11:49> [Error] [CVARS]: [MISSING] [e_LodRatio] is not a registered console variable; referenced when testing console variable group [sys_spec_objectdetail] = [1]
<18:11:49> [Error] [CVARS]: [MISSING] [e_MaxViewDistSpecLerp] is not a registered console variable; referenced when testing console variable group [sys_spec_objectdetail] = [1]
<18:11:49> [Error] [CVARS]: [MISSING] [e_MaxViewDistance] is not a registered console variable; referenced when testing console variable group [sys_spec_objectdetail] = [1]
<18:11:49> [Error] [CVARS]: [MISSING] [e_ObjQuality] is not a registered console variable; referenced when testing console variable group [sys_spec_objectdetail] = [1]
<18:11:49> [Error] [CVARS]: [MISSING] [e_TerrainOcclusionCullingMaxDist] is not a registered console variable; referenced when testing console variable group [sys_spec_objectdetail] = [1]
<18:11:49> [Error] [CVARS]: [MISSING] [e_VegetationMinSize] is not a registered console variable; referenced when testing console variable group [sys_spec_objectdetail] = [1]
<18:11:49> [Error] [CVARS]: [MISSING] [e_ViewDistRatio] is not a registered console variable; referenced when testing console variable group [sys_spec_objectdetail] = [1]
<18:11:49> [Error] [CVARS]: [MISSING] [e_ViewDistRatioCustom] is not a registered console variable; referenced when testing console variable group [sys_spec_objectdetail] = [1]
<18:11:49> [Error] [CVARS]: [MISSING] [e_ViewDistRatioDetail] is not a registered console variable; referenced when testing console variable group [sys_spec_objectdetail] = [1]
<18:11:49> [Error] [CVARS]: [MISSING] [e_ViewDistRatioLights] is not a registered console variable; referenced when testing console variable group [sys_spec_objectdetail] = [1]
<18:11:49> [Error] [CVARS]: [MISSING] [e_ViewDistRatioVegetation] is not a registered console variable; referenced when testing console variable group [sys_spec_objectdetail] = [1]
<18:11:49> [Error] [CVARS]: [MISSING] [es_DebrisLifetimeScale] is not a registered console variable; referenced when testing console variable group [sys_spec_objectdetail] = [1]
<18:11:49> [Error] [CVARS]: [MISSING] [e_DecalsOverlapping] is not a registered console variable; referenced when testing console variable group [sys_spec_objectdetail] = [1]
<18:11:49> [Error] [CVARS]: [MISSING] [e_LodMin] is not a registered console variable; referenced when testing console variable group [sys_spec_objectdetail] = [1]
<18:11:49> [Error] [CVARS]: [MISSING] [e_MergedMeshesInstanceDist] is not a registered console variable; referenced when testing console variable group [sys_spec_objectdetail] = [1]
<18:11:49> [Error] [CVARS]: [MISSING] [e_MergedMeshesPool] is not a registered console variable; referenced when testing console variable group [sys_spec_objectdetail] = [1]
<18:11:49> [Error] [CVARS]: [MISSING] [e_OcclusionCullingViewDistRatio] is not a registered console variable; referenced when testing console variable group [sys_spec_objectdetail] = [1]
<18:11:49> [Error] [CVARS]: [MISSING] [e_TerrainLodRatio] is not a registered console variable; referenced when testing console variable group [sys_spec_objectdetail] = [1]
<18:11:49> [Error] [CVARS]: [MISSING] [e_Tessellation] is not a registered console variable; referenced when testing console variable group [sys_spec_objectdetail] = [1]
<18:11:49> [Error] [CVARS]: [MISSING] [e_ViewDistMin] is not a registered console variable; referenced when testing console variable group [sys_spec_objectdetail] = [1]
<18:11:49> [Error] [CVARS]: [MISSING] [e_ParticlesMaxScreenFill] is not a registered console variable; referenced when testing console variable group [sys_spec_particles] = [1]
<18:11:49> [Error] [CVARS]: [MISSING] [e_ParticlesMinDrawPixels] is not a registered console variable; referenced when testing console variable group [sys_spec_particles] = [1]
<18:11:49> [Error] [CVARS]: [MISSING] [e_ParticlesObjectCollisions] is not a registered console variable; referenced when testing console variable group [sys_spec_particles] = [1]
<18:11:49> [Error] [CVARS]: [MISSING] [e_ParticlesQuality] is not a registered console variable; referenced when testing console variable group [sys_spec_particles] = [1]
<18:11:49> [Error] [CVARS]: [MISSING] [e_ParticlesMotionBlur] is not a registered console variable; referenced when testing console variable group [sys_spec_particles] = [1]
<18:11:49> [Error] [CVARS]: [MISSING] [e_CullVegActivation] is not a registered console variable; referenced when testing console variable group [sys_spec_physics] = [1]
<18:11:49> [Error] [CVARS]: [MISSING] [e_FoliageWindActivationDist] is not a registered console variable; referenced when testing console variable group [sys_spec_physics] = [1]
<18:11:49> [Error] [CVARS]: [MISSING] [e_PhysOceanCell] is not a registered console variable; referenced when testing console variable group [sys_spec_physics] = [1]
<18:11:49> [Error] [CVARS]: [MISSING] [es_MaxPhysDist] is not a registered console variable; referenced when testing console variable group [sys_spec_physics] = [1]
<18:11:49> [Error] [CVARS]: [MISSING] [es_MaxPhysDistInvisible] is not a registered console variable; referenced when testing console variable group [sys_spec_physics] = [1]
<18:11:49> [Error] [CVARS]: [MISSING] [g_breakage_particles_limit] is not a registered console variable; referenced when testing console variable group [sys_spec_physics] = [1]
<18:11:49> [Error] [CVARS]: [MISSING] [g_tree_cut_reuse_dist] is not a registered console variable; referenced when testing console variable group [sys_spec_physics] = [1]
<18:11:49> [Error] [CVARS]: [MISSING] [p_max_MC_iters] is not a registered console variable; referenced when testing console variable group [sys_spec_physics] = [1]
<18:11:49> [Error] [CVARS]: [MISSING] [p_max_substeps] is not a registered console variable; referenced when testing console variable group [sys_spec_physics] = [1]
<18:11:49> [Error] [CVARS]: [MISSING] [e_PhysProxyTriLimit] is not a registered console variable; referenced when testing console variable group [sys_spec_physics] = [1]
<18:11:49> [Error] [CVARS]: [MISSING] [p_max_object_splashes] is not a registered console variable; referenced when testing console variable group [sys_spec_physics] = [1]
<18:11:49> [Error] [CVARS]: [MISSING] [p_max_substeps_large_group] is not a registered console variable; referenced when testing console variable group [sys_spec_physics] = [1]
<18:11:49> [Error] [CVARS]: [MISSING] [p_num_bodies_large_group] is not a registered console variable; referenced when testing console variable group [sys_spec_physics] = [1]
<18:11:49> [Error] [CVARS]: [MISSING] [p_splash_dist0] is not a registered console variable; referenced when testing console variable group [sys_spec_physics] = [1]
<18:11:49> [Error] [CVARS]: [MISSING] [p_splash_dist1] is not a registered console variable; referenced when testing console variable group [sys_spec_physics] = [1]
<18:11:49> [Error] [CVARS]: [MISSING] [p_splash_force0] is not a registered console variable; referenced when testing console variable group [sys_spec_physics] = [1]
<18:11:49> [Error] [CVARS]: [MISSING] [p_splash_force1] is not a registered console variable; referenced when testing console variable group [sys_spec_physics] = [1]
<18:11:49> [Error] [CVARS]: [MISSING] [p_splash_vel0] is not a registered console variable; referenced when testing console variable group [sys_spec_physics] = [1]
<18:11:49> [Error] [CVARS]: [MISSING] [p_splash_vel1] is not a registered console variable; referenced when testing console variable group [sys_spec_physics] = [1]
<18:11:49> [Error] [CVARS]: [MISSING] [e_DynamicLightsMaxEntityLights] is not a registered console variable; referenced when testing console variable group [sys_spec_shading] = [1]
<18:11:49> [Error] [CVARS]: [MISSING] [e_SkyUpdateRate] is not a registered console variable; referenced when testing console variable group [sys_spec_shading] = [1]
<18:11:49> [Error] [CVARS]: [MISSING] [e_svoTI_Apply] is not a registered console variable; referenced when testing console variable group [sys_spec_shading] = [1]
<18:11:49> [Error] [CVARS]: [MISSING] [e_svoTI_RsmConeMaxLength] is not a registered console variable; referenced when testing console variable group [sys_spec_shading] = [1]
<18:11:49> [Error] [CVARS]: [MISSING] [e_svoTI_RsmUseColors] is not a registered console variable; referenced when testing console variable group [sys_spec_shading] = [1]
<18:11:49> [Error] [CVARS]: [MISSING] [e_svoTi_Active] is not a registered console variable; referenced when testing console variable group [sys_spec_shading] = [1]
<18:11:49> [Error] [CVARS]: [MISSING] [e_svoti_LowSpecMode] is not a registered console variable; referenced when testing console variable group [sys_spec_shading] = [1]
<18:11:49> [Error] [CVARS]: [MISSING] [e_LightVolumes] is not a registered console variable; referenced when testing console variable group [sys_spec_shading] = [1]
<18:11:49> [Error] [CVARS]: [MISSING] [e_VegetationUseTerrainColor] is not a registered console variable; referenced when testing console variable group [sys_spec_shading] = [1]
<18:11:49> [Error] [CVARS]: [MISSING] [e_GsmLodsNum] is not a registered console variable; referenced when testing console variable group [sys_spec_shadows] = [1]
<18:11:49> [Error] [CVARS]: [MISSING] [e_GsmRange] is not a registered console variable; referenced when testing console variable group [sys_spec_shadows] = [1]
<18:11:49> [Error] [CVARS]: [MISSING] [e_ObjShadowCastSpec] is not a registered console variable; referenced when testing console variable group [sys_spec_shadows] = [1]
<18:11:49> [Error] [CVARS]: [MISSING] [e_ParticlesShadows] is not a registered console variable; referenced when testing console variable group [sys_spec_shadows] = [1]
<18:11:49> [Error] [CVARS]: [MISSING] [e_Shadows] is not a registered console variable; referenced when testing console variable group [sys_spec_shadows] = [1]
<18:11:49> [Error] [CVARS]: [MISSING] [e_ShadowsBlendCascades] is not a registered console variable; referenced when testing console variable group [sys_spec_shadows] = [1]
<18:11:49> [Error] [CVARS]: [MISSING] [e_ShadowsCastViewDistRatio] is not a registered console variable; referenced when testing console variable group [sys_spec_shadows] = [1]
<18:11:49> [Error] [CVARS]: [MISSING] [e_ShadowsLodBiasFixed] is not a registered console variable; referenced when testing console variable group [sys_spec_shadows] = [1]
<18:11:49> [Error] [CVARS]: [MISSING] [e_ShadowsMaxTexRes] is not a registered console variable; referenced when testing console variable group [sys_spec_shadows] = [1]
<18:11:49> [Error] [CVARS]: [MISSING] [e_ShadowsPoolSize] is not a registered console variable; referenced when testing console variable group [sys_spec_shadows] = [1]
<18:11:49> [Error] [CVARS]: [MISSING] [e_ShadowsResScale] is not a registered console variable; referenced when testing console variable group [sys_spec_shadows] = [1]
<18:11:49> [Error] [CVARS]: [MISSING] [e_ShadowsTessellateCascades] is not a registered console variable; referenced when testing console variable group [sys_spec_shadows] = [1]
<18:11:49> [Error] [CVARS]: [MISSING] [e_ShadowsTessellateDLights] is not a registered console variable; referenced when testing console variable group [sys_spec_shadows] = [1]
<18:11:49> [Error] [CVARS]: [MISSING] [e_ShadowsUpdateViewDistRatio] is not a registered console variable; referenced when testing console variable group [sys_spec_shadows] = [1]
<18:11:49> [Error] [CVARS]: [MISSING] [e_VolumetricFog] is not a registered console variable; referenced when testing console variable group [sys_spec_volumetriceffects] = [1]
<18:11:49> [Error] [CVARS]: [MISSING] [e_fog] is not a registered console variable; referenced when testing console variable group [sys_spec_volumetriceffects] = [1]
<18:11:49> [Error] [CVARS]: [MISSING] [e_Clouds] is not a registered console variable; referenced when testing console variable group [sys_spec_volumetriceffects] = [1]
<18:11:49> [Error] [CVARS]: [MISSING] [e_WaterOceanFFT] is not a registered console variable; referenced when testing console variable group [sys_spec_water] = [1]
<18:11:49> [Error] [CVARS]: [MISSING] [e_WaterTessellationAmount] is not a registered console variable; referenced when testing console variable group [sys_spec_water] = [1]
<18:11:49> [Error] [CVARS]: [MISSING] [e_WaterTessellationAmountX] is not a registered console variable; referenced when testing console variable group [sys_spec_water] = [1]
<18:11:49> [Error] [CVARS]: [MISSING] [e_WaterTessellationAmountY] is not a registered console variable; referenced when testing console variable group [sys_spec_water] = [1]
<18:11:49> [Error] [CVARS]: [MISSING] [e_WaterTessellationSwathWidth] is not a registered console variable; referenced when testing console variable group [sys_spec_water] = [1]
<18:11:49> Loading Config file game.cfg (data\game.cfg)
<18:11:49> [Warning] [CVARS]: [CHANGED] variable [sys_asserts] from [0] to [0]; Marked as [VF_CHEAT]
<18:11:49> [Warning] Modifying marked variables will not be allowed in Release mode!
<18:11:49> Stream Engine Initialization
<18:11:49> GameName: Pandemic Express
<18:11:49> BuildTime: Oct 13 2019 19:15:33
<18:11:49> Physics initialization
<18:11:49> Localized language content(english) not available or modified from the original installation.
<18:11:49> Localized language content(english) not available or modified from the original installation.
<18:11:49> Localized language content(english) not available or modified from the original installation.
<18:11:49> <Audio>: AudioSystem initialization
<18:11:49> <Audio> <0.347>: CryAudioImplWwise loaded
<18:11:51> Renderer initialization
<18:11:51> Logging video adapters:
<18:11:51> - NVIDIA GeForce RTX 3070 (vendor = 0x10de, device = 0x2484)
<18:11:51>   - Adapter index: 0
<18:11:51>   - Dedicated video memory: 8043 MB
<18:11:51>   - Feature level: DX11 (SM 5.0)
<18:11:51>   - Displays connected: yes
<18:11:51>   - Suitable rendering device: yes
<18:11:51> - Microsoft Basic Render Driver (vendor = 0x1414, device = 0x008c)
<18:11:51>   - Adapter index: 1
<18:11:51>   - Dedicated video memory: 0 MB
<18:11:51>   - Feature level: DX11 (SM 5.0)
<18:11:51>   - Displays connected: no
<18:11:51>   - Suitable rendering device: no
<18:11:51> Active GPUs: 1
<18:11:52> [Renderer] A display device has been connected to the system
<18:11:52> Loading plugin CryDefaultEntities
<18:11:52> Loading plugin CrySchematycCore
<18:11:52> DLL Failed to load, error code: 7E
<18:11:52> Loading plugin CrySchematycSTDEnv
<18:11:52> DLL Failed to load, error code: 7E
<18:11:52> Loading plugin CrySensorSystem
<18:11:52> DLL Failed to load, error code: 7E
<18:11:52> Loading extension file cryplugin.csv
<18:11:52> Loading plugin ProcAnRandGenerator.dll
<18:11:52> Loading plugin PlayFab.dll
<18:11:52> Loading plugin CEVPlayer.dll
<18:11:53> Font initialization
<18:11:53> Using FreeType 2.5.5
<18:11:54> Network initialization
<18:11:54> [net] Socket IO management: External [iocp], Internal [iocp]
<18:11:54> network hostname: jasper-pc
<18:11:54>   ip:26.133.86.13
<18:11:54>   ip:192.168.20.16
<18:11:54> [Network Version]: PROFILE DEVELOPMENT BUILD
<18:11:54> MovieSystem initialization
<18:11:54> Console initialization
<18:11:54> Time initialization
<18:11:54> Input initialization
<18:11:54> AI initialization
<18:11:54>  
<18:11:54>     con_debug = 0 []
<18:11:54>     con_display_last_messages = 0 []
<18:11:54>     con_line_buffer_size = 1000 []
<18:11:54>     con_restricted = 0 [RESTRICTEDMODE]
<18:11:54>     con_showonload = 0 []
<18:11:54>  
<18:11:54>     con_debug = 0 []
<18:11:54>     con_display_last_messages = 0 []
<18:11:54>     con_line_buffer_size = 1000 []
<18:11:54>     con_restricted = 0 [RESTRICTEDMODE]
<18:11:54>     con_showonload = 0 []
<18:11:54>  
<18:11:54>     con_debug = 0 []
<18:11:54>  
<18:11:54>     con_debug = 0 []
<18:11:54> Initializing Animation System
<18:11:54> Initializing 3D Engine
<18:11:54> Script System Initialization
<18:11:54> Entity system initialization
<18:11:54> Initializing AI System
<18:11:54> Initializing additional systems
<18:11:54> Dynamic Response System initialization
<18:11:54> DLL Failed to load, error code: 7E
<18:11:54> No Dynamic Response System was loaded from a module, will use the NULL implementation.
<18:11:55> [Steam] Steam API initialized successfully
<18:11:55> <ThreadConfigInfo>: [XML Parsing] Thread with name "Main" already loaded. Overriding with new configuration
<18:11:55> <ThreadConfigInfo>: [XML Parsing] Thread with name "Network" already loaded. Overriding with new configuration
<18:11:55> <ThreadConfigInfo>: [XML Parsing] Thread with name "NetworkStallTicker" already loaded. Overriding with new configuration
<18:11:55> <ThreadConfigInfo>: [XML Parsing] Thread with name "ZLibCompressor" already loaded. Overriding with new configuration
<18:11:55> <ThreadConfigInfo>: [XML Parsing] Thread with name "NetworkStallTicker" already loaded. Overriding with new configuration
<18:11:55> <ThreadConfigInfo>: [XML Parsing] Thread with name "ZLibCompressor" already loaded. Overriding with new configuration
<18:11:55> <ThreadConfigInfo>: [XML Parsing] Thread with name "TelemetryCopier" already loaded. Overriding with new configuration
<18:11:55> <ThreadConfigInfo>: [XML Parsing] Thread with name "StatsAgent" already loaded. Overriding with new configuration
<18:11:55> <ThreadConfigInfo>: Thread profile loaded: "pc_8" (config/game.thread_config)  
<18:11:55> Initializing default materials...
<18:12:02> [MFX] Loading FXLib 'breakables' ...
<18:12:02> [MFX] Loading FXLib 'collisions' ...
<18:12:02> [MFX] Loading FXLib 'foley' ...
<18:12:02> [MFX] Loading FXLib 'foley_grunt' ...
<18:12:02> [MFX] Loading FXLib 'foley_player' ...
<18:12:02> [MFX] Loading FXLib 'footstep_grunt' ...
<18:12:02> [MFX] Loading FXLib 'footstep_player' ...
<18:12:02> [MFX] Loading FXLib 'footsteps' ...
<18:12:02> [MFX] Loading FXLib 'grenade' ...
<18:12:02> [MFX] Loading FXLib 'melee' ...
<18:12:02> [MFX] Loading FXLib 'player_fx' ...
<18:12:02> [MFX] Loading FXLib 'projectiles' ...
<18:12:02> [MFX] Loading FXLib 'tornado' ...
<18:12:02> [MFX] Loading FXLib 'vegetation' ...
<18:12:02> [MFX] Loading FXLib 'vehicles' ...
<18:12:02> [MFX] Loading FXLib 'breakables' ...
<18:12:02> [MFX] Loading FXLib 'collisions' ...
<18:12:02> [MFX] Loading FXLib 'foley' ...
<18:12:02> [MFX] Loading FXLib 'foley_grunt' ...
<18:12:02> [MFX] Loading FXLib 'foley_player' ...
<18:12:02> [MFX] Loading FXLib 'footstep_grunt' ...
<18:12:02> [MFX] Loading FXLib 'footstep_player' ...
<18:12:02> [MFX] Loading FXLib 'footsteps' ...
<18:12:02> [MFX] Loading FXLib 'grenade' ...
<18:12:02> [MFX] Loading FXLib 'melee' ...
<18:12:02> [MFX] Loading FXLib 'player_fx' ...
<18:12:02> [MFX] Loading FXLib 'projectiles' ...
<18:12:02> [MFX] Loading FXLib 'tornado' ...
<18:12:02> [MFX] Loading FXLib 'vegetation' ...
<18:12:02> [MFX] Loading FXLib 'vehicles' ...
<18:12:02> Creating socket on port 2838
<18:12:02> CreateDatagramSocket c1
<18:12:02> CreateDatagramSocket c2
<18:12:40> CreateDatagramSocket c1
<18:12:43> Game rules class: InstantAction
<18:12:43> ============================ PrepareLevel Multiplayer/Purgatorium_Esc ============================
<18:13:30> CryAnimation: character-definition not found: objects/characters/human/sdk_player/sdk_player.cdf
<18:13:30> CryAnimation: character-definition not found: objects/characters/human/sdk_player/sdk_player.cdf
<18:13:30> CryAnimation: character-definition not found: objects/characters/human/sdk_player/sdk_player.cdf
<18:13:31> PLAYERNAME Kornflakes
<18:13:32> CryAnimation: character-definition not found: objects/characters/man.cdf
<18:13:33> CryAnimation: character-definition not found: objects/characters/human/sdk_player/sdk_player.cdf
<18:13:33> CryAnimation: character-definition not found: objects/characters/human/sdk_player/sdk_player.cdf
<18:13:33> CryAnimation: character-definition not found: objects/characters/human/sdk_player/sdk_player.cdf
<18:14:24> CGameClientChannel::Release
<18:14:24> gEnv->pRenderer->Draw2dImage XXX
<18:14:26> remapped bone indices with refcount '4294967294' still around for 'zombiemodelnew/conserve_fp_nonmm.skin 0x000001B9421E16B0
<18:14:26> remapped bone indices with refcount '4294967294' still around for 'objects/zhg_objects/characters/conserve/conserve_head.skin 0x000001B9421E19D0
<18:14:29> KeybindsPage TRUE
<18:14:37> cmdCreateRebind Success
<18:14:40> KeybindsPage FALSE
<18:14:45> CreateDatagramSocket c1
<18:14:48> Game rules class: InstantAction
<18:14:48> ============================ PrepareLevel Multiplayer/Purgatorium_Esc ============================
<18:14:48> Initializing default materials...
<18:14:53> [MFX] Loading FXLib 'breakables' ...
<18:14:53> [MFX] Loading FXLib 'collisions' ...
<18:14:53> [MFX] Loading FXLib 'foley' ...
<18:14:53> [MFX] Loading FXLib 'foley_grunt' ...
<18:14:53> [MFX] Loading FXLib 'foley_player' ...
<18:14:53> [MFX] Loading FXLib 'footstep_grunt' ...
<18:14:53> [MFX] Loading FXLib 'footstep_player' ...
<18:14:53> [MFX] Loading FXLib 'footsteps' ...
<18:14:53> [MFX] Loading FXLib 'grenade' ...
<18:14:53> [MFX] Loading FXLib 'melee' ...
<18:14:53> [MFX] Loading FXLib 'player_fx' ...
<18:14:53> [MFX] Loading FXLib 'projectiles' ...
<18:14:53> [MFX] Loading FXLib 'tornado' ...
<18:14:53> [MFX] Loading FXLib 'vegetation' ...
<18:14:53> [MFX] Loading FXLib 'vehicles' ...
<18:15:13> CryAnimation: character-definition not found: objects/characters/human/sdk_player/sdk_player.cdf
<18:15:13> CryAnimation: character-definition not found: objects/characters/human/sdk_player/sdk_player.cdf
<18:15:13> CryAnimation: character-definition not found: objects/characters/human/sdk_player/sdk_player.cdf
<18:15:15> PLAYERNAME Kornflakes
<18:15:15> CryAnimation: character-definition not found: objects/characters/man.cdf
<18:15:16> CryAnimation: character-definition not found: objects/characters/human/sdk_player/sdk_player.cdf
<18:15:16> CryAnimation: character-definition not found: objects/characters/human/sdk_player/sdk_player.cdf
<18:15:16> CryAnimation: character-definition not found: objects/characters/human/sdk_player/sdk_player.cdf
<18:15:29> CGameClientChannel::Release
<18:15:29> gEnv->pRenderer->Draw2dImage XXX
<18:15:31> remapped bone indices with refcount '4294967294' still around for 'zombiemodelnew/conserve_fp_nonmm.skin 0x000001B998816A40
<18:15:31> remapped bone indices with refcount '4294967294' still around for 'objects/zhg_objects/characters/conserve/conserve_head.skin 0x000001B998819600
<18:15:36> CreateDatagramSocket c1
<18:15:38> Game rules class: InstantAction
<18:15:38> ============================ PrepareLevel Multiplayer/Purgatorium_Esc_Cw ============================
<18:15:38> Initializing default materials...
<18:15:43> [MFX] Loading FXLib 'breakables' ...
<18:15:43> [MFX] Loading FXLib 'collisions' ...
<18:15:43> [MFX] Loading FXLib 'foley' ...
<18:15:43> [MFX] Loading FXLib 'foley_grunt' ...
<18:15:43> [MFX] Loading FXLib 'foley_player' ...
<18:15:43> [MFX] Loading FXLib 'footstep_grunt' ...
<18:15:43> [MFX] Loading FXLib 'footstep_player' ...
<18:15:43> [MFX] Loading FXLib 'footsteps' ...
<18:15:43> [MFX] Loading FXLib 'grenade' ...
<18:15:43> [MFX] Loading FXLib 'melee' ...
<18:15:43> [MFX] Loading FXLib 'player_fx' ...
<18:15:43> [MFX] Loading FXLib 'projectiles' ...
<18:15:43> [MFX] Loading FXLib 'tornado' ...
<18:15:43> [MFX] Loading FXLib 'vegetation' ...
<18:15:43> [MFX] Loading FXLib 'vehicles' ...
<18:16:04> CryAnimation: character-definition not found: objects/characters/human/sdk_player/sdk_player.cdf
<18:16:04> CryAnimation: character-definition not found: objects/characters/human/sdk_player/sdk_player.cdf
<18:16:04> CryAnimation: character-definition not found: objects/characters/human/sdk_player/sdk_player.cdf
<18:16:06> PLAYERNAME Kornflakes
<18:16:06> CryAnimation: character-definition not found: objects/characters/man.cdf
<18:16:07> CryAnimation: character-definition not found: objects/characters/human/sdk_player/sdk_player.cdf
<18:16:07> CryAnimation: character-definition not found: objects/characters/human/sdk_player/sdk_player.cdf
<18:16:07> CryAnimation: character-definition not found: objects/characters/human/sdk_player/sdk_player.cdf
<18:18:56> BaseInput - Shutting down all force feedback
<18:18:56> ActionGame - Shutting down all force feedback
<18:18:56> gEnv->pRenderer->Draw2dImage XXX
<18:18:59> CNetSyncSystem::~CNetSyncSystem & Crush?! packets_temp_bf(temp packet data buffs)
<18:18:59> remapped bone indices with refcount '4294967290' still around for 'zombiemodelnew/conserve_fp_nonmm.skin 0x000001B998820360
<18:18:59> remapped bone indices with refcount '4294967290' still around for 'objects/zhg_objects/characters/conserve/conserve_head.skin 0x000001B998818660
