BackupNameAttachment=" Build(0) 13 Jul 21 (13 24 33)"  -- used by backup system
Log Started at Tue Jul 13 13:24:33 2021
Built on Oct 13 2019 19:15:33
Running 64 bit Windows version
Command Line: "D:\Games\Steam\steamapps\common\Pandemic Express\Bin/win_x64/PandemicExpress.exe"
Executable: D:\Games\Steam\steamapps\common\Pandemic Express\Bin\win_x64\PandemicExpress.exe
FileVersion: 1.0.0.0
ProductVersion: 1.0.0.0
Added MOD directory <%engineroot%/engine> to CryPak

Total number of logical processors: 12
Number of available logical processors: 12
Total number of system cores: 6
Number of cores available to process: 6
 
Processor 0:
  CPU: AMD AMD Ryzen 5 3600 6-Core Processor              
  Family: 15, Model: 1, Stepping: 0
  FPU: On-Chip
  Features: FP16, SSE, SSE2, SSE3, SSE4.2, AVX, AVX2, FMA3
  Serial number not present or disabled
 
Processor 1:
  CPU: AMD AMD Ryzen 5 3600 6-Core Processor              
  Family: 15, Model: 1, Stepping: 0
  FPU: On-Chip
  Features: FP16, SSE, SSE2, SSE3, SSE4.2, AVX, AVX2, FMA3
  Serial number not present or disabled
 
Processor 2:
  CPU: AMD AMD Ryzen 5 3600 6-Core Processor              
  Family: 15, Model: 1, Stepping: 0
  FPU: On-Chip
  Features: FP16, SSE, SSE2, SSE3, SSE4.2, AVX, AVX2, FMA3
  Serial number not present or disabled
 
Processor 3:
  CPU: AMD AMD Ryzen 5 3600 6-Core Processor              
  Family: 15, Model: 1, Stepping: 0
  FPU: On-Chip
  Features: FP16, SSE, SSE2, SSE3, SSE4.2, AVX, AVX2, FMA3
  Serial number not present or disabled
 
Processor 4:
  CPU: AMD AMD Ryzen 5 3600 6-Core Processor              
  Family: 15, Model: 1, Stepping: 0
  FPU: On-Chip
  Features: FP16, SSE, SSE2, SSE3, SSE4.2, AVX, AVX2, FMA3
  Serial number not present or disabled
 
Processor 5:
  CPU: AMD AMD Ryzen 5 3600 6-Core Processor              
  Family: 15, Model: 1, Stepping: 0
  FPU: On-Chip
  Features: FP16, SSE, SSE2, SSE3, SSE4.2, AVX, AVX2, FMA3
  Serial number not present or disabled
 
<13:24:33> Loading Config file system.cfg (system.cfg)
<13:24:33> [Error] [CVARS]: [IGNORED CHANGE] variable [sys_version] from [] to [1.1.0.000.200116]; Marked as [VF_CHEAT]
<13:24:33> OnSysSpecChange(1)
<13:24:33> [Error] [CVARS]: [IGNORED CHANGE] variable [sys_asserts] from [0] to [0]; Marked as [VF_CHEAT]
<13:24:33> GameDir: DATA
<13:24:33> <ThreadConfigInfo>: Thread profile loaded: "pc_8" (config/engine_core.thread_config)  
<13:24:33> Windows 10 64 bit (build 10.0.19043)
<13:24:33> System language: English
<13:24:33> Windows Directory: "C:\Windows"
<13:24:33> Local time is 13:24:33 07/13/21, system running for 1465 minutes
<13:24:33> 16333MB physical memory installed, 10849MB available, 134217727MB virtual memory installed, 33 percent of memory in use
<13:24:33> PageFile usage: 76MB, Working Set: 88MB, Peak PageFile usage: 76MB,
<13:24:33> Current display mode is 2560x1440x32, (Unknown graphics card)
<13:24:33> IBM enhanced (101/102-key) keyboard and 16+ button mouse installed
<13:24:33> --------------------------------------------------------------------------------
<13:24:33> OnSysSpecChange(1)
<13:24:33> Loading Config file LowSpec.cfg (data\config\lowspec.cfg)
<13:24:33> [Error] [CVARS]: [MISSING] [mfx_Timeout] is not a registered console variable; referenced when testing console variable group [sys_spec_gameeffects] = [1]
<13:24:33> [Error] [CVARS]: [MISSING] [ca_AttachmentCullingRation] is not a registered console variable; referenced when testing console variable group [sys_spec_objectdetail] = [1]
<13:24:33> [Error] [CVARS]: [MISSING] [e_DecalsLifeTimeScale] is not a registered console variable; referenced when testing console variable group [sys_spec_objectdetail] = [1]
<13:24:33> [Error] [CVARS]: [MISSING] [e_LodRatio] is not a registered console variable; referenced when testing console variable group [sys_spec_objectdetail] = [1]
<13:24:33> [Error] [CVARS]: [MISSING] [e_MaxViewDistSpecLerp] is not a registered console variable; referenced when testing console variable group [sys_spec_objectdetail] = [1]
<13:24:33> [Error] [CVARS]: [MISSING] [e_MaxViewDistance] is not a registered console variable; referenced when testing console variable group [sys_spec_objectdetail] = [1]
<13:24:33> [Error] [CVARS]: [MISSING] [e_ObjQuality] is not a registered console variable; referenced when testing console variable group [sys_spec_objectdetail] = [1]
<13:24:33> [Error] [CVARS]: [MISSING] [e_TerrainOcclusionCullingMaxDist] is not a registered console variable; referenced when testing console variable group [sys_spec_objectdetail] = [1]
<13:24:33> [Error] [CVARS]: [MISSING] [e_VegetationMinSize] is not a registered console variable; referenced when testing console variable group [sys_spec_objectdetail] = [1]
<13:24:33> [Error] [CVARS]: [MISSING] [e_ViewDistRatio] is not a registered console variable; referenced when testing console variable group [sys_spec_objectdetail] = [1]
<13:24:33> [Error] [CVARS]: [MISSING] [e_ViewDistRatioCustom] is not a registered console variable; referenced when testing console variable group [sys_spec_objectdetail] = [1]
<13:24:33> [Error] [CVARS]: [MISSING] [e_ViewDistRatioDetail] is not a registered console variable; referenced when testing console variable group [sys_spec_objectdetail] = [1]
<13:24:33> [Error] [CVARS]: [MISSING] [e_ViewDistRatioLights] is not a registered console variable; referenced when testing console variable group [sys_spec_objectdetail] = [1]
<13:24:33> [Error] [CVARS]: [MISSING] [e_ViewDistRatioVegetation] is not a registered console variable; referenced when testing console variable group [sys_spec_objectdetail] = [1]
<13:24:33> [Error] [CVARS]: [MISSING] [es_DebrisLifetimeScale] is not a registered console variable; referenced when testing console variable group [sys_spec_objectdetail] = [1]
<13:24:33> [Error] [CVARS]: [MISSING] [e_DecalsOverlapping] is not a registered console variable; referenced when testing console variable group [sys_spec_objectdetail] = [1]
<13:24:33> [Error] [CVARS]: [MISSING] [e_LodMin] is not a registered console variable; referenced when testing console variable group [sys_spec_objectdetail] = [1]
<13:24:33> [Error] [CVARS]: [MISSING] [e_MergedMeshesInstanceDist] is not a registered console variable; referenced when testing console variable group [sys_spec_objectdetail] = [1]
<13:24:33> [Error] [CVARS]: [MISSING] [e_MergedMeshesPool] is not a registered console variable; referenced when testing console variable group [sys_spec_objectdetail] = [1]
<13:24:33> [Error] [CVARS]: [MISSING] [e_OcclusionCullingViewDistRatio] is not a registered console variable; referenced when testing console variable group [sys_spec_objectdetail] = [1]
<13:24:33> [Error] [CVARS]: [MISSING] [e_TerrainLodRatio] is not a registered console variable; referenced when testing console variable group [sys_spec_objectdetail] = [1]
<13:24:33> [Error] [CVARS]: [MISSING] [e_Tessellation] is not a registered console variable; referenced when testing console variable group [sys_spec_objectdetail] = [1]
<13:24:33> [Error] [CVARS]: [MISSING] [e_ViewDistMin] is not a registered console variable; referenced when testing console variable group [sys_spec_objectdetail] = [1]
<13:24:33> [Error] [CVARS]: [MISSING] [e_ParticlesMaxScreenFill] is not a registered console variable; referenced when testing console variable group [sys_spec_particles] = [1]
<13:24:33> [Error] [CVARS]: [MISSING] [e_ParticlesMinDrawPixels] is not a registered console variable; referenced when testing console variable group [sys_spec_particles] = [1]
<13:24:33> [Error] [CVARS]: [MISSING] [e_ParticlesObjectCollisions] is not a registered console variable; referenced when testing console variable group [sys_spec_particles] = [1]
<13:24:33> [Error] [CVARS]: [MISSING] [e_ParticlesQuality] is not a registered console variable; referenced when testing console variable group [sys_spec_particles] = [1]
<13:24:33> [Error] [CVARS]: [MISSING] [e_ParticlesMotionBlur] is not a registered console variable; referenced when testing console variable group [sys_spec_particles] = [1]
<13:24:33> [Error] [CVARS]: [MISSING] [e_CullVegActivation] is not a registered console variable; referenced when testing console variable group [sys_spec_physics] = [1]
<13:24:33> [Error] [CVARS]: [MISSING] [e_FoliageWindActivationDist] is not a registered console variable; referenced when testing console variable group [sys_spec_physics] = [1]
<13:24:33> [Error] [CVARS]: [MISSING] [e_PhysOceanCell] is not a registered console variable; referenced when testing console variable group [sys_spec_physics] = [1]
<13:24:33> [Error] [CVARS]: [MISSING] [es_MaxPhysDist] is not a registered console variable; referenced when testing console variable group [sys_spec_physics] = [1]
<13:24:33> [Error] [CVARS]: [MISSING] [es_MaxPhysDistInvisible] is not a registered console variable; referenced when testing console variable group [sys_spec_physics] = [1]
<13:24:33> [Error] [CVARS]: [MISSING] [g_breakage_particles_limit] is not a registered console variable; referenced when testing console variable group [sys_spec_physics] = [1]
<13:24:33> [Error] [CVARS]: [MISSING] [g_tree_cut_reuse_dist] is not a registered console variable; referenced when testing console variable group [sys_spec_physics] = [1]
<13:24:33> [Error] [CVARS]: [MISSING] [p_max_MC_iters] is not a registered console variable; referenced when testing console variable group [sys_spec_physics] = [1]
<13:24:33> [Error] [CVARS]: [MISSING] [p_max_substeps] is not a registered console variable; referenced when testing console variable group [sys_spec_physics] = [1]
<13:24:33> [Error] [CVARS]: [MISSING] [e_PhysProxyTriLimit] is not a registered console variable; referenced when testing console variable group [sys_spec_physics] = [1]
<13:24:33> [Error] [CVARS]: [MISSING] [p_max_object_splashes] is not a registered console variable; referenced when testing console variable group [sys_spec_physics] = [1]
<13:24:33> [Error] [CVARS]: [MISSING] [p_max_substeps_large_group] is not a registered console variable; referenced when testing console variable group [sys_spec_physics] = [1]
<13:24:33> [Error] [CVARS]: [MISSING] [p_num_bodies_large_group] is not a registered console variable; referenced when testing console variable group [sys_spec_physics] = [1]
<13:24:33> [Error] [CVARS]: [MISSING] [p_splash_dist0] is not a registered console variable; referenced when testing console variable group [sys_spec_physics] = [1]
<13:24:33> [Error] [CVARS]: [MISSING] [p_splash_dist1] is not a registered console variable; referenced when testing console variable group [sys_spec_physics] = [1]
<13:24:33> [Error] [CVARS]: [MISSING] [p_splash_force0] is not a registered console variable; referenced when testing console variable group [sys_spec_physics] = [1]
<13:24:33> [Error] [CVARS]: [MISSING] [p_splash_force1] is not a registered console variable; referenced when testing console variable group [sys_spec_physics] = [1]
<13:24:33> [Error] [CVARS]: [MISSING] [p_splash_vel0] is not a registered console variable; referenced when testing console variable group [sys_spec_physics] = [1]
<13:24:33> [Error] [CVARS]: [MISSING] [p_splash_vel1] is not a registered console variable; referenced when testing console variable group [sys_spec_physics] = [1]
<13:24:33> [Error] [CVARS]: [MISSING] [e_DynamicLightsMaxEntityLights] is not a registered console variable; referenced when testing console variable group [sys_spec_shading] = [1]
<13:24:33> [Error] [CVARS]: [MISSING] [e_SkyUpdateRate] is not a registered console variable; referenced when testing console variable group [sys_spec_shading] = [1]
<13:24:33> [Error] [CVARS]: [MISSING] [e_svoTI_Apply] is not a registered console variable; referenced when testing console variable group [sys_spec_shading] = [1]
<13:24:33> [Error] [CVARS]: [MISSING] [e_svoTI_RsmConeMaxLength] is not a registered console variable; referenced when testing console variable group [sys_spec_shading] = [1]
<13:24:33> [Error] [CVARS]: [MISSING] [e_svoTI_RsmUseColors] is not a registered console variable; referenced when testing console variable group [sys_spec_shading] = [1]
<13:24:33> [Error] [CVARS]: [MISSING] [e_svoTi_Active] is not a registered console variable; referenced when testing console variable group [sys_spec_shading] = [1]
<13:24:33> [Error] [CVARS]: [MISSING] [e_svoti_LowSpecMode] is not a registered console variable; referenced when testing console variable group [sys_spec_shading] = [1]
<13:24:33> [Error] [CVARS]: [MISSING] [e_LightVolumes] is not a registered console variable; referenced when testing console variable group [sys_spec_shading] = [1]
<13:24:33> [Error] [CVARS]: [MISSING] [e_VegetationUseTerrainColor] is not a registered console variable; referenced when testing console variable group [sys_spec_shading] = [1]
<13:24:33> [Error] [CVARS]: [MISSING] [e_GsmLodsNum] is not a registered console variable; referenced when testing console variable group [sys_spec_shadows] = [1]
<13:24:33> [Error] [CVARS]: [MISSING] [e_GsmRange] is not a registered console variable; referenced when testing console variable group [sys_spec_shadows] = [1]
<13:24:33> [Error] [CVARS]: [MISSING] [e_ObjShadowCastSpec] is not a registered console variable; referenced when testing console variable group [sys_spec_shadows] = [1]
<13:24:33> [Error] [CVARS]: [MISSING] [e_ParticlesShadows] is not a registered console variable; referenced when testing console variable group [sys_spec_shadows] = [1]
<13:24:33> [Error] [CVARS]: [MISSING] [e_Shadows] is not a registered console variable; referenced when testing console variable group [sys_spec_shadows] = [1]
<13:24:33> [Error] [CVARS]: [MISSING] [e_ShadowsBlendCascades] is not a registered console variable; referenced when testing console variable group [sys_spec_shadows] = [1]
<13:24:33> [Error] [CVARS]: [MISSING] [e_ShadowsCastViewDistRatio] is not a registered console variable; referenced when testing console variable group [sys_spec_shadows] = [1]
<13:24:33> [Error] [CVARS]: [MISSING] [e_ShadowsLodBiasFixed] is not a registered console variable; referenced when testing console variable group [sys_spec_shadows] = [1]
<13:24:33> [Error] [CVARS]: [MISSING] [e_ShadowsMaxTexRes] is not a registered console variable; referenced when testing console variable group [sys_spec_shadows] = [1]
<13:24:33> [Error] [CVARS]: [MISSING] [e_ShadowsPoolSize] is not a registered console variable; referenced when testing console variable group [sys_spec_shadows] = [1]
<13:24:33> [Error] [CVARS]: [MISSING] [e_ShadowsResScale] is not a registered console variable; referenced when testing console variable group [sys_spec_shadows] = [1]
<13:24:33> [Error] [CVARS]: [MISSING] [e_ShadowsTessellateCascades] is not a registered console variable; referenced when testing console variable group [sys_spec_shadows] = [1]
<13:24:33> [Error] [CVARS]: [MISSING] [e_ShadowsTessellateDLights] is not a registered console variable; referenced when testing console variable group [sys_spec_shadows] = [1]
<13:24:33> [Error] [CVARS]: [MISSING] [e_ShadowsUpdateViewDistRatio] is not a registered console variable; referenced when testing console variable group [sys_spec_shadows] = [1]
<13:24:33> [Error] [CVARS]: [MISSING] [e_VolumetricFog] is not a registered console variable; referenced when testing console variable group [sys_spec_volumetriceffects] = [1]
<13:24:33> [Error] [CVARS]: [MISSING] [e_fog] is not a registered console variable; referenced when testing console variable group [sys_spec_volumetriceffects] = [1]
<13:24:33> [Error] [CVARS]: [MISSING] [e_Clouds] is not a registered console variable; referenced when testing console variable group [sys_spec_volumetriceffects] = [1]
<13:24:33> [Error] [CVARS]: [MISSING] [e_WaterOceanFFT] is not a registered console variable; referenced when testing console variable group [sys_spec_water] = [1]
<13:24:33> [Error] [CVARS]: [MISSING] [e_WaterTessellationAmount] is not a registered console variable; referenced when testing console variable group [sys_spec_water] = [1]
<13:24:33> [Error] [CVARS]: [MISSING] [e_WaterTessellationAmountX] is not a registered console variable; referenced when testing console variable group [sys_spec_water] = [1]
<13:24:33> [Error] [CVARS]: [MISSING] [e_WaterTessellationAmountY] is not a registered console variable; referenced when testing console variable group [sys_spec_water] = [1]
<13:24:33> [Error] [CVARS]: [MISSING] [e_WaterTessellationSwathWidth] is not a registered console variable; referenced when testing console variable group [sys_spec_water] = [1]
<13:24:33> Loading Config file game.cfg (data\game.cfg)
<13:24:33> [Warning] [CVARS]: [CHANGED] variable [sys_asserts] from [0] to [0]; Marked as [VF_CHEAT]
<13:24:33> [Warning] Modifying marked variables will not be allowed in Release mode!
<13:24:33> Stream Engine Initialization
<13:24:33> GameName: Pandemic Express
<13:24:33> BuildTime: Oct 13 2019 19:15:33
<13:24:33> Physics initialization
<13:24:33> Localized language content(english) not available or modified from the original installation.
<13:24:33> Localized language content(english) not available or modified from the original installation.
<13:24:33> Localized language content(english) not available or modified from the original installation.
<13:24:33> <Audio>: AudioSystem initialization
<13:24:33> <Audio> <0.111>: CryAudioImplWwise loaded
<13:24:35> Renderer initialization
<13:24:35> Logging video adapters:
<13:24:35> - NVIDIA GeForce RTX 3070 (vendor = 0x10de, device = 0x2484)
<13:24:35>   - Adapter index: 0
<13:24:35>   - Dedicated video memory: 8043 MB
<13:24:35>   - Feature level: DX11 (SM 5.0)
<13:24:35>   - Displays connected: yes
<13:24:35>   - Suitable rendering device: yes
<13:24:35> - Microsoft Basic Render Driver (vendor = 0x1414, device = 0x008c)
<13:24:35>   - Adapter index: 1
<13:24:35>   - Dedicated video memory: 0 MB
<13:24:35>   - Feature level: DX11 (SM 5.0)
<13:24:35>   - Displays connected: no
<13:24:35>   - Suitable rendering device: no
<13:24:35> Active GPUs: 1
<13:24:36> [Renderer] A display device has been connected to the system
<13:24:36> Loading plugin CryDefaultEntities
<13:24:36> Loading plugin CrySchematycCore
<13:24:36> DLL Failed to load, error code: 7E
<13:24:36> Loading plugin CrySchematycSTDEnv
<13:24:36> DLL Failed to load, error code: 7E
<13:24:36> Loading plugin CrySensorSystem
<13:24:36> DLL Failed to load, error code: 7E
<13:24:36> Loading extension file cryplugin.csv
<13:24:36> Loading plugin ProcAnRandGenerator.dll
<13:24:36> Loading plugin PlayFab.dll
<13:24:36> Loading plugin CEVPlayer.dll
<13:24:37> Font initialization
<13:24:37> Using FreeType 2.5.5
<13:24:37> Network initialization
<13:24:37> [net] Socket IO management: External [iocp], Internal [iocp]
<13:24:37> network hostname: DESKTOP-GKEDPQ6
<13:24:37>   ip:26.90.194.210
<13:24:37>   ip:192.168.20.21
<13:24:37> [Network Version]: PROFILE DEVELOPMENT BUILD
<13:24:37> MovieSystem initialization
<13:24:37> Console initialization
<13:24:37> Time initialization
<13:24:37> Input initialization
<13:24:37> AI initialization
<13:24:37>  
<13:24:37>     con_debug = 0 []
<13:24:37>     con_display_last_messages = 0 []
<13:24:37>     con_line_buffer_size = 1000 []
<13:24:37>     con_restricted = 0 [RESTRICTEDMODE]
<13:24:37>     con_showonload = 0 []
<13:24:37>  
<13:24:37>     con_debug = 0 []
<13:24:37>     con_display_last_messages = 0 []
<13:24:37>     con_line_buffer_size = 1000 []
<13:24:37>     con_restricted = 0 [RESTRICTEDMODE]
<13:24:37>     con_showonload = 0 []
<13:24:37>  
<13:24:37>     con_debug = 0 []
<13:24:37>  
<13:24:37>     con_debug = 0 []
<13:24:37> Initializing Animation System
<13:24:37> Initializing 3D Engine
<13:24:38> Script System Initialization
<13:24:38> Entity system initialization
<13:24:38> Initializing AI System
<13:24:38> Initializing additional systems
<13:24:38> Dynamic Response System initialization
<13:24:38> DLL Failed to load, error code: 7E
<13:24:38> No Dynamic Response System was loaded from a module, will use the NULL implementation.
<13:24:38> [Steam] Steam API initialized successfully
<13:24:38> <ThreadConfigInfo>: [XML Parsing] Thread with name "Main" already loaded. Overriding with new configuration
<13:24:38> <ThreadConfigInfo>: [XML Parsing] Thread with name "Network" already loaded. Overriding with new configuration
<13:24:38> <ThreadConfigInfo>: [XML Parsing] Thread with name "NetworkStallTicker" already loaded. Overriding with new configuration
<13:24:38> <ThreadConfigInfo>: [XML Parsing] Thread with name "ZLibCompressor" already loaded. Overriding with new configuration
<13:24:38> <ThreadConfigInfo>: [XML Parsing] Thread with name "NetworkStallTicker" already loaded. Overriding with new configuration
<13:24:38> <ThreadConfigInfo>: [XML Parsing] Thread with name "ZLibCompressor" already loaded. Overriding with new configuration
<13:24:38> <ThreadConfigInfo>: [XML Parsing] Thread with name "TelemetryCopier" already loaded. Overriding with new configuration
<13:24:38> <ThreadConfigInfo>: [XML Parsing] Thread with name "StatsAgent" already loaded. Overriding with new configuration
<13:24:38> <ThreadConfigInfo>: Thread profile loaded: "pc_8" (config/game.thread_config)  
<13:24:39> Initializing default materials...
<13:24:44> [MFX] Loading FXLib 'breakables' ...
<13:24:44> [MFX] Loading FXLib 'collisions' ...
<13:24:44> [MFX] Loading FXLib 'foley' ...
<13:24:44> [MFX] Loading FXLib 'foley_grunt' ...
<13:24:44> [MFX] Loading FXLib 'foley_player' ...
<13:24:44> [MFX] Loading FXLib 'footstep_grunt' ...
<13:24:44> [MFX] Loading FXLib 'footstep_player' ...
<13:24:44> [MFX] Loading FXLib 'footsteps' ...
<13:24:44> [MFX] Loading FXLib 'grenade' ...
<13:24:44> [MFX] Loading FXLib 'melee' ...
<13:24:44> [MFX] Loading FXLib 'player_fx' ...
<13:24:44> [MFX] Loading FXLib 'projectiles' ...
<13:24:44> [MFX] Loading FXLib 'tornado' ...
<13:24:44> [MFX] Loading FXLib 'vegetation' ...
<13:24:44> [MFX] Loading FXLib 'vehicles' ...
<13:24:44> [MFX] Loading FXLib 'breakables' ...
<13:24:44> [MFX] Loading FXLib 'collisions' ...
<13:24:44> [MFX] Loading FXLib 'foley' ...
<13:24:44> [MFX] Loading FXLib 'foley_grunt' ...
<13:24:44> [MFX] Loading FXLib 'foley_player' ...
<13:24:44> [MFX] Loading FXLib 'footstep_grunt' ...
<13:24:44> [MFX] Loading FXLib 'footstep_player' ...
<13:24:44> [MFX] Loading FXLib 'footsteps' ...
<13:24:44> [MFX] Loading FXLib 'grenade' ...
<13:24:44> [MFX] Loading FXLib 'melee' ...
<13:24:44> [MFX] Loading FXLib 'player_fx' ...
<13:24:44> [MFX] Loading FXLib 'projectiles' ...
<13:24:44> [MFX] Loading FXLib 'tornado' ...
<13:24:44> [MFX] Loading FXLib 'vegetation' ...
<13:24:44> [MFX] Loading FXLib 'vehicles' ...
<13:24:44> Creating socket on port 2838
<13:24:44> CreateDatagramSocket c1
<13:24:44> CreateDatagramSocket c2
<13:25:47> Iterator 0
<13:25:47> Size 30
<13:25:47> Iterator 1
<13:25:47> Size 30
<13:25:47> Iterator 2
<13:25:47> Size 30
<13:25:47> Iterator 3
<13:25:47> Size 30
<13:25:47> Iterator 4
<13:25:47> Size 30
<13:25:47> Iterator 5
<13:25:47> Size 30
<13:25:47> Iterator 6
<13:25:47> Size 30
<13:25:47> Iterator 7
<13:25:47> Size 30
<13:25:47> Iterator 8
<13:25:47> Size 30
<13:25:47> Iterator 9
<13:25:47> Size 30
<13:25:47> Iterator 10
<13:25:47> Size 30
<13:25:47> Iterator 11
<13:25:47> Size 30
<13:25:47> Iterator 12
<13:25:47> Size 30
<13:25:47> Iterator 13
<13:25:47> Size 30
<13:25:47> Iterator 14
<13:25:47> Size 30
<13:25:47> Iterator 15
<13:25:47> Size 30
<13:25:47> Iterator 16
<13:25:47> Size 30
<13:25:47> Iterator 17
<13:25:47> Size 30
<13:25:47> Iterator 18
<13:25:47> Size 30
<13:25:47> Iterator 19
<13:25:47> Size 30
<13:25:47> Iterator 20
<13:25:47> Size 30
<13:25:47> Iterator 21
<13:25:47> Size 30
<13:25:47> Iterator 22
<13:25:47> Size 30
<13:25:47> Iterator 23
<13:25:47> Size 30
<13:25:47> Iterator 24
<13:25:47> Size 30
<13:25:47> Iterator 25
<13:25:47> Size 30
<13:25:47> Iterator 26
<13:25:47> Size 30
<13:25:47> Iterator 27
<13:25:47> Size 30
<13:25:47> Iterator 28
<13:25:47> Size 30
<13:25:47> Iterator 29
<13:25:47> Size 30
<13:25:47> playerName Kornflakes
<13:25:47> Iterator 30
<13:25:47> Size 30
<13:25:57> CreateDatagramSocket c1
<13:26:00> ============================ PrepareLevel multiplayer/Purgatorium_Esc ============================
<13:26:00> Game rules class: InstantAction
<13:26:33> CryAnimation: character-definition not found: objects/characters/human/sdk_player/sdk_player.cdf
<13:26:33> CryAnimation: character-definition not found: objects/characters/human/sdk_player/sdk_player.cdf
<13:26:33> CryAnimation: character-definition not found: objects/characters/human/sdk_player/sdk_player.cdf
<13:26:33> CryAnimation: character-definition not found: objects/characters/human/sdk_player/sdk_player.cdf
<13:26:33> CryAnimation: character-definition not found: objects/characters/human/sdk_player/sdk_player.cdf
<13:26:33> CryAnimation: character-definition not found: objects/characters/human/sdk_player/sdk_player.cdf
<13:26:33> CryAnimation: character-definition not found: objects/characters/human/sdk_player/sdk_player.cdf
<13:26:33> CryAnimation: character-definition not found: objects/characters/human/sdk_player/sdk_player.cdf
<13:26:33> CryAnimation: character-definition not found: objects/characters/human/sdk_player/sdk_player.cdf
<13:26:33> CryAnimation: character-definition not found: objects/characters/human/sdk_player/sdk_player.cdf
<13:26:33> CryAnimation: character-definition not found: objects/characters/human/sdk_player/sdk_player.cdf
<13:26:33> CryAnimation: character-definition not found: objects/characters/human/sdk_player/sdk_player.cdf
<13:26:34> CryAnimation: character-definition not found: objects/characters/human/sdk_player/sdk_player.cdf
<13:26:34> CryAnimation: character-definition not found: objects/characters/human/sdk_player/sdk_player.cdf
<13:26:34> CryAnimation: character-definition not found: objects/characters/human/sdk_player/sdk_player.cdf
<13:26:34> CryAnimation: character-definition not found: objects/characters/human/sdk_player/sdk_player.cdf
<13:26:34> CryAnimation: character-definition not found: objects/characters/human/sdk_player/sdk_player.cdf
<13:26:34> CryAnimation: character-definition not found: objects/characters/human/sdk_player/sdk_player.cdf
<13:26:35> CryAnimation: character-definition not found: objects/characters/human/sdk_player/sdk_player.cdf
<13:26:35> CryAnimation: character-definition not found: objects/characters/human/sdk_player/sdk_player.cdf
<13:26:35> CryAnimation: character-definition not found: objects/characters/human/sdk_player/sdk_player.cdf
<13:26:37> CryAnimation: character-definition not found: objects/characters/human/sdk_player/sdk_player.cdf
<13:26:37> CryAnimation: character-definition not found: objects/characters/human/sdk_player/sdk_player.cdf
<13:26:37> CryAnimation: character-definition not found: objects/characters/human/sdk_player/sdk_player.cdf
<13:26:39> PLAYERNAME Kornflakes
<13:26:40> CryAnimation: character-definition not found: objects/characters/man.cdf
<13:26:40> CryAnimation: character-definition not found: objects/characters/human/sdk_player/sdk_player.cdf
<13:26:40> CryAnimation: character-definition not found: objects/characters/human/sdk_player/sdk_player.cdf
<13:26:40> CryAnimation: character-definition not found: objects/characters/human/sdk_player/sdk_player.cdf
<13:27:02> CryAnimation: character-definition not found: objects/characters/human/sdk_player/sdk_player.cdf
<13:27:02> CryAnimation: character-definition not found: objects/characters/human/sdk_player/sdk_player.cdf
<13:27:02> CryAnimation: character-definition not found: objects/characters/human/sdk_player/sdk_player.cdf
<13:27:19> CryAnimation: character-definition not found: objects/characters/human/sdk_player/sdk_player.cdf
<13:27:19> CryAnimation: character-definition not found: objects/characters/human/sdk_player/sdk_player.cdf
<13:27:19> CryAnimation: character-definition not found: objects/characters/human/sdk_player/sdk_player.cdf
<13:27:36> CryAnimation: character-definition not found: objects/characters/human/sdk_player/sdk_player.cdf
<13:27:36> CryAnimation: character-definition not found: objects/characters/human/sdk_player/sdk_player.cdf
<13:27:36> CryAnimation: character-definition not found: objects/characters/human/sdk_player/sdk_player.cdf
<13:27:58> CryAnimation: character-definition not found: objects/characters/human/sdk_player/sdk_player.cdf
<13:27:58> CryAnimation: character-definition not found: objects/characters/human/sdk_player/sdk_player.cdf
<13:27:58> CryAnimation: character-definition not found: objects/characters/human/sdk_player/sdk_player.cdf
<13:28:02> d_prerec_msg 
<13:28:09> d_prerec_msg 
<13:28:14> ast_used_prerec_msg 
<13:28:20> CryAnimation: character-definition not found: objects/characters/human/sdk_player/sdk_player.cdf
<13:28:20> CryAnimation: character-definition not found: objects/characters/human/sdk_player/sdk_player.cdf
<13:28:20> CryAnimation: character-definition not found: objects/characters/human/sdk_player/sdk_player.cdf
<13:28:42> sed_prerec_msg 
<13:28:46> CryAnimation: character-definition not found: objects/characters/human/sdk_player/sdk_player.cdf
<13:28:46> CryAnimation: character-definition not found: objects/characters/human/sdk_player/sdk_player.cdf
<13:28:46> CryAnimation: character-definition not found: objects/characters/human/sdk_player/sdk_player.cdf
<13:28:46> sed_prerec_msg 
<13:28:48> sed_prerec_msg 
<13:28:53> sed_prerec_msg 
<13:28:54> d_prerec_msg 
<13:28:55> sed_prerec_msg 
<13:28:57> d_prerec_msg 
<13:29:03> sed_prerec_msg 
<13:29:04> st_used_prerec_msg 
<13:29:06> d_prerec_msg 
<13:29:15> CryAnimation: character-definition not found: objects/characters/human/sdk_player/sdk_player.cdf
<13:29:15> CryAnimation: character-definition not found: objects/characters/human/sdk_player/sdk_player.cdf
<13:29:15> CryAnimation: character-definition not found: objects/characters/human/sdk_player/sdk_player.cdf
<13:29:51> CryAnimation: character-definition not found: objects/characters/human/sdk_player/sdk_player.cdf
<13:29:51> CryAnimation: character-definition not found: objects/characters/human/sdk_player/sdk_player.cdf
<13:29:51> CryAnimation: character-definition not found: objects/characters/human/sdk_player/sdk_player.cdf
<13:29:59> _used_prerec_msg 
<13:30:00> sed_prerec_msg 
<13:30:01> sed_prerec_msg 
<13:30:02> sed_prerec_msg 
<13:30:03> sed_prerec_msg 
<13:30:04> sed_prerec_msg 
<13:30:05> used_prerec_msg 
<13:30:06> _used_prerec_msg 
<13:30:07> _used_prerec_msg 
<13:30:12> sed_prerec_msg 
<13:30:13> sed_prerec_msg 
<13:30:13> ed_prerec_msg 
<13:30:16> sed_prerec_msg 
<13:30:16> _used_prerec_msg 
<13:30:17> sed_prerec_msg 
<13:30:18> sed_prerec_msg 
<13:30:22> _used_prerec_msg 
<13:30:24> used_prerec_msg 
<13:30:31> sed_prerec_msg 
<13:30:32> d_prerec_msg 
<13:30:39> ast_used_prerec_msg 
<13:30:41> ast_used_prerec_msg 
<13:30:44> d_prerec_msg 
<13:30:44> used_prerec_msg 
<13:30:54> _used_prerec_msg 
<13:31:19> d_prerec_msg 
<13:31:21> t_used_prerec_msg 
<13:31:32> CHUDNv::showPickArmorGradient()
<13:31:36> d_prerec_msg 
<13:31:38> d_prerec_msg 
<13:31:43> CHUDNv::showPickArmorGradient()
<13:31:46> CHUDNv::showPickArmorGradient()
<13:32:15> d_prerec_msg 
<13:32:25> d_prerec_msg 
<13:32:28> _used_prerec_msg 
<13:33:08> d_prerec_msg 
<13:33:17> CVehicleSeat::NetSetPassengerId c2
<13:33:17> CVehicleSeat::Enter called
<13:33:26> CVehicleSeat::NetSetPassengerId c2
<13:33:26> CVehicleSeat::Enter called
<13:33:33> t_used_prerec_msg 
<13:33:34> CVehicleSeat::Exit called
<13:33:34> CVehicleSeat::Exit called c2
<13:33:34> ClProcessLeave call
<13:34:12> CVehicleSeat::Exit called
<13:34:12> CVehicleSeat::Exit called c2
<13:34:12> ClProcessLeave call
<13:35:26> CHUDNv::showPickArmorGradient()
<13:35:26> CTrain::SmplPlaySnd train_gts
<13:36:06> sed_prerec_msg 
<13:36:07> CVehicleSeat::NetSetPassengerId c2
<13:36:07> CVehicleSeat::Enter called
<13:36:10> CVehicleSeat::Exit called
<13:36:10> CVehicleSeat::Exit called c2
<13:36:10> ClProcessLeave call
<13:36:20> ed_prerec_msg 
<13:36:23> sed_prerec_msg 
<13:36:23> d_prerec_msg 
<13:36:46> ed_prerec_msg 
<13:37:09> CHUDNv::showPickArmorGradient()
<13:37:44> st_used_prerec_msg 
<13:37:46> CTrain::SmplPlaySnd train_gts
<13:37:59> st_used_prerec_msg 
<13:38:06> CHUDNv::showPickArmorGradient()
<13:38:47> CTrain::SmplPlaySnd train_gts
<13:39:09> CTrain::SmplPlaySnd train_gts
<13:39:16> CVehicleSeat::NetSetPassengerId c2
<13:39:16> CVehicleSeat::Enter called
<13:39:20> CVehicleSeat::Exit called
<13:39:20> CVehicleSeat::Exit called c2
<13:39:20> ClProcessLeave call
<13:39:24> CTrain::SmplPlaySnd train_gts
<13:40:21> CTrain::SmplPlaySnd train_gts
<13:40:55> gEnv->pRenderer->Draw2dImage XXX
<13:40:57> remapped bone indices with refcount '4294967292' still around for 'zombiemodelnew/conserve_fp_nonmm.skin 0x000002A6C5DA5100
<13:40:57> remapped bone indices with refcount '4294967293' still around for 'objects/zhg_objects/characters/conserve/conserve_head.skin 0x000002A6C5DA1F00
<13:40:57> remapped bone indices with refcount '4294967289' still around for 'objects/zhg_objects/characters/sets/vanityset/vanityset_torso.skin 0x000002A6C1B7CD00
<13:40:57> remapped bone indices with refcount '4294967289' still around for 'objects/zhg_objects/characters/sets/vanityset/vanityset_torso.skin 0x000002A6C1B7D340
<13:40:57> remapped bone indices with refcount '4294967289' still around for 'objects/zhg_objects/characters/sets/vanityset/vanityset_torso.skin 0x000002A6C1B7D980
<13:40:57> remapped bone indices with refcount '4294967289' still around for 'objects/zhg_objects/characters/sets/vanityset/vanityset_pants.skin 0x000002A6C1B7C6C0
<13:40:57> remapped bone indices with refcount '4294967289' still around for 'objects/zhg_objects/characters/sets/vanityset/vanityset_pants.skin 0x000002A6C1B7D020
<13:40:57> remapped bone indices with refcount '4294967289' still around for 'objects/zhg_objects/characters/sets/vanityset/vanityset_pants.skin 0x000002A6C1B7C3A0
<13:40:57> remapped bone indices with refcount '4294967289' still around for 'objects/zhg_objects/characters/sets/vanityset/vanityset_head.skin 0x000002A6C1B7DCA0
<13:40:57> remapped bone indices with refcount '4294967289' still around for 'objects/zhg_objects/characters/sets/vanityset/vanityset_head.skin 0x000002A6C1B7C080
<13:40:57> remapped bone indices with refcount '4294967289' still around for 'objects/zhg_objects/characters/sets/vanityset/vanityset_head.skin 0x000002A6C1B7D660
<13:40:57> remapped bone indices with refcount '4294967289' still around for 'objects/zhg_objects/characters/sets/safetyset/safetyset_head.skin 0x000002A6C1B7C9E0
<13:40:57> remapped bone indices with refcount '4294967289' still around for 'objects/zhg_objects/characters/sets/safetyset/safetyset_head.skin 0x000002A6C1B81CC0
<13:40:57> remapped bone indices with refcount '4294967289' still around for 'objects/zhg_objects/characters/sets/safetyset/safetyset_head.skin 0x000002A6C1B81680
<13:40:57> remapped bone indices with refcount '4294967273' still around for 'objects/zhg_objects/characters/sets/rebellionset/rebellionset_torso.skin 0x000002A6C1B80D20
<13:40:57> remapped bone indices with refcount '4294967273' still around for 'objects/zhg_objects/characters/sets/rebellionset/rebellionset_torso.skin 0x000002A6C1B803C0
<13:40:57> remapped bone indices with refcount '4294967273' still around for 'objects/zhg_objects/characters/sets/rebellionset/rebellionset_torso.skin 0x000002A6C1B81040
<13:40:57> remapped bone indices with refcount '4294967281' still around for 'objects/zhg_objects/characters/sets/rebellionset/rebellionset_pants.skin 0x000002A6C1B819A0
<13:40:57> remapped bone indices with refcount '4294967281' still around for 'objects/zhg_objects/characters/sets/rebellionset/rebellionset_pants.skin 0x000002A6C1B80A00
<13:40:57> remapped bone indices with refcount '4294967281' still around for 'objects/zhg_objects/characters/sets/rebellionset/rebellionset_pants.skin 0x000002A6C1B800A0
<13:40:57> remapped bone indices with refcount '4294967289' still around for 'objects/zhg_objects/characters/sets/rebellionset/rebellionset_head.skin 0x000002A6C1B81360
<13:40:57> remapped bone indices with refcount '4294967289' still around for 'objects/zhg_objects/characters/sets/rebellionset/rebellionset_head.skin 0x000002A6C1B806E0
<13:40:57> remapped bone indices with refcount '4294967289' still around for 'objects/zhg_objects/characters/sets/rebellionset/rebellionset_head.skin 0x000002A6B4CD5C40
<13:40:57> remapped bone indices with refcount '4294967281' still around for 'objects/zhg_objects/characters/sets/rebellionset/rebelliomset_hands.skin 0x000002A6B4CD5920
<13:40:57> remapped bone indices with refcount '4294967281' still around for 'objects/zhg_objects/characters/sets/rebellionset/rebelliomset_hands.skin 0x000002A6B4CD4FC0
<13:40:57> remapped bone indices with refcount '4294967281' still around for 'objects/zhg_objects/characters/sets/rebellionset/rebelliomset_hands.skin 0x000002A6B4CD4980
<13:40:57> remapped bone indices with refcount '4294967281' still around for 'objects/zhg_objects/characters/sets/rebellionset/rebelliomset_hands.skin 0x000002A6B4CD65A0
<13:40:57> remapped bone indices with refcount '4294967289' still around for 'objects/zhg_objects/characters/sets/loverset/loverset_torso.skin 0x000002A6B4CD4CA0
<13:40:57> remapped bone indices with refcount '4294967289' still around for 'objects/zhg_objects/characters/sets/loverset/loverset_torso.skin 0x000002A6B4CD6280
<13:40:57> remapped bone indices with refcount '4294967289' still around for 'objects/zhg_objects/characters/sets/loverset/loverset_torso.skin 0x000002A6B4CD5600
<13:40:57> remapped bone indices with refcount '4294967289' still around for 'objects/zhg_objects/characters/sets/loverset/loverset_head.skin 0x000002A6B4CD52E0
<13:40:57> remapped bone indices with refcount '4294967289' still around for 'objects/zhg_objects/characters/sets/loverset/loverset_head.skin 0x000002A6B4CD5F60
<13:40:57> remapped bone indices with refcount '4294967289' still around for 'objects/zhg_objects/characters/sets/loverset/loverset_head.skin 0x000002A6C1D07910
<13:40:57> remapped bone indices with refcount '4294967289' still around for 'objects/zhg_objects/characters/sets/leaderset/leaderset_torso.skin 0x000002A6C1D072D0
<13:40:57> remapped bone indices with refcount '4294967289' still around for 'objects/zhg_objects/characters/sets/leaderset/leaderset_torso.skin 0x000002A6C1D075F0
<13:40:57> remapped bone indices with refcount '4294967289' still around for 'objects/zhg_objects/characters/sets/leaderset/leaderset_torso.skin 0x000002A6C1D06FB0
<13:40:57> remapped bone indices with refcount '4294967289' still around for 'objects/zhg_objects/characters/sets/leaderset/leaderset_pants.skin 0x000002A6C1D06970
<13:40:57> remapped bone indices with refcount '4294967289' still around for 'objects/zhg_objects/characters/sets/leaderset/leaderset_pants.skin 0x000002A6C1D05CF0
<13:40:57> remapped bone indices with refcount '4294967289' still around for 'objects/zhg_objects/characters/sets/leaderset/leaderset_pants.skin 0x000002A6C1D05390
<13:40:57> remapped bone indices with refcount '4294967289' still around for 'objects/zhg_objects/characters/sets/leaderset/leaderset_head.skin 0x000002A6C1D088B0
<13:40:57> remapped bone indices with refcount '4294967289' still around for 'objects/zhg_objects/characters/sets/leaderset/leaderset_head.skin 0x000002A6C1D06330
<13:40:57> remapped bone indices with refcount '4294967289' still around for 'objects/zhg_objects/characters/sets/leaderset/leaderset_head.skin 0x000002A6C1D06010
<13:40:57> remapped bone indices with refcount '4294967289' still around for 'objects/zhg_objects/characters/sets/hopefullset/hopefullset_torso.skin 0x000002A6C1D056B0
<13:40:57> remapped bone indices with refcount '4294967289' still around for 'objects/zhg_objects/characters/sets/hopefullset/hopefullset_torso.skin 0x000002A6C1D059D0
<13:40:57> remapped bone indices with refcount '4294967289' still around for 'objects/zhg_objects/characters/sets/hopefullset/hopefullset_torso.skin 0x000002A6C1D06C90
<13:40:57> remapped bone indices with refcount '4294967289' still around for 'objects/zhg_objects/characters/sets/hopefullset/hopefullset_pants.skin 0x000002A6C1D05070
<13:40:57> remapped bone indices with refcount '4294967289' still around for 'objects/zhg_objects/characters/sets/hopefullset/hopefullset_pants.skin 0x000002A6C1D08590
<13:40:57> remapped bone indices with refcount '4294967289' still around for 'objects/zhg_objects/characters/sets/hopefullset/hopefullset_pants.skin 0x000002A6C1D08270
<13:40:57> remapped bone indices with refcount '4294967289' still around for 'objects/zhg_objects/characters/sets/hopefullset/hopefullset_head.skin 0x000002A6C1D07F50
<13:40:57> remapped bone indices with refcount '4294967289' still around for 'objects/zhg_objects/characters/sets/hopefullset/hopefullset_head.skin 0x000002A6C1D07C30
<13:40:57> remapped bone indices with refcount '4294967289' still around for 'objects/zhg_objects/characters/sets/hopefullset/hopefullset_head.skin 0x000002A6C1D08BD0
<13:40:57> remapped bone indices with refcount '4294967289' still around for 'objects/zhg_objects/characters/sets/doubtset/doubtset_head.skin 0x000002A6C1D06650
<13:41:03> Iterator 0
<13:41:03> Size 30
<13:41:03> Iterator 1
<13:41:03> Size 30
<13:41:03> Iterator 2
<13:41:03> Size 30
<13:41:03> Iterator 3
<13:41:03> Size 30
<13:41:03> Iterator 4
<13:41:03> Size 30
<13:41:03> Iterator 5
<13:41:03> Size 30
<13:41:03> Iterator 6
<13:41:03> Size 30
<13:41:03> Iterator 7
<13:41:03> Size 30
<13:41:03> Iterator 8
<13:41:03> Size 30
<13:41:03> Iterator 9
<13:41:03> Size 30
<13:41:03> Iterator 10
<13:41:03> Size 30
<13:41:03> Iterator 11
<13:41:03> Size 30
<13:41:03> Iterator 12
<13:41:03> Size 30
<13:41:03> Iterator 13
<13:41:03> Size 30
<13:41:03> Iterator 14
<13:41:03> Size 30
<13:41:03> Iterator 15
<13:41:03> Size 30
<13:41:03> Iterator 16
<13:41:03> Size 30
<13:41:03> Iterator 17
<13:41:03> Size 30
<13:41:03> Iterator 18
<13:41:03> Size 30
<13:41:03> Iterator 19
<13:41:03> Size 30
<13:41:03> Iterator 20
<13:41:03> Size 30
<13:41:03> Iterator 21
<13:41:03> Size 30
<13:41:03> Iterator 22
<13:41:03> Size 30
<13:41:03> Iterator 23
<13:41:03> Size 30
<13:41:03> Iterator 24
<13:41:03> Size 30
<13:41:03> Iterator 25
<13:41:03> Size 30
<13:41:03> Iterator 26
<13:41:03> Size 30
<13:41:03> Iterator 27
<13:41:03> Size 30
<13:41:03> Iterator 28
<13:41:03> Size 30
<13:41:03> Iterator 29
<13:41:03> Size 30
<13:41:03> playerName Kornflakes
<13:41:03> Iterator 30
<13:41:03> Size 30
