BackupNameAttachment=" Build(0) 15 Jul 21 (12 03 35)"  -- used by backup system
Log Started at Thu Jul 15 12:03:35 2021
Built on Oct 13 2019 19:15:33
Running 64 bit Windows version
Command Line: "D:\Games\Steam\steamapps\common\Pandemic Express\Bin/win_x64/PandemicExpress.exe"
Executable: D:\Games\Steam\steamapps\common\Pandemic Express\Bin\win_x64\PandemicExpress.exe
FileVersion: 1.0.0.0
ProductVersion: 1.0.0.0
Added MOD directory <%engineroot%/engine> to CryPak

Total number of logical processors: 12
Number of available logical processors: 12
Total number of system cores: 6
Number of cores available to process: 6
 
Processor 0:
  CPU: AMD AMD Ryzen 5 3600 6-Core Processor              
  Family: 15, Model: 1, Stepping: 0
  FPU: On-Chip
  Features: FP16, SSE, SSE2, SSE3, SSE4.2, AVX, AVX2, FMA3
  Serial number not present or disabled
 
Processor 1:
  CPU: AMD AMD Ryzen 5 3600 6-Core Processor              
  Family: 15, Model: 1, Stepping: 0
  FPU: On-Chip
  Features: FP16, SSE, SSE2, SSE3, SSE4.2, AVX, AVX2, FMA3
  Serial number not present or disabled
 
Processor 2:
  CPU: AMD AMD Ryzen 5 3600 6-Core Processor              
  Family: 15, Model: 1, Stepping: 0
  FPU: On-Chip
  Features: FP16, SSE, SSE2, SSE3, SSE4.2, AVX, AVX2, FMA3
  Serial number not present or disabled
 
Processor 3:
  CPU: AMD AMD Ryzen 5 3600 6-Core Processor              
  Family: 15, Model: 1, Stepping: 0
  FPU: On-Chip
  Features: FP16, SSE, SSE2, SSE3, SSE4.2, AVX, AVX2, FMA3
  Serial number not present or disabled
 
Processor 4:
  CPU: AMD AMD Ryzen 5 3600 6-Core Processor              
  Family: 15, Model: 1, Stepping: 0
  FPU: On-Chip
  Features: FP16, SSE, SSE2, SSE3, SSE4.2, AVX, AVX2, FMA3
  Serial number not present or disabled
 
Processor 5:
  CPU: AMD AMD Ryzen 5 3600 6-Core Processor              
  Family: 15, Model: 1, Stepping: 0
  FPU: On-Chip
  Features: FP16, SSE, SSE2, SSE3, SSE4.2, AVX, AVX2, FMA3
  Serial number not present or disabled
 
<12:03:35> Loading Config file system.cfg (system.cfg)
<12:03:35> [Error] [CVARS]: [IGNORED CHANGE] variable [sys_version] from [] to [1.1.0.000.200116]; Marked as [VF_CHEAT]
<12:03:35> OnSysSpecChange(1)
<12:03:35> [Error] [CVARS]: [IGNORED CHANGE] variable [sys_asserts] from [0] to [0]; Marked as [VF_CHEAT]
<12:03:35> GameDir: DATA
<12:03:35> <ThreadConfigInfo>: Thread profile loaded: "pc_8" (config/engine_core.thread_config)  
<12:03:35> Windows 10 64 bit (build 10.0.19043)
<12:03:35> System language: English
<12:03:35> Windows Directory: "C:\Windows"
<12:03:35> Local time is 12:03:35 07/15/21, system running for 4264 minutes
<12:03:35> 16333MB physical memory installed, 6835MB available, 134217727MB virtual memory installed, 58 percent of memory in use
<12:03:35> PageFile usage: 76MB, Working Set: 88MB, Peak PageFile usage: 76MB,
<12:03:35> Current display mode is 2560x1440x32, (Unknown graphics card)
<12:03:35> IBM enhanced (101/102-key) keyboard and 16+ button mouse installed
<12:03:35> --------------------------------------------------------------------------------
<12:03:35> OnSysSpecChange(1)
<12:03:35> Loading Config file LowSpec.cfg (data\config\lowspec.cfg)
<12:03:35> [Error] [CVARS]: [MISSING] [mfx_Timeout] is not a registered console variable; referenced when testing console variable group [sys_spec_gameeffects] = [1]
<12:03:35> [Error] [CVARS]: [MISSING] [ca_AttachmentCullingRation] is not a registered console variable; referenced when testing console variable group [sys_spec_objectdetail] = [1]
<12:03:35> [Error] [CVARS]: [MISSING] [e_DecalsLifeTimeScale] is not a registered console variable; referenced when testing console variable group [sys_spec_objectdetail] = [1]
<12:03:35> [Error] [CVARS]: [MISSING] [e_LodRatio] is not a registered console variable; referenced when testing console variable group [sys_spec_objectdetail] = [1]
<12:03:35> [Error] [CVARS]: [MISSING] [e_MaxViewDistSpecLerp] is not a registered console variable; referenced when testing console variable group [sys_spec_objectdetail] = [1]
<12:03:35> [Error] [CVARS]: [MISSING] [e_MaxViewDistance] is not a registered console variable; referenced when testing console variable group [sys_spec_objectdetail] = [1]
<12:03:35> [Error] [CVARS]: [MISSING] [e_ObjQuality] is not a registered console variable; referenced when testing console variable group [sys_spec_objectdetail] = [1]
<12:03:35> [Error] [CVARS]: [MISSING] [e_TerrainOcclusionCullingMaxDist] is not a registered console variable; referenced when testing console variable group [sys_spec_objectdetail] = [1]
<12:03:35> [Error] [CVARS]: [MISSING] [e_VegetationMinSize] is not a registered console variable; referenced when testing console variable group [sys_spec_objectdetail] = [1]
<12:03:35> [Error] [CVARS]: [MISSING] [e_ViewDistRatio] is not a registered console variable; referenced when testing console variable group [sys_spec_objectdetail] = [1]
<12:03:35> [Error] [CVARS]: [MISSING] [e_ViewDistRatioCustom] is not a registered console variable; referenced when testing console variable group [sys_spec_objectdetail] = [1]
<12:03:35> [Error] [CVARS]: [MISSING] [e_ViewDistRatioDetail] is not a registered console variable; referenced when testing console variable group [sys_spec_objectdetail] = [1]
<12:03:35> [Error] [CVARS]: [MISSING] [e_ViewDistRatioLights] is not a registered console variable; referenced when testing console variable group [sys_spec_objectdetail] = [1]
<12:03:35> [Error] [CVARS]: [MISSING] [e_ViewDistRatioVegetation] is not a registered console variable; referenced when testing console variable group [sys_spec_objectdetail] = [1]
<12:03:35> [Error] [CVARS]: [MISSING] [es_DebrisLifetimeScale] is not a registered console variable; referenced when testing console variable group [sys_spec_objectdetail] = [1]
<12:03:35> [Error] [CVARS]: [MISSING] [e_DecalsOverlapping] is not a registered console variable; referenced when testing console variable group [sys_spec_objectdetail] = [1]
<12:03:35> [Error] [CVARS]: [MISSING] [e_LodMin] is not a registered console variable; referenced when testing console variable group [sys_spec_objectdetail] = [1]
<12:03:35> [Error] [CVARS]: [MISSING] [e_MergedMeshesInstanceDist] is not a registered console variable; referenced when testing console variable group [sys_spec_objectdetail] = [1]
<12:03:35> [Error] [CVARS]: [MISSING] [e_MergedMeshesPool] is not a registered console variable; referenced when testing console variable group [sys_spec_objectdetail] = [1]
<12:03:35> [Error] [CVARS]: [MISSING] [e_OcclusionCullingViewDistRatio] is not a registered console variable; referenced when testing console variable group [sys_spec_objectdetail] = [1]
<12:03:35> [Error] [CVARS]: [MISSING] [e_TerrainLodRatio] is not a registered console variable; referenced when testing console variable group [sys_spec_objectdetail] = [1]
<12:03:35> [Error] [CVARS]: [MISSING] [e_Tessellation] is not a registered console variable; referenced when testing console variable group [sys_spec_objectdetail] = [1]
<12:03:35> [Error] [CVARS]: [MISSING] [e_ViewDistMin] is not a registered console variable; referenced when testing console variable group [sys_spec_objectdetail] = [1]
<12:03:35> [Error] [CVARS]: [MISSING] [e_ParticlesMaxScreenFill] is not a registered console variable; referenced when testing console variable group [sys_spec_particles] = [1]
<12:03:35> [Error] [CVARS]: [MISSING] [e_ParticlesMinDrawPixels] is not a registered console variable; referenced when testing console variable group [sys_spec_particles] = [1]
<12:03:35> [Error] [CVARS]: [MISSING] [e_ParticlesObjectCollisions] is not a registered console variable; referenced when testing console variable group [sys_spec_particles] = [1]
<12:03:35> [Error] [CVARS]: [MISSING] [e_ParticlesQuality] is not a registered console variable; referenced when testing console variable group [sys_spec_particles] = [1]
<12:03:35> [Error] [CVARS]: [MISSING] [e_ParticlesMotionBlur] is not a registered console variable; referenced when testing console variable group [sys_spec_particles] = [1]
<12:03:35> [Error] [CVARS]: [MISSING] [e_CullVegActivation] is not a registered console variable; referenced when testing console variable group [sys_spec_physics] = [1]
<12:03:35> [Error] [CVARS]: [MISSING] [e_FoliageWindActivationDist] is not a registered console variable; referenced when testing console variable group [sys_spec_physics] = [1]
<12:03:35> [Error] [CVARS]: [MISSING] [e_PhysOceanCell] is not a registered console variable; referenced when testing console variable group [sys_spec_physics] = [1]
<12:03:35> [Error] [CVARS]: [MISSING] [es_MaxPhysDist] is not a registered console variable; referenced when testing console variable group [sys_spec_physics] = [1]
<12:03:35> [Error] [CVARS]: [MISSING] [es_MaxPhysDistInvisible] is not a registered console variable; referenced when testing console variable group [sys_spec_physics] = [1]
<12:03:35> [Error] [CVARS]: [MISSING] [g_breakage_particles_limit] is not a registered console variable; referenced when testing console variable group [sys_spec_physics] = [1]
<12:03:35> [Error] [CVARS]: [MISSING] [g_tree_cut_reuse_dist] is not a registered console variable; referenced when testing console variable group [sys_spec_physics] = [1]
<12:03:35> [Error] [CVARS]: [MISSING] [p_max_MC_iters] is not a registered console variable; referenced when testing console variable group [sys_spec_physics] = [1]
<12:03:35> [Error] [CVARS]: [MISSING] [p_max_substeps] is not a registered console variable; referenced when testing console variable group [sys_spec_physics] = [1]
<12:03:35> [Error] [CVARS]: [MISSING] [e_PhysProxyTriLimit] is not a registered console variable; referenced when testing console variable group [sys_spec_physics] = [1]
<12:03:35> [Error] [CVARS]: [MISSING] [p_max_object_splashes] is not a registered console variable; referenced when testing console variable group [sys_spec_physics] = [1]
<12:03:35> [Error] [CVARS]: [MISSING] [p_max_substeps_large_group] is not a registered console variable; referenced when testing console variable group [sys_spec_physics] = [1]
<12:03:35> [Error] [CVARS]: [MISSING] [p_num_bodies_large_group] is not a registered console variable; referenced when testing console variable group [sys_spec_physics] = [1]
<12:03:35> [Error] [CVARS]: [MISSING] [p_splash_dist0] is not a registered console variable; referenced when testing console variable group [sys_spec_physics] = [1]
<12:03:35> [Error] [CVARS]: [MISSING] [p_splash_dist1] is not a registered console variable; referenced when testing console variable group [sys_spec_physics] = [1]
<12:03:35> [Error] [CVARS]: [MISSING] [p_splash_force0] is not a registered console variable; referenced when testing console variable group [sys_spec_physics] = [1]
<12:03:35> [Error] [CVARS]: [MISSING] [p_splash_force1] is not a registered console variable; referenced when testing console variable group [sys_spec_physics] = [1]
<12:03:35> [Error] [CVARS]: [MISSING] [p_splash_vel0] is not a registered console variable; referenced when testing console variable group [sys_spec_physics] = [1]
<12:03:35> [Error] [CVARS]: [MISSING] [p_splash_vel1] is not a registered console variable; referenced when testing console variable group [sys_spec_physics] = [1]
<12:03:35> [Error] [CVARS]: [MISSING] [e_DynamicLightsMaxEntityLights] is not a registered console variable; referenced when testing console variable group [sys_spec_shading] = [1]
<12:03:35> [Error] [CVARS]: [MISSING] [e_SkyUpdateRate] is not a registered console variable; referenced when testing console variable group [sys_spec_shading] = [1]
<12:03:35> [Error] [CVARS]: [MISSING] [e_svoTI_Apply] is not a registered console variable; referenced when testing console variable group [sys_spec_shading] = [1]
<12:03:35> [Error] [CVARS]: [MISSING] [e_svoTI_RsmConeMaxLength] is not a registered console variable; referenced when testing console variable group [sys_spec_shading] = [1]
<12:03:35> [Error] [CVARS]: [MISSING] [e_svoTI_RsmUseColors] is not a registered console variable; referenced when testing console variable group [sys_spec_shading] = [1]
<12:03:35> [Error] [CVARS]: [MISSING] [e_svoTi_Active] is not a registered console variable; referenced when testing console variable group [sys_spec_shading] = [1]
<12:03:35> [Error] [CVARS]: [MISSING] [e_svoti_LowSpecMode] is not a registered console variable; referenced when testing console variable group [sys_spec_shading] = [1]
<12:03:35> [Error] [CVARS]: [MISSING] [e_LightVolumes] is not a registered console variable; referenced when testing console variable group [sys_spec_shading] = [1]
<12:03:35> [Error] [CVARS]: [MISSING] [e_VegetationUseTerrainColor] is not a registered console variable; referenced when testing console variable group [sys_spec_shading] = [1]
<12:03:35> [Error] [CVARS]: [MISSING] [e_GsmLodsNum] is not a registered console variable; referenced when testing console variable group [sys_spec_shadows] = [1]
<12:03:35> [Error] [CVARS]: [MISSING] [e_GsmRange] is not a registered console variable; referenced when testing console variable group [sys_spec_shadows] = [1]
<12:03:35> [Error] [CVARS]: [MISSING] [e_ObjShadowCastSpec] is not a registered console variable; referenced when testing console variable group [sys_spec_shadows] = [1]
<12:03:35> [Error] [CVARS]: [MISSING] [e_ParticlesShadows] is not a registered console variable; referenced when testing console variable group [sys_spec_shadows] = [1]
<12:03:35> [Error] [CVARS]: [MISSING] [e_Shadows] is not a registered console variable; referenced when testing console variable group [sys_spec_shadows] = [1]
<12:03:35> [Error] [CVARS]: [MISSING] [e_ShadowsBlendCascades] is not a registered console variable; referenced when testing console variable group [sys_spec_shadows] = [1]
<12:03:35> [Error] [CVARS]: [MISSING] [e_ShadowsCastViewDistRatio] is not a registered console variable; referenced when testing console variable group [sys_spec_shadows] = [1]
<12:03:35> [Error] [CVARS]: [MISSING] [e_ShadowsLodBiasFixed] is not a registered console variable; referenced when testing console variable group [sys_spec_shadows] = [1]
<12:03:35> [Error] [CVARS]: [MISSING] [e_ShadowsMaxTexRes] is not a registered console variable; referenced when testing console variable group [sys_spec_shadows] = [1]
<12:03:35> [Error] [CVARS]: [MISSING] [e_ShadowsPoolSize] is not a registered console variable; referenced when testing console variable group [sys_spec_shadows] = [1]
<12:03:35> [Error] [CVARS]: [MISSING] [e_ShadowsResScale] is not a registered console variable; referenced when testing console variable group [sys_spec_shadows] = [1]
<12:03:35> [Error] [CVARS]: [MISSING] [e_ShadowsTessellateCascades] is not a registered console variable; referenced when testing console variable group [sys_spec_shadows] = [1]
<12:03:35> [Error] [CVARS]: [MISSING] [e_ShadowsTessellateDLights] is not a registered console variable; referenced when testing console variable group [sys_spec_shadows] = [1]
<12:03:35> [Error] [CVARS]: [MISSING] [e_ShadowsUpdateViewDistRatio] is not a registered console variable; referenced when testing console variable group [sys_spec_shadows] = [1]
<12:03:35> [Error] [CVARS]: [MISSING] [e_VolumetricFog] is not a registered console variable; referenced when testing console variable group [sys_spec_volumetriceffects] = [1]
<12:03:35> [Error] [CVARS]: [MISSING] [e_fog] is not a registered console variable; referenced when testing console variable group [sys_spec_volumetriceffects] = [1]
<12:03:35> [Error] [CVARS]: [MISSING] [e_Clouds] is not a registered console variable; referenced when testing console variable group [sys_spec_volumetriceffects] = [1]
<12:03:35> [Error] [CVARS]: [MISSING] [e_WaterOceanFFT] is not a registered console variable; referenced when testing console variable group [sys_spec_water] = [1]
<12:03:35> [Error] [CVARS]: [MISSING] [e_WaterTessellationAmount] is not a registered console variable; referenced when testing console variable group [sys_spec_water] = [1]
<12:03:35> [Error] [CVARS]: [MISSING] [e_WaterTessellationAmountX] is not a registered console variable; referenced when testing console variable group [sys_spec_water] = [1]
<12:03:35> [Error] [CVARS]: [MISSING] [e_WaterTessellationAmountY] is not a registered console variable; referenced when testing console variable group [sys_spec_water] = [1]
<12:03:35> [Error] [CVARS]: [MISSING] [e_WaterTessellationSwathWidth] is not a registered console variable; referenced when testing console variable group [sys_spec_water] = [1]
<12:03:35> Loading Config file game.cfg (data\game.cfg)
<12:03:35> [Warning] [CVARS]: [CHANGED] variable [sys_asserts] from [0] to [0]; Marked as [VF_CHEAT]
<12:03:35> [Warning] Modifying marked variables will not be allowed in Release mode!
<12:03:35> Stream Engine Initialization
<12:03:35> GameName: Pandemic Express
<12:03:35> BuildTime: Oct 13 2019 19:15:33
<12:03:35> Physics initialization
<12:03:35> Localized language content(english) not available or modified from the original installation.
<12:03:35> Localized language content(english) not available or modified from the original installation.
<12:03:35> Localized language content(english) not available or modified from the original installation.
<12:03:35> <Audio>: AudioSystem initialization
<12:03:35> <Audio> <0.227>: CryAudioImplWwise loaded
<12:03:37> Renderer initialization
<12:03:37> Logging video adapters:
<12:03:37> - NVIDIA GeForce RTX 3070 (vendor = 0x10de, device = 0x2484)
<12:03:37>   - Adapter index: 0
<12:03:37>   - Dedicated video memory: 8043 MB
<12:03:37>   - Feature level: DX11 (SM 5.0)
<12:03:37>   - Displays connected: yes
<12:03:37>   - Suitable rendering device: yes
<12:03:37> - Microsoft Basic Render Driver (vendor = 0x1414, device = 0x008c)
<12:03:37>   - Adapter index: 1
<12:03:37>   - Dedicated video memory: 0 MB
<12:03:37>   - Feature level: DX11 (SM 5.0)
<12:03:37>   - Displays connected: no
<12:03:37>   - Suitable rendering device: no
<12:03:37> Active GPUs: 1
<12:03:38> [Renderer] A display device has been connected to the system
<12:03:38> Loading plugin CryDefaultEntities
<12:03:38> Loading plugin CrySchematycCore
<12:03:38> DLL Failed to load, error code: 7E
<12:03:38> Loading plugin CrySchematycSTDEnv
<12:03:38> DLL Failed to load, error code: 7E
<12:03:38> Loading plugin CrySensorSystem
<12:03:38> DLL Failed to load, error code: 7E
<12:03:38> Loading extension file cryplugin.csv
<12:03:38> Loading plugin ProcAnRandGenerator.dll
<12:03:38> Loading plugin PlayFab.dll
<12:03:38> Loading plugin CEVPlayer.dll
<12:03:39> Font initialization
<12:03:39> Using FreeType 2.5.5
<12:03:40> Network initialization
<12:03:40> [net] Socket IO management: External [iocp], Internal [iocp]
<12:03:40> network hostname: DESKTOP-GKEDPQ6
<12:03:40>   ip:26.90.194.210
<12:03:40>   ip:192.168.20.21
<12:03:40> [Network Version]: PROFILE DEVELOPMENT BUILD
<12:03:40> MovieSystem initialization
<12:03:40> Console initialization
<12:03:40> Time initialization
<12:03:40> Input initialization
<12:03:40> AI initialization
<12:03:40>  
<12:03:40>     con_debug = 0 []
<12:03:40>     con_display_last_messages = 0 []
<12:03:40>     con_line_buffer_size = 1000 []
<12:03:40>     con_restricted = 0 [RESTRICTEDMODE]
<12:03:40>     con_showonload = 0 []
<12:03:40>  
<12:03:40>     con_debug = 0 []
<12:03:40>     con_display_last_messages = 0 []
<12:03:40>     con_line_buffer_size = 1000 []
<12:03:40>     con_restricted = 0 [RESTRICTEDMODE]
<12:03:40>     con_showonload = 0 []
<12:03:40>  
<12:03:40>     con_debug = 0 []
<12:03:40>  
<12:03:40>     con_debug = 0 []
<12:03:40> Initializing Animation System
<12:03:40> Initializing 3D Engine
<12:03:40> Script System Initialization
<12:03:40> Entity system initialization
<12:03:40> Initializing AI System
<12:03:40> Initializing additional systems
<12:03:40> Dynamic Response System initialization
<12:03:40> DLL Failed to load, error code: 7E
<12:03:40> No Dynamic Response System was loaded from a module, will use the NULL implementation.
<12:03:40> [Steam] Steam API initialized successfully
<12:03:41> <ThreadConfigInfo>: [XML Parsing] Thread with name "Main" already loaded. Overriding with new configuration
<12:03:41> <ThreadConfigInfo>: [XML Parsing] Thread with name "Network" already loaded. Overriding with new configuration
<12:03:41> <ThreadConfigInfo>: [XML Parsing] Thread with name "NetworkStallTicker" already loaded. Overriding with new configuration
<12:03:41> <ThreadConfigInfo>: [XML Parsing] Thread with name "ZLibCompressor" already loaded. Overriding with new configuration
<12:03:41> <ThreadConfigInfo>: [XML Parsing] Thread with name "NetworkStallTicker" already loaded. Overriding with new configuration
<12:03:41> <ThreadConfigInfo>: [XML Parsing] Thread with name "ZLibCompressor" already loaded. Overriding with new configuration
<12:03:41> <ThreadConfigInfo>: [XML Parsing] Thread with name "TelemetryCopier" already loaded. Overriding with new configuration
<12:03:41> <ThreadConfigInfo>: [XML Parsing] Thread with name "StatsAgent" already loaded. Overriding with new configuration
<12:03:41> <ThreadConfigInfo>: Thread profile loaded: "pc_8" (config/game.thread_config)  
<12:03:41> Initializing default materials...
<12:03:47> [MFX] Loading FXLib 'breakables' ...
<12:03:47> [MFX] Loading FXLib 'collisions' ...
<12:03:47> [MFX] Loading FXLib 'foley' ...
<12:03:47> [MFX] Loading FXLib 'foley_grunt' ...
<12:03:47> [MFX] Loading FXLib 'foley_player' ...
<12:03:47> [MFX] Loading FXLib 'footstep_grunt' ...
<12:03:47> [MFX] Loading FXLib 'footstep_player' ...
<12:03:47> [MFX] Loading FXLib 'footsteps' ...
<12:03:47> [MFX] Loading FXLib 'grenade' ...
<12:03:47> [MFX] Loading FXLib 'melee' ...
<12:03:47> [MFX] Loading FXLib 'player_fx' ...
<12:03:47> [MFX] Loading FXLib 'projectiles' ...
<12:03:47> [MFX] Loading FXLib 'tornado' ...
<12:03:47> [MFX] Loading FXLib 'vegetation' ...
<12:03:47> [MFX] Loading FXLib 'vehicles' ...
<12:03:47> [MFX] Loading FXLib 'breakables' ...
<12:03:47> [MFX] Loading FXLib 'collisions' ...
<12:03:47> [MFX] Loading FXLib 'foley' ...
<12:03:47> [MFX] Loading FXLib 'foley_grunt' ...
<12:03:47> [MFX] Loading FXLib 'foley_player' ...
<12:03:47> [MFX] Loading FXLib 'footstep_grunt' ...
<12:03:47> [MFX] Loading FXLib 'footstep_player' ...
<12:03:47> [MFX] Loading FXLib 'footsteps' ...
<12:03:47> [MFX] Loading FXLib 'grenade' ...
<12:03:47> [MFX] Loading FXLib 'melee' ...
<12:03:47> [MFX] Loading FXLib 'player_fx' ...
<12:03:47> [MFX] Loading FXLib 'projectiles' ...
<12:03:47> [MFX] Loading FXLib 'tornado' ...
<12:03:47> [MFX] Loading FXLib 'vegetation' ...
<12:03:47> [MFX] Loading FXLib 'vehicles' ...
<12:03:47> Creating socket on port 2838
<12:03:47> CreateDatagramSocket c1
<12:03:47> CreateDatagramSocket c2
<12:04:19> CreateDatagramSocket c1
<12:04:21> Game rules class: InstantAction
<12:04:21> ============================ PrepareLevel Multiplayer/Purgatorium_Esc ============================
<12:05:06> CryAnimation: character-definition not found: objects/characters/human/sdk_player/sdk_player.cdf
<12:05:06> CryAnimation: character-definition not found: objects/characters/human/sdk_player/sdk_player.cdf
<12:05:06> CryAnimation: character-definition not found: objects/characters/human/sdk_player/sdk_player.cdf
<12:05:06> CryAnimation: character-definition not found: objects/characters/human/sdk_player/sdk_player.cdf
<12:05:06> CryAnimation: character-definition not found: objects/characters/human/sdk_player/sdk_player.cdf
<12:05:06> CryAnimation: character-definition not found: objects/characters/human/sdk_player/sdk_player.cdf
<12:05:06> CryAnimation: character-definition not found: objects/characters/human/sdk_player/sdk_player.cdf
<12:05:06> CryAnimation: character-definition not found: objects/characters/human/sdk_player/sdk_player.cdf
<12:05:06> CryAnimation: character-definition not found: objects/characters/human/sdk_player/sdk_player.cdf
<12:05:06> CryAnimation: character-definition not found: objects/characters/human/sdk_player/sdk_player.cdf
<12:05:06> CryAnimation: character-definition not found: objects/characters/human/sdk_player/sdk_player.cdf
<12:05:06> CryAnimation: character-definition not found: objects/characters/human/sdk_player/sdk_player.cdf
<12:05:06> CryAnimation: character-definition not found: objects/characters/human/sdk_player/sdk_player.cdf
<12:05:06> CryAnimation: character-definition not found: objects/characters/human/sdk_player/sdk_player.cdf
<12:05:06> CryAnimation: character-definition not found: objects/characters/human/sdk_player/sdk_player.cdf
<12:05:07> CryAnimation: character-definition not found: objects/characters/human/sdk_player/sdk_player.cdf
<12:05:07> CryAnimation: character-definition not found: objects/characters/human/sdk_player/sdk_player.cdf
<12:05:07> CryAnimation: character-definition not found: objects/characters/human/sdk_player/sdk_player.cdf
<12:05:10> CryAnimation: character-definition not found: objects/characters/human/sdk_player/sdk_player.cdf
<12:05:10> CryAnimation: character-definition not found: objects/characters/human/sdk_player/sdk_player.cdf
<12:05:10> CryAnimation: character-definition not found: objects/characters/human/sdk_player/sdk_player.cdf
<12:05:11> PLAYERNAME Kornflakes
<12:05:11> CryAnimation: character-definition not found: objects/characters/man.cdf
<12:05:13> CryAnimation: character-definition not found: objects/characters/human/sdk_player/sdk_player.cdf
<12:05:13> CryAnimation: character-definition not found: objects/characters/human/sdk_player/sdk_player.cdf
<12:05:13> CryAnimation: character-definition not found: objects/characters/human/sdk_player/sdk_player.cdf
<12:06:08> CryAnimation: character-definition not found: objects/characters/human/sdk_player/sdk_player.cdf
<12:06:08> CryAnimation: character-definition not found: objects/characters/human/sdk_player/sdk_player.cdf
<12:06:08> CryAnimation: character-definition not found: objects/characters/human/sdk_player/sdk_player.cdf
<12:06:18> CryAnimation: character-definition not found: objects/characters/human/sdk_player/sdk_player.cdf
<12:06:18> CryAnimation: character-definition not found: objects/characters/human/sdk_player/sdk_player.cdf
<12:06:18> CryAnimation: character-definition not found: objects/characters/human/sdk_player/sdk_player.cdf
<12:06:20> d_prerec_msg 
<12:06:24> d_prerec_msg 
<12:06:25> d_prerec_msg 
<12:06:26> d_prerec_msg 
<12:06:30> CryAnimation: character-definition not found: objects/characters/human/sdk_player/sdk_player.cdf
<12:06:30> CryAnimation: character-definition not found: objects/characters/human/sdk_player/sdk_player.cdf
<12:06:30> CryAnimation: character-definition not found: objects/characters/human/sdk_player/sdk_player.cdf
<12:06:39> d_prerec_msg 
<12:06:39> ast_used_prerec_msg 
<12:06:40> d_prerec_msg 
<12:06:43> CryAnimation: character-definition not found: objects/characters/human/sdk_player/sdk_player.cdf
<12:06:43> CryAnimation: character-definition not found: objects/characters/human/sdk_player/sdk_player.cdf
<12:06:43> CryAnimation: character-definition not found: objects/characters/human/sdk_player/sdk_player.cdf
<12:06:43> ed_prerec_msg 
<12:06:47> ast_used_prerec_msg 
<12:06:47> d_prerec_msg 
<12:06:54> d_prerec_msg 
<12:06:54> d_prerec_msg 
<12:06:55> sed_prerec_msg 
<12:06:57> _used_prerec_msg 
<12:06:57> sed_prerec_msg 
<12:07:00> st_used_prerec_msg 
<12:07:02> CryAnimation: character-definition not found: objects/characters/human/sdk_player/sdk_player.cdf
<12:07:02> CryAnimation: character-definition not found: objects/characters/human/sdk_player/sdk_player.cdf
<12:07:02> CryAnimation: character-definition not found: objects/characters/human/sdk_player/sdk_player.cdf
<12:07:02> ed_prerec_msg 
<12:07:05> CryAnimation: character-definition not found: objects/characters/human/sdk_player/sdk_player.cdf
<12:07:05> CryAnimation: character-definition not found: objects/characters/human/sdk_player/sdk_player.cdf
<12:07:05> CryAnimation: character-definition not found: objects/characters/human/sdk_player/sdk_player.cdf
<12:07:07> CryAnimation: character-definition not found: objects/characters/human/sdk_player/sdk_player.cdf
<12:07:07> CryAnimation: character-definition not found: objects/characters/human/sdk_player/sdk_player.cdf
<12:07:07> CryAnimation: character-definition not found: objects/characters/human/sdk_player/sdk_player.cdf
<12:07:08> CryAnimation: character-definition not found: objects/characters/human/sdk_player/sdk_player.cdf
<12:07:08> CryAnimation: character-definition not found: objects/characters/human/sdk_player/sdk_player.cdf
<12:07:08> CryAnimation: character-definition not found: objects/characters/human/sdk_player/sdk_player.cdf
<12:07:10> st_used_prerec_msg 
<12:07:11> CryAnimation: character-definition not found: objects/characters/human/sdk_player/sdk_player.cdf
<12:07:11> CryAnimation: character-definition not found: objects/characters/human/sdk_player/sdk_player.cdf
<12:07:11> CryAnimation: character-definition not found: objects/characters/human/sdk_player/sdk_player.cdf
<12:07:12> t_used_prerec_msg 
<12:07:12> d_prerec_msg 
<12:07:14> sed_prerec_msg 
<12:07:26> d_prerec_msg 
<12:07:35> d_prerec_msg 
<12:07:41> _used_prerec_msg 
<12:08:00> CryAnimation: character-definition not found: objects/characters/human/sdk_player/sdk_player.cdf
<12:08:00> CryAnimation: character-definition not found: objects/characters/human/sdk_player/sdk_player.cdf
<12:08:00> CryAnimation: character-definition not found: objects/characters/human/sdk_player/sdk_player.cdf
<12:08:15> ast_used_prerec_msg 
<12:08:27> CryAnimation: character-definition not found: objects/characters/human/sdk_player/sdk_player.cdf
<12:08:27> CryAnimation: character-definition not found: objects/characters/human/sdk_player/sdk_player.cdf
<12:08:27> CryAnimation: character-definition not found: objects/characters/human/sdk_player/sdk_player.cdf
<12:08:29> CryAnimation: character-definition not found: objects/characters/human/sdk_player/sdk_player.cdf
<12:08:29> CryAnimation: character-definition not found: objects/characters/human/sdk_player/sdk_player.cdf
<12:08:29> CryAnimation: character-definition not found: objects/characters/human/sdk_player/sdk_player.cdf
<12:08:30> CryAnimation: character-definition not found: objects/characters/human/sdk_player/sdk_player.cdf
<12:08:30> CryAnimation: character-definition not found: objects/characters/human/sdk_player/sdk_player.cdf
<12:08:30> CryAnimation: character-definition not found: objects/characters/human/sdk_player/sdk_player.cdf
<12:08:52> d_prerec_msg 
<12:09:58> CryAnimation: character-definition not found: objects/characters/human/sdk_player/sdk_player.cdf
<12:09:58> CryAnimation: character-definition not found: objects/characters/human/sdk_player/sdk_player.cdf
<12:09:58> CryAnimation: character-definition not found: objects/characters/human/sdk_player/sdk_player.cdf
<12:10:18> CHUDNv::showPickArmorGradient()
<12:10:19> CHUDNv::showPickArmorGradient()
<12:10:20> CHUDNv::showPickArmorGradient()
<12:12:20> d_prerec_msg 
<12:12:23> sed_prerec_msg 
<12:12:23> d_prerec_msg 
<12:12:26> sed_prerec_msg 
<12:12:49> CVehicleSeat::NetSetPassengerId c2
<12:12:49> CVehicleSeat::Enter called
<12:12:58> CVehicleSeat::Exit called
<12:12:58> CVehicleSeat::Exit called c2
<12:12:58> ClProcessLeave call
<12:13:30> CryAnimation: character-definition not found: objects/characters/human/sdk_player/sdk_player.cdf
<12:13:30> CryAnimation: character-definition not found: objects/characters/human/sdk_player/sdk_player.cdf
<12:13:30> CryAnimation: character-definition not found: objects/characters/human/sdk_player/sdk_player.cdf
<12:13:48> CVehicleSeat::NetSetPassengerId c2
<12:13:48> CVehicleSeat::Enter called
<12:13:54> CVehicleSeat::Exit called
<12:13:54> CVehicleSeat::Exit called c2
<12:13:54> ClProcessLeave call
<12:14:28> d_prerec_msg 
<12:16:18> CHUDNv::showPickArmorGradient()
<12:16:42> CVehicleSeat::NetSetPassengerId c2
<12:16:42> CVehicleSeat::Enter called
<12:17:13> CVehicleSeat::Exit called
<12:17:13> CVehicleSeat::Exit called c2
<12:17:13> ClProcessLeave call
<12:17:24> sed_prerec_msg 
<12:17:48> CTrain::SmplPlaySnd train_gts
<12:19:46> CryAnimation: character-definition not found: objects/characters/human/sdk_player/sdk_player.cdf
<12:19:46> CryAnimation: character-definition not found: objects/characters/human/sdk_player/sdk_player.cdf
<12:19:46> CryAnimation: character-definition not found: objects/characters/human/sdk_player/sdk_player.cdf
<12:20:30> gEnv->pRenderer->Draw2dImage XXX
<12:20:31> remapped bone indices with refcount '4294967291' still around for 'zombiemodelnew/conserve_fp_nonmm.skin 0x000001D046E5D7B0
<12:20:31> remapped bone indices with refcount '4294967291' still around for 'objects/zhg_objects/characters/conserve/conserve_head.skin 0x000001D046E5F3D0
<12:20:31> remapped bone indices with refcount '4294967293' still around for 'objects/zhg_objects/characters/sets/vanityset/vanityset_torso.skin 0x000001D043C3CA40
<12:20:31> remapped bone indices with refcount '4294967293' still around for 'objects/zhg_objects/characters/sets/vanityset/vanityset_torso.skin 0x000001D043C3A1A0
<12:20:31> remapped bone indices with refcount '4294967293' still around for 'objects/zhg_objects/characters/sets/vanityset/vanityset_torso.skin 0x000001D043C39B60
<12:20:31> remapped bone indices with refcount '4294967293' still around for 'objects/zhg_objects/characters/sets/vanityset/vanityset_pants.skin 0x000001D043C3D080
<12:20:31> remapped bone indices with refcount '4294967293' still around for 'objects/zhg_objects/characters/sets/vanityset/vanityset_pants.skin 0x000001D043C3A7E0
<12:20:31> remapped bone indices with refcount '4294967293' still around for 'objects/zhg_objects/characters/sets/vanityset/vanityset_pants.skin 0x000001D043C3C0E0
<12:20:31> remapped bone indices with refcount '4294967293' still around for 'objects/zhg_objects/characters/sets/vanityset/vanityset_head.skin 0x000001D043C39840
<12:20:31> remapped bone indices with refcount '4294967293' still around for 'objects/zhg_objects/characters/sets/vanityset/vanityset_head.skin 0x000001D043C3C720
<12:20:31> remapped bone indices with refcount '4294967293' still around for 'objects/zhg_objects/characters/sets/vanityset/vanityset_head.skin 0x000001D043C39E80
<12:20:31> remapped bone indices with refcount '4294967293' still around for 'objects/zhg_objects/characters/sets/safetyset/safetyset_head.skin 0x000001D043C3A4C0
<12:20:31> remapped bone indices with refcount '4294967293' still around for 'objects/zhg_objects/characters/sets/safetyset/safetyset_head.skin 0x000001D043CF42E0
<12:20:31> remapped bone indices with refcount '4294967293' still around for 'objects/zhg_objects/characters/sets/safetyset/safetyset_head.skin 0x000001D043CF3660
<12:20:31> remapped bone indices with refcount '4294967285' still around for 'objects/zhg_objects/characters/sets/rebellionset/rebellionset_torso.skin 0x000001D043CF3CA0
<12:20:31> remapped bone indices with refcount '4294967285' still around for 'objects/zhg_objects/characters/sets/rebellionset/rebellionset_torso.skin 0x000001D043CF4F60
<12:20:31> remapped bone indices with refcount '4294967285' still around for 'objects/zhg_objects/characters/sets/rebellionset/rebellionset_torso.skin 0x000001D043CF4C40
<12:20:31> remapped bone indices with refcount '4294967289' still around for 'objects/zhg_objects/characters/sets/rebellionset/rebellionset_pants.skin 0x000001D043CF3020
<12:20:31> remapped bone indices with refcount '4294967289' still around for 'objects/zhg_objects/characters/sets/rebellionset/rebellionset_pants.skin 0x000001D043CF29E0
<12:20:31> remapped bone indices with refcount '4294967289' still around for 'objects/zhg_objects/characters/sets/rebellionset/rebellionset_pants.skin 0x000001D043CF2D00
<12:20:31> remapped bone indices with refcount '4294967293' still around for 'objects/zhg_objects/characters/sets/rebellionset/rebellionset_head.skin 0x000001D043CF1D60
<12:20:31> remapped bone indices with refcount '4294967293' still around for 'objects/zhg_objects/characters/sets/rebellionset/rebellionset_head.skin 0x000001D043CF3980
<12:20:31> remapped bone indices with refcount '4294967293' still around for 'objects/zhg_objects/characters/sets/rebellionset/rebellionset_head.skin 0x000001D043CF4920
<12:20:31> remapped bone indices with refcount '4294967289' still around for 'objects/zhg_objects/characters/sets/rebellionset/rebelliomset_hands.skin 0x000001D043CF23A0
<12:20:31> remapped bone indices with refcount '4294967289' still around for 'objects/zhg_objects/characters/sets/rebellionset/rebelliomset_hands.skin 0x000001D043CF3FC0
<12:20:31> remapped bone indices with refcount '4294967289' still around for 'objects/zhg_objects/characters/sets/rebellionset/rebelliomset_hands.skin 0x000001D043CF58C0
<12:20:31> remapped bone indices with refcount '4294967289' still around for 'objects/zhg_objects/characters/sets/rebellionset/rebelliomset_hands.skin 0x000001D043CF2080
<12:20:31> remapped bone indices with refcount '4294967293' still around for 'objects/zhg_objects/characters/sets/loverset/loverset_torso.skin 0x000001D043CF55A0
<12:20:31> remapped bone indices with refcount '4294967293' still around for 'objects/zhg_objects/characters/sets/loverset/loverset_torso.skin 0x000001D043CF5280
<12:20:31> remapped bone indices with refcount '4294967293' still around for 'objects/zhg_objects/characters/sets/loverset/loverset_torso.skin 0x000001D043CF4600
<12:20:31> remapped bone indices with refcount '4294967293' still around for 'objects/zhg_objects/characters/sets/loverset/loverset_head.skin 0x000001D043CF3340
<12:20:31> remapped bone indices with refcount '4294967293' still around for 'objects/zhg_objects/characters/sets/loverset/loverset_head.skin 0x000001D043CF26C0
<12:20:31> remapped bone indices with refcount '4294967293' still around for 'objects/zhg_objects/characters/sets/loverset/loverset_head.skin 0x000001D01C8B84A0
<12:20:31> remapped bone indices with refcount '4294967293' still around for 'objects/zhg_objects/characters/sets/leaderset/leaderset_torso.skin 0x000001D01C8B8180
<12:20:31> remapped bone indices with refcount '4294967293' still around for 'objects/zhg_objects/characters/sets/leaderset/leaderset_torso.skin 0x000001D01C8B7E60
<12:20:31> remapped bone indices with refcount '4294967293' still around for 'objects/zhg_objects/characters/sets/leaderset/leaderset_torso.skin 0x000001D01C8B7500
<12:20:31> remapped bone indices with refcount '4294967293' still around for 'objects/zhg_objects/characters/sets/leaderset/leaderset_pants.skin 0x000001D01C8B71E0
<12:20:31> remapped bone indices with refcount '4294967293' still around for 'objects/zhg_objects/characters/sets/leaderset/leaderset_pants.skin 0x000001D01C8B6EC0
<12:20:31> remapped bone indices with refcount '4294967293' still around for 'objects/zhg_objects/characters/sets/leaderset/leaderset_pants.skin 0x000001D01C8B9760
<12:20:31> remapped bone indices with refcount '4294967293' still around for 'objects/zhg_objects/characters/sets/leaderset/leaderset_head.skin 0x000001D01C8B8E00
<12:20:31> remapped bone indices with refcount '4294967293' still around for 'objects/zhg_objects/characters/sets/leaderset/leaderset_head.skin 0x000001D01C8B9DA0
<12:20:31> remapped bone indices with refcount '4294967293' still around for 'objects/zhg_objects/characters/sets/leaderset/leaderset_head.skin 0x000001D01C8B6BA0
<12:20:31> remapped bone indices with refcount '4294967293' still around for 'objects/zhg_objects/characters/sets/hopefullset/hopefullset_torso.skin 0x000001D01C8B6880
<12:20:31> remapped bone indices with refcount '4294967293' still around for 'objects/zhg_objects/characters/sets/hopefullset/hopefullset_torso.skin 0x000001D01C8B7820
<12:20:31> remapped bone indices with refcount '4294967293' still around for 'objects/zhg_objects/characters/sets/hopefullset/hopefullset_torso.skin 0x000001D01C8B9440
<12:20:31> remapped bone indices with refcount '4294967293' still around for 'objects/zhg_objects/characters/sets/hopefullset/hopefullset_pants.skin 0x000001D01C8B87C0
<12:20:31> remapped bone indices with refcount '4294967293' still around for 'objects/zhg_objects/characters/sets/hopefullset/hopefullset_pants.skin 0x000001D01C8BA0C0
<12:20:31> remapped bone indices with refcount '4294967293' still around for 'objects/zhg_objects/characters/sets/hopefullset/hopefullset_pants.skin 0x000001D01C8B6560
<12:20:31> remapped bone indices with refcount '4294967293' still around for 'objects/zhg_objects/characters/sets/hopefullset/hopefullset_head.skin 0x000001D01C8B9120
<12:20:31> remapped bone indices with refcount '4294967293' still around for 'objects/zhg_objects/characters/sets/hopefullset/hopefullset_head.skin 0x000001D01C8B9A80
<12:20:31> remapped bone indices with refcount '4294967293' still around for 'objects/zhg_objects/characters/sets/hopefullset/hopefullset_head.skin 0x000001D01C8B8AE0
<12:20:31> remapped bone indices with refcount '4294967293' still around for 'objects/zhg_objects/characters/sets/doubtset/doubtset_head.skin 0x000001D01C8B7B40
<12:20:54> Iterator 0
<12:20:54> Size 30
<12:20:54> Iterator 1
<12:20:54> Size 30
<12:20:54> Iterator 2
<12:20:54> Size 30
<12:20:54> Iterator 3
<12:20:54> Size 30
<12:20:54> Iterator 4
<12:20:54> Size 30
<12:20:54> Iterator 5
<12:20:54> Size 30
<12:20:54> Iterator 6
<12:20:54> Size 30
<12:20:54> Iterator 7
<12:20:54> Size 30
<12:20:54> Iterator 8
<12:20:54> Size 30
<12:20:54> Iterator 9
<12:20:54> Size 30
<12:20:54> Iterator 10
<12:20:54> Size 30
<12:20:54> Iterator 11
<12:20:54> Size 30
<12:20:54> Iterator 12
<12:20:54> Size 30
<12:20:54> Iterator 13
<12:20:54> Size 30
<12:20:54> Iterator 14
<12:20:54> Size 30
<12:20:54> Iterator 15
<12:20:54> Size 30
<12:20:54> Iterator 16
<12:20:54> Size 30
<12:20:54> Iterator 17
<12:20:54> Size 30
<12:20:54> Iterator 18
<12:20:54> Size 30
<12:20:54> Iterator 19
<12:20:54> Size 30
<12:20:54> Iterator 20
<12:20:54> Size 30
<12:20:54> Iterator 21
<12:20:54> Size 30
<12:20:54> Iterator 22
<12:20:54> Size 30
<12:20:54> Iterator 23
<12:20:54> Size 30
<12:20:54> Iterator 24
<12:20:54> Size 30
<12:20:54> Iterator 25
<12:20:54> Size 30
<12:20:54> Iterator 26
<12:20:54> Size 30
<12:20:54> Iterator 27
<12:20:54> Size 30
<12:20:54> Iterator 28
<12:20:54> Size 30
<12:20:54> Iterator 29
<12:20:54> Size 30
<12:20:54> playerName Kornflakes
<12:20:54> Iterator 30
<12:20:54> Size 30
<12:21:10> BaseInput - Shutting down all force feedback
<12:21:10> ActionGame - Shutting down all force feedback
<12:21:10> CNetSyncSystem::~CNetSyncSystem & Crush?! packets_temp_bf(temp packet data buffs)
