BackupNameAttachment=" Build(0) 16 Jul 21 (14 12 02)"  -- used by backup system
Log Started at Fri Jul 16 14:12:02 2021
Built on Oct 13 2019 19:15:33
Running 64 bit Windows version
Command Line: "D:\Games\Steam\steamapps\common\Pandemic Express\Bin/win_x64/PandemicExpress.exe"
Executable: D:\Games\Steam\steamapps\common\Pandemic Express\Bin\win_x64\PandemicExpress.exe
FileVersion: 1.0.0.0
ProductVersion: 1.0.0.0
Added MOD directory <%engineroot%/engine> to CryPak

Total number of logical processors: 12
Number of available logical processors: 12
Total number of system cores: 6
Number of cores available to process: 6
 
Processor 0:
  CPU: AMD AMD Ryzen 5 3600 6-Core Processor              
  Family: 15, Model: 1, Stepping: 0
  FPU: On-Chip
  Features: FP16, SSE, SSE2, SSE3, SSE4.2, AVX, AVX2, FMA3
  Serial number not present or disabled
 
Processor 1:
  CPU: AMD AMD Ryzen 5 3600 6-Core Processor              
  Family: 15, Model: 1, Stepping: 0
  FPU: On-Chip
  Features: FP16, SSE, SSE2, SSE3, SSE4.2, AVX, AVX2, FMA3
  Serial number not present or disabled
 
Processor 2:
  CPU: AMD AMD Ryzen 5 3600 6-Core Processor              
  Family: 15, Model: 1, Stepping: 0
  FPU: On-Chip
  Features: FP16, SSE, SSE2, SSE3, SSE4.2, AVX, AVX2, FMA3
  Serial number not present or disabled
 
Processor 3:
  CPU: AMD AMD Ryzen 5 3600 6-Core Processor              
  Family: 15, Model: 1, Stepping: 0
  FPU: On-Chip
  Features: FP16, SSE, SSE2, SSE3, SSE4.2, AVX, AVX2, FMA3
  Serial number not present or disabled
 
Processor 4:
  CPU: AMD AMD Ryzen 5 3600 6-Core Processor              
  Family: 15, Model: 1, Stepping: 0
  FPU: On-Chip
  Features: FP16, SSE, SSE2, SSE3, SSE4.2, AVX, AVX2, FMA3
  Serial number not present or disabled
 
Processor 5:
  CPU: AMD AMD Ryzen 5 3600 6-Core Processor              
  Family: 15, Model: 1, Stepping: 0
  FPU: On-Chip
  Features: FP16, SSE, SSE2, SSE3, SSE4.2, AVX, AVX2, FMA3
  Serial number not present or disabled
 
<14:12:02> Loading Config file system.cfg (system.cfg)
<14:12:02> [Error] [CVARS]: [IGNORED CHANGE] variable [sys_version] from [] to [1.1.0.000.200116]; Marked as [VF_CHEAT]
<14:12:02> OnSysSpecChange(1)
<14:12:02> [Error] [CVARS]: [IGNORED CHANGE] variable [sys_asserts] from [0] to [0]; Marked as [VF_CHEAT]
<14:12:02> GameDir: DATA
<14:12:02> <ThreadConfigInfo>: Thread profile loaded: "pc_8" (config/engine_core.thread_config)  
<14:12:02> Windows 10 64 bit (build 10.0.19043)
<14:12:02> System language: English
<14:12:02> Windows Directory: "C:\Windows"
<14:12:02> Local time is 14:12:02 07/16/21, system running for 139 minutes
<14:12:02> 16333MB physical memory installed, 10366MB available, 134217727MB virtual memory installed, 36 percent of memory in use
<14:12:02> PageFile usage: 76MB, Working Set: 88MB, Peak PageFile usage: 76MB,
<14:12:02> Current display mode is 2560x1440x32, (Unknown graphics card)
<14:12:02> IBM enhanced (101/102-key) keyboard and 16+ button mouse installed
<14:12:02> --------------------------------------------------------------------------------
<14:12:02> OnSysSpecChange(1)
<14:12:02> Loading Config file LowSpec.cfg (data\config\lowspec.cfg)
<14:12:02> [Error] [CVARS]: [MISSING] [mfx_Timeout] is not a registered console variable; referenced when testing console variable group [sys_spec_gameeffects] = [1]
<14:12:02> [Error] [CVARS]: [MISSING] [ca_AttachmentCullingRation] is not a registered console variable; referenced when testing console variable group [sys_spec_objectdetail] = [1]
<14:12:02> [Error] [CVARS]: [MISSING] [e_DecalsLifeTimeScale] is not a registered console variable; referenced when testing console variable group [sys_spec_objectdetail] = [1]
<14:12:02> [Error] [CVARS]: [MISSING] [e_LodRatio] is not a registered console variable; referenced when testing console variable group [sys_spec_objectdetail] = [1]
<14:12:02> [Error] [CVARS]: [MISSING] [e_MaxViewDistSpecLerp] is not a registered console variable; referenced when testing console variable group [sys_spec_objectdetail] = [1]
<14:12:02> [Error] [CVARS]: [MISSING] [e_MaxViewDistance] is not a registered console variable; referenced when testing console variable group [sys_spec_objectdetail] = [1]
<14:12:02> [Error] [CVARS]: [MISSING] [e_ObjQuality] is not a registered console variable; referenced when testing console variable group [sys_spec_objectdetail] = [1]
<14:12:02> [Error] [CVARS]: [MISSING] [e_TerrainOcclusionCullingMaxDist] is not a registered console variable; referenced when testing console variable group [sys_spec_objectdetail] = [1]
<14:12:02> [Error] [CVARS]: [MISSING] [e_VegetationMinSize] is not a registered console variable; referenced when testing console variable group [sys_spec_objectdetail] = [1]
<14:12:02> [Error] [CVARS]: [MISSING] [e_ViewDistRatio] is not a registered console variable; referenced when testing console variable group [sys_spec_objectdetail] = [1]
<14:12:02> [Error] [CVARS]: [MISSING] [e_ViewDistRatioCustom] is not a registered console variable; referenced when testing console variable group [sys_spec_objectdetail] = [1]
<14:12:02> [Error] [CVARS]: [MISSING] [e_ViewDistRatioDetail] is not a registered console variable; referenced when testing console variable group [sys_spec_objectdetail] = [1]
<14:12:02> [Error] [CVARS]: [MISSING] [e_ViewDistRatioLights] is not a registered console variable; referenced when testing console variable group [sys_spec_objectdetail] = [1]
<14:12:02> [Error] [CVARS]: [MISSING] [e_ViewDistRatioVegetation] is not a registered console variable; referenced when testing console variable group [sys_spec_objectdetail] = [1]
<14:12:02> [Error] [CVARS]: [MISSING] [es_DebrisLifetimeScale] is not a registered console variable; referenced when testing console variable group [sys_spec_objectdetail] = [1]
<14:12:02> [Error] [CVARS]: [MISSING] [e_DecalsOverlapping] is not a registered console variable; referenced when testing console variable group [sys_spec_objectdetail] = [1]
<14:12:02> [Error] [CVARS]: [MISSING] [e_LodMin] is not a registered console variable; referenced when testing console variable group [sys_spec_objectdetail] = [1]
<14:12:02> [Error] [CVARS]: [MISSING] [e_MergedMeshesInstanceDist] is not a registered console variable; referenced when testing console variable group [sys_spec_objectdetail] = [1]
<14:12:02> [Error] [CVARS]: [MISSING] [e_MergedMeshesPool] is not a registered console variable; referenced when testing console variable group [sys_spec_objectdetail] = [1]
<14:12:02> [Error] [CVARS]: [MISSING] [e_OcclusionCullingViewDistRatio] is not a registered console variable; referenced when testing console variable group [sys_spec_objectdetail] = [1]
<14:12:02> [Error] [CVARS]: [MISSING] [e_TerrainLodRatio] is not a registered console variable; referenced when testing console variable group [sys_spec_objectdetail] = [1]
<14:12:02> [Error] [CVARS]: [MISSING] [e_Tessellation] is not a registered console variable; referenced when testing console variable group [sys_spec_objectdetail] = [1]
<14:12:02> [Error] [CVARS]: [MISSING] [e_ViewDistMin] is not a registered console variable; referenced when testing console variable group [sys_spec_objectdetail] = [1]
<14:12:02> [Error] [CVARS]: [MISSING] [e_ParticlesMaxScreenFill] is not a registered console variable; referenced when testing console variable group [sys_spec_particles] = [1]
<14:12:02> [Error] [CVARS]: [MISSING] [e_ParticlesMinDrawPixels] is not a registered console variable; referenced when testing console variable group [sys_spec_particles] = [1]
<14:12:02> [Error] [CVARS]: [MISSING] [e_ParticlesObjectCollisions] is not a registered console variable; referenced when testing console variable group [sys_spec_particles] = [1]
<14:12:02> [Error] [CVARS]: [MISSING] [e_ParticlesQuality] is not a registered console variable; referenced when testing console variable group [sys_spec_particles] = [1]
<14:12:02> [Error] [CVARS]: [MISSING] [e_ParticlesMotionBlur] is not a registered console variable; referenced when testing console variable group [sys_spec_particles] = [1]
<14:12:02> [Error] [CVARS]: [MISSING] [e_CullVegActivation] is not a registered console variable; referenced when testing console variable group [sys_spec_physics] = [1]
<14:12:02> [Error] [CVARS]: [MISSING] [e_FoliageWindActivationDist] is not a registered console variable; referenced when testing console variable group [sys_spec_physics] = [1]
<14:12:02> [Error] [CVARS]: [MISSING] [e_PhysOceanCell] is not a registered console variable; referenced when testing console variable group [sys_spec_physics] = [1]
<14:12:02> [Error] [CVARS]: [MISSING] [es_MaxPhysDist] is not a registered console variable; referenced when testing console variable group [sys_spec_physics] = [1]
<14:12:02> [Error] [CVARS]: [MISSING] [es_MaxPhysDistInvisible] is not a registered console variable; referenced when testing console variable group [sys_spec_physics] = [1]
<14:12:02> [Error] [CVARS]: [MISSING] [g_breakage_particles_limit] is not a registered console variable; referenced when testing console variable group [sys_spec_physics] = [1]
<14:12:02> [Error] [CVARS]: [MISSING] [g_tree_cut_reuse_dist] is not a registered console variable; referenced when testing console variable group [sys_spec_physics] = [1]
<14:12:02> [Error] [CVARS]: [MISSING] [p_max_MC_iters] is not a registered console variable; referenced when testing console variable group [sys_spec_physics] = [1]
<14:12:02> [Error] [CVARS]: [MISSING] [p_max_substeps] is not a registered console variable; referenced when testing console variable group [sys_spec_physics] = [1]
<14:12:02> [Error] [CVARS]: [MISSING] [e_PhysProxyTriLimit] is not a registered console variable; referenced when testing console variable group [sys_spec_physics] = [1]
<14:12:02> [Error] [CVARS]: [MISSING] [p_max_object_splashes] is not a registered console variable; referenced when testing console variable group [sys_spec_physics] = [1]
<14:12:02> [Error] [CVARS]: [MISSING] [p_max_substeps_large_group] is not a registered console variable; referenced when testing console variable group [sys_spec_physics] = [1]
<14:12:02> [Error] [CVARS]: [MISSING] [p_num_bodies_large_group] is not a registered console variable; referenced when testing console variable group [sys_spec_physics] = [1]
<14:12:02> [Error] [CVARS]: [MISSING] [p_splash_dist0] is not a registered console variable; referenced when testing console variable group [sys_spec_physics] = [1]
<14:12:02> [Error] [CVARS]: [MISSING] [p_splash_dist1] is not a registered console variable; referenced when testing console variable group [sys_spec_physics] = [1]
<14:12:02> [Error] [CVARS]: [MISSING] [p_splash_force0] is not a registered console variable; referenced when testing console variable group [sys_spec_physics] = [1]
<14:12:02> [Error] [CVARS]: [MISSING] [p_splash_force1] is not a registered console variable; referenced when testing console variable group [sys_spec_physics] = [1]
<14:12:02> [Error] [CVARS]: [MISSING] [p_splash_vel0] is not a registered console variable; referenced when testing console variable group [sys_spec_physics] = [1]
<14:12:02> [Error] [CVARS]: [MISSING] [p_splash_vel1] is not a registered console variable; referenced when testing console variable group [sys_spec_physics] = [1]
<14:12:02> [Error] [CVARS]: [MISSING] [e_DynamicLightsMaxEntityLights] is not a registered console variable; referenced when testing console variable group [sys_spec_shading] = [1]
<14:12:02> [Error] [CVARS]: [MISSING] [e_SkyUpdateRate] is not a registered console variable; referenced when testing console variable group [sys_spec_shading] = [1]
<14:12:02> [Error] [CVARS]: [MISSING] [e_svoTI_Apply] is not a registered console variable; referenced when testing console variable group [sys_spec_shading] = [1]
<14:12:02> [Error] [CVARS]: [MISSING] [e_svoTI_RsmConeMaxLength] is not a registered console variable; referenced when testing console variable group [sys_spec_shading] = [1]
<14:12:02> [Error] [CVARS]: [MISSING] [e_svoTI_RsmUseColors] is not a registered console variable; referenced when testing console variable group [sys_spec_shading] = [1]
<14:12:02> [Error] [CVARS]: [MISSING] [e_svoTi_Active] is not a registered console variable; referenced when testing console variable group [sys_spec_shading] = [1]
<14:12:02> [Error] [CVARS]: [MISSING] [e_svoti_LowSpecMode] is not a registered console variable; referenced when testing console variable group [sys_spec_shading] = [1]
<14:12:02> [Error] [CVARS]: [MISSING] [e_LightVolumes] is not a registered console variable; referenced when testing console variable group [sys_spec_shading] = [1]
<14:12:02> [Error] [CVARS]: [MISSING] [e_VegetationUseTerrainColor] is not a registered console variable; referenced when testing console variable group [sys_spec_shading] = [1]
<14:12:02> [Error] [CVARS]: [MISSING] [e_GsmLodsNum] is not a registered console variable; referenced when testing console variable group [sys_spec_shadows] = [1]
<14:12:02> [Error] [CVARS]: [MISSING] [e_GsmRange] is not a registered console variable; referenced when testing console variable group [sys_spec_shadows] = [1]
<14:12:02> [Error] [CVARS]: [MISSING] [e_ObjShadowCastSpec] is not a registered console variable; referenced when testing console variable group [sys_spec_shadows] = [1]
<14:12:02> [Error] [CVARS]: [MISSING] [e_ParticlesShadows] is not a registered console variable; referenced when testing console variable group [sys_spec_shadows] = [1]
<14:12:02> [Error] [CVARS]: [MISSING] [e_Shadows] is not a registered console variable; referenced when testing console variable group [sys_spec_shadows] = [1]
<14:12:02> [Error] [CVARS]: [MISSING] [e_ShadowsBlendCascades] is not a registered console variable; referenced when testing console variable group [sys_spec_shadows] = [1]
<14:12:02> [Error] [CVARS]: [MISSING] [e_ShadowsCastViewDistRatio] is not a registered console variable; referenced when testing console variable group [sys_spec_shadows] = [1]
<14:12:02> [Error] [CVARS]: [MISSING] [e_ShadowsLodBiasFixed] is not a registered console variable; referenced when testing console variable group [sys_spec_shadows] = [1]
<14:12:02> [Error] [CVARS]: [MISSING] [e_ShadowsMaxTexRes] is not a registered console variable; referenced when testing console variable group [sys_spec_shadows] = [1]
<14:12:02> [Error] [CVARS]: [MISSING] [e_ShadowsPoolSize] is not a registered console variable; referenced when testing console variable group [sys_spec_shadows] = [1]
<14:12:02> [Error] [CVARS]: [MISSING] [e_ShadowsResScale] is not a registered console variable; referenced when testing console variable group [sys_spec_shadows] = [1]
<14:12:02> [Error] [CVARS]: [MISSING] [e_ShadowsTessellateCascades] is not a registered console variable; referenced when testing console variable group [sys_spec_shadows] = [1]
<14:12:02> [Error] [CVARS]: [MISSING] [e_ShadowsTessellateDLights] is not a registered console variable; referenced when testing console variable group [sys_spec_shadows] = [1]
<14:12:02> [Error] [CVARS]: [MISSING] [e_ShadowsUpdateViewDistRatio] is not a registered console variable; referenced when testing console variable group [sys_spec_shadows] = [1]
<14:12:02> [Error] [CVARS]: [MISSING] [e_VolumetricFog] is not a registered console variable; referenced when testing console variable group [sys_spec_volumetriceffects] = [1]
<14:12:02> [Error] [CVARS]: [MISSING] [e_fog] is not a registered console variable; referenced when testing console variable group [sys_spec_volumetriceffects] = [1]
<14:12:02> [Error] [CVARS]: [MISSING] [e_Clouds] is not a registered console variable; referenced when testing console variable group [sys_spec_volumetriceffects] = [1]
<14:12:02> [Error] [CVARS]: [MISSING] [e_WaterOceanFFT] is not a registered console variable; referenced when testing console variable group [sys_spec_water] = [1]
<14:12:02> [Error] [CVARS]: [MISSING] [e_WaterTessellationAmount] is not a registered console variable; referenced when testing console variable group [sys_spec_water] = [1]
<14:12:02> [Error] [CVARS]: [MISSING] [e_WaterTessellationAmountX] is not a registered console variable; referenced when testing console variable group [sys_spec_water] = [1]
<14:12:02> [Error] [CVARS]: [MISSING] [e_WaterTessellationAmountY] is not a registered console variable; referenced when testing console variable group [sys_spec_water] = [1]
<14:12:02> [Error] [CVARS]: [MISSING] [e_WaterTessellationSwathWidth] is not a registered console variable; referenced when testing console variable group [sys_spec_water] = [1]
<14:12:02> Loading Config file game.cfg (data\game.cfg)
<14:12:02> [Warning] [CVARS]: [CHANGED] variable [sys_asserts] from [0] to [0]; Marked as [VF_CHEAT]
<14:12:02> [Warning] Modifying marked variables will not be allowed in Release mode!
<14:12:02> Stream Engine Initialization
<14:12:02> GameName: Pandemic Express
<14:12:02> BuildTime: Oct 13 2019 19:15:33
<14:12:02> Physics initialization
<14:12:02> Localized language content(english) not available or modified from the original installation.
<14:12:02> Localized language content(english) not available or modified from the original installation.
<14:12:02> Localized language content(english) not available or modified from the original installation.
<14:12:02> <Audio>: AudioSystem initialization
<14:12:02> <Audio> <0.286>: CryAudioImplWwise loaded
<14:12:03> Renderer initialization
<14:12:03> Logging video adapters:
<14:12:04> - NVIDIA GeForce RTX 3070 (vendor = 0x10de, device = 0x2484)
<14:12:04>   - Adapter index: 0
<14:12:04>   - Dedicated video memory: 8043 MB
<14:12:04>   - Feature level: DX11 (SM 5.0)
<14:12:04>   - Displays connected: yes
<14:12:04>   - Suitable rendering device: yes
<14:12:04> - Microsoft Basic Render Driver (vendor = 0x1414, device = 0x008c)
<14:12:04>   - Adapter index: 1
<14:12:04>   - Dedicated video memory: 0 MB
<14:12:04>   - Feature level: DX11 (SM 5.0)
<14:12:04>   - Displays connected: no
<14:12:04>   - Suitable rendering device: no
<14:12:04> Active GPUs: 1
<14:12:04> [Renderer] A display device has been connected to the system
<14:12:04> Loading plugin CryDefaultEntities
<14:12:04> Loading plugin CrySchematycCore
<14:12:04> DLL Failed to load, error code: 7E
<14:12:04> Loading plugin CrySchematycSTDEnv
<14:12:04> DLL Failed to load, error code: 7E
<14:12:04> Loading plugin CrySensorSystem
<14:12:04> DLL Failed to load, error code: 7E
<14:12:04> Loading extension file cryplugin.csv
<14:12:04> Loading plugin ProcAnRandGenerator.dll
<14:12:04> Loading plugin PlayFab.dll
<14:12:04> Loading plugin CEVPlayer.dll
<14:12:06> Font initialization
<14:12:06> Using FreeType 2.5.5
<14:12:06> Network initialization
<14:12:06> [net] Socket IO management: External [iocp], Internal [iocp]
<14:12:06> network hostname: DESKTOP-GKEDPQ6
<14:12:06>   ip:26.90.194.210
<14:12:06>   ip:192.168.20.21
<14:12:06> [Network Version]: PROFILE DEVELOPMENT BUILD
<14:12:06> MovieSystem initialization
<14:12:06> Console initialization
<14:12:06> Time initialization
<14:12:06> Input initialization
<14:12:06> AI initialization
<14:12:06>  
<14:12:06>     con_debug = 0 []
<14:12:06>     con_display_last_messages = 0 []
<14:12:06>     con_line_buffer_size = 1000 []
<14:12:06>     con_restricted = 0 [RESTRICTEDMODE]
<14:12:06>     con_showonload = 0 []
<14:12:06>  
<14:12:06>     con_debug = 0 []
<14:12:06>     con_display_last_messages = 0 []
<14:12:06>     con_line_buffer_size = 1000 []
<14:12:06>     con_restricted = 0 [RESTRICTEDMODE]
<14:12:06>     con_showonload = 0 []
<14:12:06>  
<14:12:06>     con_debug = 0 []
<14:12:06>  
<14:12:06>     con_debug = 0 []
<14:12:06> Initializing Animation System
<14:12:06> Initializing 3D Engine
<14:12:06> Script System Initialization
<14:12:06> Entity system initialization
<14:12:06> Initializing AI System
<14:12:06> Initializing additional systems
<14:12:06> Dynamic Response System initialization
<14:12:06> DLL Failed to load, error code: 7E
<14:12:06> No Dynamic Response System was loaded from a module, will use the NULL implementation.
<14:12:07> [Steam] Steam API initialized successfully
<14:12:07> <ThreadConfigInfo>: [XML Parsing] Thread with name "Main" already loaded. Overriding with new configuration
<14:12:07> <ThreadConfigInfo>: [XML Parsing] Thread with name "Network" already loaded. Overriding with new configuration
<14:12:07> <ThreadConfigInfo>: [XML Parsing] Thread with name "NetworkStallTicker" already loaded. Overriding with new configuration
<14:12:07> <ThreadConfigInfo>: [XML Parsing] Thread with name "ZLibCompressor" already loaded. Overriding with new configuration
<14:12:07> <ThreadConfigInfo>: [XML Parsing] Thread with name "NetworkStallTicker" already loaded. Overriding with new configuration
<14:12:07> <ThreadConfigInfo>: [XML Parsing] Thread with name "ZLibCompressor" already loaded. Overriding with new configuration
<14:12:07> <ThreadConfigInfo>: [XML Parsing] Thread with name "TelemetryCopier" already loaded. Overriding with new configuration
<14:12:07> <ThreadConfigInfo>: [XML Parsing] Thread with name "StatsAgent" already loaded. Overriding with new configuration
<14:12:07> <ThreadConfigInfo>: Thread profile loaded: "pc_8" (config/game.thread_config)  
<14:12:07> Initializing default materials...
<14:12:13> [MFX] Loading FXLib 'breakables' ...
<14:12:13> [MFX] Loading FXLib 'collisions' ...
<14:12:13> [MFX] Loading FXLib 'foley' ...
<14:12:13> [MFX] Loading FXLib 'foley_grunt' ...
<14:12:13> [MFX] Loading FXLib 'foley_player' ...
<14:12:13> [MFX] Loading FXLib 'footstep_grunt' ...
<14:12:13> [MFX] Loading FXLib 'footstep_player' ...
<14:12:13> [MFX] Loading FXLib 'footsteps' ...
<14:12:13> [MFX] Loading FXLib 'grenade' ...
<14:12:13> [MFX] Loading FXLib 'melee' ...
<14:12:13> [MFX] Loading FXLib 'player_fx' ...
<14:12:13> [MFX] Loading FXLib 'projectiles' ...
<14:12:13> [MFX] Loading FXLib 'tornado' ...
<14:12:13> [MFX] Loading FXLib 'vegetation' ...
<14:12:13> [MFX] Loading FXLib 'vehicles' ...
<14:12:13> [MFX] Loading FXLib 'breakables' ...
<14:12:13> [MFX] Loading FXLib 'collisions' ...
<14:12:13> [MFX] Loading FXLib 'foley' ...
<14:12:13> [MFX] Loading FXLib 'foley_grunt' ...
<14:12:13> [MFX] Loading FXLib 'foley_player' ...
<14:12:13> [MFX] Loading FXLib 'footstep_grunt' ...
<14:12:13> [MFX] Loading FXLib 'footstep_player' ...
<14:12:13> [MFX] Loading FXLib 'footsteps' ...
<14:12:13> [MFX] Loading FXLib 'grenade' ...
<14:12:13> [MFX] Loading FXLib 'melee' ...
<14:12:13> [MFX] Loading FXLib 'player_fx' ...
<14:12:13> [MFX] Loading FXLib 'projectiles' ...
<14:12:13> [MFX] Loading FXLib 'tornado' ...
<14:12:13> [MFX] Loading FXLib 'vegetation' ...
<14:12:13> [MFX] Loading FXLib 'vehicles' ...
<14:12:13> Creating socket on port 2838
<14:12:13> CreateDatagramSocket c1
<14:12:13> CreateDatagramSocket c2
<14:12:35> Iterator 0
<14:12:35> Size 30
<14:12:35> Iterator 1
<14:12:35> Size 30
<14:12:35> Iterator 2
<14:12:35> Size 30
<14:12:35> Iterator 3
<14:12:35> Size 30
<14:12:35> Iterator 4
<14:12:35> Size 30
<14:12:35> Iterator 5
<14:12:35> Size 30
<14:12:35> Iterator 6
<14:12:35> Size 30
<14:12:35> Iterator 7
<14:12:35> Size 30
<14:12:35> Iterator 8
<14:12:35> Size 30
<14:12:35> Iterator 9
<14:12:35> Size 30
<14:12:35> Iterator 10
<14:12:35> Size 30
<14:12:35> Iterator 11
<14:12:35> Size 30
<14:12:35> Iterator 12
<14:12:35> Size 30
<14:12:35> Iterator 13
<14:12:35> Size 30
<14:12:35> Iterator 14
<14:12:35> Size 30
<14:12:35> playerName Kornflakes
<14:12:35> Iterator 15
<14:12:35> Size 30
<14:12:35> Iterator 16
<14:12:35> Size 30
<14:12:35> Iterator 17
<14:12:35> Size 30
<14:12:35> Iterator 18
<14:12:35> Size 30
<14:12:35> Iterator 19
<14:12:35> Size 30
<14:12:35> Iterator 20
<14:12:35> Size 30
<14:12:35> Iterator 21
<14:12:35> Size 30
<14:12:35> Iterator 22
<14:12:35> Size 30
<14:12:35> Iterator 23
<14:12:35> Size 30
<14:12:35> Iterator 24
<14:12:35> Size 30
<14:12:35> Iterator 25
<14:12:35> Size 30
<14:12:35> Iterator 26
<14:12:35> Size 30
<14:12:35> Iterator 27
<14:12:35> Size 30
<14:12:35> Iterator 28
<14:12:35> Size 30
<14:12:35> Iterator 29
<14:12:35> Size 30
<14:12:35> playerName Kornflakes
<14:12:35> Iterator 30
<14:12:35> Size 30
<14:12:42> CreateDatagramSocket c1
<14:12:44> Game rules class: InstantAction
<14:12:44> ============================ PrepareLevel Multiplayer/Purgatorium_Esc ============================
<14:13:32> CryAnimation: character-definition not found: objects/characters/human/sdk_player/sdk_player.cdf
<14:13:32> CryAnimation: character-definition not found: objects/characters/human/sdk_player/sdk_player.cdf
<14:13:32> CryAnimation: character-definition not found: objects/characters/human/sdk_player/sdk_player.cdf
<14:13:32> CryAnimation: character-definition not found: objects/characters/human/sdk_player/sdk_player.cdf
<14:13:32> CryAnimation: character-definition not found: objects/characters/human/sdk_player/sdk_player.cdf
<14:13:32> CryAnimation: character-definition not found: objects/characters/human/sdk_player/sdk_player.cdf
<14:13:32> CryAnimation: character-definition not found: objects/characters/human/sdk_player/sdk_player.cdf
<14:13:32> CryAnimation: character-definition not found: objects/characters/human/sdk_player/sdk_player.cdf
<14:13:32> CryAnimation: character-definition not found: objects/characters/human/sdk_player/sdk_player.cdf
<14:13:32> CryAnimation: character-definition not found: objects/characters/human/sdk_player/sdk_player.cdf
<14:13:32> CryAnimation: character-definition not found: objects/characters/human/sdk_player/sdk_player.cdf
<14:13:32> CryAnimation: character-definition not found: objects/characters/human/sdk_player/sdk_player.cdf
<14:13:32> CryAnimation: character-definition not found: objects/characters/human/sdk_player/sdk_player.cdf
<14:13:32> CryAnimation: character-definition not found: objects/characters/human/sdk_player/sdk_player.cdf
<14:13:32> CryAnimation: character-definition not found: objects/characters/human/sdk_player/sdk_player.cdf
<14:13:32> CryAnimation: character-definition not found: objects/characters/human/sdk_player/sdk_player.cdf
<14:13:32> CryAnimation: character-definition not found: objects/characters/human/sdk_player/sdk_player.cdf
<14:13:32> CryAnimation: character-definition not found: objects/characters/human/sdk_player/sdk_player.cdf
<14:13:32> CryAnimation: character-definition not found: objects/characters/human/sdk_player/sdk_player.cdf
<14:13:32> CryAnimation: character-definition not found: objects/characters/human/sdk_player/sdk_player.cdf
<14:13:32> CryAnimation: character-definition not found: objects/characters/human/sdk_player/sdk_player.cdf
<14:13:32> CryAnimation: character-definition not found: objects/characters/human/sdk_player/sdk_player.cdf
<14:13:32> CryAnimation: character-definition not found: objects/characters/human/sdk_player/sdk_player.cdf
<14:13:32> CryAnimation: character-definition not found: objects/characters/human/sdk_player/sdk_player.cdf
<14:13:32> CryAnimation: character-definition not found: objects/characters/human/sdk_player/sdk_player.cdf
<14:13:32> CryAnimation: character-definition not found: objects/characters/human/sdk_player/sdk_player.cdf
<14:13:32> CryAnimation: character-definition not found: objects/characters/human/sdk_player/sdk_player.cdf
<14:13:32> CryAnimation: character-definition not found: objects/characters/human/sdk_player/sdk_player.cdf
<14:13:32> CryAnimation: character-definition not found: objects/characters/human/sdk_player/sdk_player.cdf
<14:13:32> CryAnimation: character-definition not found: objects/characters/human/sdk_player/sdk_player.cdf
<14:13:32> CryAnimation: character-definition not found: objects/characters/human/sdk_player/sdk_player.cdf
<14:13:32> CryAnimation: character-definition not found: objects/characters/human/sdk_player/sdk_player.cdf
<14:13:32> CryAnimation: character-definition not found: objects/characters/human/sdk_player/sdk_player.cdf
<14:13:32> CryAnimation: character-definition not found: objects/characters/human/sdk_player/sdk_player.cdf
<14:13:32> CryAnimation: character-definition not found: objects/characters/human/sdk_player/sdk_player.cdf
<14:13:32> CryAnimation: character-definition not found: objects/characters/human/sdk_player/sdk_player.cdf
<14:13:32> t_used_prerec_msg 
<14:13:33> CryAnimation: character-definition not found: objects/characters/human/sdk_player/sdk_player.cdf
<14:13:33> CryAnimation: character-definition not found: objects/characters/human/sdk_player/sdk_player.cdf
<14:13:33> CryAnimation: character-definition not found: objects/characters/human/sdk_player/sdk_player.cdf
<14:13:33> CryAnimation: character-definition not found: objects/characters/human/sdk_player/sdk_player.cdf
<14:13:33> CryAnimation: character-definition not found: objects/characters/human/sdk_player/sdk_player.cdf
<14:13:33> CryAnimation: character-definition not found: objects/characters/human/sdk_player/sdk_player.cdf
<14:13:34> CryAnimation: character-definition not found: objects/characters/human/sdk_player/sdk_player.cdf
<14:13:34> CryAnimation: character-definition not found: objects/characters/human/sdk_player/sdk_player.cdf
<14:13:34> CryAnimation: character-definition not found: objects/characters/human/sdk_player/sdk_player.cdf
<14:13:36> CryAnimation: character-definition not found: objects/characters/human/sdk_player/sdk_player.cdf
<14:13:36> CryAnimation: character-definition not found: objects/characters/human/sdk_player/sdk_player.cdf
<14:13:36> CryAnimation: character-definition not found: objects/characters/human/sdk_player/sdk_player.cdf
<14:13:38> PLAYERNAME Kornflakes
<14:13:38> CryAnimation: character-definition not found: objects/characters/man.cdf
<14:13:39> CryAnimation: character-definition not found: objects/characters/human/sdk_player/sdk_player.cdf
<14:13:39> CryAnimation: character-definition not found: objects/characters/human/sdk_player/sdk_player.cdf
<14:13:39> CryAnimation: character-definition not found: objects/characters/human/sdk_player/sdk_player.cdf
<14:13:41> st_used_prerec_msg 
<14:13:43> sed_prerec_msg 
<14:13:48> st_used_prerec_msg 
<14:14:56> erec_msg 
<14:15:00> d_prerec_msg 
<14:15:05> CHUDNv::showPickArmorGradient()
<14:15:20> CVehicleSeat::NetSetPassengerId c2
<14:15:20> CVehicleSeat::Enter called
<14:15:21> st_used_prerec_msg 
<14:15:24> CVehicleSeat::Exit called
<14:15:24> CVehicleSeat::Exit called c2
<14:15:24> ClProcessLeave call
<14:15:30> CHUDNv::showPickArmorGradient()
<14:15:31> CryAnimation: character-definition not found: objects/characters/human/sdk_player/sdk_player.cdf
<14:15:31> CryAnimation: character-definition not found: objects/characters/human/sdk_player/sdk_player.cdf
<14:15:31> CryAnimation: character-definition not found: objects/characters/human/sdk_player/sdk_player.cdf
<14:15:36> CHUDNv::showPickArmorGradient()
<14:15:44> CVehicleSeat::NetSetPassengerId c2
<14:15:44> CVehicleSeat::Enter called
<14:15:46> CVehicleSeat::Exit called
<14:15:46> CVehicleSeat::Exit called c2
<14:15:46> ClProcessLeave call
<14:15:50> CVehicleSeat::NetSetPassengerId c2
<14:15:50> CVehicleSeat::Enter called
<14:15:53> _used_prerec_msg 
<14:15:53> CVehicleSeat::NetSetPassengerId c2
<14:15:53> CVehicleSeat::Enter called
<14:15:55> CVehicleSeat::NetSetPassengerId c2
<14:15:55> CVehicleSeat::Enter called
<14:15:57> CVehicleSeat::NetSetPassengerId c2
<14:15:57> CVehicleSeat::Enter called
<14:15:59> _used_prerec_msg 
<14:16:24> CVehicleSeat::Exit called
<14:16:24> CVehicleSeat::Exit called c2
<14:16:24> ClProcessLeave call
<14:16:26> CVehicleSeat::Exit called
<14:16:26> CVehicleSeat::Exit called c2
<14:16:26> ClProcessLeave call
<14:16:30> _used_prerec_msg 
<14:16:38> CVehicleSeat::Exit called
<14:16:38> CVehicleSeat::Exit called c2
<14:16:38> ClProcessLeave call
<14:16:44> CVehicleSeat::Exit called
<14:16:44> CVehicleSeat::Exit called c2
<14:16:44> ClProcessLeave call
<14:17:10> CVehicleSeat::NetSetPassengerId c2
<14:17:10> CVehicleSeat::Enter called
<14:17:22> CryAnimation: character-definition not found: objects/characters/human/sdk_player/sdk_player.cdf
<14:17:22> CryAnimation: character-definition not found: objects/characters/human/sdk_player/sdk_player.cdf
<14:17:22> CryAnimation: character-definition not found: objects/characters/human/sdk_player/sdk_player.cdf
<14:17:39> CVehicleSeat::Exit called
<14:17:39> CVehicleSeat::Exit called c2
<14:17:39> ClProcessLeave call
<14:18:04> d_prerec_msg 
<14:18:07> d_prerec_msg 
<14:18:23> st_used_prerec_msg 
<14:18:44> CryAnimation: character-definition not found: objects/characters/human/sdk_player/sdk_player.cdf
<14:18:44> CryAnimation: character-definition not found: objects/characters/human/sdk_player/sdk_player.cdf
<14:18:44> CryAnimation: character-definition not found: objects/characters/human/sdk_player/sdk_player.cdf
<14:22:05> CryAnimation: character-definition not found: objects/characters/human/sdk_player/sdk_player.cdf
<14:22:05> CryAnimation: character-definition not found: objects/characters/human/sdk_player/sdk_player.cdf
<14:22:05> CryAnimation: character-definition not found: objects/characters/human/sdk_player/sdk_player.cdf
<14:22:34> CTrain::SmplPlaySnd train_gts
<14:23:06> ed_prerec_msg 
<14:23:23> CTrain::SmplPlaySnd train_gts
<14:23:43> CTrain::SmplPlaySnd train_gts
<14:24:03> CTrain::SmplPlaySnd train_gts
<14:25:16> CTrain::SmplPlaySnd train_gts
<14:25:46> CGameClientChannel::Release
<14:25:46> gEnv->pRenderer->Draw2dImage XXX
<14:25:48> remapped bone indices with refcount '4294967290' still around for 'zombiemodelnew/conserve_fp_nonmm.skin 0x0000027DC4580100
<14:25:48> remapped bone indices with refcount '4294967290' still around for 'objects/zhg_objects/characters/conserve/conserve_head.skin 0x0000027DC457EE40
<14:25:48> remapped bone indices with refcount '4294967280' still around for 'objects/zhg_objects/characters/sets/vanityset/vanityset_torso.skin 0x0000027DC0F7BB90
<14:25:48> remapped bone indices with refcount '4294967280' still around for 'objects/zhg_objects/characters/sets/vanityset/vanityset_torso.skin 0x0000027DC0F7B870
<14:25:48> remapped bone indices with refcount '4294967280' still around for 'objects/zhg_objects/characters/sets/vanityset/vanityset_torso.skin 0x0000027DC0F7C1D0
<14:25:48> remapped bone indices with refcount '4294967280' still around for 'objects/zhg_objects/characters/sets/vanityset/vanityset_pants.skin 0x0000027DC0F7C4F0
<14:25:48> remapped bone indices with refcount '4294967280' still around for 'objects/zhg_objects/characters/sets/vanityset/vanityset_pants.skin 0x0000027DC0F7B550
<14:25:48> remapped bone indices with refcount '4294967280' still around for 'objects/zhg_objects/characters/sets/vanityset/vanityset_pants.skin 0x0000027DC0F7B230
<14:25:48> remapped bone indices with refcount '4294967280' still around for 'objects/zhg_objects/characters/sets/vanityset/vanityset_head.skin 0x0000027DC0F7ABF0
<14:25:48> remapped bone indices with refcount '4294967280' still around for 'objects/zhg_objects/characters/sets/vanityset/vanityset_head.skin 0x0000027DC0F7A5B0
<14:25:48> remapped bone indices with refcount '4294967280' still around for 'objects/zhg_objects/characters/sets/vanityset/vanityset_head.skin 0x0000027DC0F79610
<14:25:48> remapped bone indices with refcount '4294967280' still around for 'objects/zhg_objects/characters/sets/safetyset/safetyset_head.skin 0x0000027DC0F792F0
<14:25:48> remapped bone indices with refcount '4294967280' still around for 'objects/zhg_objects/characters/sets/safetyset/safetyset_head.skin 0x0000027DC0F7A8D0
<14:25:48> remapped bone indices with refcount '4294967280' still around for 'objects/zhg_objects/characters/sets/safetyset/safetyset_head.skin 0x0000027DC0F79F70
<14:25:48> remapped bone indices with refcount '4294967246' still around for 'objects/zhg_objects/characters/sets/rebellionset/rebellionset_torso.skin 0x0000027DC0F7A290
<14:25:48> remapped bone indices with refcount '4294967246' still around for 'objects/zhg_objects/characters/sets/rebellionset/rebellionset_torso.skin 0x0000027DC0F7BEB0
<14:25:48> remapped bone indices with refcount '4294967246' still around for 'objects/zhg_objects/characters/sets/rebellionset/rebellionset_torso.skin 0x0000027DC0F79930
<14:25:48> remapped bone indices with refcount '4294967263' still around for 'objects/zhg_objects/characters/sets/rebellionset/rebellionset_pants.skin 0x0000027DC0F78FD0
<14:25:48> remapped bone indices with refcount '4294967263' still around for 'objects/zhg_objects/characters/sets/rebellionset/rebellionset_pants.skin 0x0000027DC0F79C50
<14:25:48> remapped bone indices with refcount '4294967263' still around for 'objects/zhg_objects/characters/sets/rebellionset/rebellionset_pants.skin 0x0000027DC0F78CB0
<14:25:48> remapped bone indices with refcount '4294967280' still around for 'objects/zhg_objects/characters/sets/rebellionset/rebellionset_head.skin 0x0000027DC0F7C810
<14:25:48> remapped bone indices with refcount '4294967280' still around for 'objects/zhg_objects/characters/sets/rebellionset/rebellionset_head.skin 0x0000027DC0F7AF10
<14:25:48> remapped bone indices with refcount '4294967280' still around for 'objects/zhg_objects/characters/sets/rebellionset/rebellionset_head.skin 0x0000027DC0C62F50
<14:25:48> remapped bone indices with refcount '4294967263' still around for 'objects/zhg_objects/characters/sets/rebellionset/rebelliomset_hands.skin 0x0000027DC0C63BD0
<14:25:48> remapped bone indices with refcount '4294967263' still around for 'objects/zhg_objects/characters/sets/rebellionset/rebelliomset_hands.skin 0x0000027DC0C638B0
<14:25:48> remapped bone indices with refcount '4294967263' still around for 'objects/zhg_objects/characters/sets/rebellionset/rebelliomset_hands.skin 0x0000027DC0C63270
<14:25:48> remapped bone indices with refcount '4294967263' still around for 'objects/zhg_objects/characters/sets/rebellionset/rebelliomset_hands.skin 0x0000027DC0C622D0
<14:25:48> remapped bone indices with refcount '4294967280' still around for 'objects/zhg_objects/characters/sets/loverset/loverset_torso.skin 0x0000027DC0C61330
<14:25:48> remapped bone indices with refcount '4294967280' still around for 'objects/zhg_objects/characters/sets/loverset/loverset_torso.skin 0x0000027DC0C62C30
<14:25:48> remapped bone indices with refcount '4294967280' still around for 'objects/zhg_objects/characters/sets/loverset/loverset_torso.skin 0x0000027DC0C625F0
<14:25:48> remapped bone indices with refcount '4294967280' still around for 'objects/zhg_objects/characters/sets/loverset/loverset_head.skin 0x0000027DC0C61970
<14:25:48> remapped bone indices with refcount '4294967280' still around for 'objects/zhg_objects/characters/sets/loverset/loverset_head.skin 0x0000027DC0C60CF0
<14:25:48> remapped bone indices with refcount '4294967280' still around for 'objects/zhg_objects/characters/sets/loverset/loverset_head.skin 0x0000027DC0C609D0
<14:25:48> remapped bone indices with refcount '4294967280' still around for 'objects/zhg_objects/characters/sets/leaderset/leaderset_torso.skin 0x0000027DC0C606B0
<14:25:48> remapped bone indices with refcount '4294967280' still around for 'objects/zhg_objects/characters/sets/leaderset/leaderset_torso.skin 0x0000027DC0C63590
<14:25:48> remapped bone indices with refcount '4294967280' still around for 'objects/zhg_objects/characters/sets/leaderset/leaderset_torso.skin 0x0000027DC0C61650
<14:25:48> remapped bone indices with refcount '4294967280' still around for 'objects/zhg_objects/characters/sets/leaderset/leaderset_pants.skin 0x0000027DC0C62910
<14:25:48> remapped bone indices with refcount '4294967280' still around for 'objects/zhg_objects/characters/sets/leaderset/leaderset_pants.skin 0x0000027DC0C60070
<14:25:48> remapped bone indices with refcount '4294967280' still around for 'objects/zhg_objects/characters/sets/leaderset/leaderset_pants.skin 0x0000027DC0C61010
<14:25:48> remapped bone indices with refcount '4294967280' still around for 'objects/zhg_objects/characters/sets/leaderset/leaderset_head.skin 0x0000027DC0C60390
<14:25:48> remapped bone indices with refcount '4294967280' still around for 'objects/zhg_objects/characters/sets/leaderset/leaderset_head.skin 0x0000027DC0C61C90
<14:25:48> remapped bone indices with refcount '4294967280' still around for 'objects/zhg_objects/characters/sets/leaderset/leaderset_head.skin 0x0000027DC0C61FB0
<14:25:48> remapped bone indices with refcount '4294967280' still around for 'objects/zhg_objects/characters/sets/hopefullset/hopefullset_torso.skin 0x0000027DB2A018D0
<14:25:48> remapped bone indices with refcount '4294967280' still around for 'objects/zhg_objects/characters/sets/hopefullset/hopefullset_torso.skin 0x0000027DB2A002F0
<14:25:48> remapped bone indices with refcount '4294967280' still around for 'objects/zhg_objects/characters/sets/hopefullset/hopefullset_torso.skin 0x0000027DB29FFFD0
<14:25:48> remapped bone indices with refcount '4294967280' still around for 'objects/zhg_objects/characters/sets/hopefullset/hopefullset_pants.skin 0x0000027DB2A01BF0
<14:25:48> remapped bone indices with refcount '4294967280' still around for 'objects/zhg_objects/characters/sets/hopefullset/hopefullset_pants.skin 0x0000027DB29FE9F0
<14:25:48> remapped bone indices with refcount '4294967280' still around for 'objects/zhg_objects/characters/sets/hopefullset/hopefullset_pants.skin 0x0000027DB29FF030
<14:25:48> remapped bone indices with refcount '4294967280' still around for 'objects/zhg_objects/characters/sets/hopefullset/hopefullset_head.skin 0x0000027DB2A01290
<14:25:48> remapped bone indices with refcount '4294967280' still around for 'objects/zhg_objects/characters/sets/hopefullset/hopefullset_head.skin 0x0000027DB2A00F70
<14:25:48> remapped bone indices with refcount '4294967280' still around for 'objects/zhg_objects/characters/sets/hopefullset/hopefullset_head.skin 0x0000027DB2A00610
<14:25:48> remapped bone indices with refcount '4294967280' still around for 'objects/zhg_objects/characters/sets/doubtset/doubtset_head.skin 0x0000027DB29FE3B0
<14:25:51> Iterator 0
<14:25:51> Size 30
<14:25:51> Iterator 1
<14:25:51> Size 30
<14:25:51> Iterator 2
<14:25:51> Size 30
<14:25:51> Iterator 3
<14:25:51> Size 30
<14:25:51> Iterator 4
<14:25:51> Size 30
<14:25:51> Iterator 5
<14:25:51> Size 30
<14:25:51> Iterator 6
<14:25:51> Size 30
<14:25:51> Iterator 7
<14:25:51> Size 30
<14:25:51> Iterator 8
<14:25:51> Size 30
<14:25:51> Iterator 9
<14:25:51> Size 30
<14:25:51> Iterator 10
<14:25:51> Size 30
<14:25:51> Iterator 11
<14:25:51> Size 30
<14:25:51> Iterator 12
<14:25:51> Size 30
<14:25:51> Iterator 13
<14:25:51> Size 30
<14:25:51> Iterator 14
<14:25:51> Size 30
<14:25:51> playerName Kornflakes
<14:25:51> Iterator 15
<14:25:51> Size 30
<14:25:51> Iterator 16
<14:25:51> Size 30
<14:25:51> Iterator 17
<14:25:51> Size 30
<14:25:51> Iterator 18
<14:25:51> Size 30
<14:25:51> Iterator 19
<14:25:51> Size 30
<14:25:51> Iterator 20
<14:25:51> Size 30
<14:25:51> Iterator 21
<14:25:51> Size 30
<14:25:51> Iterator 22
<14:25:51> Size 30
<14:25:51> Iterator 23
<14:25:51> Size 30
<14:25:51> Iterator 24
<14:25:51> Size 30
<14:25:51> Iterator 25
<14:25:51> Size 30
<14:25:51> Iterator 26
<14:25:51> Size 30
<14:25:51> Iterator 27
<14:25:51> Size 30
<14:25:51> Iterator 28
<14:25:51> Size 30
<14:25:51> Iterator 29
<14:25:51> Size 30
<14:25:51> playerName Kornflakes
<14:25:51> Iterator 30
<14:25:51> Size 30
<14:26:09> CreateDatagramSocket c1
<14:26:11> Game rules class: InstantAction
<14:26:11> ============================ PrepareLevel Multiplayer/Purgatorium_Esc ============================
<14:26:11> Initializing default materials...
<14:26:16> [MFX] Loading FXLib 'breakables' ...
<14:26:16> [MFX] Loading FXLib 'collisions' ...
<14:26:16> [MFX] Loading FXLib 'foley' ...
<14:26:16> [MFX] Loading FXLib 'foley_grunt' ...
<14:26:16> [MFX] Loading FXLib 'foley_player' ...
<14:26:16> [MFX] Loading FXLib 'footstep_grunt' ...
<14:26:16> [MFX] Loading FXLib 'footstep_player' ...
<14:26:16> [MFX] Loading FXLib 'footsteps' ...
<14:26:16> [MFX] Loading FXLib 'grenade' ...
<14:26:16> [MFX] Loading FXLib 'melee' ...
<14:26:16> [MFX] Loading FXLib 'player_fx' ...
<14:26:16> [MFX] Loading FXLib 'projectiles' ...
<14:26:16> [MFX] Loading FXLib 'tornado' ...
<14:26:16> [MFX] Loading FXLib 'vegetation' ...
<14:26:16> [MFX] Loading FXLib 'vehicles' ...
<14:26:33> CryAnimation: character-definition not found: objects/characters/human/sdk_player/sdk_player.cdf
<14:26:33> CryAnimation: character-definition not found: objects/characters/human/sdk_player/sdk_player.cdf
<14:26:33> CryAnimation: character-definition not found: objects/characters/human/sdk_player/sdk_player.cdf
<14:26:33> CryAnimation: character-definition not found: objects/characters/human/sdk_player/sdk_player.cdf
<14:26:33> CryAnimation: character-definition not found: objects/characters/human/sdk_player/sdk_player.cdf
<14:26:33> CryAnimation: character-definition not found: objects/characters/human/sdk_player/sdk_player.cdf
<14:26:33> CryAnimation: character-definition not found: objects/characters/human/sdk_player/sdk_player.cdf
<14:26:33> CryAnimation: character-definition not found: objects/characters/human/sdk_player/sdk_player.cdf
<14:26:33> CryAnimation: character-definition not found: objects/characters/human/sdk_player/sdk_player.cdf
<14:26:37> CryAnimation: character-definition not found: objects/characters/human/sdk_player/sdk_player.cdf
<14:26:37> CryAnimation: character-definition not found: objects/characters/human/sdk_player/sdk_player.cdf
<14:26:37> CryAnimation: character-definition not found: objects/characters/human/sdk_player/sdk_player.cdf
<14:26:38> PLAYERNAME Kornflakes
<14:26:38> CryAnimation: character-definition not found: objects/characters/man.cdf
<14:26:38> CryAnimation: character-definition not found: objects/characters/human/sdk_player/sdk_player.cdf
<14:26:38> CryAnimation: character-definition not found: objects/characters/human/sdk_player/sdk_player.cdf
<14:26:38> CryAnimation: character-definition not found: objects/characters/human/sdk_player/sdk_player.cdf
<14:26:47> CryAnimation: character-definition not found: objects/characters/human/sdk_player/sdk_player.cdf
<14:26:47> CryAnimation: character-definition not found: objects/characters/human/sdk_player/sdk_player.cdf
<14:26:47> CryAnimation: character-definition not found: objects/characters/human/sdk_player/sdk_player.cdf
<14:26:57> CryAnimation: character-definition not found: objects/characters/human/sdk_player/sdk_player.cdf
<14:26:57> CryAnimation: character-definition not found: objects/characters/human/sdk_player/sdk_player.cdf
<14:26:57> CryAnimation: character-definition not found: objects/characters/human/sdk_player/sdk_player.cdf
<14:27:01> CryAnimation: character-definition not found: objects/characters/human/sdk_player/sdk_player.cdf
<14:27:01> CryAnimation: character-definition not found: objects/characters/human/sdk_player/sdk_player.cdf
<14:27:01> CryAnimation: character-definition not found: objects/characters/human/sdk_player/sdk_player.cdf
<14:27:05> CryAnimation: character-definition not found: objects/characters/human/sdk_player/sdk_player.cdf
<14:27:05> CryAnimation: character-definition not found: objects/characters/human/sdk_player/sdk_player.cdf
<14:27:05> CryAnimation: character-definition not found: objects/characters/human/sdk_player/sdk_player.cdf
<14:27:06> CryAnimation: character-definition not found: objects/characters/human/sdk_player/sdk_player.cdf
<14:27:06> CryAnimation: character-definition not found: objects/characters/human/sdk_player/sdk_player.cdf
<14:27:06> CryAnimation: character-definition not found: objects/characters/human/sdk_player/sdk_player.cdf
<14:27:24> CryAnimation: character-definition not found: objects/characters/human/sdk_player/sdk_player.cdf
<14:27:24> CryAnimation: character-definition not found: objects/characters/human/sdk_player/sdk_player.cdf
<14:27:24> CryAnimation: character-definition not found: objects/characters/human/sdk_player/sdk_player.cdf
<14:28:01> CryAnimation: character-definition not found: objects/characters/human/sdk_player/sdk_player.cdf
<14:28:01> CryAnimation: character-definition not found: objects/characters/human/sdk_player/sdk_player.cdf
<14:28:01> CryAnimation: character-definition not found: objects/characters/human/sdk_player/sdk_player.cdf
<14:28:28> CryAnimation: character-definition not found: objects/characters/human/sdk_player/sdk_player.cdf
<14:28:28> CryAnimation: character-definition not found: objects/characters/human/sdk_player/sdk_player.cdf
<14:28:28> CryAnimation: character-definition not found: objects/characters/human/sdk_player/sdk_player.cdf
<14:28:31> CryAnimation: character-definition not found: objects/characters/human/sdk_player/sdk_player.cdf
<14:28:31> CryAnimation: character-definition not found: objects/characters/human/sdk_player/sdk_player.cdf
<14:28:31> CryAnimation: character-definition not found: objects/characters/human/sdk_player/sdk_player.cdf
<14:28:41> d_prerec_msg 
<14:28:44> d_prerec_msg 
<14:28:47> d_prerec_msg 
<14:28:56> d_prerec_msg 
<14:29:15> st_used_prerec_msg 
<14:29:28> st_used_prerec_msg 
<14:29:32> st_used_prerec_msg 
<14:29:36> ast_used_prerec_msg 
<14:29:38> d_prerec_msg 
<14:29:42> d_prerec_msg 
<14:29:48> d_prerec_msg 
<14:30:33> CryAnimation: character-definition not found: objects/characters/human/sdk_player/sdk_player.cdf
<14:30:33> CryAnimation: character-definition not found: objects/characters/human/sdk_player/sdk_player.cdf
<14:30:33> CryAnimation: character-definition not found: objects/characters/human/sdk_player/sdk_player.cdf
<14:30:41> sed_prerec_msg 
<14:30:53> sed_prerec_msg 
<14:31:11> sed_prerec_msg 
<14:31:16> sed_prerec_msg 
<14:31:19> sed_prerec_msg 
<14:31:21> sed_prerec_msg 
<14:31:51> CVehicleSeat::NetSetPassengerId c2
<14:31:51> CVehicleSeat::Enter called
<14:32:02> CVehicleSeat::Exit called
<14:32:02> CVehicleSeat::Exit called c2
<14:32:02> ClProcessLeave call
<14:32:03> CryAnimation: character-definition not found: objects/characters/human/sdk_player/sdk_player.cdf
<14:32:03> CryAnimation: character-definition not found: objects/characters/human/sdk_player/sdk_player.cdf
<14:32:03> CryAnimation: character-definition not found: objects/characters/human/sdk_player/sdk_player.cdf
<14:32:12> CryAnimation: character-definition not found: objects/characters/human/sdk_player/sdk_player.cdf
<14:32:12> CryAnimation: character-definition not found: objects/characters/human/sdk_player/sdk_player.cdf
<14:32:12> CryAnimation: character-definition not found: objects/characters/human/sdk_player/sdk_player.cdf
<14:32:42> CVehicleSeat::NetSetPassengerId c2
<14:32:42> CVehicleSeat::Enter called
<14:32:58> CryAnimation: character-definition not found: objects/characters/human/sdk_player/sdk_player.cdf
<14:32:58> CryAnimation: character-definition not found: objects/characters/human/sdk_player/sdk_player.cdf
<14:32:58> CryAnimation: character-definition not found: objects/characters/human/sdk_player/sdk_player.cdf
<14:33:01> CVehicleSeat::Exit called
<14:33:01> CVehicleSeat::Exit called c2
<14:33:01> ClProcessLeave call
<14:33:06> CGameClientChannel::Release
<14:33:06> gEnv->pRenderer->Draw2dImage XXX
<14:33:08> BaseInput - Shutting down all force feedback
<14:33:08> ActionGame - Shutting down all force feedback
<14:33:08> CNetSyncSystem::~CNetSyncSystem & Crush?! packets_temp_bf(temp packet data buffs)
<14:33:08> remapped bone indices with refcount '4294967294' still around for 'zombiemodelnew/conserve_fp_nonmm.skin 0x0000027E7AB17B20
<14:33:08> remapped bone indices with refcount '4294967295' still around for 'objects/zhg_objects/characters/conserve/conserve_head.skin 0x0000027E7AB174E0
<14:33:08> remapped bone indices with refcount '4294967293' still around for 'objects/zhg_objects/characters/sets/vanityset/vanityset_torso.skin 0x0000027E7AB14920
<14:33:08> remapped bone indices with refcount '4294967293' still around for 'objects/zhg_objects/characters/sets/vanityset/vanityset_torso.skin 0x0000027E7AB0FB00
<14:33:08> remapped bone indices with refcount '4294967293' still around for 'objects/zhg_objects/characters/sets/vanityset/vanityset_torso.skin 0x0000027E7AB0CC20
<14:33:08> remapped bone indices with refcount '4294967293' still around for 'objects/zhg_objects/characters/sets/vanityset/vanityset_pants.skin 0x0000027E7AB14600
<14:33:08> remapped bone indices with refcount '4294967293' still around for 'objects/zhg_objects/characters/sets/vanityset/vanityset_pants.skin 0x0000027E7AB13CA0
<14:33:08> remapped bone indices with refcount '4294967293' still around for 'objects/zhg_objects/characters/sets/vanityset/vanityset_pants.skin 0x0000027E7AB12080
<14:33:08> remapped bone indices with refcount '4294967293' still around for 'objects/zhg_objects/characters/sets/vanityset/vanityset_head.skin 0x0000027E7AB0D8A0
<14:33:08> remapped bone indices with refcount '4294967293' still around for 'objects/zhg_objects/characters/sets/vanityset/vanityset_head.skin 0x0000027E7AB0FE20
<14:33:08> remapped bone indices with refcount '4294967293' still around for 'objects/zhg_objects/characters/sets/vanityset/vanityset_head.skin 0x0000027E7AB0EE80
<14:33:08> remapped bone indices with refcount '4294967293' still around for 'objects/zhg_objects/characters/sets/safetyset/safetyset_head.skin 0x0000027E7AB11A40
<14:33:08> remapped bone indices with refcount '4294967293' still around for 'objects/zhg_objects/characters/sets/safetyset/safetyset_head.skin 0x0000027E7AB0F7E0
<14:33:08> remapped bone indices with refcount '4294967293' still around for 'objects/zhg_objects/characters/sets/safetyset/safetyset_head.skin 0x0000027E7AB0F1A0
<14:33:08> remapped bone indices with refcount '4294967285' still around for 'objects/zhg_objects/characters/sets/rebellionset/rebellionset_torso.skin 0x0000027E7AB142E0
<14:33:08> remapped bone indices with refcount '4294967285' still around for 'objects/zhg_objects/characters/sets/rebellionset/rebellionset_torso.skin 0x0000027E7AB13FC0
<14:33:08> remapped bone indices with refcount '4294967285' still around for 'objects/zhg_objects/characters/sets/rebellionset/rebellionset_torso.skin 0x0000027E7AB0EB60
<14:33:08> remapped bone indices with refcount '4294967289' still around for 'objects/zhg_objects/characters/sets/rebellionset/rebellionset_pants.skin 0x0000027E7AB0E200
<14:33:08> remapped bone indices with refcount '4294967289' still around for 'objects/zhg_objects/characters/sets/rebellionset/rebellionset_pants.skin 0x0000027E7AB13340
<14:33:08> remapped bone indices with refcount '4294967289' still around for 'objects/zhg_objects/characters/sets/rebellionset/rebellionset_pants.skin 0x0000027E7AB11720
<14:33:08> remapped bone indices with refcount '4294967293' still around for 'objects/zhg_objects/characters/sets/rebellionset/rebellionset_head.skin 0x0000027E7AB0DEE0
<14:33:08> remapped bone indices with refcount '4294967293' still around for 'objects/zhg_objects/characters/sets/rebellionset/rebellionset_head.skin 0x0000027E7AB13020
<14:33:08> remapped bone indices with refcount '4294967293' still around for 'objects/zhg_objects/characters/sets/rebellionset/rebellionset_head.skin 0x0000027E7AB13660
<14:33:08> remapped bone indices with refcount '4294967289' still around for 'objects/zhg_objects/characters/sets/rebellionset/rebelliomset_hands.skin 0x0000027E7AB10460
<14:33:08> remapped bone indices with refcount '4294967289' still around for 'objects/zhg_objects/characters/sets/rebellionset/rebelliomset_hands.skin 0x0000027E7AB10140
<14:33:08> remapped bone indices with refcount '4294967289' still around for 'objects/zhg_objects/characters/sets/rebellionset/rebelliomset_hands.skin 0x0000027E7AB126C0
<14:33:08> remapped bone indices with refcount '4294967289' still around for 'objects/zhg_objects/characters/sets/rebellionset/rebelliomset_hands.skin 0x0000027E7AB129E0
<14:33:08> remapped bone indices with refcount '4294967293' still around for 'objects/zhg_objects/characters/sets/loverset/loverset_torso.skin 0x0000027E7AB10DC0
<14:33:08> remapped bone indices with refcount '4294967293' still around for 'objects/zhg_objects/characters/sets/loverset/loverset_torso.skin 0x0000027E7AB0DBC0
<14:33:08> remapped bone indices with refcount '4294967293' still around for 'objects/zhg_objects/characters/sets/loverset/loverset_torso.skin 0x0000027E7AB0F4C0
<14:33:08> remapped bone indices with refcount '4294967293' still around for 'objects/zhg_objects/characters/sets/loverset/loverset_head.skin 0x0000027E7AB0C900
<14:33:08> remapped bone indices with refcount '4294967293' still around for 'objects/zhg_objects/characters/sets/loverset/loverset_head.skin 0x0000027E7AB0E840
<14:33:08> remapped bone indices with refcount '4294967293' still around for 'objects/zhg_objects/characters/sets/loverset/loverset_head.skin 0x0000027E7AB10AA0
<14:33:08> remapped bone indices with refcount '4294967293' still around for 'objects/zhg_objects/characters/sets/leaderset/leaderset_torso.skin 0x0000027E7AB123A0
<14:33:08> remapped bone indices with refcount '4294967293' still around for 'objects/zhg_objects/characters/sets/leaderset/leaderset_torso.skin 0x0000027E7AB11400
<14:33:08> remapped bone indices with refcount '4294967293' still around for 'objects/zhg_objects/characters/sets/leaderset/leaderset_torso.skin 0x0000027E7AB110E0
<14:33:08> remapped bone indices with refcount '4294967293' still around for 'objects/zhg_objects/characters/sets/leaderset/leaderset_pants.skin 0x0000027E7AB10780
<14:33:08> remapped bone indices with refcount '4294967293' still around for 'objects/zhg_objects/characters/sets/leaderset/leaderset_pants.skin 0x0000027E7AB11D60
<14:33:08> remapped bone indices with refcount '4294967293' still around for 'objects/zhg_objects/characters/sets/leaderset/leaderset_pants.skin 0x0000027E7AB12D00
<14:33:08> remapped bone indices with refcount '4294967293' still around for 'objects/zhg_objects/characters/sets/leaderset/leaderset_head.skin 0x0000027E7AB0C2C0
<14:33:08> remapped bone indices with refcount '4294967293' still around for 'objects/zhg_objects/characters/sets/leaderset/leaderset_head.skin 0x0000027E7AB0C5E0
<14:33:08> remapped bone indices with refcount '4294967293' still around for 'objects/zhg_objects/characters/sets/leaderset/leaderset_head.skin 0x0000027E7AB0BC80
<14:33:08> remapped bone indices with refcount '4294967293' still around for 'objects/zhg_objects/characters/sets/hopefullset/hopefullset_torso.skin 0x0000027E7AB0B960
<14:33:08> remapped bone indices with refcount '4294967293' still around for 'objects/zhg_objects/characters/sets/hopefullset/hopefullset_torso.skin 0x0000027E7AB0B640
<14:33:08> remapped bone indices with refcount '4294967293' still around for 'objects/zhg_objects/characters/sets/hopefullset/hopefullset_torso.skin 0x0000027E7AB0A9C0
<14:33:08> remapped bone indices with refcount '4294967293' still around for 'objects/zhg_objects/characters/sets/hopefullset/hopefullset_pants.skin 0x0000027E7AB0BFA0
<14:33:08> remapped bone indices with refcount '4294967293' still around for 'objects/zhg_objects/characters/sets/hopefullset/hopefullset_pants.skin 0x0000027E7AB0B000
<14:33:08> remapped bone indices with refcount '4294967293' still around for 'objects/zhg_objects/characters/sets/hopefullset/hopefullset_pants.skin 0x0000027E7AB0ACE0
<14:33:08> remapped bone indices with refcount '4294967293' still around for 'objects/zhg_objects/characters/sets/hopefullset/hopefullset_head.skin 0x0000027E7AB0A6A0
<14:33:08> remapped bone indices with refcount '4294967293' still around for 'objects/zhg_objects/characters/sets/hopefullset/hopefullset_head.skin 0x0000027E7AB0B320
<14:33:08> remapped bone indices with refcount '4294967293' still around for 'objects/zhg_objects/characters/sets/hopefullset/hopefullset_head.skin 0x0000027E7AB029A0
<14:33:08> remapped bone indices with refcount '4294967293' still around for 'objects/zhg_objects/characters/sets/doubtset/doubtset_head.skin 0x0000027E7AB0A060
