BackupNameAttachment=" Build(0) 07 Jul 21 (18 52 42)"  -- used by backup system
Log Started at Wed Jul  7 18:52:42 2021
Built on Oct 13 2019 19:15:33
Running 64 bit Windows version
Command Line: "D:\Games\Steam\steamapps\common\Pandemic Express\Bin/win_x64/PandemicExpress.exe"
Executable: D:\Games\Steam\steamapps\common\Pandemic Express\Bin\win_x64\PandemicExpress.exe
FileVersion: 1.0.0.0
ProductVersion: 1.0.0.0
Added MOD directory <%engineroot%/engine> to CryPak

Total number of logical processors: 12
Number of available logical processors: 12
Total number of system cores: 6
Number of cores available to process: 6
 
Processor 0:
  CPU: AMD AMD Ryzen 5 3600 6-Core Processor              
  Family: 15, Model: 1, Stepping: 0
  FPU: On-Chip
  Features: FP16, SSE, SSE2, SSE3, SSE4.2, AVX, AVX2, FMA3
  Serial number not present or disabled
 
Processor 1:
  CPU: AMD AMD Ryzen 5 3600 6-Core Processor              
  Family: 15, Model: 1, Stepping: 0
  FPU: On-Chip
  Features: FP16, SSE, SSE2, SSE3, SSE4.2, AVX, AVX2, FMA3
  Serial number not present or disabled
 
Processor 2:
  CPU: AMD AMD Ryzen 5 3600 6-Core Processor              
  Family: 15, Model: 1, Stepping: 0
  FPU: On-Chip
  Features: FP16, SSE, SSE2, SSE3, SSE4.2, AVX, AVX2, FMA3
  Serial number not present or disabled
 
Processor 3:
  CPU: AMD AMD Ryzen 5 3600 6-Core Processor              
  Family: 15, Model: 1, Stepping: 0
  FPU: On-Chip
  Features: FP16, SSE, SSE2, SSE3, SSE4.2, AVX, AVX2, FMA3
  Serial number not present or disabled
 
Processor 4:
  CPU: AMD AMD Ryzen 5 3600 6-Core Processor              
  Family: 15, Model: 1, Stepping: 0
  FPU: On-Chip
  Features: FP16, SSE, SSE2, SSE3, SSE4.2, AVX, AVX2, FMA3
  Serial number not present or disabled
 
Processor 5:
  CPU: AMD AMD Ryzen 5 3600 6-Core Processor              
  Family: 15, Model: 1, Stepping: 0
  FPU: On-Chip
  Features: FP16, SSE, SSE2, SSE3, SSE4.2, AVX, AVX2, FMA3
  Serial number not present or disabled
 
<18:52:42> Loading Config file system.cfg (system.cfg)
<18:52:42> [Error] [CVARS]: [IGNORED CHANGE] variable [sys_version] from [] to [1.1.0.000.200116]; Marked as [VF_CHEAT]
<18:52:42> OnSysSpecChange(1)
<18:52:42> [Error] [CVARS]: [IGNORED CHANGE] variable [sys_asserts] from [0] to [0]; Marked as [VF_CHEAT]
<18:52:42> GameDir: DATA
<18:52:42> <ThreadConfigInfo>: Thread profile loaded: "pc_8" (config/engine_core.thread_config)  
<18:52:42> Windows 10 64 bit (build 10.0.19043)
<18:52:42> System language: English
<18:52:42> Windows Directory: "C:\Windows"
<18:52:42> Local time is 18:52:42 07/07/21, system running for 4742 minutes
<18:52:42> 16333MB physical memory installed, 8117MB available, 134217727MB virtual memory installed, 50 percent of memory in use
<18:52:42> PageFile usage: 75MB, Working Set: 88MB, Peak PageFile usage: 75MB,
<18:52:42> Current display mode is 2560x1440x32, (Unknown graphics card)
<18:52:42> IBM enhanced (101/102-key) keyboard and 16+ button mouse installed
<18:52:42> --------------------------------------------------------------------------------
<18:52:42> OnSysSpecChange(1)
<18:52:42> Loading Config file LowSpec.cfg (data\config\lowspec.cfg)
<18:52:42> [Error] [CVARS]: [MISSING] [mfx_Timeout] is not a registered console variable; referenced when testing console variable group [sys_spec_gameeffects] = [1]
<18:52:42> [Error] [CVARS]: [MISSING] [ca_AttachmentCullingRation] is not a registered console variable; referenced when testing console variable group [sys_spec_objectdetail] = [1]
<18:52:42> [Error] [CVARS]: [MISSING] [e_DecalsLifeTimeScale] is not a registered console variable; referenced when testing console variable group [sys_spec_objectdetail] = [1]
<18:52:42> [Error] [CVARS]: [MISSING] [e_LodRatio] is not a registered console variable; referenced when testing console variable group [sys_spec_objectdetail] = [1]
<18:52:42> [Error] [CVARS]: [MISSING] [e_MaxViewDistSpecLerp] is not a registered console variable; referenced when testing console variable group [sys_spec_objectdetail] = [1]
<18:52:42> [Error] [CVARS]: [MISSING] [e_MaxViewDistance] is not a registered console variable; referenced when testing console variable group [sys_spec_objectdetail] = [1]
<18:52:42> [Error] [CVARS]: [MISSING] [e_ObjQuality] is not a registered console variable; referenced when testing console variable group [sys_spec_objectdetail] = [1]
<18:52:42> [Error] [CVARS]: [MISSING] [e_TerrainOcclusionCullingMaxDist] is not a registered console variable; referenced when testing console variable group [sys_spec_objectdetail] = [1]
<18:52:42> [Error] [CVARS]: [MISSING] [e_VegetationMinSize] is not a registered console variable; referenced when testing console variable group [sys_spec_objectdetail] = [1]
<18:52:42> [Error] [CVARS]: [MISSING] [e_ViewDistRatio] is not a registered console variable; referenced when testing console variable group [sys_spec_objectdetail] = [1]
<18:52:42> [Error] [CVARS]: [MISSING] [e_ViewDistRatioCustom] is not a registered console variable; referenced when testing console variable group [sys_spec_objectdetail] = [1]
<18:52:42> [Error] [CVARS]: [MISSING] [e_ViewDistRatioDetail] is not a registered console variable; referenced when testing console variable group [sys_spec_objectdetail] = [1]
<18:52:42> [Error] [CVARS]: [MISSING] [e_ViewDistRatioLights] is not a registered console variable; referenced when testing console variable group [sys_spec_objectdetail] = [1]
<18:52:42> [Error] [CVARS]: [MISSING] [e_ViewDistRatioVegetation] is not a registered console variable; referenced when testing console variable group [sys_spec_objectdetail] = [1]
<18:52:42> [Error] [CVARS]: [MISSING] [es_DebrisLifetimeScale] is not a registered console variable; referenced when testing console variable group [sys_spec_objectdetail] = [1]
<18:52:42> [Error] [CVARS]: [MISSING] [e_DecalsOverlapping] is not a registered console variable; referenced when testing console variable group [sys_spec_objectdetail] = [1]
<18:52:42> [Error] [CVARS]: [MISSING] [e_LodMin] is not a registered console variable; referenced when testing console variable group [sys_spec_objectdetail] = [1]
<18:52:42> [Error] [CVARS]: [MISSING] [e_MergedMeshesInstanceDist] is not a registered console variable; referenced when testing console variable group [sys_spec_objectdetail] = [1]
<18:52:42> [Error] [CVARS]: [MISSING] [e_MergedMeshesPool] is not a registered console variable; referenced when testing console variable group [sys_spec_objectdetail] = [1]
<18:52:42> [Error] [CVARS]: [MISSING] [e_OcclusionCullingViewDistRatio] is not a registered console variable; referenced when testing console variable group [sys_spec_objectdetail] = [1]
<18:52:42> [Error] [CVARS]: [MISSING] [e_TerrainLodRatio] is not a registered console variable; referenced when testing console variable group [sys_spec_objectdetail] = [1]
<18:52:42> [Error] [CVARS]: [MISSING] [e_Tessellation] is not a registered console variable; referenced when testing console variable group [sys_spec_objectdetail] = [1]
<18:52:42> [Error] [CVARS]: [MISSING] [e_ViewDistMin] is not a registered console variable; referenced when testing console variable group [sys_spec_objectdetail] = [1]
<18:52:42> [Error] [CVARS]: [MISSING] [e_ParticlesMaxScreenFill] is not a registered console variable; referenced when testing console variable group [sys_spec_particles] = [1]
<18:52:42> [Error] [CVARS]: [MISSING] [e_ParticlesMinDrawPixels] is not a registered console variable; referenced when testing console variable group [sys_spec_particles] = [1]
<18:52:42> [Error] [CVARS]: [MISSING] [e_ParticlesObjectCollisions] is not a registered console variable; referenced when testing console variable group [sys_spec_particles] = [1]
<18:52:42> [Error] [CVARS]: [MISSING] [e_ParticlesQuality] is not a registered console variable; referenced when testing console variable group [sys_spec_particles] = [1]
<18:52:42> [Error] [CVARS]: [MISSING] [e_ParticlesMotionBlur] is not a registered console variable; referenced when testing console variable group [sys_spec_particles] = [1]
<18:52:42> [Error] [CVARS]: [MISSING] [e_CullVegActivation] is not a registered console variable; referenced when testing console variable group [sys_spec_physics] = [1]
<18:52:42> [Error] [CVARS]: [MISSING] [e_FoliageWindActivationDist] is not a registered console variable; referenced when testing console variable group [sys_spec_physics] = [1]
<18:52:42> [Error] [CVARS]: [MISSING] [e_PhysOceanCell] is not a registered console variable; referenced when testing console variable group [sys_spec_physics] = [1]
<18:52:42> [Error] [CVARS]: [MISSING] [es_MaxPhysDist] is not a registered console variable; referenced when testing console variable group [sys_spec_physics] = [1]
<18:52:42> [Error] [CVARS]: [MISSING] [es_MaxPhysDistInvisible] is not a registered console variable; referenced when testing console variable group [sys_spec_physics] = [1]
<18:52:42> [Error] [CVARS]: [MISSING] [g_breakage_particles_limit] is not a registered console variable; referenced when testing console variable group [sys_spec_physics] = [1]
<18:52:42> [Error] [CVARS]: [MISSING] [g_tree_cut_reuse_dist] is not a registered console variable; referenced when testing console variable group [sys_spec_physics] = [1]
<18:52:42> [Error] [CVARS]: [MISSING] [p_max_MC_iters] is not a registered console variable; referenced when testing console variable group [sys_spec_physics] = [1]
<18:52:42> [Error] [CVARS]: [MISSING] [p_max_substeps] is not a registered console variable; referenced when testing console variable group [sys_spec_physics] = [1]
<18:52:42> [Error] [CVARS]: [MISSING] [e_PhysProxyTriLimit] is not a registered console variable; referenced when testing console variable group [sys_spec_physics] = [1]
<18:52:42> [Error] [CVARS]: [MISSING] [p_max_object_splashes] is not a registered console variable; referenced when testing console variable group [sys_spec_physics] = [1]
<18:52:42> [Error] [CVARS]: [MISSING] [p_max_substeps_large_group] is not a registered console variable; referenced when testing console variable group [sys_spec_physics] = [1]
<18:52:42> [Error] [CVARS]: [MISSING] [p_num_bodies_large_group] is not a registered console variable; referenced when testing console variable group [sys_spec_physics] = [1]
<18:52:42> [Error] [CVARS]: [MISSING] [p_splash_dist0] is not a registered console variable; referenced when testing console variable group [sys_spec_physics] = [1]
<18:52:42> [Error] [CVARS]: [MISSING] [p_splash_dist1] is not a registered console variable; referenced when testing console variable group [sys_spec_physics] = [1]
<18:52:42> [Error] [CVARS]: [MISSING] [p_splash_force0] is not a registered console variable; referenced when testing console variable group [sys_spec_physics] = [1]
<18:52:42> [Error] [CVARS]: [MISSING] [p_splash_force1] is not a registered console variable; referenced when testing console variable group [sys_spec_physics] = [1]
<18:52:42> [Error] [CVARS]: [MISSING] [p_splash_vel0] is not a registered console variable; referenced when testing console variable group [sys_spec_physics] = [1]
<18:52:42> [Error] [CVARS]: [MISSING] [p_splash_vel1] is not a registered console variable; referenced when testing console variable group [sys_spec_physics] = [1]
<18:52:42> [Error] [CVARS]: [MISSING] [e_DynamicLightsMaxEntityLights] is not a registered console variable; referenced when testing console variable group [sys_spec_shading] = [1]
<18:52:42> [Error] [CVARS]: [MISSING] [e_SkyUpdateRate] is not a registered console variable; referenced when testing console variable group [sys_spec_shading] = [1]
<18:52:42> [Error] [CVARS]: [MISSING] [e_svoTI_Apply] is not a registered console variable; referenced when testing console variable group [sys_spec_shading] = [1]
<18:52:42> [Error] [CVARS]: [MISSING] [e_svoTI_RsmConeMaxLength] is not a registered console variable; referenced when testing console variable group [sys_spec_shading] = [1]
<18:52:42> [Error] [CVARS]: [MISSING] [e_svoTI_RsmUseColors] is not a registered console variable; referenced when testing console variable group [sys_spec_shading] = [1]
<18:52:42> [Error] [CVARS]: [MISSING] [e_svoTi_Active] is not a registered console variable; referenced when testing console variable group [sys_spec_shading] = [1]
<18:52:42> [Error] [CVARS]: [MISSING] [e_svoti_LowSpecMode] is not a registered console variable; referenced when testing console variable group [sys_spec_shading] = [1]
<18:52:42> [Error] [CVARS]: [MISSING] [e_LightVolumes] is not a registered console variable; referenced when testing console variable group [sys_spec_shading] = [1]
<18:52:42> [Error] [CVARS]: [MISSING] [e_VegetationUseTerrainColor] is not a registered console variable; referenced when testing console variable group [sys_spec_shading] = [1]
<18:52:42> [Error] [CVARS]: [MISSING] [e_GsmLodsNum] is not a registered console variable; referenced when testing console variable group [sys_spec_shadows] = [1]
<18:52:42> [Error] [CVARS]: [MISSING] [e_GsmRange] is not a registered console variable; referenced when testing console variable group [sys_spec_shadows] = [1]
<18:52:42> [Error] [CVARS]: [MISSING] [e_ObjShadowCastSpec] is not a registered console variable; referenced when testing console variable group [sys_spec_shadows] = [1]
<18:52:42> [Error] [CVARS]: [MISSING] [e_ParticlesShadows] is not a registered console variable; referenced when testing console variable group [sys_spec_shadows] = [1]
<18:52:42> [Error] [CVARS]: [MISSING] [e_Shadows] is not a registered console variable; referenced when testing console variable group [sys_spec_shadows] = [1]
<18:52:42> [Error] [CVARS]: [MISSING] [e_ShadowsBlendCascades] is not a registered console variable; referenced when testing console variable group [sys_spec_shadows] = [1]
<18:52:42> [Error] [CVARS]: [MISSING] [e_ShadowsCastViewDistRatio] is not a registered console variable; referenced when testing console variable group [sys_spec_shadows] = [1]
<18:52:42> [Error] [CVARS]: [MISSING] [e_ShadowsLodBiasFixed] is not a registered console variable; referenced when testing console variable group [sys_spec_shadows] = [1]
<18:52:42> [Error] [CVARS]: [MISSING] [e_ShadowsMaxTexRes] is not a registered console variable; referenced when testing console variable group [sys_spec_shadows] = [1]
<18:52:42> [Error] [CVARS]: [MISSING] [e_ShadowsPoolSize] is not a registered console variable; referenced when testing console variable group [sys_spec_shadows] = [1]
<18:52:42> [Error] [CVARS]: [MISSING] [e_ShadowsResScale] is not a registered console variable; referenced when testing console variable group [sys_spec_shadows] = [1]
<18:52:42> [Error] [CVARS]: [MISSING] [e_ShadowsTessellateCascades] is not a registered console variable; referenced when testing console variable group [sys_spec_shadows] = [1]
<18:52:42> [Error] [CVARS]: [MISSING] [e_ShadowsTessellateDLights] is not a registered console variable; referenced when testing console variable group [sys_spec_shadows] = [1]
<18:52:42> [Error] [CVARS]: [MISSING] [e_ShadowsUpdateViewDistRatio] is not a registered console variable; referenced when testing console variable group [sys_spec_shadows] = [1]
<18:52:42> [Error] [CVARS]: [MISSING] [e_VolumetricFog] is not a registered console variable; referenced when testing console variable group [sys_spec_volumetriceffects] = [1]
<18:52:42> [Error] [CVARS]: [MISSING] [e_fog] is not a registered console variable; referenced when testing console variable group [sys_spec_volumetriceffects] = [1]
<18:52:42> [Error] [CVARS]: [MISSING] [e_Clouds] is not a registered console variable; referenced when testing console variable group [sys_spec_volumetriceffects] = [1]
<18:52:42> [Error] [CVARS]: [MISSING] [e_WaterOceanFFT] is not a registered console variable; referenced when testing console variable group [sys_spec_water] = [1]
<18:52:42> [Error] [CVARS]: [MISSING] [e_WaterTessellationAmount] is not a registered console variable; referenced when testing console variable group [sys_spec_water] = [1]
<18:52:42> [Error] [CVARS]: [MISSING] [e_WaterTessellationAmountX] is not a registered console variable; referenced when testing console variable group [sys_spec_water] = [1]
<18:52:42> [Error] [CVARS]: [MISSING] [e_WaterTessellationAmountY] is not a registered console variable; referenced when testing console variable group [sys_spec_water] = [1]
<18:52:42> [Error] [CVARS]: [MISSING] [e_WaterTessellationSwathWidth] is not a registered console variable; referenced when testing console variable group [sys_spec_water] = [1]
<18:52:42> Loading Config file game.cfg (data\game.cfg)
<18:52:42> [Warning] [CVARS]: [CHANGED] variable [sys_asserts] from [0] to [0]; Marked as [VF_CHEAT]
<18:52:42> [Warning] Modifying marked variables will not be allowed in Release mode!
<18:52:42> Stream Engine Initialization
<18:52:42> GameName: Pandemic Express
<18:52:42> BuildTime: Oct 13 2019 19:15:33
<18:52:42> Physics initialization
<18:52:42> Localized language content(english) not available or modified from the original installation.
<18:52:42> Localized language content(english) not available or modified from the original installation.
<18:52:42> Localized language content(english) not available or modified from the original installation.
<18:52:42> <Audio>: AudioSystem initialization
<18:52:42> <Audio> <0.273>: CryAudioImplWwise loaded
<18:52:44> Renderer initialization
<18:52:44> Logging video adapters:
<18:52:44> - NVIDIA GeForce RTX 3070 (vendor = 0x10de, device = 0x2484)
<18:52:44>   - Adapter index: 0
<18:52:44>   - Dedicated video memory: 8043 MB
<18:52:44>   - Feature level: DX11 (SM 5.0)
<18:52:44>   - Displays connected: yes
<18:52:44>   - Suitable rendering device: yes
<18:52:44> - Microsoft Basic Render Driver (vendor = 0x1414, device = 0x008c)
<18:52:44>   - Adapter index: 1
<18:52:44>   - Dedicated video memory: 0 MB
<18:52:44>   - Feature level: DX11 (SM 5.0)
<18:52:44>   - Displays connected: no
<18:52:44>   - Suitable rendering device: no
<18:52:45> Active GPUs: 1
<18:52:45> [Renderer] A display device has been connected to the system
<18:52:45> Loading plugin CryDefaultEntities
<18:52:45> Loading plugin CrySchematycCore
<18:52:45> DLL Failed to load, error code: 7E
<18:52:45> Loading plugin CrySchematycSTDEnv
<18:52:45> DLL Failed to load, error code: 7E
<18:52:45> Loading plugin CrySensorSystem
<18:52:45> DLL Failed to load, error code: 7E
<18:52:45> Loading extension file cryplugin.csv
<18:52:45> Loading plugin ProcAnRandGenerator.dll
<18:52:45> Loading plugin PlayFab.dll
<18:52:45> Loading plugin CEVPlayer.dll
<18:52:46> Font initialization
<18:52:46> Using FreeType 2.5.5
<18:52:47> Network initialization
<18:52:47> [net] Socket IO management: External [iocp], Internal [iocp]
<18:52:47> network hostname: DESKTOP-GKEDPQ6
<18:52:47>   ip:26.90.194.210
<18:52:47>   ip:192.168.20.21
<18:52:47> [Network Version]: PROFILE DEVELOPMENT BUILD
<18:52:47> MovieSystem initialization
<18:52:47> Console initialization
<18:52:47> Time initialization
<18:52:47> Input initialization
<18:52:47> AI initialization
<18:52:47>  
<18:52:47>     con_debug = 0 []
<18:52:47>     con_display_last_messages = 0 []
<18:52:47>     con_line_buffer_size = 1000 []
<18:52:47>     con_restricted = 0 [RESTRICTEDMODE]
<18:52:47>     con_showonload = 0 []
<18:52:47>  
<18:52:47>     con_debug = 0 []
<18:52:47>     con_display_last_messages = 0 []
<18:52:47>     con_line_buffer_size = 1000 []
<18:52:47>     con_restricted = 0 [RESTRICTEDMODE]
<18:52:47>     con_showonload = 0 []
<18:52:47>  
<18:52:47>     con_debug = 0 []
<18:52:47>  
<18:52:47>     con_debug = 0 []
<18:52:47> Initializing Animation System
<18:52:47> Initializing 3D Engine
<18:52:47> Script System Initialization
<18:52:47> Entity system initialization
<18:52:47> Initializing AI System
<18:52:47> Initializing additional systems
<18:52:47> Dynamic Response System initialization
<18:52:47> DLL Failed to load, error code: 7E
<18:52:47> No Dynamic Response System was loaded from a module, will use the NULL implementation.
<18:52:48> [Steam] Steam API initialized successfully
<18:52:48> <ThreadConfigInfo>: [XML Parsing] Thread with name "Main" already loaded. Overriding with new configuration
<18:52:48> <ThreadConfigInfo>: [XML Parsing] Thread with name "Network" already loaded. Overriding with new configuration
<18:52:48> <ThreadConfigInfo>: [XML Parsing] Thread with name "NetworkStallTicker" already loaded. Overriding with new configuration
<18:52:48> <ThreadConfigInfo>: [XML Parsing] Thread with name "ZLibCompressor" already loaded. Overriding with new configuration
<18:52:48> <ThreadConfigInfo>: [XML Parsing] Thread with name "NetworkStallTicker" already loaded. Overriding with new configuration
<18:52:48> <ThreadConfigInfo>: [XML Parsing] Thread with name "ZLibCompressor" already loaded. Overriding with new configuration
<18:52:48> <ThreadConfigInfo>: [XML Parsing] Thread with name "TelemetryCopier" already loaded. Overriding with new configuration
<18:52:48> <ThreadConfigInfo>: [XML Parsing] Thread with name "StatsAgent" already loaded. Overriding with new configuration
<18:52:48> <ThreadConfigInfo>: Thread profile loaded: "pc_8" (config/game.thread_config)  
<18:52:49> Initializing default materials...
<18:52:55> [MFX] Loading FXLib 'breakables' ...
<18:52:55> [MFX] Loading FXLib 'collisions' ...
<18:52:55> [MFX] Loading FXLib 'foley' ...
<18:52:55> [MFX] Loading FXLib 'foley_grunt' ...
<18:52:55> [MFX] Loading FXLib 'foley_player' ...
<18:52:55> [MFX] Loading FXLib 'footstep_grunt' ...
<18:52:55> [MFX] Loading FXLib 'footstep_player' ...
<18:52:55> [MFX] Loading FXLib 'footsteps' ...
<18:52:55> [MFX] Loading FXLib 'grenade' ...
<18:52:55> [MFX] Loading FXLib 'melee' ...
<18:52:55> [MFX] Loading FXLib 'player_fx' ...
<18:52:55> [MFX] Loading FXLib 'projectiles' ...
<18:52:55> [MFX] Loading FXLib 'tornado' ...
<18:52:55> [MFX] Loading FXLib 'vegetation' ...
<18:52:55> [MFX] Loading FXLib 'vehicles' ...
<18:52:55> [MFX] Loading FXLib 'breakables' ...
<18:52:55> [MFX] Loading FXLib 'collisions' ...
<18:52:55> [MFX] Loading FXLib 'foley' ...
<18:52:55> [MFX] Loading FXLib 'foley_grunt' ...
<18:52:55> [MFX] Loading FXLib 'foley_player' ...
<18:52:55> [MFX] Loading FXLib 'footstep_grunt' ...
<18:52:55> [MFX] Loading FXLib 'footstep_player' ...
<18:52:55> [MFX] Loading FXLib 'footsteps' ...
<18:52:55> [MFX] Loading FXLib 'grenade' ...
<18:52:55> [MFX] Loading FXLib 'melee' ...
<18:52:55> [MFX] Loading FXLib 'player_fx' ...
<18:52:55> [MFX] Loading FXLib 'projectiles' ...
<18:52:55> [MFX] Loading FXLib 'tornado' ...
<18:52:55> [MFX] Loading FXLib 'vegetation' ...
<18:52:55> [MFX] Loading FXLib 'vehicles' ...
<18:52:55> Creating socket on port 2838
<18:52:55> CreateDatagramSocket c1
<18:52:55> CreateDatagramSocket c2
<19:03:43> CreateDatagramSocket c1
<19:03:45> Game rules class: InstantAction
<19:03:45> ============================ PrepareLevel Multiplayer/Purgatorium_Esc ============================
<19:04:29> CryAnimation: character-definition not found: objects/characters/human/sdk_player/sdk_player.cdf
<19:04:29> CryAnimation: character-definition not found: objects/characters/human/sdk_player/sdk_player.cdf
<19:04:29> CryAnimation: character-definition not found: objects/characters/human/sdk_player/sdk_player.cdf
<19:04:30> CryAnimation: character-definition not found: objects/characters/human/sdk_player/sdk_player.cdf
<19:04:30> CryAnimation: character-definition not found: objects/characters/human/sdk_player/sdk_player.cdf
<19:04:30> CryAnimation: character-definition not found: objects/characters/human/sdk_player/sdk_player.cdf
<19:04:30> CryAnimation: character-definition not found: objects/characters/human/sdk_player/sdk_player.cdf
<19:04:30> CryAnimation: character-definition not found: objects/characters/human/sdk_player/sdk_player.cdf
<19:04:30> CryAnimation: character-definition not found: objects/characters/human/sdk_player/sdk_player.cdf
<19:04:30> CryAnimation: character-definition not found: objects/characters/human/sdk_player/sdk_player.cdf
<19:04:30> CryAnimation: character-definition not found: objects/characters/human/sdk_player/sdk_player.cdf
<19:04:30> CryAnimation: character-definition not found: objects/characters/human/sdk_player/sdk_player.cdf
<19:04:30> CryAnimation: character-definition not found: objects/characters/human/sdk_player/sdk_player.cdf
<19:04:30> CryAnimation: character-definition not found: objects/characters/human/sdk_player/sdk_player.cdf
<19:04:30> CryAnimation: character-definition not found: objects/characters/human/sdk_player/sdk_player.cdf
<19:04:30> CryAnimation: character-definition not found: objects/characters/human/sdk_player/sdk_player.cdf
<19:04:30> CryAnimation: character-definition not found: objects/characters/human/sdk_player/sdk_player.cdf
<19:04:30> CryAnimation: character-definition not found: objects/characters/human/sdk_player/sdk_player.cdf
<19:04:30> CryAnimation: character-definition not found: objects/characters/human/sdk_player/sdk_player.cdf
<19:04:30> CryAnimation: character-definition not found: objects/characters/human/sdk_player/sdk_player.cdf
<19:04:30> CryAnimation: character-definition not found: objects/characters/human/sdk_player/sdk_player.cdf
<19:04:30> CryAnimation: character-definition not found: objects/characters/human/sdk_player/sdk_player.cdf
<19:04:30> CryAnimation: character-definition not found: objects/characters/human/sdk_player/sdk_player.cdf
<19:04:30> CryAnimation: character-definition not found: objects/characters/human/sdk_player/sdk_player.cdf
<19:04:30> CryAnimation: character-definition not found: objects/characters/human/sdk_player/sdk_player.cdf
<19:04:30> CryAnimation: character-definition not found: objects/characters/human/sdk_player/sdk_player.cdf
<19:04:30> CryAnimation: character-definition not found: objects/characters/human/sdk_player/sdk_player.cdf
<19:04:30> CryAnimation: character-definition not found: objects/characters/human/sdk_player/sdk_player.cdf
<19:04:30> CryAnimation: character-definition not found: objects/characters/human/sdk_player/sdk_player.cdf
<19:04:30> CryAnimation: character-definition not found: objects/characters/human/sdk_player/sdk_player.cdf
<19:04:30> CryAnimation: character-definition not found: objects/characters/human/sdk_player/sdk_player.cdf
<19:04:30> CryAnimation: character-definition not found: objects/characters/human/sdk_player/sdk_player.cdf
<19:04:30> CryAnimation: character-definition not found: objects/characters/human/sdk_player/sdk_player.cdf
<19:04:30> CryAnimation: character-definition not found: objects/characters/human/sdk_player/sdk_player.cdf
<19:04:30> CryAnimation: character-definition not found: objects/characters/human/sdk_player/sdk_player.cdf
<19:04:30> CryAnimation: character-definition not found: objects/characters/human/sdk_player/sdk_player.cdf
<19:04:30> CryAnimation: character-definition not found: objects/characters/human/sdk_player/sdk_player.cdf
<19:04:30> CryAnimation: character-definition not found: objects/characters/human/sdk_player/sdk_player.cdf
<19:04:30> CryAnimation: character-definition not found: objects/characters/human/sdk_player/sdk_player.cdf
<19:04:34> CryAnimation: character-definition not found: objects/characters/human/sdk_player/sdk_player.cdf
<19:04:34> CryAnimation: character-definition not found: objects/characters/human/sdk_player/sdk_player.cdf
<19:04:34> CryAnimation: character-definition not found: objects/characters/human/sdk_player/sdk_player.cdf
<19:04:36> PLAYERNAME Kornflakes
<19:04:36> CryAnimation: character-definition not found: objects/characters/man.cdf
<19:04:38> CryAnimation: character-definition not found: objects/characters/human/sdk_player/sdk_player.cdf
<19:04:38> CryAnimation: character-definition not found: objects/characters/human/sdk_player/sdk_player.cdf
<19:04:38> CryAnimation: character-definition not found: objects/characters/human/sdk_player/sdk_player.cdf
<19:05:18> CryAnimation: character-definition not found: objects/characters/human/sdk_player/sdk_player.cdf
<19:05:18> CryAnimation: character-definition not found: objects/characters/human/sdk_player/sdk_player.cdf
<19:05:18> CryAnimation: character-definition not found: objects/characters/human/sdk_player/sdk_player.cdf
<19:05:19> CryAnimation: character-definition not found: objects/characters/human/sdk_player/sdk_player.cdf
<19:05:19> CryAnimation: character-definition not found: objects/characters/human/sdk_player/sdk_player.cdf
<19:05:19> CryAnimation: character-definition not found: objects/characters/human/sdk_player/sdk_player.cdf
<19:05:20> CryAnimation: character-definition not found: objects/characters/human/sdk_player/sdk_player.cdf
<19:05:20> CryAnimation: character-definition not found: objects/characters/human/sdk_player/sdk_player.cdf
<19:05:20> CryAnimation: character-definition not found: objects/characters/human/sdk_player/sdk_player.cdf
<19:05:34> CryAnimation: character-definition not found: objects/characters/human/sdk_player/sdk_player.cdf
<19:05:34> CryAnimation: character-definition not found: objects/characters/human/sdk_player/sdk_player.cdf
<19:05:34> CryAnimation: character-definition not found: objects/characters/human/sdk_player/sdk_player.cdf
<19:05:59> d_prerec_msg 
<19:06:02> d_prerec_msg 
<19:06:02> d_prerec_msg 
<19:06:46> CryAnimation: character-definition not found: objects/characters/human/sdk_player/sdk_player.cdf
<19:06:46> CryAnimation: character-definition not found: objects/characters/human/sdk_player/sdk_player.cdf
<19:06:46> CryAnimation: character-definition not found: objects/characters/human/sdk_player/sdk_player.cdf
<19:07:17> CryAnimation: character-definition not found: objects/characters/human/sdk_player/sdk_player.cdf
<19:07:17> CryAnimation: character-definition not found: objects/characters/human/sdk_player/sdk_player.cdf
<19:07:17> CryAnimation: character-definition not found: objects/characters/human/sdk_player/sdk_player.cdf
<19:08:04> CHUDNv::showPickArmorGradient()
<19:08:16> CHUDNv::showPickArmorGradient()
<19:08:27> CHUDNv::showPickArmorGradient()
<19:09:51> CVehicleSeat::NetSetPassengerId c2
<19:09:51> CVehicleSeat::Enter called
<19:09:58> CVehicleSeat::Exit called
<19:09:58> CVehicleSeat::Exit called c2
<19:09:58> ClProcessLeave call
<19:11:05> ClReplDropOpen !params.r_openedDr
<19:11:10> _used_prerec_msg 
<19:11:13> ClReplDropOpen !params.r_openedDr
<19:11:19> ClReplDropOpen !params.r_openedDr
<19:12:57> ClReplDropOpen !params.r_openedDr
<19:14:06> CTrain::SmplPlaySnd train_gts
<19:14:43> CVehicleSeat::NetSetPassengerId c2
<19:14:43> CVehicleSeat::Enter called
<19:14:51> CTrain::SmplPlaySnd train_gts
<19:14:55> CVehicleSeat::Exit called
<19:14:55> CVehicleSeat::Exit called c2
<19:14:55> ClProcessLeave call
<19:15:50> CHUDNv::showPickArmorGradient()
<19:16:12> CTrain::SmplPlaySnd train_gts
<19:16:32> CHUDNv::showPickArmorGradient()
<19:16:34> CTrain::SmplPlaySnd train_gts
<19:17:15> BaseInput - Shutting down all force feedback
<19:17:15> ActionGame - Shutting down all force feedback
<19:17:15> gEnv->pRenderer->Draw2dImage XXX
<19:17:18> CNetSyncSystem::~CNetSyncSystem & Crush?! packets_temp_bf(temp packet data buffs)
<19:17:18> remapped bone indices with refcount '4294967282' still around for 'objects/zhg_objects/characters/sets/rebellionset/rebellionset_head.skin 0x0000022E437B7970
<19:17:18> remapped bone indices with refcount '4294967282' still around for 'objects/zhg_objects/characters/sets/rebellionset/rebellionset_head.skin 0x0000022E4378EC40
<19:17:18> remapped bone indices with refcount '4294967282' still around for 'objects/zhg_objects/characters/sets/rebellionset/rebellionset_head.skin 0x0000022E4378EF60
<19:17:18> remapped bone indices with refcount '4294967282' still around for 'objects/zhg_objects/characters/sets/doubtset/doubtset_head.skin 0x0000022E429F2650
<19:17:18> remapped bone indices with refcount '4294967282' still around for 'objects/zhg_objects/characters/sets/vanityset/vanityset_head.skin 0x0000022E4378CD00
<19:17:18> remapped bone indices with refcount '4294967282' still around for 'objects/zhg_objects/characters/sets/vanityset/vanityset_head.skin 0x0000022E4378C3A0
<19:17:18> remapped bone indices with refcount '4294967282' still around for 'objects/zhg_objects/characters/sets/vanityset/vanityset_head.skin 0x0000022E4378C6C0
<19:17:18> remapped bone indices with refcount '4294967282' still around for 'objects/zhg_objects/characters/sets/vanityset/vanityset_torso.skin 0x0000022E4378DFC0
<19:17:18> remapped bone indices with refcount '4294967282' still around for 'objects/zhg_objects/characters/sets/vanityset/vanityset_torso.skin 0x0000022E4378E2E0
<19:17:18> remapped bone indices with refcount '4294967282' still around for 'objects/zhg_objects/characters/sets/vanityset/vanityset_torso.skin 0x0000022E4378D340
<19:17:18> remapped bone indices with refcount '4294967282' still around for 'objects/zhg_objects/characters/sets/vanityset/vanityset_pants.skin 0x0000022E4378DCA0
<19:17:18> remapped bone indices with refcount '4294967282' still around for 'objects/zhg_objects/characters/sets/vanityset/vanityset_pants.skin 0x0000022E4378C9E0
<19:17:18> remapped bone indices with refcount '4294967282' still around for 'objects/zhg_objects/characters/sets/vanityset/vanityset_pants.skin 0x0000022E4378E920
<19:17:18> remapped bone indices with refcount '4294967282' still around for 'objects/zhg_objects/characters/sets/safetyset/safetyset_head.skin 0x0000022E4378D980
<19:17:18> remapped bone indices with refcount '4294967282' still around for 'objects/zhg_objects/characters/sets/safetyset/safetyset_head.skin 0x0000022E4378C080
<19:17:18> remapped bone indices with refcount '4294967282' still around for 'objects/zhg_objects/characters/sets/safetyset/safetyset_head.skin 0x0000022E4378D660
<19:17:18> remapped bone indices with refcount '4294967267' still around for 'objects/zhg_objects/characters/sets/rebellionset/rebelliomset_hands.skin 0x0000022E437B6390
<19:17:18> remapped bone indices with refcount '4294967267' still around for 'objects/zhg_objects/characters/sets/rebellionset/rebelliomset_hands.skin 0x0000022E437B66B0
<19:17:18> remapped bone indices with refcount '4294967267' still around for 'objects/zhg_objects/characters/sets/rebellionset/rebelliomset_hands.skin 0x0000022E437B69D0
<19:17:18> remapped bone indices with refcount '4294967267' still around for 'objects/zhg_objects/characters/sets/rebellionset/rebelliomset_hands.skin 0x0000022E437B6CF0
<19:17:18> remapped bone indices with refcount '4294967252' still around for 'objects/zhg_objects/characters/sets/rebellionset/rebellionset_torso.skin 0x0000022E4378F8C0
<19:17:18> remapped bone indices with refcount '4294967252' still around for 'objects/zhg_objects/characters/sets/rebellionset/rebellionset_torso.skin 0x0000022E4378FBE0
<19:17:18> remapped bone indices with refcount '4294967252' still around for 'objects/zhg_objects/characters/sets/rebellionset/rebellionset_torso.skin 0x0000022E4378E600
<19:17:18> remapped bone indices with refcount '4294967282' still around for 'objects/zhg_objects/characters/sets/loverset/loverset_head.skin 0x0000022E437B6070
<19:17:18> remapped bone indices with refcount '4294967282' still around for 'objects/zhg_objects/characters/sets/loverset/loverset_head.skin 0x0000022E437B8910
<19:17:18> remapped bone indices with refcount '4294967282' still around for 'objects/zhg_objects/characters/sets/loverset/loverset_head.skin 0x0000022E437B8C30
<19:17:18> remapped bone indices with refcount '4294967282' still around for 'objects/zhg_objects/characters/sets/loverset/loverset_torso.skin 0x0000022E437B9270
<19:17:18> remapped bone indices with refcount '4294967282' still around for 'objects/zhg_objects/characters/sets/loverset/loverset_torso.skin 0x0000022E437B8F50
<19:17:18> remapped bone indices with refcount '4294967282' still around for 'objects/zhg_objects/characters/sets/loverset/loverset_torso.skin 0x0000022E437B7C90
<19:17:18> remapped bone indices with refcount '4294967267' still around for 'objects/zhg_objects/characters/sets/rebellionset/rebellionset_pants.skin 0x0000022E4378F5A0
<19:17:18> remapped bone indices with refcount '4294967267' still around for 'objects/zhg_objects/characters/sets/rebellionset/rebellionset_pants.skin 0x0000022E4378D020
<19:17:18> remapped bone indices with refcount '4294967267' still around for 'objects/zhg_objects/characters/sets/rebellionset/rebellionset_pants.skin 0x0000022E4378F280
<19:17:18> remapped bone indices with refcount '4294967282' still around for 'objects/zhg_objects/characters/sets/leaderset/leaderset_head.skin 0x0000022E437B7010
<19:17:18> remapped bone indices with refcount '4294967282' still around for 'objects/zhg_objects/characters/sets/leaderset/leaderset_head.skin 0x0000022E437B7FB0
<19:17:18> remapped bone indices with refcount '4294967282' still around for 'objects/zhg_objects/characters/sets/leaderset/leaderset_head.skin 0x0000022E437B9BD0
<19:17:18> remapped bone indices with refcount '4294967282' still around for 'objects/zhg_objects/characters/sets/leaderset/leaderset_torso.skin 0x0000022E437B7650
<19:17:18> remapped bone indices with refcount '4294967282' still around for 'objects/zhg_objects/characters/sets/leaderset/leaderset_torso.skin 0x0000022E437B98B0
<19:17:18> remapped bone indices with refcount '4294967282' still around for 'objects/zhg_objects/characters/sets/leaderset/leaderset_torso.skin 0x0000022E437B85F0
<19:17:18> remapped bone indices with refcount '4294967282' still around for 'objects/zhg_objects/characters/sets/leaderset/leaderset_pants.skin 0x0000022E437B9590
<19:17:18> remapped bone indices with refcount '4294967282' still around for 'objects/zhg_objects/characters/sets/leaderset/leaderset_pants.skin 0x0000022E437B7330
<19:17:18> remapped bone indices with refcount '4294967282' still around for 'objects/zhg_objects/characters/sets/leaderset/leaderset_pants.skin 0x0000022E437B82D0
<19:17:18> remapped bone indices with refcount '4294967282' still around for 'objects/zhg_objects/characters/sets/hopefullset/hopefullset_head.skin 0x0000022E429F1CF0
<19:17:18> remapped bone indices with refcount '4294967282' still around for 'objects/zhg_objects/characters/sets/hopefullset/hopefullset_head.skin 0x0000022E429F2FB0
<19:17:18> remapped bone indices with refcount '4294967282' still around for 'objects/zhg_objects/characters/sets/hopefullset/hopefullset_head.skin 0x0000022E429F32D0
<19:17:18> remapped bone indices with refcount '4294967282' still around for 'objects/zhg_objects/characters/sets/hopefullset/hopefullset_torso.skin 0x0000022E429F48B0
<19:17:18> remapped bone indices with refcount '4294967282' still around for 'objects/zhg_objects/characters/sets/hopefullset/hopefullset_torso.skin 0x0000022E429F16B0
<19:17:18> remapped bone indices with refcount '4294967282' still around for 'objects/zhg_objects/characters/sets/hopefullset/hopefullset_torso.skin 0x0000022E429F2010
<19:17:18> remapped bone indices with refcount '4294967282' still around for 'objects/zhg_objects/characters/sets/hopefullset/hopefullset_pants.skin 0x0000022E429F35F0
<19:17:18> remapped bone indices with refcount '4294967282' still around for 'objects/zhg_objects/characters/sets/hopefullset/hopefullset_pants.skin 0x0000022E429F3910
<19:17:18> remapped bone indices with refcount '4294967282' still around for 'objects/zhg_objects/characters/sets/hopefullset/hopefullset_pants.skin 0x0000022E429F4590
<19:17:18> remapped bone indices with refcount '4294967291' still around for 'zombiemodelnew/conserve_fp_nonmm.skin 0x0000022E519DB9B0
<19:17:18> remapped bone indices with refcount '4294967291' still around for 'objects/zhg_objects/characters/conserve/conserve_head.skin 0x0000022E519DA0B0
