BackupNameAttachment=" Build(0) 29 Jul 24 (15 48 47)"  -- used by backup system
Log Started at Mon Jul 29 15:48:47 2024
Built on Apr  5 2019 00:15:29
Running 64 bit Windows version
Command Line: "X:\SteamLibrary\steamapps\common\Pandemic Express\Bin/win_x64/PandemicExpress.exe"
Executable: X:\SteamLibrary\steamapps\common\Pandemic Express\Bin\win_x64\PandemicExpress.exe
FileVersion: 1.0.0.0
ProductVersion: 1.0.0.0
Added MOD directory <%engineroot%/engine> to CryPak

Total number of logical processors: 24
Number of available logical processors: 24
Total number of system cores: 12
Number of cores available to process: 12
 
Processor 0:
  CPU: AMD AMD Ryzen 9 3900X 12-Core Processor            
  Family: 15, Model: 1, Stepping: 0
  FPU: On-Chip
  Features: FP16, SSE, SSE2, SSE3, SSE4.2, AVX, AVX2, FMA3
  Serial number not present or disabled
 
Processor 1:
  CPU: AMD AMD Ryzen 9 3900X 12-Core Processor            
  Family: 15, Model: 1, Stepping: 0
  FPU: On-Chip
  Features: FP16, SSE, SSE2, SSE3, SSE4.2, AVX, AVX2, FMA3
  Serial number not present or disabled
 
Processor 2:
  CPU: AMD AMD Ryzen 9 3900X 12-Core Processor            
  Family: 15, Model: 1, Stepping: 0
  FPU: On-Chip
  Features: FP16, SSE, SSE2, SSE3, SSE4.2, AVX, AVX2, FMA3
  Serial number not present or disabled
 
Processor 3:
  CPU: AMD AMD Ryzen 9 3900X 12-Core Processor            
  Family: 15, Model: 1, Stepping: 0
  FPU: On-Chip
  Features: FP16, SSE, SSE2, SSE3, SSE4.2, AVX, AVX2, FMA3
  Serial number not present or disabled
 
Processor 4:
  CPU: AMD AMD Ryzen 9 3900X 12-Core Processor            
  Family: 15, Model: 1, Stepping: 0
  FPU: On-Chip
  Features: FP16, SSE, SSE2, SSE3, SSE4.2, AVX, AVX2, FMA3
  Serial number not present or disabled
 
Processor 5:
  CPU: AMD AMD Ryzen 9 3900X 12-Core Processor            
  Family: 15, Model: 1, Stepping: 0
  FPU: On-Chip
  Features: FP16, SSE, SSE2, SSE3, SSE4.2, AVX, AVX2, FMA3
  Serial number not present or disabled
 
Processor 6:
  CPU: AMD AMD Ryzen 9 3900X 12-Core Processor            
  Family: 15, Model: 1, Stepping: 0
  FPU: On-Chip
  Features: FP16, SSE, SSE2, SSE3, SSE4.2, AVX, AVX2, FMA3
  Serial number not present or disabled
 
Processor 7:
  CPU: AMD AMD Ryzen 9 3900X 12-Core Processor            
  Family: 15, Model: 1, Stepping: 0
  FPU: On-Chip
  Features: FP16, SSE, SSE2, SSE3, SSE4.2, AVX, AVX2, FMA3
  Serial number not present or disabled
 
Processor 8:
  CPU: AMD AMD Ryzen 9 3900X 12-Core Processor            
  Family: 15, Model: 1, Stepping: 0
  FPU: On-Chip
  Features: FP16, SSE, SSE2, SSE3, SSE4.2, AVX, AVX2, FMA3
  Serial number not present or disabled
 
Processor 9:
  CPU: AMD AMD Ryzen 9 3900X 12-Core Processor            
  Family: 15, Model: 1, Stepping: 0
  FPU: On-Chip
  Features: FP16, SSE, SSE2, SSE3, SSE4.2, AVX, AVX2, FMA3
  Serial number not present or disabled
 
Processor 10:
  CPU: AMD AMD Ryzen 9 3900X 12-Core Processor            
  Family: 15, Model: 1, Stepping: 0
  FPU: On-Chip
  Features: FP16, SSE, SSE2, SSE3, SSE4.2, AVX, AVX2, FMA3
  Serial number not present or disabled
 
Processor 11:
  CPU: AMD AMD Ryzen 9 3900X 12-Core Processor            
  Family: 15, Model: 1, Stepping: 0
  FPU: On-Chip
  Features: FP16, SSE, SSE2, SSE3, SSE4.2, AVX, AVX2, FMA3
  Serial number not present or disabled
 
<15:48:47> Loading Config file system.cfg (system.cfg)
<15:48:47> [Error] [CVARS]: [IGNORED CHANGE] variable [sys_version] from [] to [0.7.9.10.190510]; Marked as [VF_CHEAT]
<15:48:47> OnSysSpecChange(1)
<15:48:47> [Error] [CVARS]: [IGNORED CHANGE] variable [sys_asserts] from [0] to [0]; Marked as [VF_CHEAT]
<15:48:47> GameDir: DATA
<15:48:47> <ThreadConfigInfo>: Thread profile loaded: "pc_8" (config/engine_core.thread_config)  
<15:48:47> Windows 10 64 bit (build 10.0.22631)
<15:48:47> System language: English
<15:48:47> Windows Directory: "C:\Windows"
<15:48:47> Local time is 15:48:47 07/29/24, system running for 1351 minutes
<15:48:47> 32694MB physical memory installed, 23101MB available, 134217727MB virtual memory installed, 29 percent of memory in use
<15:48:47> PageFile usage: 110MB, Working Set: 128MB, Peak PageFile usage: 114MB,
<15:48:47> Current display mode is 2560x1440x32, (Unknown graphics card)
<15:48:47> IBM enhanced (101/102-key) keyboard and 5+ button mouse installed
<15:48:47> --------------------------------------------------------------------------------
<15:48:47> OnSysSpecChange(1)
<15:48:47> Loading Config file LowSpec.cfg (data\config\lowspec.cfg)
<15:48:47> [Error] [CVARS]: [MISSING] [e_DynamicLightsMaxEntityLights] is not a registered console variable; referenced when testing console variable group [sys_spec_shading] = [1]
<15:48:47> [Error] [CVARS]: [MISSING] [e_SkyUpdateRate] is not a registered console variable; referenced when testing console variable group [sys_spec_shading] = [1]
<15:48:47> [Error] [CVARS]: [MISSING] [e_svoTI_Apply] is not a registered console variable; referenced when testing console variable group [sys_spec_shading] = [1]
<15:48:47> [Error] [CVARS]: [MISSING] [e_svoTI_RsmConeMaxLength] is not a registered console variable; referenced when testing console variable group [sys_spec_shading] = [1]
<15:48:47> [Error] [CVARS]: [MISSING] [e_svoTI_RsmUseColors] is not a registered console variable; referenced when testing console variable group [sys_spec_shading] = [1]
<15:48:47> [Error] [CVARS]: [MISSING] [e_svoTi_Active] is not a registered console variable; referenced when testing console variable group [sys_spec_shading] = [1]
<15:48:47> [Error] [CVARS]: [MISSING] [e_svoti_LowSpecMode] is not a registered console variable; referenced when testing console variable group [sys_spec_shading] = [1]
<15:48:47> [Error] [CVARS]: [MISSING] [e_LightVolumes] is not a registered console variable; referenced when testing console variable group [sys_spec_shading] = [1]
<15:48:47> [Error] [CVARS]: [MISSING] [e_VegetationUseTerrainColor] is not a registered console variable; referenced when testing console variable group [sys_spec_shading] = [1]
<15:48:47> Loading Config file game.cfg (data\game.cfg)
<15:48:47> [Warning] [CVARS]: [CHANGED] variable [sys_asserts] from [0] to [0]; Marked as [VF_CHEAT]
<15:48:47> [Warning] Modifying marked variables will not be allowed in Release mode!
<15:48:47> Stream Engine Initialization
<15:48:47> GameName: Pandemic Express
<15:48:47> BuildTime: Apr  5 2019 00:15:29
<15:48:47> Physics initialization
<15:48:47> Localized language content(english) not available or modified from the original installation.
<15:48:47> Localized language content(english) not available or modified from the original installation.
<15:48:47> Localized language content(english) not available or modified from the original installation.
<15:48:47> <Audio>: AudioSystem initialization
<15:48:48> <Audio> <0.837>: CryAudioImplWwise loaded
<15:48:50> Renderer initialization
<15:48:50> Logging video adapters:
<15:48:52> - NVIDIA GeForce RTX 3080 (vendor = 0x10de, device = 0x2206)
<15:48:52>   - Adapter index: 0
<15:48:52>   - Dedicated video memory: 10053 MB
<15:48:52>   - Feature level: DX11 (SM 5.0)
<15:48:52>   - Displays connected: yes
<15:48:52>   - Suitable rendering device: yes
<15:48:52> - Microsoft Basic Render Driver (vendor = 0x1414, device = 0x008c)
<15:48:52>   - Adapter index: 1
<15:48:52>   - Dedicated video memory: 0 MB
<15:48:52>   - Feature level: DX11 (SM 5.0)
<15:48:52>   - Displays connected: no
<15:48:52>   - Suitable rendering device: no
<15:48:54> Active GPUs: 1
<15:48:55> [Renderer] A display device has been connected to the system
<15:48:55> Loading plugin CryDefaultEntities
<15:48:55> Loading plugin CrySchematycCore
<15:48:55> Loading plugin CrySchematycSTDEnv
<15:48:55> Loading plugin CrySensorSystem
<15:48:55> Loading extension file cryplugin.csv
<15:48:55> Loading plugin ProcAnRandGenerator.dll
<15:48:55> Loading plugin PlayFabDedicated.dll
<15:48:55> DLL Failed to load, error code: 7E
<15:48:55> Loading plugin PlayFab.dll
<15:48:55> Font initialization
<15:48:55> Using FreeType 2.5.5
<15:48:57> Network initialization
<15:48:57> [net] Socket IO management: External [iocp], Internal [iocp]
<15:48:57> network hostname: DESKTOP-HLBPRRK
<15:48:57>   ip:192.168.20.22
<15:48:57> [Network Version]: PROFILE DEVELOPMENT BUILD
<15:48:57> MovieSystem initialization
<15:48:57> Console initialization
<15:48:57> Time initialization
<15:48:57> Input initialization
<15:48:57> AI initialization
<15:48:58>  
<15:48:58>     con_debug = 0 []
<15:48:58>     con_display_last_messages = 0 []
<15:48:58>     con_line_buffer_size = 1000 []
<15:48:58>     con_restricted = 0 [RESTRICTEDMODE]
<15:48:58>     con_showonload = 0 []
<15:48:58>  
<15:48:58>     con_debug = 0 []
<15:48:58>     con_display_last_messages = 0 []
<15:48:58>     con_line_buffer_size = 1000 []
<15:48:58>     con_restricted = 0 [RESTRICTEDMODE]
<15:48:58>     con_showonload = 0 []
<15:48:58>  
<15:48:58>     con_debug = 0 []
<15:48:58>  
<15:48:58>     con_debug = 0 []
<15:48:58> Initializing Animation System
<15:48:58> Initializing 3D Engine
<15:48:58> Script System Initialization
<15:48:58> Entity system initialization
<15:48:58> Initializing AI System
<15:48:58> Initializing additional systems
<15:48:58> Dynamic Response System initialization
<15:48:58> CGame::CGame()
<15:48:59> [Steam] Steam API initialized successfully
<15:48:59> <ThreadConfigInfo>: [XML Parsing] Thread with name "Main" already loaded. Overriding with new configuration
<15:48:59> <ThreadConfigInfo>: [XML Parsing] Thread with name "Network" already loaded. Overriding with new configuration
<15:48:59> <ThreadConfigInfo>: [XML Parsing] Thread with name "NetworkStallTicker" already loaded. Overriding with new configuration
<15:48:59> <ThreadConfigInfo>: [XML Parsing] Thread with name "ZLibCompressor" already loaded. Overriding with new configuration
<15:48:59> <ThreadConfigInfo>: [XML Parsing] Thread with name "NetworkStallTicker" already loaded. Overriding with new configuration
<15:48:59> <ThreadConfigInfo>: [XML Parsing] Thread with name "ZLibCompressor" already loaded. Overriding with new configuration
<15:48:59> <ThreadConfigInfo>: [XML Parsing] Thread with name "TelemetryCopier" already loaded. Overriding with new configuration
<15:48:59> <ThreadConfigInfo>: [XML Parsing] Thread with name "StatsAgent" already loaded. Overriding with new configuration
<15:48:59> <ThreadConfigInfo>: Thread profile loaded: "pc_8" (config/game.thread_config)  
<15:48:59> Initializing default materials...
<15:49:07> ESYSTEM_EVENT_GAME_POST_INIT_DONE
<15:49:07> [MFX] Loading FXLib 'breakables' ...
<15:49:07> [MFX] Loading FXLib 'collisions' ...
<15:49:07> [MFX] Loading FXLib 'foley' ...
<15:49:07> [MFX] Loading FXLib 'foley_grunt' ...
<15:49:07> [MFX] Loading FXLib 'foley_player' ...
<15:49:07> [MFX] Loading FXLib 'footstep_grunt' ...
<15:49:07> [MFX] Loading FXLib 'footstep_player' ...
<15:49:07> [MFX] Loading FXLib 'footsteps' ...
<15:49:07> [MFX] Loading FXLib 'grenade' ...
<15:49:07> [MFX] Loading FXLib 'melee' ...
<15:49:07> [MFX] Loading FXLib 'player_fx' ...
<15:49:07> [MFX] Loading FXLib 'projectiles' ...
<15:49:07> [MFX] Loading FXLib 'tornado' ...
<15:49:07> [MFX] Loading FXLib 'vegetation' ...
<15:49:07> [MFX] Loading FXLib 'vehicles' ...
<15:49:07> [Schematyc]: Loading...
<15:49:07> [Schematyc]: Loading settings
<15:49:07> [Schematyc]: Loading scripts
<15:49:07> [Schematyc]: Compiling scripts
<15:49:07> [Schematyc]: Loading complete
<15:49:07> Creating socket on port 2838
<15:49:07> CreateDatagramSocket c1
<15:49:07> CreateDatagramSocket c2
<15:49:23> [flow-log] DISPLAY MENU
<15:49:23> [flow-log] OPEN SETTINGS MENU
<15:49:27> [flow-log] EXIT SETTINGS MENU
<15:49:28> [flow-log] DISPLAY MENU
<15:49:28> [flow-log] OPEN SETTINGS MENU
<15:49:39>     sys_spec = 3 []
<15:49:39>     sys_spec_full = 3 []
<15:49:39> [flow-log] OPEN SETTINGS MENU
<15:49:43> [flow-log] EXIT SETTINGS MENU
<15:50:19> BaseInput - Shutting down all force feedback
<15:50:19> ActionGame - Shutting down all force feedback
<15:50:20> CNetSyncSystem::~CNetSyncSystem & Crush?! packets_temp_bf(temp packet data buffs)
<15:50:21> CGame::~CGame()
<15:50:21> System:Quit
