BackupNameAttachment=" Build(0) 14 May 23 (06 37 12)"  -- used by backup system
Log Started at Sun May 14 06:37:12 2023
Built on Oct 13 2019 19:15:33
Running 64 bit Windows version
Command Line: "X:\SteamLibrary\steamapps\common\Pandemic Express\Bin/win_x64/PandemicExpress.exe"
Executable: X:\SteamLibrary\steamapps\common\Pandemic Express\Bin\win_x64\PandemicExpress.exe
FileVersion: 1.0.0.0
ProductVersion: 1.0.0.0
Added MOD directory <%engineroot%/engine> to CryPak

Total number of logical processors: 12
Number of available logical processors: 12
Total number of system cores: 6
Number of cores available to process: 6
 
Processor 0:
  CPU: AMD AMD Ryzen 5 3600 6-Core Processor              
  Family: 15, Model: 1, Stepping: 0
  FPU: On-Chip
  Features: FP16, SSE, SSE2, SSE3, SSE4.2, AVX, AVX2, FMA3
  Serial number not present or disabled
 
Processor 1:
  CPU: AMD AMD Ryzen 5 3600 6-Core Processor              
  Family: 15, Model: 1, Stepping: 0
  FPU: On-Chip
  Features: FP16, SSE, SSE2, SSE3, SSE4.2, AVX, AVX2, FMA3
  Serial number not present or disabled
 
Processor 2:
  CPU: AMD AMD Ryzen 5 3600 6-Core Processor              
  Family: 15, Model: 1, Stepping: 0
  FPU: On-Chip
  Features: FP16, SSE, SSE2, SSE3, SSE4.2, AVX, AVX2, FMA3
  Serial number not present or disabled
 
Processor 3:
  CPU: AMD AMD Ryzen 5 3600 6-Core Processor              
  Family: 15, Model: 1, Stepping: 0
  FPU: On-Chip
  Features: FP16, SSE, SSE2, SSE3, SSE4.2, AVX, AVX2, FMA3
  Serial number not present or disabled
 
Processor 4:
  CPU: AMD AMD Ryzen 5 3600 6-Core Processor              
  Family: 15, Model: 1, Stepping: 0
  FPU: On-Chip
  Features: FP16, SSE, SSE2, SSE3, SSE4.2, AVX, AVX2, FMA3
  Serial number not present or disabled
 
Processor 5:
  CPU: AMD AMD Ryzen 5 3600 6-Core Processor              
  Family: 15, Model: 1, Stepping: 0
  FPU: On-Chip
  Features: FP16, SSE, SSE2, SSE3, SSE4.2, AVX, AVX2, FMA3
  Serial number not present or disabled
 
<06:37:12> Loading Config file system.cfg (system.cfg)
<06:37:12> [Error] [CVARS]: [IGNORED CHANGE] variable [sys_version] from [] to [1.1.0.000.200116]; Marked as [VF_CHEAT]
<06:37:12> OnSysSpecChange(1)
<06:37:12> [Error] [CVARS]: [IGNORED CHANGE] variable [sys_asserts] from [0] to [0]; Marked as [VF_CHEAT]
<06:37:12> GameDir: DATA
<06:37:12> <ThreadConfigInfo>: Thread profile loaded: "pc_8" (config/engine_core.thread_config)  
<06:37:12> Windows 10 64 bit (build 10.0.22621)
<06:37:12> System language: English
<06:37:12> Windows Directory: "C:\WINDOWS"
<06:37:12> Local time is 06:37:12 05/14/23, system running for 142 minutes
<06:37:12> 16311MB physical memory installed, 10820MB available, 134217727MB virtual memory installed, 33 percent of memory in use
<06:37:12> PageFile usage: 114MB, Working Set: 131MB, Peak PageFile usage: 114MB,
<06:37:12> Current display mode is 2560x1440x32, (Unknown graphics card)
<06:37:12> IBM enhanced (101/102-key) keyboard and 32+ button mouse installed
<06:37:12> --------------------------------------------------------------------------------
<06:37:12> OnSysSpecChange(1)
<06:37:12> Loading Config file LowSpec.cfg (data\config\lowspec.cfg)
<06:37:12> [Error] [CVARS]: [MISSING] [mfx_Timeout] is not a registered console variable; referenced when testing console variable group [sys_spec_gameeffects] = [1]
<06:37:12> [Error] [CVARS]: [MISSING] [ca_AttachmentCullingRation] is not a registered console variable; referenced when testing console variable group [sys_spec_objectdetail] = [1]
<06:37:12> [Error] [CVARS]: [MISSING] [e_DecalsLifeTimeScale] is not a registered console variable; referenced when testing console variable group [sys_spec_objectdetail] = [1]
<06:37:12> [Error] [CVARS]: [MISSING] [e_LodRatio] is not a registered console variable; referenced when testing console variable group [sys_spec_objectdetail] = [1]
<06:37:12> [Error] [CVARS]: [MISSING] [e_MaxViewDistSpecLerp] is not a registered console variable; referenced when testing console variable group [sys_spec_objectdetail] = [1]
<06:37:12> [Error] [CVARS]: [MISSING] [e_MaxViewDistance] is not a registered console variable; referenced when testing console variable group [sys_spec_objectdetail] = [1]
<06:37:12> [Error] [CVARS]: [MISSING] [e_ObjQuality] is not a registered console variable; referenced when testing console variable group [sys_spec_objectdetail] = [1]
<06:37:12> [Error] [CVARS]: [MISSING] [e_TerrainOcclusionCullingMaxDist] is not a registered console variable; referenced when testing console variable group [sys_spec_objectdetail] = [1]
<06:37:12> [Error] [CVARS]: [MISSING] [e_VegetationMinSize] is not a registered console variable; referenced when testing console variable group [sys_spec_objectdetail] = [1]
<06:37:12> [Error] [CVARS]: [MISSING] [e_ViewDistRatio] is not a registered console variable; referenced when testing console variable group [sys_spec_objectdetail] = [1]
<06:37:12> [Error] [CVARS]: [MISSING] [e_ViewDistRatioCustom] is not a registered console variable; referenced when testing console variable group [sys_spec_objectdetail] = [1]
<06:37:12> [Error] [CVARS]: [MISSING] [e_ViewDistRatioDetail] is not a registered console variable; referenced when testing console variable group [sys_spec_objectdetail] = [1]
<06:37:12> [Error] [CVARS]: [MISSING] [e_ViewDistRatioLights] is not a registered console variable; referenced when testing console variable group [sys_spec_objectdetail] = [1]
<06:37:12> [Error] [CVARS]: [MISSING] [e_ViewDistRatioVegetation] is not a registered console variable; referenced when testing console variable group [sys_spec_objectdetail] = [1]
<06:37:12> [Error] [CVARS]: [MISSING] [es_DebrisLifetimeScale] is not a registered console variable; referenced when testing console variable group [sys_spec_objectdetail] = [1]
<06:37:12> [Error] [CVARS]: [MISSING] [e_DecalsOverlapping] is not a registered console variable; referenced when testing console variable group [sys_spec_objectdetail] = [1]
<06:37:12> [Error] [CVARS]: [MISSING] [e_LodMin] is not a registered console variable; referenced when testing console variable group [sys_spec_objectdetail] = [1]
<06:37:12> [Error] [CVARS]: [MISSING] [e_MergedMeshesInstanceDist] is not a registered console variable; referenced when testing console variable group [sys_spec_objectdetail] = [1]
<06:37:12> [Error] [CVARS]: [MISSING] [e_MergedMeshesPool] is not a registered console variable; referenced when testing console variable group [sys_spec_objectdetail] = [1]
<06:37:12> [Error] [CVARS]: [MISSING] [e_OcclusionCullingViewDistRatio] is not a registered console variable; referenced when testing console variable group [sys_spec_objectdetail] = [1]
<06:37:12> [Error] [CVARS]: [MISSING] [e_TerrainLodRatio] is not a registered console variable; referenced when testing console variable group [sys_spec_objectdetail] = [1]
<06:37:12> [Error] [CVARS]: [MISSING] [e_Tessellation] is not a registered console variable; referenced when testing console variable group [sys_spec_objectdetail] = [1]
<06:37:12> [Error] [CVARS]: [MISSING] [e_ViewDistMin] is not a registered console variable; referenced when testing console variable group [sys_spec_objectdetail] = [1]
<06:37:12> [Error] [CVARS]: [MISSING] [e_ParticlesMaxScreenFill] is not a registered console variable; referenced when testing console variable group [sys_spec_particles] = [1]
<06:37:12> [Error] [CVARS]: [MISSING] [e_ParticlesMinDrawPixels] is not a registered console variable; referenced when testing console variable group [sys_spec_particles] = [1]
<06:37:12> [Error] [CVARS]: [MISSING] [e_ParticlesObjectCollisions] is not a registered console variable; referenced when testing console variable group [sys_spec_particles] = [1]
<06:37:12> [Error] [CVARS]: [MISSING] [e_ParticlesQuality] is not a registered console variable; referenced when testing console variable group [sys_spec_particles] = [1]
<06:37:12> [Error] [CVARS]: [MISSING] [e_ParticlesMotionBlur] is not a registered console variable; referenced when testing console variable group [sys_spec_particles] = [1]
<06:37:12> [Error] [CVARS]: [MISSING] [e_CullVegActivation] is not a registered console variable; referenced when testing console variable group [sys_spec_physics] = [1]
<06:37:12> [Error] [CVARS]: [MISSING] [e_FoliageWindActivationDist] is not a registered console variable; referenced when testing console variable group [sys_spec_physics] = [1]
<06:37:12> [Error] [CVARS]: [MISSING] [e_PhysOceanCell] is not a registered console variable; referenced when testing console variable group [sys_spec_physics] = [1]
<06:37:12> [Error] [CVARS]: [MISSING] [es_MaxPhysDist] is not a registered console variable; referenced when testing console variable group [sys_spec_physics] = [1]
<06:37:12> [Error] [CVARS]: [MISSING] [es_MaxPhysDistInvisible] is not a registered console variable; referenced when testing console variable group [sys_spec_physics] = [1]
<06:37:12> [Error] [CVARS]: [MISSING] [g_breakage_particles_limit] is not a registered console variable; referenced when testing console variable group [sys_spec_physics] = [1]
<06:37:12> [Error] [CVARS]: [MISSING] [g_tree_cut_reuse_dist] is not a registered console variable; referenced when testing console variable group [sys_spec_physics] = [1]
<06:37:12> [Error] [CVARS]: [MISSING] [p_max_MC_iters] is not a registered console variable; referenced when testing console variable group [sys_spec_physics] = [1]
<06:37:12> [Error] [CVARS]: [MISSING] [p_max_substeps] is not a registered console variable; referenced when testing console variable group [sys_spec_physics] = [1]
<06:37:12> [Error] [CVARS]: [MISSING] [e_PhysProxyTriLimit] is not a registered console variable; referenced when testing console variable group [sys_spec_physics] = [1]
<06:37:12> [Error] [CVARS]: [MISSING] [p_max_object_splashes] is not a registered console variable; referenced when testing console variable group [sys_spec_physics] = [1]
<06:37:12> [Error] [CVARS]: [MISSING] [p_max_substeps_large_group] is not a registered console variable; referenced when testing console variable group [sys_spec_physics] = [1]
<06:37:12> [Error] [CVARS]: [MISSING] [p_num_bodies_large_group] is not a registered console variable; referenced when testing console variable group [sys_spec_physics] = [1]
<06:37:12> [Error] [CVARS]: [MISSING] [p_splash_dist0] is not a registered console variable; referenced when testing console variable group [sys_spec_physics] = [1]
<06:37:12> [Error] [CVARS]: [MISSING] [p_splash_dist1] is not a registered console variable; referenced when testing console variable group [sys_spec_physics] = [1]
<06:37:12> [Error] [CVARS]: [MISSING] [p_splash_force0] is not a registered console variable; referenced when testing console variable group [sys_spec_physics] = [1]
<06:37:12> [Error] [CVARS]: [MISSING] [p_splash_force1] is not a registered console variable; referenced when testing console variable group [sys_spec_physics] = [1]
<06:37:12> [Error] [CVARS]: [MISSING] [p_splash_vel0] is not a registered console variable; referenced when testing console variable group [sys_spec_physics] = [1]
<06:37:12> [Error] [CVARS]: [MISSING] [p_splash_vel1] is not a registered console variable; referenced when testing console variable group [sys_spec_physics] = [1]
<06:37:12> [Error] [CVARS]: [MISSING] [e_DynamicLightsMaxEntityLights] is not a registered console variable; referenced when testing console variable group [sys_spec_shading] = [1]
<06:37:12> [Error] [CVARS]: [MISSING] [e_SkyUpdateRate] is not a registered console variable; referenced when testing console variable group [sys_spec_shading] = [1]
<06:37:12> [Error] [CVARS]: [MISSING] [e_svoTI_Apply] is not a registered console variable; referenced when testing console variable group [sys_spec_shading] = [1]
<06:37:12> [Error] [CVARS]: [MISSING] [e_svoTI_RsmConeMaxLength] is not a registered console variable; referenced when testing console variable group [sys_spec_shading] = [1]
<06:37:12> [Error] [CVARS]: [MISSING] [e_svoTI_RsmUseColors] is not a registered console variable; referenced when testing console variable group [sys_spec_shading] = [1]
<06:37:12> [Error] [CVARS]: [MISSING] [e_svoTi_Active] is not a registered console variable; referenced when testing console variable group [sys_spec_shading] = [1]
<06:37:12> [Error] [CVARS]: [MISSING] [e_svoti_LowSpecMode] is not a registered console variable; referenced when testing console variable group [sys_spec_shading] = [1]
<06:37:12> [Error] [CVARS]: [MISSING] [e_LightVolumes] is not a registered console variable; referenced when testing console variable group [sys_spec_shading] = [1]
<06:37:12> [Error] [CVARS]: [MISSING] [e_VegetationUseTerrainColor] is not a registered console variable; referenced when testing console variable group [sys_spec_shading] = [1]
<06:37:12> [Error] [CVARS]: [MISSING] [e_GsmLodsNum] is not a registered console variable; referenced when testing console variable group [sys_spec_shadows] = [1]
<06:37:12> [Error] [CVARS]: [MISSING] [e_GsmRange] is not a registered console variable; referenced when testing console variable group [sys_spec_shadows] = [1]
<06:37:12> [Error] [CVARS]: [MISSING] [e_ObjShadowCastSpec] is not a registered console variable; referenced when testing console variable group [sys_spec_shadows] = [1]
<06:37:12> [Error] [CVARS]: [MISSING] [e_ParticlesShadows] is not a registered console variable; referenced when testing console variable group [sys_spec_shadows] = [1]
<06:37:12> [Error] [CVARS]: [MISSING] [e_Shadows] is not a registered console variable; referenced when testing console variable group [sys_spec_shadows] = [1]
<06:37:12> [Error] [CVARS]: [MISSING] [e_ShadowsBlendCascades] is not a registered console variable; referenced when testing console variable group [sys_spec_shadows] = [1]
<06:37:12> [Error] [CVARS]: [MISSING] [e_ShadowsCastViewDistRatio] is not a registered console variable; referenced when testing console variable group [sys_spec_shadows] = [1]
<06:37:12> [Error] [CVARS]: [MISSING] [e_ShadowsLodBiasFixed] is not a registered console variable; referenced when testing console variable group [sys_spec_shadows] = [1]
<06:37:12> [Error] [CVARS]: [MISSING] [e_ShadowsMaxTexRes] is not a registered console variable; referenced when testing console variable group [sys_spec_shadows] = [1]
<06:37:12> [Error] [CVARS]: [MISSING] [e_ShadowsPoolSize] is not a registered console variable; referenced when testing console variable group [sys_spec_shadows] = [1]
<06:37:12> [Error] [CVARS]: [MISSING] [e_ShadowsResScale] is not a registered console variable; referenced when testing console variable group [sys_spec_shadows] = [1]
<06:37:12> [Error] [CVARS]: [MISSING] [e_ShadowsTessellateCascades] is not a registered console variable; referenced when testing console variable group [sys_spec_shadows] = [1]
<06:37:12> [Error] [CVARS]: [MISSING] [e_ShadowsTessellateDLights] is not a registered console variable; referenced when testing console variable group [sys_spec_shadows] = [1]
<06:37:12> [Error] [CVARS]: [MISSING] [e_ShadowsUpdateViewDistRatio] is not a registered console variable; referenced when testing console variable group [sys_spec_shadows] = [1]
<06:37:12> [Error] [CVARS]: [MISSING] [e_VolumetricFog] is not a registered console variable; referenced when testing console variable group [sys_spec_volumetriceffects] = [1]
<06:37:12> [Error] [CVARS]: [MISSING] [e_fog] is not a registered console variable; referenced when testing console variable group [sys_spec_volumetriceffects] = [1]
<06:37:12> [Error] [CVARS]: [MISSING] [e_Clouds] is not a registered console variable; referenced when testing console variable group [sys_spec_volumetriceffects] = [1]
<06:37:12> [Error] [CVARS]: [MISSING] [e_WaterOceanFFT] is not a registered console variable; referenced when testing console variable group [sys_spec_water] = [1]
<06:37:12> [Error] [CVARS]: [MISSING] [e_WaterTessellationAmount] is not a registered console variable; referenced when testing console variable group [sys_spec_water] = [1]
<06:37:12> [Error] [CVARS]: [MISSING] [e_WaterTessellationAmountX] is not a registered console variable; referenced when testing console variable group [sys_spec_water] = [1]
<06:37:12> [Error] [CVARS]: [MISSING] [e_WaterTessellationAmountY] is not a registered console variable; referenced when testing console variable group [sys_spec_water] = [1]
<06:37:12> [Error] [CVARS]: [MISSING] [e_WaterTessellationSwathWidth] is not a registered console variable; referenced when testing console variable group [sys_spec_water] = [1]
<06:37:12> Loading Config file game.cfg (data\game.cfg)
<06:37:12> [Warning] [CVARS]: [CHANGED] variable [sys_asserts] from [0] to [0]; Marked as [VF_CHEAT]
<06:37:12> [Warning] Modifying marked variables will not be allowed in Release mode!
<06:37:12> Stream Engine Initialization
<06:37:12> GameName: Pandemic Express
<06:37:12> BuildTime: Oct 13 2019 19:15:33
<06:37:12> Physics initialization
<06:37:12> Localized language content(english) not available or modified from the original installation.
<06:37:12> Localized language content(english) not available or modified from the original installation.
<06:37:12> Localized language content(english) not available or modified from the original installation.
<06:37:12> <Audio>: AudioSystem initialization
<06:37:12> <Audio> <0.557>: CryAudioImplWwise loaded
<06:37:13> Renderer initialization
<06:37:14> Logging video adapters:
<06:37:15> - NVIDIA GeForce RTX 3070 (vendor = 0x10de, device = 0x2484)
<06:37:15>   - Adapter index: 0
<06:37:15>   - Dedicated video memory: 8032 MB
<06:37:15>   - Feature level: DX11 (SM 5.0)
<06:37:15>   - Displays connected: yes
<06:37:15>   - Suitable rendering device: yes
<06:37:15> - Microsoft Basic Render Driver (vendor = 0x1414, device = 0x008c)
<06:37:15>   - Adapter index: 1
<06:37:15>   - Dedicated video memory: 0 MB
<06:37:15>   - Feature level: DX11 (SM 5.0)
<06:37:15>   - Displays connected: no
<06:37:15>   - Suitable rendering device: no
<06:37:17> Active GPUs: 1
<06:37:17> [Renderer] A display device has been connected to the system
<06:37:17> Loading plugin CryDefaultEntities
<06:37:17> Loading plugin CrySchematycCore
<06:37:17> DLL Failed to load, error code: 7E
<06:37:17> Loading plugin CrySchematycSTDEnv
<06:37:17> DLL Failed to load, error code: 7E
<06:37:17> Loading plugin CrySensorSystem
<06:37:17> DLL Failed to load, error code: 7E
<06:37:17> Loading extension file cryplugin.csv
<06:37:17> Loading plugin ProcAnRandGenerator.dll
<06:37:17> Loading plugin PlayFab.dll
<06:37:17> Loading plugin CEVPlayer.dll
<06:37:17> Font initialization
<06:37:17> Using FreeType 2.5.5
<06:37:19> Network initialization
<06:37:19> [net] Socket IO management: External [iocp], Internal [iocp]
<06:37:19> network hostname: jasper-pc
<06:37:19>   ip:192.168.20.23
<06:37:19> [Network Version]: PROFILE DEVELOPMENT BUILD
<06:37:19> MovieSystem initialization
<06:37:19> Console initialization
<06:37:19> Time initialization
<06:37:19> Input initialization
<06:37:19> AI initialization
<06:37:19>  
<06:37:19>     con_debug = 0 []
<06:37:19>     con_display_last_messages = 0 []
<06:37:19>     con_line_buffer_size = 1000 []
<06:37:19>     con_restricted = 0 [RESTRICTEDMODE]
<06:37:19>     con_showonload = 0 []
<06:37:19>  
<06:37:19>     con_debug = 0 []
<06:37:19>     con_display_last_messages = 0 []
<06:37:19>     con_line_buffer_size = 1000 []
<06:37:19>     con_restricted = 0 [RESTRICTEDMODE]
<06:37:19>     con_showonload = 0 []
<06:37:19>  
<06:37:19>     con_debug = 0 []
<06:37:19>  
<06:37:19>     con_debug = 0 []
<06:37:19> Initializing Animation System
<06:37:19> Initializing 3D Engine
<06:37:19> Script System Initialization
<06:37:19> Entity system initialization
<06:37:19> Initializing AI System
<06:37:20> Initializing additional systems
<06:37:20> Dynamic Response System initialization
<06:37:20> DLL Failed to load, error code: 7E
<06:37:20> No Dynamic Response System was loaded from a module, will use the NULL implementation.
<06:37:20> [Steam] Steam API initialized successfully
<06:37:21> <ThreadConfigInfo>: [XML Parsing] Thread with name "Main" already loaded. Overriding with new configuration
<06:37:21> <ThreadConfigInfo>: [XML Parsing] Thread with name "Network" already loaded. Overriding with new configuration
<06:37:21> <ThreadConfigInfo>: [XML Parsing] Thread with name "NetworkStallTicker" already loaded. Overriding with new configuration
<06:37:21> <ThreadConfigInfo>: [XML Parsing] Thread with name "ZLibCompressor" already loaded. Overriding with new configuration
<06:37:21> <ThreadConfigInfo>: [XML Parsing] Thread with name "NetworkStallTicker" already loaded. Overriding with new configuration
<06:37:21> <ThreadConfigInfo>: [XML Parsing] Thread with name "ZLibCompressor" already loaded. Overriding with new configuration
<06:37:21> <ThreadConfigInfo>: [XML Parsing] Thread with name "TelemetryCopier" already loaded. Overriding with new configuration
<06:37:21> <ThreadConfigInfo>: [XML Parsing] Thread with name "StatsAgent" already loaded. Overriding with new configuration
<06:37:21> <ThreadConfigInfo>: Thread profile loaded: "pc_8" (config/game.thread_config)  
<06:37:21> Initializing default materials...
<06:37:27> [MFX] Loading FXLib 'breakables' ...
<06:37:27> [MFX] Loading FXLib 'collisions' ...
<06:37:27> [MFX] Loading FXLib 'foley' ...
<06:37:27> [MFX] Loading FXLib 'foley_grunt' ...
<06:37:27> [MFX] Loading FXLib 'foley_player' ...
<06:37:27> [MFX] Loading FXLib 'footstep_grunt' ...
<06:37:27> [MFX] Loading FXLib 'footstep_player' ...
<06:37:27> [MFX] Loading FXLib 'footsteps' ...
<06:37:27> [MFX] Loading FXLib 'grenade' ...
<06:37:27> [MFX] Loading FXLib 'melee' ...
<06:37:27> [MFX] Loading FXLib 'player_fx' ...
<06:37:27> [MFX] Loading FXLib 'projectiles' ...
<06:37:27> [MFX] Loading FXLib 'tornado' ...
<06:37:27> [MFX] Loading FXLib 'vegetation' ...
<06:37:27> [MFX] Loading FXLib 'vehicles' ...
<06:37:27> [MFX] Loading FXLib 'breakables' ...
<06:37:27> [MFX] Loading FXLib 'collisions' ...
<06:37:27> [MFX] Loading FXLib 'foley' ...
<06:37:27> [MFX] Loading FXLib 'foley_grunt' ...
<06:37:27> [MFX] Loading FXLib 'foley_player' ...
<06:37:27> [MFX] Loading FXLib 'footstep_grunt' ...
<06:37:27> [MFX] Loading FXLib 'footstep_player' ...
<06:37:27> [MFX] Loading FXLib 'footsteps' ...
<06:37:27> [MFX] Loading FXLib 'grenade' ...
<06:37:27> [MFX] Loading FXLib 'melee' ...
<06:37:27> [MFX] Loading FXLib 'player_fx' ...
<06:37:27> [MFX] Loading FXLib 'projectiles' ...
<06:37:27> [MFX] Loading FXLib 'tornado' ...
<06:37:27> [MFX] Loading FXLib 'vegetation' ...
<06:37:27> [MFX] Loading FXLib 'vehicles' ...
<06:37:27> Creating socket on port 2838
<06:37:27> CreateDatagramSocket c1
<06:37:27> CreateDatagramSocket c2
<06:37:51> CreateDatagramSocket c1
<06:37:55> Game rules class: InstantAction
<06:37:55> ============================ PrepareLevel Multiplayer/Purgatorium_Esc ============================
<06:38:19> CryAnimation: character-definition not found: objects/characters/human/sdk_player/sdk_player.cdf
<06:38:19> CryAnimation: character-definition not found: objects/characters/human/sdk_player/sdk_player.cdf
<06:38:19> CryAnimation: character-definition not found: objects/characters/human/sdk_player/sdk_player.cdf
<06:38:19> CryAnimation: character-definition not found: objects/characters/human/sdk_player/sdk_player.cdf
<06:38:19> CryAnimation: character-definition not found: objects/characters/human/sdk_player/sdk_player.cdf
<06:38:19> CryAnimation: character-definition not found: objects/characters/human/sdk_player/sdk_player.cdf
<06:38:19> CryAnimation: character-definition not found: objects/characters/human/sdk_player/sdk_player.cdf
<06:38:19> CryAnimation: character-definition not found: objects/characters/human/sdk_player/sdk_player.cdf
<06:38:19> CryAnimation: character-definition not found: objects/characters/human/sdk_player/sdk_player.cdf
<06:38:19> CryAnimation: character-definition not found: objects/characters/human/sdk_player/sdk_player.cdf
<06:38:19> CryAnimation: character-definition not found: objects/characters/human/sdk_player/sdk_player.cdf
<06:38:19> CryAnimation: character-definition not found: objects/characters/human/sdk_player/sdk_player.cdf
<06:38:19> CryAnimation: character-definition not found: objects/characters/human/sdk_player/sdk_player.cdf
<06:38:19> CryAnimation: character-definition not found: objects/characters/human/sdk_player/sdk_player.cdf
<06:38:19> CryAnimation: character-definition not found: objects/characters/human/sdk_player/sdk_player.cdf
<06:38:19> CryAnimation: character-definition not found: objects/characters/human/sdk_player/sdk_player.cdf
<06:38:19> CryAnimation: character-definition not found: objects/characters/human/sdk_player/sdk_player.cdf
<06:38:19> CryAnimation: character-definition not found: objects/characters/human/sdk_player/sdk_player.cdf
<06:38:19> CryAnimation: character-definition not found: objects/characters/human/sdk_player/sdk_player.cdf
<06:38:19> CryAnimation: character-definition not found: objects/characters/human/sdk_player/sdk_player.cdf
<06:38:19> CryAnimation: character-definition not found: objects/characters/human/sdk_player/sdk_player.cdf
<06:38:19> CryAnimation: character-definition not found: objects/characters/human/sdk_player/sdk_player.cdf
<06:38:19> CryAnimation: character-definition not found: objects/characters/human/sdk_player/sdk_player.cdf
<06:38:19> CryAnimation: character-definition not found: objects/characters/human/sdk_player/sdk_player.cdf
<06:38:19> CryAnimation: character-definition not found: objects/characters/human/sdk_player/sdk_player.cdf
<06:38:19> CryAnimation: character-definition not found: objects/characters/human/sdk_player/sdk_player.cdf
<06:38:19> CryAnimation: character-definition not found: objects/characters/human/sdk_player/sdk_player.cdf
<06:38:19> CryAnimation: character-definition not found: objects/characters/human/sdk_player/sdk_player.cdf
<06:38:19> CryAnimation: character-definition not found: objects/characters/human/sdk_player/sdk_player.cdf
<06:38:19> CryAnimation: character-definition not found: objects/characters/human/sdk_player/sdk_player.cdf
<06:38:20> CryAnimation: character-definition not found: objects/characters/human/sdk_player/sdk_player.cdf
<06:38:20> CryAnimation: character-definition not found: objects/characters/human/sdk_player/sdk_player.cdf
<06:38:20> CryAnimation: character-definition not found: objects/characters/human/sdk_player/sdk_player.cdf
<06:38:24> CryAnimation: character-definition not found: objects/characters/human/sdk_player/sdk_player.cdf
<06:38:24> CryAnimation: character-definition not found: objects/characters/human/sdk_player/sdk_player.cdf
<06:38:24> CryAnimation: character-definition not found: objects/characters/human/sdk_player/sdk_player.cdf
<06:38:26> PLAYERNAME Kornflakes
<06:38:26> CryAnimation: character-definition not found: objects/characters/man.cdf
<06:38:26> CryAnimation: character-definition not found: objects/characters/human/sdk_player/sdk_player.cdf
<06:38:26> CryAnimation: character-definition not found: objects/characters/human/sdk_player/sdk_player.cdf
<06:38:26> CryAnimation: character-definition not found: objects/characters/human/sdk_player/sdk_player.cdf
<06:38:46>     sys_spec = 1 []
<06:38:46>     sys_spec_full = 1 []
<06:40:49> CryAnimation: character-definition not found: objects/characters/human/sdk_player/sdk_player.cdf
<06:40:49> CryAnimation: character-definition not found: objects/characters/human/sdk_player/sdk_player.cdf
<06:40:49> CryAnimation: character-definition not found: objects/characters/human/sdk_player/sdk_player.cdf
<06:41:26> CVehicleSeat::NetSetPassengerId c2
<06:41:26> CVehicleSeat::Enter called
<06:41:56> CVehicleSeat::Exit called
<06:41:56> CVehicleSeat::Exit called c2
<06:41:56> ClProcessLeave call
<06:42:30> CVehicleSeat::NetSetPassengerId c2
<06:42:30> CVehicleSeat::Enter called
<06:42:33> CVehicleSeat::NetSetPassengerId c2
<06:42:33> CVehicleSeat::Exit called
<06:42:33> CVehicleSeat::Exit called c2
<06:42:33> CVehicleSeat::NetSetPassengerId c2
<06:42:33> CVehicleSeat::Enter called
<06:42:34> CVehicleSeat::NetSetPassengerId c2
<06:42:34> CVehicleSeat::Exit called
<06:42:34> CVehicleSeat::Exit called c2
<06:42:34> CVehicleSeat::NetSetPassengerId c2
<06:42:34> CVehicleSeat::Enter called
<06:42:34> CVehicleSeat::NetSetPassengerId c2
<06:42:34> CVehicleSeat::Exit called
<06:42:34> CVehicleSeat::Exit called c2
<06:42:34> CVehicleSeat::NetSetPassengerId c2
<06:42:34> CVehicleSeat::Enter called
<06:42:34> CVehicleSeat::NetSetPassengerId c2
<06:42:34> CVehicleSeat::Exit called
<06:42:34> CVehicleSeat::Exit called c2
<06:42:34> CVehicleSeat::NetSetPassengerId c2
<06:42:34> CVehicleSeat::Enter called
<06:42:34> CVehicleSeat::NetSetPassengerId c2
<06:42:34> CVehicleSeat::Exit called
<06:42:34> CVehicleSeat::Exit called c2
<06:42:34> CVehicleSeat::NetSetPassengerId c2
<06:42:34> CVehicleSeat::Enter called
<06:42:35> CVehicleSeat::NetSetPassengerId c2
<06:42:35> CVehicleSeat::NetSetPassengerId c2
<06:42:35> CVehicleSeat::Exit called
<06:42:35> CVehicleSeat::Exit called c2
<06:42:35> CVehicleSeat::Enter called
<06:42:35> CVehicleSeat::Exit called
<06:42:35> CVehicleSeat::Exit called c2
<06:42:35> ClProcessLeave call
<06:45:36> d_prerec_msg 
<06:45:38> d_prerec_msg 
<06:45:42> d_prerec_msg 
<06:45:43> d_prerec_msg 
<06:45:51> sed_prerec_msg 
<06:45:52> CHUDNv::showPickArmorGradient()
<06:45:53> sed_prerec_msg 
<06:45:54> used_prerec_msg 
<06:46:02> CHUDNv::showPickArmorGradient()
<06:46:16> sed_prerec_msg 
<06:48:16> CTrain::SmplPlaySnd train_gts
<06:49:01> CTrain::SmplPlaySnd train_gts
<06:49:19> CTrain::SmplPlaySnd train_gts
<06:49:48> CTrain::SmplPlaySnd train_gts
<06:51:05> gEnv->pRenderer->Draw2dImage XXX
<06:51:07> remapped bone indices with refcount '4294967291' still around for 'objects/zhg_objects/characters/conserve/conserve_body.skin 0x000001F8C222C660
<06:51:07> remapped bone indices with refcount '4294967291' still around for 'objects/zhg_objects/characters/conserve/conserve_body.skin 0x000001F8C222CCA0
<06:51:07> remapped bone indices with refcount '4294967291' still around for 'objects/zhg_objects/characters/conserve/conserve_body.skin 0x000001F8C222C980
<06:53:15> CreateDatagramSocket c1
<06:53:19> ============================ PrepareLevel multiplayer/Purgatorium_Esc_Cw ============================
<06:53:19> Game rules class: InstantAction
<06:53:19> Initializing default materials...
<06:53:24> [MFX] Loading FXLib 'breakables' ...
<06:53:24> [MFX] Loading FXLib 'collisions' ...
<06:53:24> [MFX] Loading FXLib 'foley' ...
<06:53:24> [MFX] Loading FXLib 'foley_grunt' ...
<06:53:24> [MFX] Loading FXLib 'foley_player' ...
<06:53:24> [MFX] Loading FXLib 'footstep_grunt' ...
<06:53:24> [MFX] Loading FXLib 'footstep_player' ...
<06:53:24> [MFX] Loading FXLib 'footsteps' ...
<06:53:24> [MFX] Loading FXLib 'grenade' ...
<06:53:24> [MFX] Loading FXLib 'melee' ...
<06:53:24> [MFX] Loading FXLib 'player_fx' ...
<06:53:24> [MFX] Loading FXLib 'projectiles' ...
<06:53:24> [MFX] Loading FXLib 'tornado' ...
<06:53:24> [MFX] Loading FXLib 'vegetation' ...
<06:53:24> [MFX] Loading FXLib 'vehicles' ...
<06:53:47> CryAnimation: character-definition not found: objects/characters/human/sdk_player/sdk_player.cdf
<06:53:47> CryAnimation: character-definition not found: objects/characters/human/sdk_player/sdk_player.cdf
<06:53:47> CryAnimation: character-definition not found: objects/characters/human/sdk_player/sdk_player.cdf
<06:53:47> CryAnimation: character-definition not found: objects/characters/human/sdk_player/sdk_player.cdf
<06:53:47> CryAnimation: character-definition not found: objects/characters/human/sdk_player/sdk_player.cdf
<06:53:47> CryAnimation: character-definition not found: objects/characters/human/sdk_player/sdk_player.cdf
<06:53:47> CryAnimation: character-definition not found: objects/characters/human/sdk_player/sdk_player.cdf
<06:53:47> CryAnimation: character-definition not found: objects/characters/human/sdk_player/sdk_player.cdf
<06:53:47> CryAnimation: character-definition not found: objects/characters/human/sdk_player/sdk_player.cdf
<06:53:47> CryAnimation: character-definition not found: objects/characters/human/sdk_player/sdk_player.cdf
<06:53:47> CryAnimation: character-definition not found: objects/characters/human/sdk_player/sdk_player.cdf
<06:53:47> CryAnimation: character-definition not found: objects/characters/human/sdk_player/sdk_player.cdf
<06:53:47> CryAnimation: character-definition not found: objects/characters/human/sdk_player/sdk_player.cdf
<06:53:47> CryAnimation: character-definition not found: objects/characters/human/sdk_player/sdk_player.cdf
<06:53:47> CryAnimation: character-definition not found: objects/characters/human/sdk_player/sdk_player.cdf
<06:53:47> CryAnimation: character-definition not found: objects/characters/human/sdk_player/sdk_player.cdf
<06:53:47> CryAnimation: character-definition not found: objects/characters/human/sdk_player/sdk_player.cdf
<06:53:47> CryAnimation: character-definition not found: objects/characters/human/sdk_player/sdk_player.cdf
<06:53:48> CryAnimation: character-definition not found: objects/characters/human/sdk_player/sdk_player.cdf
<06:53:48> CryAnimation: character-definition not found: objects/characters/human/sdk_player/sdk_player.cdf
<06:53:48> CryAnimation: character-definition not found: objects/characters/human/sdk_player/sdk_player.cdf
<06:53:48> CryAnimation: character-definition not found: objects/characters/human/sdk_player/sdk_player.cdf
<06:53:48> CryAnimation: character-definition not found: objects/characters/human/sdk_player/sdk_player.cdf
<06:53:48> CryAnimation: character-definition not found: objects/characters/human/sdk_player/sdk_player.cdf
<06:53:48> CryAnimation: character-definition not found: objects/characters/human/sdk_player/sdk_player.cdf
<06:53:48> CryAnimation: character-definition not found: objects/characters/human/sdk_player/sdk_player.cdf
<06:53:48> CryAnimation: character-definition not found: objects/characters/human/sdk_player/sdk_player.cdf
<06:53:48> CryAnimation: character-definition not found: objects/characters/human/sdk_player/sdk_player.cdf
<06:53:48> CryAnimation: character-definition not found: objects/characters/human/sdk_player/sdk_player.cdf
<06:53:48> CryAnimation: character-definition not found: objects/characters/human/sdk_player/sdk_player.cdf
<06:53:48> CryAnimation: character-definition not found: objects/characters/human/sdk_player/sdk_player.cdf
<06:53:48> CryAnimation: character-definition not found: objects/characters/human/sdk_player/sdk_player.cdf
<06:53:48> CryAnimation: character-definition not found: objects/characters/human/sdk_player/sdk_player.cdf
<06:53:49> d_prerec_msg 
<06:53:49> d_prerec_msg 
<06:53:51> CryAnimation: character-definition not found: objects/characters/human/sdk_player/sdk_player.cdf
<06:53:51> CryAnimation: character-definition not found: objects/characters/human/sdk_player/sdk_player.cdf
<06:53:51> CryAnimation: character-definition not found: objects/characters/human/sdk_player/sdk_player.cdf
<06:53:53> CryAnimation: character-definition not found: objects/characters/human/sdk_player/sdk_player.cdf
<06:53:53> CryAnimation: character-definition not found: objects/characters/human/sdk_player/sdk_player.cdf
<06:53:53> CryAnimation: character-definition not found: objects/characters/human/sdk_player/sdk_player.cdf
<06:53:55> PLAYERNAME Kornflakes
<06:53:55> CryAnimation: character-definition not found: objects/characters/man.cdf
<06:53:56> CryAnimation: character-definition not found: objects/characters/human/sdk_player/sdk_player.cdf
<06:53:56> CryAnimation: character-definition not found: objects/characters/human/sdk_player/sdk_player.cdf
<06:53:56> CryAnimation: character-definition not found: objects/characters/human/sdk_player/sdk_player.cdf
<06:53:57> ast_used_prerec_msg 
<06:54:01> ast_used_prerec_msg 
<06:54:03> ast_used_prerec_msg 
<06:55:10> CVehicleSeat::NetSetPassengerId c2
<06:55:10> CVehicleSeat::Enter called
<06:55:12> CVehicleSeat::NetSetPassengerId c2
<06:55:12> CVehicleSeat::Enter called
<06:55:24> CVehicleSeat::Exit called
<06:55:24> CVehicleSeat::Exit called c2
<06:55:24> ClProcessLeave call
<06:55:25> CVehicleSeat::Exit called
<06:55:25> CVehicleSeat::Exit called c2
<06:55:25> ClProcessLeave call
<06:55:27> CVehicleSeat::NetSetPassengerId c2
<06:55:27> CVehicleSeat::Enter called
<06:55:27> CVehicleSeat::NetSetPassengerId c2
<06:55:27> CVehicleSeat::Enter called
<06:55:44> CVehicleSeat::NetSetPassengerId c2
<06:55:44> CVehicleSeat::Exit called
<06:55:44> CVehicleSeat::Exit called c2
<06:55:44> CVehicleSeat::NetSetPassengerId c2
<06:55:44> CVehicleSeat::Enter called
<06:55:44> CVehicleSeat::NetSetPassengerId c2
<06:55:44> CVehicleSeat::Exit called
<06:55:44> CVehicleSeat::Exit called c2
<06:55:44> CVehicleSeat::NetSetPassengerId c2
<06:55:44> CVehicleSeat::Enter called
<06:55:45> CVehicleSeat::NetSetPassengerId c2
<06:55:45> CVehicleSeat::Exit called
<06:55:45> CVehicleSeat::Exit called c2
<06:55:45> CVehicleSeat::NetSetPassengerId c2
<06:55:45> CVehicleSeat::Enter called
<06:55:45> CVehicleSeat::NetSetPassengerId c2
<06:55:45> CVehicleSeat::Exit called
<06:55:45> CVehicleSeat::Exit called c2
<06:55:45> CVehicleSeat::NetSetPassengerId c2
<06:55:45> CVehicleSeat::Enter called
<06:55:45> CVehicleSeat::Exit called
<06:55:45> CVehicleSeat::Exit called c2
<06:55:45> ClProcessLeave call
<06:55:46> CVehicleSeat::Exit called
<06:55:46> CVehicleSeat::Exit called c2
<06:55:46> ClProcessLeave call
<06:55:46> d_prerec_msg 
<06:55:56> d_prerec_msg 
<06:55:58> d_prerec_msg 
<06:56:02> ast_used_prerec_msg 
<06:56:35> t_used_prerec_msg 
<06:57:40> rerec_msg 
<06:57:41> d_prerec_msg 
<06:59:30> CryAnimation: character-definition not found: objects/characters/human/sdk_player/sdk_player.cdf
<06:59:30> CryAnimation: character-definition not found: objects/characters/human/sdk_player/sdk_player.cdf
<06:59:30> CryAnimation: character-definition not found: objects/characters/human/sdk_player/sdk_player.cdf
<07:01:20> d_prerec_msg 
<07:01:55> d_prerec_msg 
<07:02:09> d_prerec_msg 
<07:02:11> d_prerec_msg 
<07:02:41> ast_used_prerec_msg 
<07:03:38> d_prerec_msg 
<07:03:41> _used_prerec_msg 
<07:03:52> d_prerec_msg 
<07:04:24> sed_prerec_msg 
<07:05:46> d_prerec_msg 
<07:05:59> gEnv->pRenderer->Draw2dImage XXX
<07:06:01> remapped bone indices with refcount '4294967290' still around for 'objects/zhg_objects/characters/sets/vanityset/vanityset_torso.skin 0x000001F91B8056C0
<07:06:01> remapped bone indices with refcount '4294967290' still around for 'objects/zhg_objects/characters/sets/vanityset/vanityset_torso.skin 0x000001F91B83E420
<07:06:01> remapped bone indices with refcount '4294967290' still around for 'objects/zhg_objects/characters/sets/vanityset/vanityset_torso.skin 0x000001F91B83DAC0
<07:06:01> remapped bone indices with refcount '4294967290' still around for 'objects/zhg_objects/characters/sets/vanityset/vanityset_pants.skin 0x000001F91B83E100
<07:06:01> remapped bone indices with refcount '4294967290' still around for 'objects/zhg_objects/characters/sets/vanityset/vanityset_pants.skin 0x000001F91B83D480
<07:06:01> remapped bone indices with refcount '4294967290' still around for 'objects/zhg_objects/characters/sets/vanityset/vanityset_pants.skin 0x000001F91B83DDE0
<07:06:01> remapped bone indices with refcount '4294967290' still around for 'objects/zhg_objects/characters/sets/vanityset/vanityset_head.skin 0x000001F91B83D160
<07:06:01> remapped bone indices with refcount '4294967290' still around for 'objects/zhg_objects/characters/sets/vanityset/vanityset_head.skin 0x000001F91B83EA60
<07:06:01> remapped bone indices with refcount '4294967290' still around for 'objects/zhg_objects/characters/sets/vanityset/vanityset_head.skin 0x000001F91B83E740
<07:06:01> remapped bone indices with refcount '4294967290' still around for 'objects/zhg_objects/characters/sets/safetyset/safetyset_head.skin 0x000001F91B83CE40
<07:06:01> remapped bone indices with refcount '4294967290' still around for 'objects/zhg_objects/characters/sets/safetyset/safetyset_head.skin 0x000001F91B83CB20
<07:06:01> remapped bone indices with refcount '4294967290' still around for 'objects/zhg_objects/characters/sets/safetyset/safetyset_head.skin 0x000001F91B83BB80
<07:06:01> remapped bone indices with refcount '4294967276' still around for 'objects/zhg_objects/characters/sets/rebellionset/rebellionset_torso.skin 0x000001F91B83C4E0
<07:06:01> remapped bone indices with refcount '4294967276' still around for 'objects/zhg_objects/characters/sets/rebellionset/rebellionset_torso.skin 0x000001F91B83BEA0
<07:06:01> remapped bone indices with refcount '4294967276' still around for 'objects/zhg_objects/characters/sets/rebellionset/rebellionset_torso.skin 0x000001F91B83C800
<07:06:01> remapped bone indices with refcount '4294967283' still around for 'objects/zhg_objects/characters/sets/rebellionset/rebellionset_pants.skin 0x000001F91B83B860
<07:06:01> remapped bone indices with refcount '4294967283' still around for 'objects/zhg_objects/characters/sets/rebellionset/rebellionset_pants.skin 0x000001F91B83B220
<07:06:01> remapped bone indices with refcount '4294967283' still around for 'objects/zhg_objects/characters/sets/rebellionset/rebellionset_pants.skin 0x000001F91B83A8C0
<07:06:01> remapped bone indices with refcount '4294967290' still around for 'objects/zhg_objects/characters/sets/rebellionset/rebellionset_head.skin 0x000001F91B83B540
<07:06:01> remapped bone indices with refcount '4294967290' still around for 'objects/zhg_objects/characters/sets/rebellionset/rebellionset_head.skin 0x000001F91B83C1C0
<07:06:01> remapped bone indices with refcount '4294967290' still around for 'objects/zhg_objects/characters/sets/rebellionset/rebellionset_head.skin 0x000001F91B83A5A0
<07:06:01> remapped bone indices with refcount '4294967283' still around for 'objects/zhg_objects/characters/sets/rebellionset/rebelliomset_hands.skin 0x000001F91B83A280
<07:06:01> remapped bone indices with refcount '4294967283' still around for 'objects/zhg_objects/characters/sets/rebellionset/rebelliomset_hands.skin 0x000001F91B839F60
<07:06:01> remapped bone indices with refcount '4294967283' still around for 'objects/zhg_objects/characters/sets/rebellionset/rebelliomset_hands.skin 0x000001F91B839C40
<07:06:01> remapped bone indices with refcount '4294967283' still around for 'objects/zhg_objects/characters/sets/rebellionset/rebelliomset_hands.skin 0x000001F91B83ABE0
<07:06:01> remapped bone indices with refcount '4294967290' still around for 'objects/zhg_objects/characters/sets/loverset/loverset_torso.skin 0x000001F91B83AF00
<07:06:01> remapped bone indices with refcount '4294967290' still around for 'objects/zhg_objects/characters/sets/loverset/loverset_torso.skin 0x000001F91B831F40
<07:06:01> remapped bone indices with refcount '4294967290' still around for 'objects/zhg_objects/characters/sets/loverset/loverset_torso.skin 0x000001F91B839920
<07:06:01> remapped bone indices with refcount '4294967290' still around for 'objects/zhg_objects/characters/sets/loverset/loverset_head.skin 0x000001F91B831C20
<07:06:01> remapped bone indices with refcount '4294967290' still around for 'objects/zhg_objects/characters/sets/loverset/loverset_head.skin 0x000001F91B839600
<07:06:01> remapped bone indices with refcount '4294967290' still around for 'objects/zhg_objects/characters/sets/loverset/loverset_head.skin 0x000001F91B8392E0
<07:06:01> remapped bone indices with refcount '4294967290' still around for 'objects/zhg_objects/characters/sets/leaderset/leaderset_torso.skin 0x000001F91B8315E0
<07:06:01> remapped bone indices with refcount '4294967290' still around for 'objects/zhg_objects/characters/sets/leaderset/leaderset_torso.skin 0x000001F91B838FC0
<07:06:01> remapped bone indices with refcount '4294967290' still around for 'objects/zhg_objects/characters/sets/leaderset/leaderset_torso.skin 0x000001F91B8312C0
<07:06:01> remapped bone indices with refcount '4294967290' still around for 'objects/zhg_objects/characters/sets/leaderset/leaderset_pants.skin 0x000001F91B838CA0
<07:06:01> remapped bone indices with refcount '4294967290' still around for 'objects/zhg_objects/characters/sets/leaderset/leaderset_pants.skin 0x000001F91B832580
<07:06:01> remapped bone indices with refcount '4294967290' still around for 'objects/zhg_objects/characters/sets/leaderset/leaderset_pants.skin 0x000001F91B832EE0
<07:06:01> remapped bone indices with refcount '4294967290' still around for 'objects/zhg_objects/characters/sets/leaderset/leaderset_head.skin 0x000001F91B830FA0
<07:06:01> remapped bone indices with refcount '4294967290' still around for 'objects/zhg_objects/characters/sets/leaderset/leaderset_head.skin 0x000001F91B838980
<07:06:01> remapped bone indices with refcount '4294967290' still around for 'objects/zhg_objects/characters/sets/leaderset/leaderset_head.skin 0x000001F91B838020
<07:06:01> remapped bone indices with refcount '4294967290' still around for 'objects/zhg_objects/characters/sets/hopefullset/hopefullset_torso.skin 0x000001F91B837D00
<07:06:01> remapped bone indices with refcount '4294967290' still around for 'objects/zhg_objects/characters/sets/hopefullset/hopefullset_torso.skin 0x000001F91B837080
<07:06:01> remapped bone indices with refcount '4294967290' still around for 'objects/zhg_objects/characters/sets/hopefullset/hopefullset_torso.skin 0x000001F91B833520
<07:06:01> remapped bone indices with refcount '4294967290' still around for 'objects/zhg_objects/characters/sets/hopefullset/hopefullset_pants.skin 0x000001F91B838340
<07:06:01> remapped bone indices with refcount '4294967290' still around for 'objects/zhg_objects/characters/sets/hopefullset/hopefullset_pants.skin 0x000001F91B8379E0
<07:06:01> remapped bone indices with refcount '4294967290' still around for 'objects/zhg_objects/characters/sets/hopefullset/hopefullset_pants.skin 0x000001F91B8373A0
<07:06:01> remapped bone indices with refcount '4294967290' still around for 'objects/zhg_objects/characters/sets/hopefullset/hopefullset_head.skin 0x000001F91B836D60
<07:06:01> remapped bone indices with refcount '4294967290' still around for 'objects/zhg_objects/characters/sets/hopefullset/hopefullset_head.skin 0x000001F91B836400
<07:06:01> remapped bone indices with refcount '4294967290' still around for 'objects/zhg_objects/characters/sets/hopefullset/hopefullset_head.skin 0x000001F91B832260
<07:06:01> remapped bone indices with refcount '4294967290' still around for 'objects/zhg_objects/characters/sets/doubtset/doubtset_head.skin 0x000001F91B8360E0
<07:06:01> remapped bone indices with refcount '4294967293' still around for 'objects/zhg_objects/characters/conserve/conserve_body.skin 0x000001F91B8328A0
<07:06:01> remapped bone indices with refcount '4294967293' still around for 'objects/zhg_objects/characters/conserve/conserve_body.skin 0x000001F91B835DC0
<07:06:01> remapped bone indices with refcount '4294967293' still around for 'objects/zhg_objects/characters/conserve/conserve_body.skin 0x000001F91B836A40
<07:06:16> CreateDatagramSocket c1
<07:06:19> Game rules class: InstantAction
<07:06:19> ============================ PrepareLevel Multiplayer/Purgatorium_Esc_Cw ============================
<07:06:19> Initializing default materials...
<07:06:24> [MFX] Loading FXLib 'breakables' ...
<07:06:24> [MFX] Loading FXLib 'collisions' ...
<07:06:24> [MFX] Loading FXLib 'foley' ...
<07:06:24> [MFX] Loading FXLib 'foley_grunt' ...
<07:06:24> [MFX] Loading FXLib 'foley_player' ...
<07:06:24> [MFX] Loading FXLib 'footstep_grunt' ...
<07:06:24> [MFX] Loading FXLib 'footstep_player' ...
<07:06:24> [MFX] Loading FXLib 'footsteps' ...
<07:06:24> [MFX] Loading FXLib 'grenade' ...
<07:06:24> [MFX] Loading FXLib 'melee' ...
<07:06:24> [MFX] Loading FXLib 'player_fx' ...
<07:06:24> [MFX] Loading FXLib 'projectiles' ...
<07:06:24> [MFX] Loading FXLib 'tornado' ...
<07:06:24> [MFX] Loading FXLib 'vegetation' ...
<07:06:24> [MFX] Loading FXLib 'vehicles' ...
<07:06:43> CryAnimation: character-definition not found: objects/characters/human/sdk_player/sdk_player.cdf
<07:06:43> CryAnimation: character-definition not found: objects/characters/human/sdk_player/sdk_player.cdf
<07:06:43> CryAnimation: character-definition not found: objects/characters/human/sdk_player/sdk_player.cdf
<07:06:43> CryAnimation: character-definition not found: objects/characters/human/sdk_player/sdk_player.cdf
<07:06:43> CryAnimation: character-definition not found: objects/characters/human/sdk_player/sdk_player.cdf
<07:06:43> CryAnimation: character-definition not found: objects/characters/human/sdk_player/sdk_player.cdf
<07:06:43> CryAnimation: character-definition not found: objects/characters/human/sdk_player/sdk_player.cdf
<07:06:43> CryAnimation: character-definition not found: objects/characters/human/sdk_player/sdk_player.cdf
<07:06:43> CryAnimation: character-definition not found: objects/characters/human/sdk_player/sdk_player.cdf
<07:06:43> CryAnimation: character-definition not found: objects/characters/human/sdk_player/sdk_player.cdf
<07:06:43> CryAnimation: character-definition not found: objects/characters/human/sdk_player/sdk_player.cdf
<07:06:43> CryAnimation: character-definition not found: objects/characters/human/sdk_player/sdk_player.cdf
<07:06:43> CryAnimation: character-definition not found: objects/characters/human/sdk_player/sdk_player.cdf
<07:06:43> CryAnimation: character-definition not found: objects/characters/human/sdk_player/sdk_player.cdf
<07:06:43> CryAnimation: character-definition not found: objects/characters/human/sdk_player/sdk_player.cdf
<07:06:43> CryAnimation: character-definition not found: objects/characters/human/sdk_player/sdk_player.cdf
<07:06:43> CryAnimation: character-definition not found: objects/characters/human/sdk_player/sdk_player.cdf
<07:06:43> CryAnimation: character-definition not found: objects/characters/human/sdk_player/sdk_player.cdf
<07:06:43> CryAnimation: character-definition not found: objects/characters/human/sdk_player/sdk_player.cdf
<07:06:43> CryAnimation: character-definition not found: objects/characters/human/sdk_player/sdk_player.cdf
<07:06:43> CryAnimation: character-definition not found: objects/characters/human/sdk_player/sdk_player.cdf
<07:06:43> CryAnimation: character-definition not found: objects/characters/human/sdk_player/sdk_player.cdf
<07:06:43> CryAnimation: character-definition not found: objects/characters/human/sdk_player/sdk_player.cdf
<07:06:43> CryAnimation: character-definition not found: objects/characters/human/sdk_player/sdk_player.cdf
<07:06:46> CryAnimation: character-definition not found: objects/characters/human/sdk_player/sdk_player.cdf
<07:06:46> CryAnimation: character-definition not found: objects/characters/human/sdk_player/sdk_player.cdf
<07:06:46> CryAnimation: character-definition not found: objects/characters/human/sdk_player/sdk_player.cdf
<07:06:48> PLAYERNAME Kornflakes
<07:06:48> CryAnimation: character-definition not found: objects/characters/man.cdf
<07:06:49> CryAnimation: character-definition not found: objects/characters/human/sdk_player/sdk_player.cdf
<07:06:49> CryAnimation: character-definition not found: objects/characters/human/sdk_player/sdk_player.cdf
<07:06:49> CryAnimation: character-definition not found: objects/characters/human/sdk_player/sdk_player.cdf
<07:06:56> CryAnimation: character-definition not found: objects/characters/human/sdk_player/sdk_player.cdf
<07:06:56> CryAnimation: character-definition not found: objects/characters/human/sdk_player/sdk_player.cdf
<07:06:56> CryAnimation: character-definition not found: objects/characters/human/sdk_player/sdk_player.cdf
<07:06:59> CryAnimation: character-definition not found: objects/characters/human/sdk_player/sdk_player.cdf
<07:06:59> CryAnimation: character-definition not found: objects/characters/human/sdk_player/sdk_player.cdf
<07:06:59> CryAnimation: character-definition not found: objects/characters/human/sdk_player/sdk_player.cdf
<07:07:14> CryAnimation: character-definition not found: objects/characters/human/sdk_player/sdk_player.cdf
<07:07:14> CryAnimation: character-definition not found: objects/characters/human/sdk_player/sdk_player.cdf
<07:07:14> CryAnimation: character-definition not found: objects/characters/human/sdk_player/sdk_player.cdf
<07:07:18> rerec_msg 
<07:07:20> sg 
<07:08:15> CVehicleSeat::NetSetPassengerId c2
<07:08:15> CVehicleSeat::Enter called
<07:08:20> st_used_prerec_msg 
<07:08:23> CryAnimation: character-definition not found: objects/characters/human/sdk_player/sdk_player.cdf
<07:08:23> CryAnimation: character-definition not found: objects/characters/human/sdk_player/sdk_player.cdf
<07:08:23> CryAnimation: character-definition not found: objects/characters/human/sdk_player/sdk_player.cdf
<07:08:26> ast_used_prerec_msg 
<07:08:26> ast_used_prerec_msg 
<07:08:28> CVehicleSeat::NetSetPassengerId c2
<07:08:28> CVehicleSeat::Enter called
<07:08:29> CVehicleSeat::Exit called
<07:08:29> CVehicleSeat::Exit called c2
<07:08:29> ClProcessLeave call
<07:08:29> CVehicleSeat::Exit called
<07:08:29> CVehicleSeat::Exit called c2
<07:08:29> ClProcessLeave call
<07:09:19> CVehicleSeat::NetSetPassengerId c2
<07:09:19> CVehicleSeat::Enter called
<07:09:23> CVehicleSeat::Exit called
<07:09:23> CVehicleSeat::Exit called c2
<07:09:23> ClProcessLeave call
<07:09:25> CVehicleSeat::NetSetPassengerId c2
<07:09:25> CVehicleSeat::Enter called
<07:09:29> CVehicleSeat::Exit called
<07:09:29> CVehicleSeat::Exit called c2
<07:09:29> ClProcessLeave call
<07:10:11> t_used_prerec_msg 
<07:10:13> ed_prerec_msg 
<07:10:46> ast_used_prerec_msg 
<07:10:48> ast_used_prerec_msg 
<07:11:08> d_prerec_msg 
<07:11:52> d_prerec_msg 
<07:12:26> d_prerec_msg 
<07:12:36> d_prerec_msg 
<07:12:48> d_prerec_msg 
<07:12:57> d_prerec_msg 
<07:13:00> d_prerec_msg 
<07:13:06> ed_prerec_msg 
<07:13:07> ed_prerec_msg 
<07:13:09> ed_prerec_msg 
<07:13:12> ed_prerec_msg 
<07:13:21> sed_prerec_msg 
<07:14:57> d_prerec_msg 
<07:15:36> CVehicleSeat::NetSetPassengerId c2
<07:15:36> CVehicleSeat::Enter called
<07:15:37> CVehicleSeat::Exit called
<07:15:37> CVehicleSeat::Exit called c2
<07:15:37> ClProcessLeave call
<07:15:40> CVehicleSeat::NetSetPassengerId c2
<07:15:40> CVehicleSeat::Enter called
<07:15:41> CVehicleSeat::Exit called
<07:15:41> CVehicleSeat::Exit called c2
<07:15:41> ClProcessLeave call
<07:16:44> d_prerec_msg 
<07:16:44> d_prerec_msg 
<07:16:46> st_used_prerec_msg 
<07:16:48> t_used_prerec_msg 
<07:18:18> d_prerec_msg 
<07:19:07> used_prerec_msg 
<07:19:12> rerec_msg 
<07:19:12> CryAnimation: character-definition not found: objects/characters/human/sdk_player/sdk_player.cdf
<07:19:12> CryAnimation: character-definition not found: objects/characters/human/sdk_player/sdk_player.cdf
<07:19:12> CryAnimation: character-definition not found: objects/characters/human/sdk_player/sdk_player.cdf
<07:19:18> ec_msg 
<07:19:27> d_prerec_msg 
<07:19:28> d_prerec_msg 
<07:19:29> d_prerec_msg 
<07:19:32> d_prerec_msg 
<07:20:15> d_prerec_msg 
<07:20:25> d_prerec_msg 
<07:20:27> d_prerec_msg 
<07:20:55> d_prerec_msg 
<07:20:56> ast_used_prerec_msg 
<07:20:58> ast_used_prerec_msg 
<07:20:58> ast_used_prerec_msg 
<07:21:10> d_prerec_msg 
<07:21:11> d_prerec_msg 
<07:21:20> d_prerec_msg 
<07:21:22> d_prerec_msg 
<07:21:29> d_prerec_msg 
<07:21:38> ed_prerec_msg 
<07:22:00> CryAnimation: character-definition not found: objects/characters/human/sdk_player/sdk_player.cdf
<07:22:00> CryAnimation: character-definition not found: objects/characters/human/sdk_player/sdk_player.cdf
<07:22:00> CryAnimation: character-definition not found: objects/characters/human/sdk_player/sdk_player.cdf
<07:22:20> d_prerec_msg 
<07:22:27> d_prerec_msg 
<07:22:53> d_prerec_msg 
<07:25:38> d_prerec_msg 
<07:26:50> sed_prerec_msg 
<07:27:51> _used_prerec_msg 
<07:27:54> _used_prerec_msg 
<07:28:45> _used_prerec_msg 
<07:30:42> CGameClientChannel::Release
<07:30:42> gEnv->pRenderer->Draw2dImage XXX
<07:30:44> remapped bone indices with refcount '4294967292' still around for 'objects/zhg_objects/characters/sets/vanityset/vanityset_torso.skin 0x000001F8257A2B80
<07:30:44> remapped bone indices with refcount '4294967292' still around for 'objects/zhg_objects/characters/sets/vanityset/vanityset_torso.skin 0x000001F8257A2860
<07:30:44> remapped bone indices with refcount '4294967292' still around for 'objects/zhg_objects/characters/sets/vanityset/vanityset_torso.skin 0x000001F8257A1280
<07:30:44> remapped bone indices with refcount '4294967292' still around for 'objects/zhg_objects/characters/sets/vanityset/vanityset_pants.skin 0x000001F8257A2540
<07:30:44> remapped bone indices with refcount '4294967292' still around for 'objects/zhg_objects/characters/sets/vanityset/vanityset_pants.skin 0x000001F8257A1F00
<07:30:44> remapped bone indices with refcount '4294967292' still around for 'objects/zhg_objects/characters/sets/vanityset/vanityset_pants.skin 0x000001F8257A15A0
<07:30:44> remapped bone indices with refcount '4294967292' still around for 'objects/zhg_objects/characters/sets/vanityset/vanityset_head.skin 0x000001F8257A0F60
<07:30:44> remapped bone indices with refcount '4294967292' still around for 'objects/zhg_objects/characters/sets/vanityset/vanityset_head.skin 0x000001F8257A0C40
<07:30:44> remapped bone indices with refcount '4294967292' still around for 'objects/zhg_objects/characters/sets/vanityset/vanityset_head.skin 0x000001F8257A0600
<07:30:44> remapped bone indices with refcount '4294967292' still around for 'objects/zhg_objects/characters/sets/safetyset/safetyset_head.skin 0x000001F8257A02E0
<07:30:44> remapped bone indices with refcount '4294967292' still around for 'objects/zhg_objects/characters/sets/safetyset/safetyset_head.skin 0x000001F82579FFC0
<07:30:44> remapped bone indices with refcount '4294967292' still around for 'objects/zhg_objects/characters/sets/safetyset/safetyset_head.skin 0x000001F82579F340
<07:30:44> remapped bone indices with refcount '4294967282' still around for 'objects/zhg_objects/characters/sets/rebellionset/rebellionset_torso.skin 0x000001F82579FCA0
<07:30:44> remapped bone indices with refcount '4294967282' still around for 'objects/zhg_objects/characters/sets/rebellionset/rebellionset_torso.skin 0x000001F82579F980
<07:30:44> remapped bone indices with refcount '4294967282' still around for 'objects/zhg_objects/characters/sets/rebellionset/rebellionset_torso.skin 0x000001F82579F660
<07:30:44> remapped bone indices with refcount '4294967287' still around for 'objects/zhg_objects/characters/sets/rebellionset/rebellionset_pants.skin 0x000001F82579F020
<07:30:44> remapped bone indices with refcount '4294967287' still around for 'objects/zhg_objects/characters/sets/rebellionset/rebellionset_pants.skin 0x000001F82579ED00
<07:30:44> remapped bone indices with refcount '4294967287' still around for 'objects/zhg_objects/characters/sets/rebellionset/rebellionset_pants.skin 0x000001F8257A2220
<07:30:44> remapped bone indices with refcount '4294967292' still around for 'objects/zhg_objects/characters/sets/rebellionset/rebellionset_head.skin 0x000001F8257A1BE0
<07:30:44> remapped bone indices with refcount '4294967292' still around for 'objects/zhg_objects/characters/sets/rebellionset/rebellionset_head.skin 0x000001F8257A18C0
<07:30:44> remapped bone indices with refcount '4294967292' still around for 'objects/zhg_objects/characters/sets/rebellionset/rebellionset_head.skin 0x000001F82579E9E0
<07:30:44> remapped bone indices with refcount '4294967287' still around for 'objects/zhg_objects/characters/sets/rebellionset/rebelliomset_hands.skin 0x000001F8257A0920
<07:30:44> remapped bone indices with refcount '4294967287' still around for 'objects/zhg_objects/characters/sets/rebellionset/rebelliomset_hands.skin 0x000001F825796CE0
<07:30:44> remapped bone indices with refcount '4294967287' still around for 'objects/zhg_objects/characters/sets/rebellionset/rebelliomset_hands.skin 0x000001F82579E6C0
<07:30:44> remapped bone indices with refcount '4294967287' still around for 'objects/zhg_objects/characters/sets/rebellionset/rebelliomset_hands.skin 0x000001F82579E3A0
<07:30:44> remapped bone indices with refcount '4294967292' still around for 'objects/zhg_objects/characters/sets/loverset/loverset_torso.skin 0x000001F82579DA40
<07:30:44> remapped bone indices with refcount '4294967292' still around for 'objects/zhg_objects/characters/sets/loverset/loverset_torso.skin 0x000001F82579D720
<07:30:44> remapped bone indices with refcount '4294967292' still around for 'objects/zhg_objects/characters/sets/loverset/loverset_torso.skin 0x000001F82579D400
<07:30:44> remapped bone indices with refcount '4294967292' still around for 'objects/zhg_objects/characters/sets/loverset/loverset_head.skin 0x000001F82579D0E0
<07:30:44> remapped bone indices with refcount '4294967292' still around for 'objects/zhg_objects/characters/sets/loverset/loverset_head.skin 0x000001F82579CDC0
<07:30:44> remapped bone indices with refcount '4294967292' still around for 'objects/zhg_objects/characters/sets/loverset/loverset_head.skin 0x000001F825797FA0
<07:30:44> remapped bone indices with refcount '4294967292' still around for 'objects/zhg_objects/characters/sets/leaderset/leaderset_torso.skin 0x000001F825797C80
<07:30:44> remapped bone indices with refcount '4294967292' still around for 'objects/zhg_objects/characters/sets/leaderset/leaderset_torso.skin 0x000001F8257969C0
<07:30:44> remapped bone indices with refcount '4294967292' still around for 'objects/zhg_objects/characters/sets/leaderset/leaderset_torso.skin 0x000001F82579CAA0
<07:30:44> remapped bone indices with refcount '4294967292' still around for 'objects/zhg_objects/characters/sets/leaderset/leaderset_pants.skin 0x000001F82579BE20
<07:30:44> remapped bone indices with refcount '4294967292' still around for 'objects/zhg_objects/characters/sets/leaderset/leaderset_pants.skin 0x000001F82579BB00
<07:30:44> remapped bone indices with refcount '4294967292' still around for 'objects/zhg_objects/characters/sets/leaderset/leaderset_pants.skin 0x000001F825798F40
<07:30:44> remapped bone indices with refcount '4294967292' still around for 'objects/zhg_objects/characters/sets/leaderset/leaderset_head.skin 0x000001F82579E080
<07:30:44> remapped bone indices with refcount '4294967292' still around for 'objects/zhg_objects/characters/sets/leaderset/leaderset_head.skin 0x000001F82579DD60
<07:30:44> remapped bone indices with refcount '4294967292' still around for 'objects/zhg_objects/characters/sets/leaderset/leaderset_head.skin 0x000001F82579AE80
<07:30:44> remapped bone indices with refcount '4294967292' still around for 'objects/zhg_objects/characters/sets/hopefullset/hopefullset_torso.skin 0x000001F825797000
<07:30:44> remapped bone indices with refcount '4294967292' still around for 'objects/zhg_objects/characters/sets/hopefullset/hopefullset_torso.skin 0x000001F82579A520
<07:30:44> remapped bone indices with refcount '4294967292' still around for 'objects/zhg_objects/characters/sets/hopefullset/hopefullset_torso.skin 0x000001F8257982C0
<07:30:44> remapped bone indices with refcount '4294967292' still around for 'objects/zhg_objects/characters/sets/hopefullset/hopefullset_pants.skin 0x000001F8257966A0
<07:30:44> remapped bone indices with refcount '4294967292' still around for 'objects/zhg_objects/characters/sets/hopefullset/hopefullset_pants.skin 0x000001F82579A200
<07:30:44> remapped bone indices with refcount '4294967292' still around for 'objects/zhg_objects/characters/sets/hopefullset/hopefullset_pants.skin 0x000001F82579C460
<07:30:44> remapped bone indices with refcount '4294967292' still around for 'objects/zhg_objects/characters/sets/hopefullset/hopefullset_head.skin 0x000001F825799580
<07:30:44> remapped bone indices with refcount '4294967292' still around for 'objects/zhg_objects/characters/sets/hopefullset/hopefullset_head.skin 0x000001F82579C780
<07:30:44> remapped bone indices with refcount '4294967292' still around for 'objects/zhg_objects/characters/sets/hopefullset/hopefullset_head.skin 0x000001F82579B1A0
<07:30:44> remapped bone indices with refcount '4294967292' still around for 'objects/zhg_objects/characters/sets/doubtset/doubtset_head.skin 0x000001F825799EE0
<07:30:44> remapped bone indices with refcount '4294967293' still around for 'objects/zhg_objects/characters/conserve/conserve_body.skin 0x000001F825799BC0
<07:30:44> remapped bone indices with refcount '4294967293' still around for 'objects/zhg_objects/characters/conserve/conserve_body.skin 0x000001F825797960
<07:30:44> remapped bone indices with refcount '4294967293' still around for 'objects/zhg_objects/characters/conserve/conserve_body.skin 0x000001F825797640
<07:31:52> Iterator 0
<07:31:52> Size 30
<07:31:52> Iterator 1
<07:31:52> Size 30
<07:31:52> Iterator 2
<07:31:52> Size 30
<07:31:52> Iterator 3
<07:31:52> Size 30
<07:31:52> Iterator 4
<07:31:52> Size 30
<07:31:52> Iterator 5
<07:31:52> Size 30
<07:31:52> Iterator 6
<07:31:52> Size 30
<07:31:52> Iterator 7
<07:31:52> Size 30
<07:31:52> Iterator 8
<07:31:52> Size 30
<07:31:52> Iterator 9
<07:31:52> Size 30
<07:31:52> Iterator 10
<07:31:52> Size 30
<07:31:52> Iterator 11
<07:31:52> Size 30
<07:31:52> Iterator 12
<07:31:52> Size 30
<07:31:52> Iterator 13
<07:31:52> Size 30
<07:31:52> Iterator 14
<07:31:52> Size 30
<07:31:52> playerName Kornflakes
<07:31:52> Iterator 15
<07:31:52> Size 30
<07:31:52> Iterator 16
<07:31:52> Size 30
<07:31:52> Iterator 17
<07:31:52> Size 30
<07:31:52> Iterator 18
<07:31:52> Size 30
<07:31:52> Iterator 19
<07:31:52> Size 30
<07:31:52> Iterator 20
<07:31:52> Size 30
<07:31:52> Iterator 21
<07:31:52> Size 30
<07:31:52> Iterator 22
<07:31:52> Size 30
<07:31:52> Iterator 23
<07:31:52> Size 30
<07:31:52> Iterator 24
<07:31:52> Size 30
<07:31:52> Iterator 25
<07:31:52> Size 30
<07:31:52> Iterator 26
<07:31:52> Size 30
<07:31:52> Iterator 27
<07:31:52> Size 30
<07:31:52> Iterator 28
<07:31:52> Size 30
<07:31:52> Iterator 29
<07:31:52> Size 30
<07:31:52> playerName Kornflakes
<07:31:52> Iterator 30
<07:31:52> Size 30
<07:35:34> CreateDatagramSocket c1
<07:35:36> ============================ PrepareLevel multiplayer/Purgatorium_Esc ============================
<07:35:36> Game rules class: InstantAction
<07:35:36> Initializing default materials...
<07:35:42> [MFX] Loading FXLib 'breakables' ...
<07:35:42> [MFX] Loading FXLib 'collisions' ...
<07:35:42> [MFX] Loading FXLib 'foley' ...
<07:35:42> [MFX] Loading FXLib 'foley_grunt' ...
<07:35:42> [MFX] Loading FXLib 'foley_player' ...
<07:35:42> [MFX] Loading FXLib 'footstep_grunt' ...
<07:35:42> [MFX] Loading FXLib 'footstep_player' ...
<07:35:42> [MFX] Loading FXLib 'footsteps' ...
<07:35:42> [MFX] Loading FXLib 'grenade' ...
<07:35:42> [MFX] Loading FXLib 'melee' ...
<07:35:42> [MFX] Loading FXLib 'player_fx' ...
<07:35:42> [MFX] Loading FXLib 'projectiles' ...
<07:35:42> [MFX] Loading FXLib 'tornado' ...
<07:35:42> [MFX] Loading FXLib 'vegetation' ...
<07:35:42> [MFX] Loading FXLib 'vehicles' ...
<07:36:02> CryAnimation: character-definition not found: objects/characters/human/sdk_player/sdk_player.cdf
<07:36:02> CryAnimation: character-definition not found: objects/characters/human/sdk_player/sdk_player.cdf
<07:36:02> CryAnimation: character-definition not found: objects/characters/human/sdk_player/sdk_player.cdf
<07:36:02> CryAnimation: character-definition not found: objects/characters/human/sdk_player/sdk_player.cdf
<07:36:02> CryAnimation: character-definition not found: objects/characters/human/sdk_player/sdk_player.cdf
<07:36:02> CryAnimation: character-definition not found: objects/characters/human/sdk_player/sdk_player.cdf
<07:36:02> CryAnimation: character-definition not found: objects/characters/human/sdk_player/sdk_player.cdf
<07:36:02> CryAnimation: character-definition not found: objects/characters/human/sdk_player/sdk_player.cdf
<07:36:02> CryAnimation: character-definition not found: objects/characters/human/sdk_player/sdk_player.cdf
<07:36:02> CryAnimation: character-definition not found: objects/characters/human/sdk_player/sdk_player.cdf
<07:36:02> CryAnimation: character-definition not found: objects/characters/human/sdk_player/sdk_player.cdf
<07:36:02> CryAnimation: character-definition not found: objects/characters/human/sdk_player/sdk_player.cdf
<07:36:02> CryAnimation: character-definition not found: objects/characters/human/sdk_player/sdk_player.cdf
<07:36:02> CryAnimation: character-definition not found: objects/characters/human/sdk_player/sdk_player.cdf
<07:36:02> CryAnimation: character-definition not found: objects/characters/human/sdk_player/sdk_player.cdf
<07:36:06> CryAnimation: character-definition not found: objects/characters/human/sdk_player/sdk_player.cdf
<07:36:06> CryAnimation: character-definition not found: objects/characters/human/sdk_player/sdk_player.cdf
<07:36:06> CryAnimation: character-definition not found: objects/characters/human/sdk_player/sdk_player.cdf
<07:36:08> PLAYERNAME Kornflakes
<07:36:08> CryAnimation: character-definition not found: objects/characters/man.cdf
<07:36:08> CryAnimation: character-definition not found: objects/characters/human/sdk_player/sdk_player.cdf
<07:36:08> CryAnimation: character-definition not found: objects/characters/human/sdk_player/sdk_player.cdf
<07:36:08> CryAnimation: character-definition not found: objects/characters/human/sdk_player/sdk_player.cdf
<07:36:14> CryAnimation: character-definition not found: objects/characters/human/sdk_player/sdk_player.cdf
<07:36:14> CryAnimation: character-definition not found: objects/characters/human/sdk_player/sdk_player.cdf
<07:36:14> CryAnimation: character-definition not found: objects/characters/human/sdk_player/sdk_player.cdf
<07:36:19> CryAnimation: character-definition not found: objects/characters/human/sdk_player/sdk_player.cdf
<07:36:19> CryAnimation: character-definition not found: objects/characters/human/sdk_player/sdk_player.cdf
<07:36:19> CryAnimation: character-definition not found: objects/characters/human/sdk_player/sdk_player.cdf
<07:36:31> used_prerec_msg 
<07:36:54> CryAnimation: character-definition not found: objects/characters/human/sdk_player/sdk_player.cdf
<07:36:54> CryAnimation: character-definition not found: objects/characters/human/sdk_player/sdk_player.cdf
<07:36:54> CryAnimation: character-definition not found: objects/characters/human/sdk_player/sdk_player.cdf
<07:37:02> CryAnimation: character-definition not found: objects/characters/human/sdk_player/sdk_player.cdf
<07:37:02> CryAnimation: character-definition not found: objects/characters/human/sdk_player/sdk_player.cdf
<07:37:02> CryAnimation: character-definition not found: objects/characters/human/sdk_player/sdk_player.cdf
<07:38:47> CVehicleSeat::NetSetPassengerId c2
<07:38:47> CVehicleSeat::Enter called
<07:38:49> CVehicleSeat::Exit called
<07:38:49> CVehicleSeat::Exit called c2
<07:38:49> ClProcessLeave call
<07:38:50> CVehicleSeat::NetSetPassengerId c2
<07:38:50> CVehicleSeat::Enter called
<07:39:01> CVehicleSeat::NetSetPassengerId c2
<07:39:01> CVehicleSeat::Exit called
<07:39:01> CVehicleSeat::Exit called c2
<07:39:01> CVehicleSeat::NetSetPassengerId c2
<07:39:01> CVehicleSeat::Enter called
<07:39:01> CVehicleSeat::NetSetPassengerId c2
<07:39:01> CVehicleSeat::Exit called
<07:39:01> CVehicleSeat::Exit called c2
<07:39:01> CVehicleSeat::NetSetPassengerId c2
<07:39:01> CVehicleSeat::Enter called
<07:39:01> CVehicleSeat::NetSetPassengerId c2
<07:39:01> CVehicleSeat::Exit called
<07:39:01> CVehicleSeat::Exit called c2
<07:39:01> CVehicleSeat::NetSetPassengerId c2
<07:39:01> CVehicleSeat::Enter called
<07:39:01> CVehicleSeat::NetSetPassengerId c2
<07:39:01> CVehicleSeat::Exit called
<07:39:01> CVehicleSeat::Exit called c2
<07:39:01> CVehicleSeat::NetSetPassengerId c2
<07:39:01> CVehicleSeat::Enter called
<07:39:02> CVehicleSeat::NetSetPassengerId c2
<07:39:02> CVehicleSeat::Exit called
<07:39:02> CVehicleSeat::Exit called c2
<07:39:02> CVehicleSeat::NetSetPassengerId c2
<07:39:02> CVehicleSeat::Enter called
<07:39:02> CVehicleSeat::Exit called
<07:39:02> CVehicleSeat::Exit called c2
<07:39:02> ClProcessLeave call
<07:39:27> CVehicleSeat::NetSetPassengerId c2
<07:39:27> CVehicleSeat::Enter called
<07:39:34> CVehicleSeat::NetSetPassengerId c2
<07:39:34> CVehicleSeat::Exit called
<07:39:34> CVehicleSeat::Exit called c2
<07:39:34> CVehicleSeat::NetSetPassengerId c2
<07:39:34> CVehicleSeat::Enter called
<07:39:34> CVehicleSeat::NetSetPassengerId c2
<07:39:34> CVehicleSeat::Exit called
<07:39:34> CVehicleSeat::Exit called c2
<07:39:34> CVehicleSeat::NetSetPassengerId c2
<07:39:34> CVehicleSeat::Enter called
<07:39:35> CVehicleSeat::Exit called
<07:39:35> CVehicleSeat::Exit called c2
<07:39:35> ClProcessLeave call
<07:39:49> CVehicleSeat::NetSetPassengerId c2
<07:39:49> CVehicleSeat::Enter called
<07:40:14> CVehicleSeat::Exit called
<07:40:14> CVehicleSeat::Exit called c2
<07:40:14> ClProcessLeave call
<07:41:43> CVehicleSeat::NetSetPassengerId c2
<07:41:43> CVehicleSeat::Enter called
<07:41:56> CVehicleSeat::Exit called
<07:41:56> CVehicleSeat::Exit called c2
<07:41:56> ClProcessLeave call
<07:41:57> CVehicleSeat::NetSetPassengerId c2
<07:41:57> CVehicleSeat::Enter called
<07:42:01> CVehicleSeat::Exit called
<07:42:01> CVehicleSeat::Exit called c2
<07:42:01> ClProcessLeave call
<07:42:03> CVehicleSeat::NetSetPassengerId c2
<07:42:03> CVehicleSeat::Enter called
<07:42:05> CVehicleSeat::Exit called
<07:42:05> CVehicleSeat::Exit called c2
<07:42:05> ClProcessLeave call
<07:42:08> CVehicleSeat::NetSetPassengerId c2
<07:42:08> CVehicleSeat::Enter called
<07:42:11> CVehicleSeat::Exit called
<07:42:11> CVehicleSeat::Exit called c2
<07:42:11> ClProcessLeave call
<07:42:13> CVehicleSeat::NetSetPassengerId c2
<07:42:13> CVehicleSeat::Enter called
<07:42:15> CTrain::SmplPlaySnd train_gts
<07:42:15> CVehicleSeat::Exit called
<07:42:15> CVehicleSeat::Exit called c2
<07:42:15> ClProcessLeave call
<07:42:41> d_prerec_msg 
<07:43:02> CTrain::SmplPlaySnd train_gts
<07:43:57> CTrain::SmplPlaySnd train_gts
<07:44:42> CVehicleSeat::NetSetPassengerId c2
<07:44:42> CVehicleSeat::Enter called
<07:45:03> CVehicleSeat::NetSetPassengerId c2
<07:45:03> CVehicleSeat::Exit called
<07:45:03> CVehicleSeat::Exit called c2
<07:45:03> CVehicleSeat::NetSetPassengerId c2
<07:45:03> CVehicleSeat::Enter called
<07:45:03> CVehicleSeat::NetSetPassengerId c2
<07:45:03> CVehicleSeat::Exit called
<07:45:03> CVehicleSeat::Exit called c2
<07:45:03> CVehicleSeat::NetSetPassengerId c2
<07:45:03> CVehicleSeat::Enter called
<07:45:03> CVehicleSeat::NetSetPassengerId c2
<07:45:03> CVehicleSeat::Exit called
<07:45:03> CVehicleSeat::Exit called c2
<07:45:03> CVehicleSeat::NetSetPassengerId c2
<07:45:03> CVehicleSeat::Enter called
<07:45:03> CVehicleSeat::NetSetPassengerId c2
<07:45:03> CVehicleSeat::Exit called
<07:45:03> CVehicleSeat::Exit called c2
<07:45:03> CVehicleSeat::NetSetPassengerId c2
<07:45:03> CVehicleSeat::Enter called
<07:45:04> CVehicleSeat::Exit called
<07:45:04> CVehicleSeat::Exit called c2
<07:45:04> ClProcessLeave call
<07:46:29> CVehicleSeat::NetSetPassengerId c2
<07:46:29> CVehicleSeat::Enter called
<07:46:33> CVehicleSeat::NetSetPassengerId c2
<07:46:33> CVehicleSeat::Enter called
<07:46:42> CVehicleSeat::Exit called
<07:46:42> CVehicleSeat::Exit called c2
<07:46:42> ClProcessLeave call
<07:46:59> CVehicleSeat::Exit called
<07:46:59> CVehicleSeat::Exit called c2
<07:46:59> ClProcessLeave call
<07:47:35> CTrain::SmplPlaySnd train_gts
<07:48:33> CTrain::SmplPlaySnd train_gts
<07:48:41> CTrain::SmplPlaySnd train_gts
<07:48:47> CTrain::SmplPlaySnd train_gts
<07:49:09> CryAnimation: character-definition not found: objects/characters/human/sdk_player/sdk_player.cdf
<07:49:09> CryAnimation: character-definition not found: objects/characters/human/sdk_player/sdk_player.cdf
<07:49:09> CryAnimation: character-definition not found: objects/characters/human/sdk_player/sdk_player.cdf
<07:51:35> d_prerec_msg 
<07:51:39> used_prerec_msg 
<07:52:15> BaseInput - Shutting down all force feedback
<07:52:15> ActionGame - Shutting down all force feedback
<07:52:15> gEnv->pRenderer->Draw2dImage XXX
<07:52:17> CNetSyncSystem::~CNetSyncSystem & Crush?! packets_temp_bf(temp packet data buffs)
<07:52:17> remapped bone indices with refcount '4294967294' still around for 'objects/zhg_objects/characters/sets/rebellionset/rebellionset_torso.skin 0x000001F8C5F1B070
<07:52:17> remapped bone indices with refcount '4294967294' still around for 'objects/zhg_objects/characters/sets/rebellionset/rebellionset_torso.skin 0x000001F8C5F21AB0
<07:52:17> remapped bone indices with refcount '4294967294' still around for 'objects/zhg_objects/characters/sets/rebellionset/rebellionset_torso.skin 0x000001F8C5F1C010
<07:52:17> remapped bone indices with refcount '4294967295' still around for 'objects/zhg_objects/characters/sets/rebellionset/rebellionset_pants.skin 0x000001F8C5F1E590
<07:52:17> remapped bone indices with refcount '4294967295' still around for 'objects/zhg_objects/characters/sets/rebellionset/rebellionset_pants.skin 0x000001F8C5F22A50
<07:52:17> remapped bone indices with refcount '4294967295' still around for 'objects/zhg_objects/characters/sets/rebellionset/rebellionset_pants.skin 0x000001F8C5F1CFB0
<07:52:17> remapped bone indices with refcount '4294967295' still around for 'objects/zhg_objects/characters/sets/rebellionset/rebelliomset_hands.skin 0x000001F8D896D110
<07:52:17> remapped bone indices with refcount '4294967295' still around for 'objects/zhg_objects/characters/sets/rebellionset/rebelliomset_hands.skin 0x000001F8D896DA70
<07:52:17> remapped bone indices with refcount '4294967295' still around for 'objects/zhg_objects/characters/sets/rebellionset/rebelliomset_hands.skin 0x000001F8D896CDF0
<07:52:17> remapped bone indices with refcount '4294967295' still around for 'objects/zhg_objects/characters/sets/rebellionset/rebelliomset_hands.skin 0x000001F8D896CAD0
<07:52:17> remapped bone indices with refcount '4294967294' still around for 'objects/zhg_objects/characters/conserve/conserve_body.skin 0x000001F8D8967FD0
<07:52:17> remapped bone indices with refcount '4294967294' still around for 'objects/zhg_objects/characters/conserve/conserve_body.skin 0x000001F8D8968610
<07:52:17> remapped bone indices with refcount '4294967294' still around for 'objects/zhg_objects/characters/conserve/conserve_body.skin 0x000001F8D8967990
