BackupNameAttachment=" Build(0) 11 Jul 21 (23 30 28)"  -- used by backup system
Log Started at Sun Jul 11 23:30:28 2021
Built on Oct 13 2019 19:15:33
Running 64 bit Windows version
Command Line: "D:\Games\Steam\steamapps\common\Pandemic Express\Bin/win_x64/PandemicExpress.exe"
Executable: D:\Games\Steam\steamapps\common\Pandemic Express\Bin\win_x64\PandemicExpress.exe
FileVersion: 1.0.0.0
ProductVersion: 1.0.0.0
Added MOD directory <%engineroot%/engine> to CryPak

Total number of logical processors: 12
Number of available logical processors: 12
Total number of system cores: 6
Number of cores available to process: 6
 
Processor 0:
  CPU: AMD AMD Ryzen 5 3600 6-Core Processor              
  Family: 15, Model: 1, Stepping: 0
  FPU: On-Chip
  Features: FP16, SSE, SSE2, SSE3, SSE4.2, AVX, AVX2, FMA3
  Serial number not present or disabled
 
Processor 1:
  CPU: AMD AMD Ryzen 5 3600 6-Core Processor              
  Family: 15, Model: 1, Stepping: 0
  FPU: On-Chip
  Features: FP16, SSE, SSE2, SSE3, SSE4.2, AVX, AVX2, FMA3
  Serial number not present or disabled
 
Processor 2:
  CPU: AMD AMD Ryzen 5 3600 6-Core Processor              
  Family: 15, Model: 1, Stepping: 0
  FPU: On-Chip
  Features: FP16, SSE, SSE2, SSE3, SSE4.2, AVX, AVX2, FMA3
  Serial number not present or disabled
 
Processor 3:
  CPU: AMD AMD Ryzen 5 3600 6-Core Processor              
  Family: 15, Model: 1, Stepping: 0
  FPU: On-Chip
  Features: FP16, SSE, SSE2, SSE3, SSE4.2, AVX, AVX2, FMA3
  Serial number not present or disabled
 
Processor 4:
  CPU: AMD AMD Ryzen 5 3600 6-Core Processor              
  Family: 15, Model: 1, Stepping: 0
  FPU: On-Chip
  Features: FP16, SSE, SSE2, SSE3, SSE4.2, AVX, AVX2, FMA3
  Serial number not present or disabled
 
Processor 5:
  CPU: AMD AMD Ryzen 5 3600 6-Core Processor              
  Family: 15, Model: 1, Stepping: 0
  FPU: On-Chip
  Features: FP16, SSE, SSE2, SSE3, SSE4.2, AVX, AVX2, FMA3
  Serial number not present or disabled
 
<23:30:28> Loading Config file system.cfg (system.cfg)
<23:30:28> [Error] [CVARS]: [IGNORED CHANGE] variable [sys_version] from [] to [1.1.0.000.200116]; Marked as [VF_CHEAT]
<23:30:28> OnSysSpecChange(1)
<23:30:28> [Error] [CVARS]: [IGNORED CHANGE] variable [sys_asserts] from [0] to [0]; Marked as [VF_CHEAT]
<23:30:28> GameDir: DATA
<23:30:28> <ThreadConfigInfo>: Thread profile loaded: "pc_8" (config/engine_core.thread_config)  
<23:30:28> Windows 10 64 bit (build 10.0.19043)
<23:30:28> System language: English
<23:30:28> Windows Directory: "C:\Windows"
<23:30:28> Local time is 23:30:28 07/11/21, system running for 1364 minutes
<23:30:28> 16333MB physical memory installed, 10255MB available, 134217727MB virtual memory installed, 37 percent of memory in use
<23:30:28> PageFile usage: 76MB, Working Set: 88MB, Peak PageFile usage: 76MB,
<23:30:28> Current display mode is 2560x1440x32, (Unknown graphics card)
<23:30:28> IBM enhanced (101/102-key) keyboard and 16+ button mouse installed
<23:30:28> --------------------------------------------------------------------------------
<23:30:28> OnSysSpecChange(1)
<23:30:28> Loading Config file LowSpec.cfg (data\config\lowspec.cfg)
<23:30:28> [Error] [CVARS]: [MISSING] [mfx_Timeout] is not a registered console variable; referenced when testing console variable group [sys_spec_gameeffects] = [1]
<23:30:28> [Error] [CVARS]: [MISSING] [ca_AttachmentCullingRation] is not a registered console variable; referenced when testing console variable group [sys_spec_objectdetail] = [1]
<23:30:28> [Error] [CVARS]: [MISSING] [e_DecalsLifeTimeScale] is not a registered console variable; referenced when testing console variable group [sys_spec_objectdetail] = [1]
<23:30:28> [Error] [CVARS]: [MISSING] [e_LodRatio] is not a registered console variable; referenced when testing console variable group [sys_spec_objectdetail] = [1]
<23:30:28> [Error] [CVARS]: [MISSING] [e_MaxViewDistSpecLerp] is not a registered console variable; referenced when testing console variable group [sys_spec_objectdetail] = [1]
<23:30:28> [Error] [CVARS]: [MISSING] [e_MaxViewDistance] is not a registered console variable; referenced when testing console variable group [sys_spec_objectdetail] = [1]
<23:30:28> [Error] [CVARS]: [MISSING] [e_ObjQuality] is not a registered console variable; referenced when testing console variable group [sys_spec_objectdetail] = [1]
<23:30:28> [Error] [CVARS]: [MISSING] [e_TerrainOcclusionCullingMaxDist] is not a registered console variable; referenced when testing console variable group [sys_spec_objectdetail] = [1]
<23:30:28> [Error] [CVARS]: [MISSING] [e_VegetationMinSize] is not a registered console variable; referenced when testing console variable group [sys_spec_objectdetail] = [1]
<23:30:28> [Error] [CVARS]: [MISSING] [e_ViewDistRatio] is not a registered console variable; referenced when testing console variable group [sys_spec_objectdetail] = [1]
<23:30:28> [Error] [CVARS]: [MISSING] [e_ViewDistRatioCustom] is not a registered console variable; referenced when testing console variable group [sys_spec_objectdetail] = [1]
<23:30:28> [Error] [CVARS]: [MISSING] [e_ViewDistRatioDetail] is not a registered console variable; referenced when testing console variable group [sys_spec_objectdetail] = [1]
<23:30:28> [Error] [CVARS]: [MISSING] [e_ViewDistRatioLights] is not a registered console variable; referenced when testing console variable group [sys_spec_objectdetail] = [1]
<23:30:28> [Error] [CVARS]: [MISSING] [e_ViewDistRatioVegetation] is not a registered console variable; referenced when testing console variable group [sys_spec_objectdetail] = [1]
<23:30:28> [Error] [CVARS]: [MISSING] [es_DebrisLifetimeScale] is not a registered console variable; referenced when testing console variable group [sys_spec_objectdetail] = [1]
<23:30:28> [Error] [CVARS]: [MISSING] [e_DecalsOverlapping] is not a registered console variable; referenced when testing console variable group [sys_spec_objectdetail] = [1]
<23:30:28> [Error] [CVARS]: [MISSING] [e_LodMin] is not a registered console variable; referenced when testing console variable group [sys_spec_objectdetail] = [1]
<23:30:28> [Error] [CVARS]: [MISSING] [e_MergedMeshesInstanceDist] is not a registered console variable; referenced when testing console variable group [sys_spec_objectdetail] = [1]
<23:30:28> [Error] [CVARS]: [MISSING] [e_MergedMeshesPool] is not a registered console variable; referenced when testing console variable group [sys_spec_objectdetail] = [1]
<23:30:28> [Error] [CVARS]: [MISSING] [e_OcclusionCullingViewDistRatio] is not a registered console variable; referenced when testing console variable group [sys_spec_objectdetail] = [1]
<23:30:28> [Error] [CVARS]: [MISSING] [e_TerrainLodRatio] is not a registered console variable; referenced when testing console variable group [sys_spec_objectdetail] = [1]
<23:30:28> [Error] [CVARS]: [MISSING] [e_Tessellation] is not a registered console variable; referenced when testing console variable group [sys_spec_objectdetail] = [1]
<23:30:28> [Error] [CVARS]: [MISSING] [e_ViewDistMin] is not a registered console variable; referenced when testing console variable group [sys_spec_objectdetail] = [1]
<23:30:28> [Error] [CVARS]: [MISSING] [e_ParticlesMaxScreenFill] is not a registered console variable; referenced when testing console variable group [sys_spec_particles] = [1]
<23:30:28> [Error] [CVARS]: [MISSING] [e_ParticlesMinDrawPixels] is not a registered console variable; referenced when testing console variable group [sys_spec_particles] = [1]
<23:30:28> [Error] [CVARS]: [MISSING] [e_ParticlesObjectCollisions] is not a registered console variable; referenced when testing console variable group [sys_spec_particles] = [1]
<23:30:28> [Error] [CVARS]: [MISSING] [e_ParticlesQuality] is not a registered console variable; referenced when testing console variable group [sys_spec_particles] = [1]
<23:30:28> [Error] [CVARS]: [MISSING] [e_ParticlesMotionBlur] is not a registered console variable; referenced when testing console variable group [sys_spec_particles] = [1]
<23:30:28> [Error] [CVARS]: [MISSING] [e_CullVegActivation] is not a registered console variable; referenced when testing console variable group [sys_spec_physics] = [1]
<23:30:28> [Error] [CVARS]: [MISSING] [e_FoliageWindActivationDist] is not a registered console variable; referenced when testing console variable group [sys_spec_physics] = [1]
<23:30:28> [Error] [CVARS]: [MISSING] [e_PhysOceanCell] is not a registered console variable; referenced when testing console variable group [sys_spec_physics] = [1]
<23:30:28> [Error] [CVARS]: [MISSING] [es_MaxPhysDist] is not a registered console variable; referenced when testing console variable group [sys_spec_physics] = [1]
<23:30:28> [Error] [CVARS]: [MISSING] [es_MaxPhysDistInvisible] is not a registered console variable; referenced when testing console variable group [sys_spec_physics] = [1]
<23:30:28> [Error] [CVARS]: [MISSING] [g_breakage_particles_limit] is not a registered console variable; referenced when testing console variable group [sys_spec_physics] = [1]
<23:30:28> [Error] [CVARS]: [MISSING] [g_tree_cut_reuse_dist] is not a registered console variable; referenced when testing console variable group [sys_spec_physics] = [1]
<23:30:28> [Error] [CVARS]: [MISSING] [p_max_MC_iters] is not a registered console variable; referenced when testing console variable group [sys_spec_physics] = [1]
<23:30:28> [Error] [CVARS]: [MISSING] [p_max_substeps] is not a registered console variable; referenced when testing console variable group [sys_spec_physics] = [1]
<23:30:28> [Error] [CVARS]: [MISSING] [e_PhysProxyTriLimit] is not a registered console variable; referenced when testing console variable group [sys_spec_physics] = [1]
<23:30:28> [Error] [CVARS]: [MISSING] [p_max_object_splashes] is not a registered console variable; referenced when testing console variable group [sys_spec_physics] = [1]
<23:30:28> [Error] [CVARS]: [MISSING] [p_max_substeps_large_group] is not a registered console variable; referenced when testing console variable group [sys_spec_physics] = [1]
<23:30:28> [Error] [CVARS]: [MISSING] [p_num_bodies_large_group] is not a registered console variable; referenced when testing console variable group [sys_spec_physics] = [1]
<23:30:28> [Error] [CVARS]: [MISSING] [p_splash_dist0] is not a registered console variable; referenced when testing console variable group [sys_spec_physics] = [1]
<23:30:28> [Error] [CVARS]: [MISSING] [p_splash_dist1] is not a registered console variable; referenced when testing console variable group [sys_spec_physics] = [1]
<23:30:28> [Error] [CVARS]: [MISSING] [p_splash_force0] is not a registered console variable; referenced when testing console variable group [sys_spec_physics] = [1]
<23:30:28> [Error] [CVARS]: [MISSING] [p_splash_force1] is not a registered console variable; referenced when testing console variable group [sys_spec_physics] = [1]
<23:30:28> [Error] [CVARS]: [MISSING] [p_splash_vel0] is not a registered console variable; referenced when testing console variable group [sys_spec_physics] = [1]
<23:30:28> [Error] [CVARS]: [MISSING] [p_splash_vel1] is not a registered console variable; referenced when testing console variable group [sys_spec_physics] = [1]
<23:30:28> [Error] [CVARS]: [MISSING] [e_DynamicLightsMaxEntityLights] is not a registered console variable; referenced when testing console variable group [sys_spec_shading] = [1]
<23:30:28> [Error] [CVARS]: [MISSING] [e_SkyUpdateRate] is not a registered console variable; referenced when testing console variable group [sys_spec_shading] = [1]
<23:30:28> [Error] [CVARS]: [MISSING] [e_svoTI_Apply] is not a registered console variable; referenced when testing console variable group [sys_spec_shading] = [1]
<23:30:28> [Error] [CVARS]: [MISSING] [e_svoTI_RsmConeMaxLength] is not a registered console variable; referenced when testing console variable group [sys_spec_shading] = [1]
<23:30:28> [Error] [CVARS]: [MISSING] [e_svoTI_RsmUseColors] is not a registered console variable; referenced when testing console variable group [sys_spec_shading] = [1]
<23:30:28> [Error] [CVARS]: [MISSING] [e_svoTi_Active] is not a registered console variable; referenced when testing console variable group [sys_spec_shading] = [1]
<23:30:28> [Error] [CVARS]: [MISSING] [e_svoti_LowSpecMode] is not a registered console variable; referenced when testing console variable group [sys_spec_shading] = [1]
<23:30:28> [Error] [CVARS]: [MISSING] [e_LightVolumes] is not a registered console variable; referenced when testing console variable group [sys_spec_shading] = [1]
<23:30:28> [Error] [CVARS]: [MISSING] [e_VegetationUseTerrainColor] is not a registered console variable; referenced when testing console variable group [sys_spec_shading] = [1]
<23:30:28> [Error] [CVARS]: [MISSING] [e_GsmLodsNum] is not a registered console variable; referenced when testing console variable group [sys_spec_shadows] = [1]
<23:30:28> [Error] [CVARS]: [MISSING] [e_GsmRange] is not a registered console variable; referenced when testing console variable group [sys_spec_shadows] = [1]
<23:30:28> [Error] [CVARS]: [MISSING] [e_ObjShadowCastSpec] is not a registered console variable; referenced when testing console variable group [sys_spec_shadows] = [1]
<23:30:28> [Error] [CVARS]: [MISSING] [e_ParticlesShadows] is not a registered console variable; referenced when testing console variable group [sys_spec_shadows] = [1]
<23:30:28> [Error] [CVARS]: [MISSING] [e_Shadows] is not a registered console variable; referenced when testing console variable group [sys_spec_shadows] = [1]
<23:30:28> [Error] [CVARS]: [MISSING] [e_ShadowsBlendCascades] is not a registered console variable; referenced when testing console variable group [sys_spec_shadows] = [1]
<23:30:28> [Error] [CVARS]: [MISSING] [e_ShadowsCastViewDistRatio] is not a registered console variable; referenced when testing console variable group [sys_spec_shadows] = [1]
<23:30:28> [Error] [CVARS]: [MISSING] [e_ShadowsLodBiasFixed] is not a registered console variable; referenced when testing console variable group [sys_spec_shadows] = [1]
<23:30:28> [Error] [CVARS]: [MISSING] [e_ShadowsMaxTexRes] is not a registered console variable; referenced when testing console variable group [sys_spec_shadows] = [1]
<23:30:28> [Error] [CVARS]: [MISSING] [e_ShadowsPoolSize] is not a registered console variable; referenced when testing console variable group [sys_spec_shadows] = [1]
<23:30:28> [Error] [CVARS]: [MISSING] [e_ShadowsResScale] is not a registered console variable; referenced when testing console variable group [sys_spec_shadows] = [1]
<23:30:28> [Error] [CVARS]: [MISSING] [e_ShadowsTessellateCascades] is not a registered console variable; referenced when testing console variable group [sys_spec_shadows] = [1]
<23:30:28> [Error] [CVARS]: [MISSING] [e_ShadowsTessellateDLights] is not a registered console variable; referenced when testing console variable group [sys_spec_shadows] = [1]
<23:30:28> [Error] [CVARS]: [MISSING] [e_ShadowsUpdateViewDistRatio] is not a registered console variable; referenced when testing console variable group [sys_spec_shadows] = [1]
<23:30:28> [Error] [CVARS]: [MISSING] [e_VolumetricFog] is not a registered console variable; referenced when testing console variable group [sys_spec_volumetriceffects] = [1]
<23:30:28> [Error] [CVARS]: [MISSING] [e_fog] is not a registered console variable; referenced when testing console variable group [sys_spec_volumetriceffects] = [1]
<23:30:28> [Error] [CVARS]: [MISSING] [e_Clouds] is not a registered console variable; referenced when testing console variable group [sys_spec_volumetriceffects] = [1]
<23:30:28> [Error] [CVARS]: [MISSING] [e_WaterOceanFFT] is not a registered console variable; referenced when testing console variable group [sys_spec_water] = [1]
<23:30:28> [Error] [CVARS]: [MISSING] [e_WaterTessellationAmount] is not a registered console variable; referenced when testing console variable group [sys_spec_water] = [1]
<23:30:28> [Error] [CVARS]: [MISSING] [e_WaterTessellationAmountX] is not a registered console variable; referenced when testing console variable group [sys_spec_water] = [1]
<23:30:28> [Error] [CVARS]: [MISSING] [e_WaterTessellationAmountY] is not a registered console variable; referenced when testing console variable group [sys_spec_water] = [1]
<23:30:28> [Error] [CVARS]: [MISSING] [e_WaterTessellationSwathWidth] is not a registered console variable; referenced when testing console variable group [sys_spec_water] = [1]
<23:30:28> Loading Config file game.cfg (data\game.cfg)
<23:30:28> [Warning] [CVARS]: [CHANGED] variable [sys_asserts] from [0] to [0]; Marked as [VF_CHEAT]
<23:30:28> [Warning] Modifying marked variables will not be allowed in Release mode!
<23:30:28> Stream Engine Initialization
<23:30:28> GameName: Pandemic Express
<23:30:28> BuildTime: Oct 13 2019 19:15:33
<23:30:28> Physics initialization
<23:30:28> Localized language content(english) not available or modified from the original installation.
<23:30:28> Localized language content(english) not available or modified from the original installation.
<23:30:28> Localized language content(english) not available or modified from the original installation.
<23:30:28> <Audio>: AudioSystem initialization
<23:30:28> <Audio> <0.276>: CryAudioImplWwise loaded
<23:30:30> Renderer initialization
<23:30:30> Logging video adapters:
<23:30:30> - NVIDIA GeForce RTX 3070 (vendor = 0x10de, device = 0x2484)
<23:30:30>   - Adapter index: 0
<23:30:30>   - Dedicated video memory: 8043 MB
<23:30:30>   - Feature level: DX11 (SM 5.0)
<23:30:30>   - Displays connected: yes
<23:30:30>   - Suitable rendering device: yes
<23:30:30> - Microsoft Basic Render Driver (vendor = 0x1414, device = 0x008c)
<23:30:30>   - Adapter index: 1
<23:30:30>   - Dedicated video memory: 0 MB
<23:30:30>   - Feature level: DX11 (SM 5.0)
<23:30:30>   - Displays connected: no
<23:30:30>   - Suitable rendering device: no
<23:30:30> Active GPUs: 1
<23:30:30> [Renderer] A display device has been connected to the system
<23:30:30> Loading plugin CryDefaultEntities
<23:30:30> Loading plugin CrySchematycCore
<23:30:30> DLL Failed to load, error code: 7E
<23:30:30> Loading plugin CrySchematycSTDEnv
<23:30:30> DLL Failed to load, error code: 7E
<23:30:30> Loading plugin CrySensorSystem
<23:30:30> DLL Failed to load, error code: 7E
<23:30:30> Loading extension file cryplugin.csv
<23:30:30> Loading plugin ProcAnRandGenerator.dll
<23:30:30> Loading plugin PlayFab.dll
<23:30:31> Loading plugin CEVPlayer.dll
<23:30:32> Font initialization
<23:30:32> Using FreeType 2.5.5
<23:30:32> Network initialization
<23:30:32> [net] Socket IO management: External [iocp], Internal [iocp]
<23:30:32> network hostname: DESKTOP-GKEDPQ6
<23:30:32>   ip:26.90.194.210
<23:30:32>   ip:192.168.20.21
<23:30:32> [Network Version]: PROFILE DEVELOPMENT BUILD
<23:30:32> MovieSystem initialization
<23:30:32> Console initialization
<23:30:32> Time initialization
<23:30:32> Input initialization
<23:30:32> AI initialization
<23:30:32>  
<23:30:32>     con_debug = 0 []
<23:30:32>     con_display_last_messages = 0 []
<23:30:32>     con_line_buffer_size = 1000 []
<23:30:32>     con_restricted = 0 [RESTRICTEDMODE]
<23:30:32>     con_showonload = 0 []
<23:30:32>  
<23:30:32>     con_debug = 0 []
<23:30:32>     con_display_last_messages = 0 []
<23:30:32>     con_line_buffer_size = 1000 []
<23:30:32>     con_restricted = 0 [RESTRICTEDMODE]
<23:30:32>     con_showonload = 0 []
<23:30:32>  
<23:30:32>     con_debug = 0 []
<23:30:32>  
<23:30:32>     con_debug = 0 []
<23:30:32> Initializing Animation System
<23:30:32> Initializing 3D Engine
<23:30:32> Script System Initialization
<23:30:32> Entity system initialization
<23:30:33> Initializing AI System
<23:30:33> Initializing additional systems
<23:30:33> Dynamic Response System initialization
<23:30:33> DLL Failed to load, error code: 7E
<23:30:33> No Dynamic Response System was loaded from a module, will use the NULL implementation.
<23:30:33> [Steam] Steam API initialized successfully
<23:30:34> <ThreadConfigInfo>: [XML Parsing] Thread with name "Main" already loaded. Overriding with new configuration
<23:30:34> <ThreadConfigInfo>: [XML Parsing] Thread with name "Network" already loaded. Overriding with new configuration
<23:30:34> <ThreadConfigInfo>: [XML Parsing] Thread with name "NetworkStallTicker" already loaded. Overriding with new configuration
<23:30:34> <ThreadConfigInfo>: [XML Parsing] Thread with name "ZLibCompressor" already loaded. Overriding with new configuration
<23:30:34> <ThreadConfigInfo>: [XML Parsing] Thread with name "NetworkStallTicker" already loaded. Overriding with new configuration
<23:30:34> <ThreadConfigInfo>: [XML Parsing] Thread with name "ZLibCompressor" already loaded. Overriding with new configuration
<23:30:34> <ThreadConfigInfo>: [XML Parsing] Thread with name "TelemetryCopier" already loaded. Overriding with new configuration
<23:30:34> <ThreadConfigInfo>: [XML Parsing] Thread with name "StatsAgent" already loaded. Overriding with new configuration
<23:30:34> <ThreadConfigInfo>: Thread profile loaded: "pc_8" (config/game.thread_config)  
<23:30:34> Initializing default materials...
<23:30:40> [MFX] Loading FXLib 'breakables' ...
<23:30:40> [MFX] Loading FXLib 'collisions' ...
<23:30:40> [MFX] Loading FXLib 'foley' ...
<23:30:40> [MFX] Loading FXLib 'foley_grunt' ...
<23:30:40> [MFX] Loading FXLib 'foley_player' ...
<23:30:40> [MFX] Loading FXLib 'footstep_grunt' ...
<23:30:40> [MFX] Loading FXLib 'footstep_player' ...
<23:30:40> [MFX] Loading FXLib 'footsteps' ...
<23:30:40> [MFX] Loading FXLib 'grenade' ...
<23:30:40> [MFX] Loading FXLib 'melee' ...
<23:30:40> [MFX] Loading FXLib 'player_fx' ...
<23:30:40> [MFX] Loading FXLib 'projectiles' ...
<23:30:40> [MFX] Loading FXLib 'tornado' ...
<23:30:40> [MFX] Loading FXLib 'vegetation' ...
<23:30:40> [MFX] Loading FXLib 'vehicles' ...
<23:30:40> [MFX] Loading FXLib 'breakables' ...
<23:30:40> [MFX] Loading FXLib 'collisions' ...
<23:30:40> [MFX] Loading FXLib 'foley' ...
<23:30:40> [MFX] Loading FXLib 'foley_grunt' ...
<23:30:40> [MFX] Loading FXLib 'foley_player' ...
<23:30:40> [MFX] Loading FXLib 'footstep_grunt' ...
<23:30:40> [MFX] Loading FXLib 'footstep_player' ...
<23:30:40> [MFX] Loading FXLib 'footsteps' ...
<23:30:40> [MFX] Loading FXLib 'grenade' ...
<23:30:40> [MFX] Loading FXLib 'melee' ...
<23:30:40> [MFX] Loading FXLib 'player_fx' ...
<23:30:40> [MFX] Loading FXLib 'projectiles' ...
<23:30:40> [MFX] Loading FXLib 'tornado' ...
<23:30:40> [MFX] Loading FXLib 'vegetation' ...
<23:30:40> [MFX] Loading FXLib 'vehicles' ...
<23:30:40> Creating socket on port 2838
<23:30:40> CreateDatagramSocket c1
<23:30:40> CreateDatagramSocket c2
<23:31:18> CreateDatagramSocket c1
<23:31:20> Game rules class: InstantAction
<23:31:20> ============================ PrepareLevel Multiplayer/Purgatorium_Esc ============================
<23:32:11> CryAnimation: character-definition not found: objects/characters/human/sdk_player/sdk_player.cdf
<23:32:11> CryAnimation: character-definition not found: objects/characters/human/sdk_player/sdk_player.cdf
<23:32:11> CryAnimation: character-definition not found: objects/characters/human/sdk_player/sdk_player.cdf
<23:32:11> CryAnimation: character-definition not found: objects/characters/human/sdk_player/sdk_player.cdf
<23:32:11> CryAnimation: character-definition not found: objects/characters/human/sdk_player/sdk_player.cdf
<23:32:11> CryAnimation: character-definition not found: objects/characters/human/sdk_player/sdk_player.cdf
<23:32:11> CryAnimation: character-definition not found: objects/characters/human/sdk_player/sdk_player.cdf
<23:32:11> CryAnimation: character-definition not found: objects/characters/human/sdk_player/sdk_player.cdf
<23:32:11> CryAnimation: character-definition not found: objects/characters/human/sdk_player/sdk_player.cdf
<23:32:11> CryAnimation: character-definition not found: objects/characters/human/sdk_player/sdk_player.cdf
<23:32:11> CryAnimation: character-definition not found: objects/characters/human/sdk_player/sdk_player.cdf
<23:32:11> CryAnimation: character-definition not found: objects/characters/human/sdk_player/sdk_player.cdf
<23:32:11> CryAnimation: character-definition not found: objects/characters/human/sdk_player/sdk_player.cdf
<23:32:11> CryAnimation: character-definition not found: objects/characters/human/sdk_player/sdk_player.cdf
<23:32:11> CryAnimation: character-definition not found: objects/characters/human/sdk_player/sdk_player.cdf
<23:32:11> CryAnimation: character-definition not found: objects/characters/human/sdk_player/sdk_player.cdf
<23:32:11> CryAnimation: character-definition not found: objects/characters/human/sdk_player/sdk_player.cdf
<23:32:11> CryAnimation: character-definition not found: objects/characters/human/sdk_player/sdk_player.cdf
<23:32:14> CryAnimation: character-definition not found: objects/characters/human/sdk_player/sdk_player.cdf
<23:32:14> CryAnimation: character-definition not found: objects/characters/human/sdk_player/sdk_player.cdf
<23:32:14> CryAnimation: character-definition not found: objects/characters/human/sdk_player/sdk_player.cdf
<23:32:15> PLAYERNAME Kornflakes
<23:32:16> CryAnimation: character-definition not found: objects/characters/man.cdf
<23:32:17> CryAnimation: character-definition not found: objects/characters/human/sdk_player/sdk_player.cdf
<23:32:17> CryAnimation: character-definition not found: objects/characters/human/sdk_player/sdk_player.cdf
<23:32:17> CryAnimation: character-definition not found: objects/characters/human/sdk_player/sdk_player.cdf
<23:32:20> sed_prerec_msg 
<23:32:23> ast_used_prerec_msg 
<23:32:25> d_prerec_msg 
<23:33:09> CryAnimation: character-definition not found: objects/characters/human/sdk_player/sdk_player.cdf
<23:33:09> CryAnimation: character-definition not found: objects/characters/human/sdk_player/sdk_player.cdf
<23:33:09> CryAnimation: character-definition not found: objects/characters/human/sdk_player/sdk_player.cdf
<23:33:32> CryAnimation: character-definition not found: objects/characters/human/sdk_player/sdk_player.cdf
<23:33:32> CryAnimation: character-definition not found: objects/characters/human/sdk_player/sdk_player.cdf
<23:33:32> CryAnimation: character-definition not found: objects/characters/human/sdk_player/sdk_player.cdf
<23:34:01> CryAnimation: character-definition not found: objects/characters/human/sdk_player/sdk_player.cdf
<23:34:01> CryAnimation: character-definition not found: objects/characters/human/sdk_player/sdk_player.cdf
<23:34:01> CryAnimation: character-definition not found: objects/characters/human/sdk_player/sdk_player.cdf
<23:35:14> CryAnimation: character-definition not found: objects/characters/human/sdk_player/sdk_player.cdf
<23:35:14> CryAnimation: character-definition not found: objects/characters/human/sdk_player/sdk_player.cdf
<23:35:14> CryAnimation: character-definition not found: objects/characters/human/sdk_player/sdk_player.cdf
<23:35:31> CryAnimation: character-definition not found: objects/characters/human/sdk_player/sdk_player.cdf
<23:35:31> CryAnimation: character-definition not found: objects/characters/human/sdk_player/sdk_player.cdf
<23:35:31> CryAnimation: character-definition not found: objects/characters/human/sdk_player/sdk_player.cdf
<23:35:48> CryAnimation: character-definition not found: objects/characters/human/sdk_player/sdk_player.cdf
<23:35:48> CryAnimation: character-definition not found: objects/characters/human/sdk_player/sdk_player.cdf
<23:35:48> CryAnimation: character-definition not found: objects/characters/human/sdk_player/sdk_player.cdf
<23:35:55> CryAnimation: character-definition not found: objects/characters/human/sdk_player/sdk_player.cdf
<23:35:55> CryAnimation: character-definition not found: objects/characters/human/sdk_player/sdk_player.cdf
<23:35:55> CryAnimation: character-definition not found: objects/characters/human/sdk_player/sdk_player.cdf
<23:36:21> CryAnimation: character-definition not found: objects/characters/human/sdk_player/sdk_player.cdf
<23:36:21> CryAnimation: character-definition not found: objects/characters/human/sdk_player/sdk_player.cdf
<23:36:21> CryAnimation: character-definition not found: objects/characters/human/sdk_player/sdk_player.cdf
<23:36:44> CryAnimation: character-definition not found: objects/characters/human/sdk_player/sdk_player.cdf
<23:36:44> CryAnimation: character-definition not found: objects/characters/human/sdk_player/sdk_player.cdf
<23:36:44> CryAnimation: character-definition not found: objects/characters/human/sdk_player/sdk_player.cdf
<23:36:51> CryAnimation: character-definition not found: objects/characters/human/sdk_player/sdk_player.cdf
<23:36:51> CryAnimation: character-definition not found: objects/characters/human/sdk_player/sdk_player.cdf
<23:36:51> CryAnimation: character-definition not found: objects/characters/human/sdk_player/sdk_player.cdf
<23:37:13> ast_used_prerec_msg 
<23:37:43> CryAnimation: character-definition not found: objects/characters/human/sdk_player/sdk_player.cdf
<23:37:43> CryAnimation: character-definition not found: objects/characters/human/sdk_player/sdk_player.cdf
<23:37:43> CryAnimation: character-definition not found: objects/characters/human/sdk_player/sdk_player.cdf
<23:38:37> d_prerec_msg 
<23:38:39> ast_used_prerec_msg 
<23:38:41> ast_used_prerec_msg 
<23:38:49> used_prerec_msg 
<23:38:49> d_prerec_msg 
<23:38:51> t_used_prerec_msg 
<23:38:58> CryAnimation: character-definition not found: objects/characters/human/sdk_player/sdk_player.cdf
<23:38:58> CryAnimation: character-definition not found: objects/characters/human/sdk_player/sdk_player.cdf
<23:38:58> CryAnimation: character-definition not found: objects/characters/human/sdk_player/sdk_player.cdf
<23:39:49> CryAnimation: character-definition not found: objects/characters/human/sdk_player/sdk_player.cdf
<23:39:49> CryAnimation: character-definition not found: objects/characters/human/sdk_player/sdk_player.cdf
<23:39:49> CryAnimation: character-definition not found: objects/characters/human/sdk_player/sdk_player.cdf
<23:40:14> CVehicleSeat::NetSetPassengerId c2
<23:40:14> CVehicleSeat::Enter called
<23:40:21> CryAnimation: character-definition not found: objects/characters/human/sdk_player/sdk_player.cdf
<23:40:21> CryAnimation: character-definition not found: objects/characters/human/sdk_player/sdk_player.cdf
<23:40:21> CryAnimation: character-definition not found: objects/characters/human/sdk_player/sdk_player.cdf
<23:40:28> CVehicleSeat::Exit called
<23:40:28> CVehicleSeat::Exit called c2
<23:40:28> ClProcessLeave call
<23:40:31> CHUDNv::showPickArmorGradient()
<23:40:32> CVehicleSeat::NetSetPassengerId c2
<23:40:32> CVehicleSeat::Enter called
<23:40:33> CHUDNv::showPickArmorGradient()
<23:40:38> CHUDNv::showPickArmorGradient()
<23:40:52> CVehicleSeat::Exit called
<23:40:52> CVehicleSeat::Exit called c2
<23:40:52> ClProcessLeave call
<23:41:32> CHUDNv::showPickArmorGradient()
<23:42:15> CVehicleSeat::NetSetPassengerId c2
<23:42:15> CVehicleSeat::Enter called
<23:42:20> CVehicleSeat::NetSetPassengerId c2
<23:42:20> CVehicleSeat::Enter called
<23:42:28> CVehicleSeat::Exit called
<23:42:28> CVehicleSeat::Exit called c2
<23:42:28> ClProcessLeave call
<23:42:46> CVehicleSeat::Exit called
<23:42:46> CVehicleSeat::Exit called c2
<23:42:46> ClProcessLeave call
<23:43:54> d_prerec_msg 
<23:43:56> ClReplDropOpen !params.r_openedDr
<23:44:10> d_prerec_msg 
<23:44:21> ClReplDropOpen !params.r_openedDr
<23:44:50> ClReplDropOpen !params.r_openedDr
<23:44:50> ClReplDropOpen !params.r_openedDr
<23:48:44> CTrain::SmplPlaySnd train_gts
<23:49:18> CHUDNv::showPickArmorGradient()
<23:49:18> CHUDNv::showPickArmorGradient()
<23:50:05> st_used_prerec_msg 
<23:50:09> st_used_prerec_msg 
<23:50:20> CTrain::SmplPlaySnd train_gts
<23:50:27> CTrain::SmplPlaySnd train_gts
<23:50:45> CTrain::SmplPlaySnd train_gts
<23:51:12> ast_used_prerec_msg 
<23:51:39> ast_used_prerec_msg 
<23:52:50> CryAnimation: character-definition not found: objects/characters/human/sdk_player/sdk_player.cdf
<23:52:50> CryAnimation: character-definition not found: objects/characters/human/sdk_player/sdk_player.cdf
<23:52:50> CryAnimation: character-definition not found: objects/characters/human/sdk_player/sdk_player.cdf
<23:52:58> CGameClientChannel::Release
<23:52:58> gEnv->pRenderer->Draw2dImage XXX
<23:53:01> remapped bone indices with refcount '4294967293' still around for 'zombiemodelnew/conserve_fp_nonmm.skin 0x0000027B5A1438E0
<23:53:01> remapped bone indices with refcount '4294967293' still around for 'objects/zhg_objects/characters/conserve/conserve_head.skin 0x0000027B5A1432A0
<23:53:01> remapped bone indices with refcount '4294967294' still around for 'objects/zhg_objects/characters/sets/vanityset/vanityset_torso.skin 0x0000027B42EC3CC0
<23:53:01> remapped bone indices with refcount '4294967294' still around for 'objects/zhg_objects/characters/sets/vanityset/vanityset_torso.skin 0x0000027B42EC3680
<23:53:01> remapped bone indices with refcount '4294967294' still around for 'objects/zhg_objects/characters/sets/vanityset/vanityset_torso.skin 0x0000027B42EC2A00
<23:53:01> remapped bone indices with refcount '4294967294' still around for 'objects/zhg_objects/characters/sets/vanityset/vanityset_pants.skin 0x0000027B42EC39A0
<23:53:01> remapped bone indices with refcount '4294967294' still around for 'objects/zhg_objects/characters/sets/vanityset/vanityset_pants.skin 0x0000027B42EC26E0
<23:53:01> remapped bone indices with refcount '4294967294' still around for 'objects/zhg_objects/characters/sets/vanityset/vanityset_pants.skin 0x0000027B42EC52A0
<23:53:01> remapped bone indices with refcount '4294967294' still around for 'objects/zhg_objects/characters/sets/vanityset/vanityset_head.skin 0x0000027B42EC3040
<23:53:01> remapped bone indices with refcount '4294967294' still around for 'objects/zhg_objects/characters/sets/vanityset/vanityset_head.skin 0x0000027B42EC4C60
<23:53:01> remapped bone indices with refcount '4294967294' still around for 'objects/zhg_objects/characters/sets/vanityset/vanityset_head.skin 0x0000027B42EC23C0
<23:53:01> remapped bone indices with refcount '4294967294' still around for 'objects/zhg_objects/characters/sets/safetyset/safetyset_head.skin 0x0000027B42EC4300
<23:53:01> remapped bone indices with refcount '4294967294' still around for 'objects/zhg_objects/characters/sets/safetyset/safetyset_head.skin 0x0000027B42EC58E0
<23:53:01> remapped bone indices with refcount '4294967294' still around for 'objects/zhg_objects/characters/sets/safetyset/safetyset_head.skin 0x0000027B42EC55C0
<23:53:01> remapped bone indices with refcount '4294967290' still around for 'objects/zhg_objects/characters/sets/rebellionset/rebellionset_torso.skin 0x0000027B42EC4940
<23:53:01> remapped bone indices with refcount '4294967290' still around for 'objects/zhg_objects/characters/sets/rebellionset/rebellionset_torso.skin 0x0000027B42EC4620
<23:53:01> remapped bone indices with refcount '4294967290' still around for 'objects/zhg_objects/characters/sets/rebellionset/rebellionset_torso.skin 0x0000027B42EC5C00
<23:53:01> remapped bone indices with refcount '4294967292' still around for 'objects/zhg_objects/characters/sets/rebellionset/rebellionset_pants.skin 0x0000027B42EC20A0
<23:53:01> remapped bone indices with refcount '4294967292' still around for 'objects/zhg_objects/characters/sets/rebellionset/rebellionset_pants.skin 0x0000027B42EC4F80
<23:53:01> remapped bone indices with refcount '4294967292' still around for 'objects/zhg_objects/characters/sets/rebellionset/rebellionset_pants.skin 0x0000027B42EC2D20
<23:53:01> remapped bone indices with refcount '4294967294' still around for 'objects/zhg_objects/characters/sets/rebellionset/rebellionset_head.skin 0x0000027B42EC3FE0
<23:53:01> remapped bone indices with refcount '4294967294' still around for 'objects/zhg_objects/characters/sets/rebellionset/rebellionset_head.skin 0x0000027B42EC3360
<23:53:01> remapped bone indices with refcount '4294967294' still around for 'objects/zhg_objects/characters/sets/rebellionset/rebellionset_head.skin 0x0000027B42DA5CC0
<23:53:01> remapped bone indices with refcount '4294967292' still around for 'objects/zhg_objects/characters/sets/rebellionset/rebelliomset_hands.skin 0x0000027B42DA59A0
<23:53:01> remapped bone indices with refcount '4294967292' still around for 'objects/zhg_objects/characters/sets/rebellionset/rebelliomset_hands.skin 0x0000027B42DA5680
<23:53:01> remapped bone indices with refcount '4294967292' still around for 'objects/zhg_objects/characters/sets/rebellionset/rebelliomset_hands.skin 0x0000027B42DA5040
<23:53:01> remapped bone indices with refcount '4294967292' still around for 'objects/zhg_objects/characters/sets/rebellionset/rebelliomset_hands.skin 0x0000027B42DA4A00
<23:53:01> remapped bone indices with refcount '4294967294' still around for 'objects/zhg_objects/characters/sets/loverset/loverset_torso.skin 0x0000027B42DA46E0
<23:53:01> remapped bone indices with refcount '4294967294' still around for 'objects/zhg_objects/characters/sets/loverset/loverset_torso.skin 0x0000027B42DA43C0
<23:53:01> remapped bone indices with refcount '4294967294' still around for 'objects/zhg_objects/characters/sets/loverset/loverset_torso.skin 0x0000027B42DA4D20
<23:53:01> remapped bone indices with refcount '4294967294' still around for 'objects/zhg_objects/characters/sets/loverset/loverset_head.skin 0x0000027B42DA72A0
<23:53:01> remapped bone indices with refcount '4294967294' still around for 'objects/zhg_objects/characters/sets/loverset/loverset_head.skin 0x0000027B42DA5360
<23:53:01> remapped bone indices with refcount '4294967294' still around for 'objects/zhg_objects/characters/sets/loverset/loverset_head.skin 0x0000027B42DA7C00
<23:53:01> remapped bone indices with refcount '4294967294' still around for 'objects/zhg_objects/characters/sets/leaderset/leaderset_torso.skin 0x0000027B42DA6C60
<23:53:01> remapped bone indices with refcount '4294967294' still around for 'objects/zhg_objects/characters/sets/leaderset/leaderset_torso.skin 0x0000027B42DA40A0
<23:53:01> remapped bone indices with refcount '4294967294' still around for 'objects/zhg_objects/characters/sets/leaderset/leaderset_torso.skin 0x0000027B42DA6300
<23:53:01> remapped bone indices with refcount '4294967294' still around for 'objects/zhg_objects/characters/sets/leaderset/leaderset_pants.skin 0x0000027B42DA78E0
<23:53:01> remapped bone indices with refcount '4294967294' still around for 'objects/zhg_objects/characters/sets/leaderset/leaderset_pants.skin 0x0000027B42DA6940
<23:53:01> remapped bone indices with refcount '4294967294' still around for 'objects/zhg_objects/characters/sets/leaderset/leaderset_pants.skin 0x0000027B42DA75C0
<23:53:01> remapped bone indices with refcount '4294967294' still around for 'objects/zhg_objects/characters/sets/leaderset/leaderset_head.skin 0x0000027B42DA6F80
<23:53:01> remapped bone indices with refcount '4294967294' still around for 'objects/zhg_objects/characters/sets/leaderset/leaderset_head.skin 0x0000027B42DA6620
<23:53:01> remapped bone indices with refcount '4294967294' still around for 'objects/zhg_objects/characters/sets/leaderset/leaderset_head.skin 0x0000027B42DA5FE0
<23:53:01> remapped bone indices with refcount '4294967294' still around for 'objects/zhg_objects/characters/sets/hopefullset/hopefullset_torso.skin 0x0000027B4236D6B0
<23:53:01> remapped bone indices with refcount '4294967294' still around for 'objects/zhg_objects/characters/sets/hopefullset/hopefullset_torso.skin 0x0000027B42370270
<23:53:01> remapped bone indices with refcount '4294967294' still around for 'objects/zhg_objects/characters/sets/hopefullset/hopefullset_torso.skin 0x0000027B4236E330
<23:53:01> remapped bone indices with refcount '4294967294' still around for 'objects/zhg_objects/characters/sets/hopefullset/hopefullset_pants.skin 0x0000027B4236F910
<23:53:01> remapped bone indices with refcount '4294967294' still around for 'objects/zhg_objects/characters/sets/hopefullset/hopefullset_pants.skin 0x0000027B4236E010
<23:53:01> remapped bone indices with refcount '4294967294' still around for 'objects/zhg_objects/characters/sets/hopefullset/hopefullset_pants.skin 0x0000027B4236F5F0
<23:53:01> remapped bone indices with refcount '4294967294' still around for 'objects/zhg_objects/characters/sets/hopefullset/hopefullset_head.skin 0x0000027B4236F2D0
<23:53:01> remapped bone indices with refcount '4294967294' still around for 'objects/zhg_objects/characters/sets/hopefullset/hopefullset_head.skin 0x0000027B4236DCF0
<23:53:01> remapped bone indices with refcount '4294967294' still around for 'objects/zhg_objects/characters/sets/hopefullset/hopefullset_head.skin 0x0000027B4236D390
<23:53:01> remapped bone indices with refcount '4294967294' still around for 'objects/zhg_objects/characters/sets/doubtset/doubtset_head.skin 0x0000027B4236D9D0
<23:53:06> CreateDatagramSocket c1
<23:53:09> Game rules class: InstantAction
<23:53:09> ============================ PrepareLevel Multiplayer/Purgatorium_Esc_Cw ============================
<23:53:09> Initializing default materials...
<23:53:15> [MFX] Loading FXLib 'breakables' ...
<23:53:15> [MFX] Loading FXLib 'collisions' ...
<23:53:15> [MFX] Loading FXLib 'foley' ...
<23:53:15> [MFX] Loading FXLib 'foley_grunt' ...
<23:53:15> [MFX] Loading FXLib 'foley_player' ...
<23:53:15> [MFX] Loading FXLib 'footstep_grunt' ...
<23:53:15> [MFX] Loading FXLib 'footstep_player' ...
<23:53:15> [MFX] Loading FXLib 'footsteps' ...
<23:53:15> [MFX] Loading FXLib 'grenade' ...
<23:53:15> [MFX] Loading FXLib 'melee' ...
<23:53:15> [MFX] Loading FXLib 'player_fx' ...
<23:53:15> [MFX] Loading FXLib 'projectiles' ...
<23:53:15> [MFX] Loading FXLib 'tornado' ...
<23:53:15> [MFX] Loading FXLib 'vegetation' ...
<23:53:15> [MFX] Loading FXLib 'vehicles' ...
<23:53:32> CryAnimation: character-definition not found: objects/characters/human/sdk_player/sdk_player.cdf
<23:53:32> CryAnimation: character-definition not found: objects/characters/human/sdk_player/sdk_player.cdf
<23:53:32> CryAnimation: character-definition not found: objects/characters/human/sdk_player/sdk_player.cdf
<23:53:32> CryAnimation: character-definition not found: objects/characters/human/sdk_player/sdk_player.cdf
<23:53:32> CryAnimation: character-definition not found: objects/characters/human/sdk_player/sdk_player.cdf
<23:53:32> CryAnimation: character-definition not found: objects/characters/human/sdk_player/sdk_player.cdf
<23:53:32> CryAnimation: character-definition not found: objects/characters/human/sdk_player/sdk_player.cdf
<23:53:32> CryAnimation: character-definition not found: objects/characters/human/sdk_player/sdk_player.cdf
<23:53:32> CryAnimation: character-definition not found: objects/characters/human/sdk_player/sdk_player.cdf
<23:53:32> CryAnimation: character-definition not found: objects/characters/human/sdk_player/sdk_player.cdf
<23:53:32> CryAnimation: character-definition not found: objects/characters/human/sdk_player/sdk_player.cdf
<23:53:32> CryAnimation: character-definition not found: objects/characters/human/sdk_player/sdk_player.cdf
<23:53:32> CryAnimation: character-definition not found: objects/characters/human/sdk_player/sdk_player.cdf
<23:53:32> CryAnimation: character-definition not found: objects/characters/human/sdk_player/sdk_player.cdf
<23:53:32> CryAnimation: character-definition not found: objects/characters/human/sdk_player/sdk_player.cdf
<23:53:32> CryAnimation: character-definition not found: objects/characters/human/sdk_player/sdk_player.cdf
<23:53:32> CryAnimation: character-definition not found: objects/characters/human/sdk_player/sdk_player.cdf
<23:53:32> CryAnimation: character-definition not found: objects/characters/human/sdk_player/sdk_player.cdf
<23:53:32> CryAnimation: character-definition not found: objects/characters/human/sdk_player/sdk_player.cdf
<23:53:32> CryAnimation: character-definition not found: objects/characters/human/sdk_player/sdk_player.cdf
<23:53:32> CryAnimation: character-definition not found: objects/characters/human/sdk_player/sdk_player.cdf
<23:53:32> CryAnimation: character-definition not found: objects/characters/human/sdk_player/sdk_player.cdf
<23:53:32> CryAnimation: character-definition not found: objects/characters/human/sdk_player/sdk_player.cdf
<23:53:32> CryAnimation: character-definition not found: objects/characters/human/sdk_player/sdk_player.cdf
<23:53:32> CryAnimation: character-definition not found: objects/characters/human/sdk_player/sdk_player.cdf
<23:53:32> CryAnimation: character-definition not found: objects/characters/human/sdk_player/sdk_player.cdf
<23:53:32> CryAnimation: character-definition not found: objects/characters/human/sdk_player/sdk_player.cdf
<23:53:33> CryAnimation: character-definition not found: objects/characters/human/sdk_player/sdk_player.cdf
<23:53:33> CryAnimation: character-definition not found: objects/characters/human/sdk_player/sdk_player.cdf
<23:53:33> CryAnimation: character-definition not found: objects/characters/human/sdk_player/sdk_player.cdf
<23:53:33> CryAnimation: character-definition not found: objects/characters/human/sdk_player/sdk_player.cdf
<23:53:33> CryAnimation: character-definition not found: objects/characters/human/sdk_player/sdk_player.cdf
<23:53:33> CryAnimation: character-definition not found: objects/characters/human/sdk_player/sdk_player.cdf
<23:53:33> CryAnimation: character-definition not found: objects/characters/human/sdk_player/sdk_player.cdf
<23:53:33> CryAnimation: character-definition not found: objects/characters/human/sdk_player/sdk_player.cdf
<23:53:33> CryAnimation: character-definition not found: objects/characters/human/sdk_player/sdk_player.cdf
<23:53:33> CryAnimation: character-definition not found: objects/characters/human/sdk_player/sdk_player.cdf
<23:53:33> CryAnimation: character-definition not found: objects/characters/human/sdk_player/sdk_player.cdf
<23:53:33> CryAnimation: character-definition not found: objects/characters/human/sdk_player/sdk_player.cdf
<23:53:33> CryAnimation: character-definition not found: objects/characters/human/sdk_player/sdk_player.cdf
<23:53:33> CryAnimation: character-definition not found: objects/characters/human/sdk_player/sdk_player.cdf
<23:53:33> CryAnimation: character-definition not found: objects/characters/human/sdk_player/sdk_player.cdf
<23:53:35> d_prerec_msg 
<23:53:36> ast_used_prerec_msg 
<23:53:37> CryAnimation: character-definition not found: objects/characters/human/sdk_player/sdk_player.cdf
<23:53:37> CryAnimation: character-definition not found: objects/characters/human/sdk_player/sdk_player.cdf
<23:53:37> CryAnimation: character-definition not found: objects/characters/human/sdk_player/sdk_player.cdf
<23:53:39> PLAYERNAME Kornflakes
<23:53:39> CryAnimation: character-definition not found: objects/characters/man.cdf
<23:53:39> CryAnimation: character-definition not found: objects/characters/human/sdk_player/sdk_player.cdf
<23:53:39> CryAnimation: character-definition not found: objects/characters/human/sdk_player/sdk_player.cdf
<23:53:39> CryAnimation: character-definition not found: objects/characters/human/sdk_player/sdk_player.cdf
<23:53:40> CryAnimation: character-definition not found: objects/characters/human/sdk_player/sdk_player.cdf
<23:53:40> CryAnimation: character-definition not found: objects/characters/human/sdk_player/sdk_player.cdf
<23:53:40> CryAnimation: character-definition not found: objects/characters/human/sdk_player/sdk_player.cdf
<23:53:40> CryAnimation: character-definition not found: objects/characters/human/sdk_player/sdk_player.cdf
<23:53:40> CryAnimation: character-definition not found: objects/characters/human/sdk_player/sdk_player.cdf
<23:53:40> CryAnimation: character-definition not found: objects/characters/human/sdk_player/sdk_player.cdf
<23:53:41> d_prerec_msg 
<23:53:42> CryAnimation: character-definition not found: objects/characters/human/sdk_player/sdk_player.cdf
<23:53:42> CryAnimation: character-definition not found: objects/characters/human/sdk_player/sdk_player.cdf
<23:53:42> CryAnimation: character-definition not found: objects/characters/human/sdk_player/sdk_player.cdf
<23:53:42> sed_prerec_msg 
<23:53:42> ast_used_prerec_msg 
<23:53:44> ast_used_prerec_msg 
<23:53:44> sed_prerec_msg 
<23:53:54> sed_prerec_msg 
<23:53:58> sed_prerec_msg 
<23:53:58> sed_prerec_msg 
<23:54:00> sed_prerec_msg 
<23:54:08> st_used_prerec_msg 
<23:54:10> t_used_prerec_msg 
<23:54:13> sed_prerec_msg 
<23:54:15> _used_prerec_msg 
<23:54:16> sed_prerec_msg 
<23:54:18> _used_prerec_msg 
<23:54:20> CryAnimation: character-definition not found: objects/characters/human/sdk_player/sdk_player.cdf
<23:54:20> CryAnimation: character-definition not found: objects/characters/human/sdk_player/sdk_player.cdf
<23:54:20> CryAnimation: character-definition not found: objects/characters/human/sdk_player/sdk_player.cdf
<23:54:20> CryAnimation: character-definition not found: objects/characters/human/sdk_player/sdk_player.cdf
<23:54:20> CryAnimation: character-definition not found: objects/characters/human/sdk_player/sdk_player.cdf
<23:54:20> CryAnimation: character-definition not found: objects/characters/human/sdk_player/sdk_player.cdf
<23:54:20> CryAnimation: character-definition not found: objects/characters/human/sdk_player/sdk_player.cdf
<23:54:20> CryAnimation: character-definition not found: objects/characters/human/sdk_player/sdk_player.cdf
<23:54:20> CryAnimation: character-definition not found: objects/characters/human/sdk_player/sdk_player.cdf
<23:54:21> _used_prerec_msg 
<23:54:50> sed_prerec_msg 
<23:54:52> _used_prerec_msg 
<23:54:54> d_prerec_msg 
<23:54:56> sed_prerec_msg 
<23:55:29> d_prerec_msg 
<23:55:33> CryAnimation: character-definition not found: objects/characters/human/sdk_player/sdk_player.cdf
<23:55:33> CryAnimation: character-definition not found: objects/characters/human/sdk_player/sdk_player.cdf
<23:55:33> CryAnimation: character-definition not found: objects/characters/human/sdk_player/sdk_player.cdf
<23:55:33> d_prerec_msg 
<23:55:36> ast_used_prerec_msg 
<23:55:38> sed_prerec_msg 
<23:55:40> ast_used_prerec_msg 
<23:55:41> sed_prerec_msg 
<23:55:42> CHUDNv::showPickArmorGradient()
<23:55:44> CHUDNv::showPickArmorGradient()
<23:55:52> CHUDNv::showPickArmorGradient()
<23:57:07> CVehicleSeat::NetSetPassengerId c2
<23:57:07> CVehicleSeat::Enter called
<23:57:09> CVehicleSeat::Exit called
<23:57:09> CVehicleSeat::Exit called c2
<23:57:09> ClProcessLeave call
<23:57:11> CVehicleSeat::NetSetPassengerId c2
<23:57:11> CVehicleSeat::Enter called
<23:57:11> CVehicleSeat::Exit called
<23:57:11> CVehicleSeat::Exit called c2
<23:57:11> ClProcessLeave call
<23:57:13> CVehicleSeat::NetSetPassengerId c2
<23:57:13> CVehicleSeat::Enter called
<23:57:31> CVehicleSeat::Exit called
<23:57:31> CVehicleSeat::Exit called c2
<23:57:31> ClProcessLeave call
<23:57:59> ClReplDropOpen !params.r_openedDr
<23:58:19> d_prerec_msg 
<23:58:26> CVehicleSeat::NetSetPassengerId c2
<23:58:26> CVehicleSeat::Enter called
<23:58:40> ast_used_prerec_msg 
<23:58:50> CVehicleSeat::Exit called
<23:58:50> CVehicleSeat::Exit called c2
<23:58:50> ClProcessLeave call
<00:00:34> CVehicleSeat::NetSetPassengerId c2
<00:00:34> CVehicleSeat::Enter called
<00:00:44> CVehicleSeat::Exit called
<00:00:44> CVehicleSeat::Exit called c2
<00:00:44> ClProcessLeave call
<00:00:51> ast_used_prerec_msg 
<00:00:51> CHUDNv::showPickArmorGradient()
<00:01:19> CVehicleSeat::NetSetPassengerId c2
<00:01:19> CVehicleSeat::Enter called
<00:01:37> CryAnimation: character-definition not found: objects/characters/human/sdk_player/sdk_player.cdf
<00:01:37> CryAnimation: character-definition not found: objects/characters/human/sdk_player/sdk_player.cdf
<00:01:37> CryAnimation: character-definition not found: objects/characters/human/sdk_player/sdk_player.cdf
<00:01:41> ed_prerec_msg 
<00:01:44> d_prerec_msg 
<00:01:55> CVehicleSeat::NetSetPassengerId c2
<00:01:55> CVehicleSeat::Enter called
<00:02:03> CVehicleSeat::Exit called
<00:02:03> CVehicleSeat::Exit called c2
<00:02:03> ClProcessLeave call
<00:02:13> CVehicleSeat::NetSetPassengerId c2
<00:02:13> CVehicleSeat::Enter called
<00:02:15> CVehicleSeat::NetSetPassengerId c2
<00:02:15> CVehicleSeat::Enter called
<00:02:15> CVehicleSeat::Exit called
<00:02:15> CVehicleSeat::Exit called c2
<00:02:15> ClProcessLeave call
<00:02:18> CVehicleSeat::Exit called
<00:02:18> CVehicleSeat::Exit called c2
<00:02:18> ClProcessLeave call
<00:02:37> CVehicleSeat::Exit called
<00:02:37> CVehicleSeat::Exit called c2
<00:02:37> ClProcessLeave call
<00:02:47> d_prerec_msg 
<00:02:55> sed_prerec_msg 
<00:02:59> CVehicleSeat::NetSetPassengerId c2
<00:02:59> CVehicleSeat::Enter called
<00:03:01> CVehicleSeat::Exit called
<00:03:01> CVehicleSeat::Exit called c2
<00:03:01> ClProcessLeave call
<00:03:02> used_prerec_msg 
<00:03:29> ed_prerec_msg 
<00:03:32> ed_prerec_msg 
<00:03:49> d_prerec_msg 
<00:04:00> d_prerec_msg 
<00:04:23> CTrain::SmplPlaySnd train_gts
<00:04:45> ed_prerec_msg 
<00:04:58> d_prerec_msg 
<00:05:01> d_prerec_msg 
<00:05:04> ed_prerec_msg 
<00:05:49> d_prerec_msg 
<00:05:51> t_used_prerec_msg 
<00:05:52> d_prerec_msg 
<00:05:55> st_used_prerec_msg 
<00:06:09> sed_prerec_msg 
<00:06:41> CGameClientChannel::Release
<00:06:41> gEnv->pRenderer->Draw2dImage XXX
<00:06:42> BaseInput - Shutting down all force feedback
<00:06:42> ActionGame - Shutting down all force feedback
<00:06:42> CNetSyncSystem::~CNetSyncSystem & Crush?! packets_temp_bf(temp packet data buffs)
<00:06:42> remapped bone indices with refcount '4294967294' still around for 'zombiemodelnew/conserve_fp_nonmm.skin 0x0000027BFB3A6780
<00:06:42> remapped bone indices with refcount '4294967295' still around for 'objects/zhg_objects/characters/conserve/conserve_head.skin 0x0000027BFB3A7400
<00:06:42> remapped bone indices with refcount '4294967288' still around for 'objects/zhg_objects/characters/sets/vanityset/vanityset_torso.skin 0x0000027BFB3A9660
<00:06:42> remapped bone indices with refcount '4294967288' still around for 'objects/zhg_objects/characters/sets/vanityset/vanityset_torso.skin 0x0000027BFB3A4E80
<00:06:42> remapped bone indices with refcount '4294967288' still around for 'objects/zhg_objects/characters/sets/vanityset/vanityset_torso.skin 0x0000027BFB3A6DC0
<00:06:42> remapped bone indices with refcount '4294967288' still around for 'objects/zhg_objects/characters/sets/vanityset/vanityset_pants.skin 0x0000027BFB3A9020
<00:06:42> remapped bone indices with refcount '4294967288' still around for 'objects/zhg_objects/characters/sets/vanityset/vanityset_pants.skin 0x0000027BFB3AB280
<00:06:42> remapped bone indices with refcount '4294967288' still around for 'objects/zhg_objects/characters/sets/vanityset/vanityset_pants.skin 0x0000027BFB3A6140
<00:06:42> remapped bone indices with refcount '4294967288' still around for 'objects/zhg_objects/characters/sets/vanityset/vanityset_head.skin 0x0000027BFB3A4B60
<00:06:42> remapped bone indices with refcount '4294967288' still around for 'objects/zhg_objects/characters/sets/vanityset/vanityset_head.skin 0x0000027BFB3A9340
<00:06:42> remapped bone indices with refcount '4294967288' still around for 'objects/zhg_objects/characters/sets/vanityset/vanityset_head.skin 0x0000027BFB3AA600
<00:06:42> remapped bone indices with refcount '4294967288' still around for 'objects/zhg_objects/characters/sets/safetyset/safetyset_head.skin 0x0000027BFB3A3580
<00:06:42> remapped bone indices with refcount '4294967288' still around for 'objects/zhg_objects/characters/sets/safetyset/safetyset_head.skin 0x0000027BFB3A3260
<00:06:42> remapped bone indices with refcount '4294967288' still around for 'objects/zhg_objects/characters/sets/safetyset/safetyset_head.skin 0x0000027BFB3A25E0
<00:06:42> remapped bone indices with refcount '4294967270' still around for 'objects/zhg_objects/characters/sets/rebellionset/rebellionset_torso.skin 0x0000027BFB3A2F40
<00:06:42> remapped bone indices with refcount '4294967270' still around for 'objects/zhg_objects/characters/sets/rebellionset/rebellionset_torso.skin 0x0000027BFB3A2C20
<00:06:42> remapped bone indices with refcount '4294967270' still around for 'objects/zhg_objects/characters/sets/rebellionset/rebellionset_torso.skin 0x0000027BFB3A2900
<00:06:42> remapped bone indices with refcount '4294967279' still around for 'objects/zhg_objects/characters/sets/rebellionset/rebellionset_pants.skin 0x0000027BFB39A8E0
<00:06:42> remapped bone indices with refcount '4294967279' still around for 'objects/zhg_objects/characters/sets/rebellionset/rebellionset_pants.skin 0x0000027BFB3A22C0
<00:06:42> remapped bone indices with refcount '4294967279' still around for 'objects/zhg_objects/characters/sets/rebellionset/rebellionset_pants.skin 0x0000027BFB3A1C80
<00:06:42> remapped bone indices with refcount '4294967288' still around for 'objects/zhg_objects/characters/sets/rebellionset/rebellionset_head.skin 0x0000027BFB39C820
<00:06:42> remapped bone indices with refcount '4294967288' still around for 'objects/zhg_objects/characters/sets/rebellionset/rebellionset_head.skin 0x0000027BFB3A1960
<00:06:42> remapped bone indices with refcount '4294967288' still around for 'objects/zhg_objects/characters/sets/rebellionset/rebellionset_head.skin 0x0000027BFB3A1640
<00:06:42> remapped bone indices with refcount '4294967279' still around for 'objects/zhg_objects/characters/sets/rebellionset/rebelliomset_hands.skin 0x0000027BFB3A1320
<00:06:42> remapped bone indices with refcount '4294967279' still around for 'objects/zhg_objects/characters/sets/rebellionset/rebelliomset_hands.skin 0x0000027BFB3A1000
<00:06:42> remapped bone indices with refcount '4294967279' still around for 'objects/zhg_objects/characters/sets/rebellionset/rebelliomset_hands.skin 0x0000027BFB3A09C0
<00:06:42> remapped bone indices with refcount '4294967279' still around for 'objects/zhg_objects/characters/sets/rebellionset/rebelliomset_hands.skin 0x0000027BFB39AC00
<00:06:42> remapped bone indices with refcount '4294967288' still around for 'objects/zhg_objects/characters/sets/loverset/loverset_torso.skin 0x0000027BFB3A1FA0
<00:06:42> remapped bone indices with refcount '4294967288' still around for 'objects/zhg_objects/characters/sets/loverset/loverset_torso.skin 0x0000027BFB39B240
<00:06:42> remapped bone indices with refcount '4294967288' still around for 'objects/zhg_objects/characters/sets/loverset/loverset_torso.skin 0x0000027BFB3A0380
<00:06:42> remapped bone indices with refcount '4294967288' still around for 'objects/zhg_objects/characters/sets/loverset/loverset_head.skin 0x0000027BFB39C500
<00:06:42> remapped bone indices with refcount '4294967288' still around for 'objects/zhg_objects/characters/sets/loverset/loverset_head.skin 0x0000027BFB39C1E0
<00:06:42> remapped bone indices with refcount '4294967288' still around for 'objects/zhg_objects/characters/sets/loverset/loverset_head.skin 0x0000027BFB3A0060
<00:06:42> remapped bone indices with refcount '4294967288' still around for 'objects/zhg_objects/characters/sets/leaderset/leaderset_torso.skin 0x0000027BFB39FD40
<00:06:42> remapped bone indices with refcount '4294967288' still around for 'objects/zhg_objects/characters/sets/leaderset/leaderset_torso.skin 0x0000027BFB3A0CE0
<00:06:42> remapped bone indices with refcount '4294967288' still around for 'objects/zhg_objects/characters/sets/leaderset/leaderset_torso.skin 0x0000027BFB39FA20
<00:06:42> remapped bone indices with refcount '4294967288' still around for 'objects/zhg_objects/characters/sets/leaderset/leaderset_pants.skin 0x0000027BFB39AF20
<00:06:42> remapped bone indices with refcount '4294967288' still around for 'objects/zhg_objects/characters/sets/leaderset/leaderset_pants.skin 0x0000027BFB3A06A0
<00:06:42> remapped bone indices with refcount '4294967288' still around for 'objects/zhg_objects/characters/sets/leaderset/leaderset_pants.skin 0x0000027BFB397D20
<00:06:42> remapped bone indices with refcount '4294967288' still around for 'objects/zhg_objects/characters/sets/leaderset/leaderset_head.skin 0x0000027BFB39F700
<00:06:42> remapped bone indices with refcount '4294967288' still around for 'objects/zhg_objects/characters/sets/leaderset/leaderset_head.skin 0x0000027BFB397A00
<00:06:42> remapped bone indices with refcount '4294967288' still around for 'objects/zhg_objects/characters/sets/leaderset/leaderset_head.skin 0x0000027BFB399620
<00:06:42> remapped bone indices with refcount '4294967288' still around for 'objects/zhg_objects/characters/sets/hopefullset/hopefullset_torso.skin 0x0000027BFB399F80
<00:06:42> remapped bone indices with refcount '4294967288' still around for 'objects/zhg_objects/characters/sets/hopefullset/hopefullset_torso.skin 0x0000027BFB39E440
<00:06:42> remapped bone indices with refcount '4294967288' still around for 'objects/zhg_objects/characters/sets/hopefullset/hopefullset_torso.skin 0x0000027BFB39CE60
<00:06:42> remapped bone indices with refcount '4294967288' still around for 'objects/zhg_objects/characters/sets/hopefullset/hopefullset_pants.skin 0x0000027BFB39D7C0
<00:06:42> remapped bone indices with refcount '4294967288' still around for 'objects/zhg_objects/characters/sets/hopefullset/hopefullset_pants.skin 0x0000027BFB39D180
<00:06:42> remapped bone indices with refcount '4294967288' still around for 'objects/zhg_objects/characters/sets/hopefullset/hopefullset_pants.skin 0x0000027BFB39BBA0
<00:06:42> remapped bone indices with refcount '4294967288' still around for 'objects/zhg_objects/characters/sets/hopefullset/hopefullset_head.skin 0x0000027BFB39E120
<00:06:42> remapped bone indices with refcount '4294967288' still around for 'objects/zhg_objects/characters/sets/hopefullset/hopefullset_head.skin 0x0000027BFB39DE00
<00:06:42> remapped bone indices with refcount '4294967288' still around for 'objects/zhg_objects/characters/sets/hopefullset/hopefullset_head.skin 0x0000027BFB39B560
<00:06:42> remapped bone indices with refcount '4294967288' still around for 'objects/zhg_objects/characters/sets/doubtset/doubtset_head.skin 0x0000027BFB39A5C0
