BackupNameAttachment=" Build(0) 27 Jul 24 (12 58 26)"  -- used by backup system
Log Started at Sat Jul 27 12:58:26 2024
Built on Apr  5 2019 00:15:29
Running 64 bit Windows version
Command Line: "X:\SteamLibrary\steamapps\common\Pandemic Express\Bin/win_x64/PandemicExpress.exe"
Executable: X:\SteamLibrary\steamapps\common\Pandemic Express\Bin\win_x64\PandemicExpress.exe
FileVersion: 1.0.0.0
ProductVersion: 1.0.0.0
Added MOD directory <%engineroot%/engine> to CryPak

Total number of logical processors: 24
Number of available logical processors: 24
Total number of system cores: 12
Number of cores available to process: 12
 
Processor 0:
  CPU: AMD AMD Ryzen 9 3900X 12-Core Processor            
  Family: 15, Model: 1, Stepping: 0
  FPU: On-Chip
  Features: FP16, SSE, SSE2, SSE3, SSE4.2, AVX, AVX2, FMA3
  Serial number not present or disabled
 
Processor 1:
  CPU: AMD AMD Ryzen 9 3900X 12-Core Processor            
  Family: 15, Model: 1, Stepping: 0
  FPU: On-Chip
  Features: FP16, SSE, SSE2, SSE3, SSE4.2, AVX, AVX2, FMA3
  Serial number not present or disabled
 
Processor 2:
  CPU: AMD AMD Ryzen 9 3900X 12-Core Processor            
  Family: 15, Model: 1, Stepping: 0
  FPU: On-Chip
  Features: FP16, SSE, SSE2, SSE3, SSE4.2, AVX, AVX2, FMA3
  Serial number not present or disabled
 
Processor 3:
  CPU: AMD AMD Ryzen 9 3900X 12-Core Processor            
  Family: 15, Model: 1, Stepping: 0
  FPU: On-Chip
  Features: FP16, SSE, SSE2, SSE3, SSE4.2, AVX, AVX2, FMA3
  Serial number not present or disabled
 
Processor 4:
  CPU: AMD AMD Ryzen 9 3900X 12-Core Processor            
  Family: 15, Model: 1, Stepping: 0
  FPU: On-Chip
  Features: FP16, SSE, SSE2, SSE3, SSE4.2, AVX, AVX2, FMA3
  Serial number not present or disabled
 
Processor 5:
  CPU: AMD AMD Ryzen 9 3900X 12-Core Processor            
  Family: 15, Model: 1, Stepping: 0
  FPU: On-Chip
  Features: FP16, SSE, SSE2, SSE3, SSE4.2, AVX, AVX2, FMA3
  Serial number not present or disabled
 
Processor 6:
  CPU: AMD AMD Ryzen 9 3900X 12-Core Processor            
  Family: 15, Model: 1, Stepping: 0
  FPU: On-Chip
  Features: FP16, SSE, SSE2, SSE3, SSE4.2, AVX, AVX2, FMA3
  Serial number not present or disabled
 
Processor 7:
  CPU: AMD AMD Ryzen 9 3900X 12-Core Processor            
  Family: 15, Model: 1, Stepping: 0
  FPU: On-Chip
  Features: FP16, SSE, SSE2, SSE3, SSE4.2, AVX, AVX2, FMA3
  Serial number not present or disabled
 
Processor 8:
  CPU: AMD AMD Ryzen 9 3900X 12-Core Processor            
  Family: 15, Model: 1, Stepping: 0
  FPU: On-Chip
  Features: FP16, SSE, SSE2, SSE3, SSE4.2, AVX, AVX2, FMA3
  Serial number not present or disabled
 
Processor 9:
  CPU: AMD AMD Ryzen 9 3900X 12-Core Processor            
  Family: 15, Model: 1, Stepping: 0
  FPU: On-Chip
  Features: FP16, SSE, SSE2, SSE3, SSE4.2, AVX, AVX2, FMA3
  Serial number not present or disabled
 
Processor 10:
  CPU: AMD AMD Ryzen 9 3900X 12-Core Processor            
  Family: 15, Model: 1, Stepping: 0
  FPU: On-Chip
  Features: FP16, SSE, SSE2, SSE3, SSE4.2, AVX, AVX2, FMA3
  Serial number not present or disabled
 
Processor 11:
  CPU: AMD AMD Ryzen 9 3900X 12-Core Processor            
  Family: 15, Model: 1, Stepping: 0
  FPU: On-Chip
  Features: FP16, SSE, SSE2, SSE3, SSE4.2, AVX, AVX2, FMA3
  Serial number not present or disabled
 
<12:58:26> Loading Config file system.cfg (system.cfg)
<12:58:26> [Error] [CVARS]: [IGNORED CHANGE] variable [sys_version] from [] to [0.7.9.10.190510]; Marked as [VF_CHEAT]
<12:58:26> [Warning] system.cfg -> invalid configuration line: - if for what ever reason it doesn't use your local computer IP instead.
<12:58:26> OnSysSpecChange(1)
<12:58:26> [Error] [CVARS]: [IGNORED CHANGE] variable [sys_asserts] from [0] to [0]; Marked as [VF_CHEAT]
<12:58:26> GameDir: DATA
<12:58:26> <ThreadConfigInfo>: Thread profile loaded: "pc_8" (config/engine_core.thread_config)  
<12:58:26> Windows 10 64 bit (build 10.0.22631)
<12:58:26> System language: English
<12:58:26> Windows Directory: "C:\Windows"
<12:58:26> Local time is 12:58:26 07/27/24, system running for 1463 minutes
<12:58:26> 32694MB physical memory installed, 22009MB available, 134217727MB virtual memory installed, 32 percent of memory in use
<12:58:26> PageFile usage: 111MB, Working Set: 129MB, Peak PageFile usage: 112MB,
<12:58:26> Current display mode is 2560x1440x32, (Unknown graphics card)
<12:58:26> IBM enhanced (101/102-key) keyboard and 5+ button mouse installed
<12:58:26> --------------------------------------------------------------------------------
<12:58:26> OnSysSpecChange(1)
<12:58:26> Loading Config file LowSpec.cfg (data\config\lowspec.cfg)
<12:58:26> [Error] [CVARS]: [MISSING] [e_DynamicLightsMaxEntityLights] is not a registered console variable; referenced when testing console variable group [sys_spec_shading] = [1]
<12:58:26> [Error] [CVARS]: [MISSING] [e_SkyUpdateRate] is not a registered console variable; referenced when testing console variable group [sys_spec_shading] = [1]
<12:58:26> [Error] [CVARS]: [MISSING] [e_svoTI_Apply] is not a registered console variable; referenced when testing console variable group [sys_spec_shading] = [1]
<12:58:26> [Error] [CVARS]: [MISSING] [e_svoTI_RsmConeMaxLength] is not a registered console variable; referenced when testing console variable group [sys_spec_shading] = [1]
<12:58:26> [Error] [CVARS]: [MISSING] [e_svoTI_RsmUseColors] is not a registered console variable; referenced when testing console variable group [sys_spec_shading] = [1]
<12:58:26> [Error] [CVARS]: [MISSING] [e_svoTi_Active] is not a registered console variable; referenced when testing console variable group [sys_spec_shading] = [1]
<12:58:26> [Error] [CVARS]: [MISSING] [e_svoti_LowSpecMode] is not a registered console variable; referenced when testing console variable group [sys_spec_shading] = [1]
<12:58:26> [Error] [CVARS]: [MISSING] [e_LightVolumes] is not a registered console variable; referenced when testing console variable group [sys_spec_shading] = [1]
<12:58:26> [Error] [CVARS]: [MISSING] [e_VegetationUseTerrainColor] is not a registered console variable; referenced when testing console variable group [sys_spec_shading] = [1]
<12:58:26> Loading Config file game.cfg (data\game.cfg)
<12:58:26> [Warning] [CVARS]: [CHANGED] variable [sys_asserts] from [0] to [0]; Marked as [VF_CHEAT]
<12:58:26> [Warning] Modifying marked variables will not be allowed in Release mode!
<12:58:26> Stream Engine Initialization
<12:58:26> GameName: Pandemic Express
<12:58:26> BuildTime: Apr  5 2019 00:15:29
<12:58:26> Physics initialization
<12:58:26> Localized language content(english) not available or modified from the original installation.
<12:58:26> Localized language content(english) not available or modified from the original installation.
<12:58:26> Localized language content(english) not available or modified from the original installation.
<12:58:26> <Audio>: AudioSystem initialization
<12:58:26> <Audio> <0.914>: CryAudioImplWwise loaded
<12:58:28> Renderer initialization
<12:58:28> Logging video adapters:
<12:58:30> - NVIDIA GeForce RTX 3080 (vendor = 0x10de, device = 0x2206)
<12:58:30>   - Adapter index: 0
<12:58:30>   - Dedicated video memory: 10053 MB
<12:58:30>   - Feature level: DX11 (SM 5.0)
<12:58:30>   - Displays connected: yes
<12:58:30>   - Suitable rendering device: yes
<12:58:30> - Microsoft Basic Render Driver (vendor = 0x1414, device = 0x008c)
<12:58:30>   - Adapter index: 1
<12:58:30>   - Dedicated video memory: 0 MB
<12:58:30>   - Feature level: DX11 (SM 5.0)
<12:58:30>   - Displays connected: no
<12:58:30>   - Suitable rendering device: no
<12:58:32> Active GPUs: 1
<12:58:33> [Renderer] A display device has been connected to the system
<12:58:33> Loading plugin CryDefaultEntities
<12:58:33> Loading plugin CrySchematycCore
<12:58:33> Loading plugin CrySchematycSTDEnv
<12:58:33> Loading plugin CrySensorSystem
<12:58:33> Loading extension file cryplugin.csv
<12:58:33> Loading plugin ProcAnRandGenerator.dll
<12:58:33> Loading plugin PlayFabDedicated.dll
<12:58:33> DLL Failed to load, error code: 7E
<12:58:33> Loading plugin PlayFab.dll
<12:58:34> Font initialization
<12:58:34> Using FreeType 2.5.5
<12:58:36> Network initialization
<12:58:36> [net] Socket IO management: External [iocp], Internal [iocp]
<12:58:36> network hostname: DESKTOP-HLBPRRK
<12:58:36>   ip:192.168.20.22
<12:58:36> [Network Version]: PROFILE DEVELOPMENT BUILD
<12:58:36> MovieSystem initialization
<12:58:36> Console initialization
<12:58:36> Time initialization
<12:58:36> Input initialization
<12:58:36> AI initialization
<12:58:36>  
<12:58:36>     con_debug = 0 []
<12:58:36>     con_display_last_messages = 0 []
<12:58:36>     con_line_buffer_size = 1000 []
<12:58:36>     con_restricted = 0 [RESTRICTEDMODE]
<12:58:36>     con_showonload = 0 []
<12:58:36>  
<12:58:36>     con_debug = 0 []
<12:58:36>     con_display_last_messages = 0 []
<12:58:36>     con_line_buffer_size = 1000 []
<12:58:36>     con_restricted = 0 [RESTRICTEDMODE]
<12:58:36>     con_showonload = 0 []
<12:58:36>  
<12:58:36>     con_debug = 0 []
<12:58:36>  
<12:58:36>     con_debug = 0 []
<12:58:36> Initializing Animation System
<12:58:36> Initializing 3D Engine
<12:58:37> Script System Initialization
<12:58:37> Entity system initialization
<12:58:37> Initializing AI System
<12:58:37> Initializing additional systems
<12:58:37> Dynamic Response System initialization
<12:58:37> CGame::CGame()
<12:58:38> [Steam] Steam API initialized successfully
<12:58:38> <ThreadConfigInfo>: [XML Parsing] Thread with name "Main" already loaded. Overriding with new configuration
<12:58:38> <ThreadConfigInfo>: [XML Parsing] Thread with name "Network" already loaded. Overriding with new configuration
<12:58:38> <ThreadConfigInfo>: [XML Parsing] Thread with name "NetworkStallTicker" already loaded. Overriding with new configuration
<12:58:38> <ThreadConfigInfo>: [XML Parsing] Thread with name "ZLibCompressor" already loaded. Overriding with new configuration
<12:58:38> <ThreadConfigInfo>: [XML Parsing] Thread with name "NetworkStallTicker" already loaded. Overriding with new configuration
<12:58:38> <ThreadConfigInfo>: [XML Parsing] Thread with name "ZLibCompressor" already loaded. Overriding with new configuration
<12:58:38> <ThreadConfigInfo>: [XML Parsing] Thread with name "TelemetryCopier" already loaded. Overriding with new configuration
<12:58:38> <ThreadConfigInfo>: [XML Parsing] Thread with name "StatsAgent" already loaded. Overriding with new configuration
<12:58:38> <ThreadConfigInfo>: Thread profile loaded: "pc_8" (config/game.thread_config)  
<12:58:38> Initializing default materials...
<12:58:44> ESYSTEM_EVENT_GAME_POST_INIT_DONE
<12:58:44> [MFX] Loading FXLib 'breakables' ...
<12:58:44> [MFX] Loading FXLib 'collisions' ...
<12:58:44> [MFX] Loading FXLib 'foley' ...
<12:58:44> [MFX] Loading FXLib 'foley_grunt' ...
<12:58:44> [MFX] Loading FXLib 'foley_player' ...
<12:58:44> [MFX] Loading FXLib 'footstep_grunt' ...
<12:58:44> [MFX] Loading FXLib 'footstep_player' ...
<12:58:44> [MFX] Loading FXLib 'footsteps' ...
<12:58:44> [MFX] Loading FXLib 'grenade' ...
<12:58:44> [MFX] Loading FXLib 'melee' ...
<12:58:44> [MFX] Loading FXLib 'player_fx' ...
<12:58:44> [MFX] Loading FXLib 'projectiles' ...
<12:58:44> [MFX] Loading FXLib 'tornado' ...
<12:58:44> [MFX] Loading FXLib 'vegetation' ...
<12:58:44> [MFX] Loading FXLib 'vehicles' ...
<12:58:44> [Schematyc]: Loading...
<12:58:44> [Schematyc]: Loading settings
<12:58:44> [Schematyc]: Loading scripts
<12:58:44> [Schematyc]: Compiling scripts
<12:58:44> [Schematyc]: Loading complete
<12:58:44> Creating socket on port 2838
<12:58:44> CreateDatagramSocket c1
<12:58:44> CreateDatagramSocket c2
<12:59:03> [flow-log] DISPLAY MENU
<12:59:03> [flow-log] OPEN SETTINGS MENU
<12:59:07> [flow-log] OPEN SETTINGS MENU
<12:59:09> [flow-log] OPEN SETTINGS MENU
<12:59:11> [flow-log] OPEN SETTINGS MENU
<12:59:13> [flow-log] OPEN SETTINGS MENU
<12:59:14> [flow-log] OPEN SETTINGS MENU
<12:59:15> [flow-log] OPEN SETTINGS MENU
<12:59:17> [flow-log] OPEN SETTINGS MENU
<12:59:19> [flow-log] OPEN SETTINGS MENU
<12:59:20> [flow-log] OPEN SETTINGS MENU
<12:59:20> [flow-log] EXIT SETTINGS MENU
<13:00:10> [flow-log] DISPLAY PROFILE
<13:00:18> [flow-log] DISPLAY STATISTIC
<13:00:32> [flow-log] DISPLAY STATISTIC
<13:00:36> [flow-log] DISPLAY MENU
<13:00:36> [flow-log] OPEN SETTINGS MENU
<13:00:39> [flow-log] OPEN SETTINGS MENU
<13:00:42> [flow-log] OPEN SETTINGS MENU
<13:00:45> [flow-log] OPEN SETTINGS MENU
<13:00:48> [flow-log] OPEN SETTINGS MENU
<13:01:15> [flow-log] OPEN SETTINGS MENU
<13:01:19> [flow-log] OPEN SETTINGS MENU
<13:01:19> [flow-log] EXIT SETTINGS MENU
<13:01:21> BaseInput - Shutting down all force feedback
<13:01:21> ActionGame - Shutting down all force feedback
<13:01:21> CNetSyncSystem::~CNetSyncSystem & Crush?! packets_temp_bf(temp packet data buffs)
