BackupNameAttachment=" Build(0) 06 Jul 21 (12 30 25)"  -- used by backup system
Log Started at Tue Jul  6 12:30:25 2021
Built on Oct 13 2019 19:15:33
Running 64 bit Windows version
Command Line: "D:\Games\Steam\steamapps\common\Pandemic Express\Bin/win_x64/PandemicExpress.exe"
Executable: D:\Games\Steam\steamapps\common\Pandemic Express\Bin\win_x64\PandemicExpress.exe
FileVersion: 1.0.0.0
ProductVersion: 1.0.0.0
Added MOD directory <%engineroot%/engine> to CryPak

Total number of logical processors: 12
Number of available logical processors: 12
Total number of system cores: 6
Number of cores available to process: 6
 
Processor 0:
  CPU: AMD AMD Ryzen 5 3600 6-Core Processor              
  Family: 15, Model: 1, Stepping: 0
  FPU: On-Chip
  Features: FP16, SSE, SSE2, SSE3, SSE4.2, AVX, AVX2, FMA3
  Serial number not present or disabled
 
Processor 1:
  CPU: AMD AMD Ryzen 5 3600 6-Core Processor              
  Family: 15, Model: 1, Stepping: 0
  FPU: On-Chip
  Features: FP16, SSE, SSE2, SSE3, SSE4.2, AVX, AVX2, FMA3
  Serial number not present or disabled
 
Processor 2:
  CPU: AMD AMD Ryzen 5 3600 6-Core Processor              
  Family: 15, Model: 1, Stepping: 0
  FPU: On-Chip
  Features: FP16, SSE, SSE2, SSE3, SSE4.2, AVX, AVX2, FMA3
  Serial number not present or disabled
 
Processor 3:
  CPU: AMD AMD Ryzen 5 3600 6-Core Processor              
  Family: 15, Model: 1, Stepping: 0
  FPU: On-Chip
  Features: FP16, SSE, SSE2, SSE3, SSE4.2, AVX, AVX2, FMA3
  Serial number not present or disabled
 
Processor 4:
  CPU: AMD AMD Ryzen 5 3600 6-Core Processor              
  Family: 15, Model: 1, Stepping: 0
  FPU: On-Chip
  Features: FP16, SSE, SSE2, SSE3, SSE4.2, AVX, AVX2, FMA3
  Serial number not present or disabled
 
Processor 5:
  CPU: AMD AMD Ryzen 5 3600 6-Core Processor              
  Family: 15, Model: 1, Stepping: 0
  FPU: On-Chip
  Features: FP16, SSE, SSE2, SSE3, SSE4.2, AVX, AVX2, FMA3
  Serial number not present or disabled
 
<12:30:25> Loading Config file system.cfg (system.cfg)
<12:30:25> [Error] [CVARS]: [IGNORED CHANGE] variable [sys_version] from [] to [1.1.0.000.200116]; Marked as [VF_CHEAT]
<12:30:25> OnSysSpecChange(1)
<12:30:25> [Error] [CVARS]: [IGNORED CHANGE] variable [sys_asserts] from [0] to [0]; Marked as [VF_CHEAT]
<12:30:25> GameDir: DATA
<12:30:25> <ThreadConfigInfo>: Thread profile loaded: "pc_8" (config/engine_core.thread_config)  
<12:30:25> Windows 10 64 bit (build 10.0.19043)
<12:30:25> System language: English
<12:30:25> Windows Directory: "C:\Windows"
<12:30:25> Local time is 12:30:25 07/06/21, system running for 2920 minutes
<12:30:25> 16333MB physical memory installed, 9924MB available, 134217727MB virtual memory installed, 39 percent of memory in use
<12:30:25> PageFile usage: 76MB, Working Set: 88MB, Peak PageFile usage: 76MB,
<12:30:25> Current display mode is 2560x1440x32, (Unknown graphics card)
<12:30:25> IBM enhanced (101/102-key) keyboard and 16+ button mouse installed
<12:30:25> --------------------------------------------------------------------------------
<12:30:25> OnSysSpecChange(1)
<12:30:25> Loading Config file LowSpec.cfg (data\config\lowspec.cfg)
<12:30:25> [Error] [CVARS]: [MISSING] [mfx_Timeout] is not a registered console variable; referenced when testing console variable group [sys_spec_gameeffects] = [1]
<12:30:25> [Error] [CVARS]: [MISSING] [ca_AttachmentCullingRation] is not a registered console variable; referenced when testing console variable group [sys_spec_objectdetail] = [1]
<12:30:25> [Error] [CVARS]: [MISSING] [e_DecalsLifeTimeScale] is not a registered console variable; referenced when testing console variable group [sys_spec_objectdetail] = [1]
<12:30:25> [Error] [CVARS]: [MISSING] [e_LodRatio] is not a registered console variable; referenced when testing console variable group [sys_spec_objectdetail] = [1]
<12:30:25> [Error] [CVARS]: [MISSING] [e_MaxViewDistSpecLerp] is not a registered console variable; referenced when testing console variable group [sys_spec_objectdetail] = [1]
<12:30:25> [Error] [CVARS]: [MISSING] [e_MaxViewDistance] is not a registered console variable; referenced when testing console variable group [sys_spec_objectdetail] = [1]
<12:30:25> [Error] [CVARS]: [MISSING] [e_ObjQuality] is not a registered console variable; referenced when testing console variable group [sys_spec_objectdetail] = [1]
<12:30:25> [Error] [CVARS]: [MISSING] [e_TerrainOcclusionCullingMaxDist] is not a registered console variable; referenced when testing console variable group [sys_spec_objectdetail] = [1]
<12:30:25> [Error] [CVARS]: [MISSING] [e_VegetationMinSize] is not a registered console variable; referenced when testing console variable group [sys_spec_objectdetail] = [1]
<12:30:25> [Error] [CVARS]: [MISSING] [e_ViewDistRatio] is not a registered console variable; referenced when testing console variable group [sys_spec_objectdetail] = [1]
<12:30:25> [Error] [CVARS]: [MISSING] [e_ViewDistRatioCustom] is not a registered console variable; referenced when testing console variable group [sys_spec_objectdetail] = [1]
<12:30:25> [Error] [CVARS]: [MISSING] [e_ViewDistRatioDetail] is not a registered console variable; referenced when testing console variable group [sys_spec_objectdetail] = [1]
<12:30:25> [Error] [CVARS]: [MISSING] [e_ViewDistRatioLights] is not a registered console variable; referenced when testing console variable group [sys_spec_objectdetail] = [1]
<12:30:25> [Error] [CVARS]: [MISSING] [e_ViewDistRatioVegetation] is not a registered console variable; referenced when testing console variable group [sys_spec_objectdetail] = [1]
<12:30:25> [Error] [CVARS]: [MISSING] [es_DebrisLifetimeScale] is not a registered console variable; referenced when testing console variable group [sys_spec_objectdetail] = [1]
<12:30:25> [Error] [CVARS]: [MISSING] [e_DecalsOverlapping] is not a registered console variable; referenced when testing console variable group [sys_spec_objectdetail] = [1]
<12:30:25> [Error] [CVARS]: [MISSING] [e_LodMin] is not a registered console variable; referenced when testing console variable group [sys_spec_objectdetail] = [1]
<12:30:25> [Error] [CVARS]: [MISSING] [e_MergedMeshesInstanceDist] is not a registered console variable; referenced when testing console variable group [sys_spec_objectdetail] = [1]
<12:30:25> [Error] [CVARS]: [MISSING] [e_MergedMeshesPool] is not a registered console variable; referenced when testing console variable group [sys_spec_objectdetail] = [1]
<12:30:25> [Error] [CVARS]: [MISSING] [e_OcclusionCullingViewDistRatio] is not a registered console variable; referenced when testing console variable group [sys_spec_objectdetail] = [1]
<12:30:25> [Error] [CVARS]: [MISSING] [e_TerrainLodRatio] is not a registered console variable; referenced when testing console variable group [sys_spec_objectdetail] = [1]
<12:30:25> [Error] [CVARS]: [MISSING] [e_Tessellation] is not a registered console variable; referenced when testing console variable group [sys_spec_objectdetail] = [1]
<12:30:25> [Error] [CVARS]: [MISSING] [e_ViewDistMin] is not a registered console variable; referenced when testing console variable group [sys_spec_objectdetail] = [1]
<12:30:25> [Error] [CVARS]: [MISSING] [e_ParticlesMaxScreenFill] is not a registered console variable; referenced when testing console variable group [sys_spec_particles] = [1]
<12:30:25> [Error] [CVARS]: [MISSING] [e_ParticlesMinDrawPixels] is not a registered console variable; referenced when testing console variable group [sys_spec_particles] = [1]
<12:30:25> [Error] [CVARS]: [MISSING] [e_ParticlesObjectCollisions] is not a registered console variable; referenced when testing console variable group [sys_spec_particles] = [1]
<12:30:25> [Error] [CVARS]: [MISSING] [e_ParticlesQuality] is not a registered console variable; referenced when testing console variable group [sys_spec_particles] = [1]
<12:30:25> [Error] [CVARS]: [MISSING] [e_ParticlesMotionBlur] is not a registered console variable; referenced when testing console variable group [sys_spec_particles] = [1]
<12:30:25> [Error] [CVARS]: [MISSING] [e_CullVegActivation] is not a registered console variable; referenced when testing console variable group [sys_spec_physics] = [1]
<12:30:25> [Error] [CVARS]: [MISSING] [e_FoliageWindActivationDist] is not a registered console variable; referenced when testing console variable group [sys_spec_physics] = [1]
<12:30:25> [Error] [CVARS]: [MISSING] [e_PhysOceanCell] is not a registered console variable; referenced when testing console variable group [sys_spec_physics] = [1]
<12:30:25> [Error] [CVARS]: [MISSING] [es_MaxPhysDist] is not a registered console variable; referenced when testing console variable group [sys_spec_physics] = [1]
<12:30:25> [Error] [CVARS]: [MISSING] [es_MaxPhysDistInvisible] is not a registered console variable; referenced when testing console variable group [sys_spec_physics] = [1]
<12:30:25> [Error] [CVARS]: [MISSING] [g_breakage_particles_limit] is not a registered console variable; referenced when testing console variable group [sys_spec_physics] = [1]
<12:30:25> [Error] [CVARS]: [MISSING] [g_tree_cut_reuse_dist] is not a registered console variable; referenced when testing console variable group [sys_spec_physics] = [1]
<12:30:25> [Error] [CVARS]: [MISSING] [p_max_MC_iters] is not a registered console variable; referenced when testing console variable group [sys_spec_physics] = [1]
<12:30:25> [Error] [CVARS]: [MISSING] [p_max_substeps] is not a registered console variable; referenced when testing console variable group [sys_spec_physics] = [1]
<12:30:25> [Error] [CVARS]: [MISSING] [e_PhysProxyTriLimit] is not a registered console variable; referenced when testing console variable group [sys_spec_physics] = [1]
<12:30:25> [Error] [CVARS]: [MISSING] [p_max_object_splashes] is not a registered console variable; referenced when testing console variable group [sys_spec_physics] = [1]
<12:30:25> [Error] [CVARS]: [MISSING] [p_max_substeps_large_group] is not a registered console variable; referenced when testing console variable group [sys_spec_physics] = [1]
<12:30:25> [Error] [CVARS]: [MISSING] [p_num_bodies_large_group] is not a registered console variable; referenced when testing console variable group [sys_spec_physics] = [1]
<12:30:25> [Error] [CVARS]: [MISSING] [p_splash_dist0] is not a registered console variable; referenced when testing console variable group [sys_spec_physics] = [1]
<12:30:25> [Error] [CVARS]: [MISSING] [p_splash_dist1] is not a registered console variable; referenced when testing console variable group [sys_spec_physics] = [1]
<12:30:25> [Error] [CVARS]: [MISSING] [p_splash_force0] is not a registered console variable; referenced when testing console variable group [sys_spec_physics] = [1]
<12:30:25> [Error] [CVARS]: [MISSING] [p_splash_force1] is not a registered console variable; referenced when testing console variable group [sys_spec_physics] = [1]
<12:30:25> [Error] [CVARS]: [MISSING] [p_splash_vel0] is not a registered console variable; referenced when testing console variable group [sys_spec_physics] = [1]
<12:30:25> [Error] [CVARS]: [MISSING] [p_splash_vel1] is not a registered console variable; referenced when testing console variable group [sys_spec_physics] = [1]
<12:30:25> [Error] [CVARS]: [MISSING] [e_DynamicLightsMaxEntityLights] is not a registered console variable; referenced when testing console variable group [sys_spec_shading] = [1]
<12:30:25> [Error] [CVARS]: [MISSING] [e_SkyUpdateRate] is not a registered console variable; referenced when testing console variable group [sys_spec_shading] = [1]
<12:30:25> [Error] [CVARS]: [MISSING] [e_svoTI_Apply] is not a registered console variable; referenced when testing console variable group [sys_spec_shading] = [1]
<12:30:25> [Error] [CVARS]: [MISSING] [e_svoTI_RsmConeMaxLength] is not a registered console variable; referenced when testing console variable group [sys_spec_shading] = [1]
<12:30:25> [Error] [CVARS]: [MISSING] [e_svoTI_RsmUseColors] is not a registered console variable; referenced when testing console variable group [sys_spec_shading] = [1]
<12:30:25> [Error] [CVARS]: [MISSING] [e_svoTi_Active] is not a registered console variable; referenced when testing console variable group [sys_spec_shading] = [1]
<12:30:25> [Error] [CVARS]: [MISSING] [e_svoti_LowSpecMode] is not a registered console variable; referenced when testing console variable group [sys_spec_shading] = [1]
<12:30:25> [Error] [CVARS]: [MISSING] [e_LightVolumes] is not a registered console variable; referenced when testing console variable group [sys_spec_shading] = [1]
<12:30:25> [Error] [CVARS]: [MISSING] [e_VegetationUseTerrainColor] is not a registered console variable; referenced when testing console variable group [sys_spec_shading] = [1]
<12:30:25> [Error] [CVARS]: [MISSING] [e_GsmLodsNum] is not a registered console variable; referenced when testing console variable group [sys_spec_shadows] = [1]
<12:30:25> [Error] [CVARS]: [MISSING] [e_GsmRange] is not a registered console variable; referenced when testing console variable group [sys_spec_shadows] = [1]
<12:30:25> [Error] [CVARS]: [MISSING] [e_ObjShadowCastSpec] is not a registered console variable; referenced when testing console variable group [sys_spec_shadows] = [1]
<12:30:25> [Error] [CVARS]: [MISSING] [e_ParticlesShadows] is not a registered console variable; referenced when testing console variable group [sys_spec_shadows] = [1]
<12:30:25> [Error] [CVARS]: [MISSING] [e_Shadows] is not a registered console variable; referenced when testing console variable group [sys_spec_shadows] = [1]
<12:30:25> [Error] [CVARS]: [MISSING] [e_ShadowsBlendCascades] is not a registered console variable; referenced when testing console variable group [sys_spec_shadows] = [1]
<12:30:25> [Error] [CVARS]: [MISSING] [e_ShadowsCastViewDistRatio] is not a registered console variable; referenced when testing console variable group [sys_spec_shadows] = [1]
<12:30:25> [Error] [CVARS]: [MISSING] [e_ShadowsLodBiasFixed] is not a registered console variable; referenced when testing console variable group [sys_spec_shadows] = [1]
<12:30:25> [Error] [CVARS]: [MISSING] [e_ShadowsMaxTexRes] is not a registered console variable; referenced when testing console variable group [sys_spec_shadows] = [1]
<12:30:25> [Error] [CVARS]: [MISSING] [e_ShadowsPoolSize] is not a registered console variable; referenced when testing console variable group [sys_spec_shadows] = [1]
<12:30:25> [Error] [CVARS]: [MISSING] [e_ShadowsResScale] is not a registered console variable; referenced when testing console variable group [sys_spec_shadows] = [1]
<12:30:25> [Error] [CVARS]: [MISSING] [e_ShadowsTessellateCascades] is not a registered console variable; referenced when testing console variable group [sys_spec_shadows] = [1]
<12:30:25> [Error] [CVARS]: [MISSING] [e_ShadowsTessellateDLights] is not a registered console variable; referenced when testing console variable group [sys_spec_shadows] = [1]
<12:30:25> [Error] [CVARS]: [MISSING] [e_ShadowsUpdateViewDistRatio] is not a registered console variable; referenced when testing console variable group [sys_spec_shadows] = [1]
<12:30:25> [Error] [CVARS]: [MISSING] [e_VolumetricFog] is not a registered console variable; referenced when testing console variable group [sys_spec_volumetriceffects] = [1]
<12:30:25> [Error] [CVARS]: [MISSING] [e_fog] is not a registered console variable; referenced when testing console variable group [sys_spec_volumetriceffects] = [1]
<12:30:25> [Error] [CVARS]: [MISSING] [e_Clouds] is not a registered console variable; referenced when testing console variable group [sys_spec_volumetriceffects] = [1]
<12:30:25> [Error] [CVARS]: [MISSING] [e_WaterOceanFFT] is not a registered console variable; referenced when testing console variable group [sys_spec_water] = [1]
<12:30:25> [Error] [CVARS]: [MISSING] [e_WaterTessellationAmount] is not a registered console variable; referenced when testing console variable group [sys_spec_water] = [1]
<12:30:25> [Error] [CVARS]: [MISSING] [e_WaterTessellationAmountX] is not a registered console variable; referenced when testing console variable group [sys_spec_water] = [1]
<12:30:25> [Error] [CVARS]: [MISSING] [e_WaterTessellationAmountY] is not a registered console variable; referenced when testing console variable group [sys_spec_water] = [1]
<12:30:25> [Error] [CVARS]: [MISSING] [e_WaterTessellationSwathWidth] is not a registered console variable; referenced when testing console variable group [sys_spec_water] = [1]
<12:30:25> Loading Config file game.cfg (data\game.cfg)
<12:30:25> [Warning] [CVARS]: [CHANGED] variable [sys_asserts] from [0] to [0]; Marked as [VF_CHEAT]
<12:30:25> [Warning] Modifying marked variables will not be allowed in Release mode!
<12:30:25> Stream Engine Initialization
<12:30:25> GameName: Pandemic Express
<12:30:25> BuildTime: Oct 13 2019 19:15:33
<12:30:25> Physics initialization
<12:30:25> Localized language content(english) not available or modified from the original installation.
<12:30:25> Localized language content(english) not available or modified from the original installation.
<12:30:25> Localized language content(english) not available or modified from the original installation.
<12:30:25> <Audio>: AudioSystem initialization
<12:30:25> <Audio> <0.080>: CryAudioImplWwise loaded
<12:30:27> Renderer initialization
<12:30:27> Logging video adapters:
<12:30:27> - NVIDIA GeForce RTX 3070 (vendor = 0x10de, device = 0x2484)
<12:30:27>   - Adapter index: 0
<12:30:27>   - Dedicated video memory: 8043 MB
<12:30:27>   - Feature level: DX11 (SM 5.0)
<12:30:27>   - Displays connected: yes
<12:30:27>   - Suitable rendering device: yes
<12:30:27> - Microsoft Basic Render Driver (vendor = 0x1414, device = 0x008c)
<12:30:27>   - Adapter index: 1
<12:30:27>   - Dedicated video memory: 0 MB
<12:30:27>   - Feature level: DX11 (SM 5.0)
<12:30:27>   - Displays connected: no
<12:30:27>   - Suitable rendering device: no
<12:30:27> Active GPUs: 1
<12:30:27> [Renderer] A display device has been connected to the system
<12:30:27> Loading plugin CryDefaultEntities
<12:30:27> Loading plugin CrySchematycCore
<12:30:27> DLL Failed to load, error code: 7E
<12:30:27> Loading plugin CrySchematycSTDEnv
<12:30:27> DLL Failed to load, error code: 7E
<12:30:27> Loading plugin CrySensorSystem
<12:30:27> DLL Failed to load, error code: 7E
<12:30:27> Loading extension file cryplugin.csv
<12:30:27> Loading plugin ProcAnRandGenerator.dll
<12:30:27> Loading plugin PlayFab.dll
<12:30:27> Loading plugin CEVPlayer.dll
<12:30:28> Font initialization
<12:30:28> Using FreeType 2.5.5
<12:30:29> Network initialization
<12:30:29> [net] Socket IO management: External [iocp], Internal [iocp]
<12:30:29> network hostname: DESKTOP-GKEDPQ6
<12:30:29>   ip:26.90.194.210
<12:30:29>   ip:192.168.20.21
<12:30:29> [Network Version]: PROFILE DEVELOPMENT BUILD
<12:30:29> MovieSystem initialization
<12:30:29> Console initialization
<12:30:29> Time initialization
<12:30:29> Input initialization
<12:30:29> AI initialization
<12:30:29>  
<12:30:29>     con_debug = 0 []
<12:30:29>     con_display_last_messages = 0 []
<12:30:29>     con_line_buffer_size = 1000 []
<12:30:29>     con_restricted = 0 [RESTRICTEDMODE]
<12:30:29>     con_showonload = 0 []
<12:30:29>  
<12:30:29>     con_debug = 0 []
<12:30:29>     con_display_last_messages = 0 []
<12:30:29>     con_line_buffer_size = 1000 []
<12:30:29>     con_restricted = 0 [RESTRICTEDMODE]
<12:30:29>     con_showonload = 0 []
<12:30:29>  
<12:30:29>     con_debug = 0 []
<12:30:29>  
<12:30:29>     con_debug = 0 []
<12:30:29> Initializing Animation System
<12:30:29> Initializing 3D Engine
<12:30:29> Script System Initialization
<12:30:29> Entity system initialization
<12:30:29> Initializing AI System
<12:30:29> Initializing additional systems
<12:30:29> Dynamic Response System initialization
<12:30:29> DLL Failed to load, error code: 7E
<12:30:29> No Dynamic Response System was loaded from a module, will use the NULL implementation.
<12:30:29> [Steam] Steam API initialized successfully
<12:30:29> <ThreadConfigInfo>: [XML Parsing] Thread with name "Main" already loaded. Overriding with new configuration
<12:30:29> <ThreadConfigInfo>: [XML Parsing] Thread with name "Network" already loaded. Overriding with new configuration
<12:30:29> <ThreadConfigInfo>: [XML Parsing] Thread with name "NetworkStallTicker" already loaded. Overriding with new configuration
<12:30:29> <ThreadConfigInfo>: [XML Parsing] Thread with name "ZLibCompressor" already loaded. Overriding with new configuration
<12:30:29> <ThreadConfigInfo>: [XML Parsing] Thread with name "NetworkStallTicker" already loaded. Overriding with new configuration
<12:30:29> <ThreadConfigInfo>: [XML Parsing] Thread with name "ZLibCompressor" already loaded. Overriding with new configuration
<12:30:29> <ThreadConfigInfo>: [XML Parsing] Thread with name "TelemetryCopier" already loaded. Overriding with new configuration
<12:30:29> <ThreadConfigInfo>: [XML Parsing] Thread with name "StatsAgent" already loaded. Overriding with new configuration
<12:30:29> <ThreadConfigInfo>: Thread profile loaded: "pc_8" (config/game.thread_config)  
<12:30:30> Initializing default materials...
<12:30:35> [MFX] Loading FXLib 'breakables' ...
<12:30:35> [MFX] Loading FXLib 'collisions' ...
<12:30:35> [MFX] Loading FXLib 'foley' ...
<12:30:35> [MFX] Loading FXLib 'foley_grunt' ...
<12:30:35> [MFX] Loading FXLib 'foley_player' ...
<12:30:35> [MFX] Loading FXLib 'footstep_grunt' ...
<12:30:35> [MFX] Loading FXLib 'footstep_player' ...
<12:30:35> [MFX] Loading FXLib 'footsteps' ...
<12:30:35> [MFX] Loading FXLib 'grenade' ...
<12:30:35> [MFX] Loading FXLib 'melee' ...
<12:30:35> [MFX] Loading FXLib 'player_fx' ...
<12:30:35> [MFX] Loading FXLib 'projectiles' ...
<12:30:35> [MFX] Loading FXLib 'tornado' ...
<12:30:35> [MFX] Loading FXLib 'vegetation' ...
<12:30:35> [MFX] Loading FXLib 'vehicles' ...
<12:30:35> [MFX] Loading FXLib 'breakables' ...
<12:30:35> [MFX] Loading FXLib 'collisions' ...
<12:30:35> [MFX] Loading FXLib 'foley' ...
<12:30:35> [MFX] Loading FXLib 'foley_grunt' ...
<12:30:35> [MFX] Loading FXLib 'foley_player' ...
<12:30:35> [MFX] Loading FXLib 'footstep_grunt' ...
<12:30:35> [MFX] Loading FXLib 'footstep_player' ...
<12:30:35> [MFX] Loading FXLib 'footsteps' ...
<12:30:35> [MFX] Loading FXLib 'grenade' ...
<12:30:35> [MFX] Loading FXLib 'melee' ...
<12:30:35> [MFX] Loading FXLib 'player_fx' ...
<12:30:35> [MFX] Loading FXLib 'projectiles' ...
<12:30:35> [MFX] Loading FXLib 'tornado' ...
<12:30:35> [MFX] Loading FXLib 'vegetation' ...
<12:30:35> [MFX] Loading FXLib 'vehicles' ...
<12:30:35> Creating socket on port 2838
<12:30:35> CreateDatagramSocket c1
<12:30:35> CreateDatagramSocket c2
<12:39:23> CreateDatagramSocket c1
<12:39:25> Game rules class: InstantAction
<12:39:25> ============================ PrepareLevel Multiplayer/Purgatorium_Esc ============================
<12:39:47> CryAnimation: character-definition not found: objects/characters/human/sdk_player/sdk_player.cdf
<12:39:47> CryAnimation: character-definition not found: objects/characters/human/sdk_player/sdk_player.cdf
<12:39:47> CryAnimation: character-definition not found: objects/characters/human/sdk_player/sdk_player.cdf
<12:39:47> CryAnimation: character-definition not found: objects/characters/human/sdk_player/sdk_player.cdf
<12:39:47> CryAnimation: character-definition not found: objects/characters/human/sdk_player/sdk_player.cdf
<12:39:47> CryAnimation: character-definition not found: objects/characters/human/sdk_player/sdk_player.cdf
<12:39:47> CryAnimation: character-definition not found: objects/characters/human/sdk_player/sdk_player.cdf
<12:39:47> CryAnimation: character-definition not found: objects/characters/human/sdk_player/sdk_player.cdf
<12:39:47> CryAnimation: character-definition not found: objects/characters/human/sdk_player/sdk_player.cdf
<12:39:47> CryAnimation: character-definition not found: objects/characters/human/sdk_player/sdk_player.cdf
<12:39:47> CryAnimation: character-definition not found: objects/characters/human/sdk_player/sdk_player.cdf
<12:39:47> CryAnimation: character-definition not found: objects/characters/human/sdk_player/sdk_player.cdf
<12:39:47> CryAnimation: character-definition not found: objects/characters/human/sdk_player/sdk_player.cdf
<12:39:47> CryAnimation: character-definition not found: objects/characters/human/sdk_player/sdk_player.cdf
<12:39:47> CryAnimation: character-definition not found: objects/characters/human/sdk_player/sdk_player.cdf
<12:39:47> CryAnimation: character-definition not found: objects/characters/human/sdk_player/sdk_player.cdf
<12:39:47> CryAnimation: character-definition not found: objects/characters/human/sdk_player/sdk_player.cdf
<12:39:47> CryAnimation: character-definition not found: objects/characters/human/sdk_player/sdk_player.cdf
<12:39:48> CryAnimation: character-definition not found: objects/characters/human/sdk_player/sdk_player.cdf
<12:39:48> CryAnimation: character-definition not found: objects/characters/human/sdk_player/sdk_player.cdf
<12:39:48> CryAnimation: character-definition not found: objects/characters/human/sdk_player/sdk_player.cdf
<12:39:49> CryAnimation: character-definition not found: objects/characters/human/sdk_player/sdk_player.cdf
<12:39:49> CryAnimation: character-definition not found: objects/characters/human/sdk_player/sdk_player.cdf
<12:39:49> CryAnimation: character-definition not found: objects/characters/human/sdk_player/sdk_player.cdf
<12:39:49> CryAnimation: character-definition not found: objects/characters/human/sdk_player/sdk_player.cdf
<12:39:49> CryAnimation: character-definition not found: objects/characters/human/sdk_player/sdk_player.cdf
<12:39:49> CryAnimation: character-definition not found: objects/characters/human/sdk_player/sdk_player.cdf
<12:39:50> CryAnimation: character-definition not found: objects/characters/human/sdk_player/sdk_player.cdf
<12:39:50> CryAnimation: character-definition not found: objects/characters/human/sdk_player/sdk_player.cdf
<12:39:50> CryAnimation: character-definition not found: objects/characters/human/sdk_player/sdk_player.cdf
<12:39:52> CryAnimation: character-definition not found: objects/characters/human/sdk_player/sdk_player.cdf
<12:39:52> CryAnimation: character-definition not found: objects/characters/human/sdk_player/sdk_player.cdf
<12:39:52> CryAnimation: character-definition not found: objects/characters/human/sdk_player/sdk_player.cdf
<12:39:54> PLAYERNAME Kornflakes
<12:39:54> CryAnimation: character-definition not found: objects/characters/man.cdf
<12:39:55> CryAnimation: character-definition not found: objects/characters/human/sdk_player/sdk_player.cdf
<12:39:55> CryAnimation: character-definition not found: objects/characters/human/sdk_player/sdk_player.cdf
<12:39:55> CryAnimation: character-definition not found: objects/characters/human/sdk_player/sdk_player.cdf
<12:40:02> CryAnimation: character-definition not found: objects/characters/human/sdk_player/sdk_player.cdf
<12:40:02> CryAnimation: character-definition not found: objects/characters/human/sdk_player/sdk_player.cdf
<12:40:02> CryAnimation: character-definition not found: objects/characters/human/sdk_player/sdk_player.cdf
<12:40:04> CryAnimation: character-definition not found: objects/characters/human/sdk_player/sdk_player.cdf
<12:40:04> CryAnimation: character-definition not found: objects/characters/human/sdk_player/sdk_player.cdf
<12:40:04> CryAnimation: character-definition not found: objects/characters/human/sdk_player/sdk_player.cdf
<12:40:09> CryAnimation: character-definition not found: objects/characters/human/sdk_player/sdk_player.cdf
<12:40:09> CryAnimation: character-definition not found: objects/characters/human/sdk_player/sdk_player.cdf
<12:40:09> CryAnimation: character-definition not found: objects/characters/human/sdk_player/sdk_player.cdf
<12:41:07> d_prerec_msg 
<12:42:22> CryAnimation: character-definition not found: objects/characters/human/sdk_player/sdk_player.cdf
<12:42:22> CryAnimation: character-definition not found: objects/characters/human/sdk_player/sdk_player.cdf
<12:42:22> CryAnimation: character-definition not found: objects/characters/human/sdk_player/sdk_player.cdf
<12:42:28> CryAnimation: character-definition not found: objects/characters/human/sdk_player/sdk_player.cdf
<12:42:28> CryAnimation: character-definition not found: objects/characters/human/sdk_player/sdk_player.cdf
<12:42:28> CryAnimation: character-definition not found: objects/characters/human/sdk_player/sdk_player.cdf
<12:43:04> d_prerec_msg 
<12:43:05> d_prerec_msg 
<12:43:19> CryAnimation: character-definition not found: objects/characters/human/sdk_player/sdk_player.cdf
<12:43:19> CryAnimation: character-definition not found: objects/characters/human/sdk_player/sdk_player.cdf
<12:43:19> CryAnimation: character-definition not found: objects/characters/human/sdk_player/sdk_player.cdf
<12:43:32> st_used_prerec_msg 
<12:44:02> CHUDNv::showPickArmorGradient()
<12:44:13> CHUDNv::showPickArmorGradient()
<12:44:31> CryAnimation: character-definition not found: objects/characters/human/sdk_player/sdk_player.cdf
<12:44:31> CryAnimation: character-definition not found: objects/characters/human/sdk_player/sdk_player.cdf
<12:44:31> CryAnimation: character-definition not found: objects/characters/human/sdk_player/sdk_player.cdf
<12:44:36> CryAnimation: character-definition not found: objects/characters/human/sdk_player/sdk_player.cdf
<12:44:36> CryAnimation: character-definition not found: objects/characters/human/sdk_player/sdk_player.cdf
<12:44:36> CryAnimation: character-definition not found: objects/characters/human/sdk_player/sdk_player.cdf
<12:44:44> CHUDNv::showPickArmorGradient()
<12:47:14> ast_used_prerec_msg 
<12:49:12> ClReplDropOpen !params.r_openedDr
<12:50:04> CTrain::SmplPlaySnd train_gts
<12:50:34> CHUDNv::showPickArmorGradient()
<12:50:35> CHUDNv::showPickArmorGradient()
<12:53:38> CTrain::SmplPlaySnd train_gts
<12:55:28> CryAnimation: character-definition not found: objects/characters/human/sdk_player/sdk_player.cdf
<12:55:28> CryAnimation: character-definition not found: objects/characters/human/sdk_player/sdk_player.cdf
<12:55:28> CryAnimation: character-definition not found: objects/characters/human/sdk_player/sdk_player.cdf
<13:00:37> gEnv->pRenderer->Draw2dImage XXX
<13:00:39> remapped bone indices with refcount '4294967290' still around for 'objects/zhg_objects/characters/sets/vanityset/vanityset_torso.skin 0x0000020D43FF23C0
<13:00:39> remapped bone indices with refcount '4294967290' still around for 'objects/zhg_objects/characters/sets/vanityset/vanityset_torso.skin 0x0000020D43FF26E0
<13:00:39> remapped bone indices with refcount '4294967290' still around for 'objects/zhg_objects/characters/sets/vanityset/vanityset_torso.skin 0x0000020D43FF3040
<13:00:39> remapped bone indices with refcount '4294967290' still around for 'objects/zhg_objects/characters/sets/vanityset/vanityset_pants.skin 0x0000020D43FF2D20
<13:00:39> remapped bone indices with refcount '4294967290' still around for 'objects/zhg_objects/characters/sets/vanityset/vanityset_pants.skin 0x0000020D43FF2A00
<13:00:39> remapped bone indices with refcount '4294967290' still around for 'objects/zhg_objects/characters/sets/vanityset/vanityset_pants.skin 0x0000020D44094CB0
<13:00:39> remapped bone indices with refcount '4294967290' still around for 'objects/zhg_objects/characters/sets/vanityset/vanityset_head.skin 0x0000020D43FF5370
<13:00:39> remapped bone indices with refcount '4294967290' still around for 'objects/zhg_objects/characters/sets/vanityset/vanityset_head.skin 0x0000020D43FF5050
<13:00:39> remapped bone indices with refcount '4294967290' still around for 'objects/zhg_objects/characters/sets/vanityset/vanityset_head.skin 0x0000020D43FF4A10
<13:00:39> remapped bone indices with refcount '4294967290' still around for 'objects/zhg_objects/characters/sets/safetyset/safetyset_head.skin 0x0000020D43FF5690
<13:00:39> remapped bone indices with refcount '4294967290' still around for 'objects/zhg_objects/characters/sets/safetyset/safetyset_head.skin 0x0000020D43FF4D30
<13:00:39> remapped bone indices with refcount '4294967290' still around for 'objects/zhg_objects/characters/sets/safetyset/safetyset_head.skin 0x0000020D43FF43D0
<13:00:39> remapped bone indices with refcount '4294967276' still around for 'objects/zhg_objects/characters/sets/rebellionset/rebellionset_torso.skin 0x0000020D43FF40B0
<13:00:39> remapped bone indices with refcount '4294967276' still around for 'objects/zhg_objects/characters/sets/rebellionset/rebellionset_torso.skin 0x0000020D43FF46F0
<13:00:39> remapped bone indices with refcount '4294967276' still around for 'objects/zhg_objects/characters/sets/rebellionset/rebellionset_torso.skin 0x0000020D43FF5CD0
<13:00:39> remapped bone indices with refcount '4294967283' still around for 'objects/zhg_objects/characters/sets/rebellionset/rebellionset_pants.skin 0x0000020D44096BF0
<13:00:39> remapped bone indices with refcount '4294967283' still around for 'objects/zhg_objects/characters/sets/rebellionset/rebellionset_pants.skin 0x0000020D44095610
<13:00:39> remapped bone indices with refcount '4294967283' still around for 'objects/zhg_objects/characters/sets/rebellionset/rebellionset_pants.skin 0x0000020D440965B0
<13:00:39> remapped bone indices with refcount '4294967290' still around for 'objects/zhg_objects/characters/sets/rebellionset/rebellionset_head.skin 0x0000020D44096290
<13:00:39> remapped bone indices with refcount '4294967290' still around for 'objects/zhg_objects/characters/sets/rebellionset/rebellionset_head.skin 0x0000020D44094FD0
<13:00:39> remapped bone indices with refcount '4294967290' still around for 'objects/zhg_objects/characters/sets/rebellionset/rebellionset_head.skin 0x0000020D44095930
<13:00:39> remapped bone indices with refcount '4294967283' still around for 'objects/zhg_objects/characters/sets/rebellionset/rebelliomset_hands.skin 0x0000020D44097B90
<13:00:39> remapped bone indices with refcount '4294967283' still around for 'objects/zhg_objects/characters/sets/rebellionset/rebelliomset_hands.skin 0x0000020D44097EB0
<13:00:39> remapped bone indices with refcount '4294967283' still around for 'objects/zhg_objects/characters/sets/rebellionset/rebelliomset_hands.skin 0x0000020D44097870
<13:00:39> remapped bone indices with refcount '4294967283' still around for 'objects/zhg_objects/characters/sets/rebellionset/rebelliomset_hands.skin 0x0000020D44097230
<13:00:39> remapped bone indices with refcount '4294967290' still around for 'objects/zhg_objects/characters/sets/loverset/loverset_torso.skin 0x0000020D440968D0
<13:00:39> remapped bone indices with refcount '4294967290' still around for 'objects/zhg_objects/characters/sets/loverset/loverset_torso.skin 0x0000020D44094670
<13:00:39> remapped bone indices with refcount '4294967290' still around for 'objects/zhg_objects/characters/sets/loverset/loverset_torso.skin 0x0000020D44094990
<13:00:39> remapped bone indices with refcount '4294967290' still around for 'objects/zhg_objects/characters/sets/loverset/loverset_head.skin 0x0000020D44096F10
<13:00:39> remapped bone indices with refcount '4294967290' still around for 'objects/zhg_objects/characters/sets/loverset/loverset_head.skin 0x0000020D44095C50
<13:00:39> remapped bone indices with refcount '4294967290' still around for 'objects/zhg_objects/characters/sets/loverset/loverset_head.skin 0x0000020D44094350
<13:00:39> remapped bone indices with refcount '4294967290' still around for 'objects/zhg_objects/characters/sets/leaderset/leaderset_torso.skin 0x0000020D440952F0
<13:00:39> remapped bone indices with refcount '4294967290' still around for 'objects/zhg_objects/characters/sets/leaderset/leaderset_torso.skin 0x0000020D44097550
<13:00:39> remapped bone indices with refcount '4294967290' still around for 'objects/zhg_objects/characters/sets/leaderset/leaderset_torso.skin 0x0000020D44095F70
<13:00:39> remapped bone indices with refcount '4294967290' still around for 'objects/zhg_objects/characters/sets/leaderset/leaderset_pants.skin 0x0000020D43D91980
<13:00:39> remapped bone indices with refcount '4294967290' still around for 'objects/zhg_objects/characters/sets/leaderset/leaderset_pants.skin 0x0000020D43D91020
<13:00:39> remapped bone indices with refcount '4294967290' still around for 'objects/zhg_objects/characters/sets/leaderset/leaderset_pants.skin 0x0000020D43D90D00
<13:00:39> remapped bone indices with refcount '4294967290' still around for 'objects/zhg_objects/characters/sets/leaderset/leaderset_head.skin 0x0000020D43D91340
<13:00:39> remapped bone indices with refcount '4294967290' still around for 'objects/zhg_objects/characters/sets/leaderset/leaderset_head.skin 0x0000020D43D938C0
<13:00:39> remapped bone indices with refcount '4294967290' still around for 'objects/zhg_objects/characters/sets/leaderset/leaderset_head.skin 0x0000020D43D93280
<13:00:39> remapped bone indices with refcount '4294967290' still around for 'objects/zhg_objects/characters/sets/hopefullset/hopefullset_torso.skin 0x0000020D43D92600
<13:00:39> remapped bone indices with refcount '4294967290' still around for 'objects/zhg_objects/characters/sets/hopefullset/hopefullset_torso.skin 0x0000020D43D906C0
<13:00:39> remapped bone indices with refcount '4294967290' still around for 'objects/zhg_objects/characters/sets/hopefullset/hopefullset_torso.skin 0x0000020D43D93BE0
<13:00:39> remapped bone indices with refcount '4294967290' still around for 'objects/zhg_objects/characters/sets/hopefullset/hopefullset_pants.skin 0x0000020D43D92C40
<13:00:39> remapped bone indices with refcount '4294967290' still around for 'objects/zhg_objects/characters/sets/hopefullset/hopefullset_pants.skin 0x0000020D43D903A0
<13:00:39> remapped bone indices with refcount '4294967290' still around for 'objects/zhg_objects/characters/sets/hopefullset/hopefullset_pants.skin 0x0000020D43D922E0
<13:00:39> remapped bone indices with refcount '4294967290' still around for 'objects/zhg_objects/characters/sets/hopefullset/hopefullset_head.skin 0x0000020D43D935A0
<13:00:39> remapped bone indices with refcount '4294967290' still around for 'objects/zhg_objects/characters/sets/hopefullset/hopefullset_head.skin 0x0000020D43D92F60
<13:00:39> remapped bone indices with refcount '4294967290' still around for 'objects/zhg_objects/characters/sets/hopefullset/hopefullset_head.skin 0x0000020D43D92920
<13:00:39> remapped bone indices with refcount '4294967290' still around for 'objects/zhg_objects/characters/sets/doubtset/doubtset_head.skin 0x0000020D43D91660
<13:00:39> remapped bone indices with refcount '4294967294' still around for 'objects/zhg_objects/characters/conserve/conserve_body.skin 0x0000020D43D909E0
<13:00:39> remapped bone indices with refcount '4294967294' still around for 'objects/zhg_objects/characters/conserve/conserve_body.skin 0x0000020D43D91CA0
<13:00:39> remapped bone indices with refcount '4294967294' still around for 'objects/zhg_objects/characters/conserve/conserve_body.skin 0x0000020D43D91FC0
<13:13:57> Iterator 0
<13:13:57> Size 30
<13:13:57> Iterator 1
<13:13:57> Size 30
<13:13:57> Iterator 2
<13:13:57> Size 30
<13:13:57> Iterator 3
<13:13:57> Size 30
<13:13:57> Iterator 4
<13:13:57> Size 30
<13:13:57> Iterator 5
<13:13:57> Size 30
<13:13:57> Iterator 6
<13:13:57> Size 30
<13:13:57> Iterator 7
<13:13:57> Size 30
<13:13:57> Iterator 8
<13:13:57> Size 30
<13:13:57> Iterator 9
<13:13:57> Size 30
<13:13:57> Iterator 10
<13:13:57> Size 30
<13:13:57> Iterator 11
<13:13:57> Size 30
<13:13:57> Iterator 12
<13:13:57> Size 30
<13:13:57> Iterator 13
<13:13:57> Size 30
<13:13:57> Iterator 14
<13:13:57> Size 30
<13:13:57> playerName Kornflakes
<13:13:57> Iterator 15
<13:13:57> Size 30
<13:13:57> Iterator 16
<13:13:57> Size 30
<13:13:57> Iterator 17
<13:13:57> Size 30
<13:13:57> Iterator 18
<13:13:57> Size 30
<13:13:57> Iterator 19
<13:13:57> Size 30
<13:13:57> Iterator 20
<13:13:57> Size 30
<13:13:57> Iterator 21
<13:13:57> Size 30
<13:13:57> Iterator 22
<13:13:57> Size 30
<13:13:57> Iterator 23
<13:13:57> Size 30
<13:13:57> Iterator 24
<13:13:57> Size 30
<13:13:57> Iterator 25
<13:13:57> Size 30
<13:13:57> Iterator 26
<13:13:57> Size 30
<13:13:57> Iterator 27
<13:13:57> Size 30
<13:13:57> Iterator 28
<13:13:57> Size 30
<13:13:57> Iterator 29
<13:13:57> Size 30
<13:13:57> playerName Kornflakes
<13:13:58> Iterator 30
<13:13:58> Size 30
