BackupNameAttachment=" Build(0) 05 Jul 21 (14 53 36)"  -- used by backup system
Log Started at Mon Jul  5 14:53:36 2021
Built on Oct 13 2019 19:15:33
Running 64 bit Windows version
Command Line: "D:\Games\Steam\steamapps\common\Pandemic Express\Bin/win_x64/PandemicExpress.exe"
Executable: D:\Games\Steam\steamapps\common\Pandemic Express\Bin\win_x64\PandemicExpress.exe
FileVersion: 1.0.0.0
ProductVersion: 1.0.0.0
Added MOD directory <%engineroot%/engine> to CryPak

Total number of logical processors: 12
Number of available logical processors: 12
Total number of system cores: 6
Number of cores available to process: 6
 
Processor 0:
  CPU: AMD AMD Ryzen 5 3600 6-Core Processor              
  Family: 15, Model: 1, Stepping: 0
  FPU: On-Chip
  Features: FP16, SSE, SSE2, SSE3, SSE4.2, AVX, AVX2, FMA3
  Serial number not present or disabled
 
Processor 1:
  CPU: AMD AMD Ryzen 5 3600 6-Core Processor              
  Family: 15, Model: 1, Stepping: 0
  FPU: On-Chip
  Features: FP16, SSE, SSE2, SSE3, SSE4.2, AVX, AVX2, FMA3
  Serial number not present or disabled
 
Processor 2:
  CPU: AMD AMD Ryzen 5 3600 6-Core Processor              
  Family: 15, Model: 1, Stepping: 0
  FPU: On-Chip
  Features: FP16, SSE, SSE2, SSE3, SSE4.2, AVX, AVX2, FMA3
  Serial number not present or disabled
 
Processor 3:
  CPU: AMD AMD Ryzen 5 3600 6-Core Processor              
  Family: 15, Model: 1, Stepping: 0
  FPU: On-Chip
  Features: FP16, SSE, SSE2, SSE3, SSE4.2, AVX, AVX2, FMA3
  Serial number not present or disabled
 
Processor 4:
  CPU: AMD AMD Ryzen 5 3600 6-Core Processor              
  Family: 15, Model: 1, Stepping: 0
  FPU: On-Chip
  Features: FP16, SSE, SSE2, SSE3, SSE4.2, AVX, AVX2, FMA3
  Serial number not present or disabled
 
Processor 5:
  CPU: AMD AMD Ryzen 5 3600 6-Core Processor              
  Family: 15, Model: 1, Stepping: 0
  FPU: On-Chip
  Features: FP16, SSE, SSE2, SSE3, SSE4.2, AVX, AVX2, FMA3
  Serial number not present or disabled
 
<14:53:36> Loading Config file system.cfg (system.cfg)
<14:53:36> [Error] [CVARS]: [IGNORED CHANGE] variable [sys_version] from [] to [1.1.0.000.200116]; Marked as [VF_CHEAT]
<14:53:36> OnSysSpecChange(1)
<14:53:36> [Error] [CVARS]: [IGNORED CHANGE] variable [sys_asserts] from [0] to [0]; Marked as [VF_CHEAT]
<14:53:36> GameDir: DATA
<14:53:36> <ThreadConfigInfo>: Thread profile loaded: "pc_8" (config/engine_core.thread_config)  
<14:53:36> Windows 10 64 bit (build 10.0.19043)
<14:53:36> System language: English
<14:53:36> Windows Directory: "C:\Windows"
<14:53:36> Local time is 14:53:36 07/05/21, system running for 1623 minutes
<14:53:36> 16333MB physical memory installed, 10244MB available, 134217727MB virtual memory installed, 37 percent of memory in use
<14:53:36> PageFile usage: 75MB, Working Set: 89MB, Peak PageFile usage: 75MB,
<14:53:36> Current display mode is 2560x1440x32, (Unknown graphics card)
<14:53:36> IBM enhanced (101/102-key) keyboard and 16+ button mouse installed
<14:53:36> --------------------------------------------------------------------------------
<14:53:36> OnSysSpecChange(1)
<14:53:36> Loading Config file LowSpec.cfg (data\config\lowspec.cfg)
<14:53:36> [Error] [CVARS]: [MISSING] [mfx_Timeout] is not a registered console variable; referenced when testing console variable group [sys_spec_gameeffects] = [1]
<14:53:36> [Error] [CVARS]: [MISSING] [ca_AttachmentCullingRation] is not a registered console variable; referenced when testing console variable group [sys_spec_objectdetail] = [1]
<14:53:36> [Error] [CVARS]: [MISSING] [e_DecalsLifeTimeScale] is not a registered console variable; referenced when testing console variable group [sys_spec_objectdetail] = [1]
<14:53:36> [Error] [CVARS]: [MISSING] [e_LodRatio] is not a registered console variable; referenced when testing console variable group [sys_spec_objectdetail] = [1]
<14:53:36> [Error] [CVARS]: [MISSING] [e_MaxViewDistSpecLerp] is not a registered console variable; referenced when testing console variable group [sys_spec_objectdetail] = [1]
<14:53:36> [Error] [CVARS]: [MISSING] [e_MaxViewDistance] is not a registered console variable; referenced when testing console variable group [sys_spec_objectdetail] = [1]
<14:53:36> [Error] [CVARS]: [MISSING] [e_ObjQuality] is not a registered console variable; referenced when testing console variable group [sys_spec_objectdetail] = [1]
<14:53:36> [Error] [CVARS]: [MISSING] [e_TerrainOcclusionCullingMaxDist] is not a registered console variable; referenced when testing console variable group [sys_spec_objectdetail] = [1]
<14:53:36> [Error] [CVARS]: [MISSING] [e_VegetationMinSize] is not a registered console variable; referenced when testing console variable group [sys_spec_objectdetail] = [1]
<14:53:36> [Error] [CVARS]: [MISSING] [e_ViewDistRatio] is not a registered console variable; referenced when testing console variable group [sys_spec_objectdetail] = [1]
<14:53:36> [Error] [CVARS]: [MISSING] [e_ViewDistRatioCustom] is not a registered console variable; referenced when testing console variable group [sys_spec_objectdetail] = [1]
<14:53:36> [Error] [CVARS]: [MISSING] [e_ViewDistRatioDetail] is not a registered console variable; referenced when testing console variable group [sys_spec_objectdetail] = [1]
<14:53:36> [Error] [CVARS]: [MISSING] [e_ViewDistRatioLights] is not a registered console variable; referenced when testing console variable group [sys_spec_objectdetail] = [1]
<14:53:36> [Error] [CVARS]: [MISSING] [e_ViewDistRatioVegetation] is not a registered console variable; referenced when testing console variable group [sys_spec_objectdetail] = [1]
<14:53:36> [Error] [CVARS]: [MISSING] [es_DebrisLifetimeScale] is not a registered console variable; referenced when testing console variable group [sys_spec_objectdetail] = [1]
<14:53:36> [Error] [CVARS]: [MISSING] [e_DecalsOverlapping] is not a registered console variable; referenced when testing console variable group [sys_spec_objectdetail] = [1]
<14:53:36> [Error] [CVARS]: [MISSING] [e_LodMin] is not a registered console variable; referenced when testing console variable group [sys_spec_objectdetail] = [1]
<14:53:36> [Error] [CVARS]: [MISSING] [e_MergedMeshesInstanceDist] is not a registered console variable; referenced when testing console variable group [sys_spec_objectdetail] = [1]
<14:53:36> [Error] [CVARS]: [MISSING] [e_MergedMeshesPool] is not a registered console variable; referenced when testing console variable group [sys_spec_objectdetail] = [1]
<14:53:36> [Error] [CVARS]: [MISSING] [e_OcclusionCullingViewDistRatio] is not a registered console variable; referenced when testing console variable group [sys_spec_objectdetail] = [1]
<14:53:36> [Error] [CVARS]: [MISSING] [e_TerrainLodRatio] is not a registered console variable; referenced when testing console variable group [sys_spec_objectdetail] = [1]
<14:53:36> [Error] [CVARS]: [MISSING] [e_Tessellation] is not a registered console variable; referenced when testing console variable group [sys_spec_objectdetail] = [1]
<14:53:36> [Error] [CVARS]: [MISSING] [e_ViewDistMin] is not a registered console variable; referenced when testing console variable group [sys_spec_objectdetail] = [1]
<14:53:36> [Error] [CVARS]: [MISSING] [e_ParticlesMaxScreenFill] is not a registered console variable; referenced when testing console variable group [sys_spec_particles] = [1]
<14:53:36> [Error] [CVARS]: [MISSING] [e_ParticlesMinDrawPixels] is not a registered console variable; referenced when testing console variable group [sys_spec_particles] = [1]
<14:53:36> [Error] [CVARS]: [MISSING] [e_ParticlesObjectCollisions] is not a registered console variable; referenced when testing console variable group [sys_spec_particles] = [1]
<14:53:36> [Error] [CVARS]: [MISSING] [e_ParticlesQuality] is not a registered console variable; referenced when testing console variable group [sys_spec_particles] = [1]
<14:53:36> [Error] [CVARS]: [MISSING] [e_ParticlesMotionBlur] is not a registered console variable; referenced when testing console variable group [sys_spec_particles] = [1]
<14:53:36> [Error] [CVARS]: [MISSING] [e_CullVegActivation] is not a registered console variable; referenced when testing console variable group [sys_spec_physics] = [1]
<14:53:36> [Error] [CVARS]: [MISSING] [e_FoliageWindActivationDist] is not a registered console variable; referenced when testing console variable group [sys_spec_physics] = [1]
<14:53:36> [Error] [CVARS]: [MISSING] [e_PhysOceanCell] is not a registered console variable; referenced when testing console variable group [sys_spec_physics] = [1]
<14:53:36> [Error] [CVARS]: [MISSING] [es_MaxPhysDist] is not a registered console variable; referenced when testing console variable group [sys_spec_physics] = [1]
<14:53:36> [Error] [CVARS]: [MISSING] [es_MaxPhysDistInvisible] is not a registered console variable; referenced when testing console variable group [sys_spec_physics] = [1]
<14:53:36> [Error] [CVARS]: [MISSING] [g_breakage_particles_limit] is not a registered console variable; referenced when testing console variable group [sys_spec_physics] = [1]
<14:53:36> [Error] [CVARS]: [MISSING] [g_tree_cut_reuse_dist] is not a registered console variable; referenced when testing console variable group [sys_spec_physics] = [1]
<14:53:36> [Error] [CVARS]: [MISSING] [p_max_MC_iters] is not a registered console variable; referenced when testing console variable group [sys_spec_physics] = [1]
<14:53:36> [Error] [CVARS]: [MISSING] [p_max_substeps] is not a registered console variable; referenced when testing console variable group [sys_spec_physics] = [1]
<14:53:36> [Error] [CVARS]: [MISSING] [e_PhysProxyTriLimit] is not a registered console variable; referenced when testing console variable group [sys_spec_physics] = [1]
<14:53:36> [Error] [CVARS]: [MISSING] [p_max_object_splashes] is not a registered console variable; referenced when testing console variable group [sys_spec_physics] = [1]
<14:53:36> [Error] [CVARS]: [MISSING] [p_max_substeps_large_group] is not a registered console variable; referenced when testing console variable group [sys_spec_physics] = [1]
<14:53:36> [Error] [CVARS]: [MISSING] [p_num_bodies_large_group] is not a registered console variable; referenced when testing console variable group [sys_spec_physics] = [1]
<14:53:36> [Error] [CVARS]: [MISSING] [p_splash_dist0] is not a registered console variable; referenced when testing console variable group [sys_spec_physics] = [1]
<14:53:36> [Error] [CVARS]: [MISSING] [p_splash_dist1] is not a registered console variable; referenced when testing console variable group [sys_spec_physics] = [1]
<14:53:36> [Error] [CVARS]: [MISSING] [p_splash_force0] is not a registered console variable; referenced when testing console variable group [sys_spec_physics] = [1]
<14:53:36> [Error] [CVARS]: [MISSING] [p_splash_force1] is not a registered console variable; referenced when testing console variable group [sys_spec_physics] = [1]
<14:53:36> [Error] [CVARS]: [MISSING] [p_splash_vel0] is not a registered console variable; referenced when testing console variable group [sys_spec_physics] = [1]
<14:53:36> [Error] [CVARS]: [MISSING] [p_splash_vel1] is not a registered console variable; referenced when testing console variable group [sys_spec_physics] = [1]
<14:53:36> [Error] [CVARS]: [MISSING] [e_DynamicLightsMaxEntityLights] is not a registered console variable; referenced when testing console variable group [sys_spec_shading] = [1]
<14:53:36> [Error] [CVARS]: [MISSING] [e_SkyUpdateRate] is not a registered console variable; referenced when testing console variable group [sys_spec_shading] = [1]
<14:53:36> [Error] [CVARS]: [MISSING] [e_svoTI_Apply] is not a registered console variable; referenced when testing console variable group [sys_spec_shading] = [1]
<14:53:36> [Error] [CVARS]: [MISSING] [e_svoTI_RsmConeMaxLength] is not a registered console variable; referenced when testing console variable group [sys_spec_shading] = [1]
<14:53:36> [Error] [CVARS]: [MISSING] [e_svoTI_RsmUseColors] is not a registered console variable; referenced when testing console variable group [sys_spec_shading] = [1]
<14:53:36> [Error] [CVARS]: [MISSING] [e_svoTi_Active] is not a registered console variable; referenced when testing console variable group [sys_spec_shading] = [1]
<14:53:36> [Error] [CVARS]: [MISSING] [e_svoti_LowSpecMode] is not a registered console variable; referenced when testing console variable group [sys_spec_shading] = [1]
<14:53:36> [Error] [CVARS]: [MISSING] [e_LightVolumes] is not a registered console variable; referenced when testing console variable group [sys_spec_shading] = [1]
<14:53:36> [Error] [CVARS]: [MISSING] [e_VegetationUseTerrainColor] is not a registered console variable; referenced when testing console variable group [sys_spec_shading] = [1]
<14:53:36> [Error] [CVARS]: [MISSING] [e_GsmLodsNum] is not a registered console variable; referenced when testing console variable group [sys_spec_shadows] = [1]
<14:53:36> [Error] [CVARS]: [MISSING] [e_GsmRange] is not a registered console variable; referenced when testing console variable group [sys_spec_shadows] = [1]
<14:53:36> [Error] [CVARS]: [MISSING] [e_ObjShadowCastSpec] is not a registered console variable; referenced when testing console variable group [sys_spec_shadows] = [1]
<14:53:36> [Error] [CVARS]: [MISSING] [e_ParticlesShadows] is not a registered console variable; referenced when testing console variable group [sys_spec_shadows] = [1]
<14:53:36> [Error] [CVARS]: [MISSING] [e_Shadows] is not a registered console variable; referenced when testing console variable group [sys_spec_shadows] = [1]
<14:53:36> [Error] [CVARS]: [MISSING] [e_ShadowsBlendCascades] is not a registered console variable; referenced when testing console variable group [sys_spec_shadows] = [1]
<14:53:36> [Error] [CVARS]: [MISSING] [e_ShadowsCastViewDistRatio] is not a registered console variable; referenced when testing console variable group [sys_spec_shadows] = [1]
<14:53:36> [Error] [CVARS]: [MISSING] [e_ShadowsLodBiasFixed] is not a registered console variable; referenced when testing console variable group [sys_spec_shadows] = [1]
<14:53:36> [Error] [CVARS]: [MISSING] [e_ShadowsMaxTexRes] is not a registered console variable; referenced when testing console variable group [sys_spec_shadows] = [1]
<14:53:36> [Error] [CVARS]: [MISSING] [e_ShadowsPoolSize] is not a registered console variable; referenced when testing console variable group [sys_spec_shadows] = [1]
<14:53:36> [Error] [CVARS]: [MISSING] [e_ShadowsResScale] is not a registered console variable; referenced when testing console variable group [sys_spec_shadows] = [1]
<14:53:36> [Error] [CVARS]: [MISSING] [e_ShadowsTessellateCascades] is not a registered console variable; referenced when testing console variable group [sys_spec_shadows] = [1]
<14:53:36> [Error] [CVARS]: [MISSING] [e_ShadowsTessellateDLights] is not a registered console variable; referenced when testing console variable group [sys_spec_shadows] = [1]
<14:53:36> [Error] [CVARS]: [MISSING] [e_ShadowsUpdateViewDistRatio] is not a registered console variable; referenced when testing console variable group [sys_spec_shadows] = [1]
<14:53:36> [Error] [CVARS]: [MISSING] [e_VolumetricFog] is not a registered console variable; referenced when testing console variable group [sys_spec_volumetriceffects] = [1]
<14:53:36> [Error] [CVARS]: [MISSING] [e_fog] is not a registered console variable; referenced when testing console variable group [sys_spec_volumetriceffects] = [1]
<14:53:36> [Error] [CVARS]: [MISSING] [e_Clouds] is not a registered console variable; referenced when testing console variable group [sys_spec_volumetriceffects] = [1]
<14:53:36> [Error] [CVARS]: [MISSING] [e_WaterOceanFFT] is not a registered console variable; referenced when testing console variable group [sys_spec_water] = [1]
<14:53:36> [Error] [CVARS]: [MISSING] [e_WaterTessellationAmount] is not a registered console variable; referenced when testing console variable group [sys_spec_water] = [1]
<14:53:36> [Error] [CVARS]: [MISSING] [e_WaterTessellationAmountX] is not a registered console variable; referenced when testing console variable group [sys_spec_water] = [1]
<14:53:36> [Error] [CVARS]: [MISSING] [e_WaterTessellationAmountY] is not a registered console variable; referenced when testing console variable group [sys_spec_water] = [1]
<14:53:36> [Error] [CVARS]: [MISSING] [e_WaterTessellationSwathWidth] is not a registered console variable; referenced when testing console variable group [sys_spec_water] = [1]
<14:53:36> Loading Config file game.cfg (data\game.cfg)
<14:53:36> [Warning] [CVARS]: [CHANGED] variable [sys_asserts] from [0] to [0]; Marked as [VF_CHEAT]
<14:53:36> [Warning] Modifying marked variables will not be allowed in Release mode!
<14:53:36> Stream Engine Initialization
<14:53:36> GameName: Pandemic Express
<14:53:36> BuildTime: Oct 13 2019 19:15:33
<14:53:36> Physics initialization
<14:53:36> Localized language content(english) not available or modified from the original installation.
<14:53:36> Localized language content(english) not available or modified from the original installation.
<14:53:36> Localized language content(english) not available or modified from the original installation.
<14:53:36> <Audio>: AudioSystem initialization
<14:53:36> <Audio> <0.102>: CryAudioImplWwise loaded
<14:53:38> Renderer initialization
<14:53:38> Logging video adapters:
<14:53:38> - NVIDIA GeForce RTX 3070 (vendor = 0x10de, device = 0x2484)
<14:53:38>   - Adapter index: 0
<14:53:38>   - Dedicated video memory: 8043 MB
<14:53:38>   - Feature level: DX11 (SM 5.0)
<14:53:38>   - Displays connected: yes
<14:53:38>   - Suitable rendering device: yes
<14:53:38> - Microsoft Basic Render Driver (vendor = 0x1414, device = 0x008c)
<14:53:38>   - Adapter index: 1
<14:53:38>   - Dedicated video memory: 0 MB
<14:53:38>   - Feature level: DX11 (SM 5.0)
<14:53:38>   - Displays connected: no
<14:53:38>   - Suitable rendering device: no
<14:53:38> Active GPUs: 1
<14:53:38> [Renderer] A display device has been connected to the system
<14:53:38> Loading plugin CryDefaultEntities
<14:53:38> Loading plugin CrySchematycCore
<14:53:38> DLL Failed to load, error code: 7E
<14:53:38> Loading plugin CrySchematycSTDEnv
<14:53:38> DLL Failed to load, error code: 7E
<14:53:38> Loading plugin CrySensorSystem
<14:53:38> DLL Failed to load, error code: 7E
<14:53:38> Loading extension file cryplugin.csv
<14:53:38> Loading plugin ProcAnRandGenerator.dll
<14:53:38> Loading plugin PlayFab.dll
<14:53:38> Loading plugin CEVPlayer.dll
<14:53:39> Font initialization
<14:53:39> Using FreeType 2.5.5
<14:53:40> Network initialization
<14:53:40> [net] Socket IO management: External [iocp], Internal [iocp]
<14:53:40> network hostname: DESKTOP-GKEDPQ6
<14:53:40>   ip:192.168.20.21
<14:53:40> [Network Version]: PROFILE DEVELOPMENT BUILD
<14:53:40> MovieSystem initialization
<14:53:40> Console initialization
<14:53:40> Time initialization
<14:53:40> Input initialization
<14:53:40> AI initialization
<14:53:40>  
<14:53:40>     con_debug = 0 []
<14:53:40>     con_display_last_messages = 0 []
<14:53:40>     con_line_buffer_size = 1000 []
<14:53:40>     con_restricted = 0 [RESTRICTEDMODE]
<14:53:40>     con_showonload = 0 []
<14:53:40>  
<14:53:40>     con_debug = 0 []
<14:53:40>     con_display_last_messages = 0 []
<14:53:40>     con_line_buffer_size = 1000 []
<14:53:40>     con_restricted = 0 [RESTRICTEDMODE]
<14:53:40>     con_showonload = 0 []
<14:53:40>  
<14:53:40>     con_debug = 0 []
<14:53:40>  
<14:53:40>     con_debug = 0 []
<14:53:40> Initializing Animation System
<14:53:40> Initializing 3D Engine
<14:53:40> Script System Initialization
<14:53:40> Entity system initialization
<14:53:40> Initializing AI System
<14:53:40> Initializing additional systems
<14:53:40> Dynamic Response System initialization
<14:53:40> DLL Failed to load, error code: 7E
<14:53:40> No Dynamic Response System was loaded from a module, will use the NULL implementation.
<14:53:40> [Steam] Steam API initialized successfully
<14:53:40> <ThreadConfigInfo>: [XML Parsing] Thread with name "Main" already loaded. Overriding with new configuration
<14:53:40> <ThreadConfigInfo>: [XML Parsing] Thread with name "Network" already loaded. Overriding with new configuration
<14:53:40> <ThreadConfigInfo>: [XML Parsing] Thread with name "NetworkStallTicker" already loaded. Overriding with new configuration
<14:53:40> <ThreadConfigInfo>: [XML Parsing] Thread with name "ZLibCompressor" already loaded. Overriding with new configuration
<14:53:40> <ThreadConfigInfo>: [XML Parsing] Thread with name "NetworkStallTicker" already loaded. Overriding with new configuration
<14:53:40> <ThreadConfigInfo>: [XML Parsing] Thread with name "ZLibCompressor" already loaded. Overriding with new configuration
<14:53:40> <ThreadConfigInfo>: [XML Parsing] Thread with name "TelemetryCopier" already loaded. Overriding with new configuration
<14:53:40> <ThreadConfigInfo>: [XML Parsing] Thread with name "StatsAgent" already loaded. Overriding with new configuration
<14:53:40> <ThreadConfigInfo>: Thread profile loaded: "pc_8" (config/game.thread_config)  
<14:53:41> Initializing default materials...
<14:53:46> [MFX] Loading FXLib 'breakables' ...
<14:53:46> [MFX] Loading FXLib 'collisions' ...
<14:53:46> [MFX] Loading FXLib 'foley' ...
<14:53:46> [MFX] Loading FXLib 'foley_grunt' ...
<14:53:46> [MFX] Loading FXLib 'foley_player' ...
<14:53:46> [MFX] Loading FXLib 'footstep_grunt' ...
<14:53:46> [MFX] Loading FXLib 'footstep_player' ...
<14:53:46> [MFX] Loading FXLib 'footsteps' ...
<14:53:46> [MFX] Loading FXLib 'grenade' ...
<14:53:46> [MFX] Loading FXLib 'melee' ...
<14:53:46> [MFX] Loading FXLib 'player_fx' ...
<14:53:46> [MFX] Loading FXLib 'projectiles' ...
<14:53:46> [MFX] Loading FXLib 'tornado' ...
<14:53:46> [MFX] Loading FXLib 'vegetation' ...
<14:53:46> [MFX] Loading FXLib 'vehicles' ...
<14:53:46> [MFX] Loading FXLib 'breakables' ...
<14:53:46> [MFX] Loading FXLib 'collisions' ...
<14:53:46> [MFX] Loading FXLib 'foley' ...
<14:53:46> [MFX] Loading FXLib 'foley_grunt' ...
<14:53:46> [MFX] Loading FXLib 'foley_player' ...
<14:53:46> [MFX] Loading FXLib 'footstep_grunt' ...
<14:53:46> [MFX] Loading FXLib 'footstep_player' ...
<14:53:46> [MFX] Loading FXLib 'footsteps' ...
<14:53:46> [MFX] Loading FXLib 'grenade' ...
<14:53:46> [MFX] Loading FXLib 'melee' ...
<14:53:46> [MFX] Loading FXLib 'player_fx' ...
<14:53:46> [MFX] Loading FXLib 'projectiles' ...
<14:53:46> [MFX] Loading FXLib 'tornado' ...
<14:53:46> [MFX] Loading FXLib 'vegetation' ...
<14:53:46> [MFX] Loading FXLib 'vehicles' ...
<14:53:46> Creating socket on port 2838
<14:53:46> CreateDatagramSocket c1
<14:53:46> CreateDatagramSocket c2
<14:54:13> CreateDatagramSocket c1
<14:54:16> Game rules class: InstantAction
<14:54:16> ============================ PrepareLevel Multiplayer/Purgatorium_Esc_Cw ============================
<14:54:38> CryAnimation: character-definition not found: objects/characters/human/sdk_player/sdk_player.cdf
<14:54:38> CryAnimation: character-definition not found: objects/characters/human/sdk_player/sdk_player.cdf
<14:54:38> CryAnimation: character-definition not found: objects/characters/human/sdk_player/sdk_player.cdf
<14:54:39> CryAnimation: character-definition not found: objects/characters/human/sdk_player/sdk_player.cdf
<14:54:39> CryAnimation: character-definition not found: objects/characters/human/sdk_player/sdk_player.cdf
<14:54:39> CryAnimation: character-definition not found: objects/characters/human/sdk_player/sdk_player.cdf
<14:54:42> CryAnimation: character-definition not found: objects/characters/human/sdk_player/sdk_player.cdf
<14:54:42> CryAnimation: character-definition not found: objects/characters/human/sdk_player/sdk_player.cdf
<14:54:42> CryAnimation: character-definition not found: objects/characters/human/sdk_player/sdk_player.cdf
<14:54:44> CryAnimation: character-definition not found: objects/characters/human/sdk_player/sdk_player.cdf
<14:54:44> CryAnimation: character-definition not found: objects/characters/human/sdk_player/sdk_player.cdf
<14:54:44> CryAnimation: character-definition not found: objects/characters/human/sdk_player/sdk_player.cdf
<14:54:45> PLAYERNAME Officer Chow
<14:54:45> CryAnimation: character-definition not found: objects/characters/man.cdf
<14:54:46> CryAnimation: character-definition not found: objects/characters/human/sdk_player/sdk_player.cdf
<14:54:46> CryAnimation: character-definition not found: objects/characters/human/sdk_player/sdk_player.cdf
<14:54:46> CryAnimation: character-definition not found: objects/characters/human/sdk_player/sdk_player.cdf
<14:54:50> d_prerec_msg 
<14:54:56> CryAnimation: character-definition not found: objects/characters/human/sdk_player/sdk_player.cdf
<14:54:56> CryAnimation: character-definition not found: objects/characters/human/sdk_player/sdk_player.cdf
<14:54:56> CryAnimation: character-definition not found: objects/characters/human/sdk_player/sdk_player.cdf
<14:56:28> CryAnimation: character-definition not found: objects/characters/human/sdk_player/sdk_player.cdf
<14:56:28> CryAnimation: character-definition not found: objects/characters/human/sdk_player/sdk_player.cdf
<14:56:28> CryAnimation: character-definition not found: objects/characters/human/sdk_player/sdk_player.cdf
<14:56:51> d_prerec_msg 
<14:56:52> CryAnimation: character-definition not found: objects/characters/human/sdk_player/sdk_player.cdf
<14:56:52> CryAnimation: character-definition not found: objects/characters/human/sdk_player/sdk_player.cdf
<14:56:52> CryAnimation: character-definition not found: objects/characters/human/sdk_player/sdk_player.cdf
<14:56:53> d_prerec_msg 
<14:57:25> d_prerec_msg 
<14:57:28> d_prerec_msg 
<14:57:31> _used_prerec_msg 
<14:57:42> ed_prerec_msg 
<14:57:45> d_prerec_msg 
<14:58:05> CryAnimation: character-definition not found: objects/characters/human/sdk_player/sdk_player.cdf
<14:58:05> CryAnimation: character-definition not found: objects/characters/human/sdk_player/sdk_player.cdf
<14:58:05> CryAnimation: character-definition not found: objects/characters/human/sdk_player/sdk_player.cdf
<14:58:14> CryAnimation: character-definition not found: objects/characters/human/sdk_player/sdk_player.cdf
<14:58:14> CryAnimation: character-definition not found: objects/characters/human/sdk_player/sdk_player.cdf
<14:58:14> CryAnimation: character-definition not found: objects/characters/human/sdk_player/sdk_player.cdf
<14:58:35> d_prerec_msg 
<14:58:40> ast_used_prerec_msg 
<14:58:44> st_used_prerec_msg 
<14:58:49> sed_prerec_msg 
<14:58:52> sed_prerec_msg 
<14:58:57> prerec_msg 
<14:59:00> ast_used_prerec_msg 
<14:59:03> sed_prerec_msg 
<14:59:07> ast_used_prerec_msg 
<14:59:07> used_prerec_msg 
<14:59:09> ast_used_prerec_msg 
<14:59:11> sg 
<14:59:12> t_used_prerec_msg 
<14:59:13> d_prerec_msg 
<14:59:15> CryAnimation: character-definition not found: objects/characters/human/sdk_player/sdk_player.cdf
<14:59:15> CryAnimation: character-definition not found: objects/characters/human/sdk_player/sdk_player.cdf
<14:59:15> CryAnimation: character-definition not found: objects/characters/human/sdk_player/sdk_player.cdf
<14:59:16> d_prerec_msg 
<14:59:16> rerec_msg 
<14:59:18> ast_used_prerec_msg 
<14:59:19> d_prerec_msg 
<14:59:21> d_prerec_msg 
<14:59:25> _msg 
<14:59:29> sg 
<15:00:14> d_prerec_msg 
<15:00:16> d_prerec_msg 
<15:00:19> d_prerec_msg 
<15:00:21> d_prerec_msg 
<15:00:22> ed_prerec_msg 
<15:00:29> sg 
<15:00:32> sg 
<15:00:37> d_prerec_msg 
<15:00:47> CryAnimation: character-definition not found: objects/characters/human/sdk_player/sdk_player.cdf
<15:00:47> CryAnimation: character-definition not found: objects/characters/human/sdk_player/sdk_player.cdf
<15:00:47> CryAnimation: character-definition not found: objects/characters/human/sdk_player/sdk_player.cdf
<15:01:38> used_prerec_msg 
<15:01:40> used_prerec_msg 
<15:01:41> CryAnimation: character-definition not found: objects/characters/human/sdk_player/sdk_player.cdf
<15:01:41> CryAnimation: character-definition not found: objects/characters/human/sdk_player/sdk_player.cdf
<15:01:41> CryAnimation: character-definition not found: objects/characters/human/sdk_player/sdk_player.cdf
<15:01:41> used_prerec_msg 
<15:01:41> used_prerec_msg 
<15:01:42> CryAnimation: character-definition not found: objects/characters/human/sdk_player/sdk_player.cdf
<15:01:42> CryAnimation: character-definition not found: objects/characters/human/sdk_player/sdk_player.cdf
<15:01:42> CryAnimation: character-definition not found: objects/characters/human/sdk_player/sdk_player.cdf
<15:01:43> used_prerec_msg 
<15:01:45> used_prerec_msg 
<15:01:45> used_prerec_msg 
<15:01:46> used_prerec_msg 
<15:01:48> used_prerec_msg 
<15:01:51> used_prerec_msg 
<15:01:53> used_prerec_msg 
<15:01:54> used_prerec_msg 
<15:01:56> used_prerec_msg 
<15:02:01> d_prerec_msg 
<15:02:06> _used_prerec_msg 
<15:02:08> CryAnimation: character-definition not found: objects/characters/human/sdk_player/sdk_player.cdf
<15:02:08> CryAnimation: character-definition not found: objects/characters/human/sdk_player/sdk_player.cdf
<15:02:08> CryAnimation: character-definition not found: objects/characters/human/sdk_player/sdk_player.cdf
<15:02:37> ast_used_prerec_msg 
<15:02:41> CryAnimation: character-definition not found: objects/characters/human/sdk_player/sdk_player.cdf
<15:02:41> CryAnimation: character-definition not found: objects/characters/human/sdk_player/sdk_player.cdf
<15:02:41> CryAnimation: character-definition not found: objects/characters/human/sdk_player/sdk_player.cdf
<15:02:42> ed_prerec_msg 
<15:02:44> CryAnimation: character-definition not found: objects/characters/human/sdk_player/sdk_player.cdf
<15:02:44> CryAnimation: character-definition not found: objects/characters/human/sdk_player/sdk_player.cdf
<15:02:44> CryAnimation: character-definition not found: objects/characters/human/sdk_player/sdk_player.cdf
<15:02:44> st_used_prerec_msg 
<15:02:48> CryAnimation: character-definition not found: objects/characters/human/sdk_player/sdk_player.cdf
<15:02:48> CryAnimation: character-definition not found: objects/characters/human/sdk_player/sdk_player.cdf
<15:02:48> CryAnimation: character-definition not found: objects/characters/human/sdk_player/sdk_player.cdf
<15:02:51> t_used_prerec_msg 
<15:03:07> st_used_prerec_msg 
<15:03:10> sed_prerec_msg 
<15:03:23> CryAnimation: character-definition not found: objects/characters/human/sdk_player/sdk_player.cdf
<15:03:23> CryAnimation: character-definition not found: objects/characters/human/sdk_player/sdk_player.cdf
<15:03:23> CryAnimation: character-definition not found: objects/characters/human/sdk_player/sdk_player.cdf
<15:04:24> CryAnimation: character-definition not found: objects/characters/human/sdk_player/sdk_player.cdf
<15:04:24> CryAnimation: character-definition not found: objects/characters/human/sdk_player/sdk_player.cdf
<15:04:24> CryAnimation: character-definition not found: objects/characters/human/sdk_player/sdk_player.cdf
<15:04:44> t_used_prerec_msg 
<15:04:54> _used_prerec_msg 
<15:04:56> _used_prerec_msg 
<15:05:12> CVehicleSeat::NetSetPassengerId c2
<15:05:12> CVehicleSeat::Enter called
<15:05:19> CVehicleSeat::Exit called
<15:05:19> CVehicleSeat::Exit called c2
<15:05:19> ClProcessLeave call
<15:05:20> CHUDNv::showPickArmorGradient()
<15:05:31> CVehicleSeat::NetSetPassengerId c2
<15:05:31> CVehicleSeat::Enter called
<15:05:40> CHUDNv::showPickArmorGradient()
<15:05:45> CHUDNv::showPickArmorGradient()
<15:05:47> CVehicleSeat::Exit called
<15:05:47> CVehicleSeat::Exit called c2
<15:05:47> ClProcessLeave call
<15:05:47> CVehicleSeat::NetSetPassengerId c2
<15:05:47> CVehicleSeat::Enter called
<15:06:05> CVehicleSeat::NetSetPassengerId c2
<15:06:05> CVehicleSeat::Exit called
<15:06:05> CVehicleSeat::Exit called c2
<15:07:13> CVehicleSeat::NetSetPassengerId c2
<15:07:13> CVehicleSeat::Enter called
<15:07:17> CVehicleSeat::Exit called
<15:07:17> CVehicleSeat::Exit called c2
<15:07:17> ClProcessLeave call
<15:07:25> CVehicleSeat::NetSetPassengerId c2
<15:07:25> CVehicleSeat::Enter called
<15:07:26> CVehicleSeat::Exit called
<15:07:26> CVehicleSeat::Exit called c2
<15:07:26> ClProcessLeave call
<15:07:32> _used_prerec_msg 
<15:07:32> CVehicleSeat::NetSetPassengerId c2
<15:07:32> CVehicleSeat::Enter called
<15:07:34> CryAnimation: character-definition not found: objects/characters/human/sdk_player/sdk_player.cdf
<15:07:34> CryAnimation: character-definition not found: objects/characters/human/sdk_player/sdk_player.cdf
<15:07:34> CryAnimation: character-definition not found: objects/characters/human/sdk_player/sdk_player.cdf
<15:07:37> CVehicleSeat::NetSetPassengerId c2
<15:07:37> CVehicleSeat::Enter called
<15:07:55> CVehicleSeat::Exit called
<15:07:55> CVehicleSeat::Exit called c2
<15:07:55> ClProcessLeave call
<15:08:01> ClReplDropOpen !params.r_openedDr
<15:08:19> ClReplDropOpen !params.r_openedDr
<15:08:34> ClReplDropOpen !params.r_openedDr
<15:08:34> ClReplDropOpen !params.r_openedDr
<15:08:59> ClReplDropOpen !params.r_openedDr
<15:09:03> CVehicleSeat::Exit called
<15:09:03> CVehicleSeat::Exit called c2
<15:09:03> ClProcessLeave call
<15:09:34> ClReplDropOpen !params.r_openedDr
<15:09:41> CHUDNv::showPickArmorGradient()
<15:09:55> ClReplDropOpen !params.r_openedDr
<15:09:56> ClReplDropOpen !params.r_openedDr
<15:10:11> ClReplDropOpen !params.r_openedDr
<15:11:00> CVehicleSeat::NetSetPassengerId c2
<15:11:00> CVehicleSeat::Enter called
<15:11:07> ed_prerec_msg 
<15:11:10> CVehicleSeat::NetSetPassengerId c2
<15:11:10> CVehicleSeat::Enter called
<15:11:32> CHUDNv::showPickArmorGradient()
<15:11:59> CVehicleSeat::NetSetPassengerId c2
<15:11:59> CVehicleSeat::Enter called
<15:12:02> BaseInput - Shutting down all force feedback
<15:12:02> ActionGame - Shutting down all force feedback
<15:12:02> gEnv->pRenderer->Draw2dImage XXX
<15:12:02> CVehicleSeat::Exit called
<15:12:02> CVehicleSeat::Exit called c2
<15:12:04> CNetSyncSystem::~CNetSyncSystem & Crush?! packets_temp_bf(temp packet data buffs)
<15:12:04> remapped bone indices with refcount '4294967294' still around for 'objects/zhg_objects/characters/sets/rebellionset/rebellionset_torso.skin 0x000002044451A610
<15:12:04> remapped bone indices with refcount '4294967294' still around for 'objects/zhg_objects/characters/sets/rebellionset/rebellionset_torso.skin 0x0000020444518D10
<15:12:04> remapped bone indices with refcount '4294967294' still around for 'objects/zhg_objects/characters/sets/rebellionset/rebellionset_torso.skin 0x000002044451A2F0
<15:12:04> remapped bone indices with refcount '4294967295' still around for 'objects/zhg_objects/characters/sets/rebellionset/rebellionset_pants.skin 0x0000020444513030
<15:12:04> remapped bone indices with refcount '4294967295' still around for 'objects/zhg_objects/characters/sets/rebellionset/rebellionset_pants.skin 0x0000020444515290
<15:12:04> remapped bone indices with refcount '4294967295' still around for 'objects/zhg_objects/characters/sets/rebellionset/rebellionset_pants.skin 0x0000020444514F70
<15:12:04> remapped bone indices with refcount '4294967295' still around for 'objects/zhg_objects/characters/sets/rebellionset/rebelliomset_hands.skin 0x00000204445126D0
<15:12:04> remapped bone indices with refcount '4294967295' still around for 'objects/zhg_objects/characters/sets/rebellionset/rebelliomset_hands.skin 0x00000204445142F0
<15:12:04> remapped bone indices with refcount '4294967295' still around for 'objects/zhg_objects/characters/sets/rebellionset/rebelliomset_hands.skin 0x0000020444512D10
<15:12:04> remapped bone indices with refcount '4294967295' still around for 'objects/zhg_objects/characters/sets/rebellionset/rebelliomset_hands.skin 0x0000020444514930
<15:12:04> remapped bone indices with refcount '4294967290' still around for 'objects/zhg_objects/characters/conserve/conserve_body.skin 0x00000204443043A0
<15:12:04> remapped bone indices with refcount '4294967290' still around for 'objects/zhg_objects/characters/conserve/conserve_body.skin 0x00000204443046C0
<15:12:04> remapped bone indices with refcount '4294967291' still around for 'objects/zhg_objects/characters/conserve/conserve_body.skin 0x0000020444304080
