BackupNameAttachment=" Build(0) 27 Jun 21 (05 30 42)"  -- used by backup system
Log Started at Sun Jun 27 05:30:42 2021
Built on Apr  5 2019 00:15:29
Running 64 bit Windows version
Command Line: "D:\Games\Steam\steamapps\common\Pandemic Express\Bin/win_x64/PandemicExpress.exe"
Executable: D:\Games\Steam\steamapps\common\Pandemic Express\Bin\win_x64\PandemicExpress.exe
FileVersion: 1.0.0.0
ProductVersion: 1.0.0.0
Added MOD directory <%engineroot%/engine> to CryPak

Total number of logical processors: 12
Number of available logical processors: 12
Total number of system cores: 6
Number of cores available to process: 6
 
Processor 0:
  CPU: AMD AMD Ryzen 5 3600 6-Core Processor              
  Family: 15, Model: 1, Stepping: 0
  FPU: On-Chip
  Features: FP16, SSE, SSE2, SSE3, SSE4.2, AVX, AVX2, FMA3
  Serial number not present or disabled
 
Processor 1:
  CPU: AMD AMD Ryzen 5 3600 6-Core Processor              
  Family: 15, Model: 1, Stepping: 0
  FPU: On-Chip
  Features: FP16, SSE, SSE2, SSE3, SSE4.2, AVX, AVX2, FMA3
  Serial number not present or disabled
 
Processor 2:
  CPU: AMD AMD Ryzen 5 3600 6-Core Processor              
  Family: 15, Model: 1, Stepping: 0
  FPU: On-Chip
  Features: FP16, SSE, SSE2, SSE3, SSE4.2, AVX, AVX2, FMA3
  Serial number not present or disabled
 
Processor 3:
  CPU: AMD AMD Ryzen 5 3600 6-Core Processor              
  Family: 15, Model: 1, Stepping: 0
  FPU: On-Chip
  Features: FP16, SSE, SSE2, SSE3, SSE4.2, AVX, AVX2, FMA3
  Serial number not present or disabled
 
Processor 4:
  CPU: AMD AMD Ryzen 5 3600 6-Core Processor              
  Family: 15, Model: 1, Stepping: 0
  FPU: On-Chip
  Features: FP16, SSE, SSE2, SSE3, SSE4.2, AVX, AVX2, FMA3
  Serial number not present or disabled
 
Processor 5:
  CPU: AMD AMD Ryzen 5 3600 6-Core Processor              
  Family: 15, Model: 1, Stepping: 0
  FPU: On-Chip
  Features: FP16, SSE, SSE2, SSE3, SSE4.2, AVX, AVX2, FMA3
  Serial number not present or disabled
 
<05:30:42> Loading Config file system.cfg (system.cfg)
<05:30:42> [Error] [CVARS]: [IGNORED CHANGE] variable [sys_version] from [] to [0.7.9.10.190510]; Marked as [VF_CHEAT]
<05:30:42> OnSysSpecChange(1)
<05:30:42> [Error] [CVARS]: [IGNORED CHANGE] variable [sys_asserts] from [0] to [0]; Marked as [VF_CHEAT]
<05:30:42> GameDir: DATA
<05:30:42> <ThreadConfigInfo>: Thread profile loaded: "pc_8" (config/engine_core.thread_config)  
<05:30:42> Windows 10 64 bit (build 10.0.19043)
<05:30:42> System language: English
<05:30:42> Windows Directory: "C:\Windows"
<05:30:42> Local time is 05:30:42 06/27/21, system running for 1084 minutes
<05:30:42> 16333MB physical memory installed, 12064MB available, 134217727MB virtual memory installed, 26 percent of memory in use
<05:30:42> PageFile usage: 107MB, Working Set: 124MB, Peak PageFile usage: 108MB,
<05:30:42> Current display mode is 2560x1440x32, (Unknown graphics card)
<05:30:42> IBM enhanced (101/102-key) keyboard and 16+ button mouse installed
<05:30:42> --------------------------------------------------------------------------------
<05:30:42> OnSysSpecChange(1)
<05:30:42> Loading Config file LowSpec.cfg (data\config\lowspec.cfg)
<05:30:42> Loading Config file game.cfg (data\game.cfg)
<05:30:42> [Warning] [CVARS]: [CHANGED] variable [sys_asserts] from [0] to [0]; Marked as [VF_CHEAT]
<05:30:42> [Warning] Modifying marked variables will not be allowed in Release mode!
<05:30:42> Stream Engine Initialization
<05:30:42> GameName: Pandemic Express
<05:30:42> BuildTime: Apr  5 2019 00:15:29
<05:30:42> Physics initialization
<05:30:43> Localized language content(english) not available or modified from the original installation.
<05:30:43> Localized language content(english) not available or modified from the original installation.
<05:30:43> Localized language content(english) not available or modified from the original installation.
<05:30:43> <Audio>: AudioSystem initialization
<05:30:43> <Audio> <0.520>: CryAudioImplWwise loaded
<05:30:44> Renderer initialization
<05:30:45> Logging video adapters:
<05:30:46> - NVIDIA GeForce RTX 3070 (vendor = 0x10de, device = 0x2484)
<05:30:46>   - Adapter index: 0
<05:30:46>   - Dedicated video memory: 8043 MB
<05:30:46>   - Feature level: DX11 (SM 5.0)
<05:30:46>   - Displays connected: yes
<05:30:46>   - Suitable rendering device: yes
<05:30:46> - Microsoft Basic Render Driver (vendor = 0x1414, device = 0x008c)
<05:30:46>   - Adapter index: 1
<05:30:46>   - Dedicated video memory: 0 MB
<05:30:46>   - Feature level: DX11 (SM 5.0)
<05:30:46>   - Displays connected: no
<05:30:46>   - Suitable rendering device: no
<05:30:48> Active GPUs: 1
<05:30:49> [Renderer] A display device has been connected to the system
<05:30:49> Loading plugin CryDefaultEntities
<05:30:49> Loading plugin CrySchematycCore
<05:30:49> Loading plugin CrySchematycSTDEnv
<05:30:49> Loading plugin CrySensorSystem
<05:30:49> Loading extension file cryplugin.csv
<05:30:49> Loading plugin ProcAnRandGenerator.dll
<05:30:49> Loading plugin PlayFabDedicated.dll
<05:30:49> DLL Failed to load, error code: 7E
<05:30:49> Loading plugin PlayFab.dll
<05:30:49> Font initialization
<05:30:49> Using FreeType 2.5.5
<05:30:50> Network initialization
<05:30:50> [net] Socket IO management: External [iocp], Internal [iocp]
<05:30:51> network hostname: DESKTOP-GKEDPQ6
<05:30:51>   ip:192.168.20.21
<05:30:51> [Network Version]: PROFILE DEVELOPMENT BUILD
<05:30:51> MovieSystem initialization
<05:30:51> Console initialization
<05:30:51> Time initialization
<05:30:51> Input initialization
<05:30:51> AI initialization
<05:30:51>  
<05:30:51>     con_debug = 0 []
<05:30:51>     con_display_last_messages = 0 []
<05:30:51>     con_line_buffer_size = 1000 []
<05:30:51>     con_restricted = 0 [RESTRICTEDMODE]
<05:30:51>     con_showonload = 0 []
<05:30:51>  
<05:30:51>     con_debug = 0 []
<05:30:51>     con_display_last_messages = 0 []
<05:30:51>     con_line_buffer_size = 1000 []
<05:30:51>     con_restricted = 0 [RESTRICTEDMODE]
<05:30:51>     con_showonload = 0 []
<05:30:51>  
<05:30:51>     con_debug = 0 []
<05:30:51>  
<05:30:51>     con_debug = 0 []
<05:30:51> Initializing Animation System
<05:30:51> Initializing 3D Engine
<05:30:51> Script System Initialization
<05:30:51> Entity system initialization
<05:30:51> Initializing AI System
<05:30:51> Initializing additional systems
<05:30:51> Dynamic Response System initialization
<05:30:51> CGame::CGame()
<05:30:52> [Steam] Steam API initialized successfully
<05:30:53> <ThreadConfigInfo>: [XML Parsing] Thread with name "Main" already loaded. Overriding with new configuration
<05:30:53> <ThreadConfigInfo>: [XML Parsing] Thread with name "Network" already loaded. Overriding with new configuration
<05:30:53> <ThreadConfigInfo>: [XML Parsing] Thread with name "NetworkStallTicker" already loaded. Overriding with new configuration
<05:30:53> <ThreadConfigInfo>: [XML Parsing] Thread with name "ZLibCompressor" already loaded. Overriding with new configuration
<05:30:53> <ThreadConfigInfo>: [XML Parsing] Thread with name "NetworkStallTicker" already loaded. Overriding with new configuration
<05:30:53> <ThreadConfigInfo>: [XML Parsing] Thread with name "ZLibCompressor" already loaded. Overriding with new configuration
<05:30:53> <ThreadConfigInfo>: [XML Parsing] Thread with name "TelemetryCopier" already loaded. Overriding with new configuration
<05:30:53> <ThreadConfigInfo>: [XML Parsing] Thread with name "StatsAgent" already loaded. Overriding with new configuration
<05:30:53> <ThreadConfigInfo>: Thread profile loaded: "pc_8" (config/game.thread_config)  
<05:30:53> Initializing default materials...
