BackupNameAttachment=" Build(0) 10 Jul 21 (19 58 35)"  -- used by backup system
Log Started at Sat Jul 10 19:58:35 2021
Built on Oct 13 2019 19:15:33
Running 64 bit Windows version
Command Line: "D:\Games\Steam\steamapps\common\Pandemic Express\Bin/win_x64/PandemicExpress.exe"
Executable: D:\Games\Steam\steamapps\common\Pandemic Express\Bin\win_x64\PandemicExpress.exe
FileVersion: 1.0.0.0
ProductVersion: 1.0.0.0
Added MOD directory <%engineroot%/engine> to CryPak

Total number of logical processors: 12
Number of available logical processors: 12
Total number of system cores: 6
Number of cores available to process: 6
 
Processor 0:
  CPU: AMD AMD Ryzen 5 3600 6-Core Processor              
  Family: 15, Model: 1, Stepping: 0
  FPU: On-Chip
  Features: FP16, SSE, SSE2, SSE3, SSE4.2, AVX, AVX2, FMA3
  Serial number not present or disabled
 
Processor 1:
  CPU: AMD AMD Ryzen 5 3600 6-Core Processor              
  Family: 15, Model: 1, Stepping: 0
  FPU: On-Chip
  Features: FP16, SSE, SSE2, SSE3, SSE4.2, AVX, AVX2, FMA3
  Serial number not present or disabled
 
Processor 2:
  CPU: AMD AMD Ryzen 5 3600 6-Core Processor              
  Family: 15, Model: 1, Stepping: 0
  FPU: On-Chip
  Features: FP16, SSE, SSE2, SSE3, SSE4.2, AVX, AVX2, FMA3
  Serial number not present or disabled
 
Processor 3:
  CPU: AMD AMD Ryzen 5 3600 6-Core Processor              
  Family: 15, Model: 1, Stepping: 0
  FPU: On-Chip
  Features: FP16, SSE, SSE2, SSE3, SSE4.2, AVX, AVX2, FMA3
  Serial number not present or disabled
 
Processor 4:
  CPU: AMD AMD Ryzen 5 3600 6-Core Processor              
  Family: 15, Model: 1, Stepping: 0
  FPU: On-Chip
  Features: FP16, SSE, SSE2, SSE3, SSE4.2, AVX, AVX2, FMA3
  Serial number not present or disabled
 
Processor 5:
  CPU: AMD AMD Ryzen 5 3600 6-Core Processor              
  Family: 15, Model: 1, Stepping: 0
  FPU: On-Chip
  Features: FP16, SSE, SSE2, SSE3, SSE4.2, AVX, AVX2, FMA3
  Serial number not present or disabled
 
<19:58:35> Loading Config file system.cfg (system.cfg)
<19:58:35> [Error] [CVARS]: [IGNORED CHANGE] variable [sys_version] from [] to [1.1.0.000.200116]; Marked as [VF_CHEAT]
<19:58:35> OnSysSpecChange(1)
<19:58:35> [Error] [CVARS]: [IGNORED CHANGE] variable [sys_asserts] from [0] to [0]; Marked as [VF_CHEAT]
<19:58:35> GameDir: DATA
<19:58:35> <ThreadConfigInfo>: Thread profile loaded: "pc_8" (config/engine_core.thread_config)  
<19:58:35> Windows 10 64 bit (build 10.0.19043)
<19:58:35> System language: English
<19:58:35> Windows Directory: "C:\Windows"
<19:58:35> Local time is 19:58:35 07/10/21, system running for 442 minutes
<19:58:35> 16333MB physical memory installed, 10650MB available, 134217727MB virtual memory installed, 34 percent of memory in use
<19:58:35> PageFile usage: 76MB, Working Set: 88MB, Peak PageFile usage: 76MB,
<19:58:35> Current display mode is 2560x1440x32, (Unknown graphics card)
<19:58:35> IBM enhanced (101/102-key) keyboard and 16+ button mouse installed
<19:58:35> --------------------------------------------------------------------------------
<19:58:35> OnSysSpecChange(1)
<19:58:35> Loading Config file LowSpec.cfg (data\config\lowspec.cfg)
<19:58:35> [Error] [CVARS]: [MISSING] [mfx_Timeout] is not a registered console variable; referenced when testing console variable group [sys_spec_gameeffects] = [1]
<19:58:35> [Error] [CVARS]: [MISSING] [ca_AttachmentCullingRation] is not a registered console variable; referenced when testing console variable group [sys_spec_objectdetail] = [1]
<19:58:35> [Error] [CVARS]: [MISSING] [e_DecalsLifeTimeScale] is not a registered console variable; referenced when testing console variable group [sys_spec_objectdetail] = [1]
<19:58:35> [Error] [CVARS]: [MISSING] [e_LodRatio] is not a registered console variable; referenced when testing console variable group [sys_spec_objectdetail] = [1]
<19:58:35> [Error] [CVARS]: [MISSING] [e_MaxViewDistSpecLerp] is not a registered console variable; referenced when testing console variable group [sys_spec_objectdetail] = [1]
<19:58:35> [Error] [CVARS]: [MISSING] [e_MaxViewDistance] is not a registered console variable; referenced when testing console variable group [sys_spec_objectdetail] = [1]
<19:58:35> [Error] [CVARS]: [MISSING] [e_ObjQuality] is not a registered console variable; referenced when testing console variable group [sys_spec_objectdetail] = [1]
<19:58:35> [Error] [CVARS]: [MISSING] [e_TerrainOcclusionCullingMaxDist] is not a registered console variable; referenced when testing console variable group [sys_spec_objectdetail] = [1]
<19:58:35> [Error] [CVARS]: [MISSING] [e_VegetationMinSize] is not a registered console variable; referenced when testing console variable group [sys_spec_objectdetail] = [1]
<19:58:35> [Error] [CVARS]: [MISSING] [e_ViewDistRatio] is not a registered console variable; referenced when testing console variable group [sys_spec_objectdetail] = [1]
<19:58:35> [Error] [CVARS]: [MISSING] [e_ViewDistRatioCustom] is not a registered console variable; referenced when testing console variable group [sys_spec_objectdetail] = [1]
<19:58:35> [Error] [CVARS]: [MISSING] [e_ViewDistRatioDetail] is not a registered console variable; referenced when testing console variable group [sys_spec_objectdetail] = [1]
<19:58:35> [Error] [CVARS]: [MISSING] [e_ViewDistRatioLights] is not a registered console variable; referenced when testing console variable group [sys_spec_objectdetail] = [1]
<19:58:35> [Error] [CVARS]: [MISSING] [e_ViewDistRatioVegetation] is not a registered console variable; referenced when testing console variable group [sys_spec_objectdetail] = [1]
<19:58:35> [Error] [CVARS]: [MISSING] [es_DebrisLifetimeScale] is not a registered console variable; referenced when testing console variable group [sys_spec_objectdetail] = [1]
<19:58:35> [Error] [CVARS]: [MISSING] [e_DecalsOverlapping] is not a registered console variable; referenced when testing console variable group [sys_spec_objectdetail] = [1]
<19:58:35> [Error] [CVARS]: [MISSING] [e_LodMin] is not a registered console variable; referenced when testing console variable group [sys_spec_objectdetail] = [1]
<19:58:35> [Error] [CVARS]: [MISSING] [e_MergedMeshesInstanceDist] is not a registered console variable; referenced when testing console variable group [sys_spec_objectdetail] = [1]
<19:58:35> [Error] [CVARS]: [MISSING] [e_MergedMeshesPool] is not a registered console variable; referenced when testing console variable group [sys_spec_objectdetail] = [1]
<19:58:35> [Error] [CVARS]: [MISSING] [e_OcclusionCullingViewDistRatio] is not a registered console variable; referenced when testing console variable group [sys_spec_objectdetail] = [1]
<19:58:35> [Error] [CVARS]: [MISSING] [e_TerrainLodRatio] is not a registered console variable; referenced when testing console variable group [sys_spec_objectdetail] = [1]
<19:58:35> [Error] [CVARS]: [MISSING] [e_Tessellation] is not a registered console variable; referenced when testing console variable group [sys_spec_objectdetail] = [1]
<19:58:35> [Error] [CVARS]: [MISSING] [e_ViewDistMin] is not a registered console variable; referenced when testing console variable group [sys_spec_objectdetail] = [1]
<19:58:35> [Error] [CVARS]: [MISSING] [e_ParticlesMaxScreenFill] is not a registered console variable; referenced when testing console variable group [sys_spec_particles] = [1]
<19:58:35> [Error] [CVARS]: [MISSING] [e_ParticlesMinDrawPixels] is not a registered console variable; referenced when testing console variable group [sys_spec_particles] = [1]
<19:58:35> [Error] [CVARS]: [MISSING] [e_ParticlesObjectCollisions] is not a registered console variable; referenced when testing console variable group [sys_spec_particles] = [1]
<19:58:35> [Error] [CVARS]: [MISSING] [e_ParticlesQuality] is not a registered console variable; referenced when testing console variable group [sys_spec_particles] = [1]
<19:58:35> [Error] [CVARS]: [MISSING] [e_ParticlesMotionBlur] is not a registered console variable; referenced when testing console variable group [sys_spec_particles] = [1]
<19:58:35> [Error] [CVARS]: [MISSING] [e_CullVegActivation] is not a registered console variable; referenced when testing console variable group [sys_spec_physics] = [1]
<19:58:35> [Error] [CVARS]: [MISSING] [e_FoliageWindActivationDist] is not a registered console variable; referenced when testing console variable group [sys_spec_physics] = [1]
<19:58:35> [Error] [CVARS]: [MISSING] [e_PhysOceanCell] is not a registered console variable; referenced when testing console variable group [sys_spec_physics] = [1]
<19:58:35> [Error] [CVARS]: [MISSING] [es_MaxPhysDist] is not a registered console variable; referenced when testing console variable group [sys_spec_physics] = [1]
<19:58:35> [Error] [CVARS]: [MISSING] [es_MaxPhysDistInvisible] is not a registered console variable; referenced when testing console variable group [sys_spec_physics] = [1]
<19:58:35> [Error] [CVARS]: [MISSING] [g_breakage_particles_limit] is not a registered console variable; referenced when testing console variable group [sys_spec_physics] = [1]
<19:58:35> [Error] [CVARS]: [MISSING] [g_tree_cut_reuse_dist] is not a registered console variable; referenced when testing console variable group [sys_spec_physics] = [1]
<19:58:35> [Error] [CVARS]: [MISSING] [p_max_MC_iters] is not a registered console variable; referenced when testing console variable group [sys_spec_physics] = [1]
<19:58:35> [Error] [CVARS]: [MISSING] [p_max_substeps] is not a registered console variable; referenced when testing console variable group [sys_spec_physics] = [1]
<19:58:35> [Error] [CVARS]: [MISSING] [e_PhysProxyTriLimit] is not a registered console variable; referenced when testing console variable group [sys_spec_physics] = [1]
<19:58:35> [Error] [CVARS]: [MISSING] [p_max_object_splashes] is not a registered console variable; referenced when testing console variable group [sys_spec_physics] = [1]
<19:58:35> [Error] [CVARS]: [MISSING] [p_max_substeps_large_group] is not a registered console variable; referenced when testing console variable group [sys_spec_physics] = [1]
<19:58:35> [Error] [CVARS]: [MISSING] [p_num_bodies_large_group] is not a registered console variable; referenced when testing console variable group [sys_spec_physics] = [1]
<19:58:35> [Error] [CVARS]: [MISSING] [p_splash_dist0] is not a registered console variable; referenced when testing console variable group [sys_spec_physics] = [1]
<19:58:35> [Error] [CVARS]: [MISSING] [p_splash_dist1] is not a registered console variable; referenced when testing console variable group [sys_spec_physics] = [1]
<19:58:35> [Error] [CVARS]: [MISSING] [p_splash_force0] is not a registered console variable; referenced when testing console variable group [sys_spec_physics] = [1]
<19:58:35> [Error] [CVARS]: [MISSING] [p_splash_force1] is not a registered console variable; referenced when testing console variable group [sys_spec_physics] = [1]
<19:58:35> [Error] [CVARS]: [MISSING] [p_splash_vel0] is not a registered console variable; referenced when testing console variable group [sys_spec_physics] = [1]
<19:58:35> [Error] [CVARS]: [MISSING] [p_splash_vel1] is not a registered console variable; referenced when testing console variable group [sys_spec_physics] = [1]
<19:58:35> [Error] [CVARS]: [MISSING] [e_DynamicLightsMaxEntityLights] is not a registered console variable; referenced when testing console variable group [sys_spec_shading] = [1]
<19:58:35> [Error] [CVARS]: [MISSING] [e_SkyUpdateRate] is not a registered console variable; referenced when testing console variable group [sys_spec_shading] = [1]
<19:58:35> [Error] [CVARS]: [MISSING] [e_svoTI_Apply] is not a registered console variable; referenced when testing console variable group [sys_spec_shading] = [1]
<19:58:35> [Error] [CVARS]: [MISSING] [e_svoTI_RsmConeMaxLength] is not a registered console variable; referenced when testing console variable group [sys_spec_shading] = [1]
<19:58:35> [Error] [CVARS]: [MISSING] [e_svoTI_RsmUseColors] is not a registered console variable; referenced when testing console variable group [sys_spec_shading] = [1]
<19:58:35> [Error] [CVARS]: [MISSING] [e_svoTi_Active] is not a registered console variable; referenced when testing console variable group [sys_spec_shading] = [1]
<19:58:35> [Error] [CVARS]: [MISSING] [e_svoti_LowSpecMode] is not a registered console variable; referenced when testing console variable group [sys_spec_shading] = [1]
<19:58:35> [Error] [CVARS]: [MISSING] [e_LightVolumes] is not a registered console variable; referenced when testing console variable group [sys_spec_shading] = [1]
<19:58:35> [Error] [CVARS]: [MISSING] [e_VegetationUseTerrainColor] is not a registered console variable; referenced when testing console variable group [sys_spec_shading] = [1]
<19:58:35> [Error] [CVARS]: [MISSING] [e_GsmLodsNum] is not a registered console variable; referenced when testing console variable group [sys_spec_shadows] = [1]
<19:58:35> [Error] [CVARS]: [MISSING] [e_GsmRange] is not a registered console variable; referenced when testing console variable group [sys_spec_shadows] = [1]
<19:58:35> [Error] [CVARS]: [MISSING] [e_ObjShadowCastSpec] is not a registered console variable; referenced when testing console variable group [sys_spec_shadows] = [1]
<19:58:35> [Error] [CVARS]: [MISSING] [e_ParticlesShadows] is not a registered console variable; referenced when testing console variable group [sys_spec_shadows] = [1]
<19:58:35> [Error] [CVARS]: [MISSING] [e_Shadows] is not a registered console variable; referenced when testing console variable group [sys_spec_shadows] = [1]
<19:58:35> [Error] [CVARS]: [MISSING] [e_ShadowsBlendCascades] is not a registered console variable; referenced when testing console variable group [sys_spec_shadows] = [1]
<19:58:35> [Error] [CVARS]: [MISSING] [e_ShadowsCastViewDistRatio] is not a registered console variable; referenced when testing console variable group [sys_spec_shadows] = [1]
<19:58:35> [Error] [CVARS]: [MISSING] [e_ShadowsLodBiasFixed] is not a registered console variable; referenced when testing console variable group [sys_spec_shadows] = [1]
<19:58:35> [Error] [CVARS]: [MISSING] [e_ShadowsMaxTexRes] is not a registered console variable; referenced when testing console variable group [sys_spec_shadows] = [1]
<19:58:35> [Error] [CVARS]: [MISSING] [e_ShadowsPoolSize] is not a registered console variable; referenced when testing console variable group [sys_spec_shadows] = [1]
<19:58:35> [Error] [CVARS]: [MISSING] [e_ShadowsResScale] is not a registered console variable; referenced when testing console variable group [sys_spec_shadows] = [1]
<19:58:35> [Error] [CVARS]: [MISSING] [e_ShadowsTessellateCascades] is not a registered console variable; referenced when testing console variable group [sys_spec_shadows] = [1]
<19:58:35> [Error] [CVARS]: [MISSING] [e_ShadowsTessellateDLights] is not a registered console variable; referenced when testing console variable group [sys_spec_shadows] = [1]
<19:58:35> [Error] [CVARS]: [MISSING] [e_ShadowsUpdateViewDistRatio] is not a registered console variable; referenced when testing console variable group [sys_spec_shadows] = [1]
<19:58:35> [Error] [CVARS]: [MISSING] [e_VolumetricFog] is not a registered console variable; referenced when testing console variable group [sys_spec_volumetriceffects] = [1]
<19:58:35> [Error] [CVARS]: [MISSING] [e_fog] is not a registered console variable; referenced when testing console variable group [sys_spec_volumetriceffects] = [1]
<19:58:35> [Error] [CVARS]: [MISSING] [e_Clouds] is not a registered console variable; referenced when testing console variable group [sys_spec_volumetriceffects] = [1]
<19:58:35> [Error] [CVARS]: [MISSING] [e_WaterOceanFFT] is not a registered console variable; referenced when testing console variable group [sys_spec_water] = [1]
<19:58:35> [Error] [CVARS]: [MISSING] [e_WaterTessellationAmount] is not a registered console variable; referenced when testing console variable group [sys_spec_water] = [1]
<19:58:35> [Error] [CVARS]: [MISSING] [e_WaterTessellationAmountX] is not a registered console variable; referenced when testing console variable group [sys_spec_water] = [1]
<19:58:35> [Error] [CVARS]: [MISSING] [e_WaterTessellationAmountY] is not a registered console variable; referenced when testing console variable group [sys_spec_water] = [1]
<19:58:35> [Error] [CVARS]: [MISSING] [e_WaterTessellationSwathWidth] is not a registered console variable; referenced when testing console variable group [sys_spec_water] = [1]
<19:58:35> Loading Config file game.cfg (data\game.cfg)
<19:58:35> [Warning] [CVARS]: [CHANGED] variable [sys_asserts] from [0] to [0]; Marked as [VF_CHEAT]
<19:58:35> [Warning] Modifying marked variables will not be allowed in Release mode!
<19:58:35> Stream Engine Initialization
<19:58:35> GameName: Pandemic Express
<19:58:35> BuildTime: Oct 13 2019 19:15:33
<19:58:35> Physics initialization
<19:58:35> Localized language content(english) not available or modified from the original installation.
<19:58:35> Localized language content(english) not available or modified from the original installation.
<19:58:35> Localized language content(english) not available or modified from the original installation.
<19:58:35> <Audio>: AudioSystem initialization
<19:58:35> <Audio> <0.106>: CryAudioImplWwise loaded
<19:58:36> Renderer initialization
<19:58:36> Logging video adapters:
<19:58:36> - NVIDIA GeForce RTX 3070 (vendor = 0x10de, device = 0x2484)
<19:58:36>   - Adapter index: 0
<19:58:36>   - Dedicated video memory: 8043 MB
<19:58:36>   - Feature level: DX11 (SM 5.0)
<19:58:36>   - Displays connected: yes
<19:58:36>   - Suitable rendering device: yes
<19:58:36> - Microsoft Basic Render Driver (vendor = 0x1414, device = 0x008c)
<19:58:36>   - Adapter index: 1
<19:58:36>   - Dedicated video memory: 0 MB
<19:58:36>   - Feature level: DX11 (SM 5.0)
<19:58:36>   - Displays connected: no
<19:58:36>   - Suitable rendering device: no
<19:58:36> Active GPUs: 1
<19:58:37> [Renderer] A display device has been connected to the system
<19:58:37> Loading plugin CryDefaultEntities
<19:58:37> Loading plugin CrySchematycCore
<19:58:37> DLL Failed to load, error code: 7E
<19:58:37> Loading plugin CrySchematycSTDEnv
<19:58:37> DLL Failed to load, error code: 7E
<19:58:37> Loading plugin CrySensorSystem
<19:58:37> DLL Failed to load, error code: 7E
<19:58:37> Loading extension file cryplugin.csv
<19:58:37> Loading plugin ProcAnRandGenerator.dll
<19:58:37> Loading plugin PlayFab.dll
<19:58:37> Loading plugin CEVPlayer.dll
<19:58:38> Font initialization
<19:58:38> Using FreeType 2.5.5
<19:58:38> Network initialization
<19:58:38> [net] Socket IO management: External [iocp], Internal [iocp]
<19:58:38> network hostname: DESKTOP-GKEDPQ6
<19:58:38>   ip:26.90.194.210
<19:58:38>   ip:192.168.20.21
<19:58:38> [Network Version]: PROFILE DEVELOPMENT BUILD
<19:58:38> MovieSystem initialization
<19:58:38> Console initialization
<19:58:38> Time initialization
<19:58:38> Input initialization
<19:58:38> AI initialization
<19:58:38>  
<19:58:38>     con_debug = 0 []
<19:58:38>     con_display_last_messages = 0 []
<19:58:38>     con_line_buffer_size = 1000 []
<19:58:38>     con_restricted = 0 [RESTRICTEDMODE]
<19:58:38>     con_showonload = 0 []
<19:58:38>  
<19:58:38>     con_debug = 0 []
<19:58:38>     con_display_last_messages = 0 []
<19:58:38>     con_line_buffer_size = 1000 []
<19:58:38>     con_restricted = 0 [RESTRICTEDMODE]
<19:58:38>     con_showonload = 0 []
<19:58:38>  
<19:58:38>     con_debug = 0 []
<19:58:38>  
<19:58:38>     con_debug = 0 []
<19:58:38> Initializing Animation System
<19:58:38> Initializing 3D Engine
<19:58:38> Script System Initialization
<19:58:38> Entity system initialization
<19:58:38> Initializing AI System
<19:58:39> Initializing additional systems
<19:58:39> Dynamic Response System initialization
<19:58:39> DLL Failed to load, error code: 7E
<19:58:39> No Dynamic Response System was loaded from a module, will use the NULL implementation.
<19:58:39> [Steam] Steam API initialized successfully
<19:58:39> <ThreadConfigInfo>: [XML Parsing] Thread with name "Main" already loaded. Overriding with new configuration
<19:58:39> <ThreadConfigInfo>: [XML Parsing] Thread with name "Network" already loaded. Overriding with new configuration
<19:58:39> <ThreadConfigInfo>: [XML Parsing] Thread with name "NetworkStallTicker" already loaded. Overriding with new configuration
<19:58:39> <ThreadConfigInfo>: [XML Parsing] Thread with name "ZLibCompressor" already loaded. Overriding with new configuration
<19:58:39> <ThreadConfigInfo>: [XML Parsing] Thread with name "NetworkStallTicker" already loaded. Overriding with new configuration
<19:58:39> <ThreadConfigInfo>: [XML Parsing] Thread with name "ZLibCompressor" already loaded. Overriding with new configuration
<19:58:39> <ThreadConfigInfo>: [XML Parsing] Thread with name "TelemetryCopier" already loaded. Overriding with new configuration
<19:58:39> <ThreadConfigInfo>: [XML Parsing] Thread with name "StatsAgent" already loaded. Overriding with new configuration
<19:58:39> <ThreadConfigInfo>: Thread profile loaded: "pc_8" (config/game.thread_config)  
<19:58:39> Initializing default materials...
<19:58:45> [MFX] Loading FXLib 'breakables' ...
<19:58:45> [MFX] Loading FXLib 'collisions' ...
<19:58:45> [MFX] Loading FXLib 'foley' ...
<19:58:45> [MFX] Loading FXLib 'foley_grunt' ...
<19:58:45> [MFX] Loading FXLib 'foley_player' ...
<19:58:45> [MFX] Loading FXLib 'footstep_grunt' ...
<19:58:45> [MFX] Loading FXLib 'footstep_player' ...
<19:58:45> [MFX] Loading FXLib 'footsteps' ...
<19:58:45> [MFX] Loading FXLib 'grenade' ...
<19:58:45> [MFX] Loading FXLib 'melee' ...
<19:58:45> [MFX] Loading FXLib 'player_fx' ...
<19:58:45> [MFX] Loading FXLib 'projectiles' ...
<19:58:45> [MFX] Loading FXLib 'tornado' ...
<19:58:45> [MFX] Loading FXLib 'vegetation' ...
<19:58:45> [MFX] Loading FXLib 'vehicles' ...
<19:58:45> [MFX] Loading FXLib 'breakables' ...
<19:58:45> [MFX] Loading FXLib 'collisions' ...
<19:58:45> [MFX] Loading FXLib 'foley' ...
<19:58:45> [MFX] Loading FXLib 'foley_grunt' ...
<19:58:45> [MFX] Loading FXLib 'foley_player' ...
<19:58:45> [MFX] Loading FXLib 'footstep_grunt' ...
<19:58:45> [MFX] Loading FXLib 'footstep_player' ...
<19:58:45> [MFX] Loading FXLib 'footsteps' ...
<19:58:45> [MFX] Loading FXLib 'grenade' ...
<19:58:45> [MFX] Loading FXLib 'melee' ...
<19:58:45> [MFX] Loading FXLib 'player_fx' ...
<19:58:45> [MFX] Loading FXLib 'projectiles' ...
<19:58:45> [MFX] Loading FXLib 'tornado' ...
<19:58:45> [MFX] Loading FXLib 'vegetation' ...
<19:58:45> [MFX] Loading FXLib 'vehicles' ...
<19:58:45> Creating socket on port 2838
<19:58:45> CreateDatagramSocket c1
<19:58:45> CreateDatagramSocket c2
<19:59:10> KeybindsPage TRUE
<19:59:11> KeybindsPage FALSE
<19:59:27> CreateDatagramSocket c1
<19:59:30> Game rules class: InstantAction
<19:59:30> ============================ PrepareLevel Multiplayer/Purgatorium_Esc ============================
<19:59:54> CryAnimation: character-definition not found: objects/characters/human/sdk_player/sdk_player.cdf
<19:59:54> CryAnimation: character-definition not found: objects/characters/human/sdk_player/sdk_player.cdf
<19:59:54> CryAnimation: character-definition not found: objects/characters/human/sdk_player/sdk_player.cdf
<19:59:54> CryAnimation: character-definition not found: objects/characters/human/sdk_player/sdk_player.cdf
<19:59:54> CryAnimation: character-definition not found: objects/characters/human/sdk_player/sdk_player.cdf
<19:59:54> CryAnimation: character-definition not found: objects/characters/human/sdk_player/sdk_player.cdf
<19:59:54> CryAnimation: character-definition not found: objects/characters/human/sdk_player/sdk_player.cdf
<19:59:54> CryAnimation: character-definition not found: objects/characters/human/sdk_player/sdk_player.cdf
<19:59:54> CryAnimation: character-definition not found: objects/characters/human/sdk_player/sdk_player.cdf
<19:59:57> CryAnimation: character-definition not found: objects/characters/human/sdk_player/sdk_player.cdf
<19:59:57> CryAnimation: character-definition not found: objects/characters/human/sdk_player/sdk_player.cdf
<19:59:57> CryAnimation: character-definition not found: objects/characters/human/sdk_player/sdk_player.cdf
<19:59:58> CryAnimation: character-definition not found: objects/characters/human/sdk_player/sdk_player.cdf
<19:59:58> CryAnimation: character-definition not found: objects/characters/human/sdk_player/sdk_player.cdf
<19:59:58> CryAnimation: character-definition not found: objects/characters/human/sdk_player/sdk_player.cdf
<20:00:00> PLAYERNAME Kornflakes
<20:00:00> CryAnimation: character-definition not found: objects/characters/man.cdf
<20:00:01> CryAnimation: character-definition not found: objects/characters/human/sdk_player/sdk_player.cdf
<20:00:01> CryAnimation: character-definition not found: objects/characters/human/sdk_player/sdk_player.cdf
<20:00:01> CryAnimation: character-definition not found: objects/characters/human/sdk_player/sdk_player.cdf
<20:00:02> CryAnimation: character-definition not found: objects/characters/human/sdk_player/sdk_player.cdf
<20:00:02> CryAnimation: character-definition not found: objects/characters/human/sdk_player/sdk_player.cdf
<20:00:02> CryAnimation: character-definition not found: objects/characters/human/sdk_player/sdk_player.cdf
<20:00:41> CryAnimation: character-definition not found: objects/characters/human/sdk_player/sdk_player.cdf
<20:00:41> CryAnimation: character-definition not found: objects/characters/human/sdk_player/sdk_player.cdf
<20:00:41> CryAnimation: character-definition not found: objects/characters/human/sdk_player/sdk_player.cdf
<20:01:11> CryAnimation: character-definition not found: objects/characters/human/sdk_player/sdk_player.cdf
<20:01:11> CryAnimation: character-definition not found: objects/characters/human/sdk_player/sdk_player.cdf
<20:01:11> CryAnimation: character-definition not found: objects/characters/human/sdk_player/sdk_player.cdf
<20:01:31> d_prerec_msg 
<20:01:32> CryAnimation: character-definition not found: objects/characters/human/sdk_player/sdk_player.cdf
<20:01:32> CryAnimation: character-definition not found: objects/characters/human/sdk_player/sdk_player.cdf
<20:01:32> CryAnimation: character-definition not found: objects/characters/human/sdk_player/sdk_player.cdf
<20:01:37> ast_used_prerec_msg 
<20:01:43> CryAnimation: character-definition not found: objects/characters/human/sdk_player/sdk_player.cdf
<20:01:43> CryAnimation: character-definition not found: objects/characters/human/sdk_player/sdk_player.cdf
<20:01:43> CryAnimation: character-definition not found: objects/characters/human/sdk_player/sdk_player.cdf
<20:01:48> ast_used_prerec_msg 
<20:01:56> d_prerec_msg 
<20:02:10> CryAnimation: character-definition not found: objects/characters/human/sdk_player/sdk_player.cdf
<20:02:10> CryAnimation: character-definition not found: objects/characters/human/sdk_player/sdk_player.cdf
<20:02:10> CryAnimation: character-definition not found: objects/characters/human/sdk_player/sdk_player.cdf
<20:02:15> CryAnimation: character-definition not found: objects/characters/human/sdk_player/sdk_player.cdf
<20:02:15> CryAnimation: character-definition not found: objects/characters/human/sdk_player/sdk_player.cdf
<20:02:15> CryAnimation: character-definition not found: objects/characters/human/sdk_player/sdk_player.cdf
<20:02:55> CryAnimation: character-definition not found: objects/characters/human/sdk_player/sdk_player.cdf
<20:02:55> CryAnimation: character-definition not found: objects/characters/human/sdk_player/sdk_player.cdf
<20:02:55> CryAnimation: character-definition not found: objects/characters/human/sdk_player/sdk_player.cdf
<20:03:14> d_prerec_msg 
<20:03:17> CryAnimation: character-definition not found: objects/characters/human/sdk_player/sdk_player.cdf
<20:03:17> CryAnimation: character-definition not found: objects/characters/human/sdk_player/sdk_player.cdf
<20:03:17> CryAnimation: character-definition not found: objects/characters/human/sdk_player/sdk_player.cdf
<20:03:27> d_prerec_msg 
<20:03:28> CryAnimation: character-definition not found: objects/characters/human/sdk_player/sdk_player.cdf
<20:03:28> CryAnimation: character-definition not found: objects/characters/human/sdk_player/sdk_player.cdf
<20:03:28> CryAnimation: character-definition not found: objects/characters/human/sdk_player/sdk_player.cdf
<20:03:31> d_prerec_msg 
<20:03:31> d_prerec_msg 
<20:03:31> d_prerec_msg 
<20:03:35> d_prerec_msg 
<20:03:46> CryAnimation: character-definition not found: objects/characters/human/sdk_player/sdk_player.cdf
<20:03:46> CryAnimation: character-definition not found: objects/characters/human/sdk_player/sdk_player.cdf
<20:03:46> CryAnimation: character-definition not found: objects/characters/human/sdk_player/sdk_player.cdf
<20:03:55> used_prerec_msg 
<20:03:59> st_used_prerec_msg 
<20:04:01> d_prerec_msg 
<20:04:16> CryAnimation: character-definition not found: objects/characters/human/sdk_player/sdk_player.cdf
<20:04:16> CryAnimation: character-definition not found: objects/characters/human/sdk_player/sdk_player.cdf
<20:04:16> CryAnimation: character-definition not found: objects/characters/human/sdk_player/sdk_player.cdf
<20:05:15> ast_used_prerec_msg 
<20:05:38> ClReplDropOpen !params.r_openedDr
<20:05:38> CVehicleSeat::NetSetPassengerId c2
<20:05:38> CVehicleSeat::Enter called
<20:05:48> CVehicleSeat::NetSetPassengerId c2
<20:05:48> CVehicleSeat::Enter called
<20:05:51> ClReplDropOpen !params.r_openedDr
<20:05:56> ClReplDropOpen !params.r_openedDr
<20:06:11> CVehicleSeat::Exit called
<20:06:11> CVehicleSeat::Exit called c2
<20:06:11> ClProcessLeave call
<20:06:15> CVehicleSeat::Exit called
<20:06:15> CVehicleSeat::Exit called c2
<20:06:15> ClProcessLeave call
<20:06:26> ast_used_prerec_msg 
<20:06:37> CHUDNv::showPickArmorGradient()
<20:06:42> CVehicleSeat::NetSetPassengerId c2
<20:06:42> CVehicleSeat::Enter called
<20:06:43> CVehicleSeat::Exit called
<20:06:43> CVehicleSeat::Exit called c2
<20:06:43> ClProcessLeave call
<20:07:09> CVehicleSeat::NetSetPassengerId c2
<20:07:09> CVehicleSeat::Enter called
<20:07:20> CVehicleSeat::Exit called
<20:07:20> CVehicleSeat::Exit called c2
<20:07:20> ClProcessLeave call
<20:07:25> CHUDNv::showPickArmorGradient()
<20:08:55> CVehicleSeat::NetSetPassengerId c2
<20:08:55> CVehicleSeat::Enter called
<20:09:01> CVehicleSeat::Exit called
<20:09:01> CVehicleSeat::Exit called c2
<20:09:01> ClProcessLeave call
<20:09:03> CVehicleSeat::NetSetPassengerId c2
<20:09:03> CVehicleSeat::Enter called
<20:09:11> CVehicleSeat::Exit called
<20:09:11> CVehicleSeat::Exit called c2
<20:09:11> ClProcessLeave call
<20:09:12> ClReplDropOpen !params.r_openedDr
<20:09:13> ClReplDropOpen !params.r_openedDr
<20:09:22> CVehicleSeat::NetSetPassengerId c2
<20:09:22> CVehicleSeat::Enter called
<20:09:28> CVehicleSeat::Exit called
<20:09:28> CVehicleSeat::Exit called c2
<20:09:28> ClProcessLeave call
<20:09:29> ClReplDropOpen !params.r_openedDr
<20:09:34> ClReplDropOpen !params.r_openedDr
<20:09:46> d_prerec_msg 
<20:09:51> CVehicleSeat::NetSetPassengerId c2
<20:09:51> CVehicleSeat::Enter called
<20:09:52> CVehicleSeat::Exit called
<20:09:52> CVehicleSeat::Exit called c2
<20:09:52> ClProcessLeave call
<20:09:54> ClReplDropOpen !params.r_openedDr
<20:09:55> _used_prerec_msg 
<20:11:56> ast_used_prerec_msg 
<20:12:21> CTrain::SmplPlaySnd train_gts
<20:13:43> CTrain::SmplPlaySnd train_gts
<20:14:19> CTrain::SmplPlaySnd train_gts
<20:15:02> CTrain::SmplPlaySnd train_gts
<20:16:28> CTrain::SmplPlaySnd train_gts
<20:17:00> gEnv->pRenderer->Draw2dImage XXX
<20:17:02> remapped bone indices with refcount '4294967293' still around for 'zombiemodelnew/conserve_fp_nonmm.skin 0x00000174CB02A9D0
<20:17:02> remapped bone indices with refcount '4294967293' still around for 'objects/zhg_objects/characters/conserve/conserve_head.skin 0x00000174CB02BC90
<22:13:11> [Renderer] A display device has been disconnected from the system
<22:13:12> [Renderer] A display device has been connected to the system
<22:19:52> BaseInput - Shutting down all force feedback
<22:19:52> ActionGame - Shutting down all force feedback
<22:19:52> CNetSyncSystem::~CNetSyncSystem & Crush?! packets_temp_bf(temp packet data buffs)
