BackupNameAttachment=" Build(0) 06 Jul 21 (18 04 51)"  -- used by backup system
Log Started at Tue Jul  6 18:04:51 2021
Built on Oct 13 2019 19:15:33
Running 64 bit Windows version
Command Line: "D:\Games\Steam\steamapps\common\Pandemic Express\Bin/win_x64/PandemicExpress.exe"
Executable: D:\Games\Steam\steamapps\common\Pandemic Express\Bin\win_x64\PandemicExpress.exe
FileVersion: 1.0.0.0
ProductVersion: 1.0.0.0
Added MOD directory <%engineroot%/engine> to CryPak

Total number of logical processors: 12
Number of available logical processors: 12
Total number of system cores: 6
Number of cores available to process: 6
 
Processor 0:
  CPU: AMD AMD Ryzen 5 3600 6-Core Processor              
  Family: 15, Model: 1, Stepping: 0
  FPU: On-Chip
  Features: FP16, SSE, SSE2, SSE3, SSE4.2, AVX, AVX2, FMA3
  Serial number not present or disabled
 
Processor 1:
  CPU: AMD AMD Ryzen 5 3600 6-Core Processor              
  Family: 15, Model: 1, Stepping: 0
  FPU: On-Chip
  Features: FP16, SSE, SSE2, SSE3, SSE4.2, AVX, AVX2, FMA3
  Serial number not present or disabled
 
Processor 2:
  CPU: AMD AMD Ryzen 5 3600 6-Core Processor              
  Family: 15, Model: 1, Stepping: 0
  FPU: On-Chip
  Features: FP16, SSE, SSE2, SSE3, SSE4.2, AVX, AVX2, FMA3
  Serial number not present or disabled
 
Processor 3:
  CPU: AMD AMD Ryzen 5 3600 6-Core Processor              
  Family: 15, Model: 1, Stepping: 0
  FPU: On-Chip
  Features: FP16, SSE, SSE2, SSE3, SSE4.2, AVX, AVX2, FMA3
  Serial number not present or disabled
 
Processor 4:
  CPU: AMD AMD Ryzen 5 3600 6-Core Processor              
  Family: 15, Model: 1, Stepping: 0
  FPU: On-Chip
  Features: FP16, SSE, SSE2, SSE3, SSE4.2, AVX, AVX2, FMA3
  Serial number not present or disabled
 
Processor 5:
  CPU: AMD AMD Ryzen 5 3600 6-Core Processor              
  Family: 15, Model: 1, Stepping: 0
  FPU: On-Chip
  Features: FP16, SSE, SSE2, SSE3, SSE4.2, AVX, AVX2, FMA3
  Serial number not present or disabled
 
<18:04:51> Loading Config file system.cfg (system.cfg)
<18:04:51> [Error] [CVARS]: [IGNORED CHANGE] variable [sys_version] from [] to [1.1.0.000.200116]; Marked as [VF_CHEAT]
<18:04:51> OnSysSpecChange(1)
<18:04:51> [Error] [CVARS]: [IGNORED CHANGE] variable [sys_asserts] from [0] to [0]; Marked as [VF_CHEAT]
<18:04:51> GameDir: DATA
<18:04:51> <ThreadConfigInfo>: Thread profile loaded: "pc_8" (config/engine_core.thread_config)  
<18:04:51> Windows 10 64 bit (build 10.0.19043)
<18:04:51> System language: English
<18:04:51> Windows Directory: "C:\Windows"
<18:04:51> Local time is 18:04:51 07/06/21, system running for 3254 minutes
<18:04:51> 16333MB physical memory installed, 7455MB available, 134217727MB virtual memory installed, 54 percent of memory in use
<18:04:51> PageFile usage: 75MB, Working Set: 88MB, Peak PageFile usage: 75MB,
<18:04:51> Current display mode is 2560x1440x32, (Unknown graphics card)
<18:04:51> IBM enhanced (101/102-key) keyboard and 16+ button mouse installed
<18:04:51> --------------------------------------------------------------------------------
<18:04:51> OnSysSpecChange(1)
<18:04:51> Loading Config file LowSpec.cfg (data\config\lowspec.cfg)
<18:04:51> [Error] [CVARS]: [MISSING] [mfx_Timeout] is not a registered console variable; referenced when testing console variable group [sys_spec_gameeffects] = [1]
<18:04:51> [Error] [CVARS]: [MISSING] [ca_AttachmentCullingRation] is not a registered console variable; referenced when testing console variable group [sys_spec_objectdetail] = [1]
<18:04:51> [Error] [CVARS]: [MISSING] [e_DecalsLifeTimeScale] is not a registered console variable; referenced when testing console variable group [sys_spec_objectdetail] = [1]
<18:04:51> [Error] [CVARS]: [MISSING] [e_LodRatio] is not a registered console variable; referenced when testing console variable group [sys_spec_objectdetail] = [1]
<18:04:51> [Error] [CVARS]: [MISSING] [e_MaxViewDistSpecLerp] is not a registered console variable; referenced when testing console variable group [sys_spec_objectdetail] = [1]
<18:04:51> [Error] [CVARS]: [MISSING] [e_MaxViewDistance] is not a registered console variable; referenced when testing console variable group [sys_spec_objectdetail] = [1]
<18:04:51> [Error] [CVARS]: [MISSING] [e_ObjQuality] is not a registered console variable; referenced when testing console variable group [sys_spec_objectdetail] = [1]
<18:04:51> [Error] [CVARS]: [MISSING] [e_TerrainOcclusionCullingMaxDist] is not a registered console variable; referenced when testing console variable group [sys_spec_objectdetail] = [1]
<18:04:51> [Error] [CVARS]: [MISSING] [e_VegetationMinSize] is not a registered console variable; referenced when testing console variable group [sys_spec_objectdetail] = [1]
<18:04:51> [Error] [CVARS]: [MISSING] [e_ViewDistRatio] is not a registered console variable; referenced when testing console variable group [sys_spec_objectdetail] = [1]
<18:04:51> [Error] [CVARS]: [MISSING] [e_ViewDistRatioCustom] is not a registered console variable; referenced when testing console variable group [sys_spec_objectdetail] = [1]
<18:04:51> [Error] [CVARS]: [MISSING] [e_ViewDistRatioDetail] is not a registered console variable; referenced when testing console variable group [sys_spec_objectdetail] = [1]
<18:04:51> [Error] [CVARS]: [MISSING] [e_ViewDistRatioLights] is not a registered console variable; referenced when testing console variable group [sys_spec_objectdetail] = [1]
<18:04:51> [Error] [CVARS]: [MISSING] [e_ViewDistRatioVegetation] is not a registered console variable; referenced when testing console variable group [sys_spec_objectdetail] = [1]
<18:04:51> [Error] [CVARS]: [MISSING] [es_DebrisLifetimeScale] is not a registered console variable; referenced when testing console variable group [sys_spec_objectdetail] = [1]
<18:04:51> [Error] [CVARS]: [MISSING] [e_DecalsOverlapping] is not a registered console variable; referenced when testing console variable group [sys_spec_objectdetail] = [1]
<18:04:51> [Error] [CVARS]: [MISSING] [e_LodMin] is not a registered console variable; referenced when testing console variable group [sys_spec_objectdetail] = [1]
<18:04:51> [Error] [CVARS]: [MISSING] [e_MergedMeshesInstanceDist] is not a registered console variable; referenced when testing console variable group [sys_spec_objectdetail] = [1]
<18:04:51> [Error] [CVARS]: [MISSING] [e_MergedMeshesPool] is not a registered console variable; referenced when testing console variable group [sys_spec_objectdetail] = [1]
<18:04:51> [Error] [CVARS]: [MISSING] [e_OcclusionCullingViewDistRatio] is not a registered console variable; referenced when testing console variable group [sys_spec_objectdetail] = [1]
<18:04:51> [Error] [CVARS]: [MISSING] [e_TerrainLodRatio] is not a registered console variable; referenced when testing console variable group [sys_spec_objectdetail] = [1]
<18:04:51> [Error] [CVARS]: [MISSING] [e_Tessellation] is not a registered console variable; referenced when testing console variable group [sys_spec_objectdetail] = [1]
<18:04:51> [Error] [CVARS]: [MISSING] [e_ViewDistMin] is not a registered console variable; referenced when testing console variable group [sys_spec_objectdetail] = [1]
<18:04:51> [Error] [CVARS]: [MISSING] [e_ParticlesMaxScreenFill] is not a registered console variable; referenced when testing console variable group [sys_spec_particles] = [1]
<18:04:51> [Error] [CVARS]: [MISSING] [e_ParticlesMinDrawPixels] is not a registered console variable; referenced when testing console variable group [sys_spec_particles] = [1]
<18:04:51> [Error] [CVARS]: [MISSING] [e_ParticlesObjectCollisions] is not a registered console variable; referenced when testing console variable group [sys_spec_particles] = [1]
<18:04:51> [Error] [CVARS]: [MISSING] [e_ParticlesQuality] is not a registered console variable; referenced when testing console variable group [sys_spec_particles] = [1]
<18:04:51> [Error] [CVARS]: [MISSING] [e_ParticlesMotionBlur] is not a registered console variable; referenced when testing console variable group [sys_spec_particles] = [1]
<18:04:51> [Error] [CVARS]: [MISSING] [e_CullVegActivation] is not a registered console variable; referenced when testing console variable group [sys_spec_physics] = [1]
<18:04:51> [Error] [CVARS]: [MISSING] [e_FoliageWindActivationDist] is not a registered console variable; referenced when testing console variable group [sys_spec_physics] = [1]
<18:04:51> [Error] [CVARS]: [MISSING] [e_PhysOceanCell] is not a registered console variable; referenced when testing console variable group [sys_spec_physics] = [1]
<18:04:51> [Error] [CVARS]: [MISSING] [es_MaxPhysDist] is not a registered console variable; referenced when testing console variable group [sys_spec_physics] = [1]
<18:04:51> [Error] [CVARS]: [MISSING] [es_MaxPhysDistInvisible] is not a registered console variable; referenced when testing console variable group [sys_spec_physics] = [1]
<18:04:51> [Error] [CVARS]: [MISSING] [g_breakage_particles_limit] is not a registered console variable; referenced when testing console variable group [sys_spec_physics] = [1]
<18:04:51> [Error] [CVARS]: [MISSING] [g_tree_cut_reuse_dist] is not a registered console variable; referenced when testing console variable group [sys_spec_physics] = [1]
<18:04:51> [Error] [CVARS]: [MISSING] [p_max_MC_iters] is not a registered console variable; referenced when testing console variable group [sys_spec_physics] = [1]
<18:04:51> [Error] [CVARS]: [MISSING] [p_max_substeps] is not a registered console variable; referenced when testing console variable group [sys_spec_physics] = [1]
<18:04:51> [Error] [CVARS]: [MISSING] [e_PhysProxyTriLimit] is not a registered console variable; referenced when testing console variable group [sys_spec_physics] = [1]
<18:04:51> [Error] [CVARS]: [MISSING] [p_max_object_splashes] is not a registered console variable; referenced when testing console variable group [sys_spec_physics] = [1]
<18:04:51> [Error] [CVARS]: [MISSING] [p_max_substeps_large_group] is not a registered console variable; referenced when testing console variable group [sys_spec_physics] = [1]
<18:04:51> [Error] [CVARS]: [MISSING] [p_num_bodies_large_group] is not a registered console variable; referenced when testing console variable group [sys_spec_physics] = [1]
<18:04:51> [Error] [CVARS]: [MISSING] [p_splash_dist0] is not a registered console variable; referenced when testing console variable group [sys_spec_physics] = [1]
<18:04:51> [Error] [CVARS]: [MISSING] [p_splash_dist1] is not a registered console variable; referenced when testing console variable group [sys_spec_physics] = [1]
<18:04:51> [Error] [CVARS]: [MISSING] [p_splash_force0] is not a registered console variable; referenced when testing console variable group [sys_spec_physics] = [1]
<18:04:51> [Error] [CVARS]: [MISSING] [p_splash_force1] is not a registered console variable; referenced when testing console variable group [sys_spec_physics] = [1]
<18:04:51> [Error] [CVARS]: [MISSING] [p_splash_vel0] is not a registered console variable; referenced when testing console variable group [sys_spec_physics] = [1]
<18:04:51> [Error] [CVARS]: [MISSING] [p_splash_vel1] is not a registered console variable; referenced when testing console variable group [sys_spec_physics] = [1]
<18:04:51> [Error] [CVARS]: [MISSING] [e_DynamicLightsMaxEntityLights] is not a registered console variable; referenced when testing console variable group [sys_spec_shading] = [1]
<18:04:51> [Error] [CVARS]: [MISSING] [e_SkyUpdateRate] is not a registered console variable; referenced when testing console variable group [sys_spec_shading] = [1]
<18:04:51> [Error] [CVARS]: [MISSING] [e_svoTI_Apply] is not a registered console variable; referenced when testing console variable group [sys_spec_shading] = [1]
<18:04:51> [Error] [CVARS]: [MISSING] [e_svoTI_RsmConeMaxLength] is not a registered console variable; referenced when testing console variable group [sys_spec_shading] = [1]
<18:04:51> [Error] [CVARS]: [MISSING] [e_svoTI_RsmUseColors] is not a registered console variable; referenced when testing console variable group [sys_spec_shading] = [1]
<18:04:51> [Error] [CVARS]: [MISSING] [e_svoTi_Active] is not a registered console variable; referenced when testing console variable group [sys_spec_shading] = [1]
<18:04:51> [Error] [CVARS]: [MISSING] [e_svoti_LowSpecMode] is not a registered console variable; referenced when testing console variable group [sys_spec_shading] = [1]
<18:04:51> [Error] [CVARS]: [MISSING] [e_LightVolumes] is not a registered console variable; referenced when testing console variable group [sys_spec_shading] = [1]
<18:04:51> [Error] [CVARS]: [MISSING] [e_VegetationUseTerrainColor] is not a registered console variable; referenced when testing console variable group [sys_spec_shading] = [1]
<18:04:51> [Error] [CVARS]: [MISSING] [e_GsmLodsNum] is not a registered console variable; referenced when testing console variable group [sys_spec_shadows] = [1]
<18:04:51> [Error] [CVARS]: [MISSING] [e_GsmRange] is not a registered console variable; referenced when testing console variable group [sys_spec_shadows] = [1]
<18:04:51> [Error] [CVARS]: [MISSING] [e_ObjShadowCastSpec] is not a registered console variable; referenced when testing console variable group [sys_spec_shadows] = [1]
<18:04:51> [Error] [CVARS]: [MISSING] [e_ParticlesShadows] is not a registered console variable; referenced when testing console variable group [sys_spec_shadows] = [1]
<18:04:51> [Error] [CVARS]: [MISSING] [e_Shadows] is not a registered console variable; referenced when testing console variable group [sys_spec_shadows] = [1]
<18:04:51> [Error] [CVARS]: [MISSING] [e_ShadowsBlendCascades] is not a registered console variable; referenced when testing console variable group [sys_spec_shadows] = [1]
<18:04:51> [Error] [CVARS]: [MISSING] [e_ShadowsCastViewDistRatio] is not a registered console variable; referenced when testing console variable group [sys_spec_shadows] = [1]
<18:04:51> [Error] [CVARS]: [MISSING] [e_ShadowsLodBiasFixed] is not a registered console variable; referenced when testing console variable group [sys_spec_shadows] = [1]
<18:04:51> [Error] [CVARS]: [MISSING] [e_ShadowsMaxTexRes] is not a registered console variable; referenced when testing console variable group [sys_spec_shadows] = [1]
<18:04:51> [Error] [CVARS]: [MISSING] [e_ShadowsPoolSize] is not a registered console variable; referenced when testing console variable group [sys_spec_shadows] = [1]
<18:04:51> [Error] [CVARS]: [MISSING] [e_ShadowsResScale] is not a registered console variable; referenced when testing console variable group [sys_spec_shadows] = [1]
<18:04:51> [Error] [CVARS]: [MISSING] [e_ShadowsTessellateCascades] is not a registered console variable; referenced when testing console variable group [sys_spec_shadows] = [1]
<18:04:51> [Error] [CVARS]: [MISSING] [e_ShadowsTessellateDLights] is not a registered console variable; referenced when testing console variable group [sys_spec_shadows] = [1]
<18:04:51> [Error] [CVARS]: [MISSING] [e_ShadowsUpdateViewDistRatio] is not a registered console variable; referenced when testing console variable group [sys_spec_shadows] = [1]
<18:04:51> [Error] [CVARS]: [MISSING] [e_VolumetricFog] is not a registered console variable; referenced when testing console variable group [sys_spec_volumetriceffects] = [1]
<18:04:51> [Error] [CVARS]: [MISSING] [e_fog] is not a registered console variable; referenced when testing console variable group [sys_spec_volumetriceffects] = [1]
<18:04:51> [Error] [CVARS]: [MISSING] [e_Clouds] is not a registered console variable; referenced when testing console variable group [sys_spec_volumetriceffects] = [1]
<18:04:51> [Error] [CVARS]: [MISSING] [e_WaterOceanFFT] is not a registered console variable; referenced when testing console variable group [sys_spec_water] = [1]
<18:04:51> [Error] [CVARS]: [MISSING] [e_WaterTessellationAmount] is not a registered console variable; referenced when testing console variable group [sys_spec_water] = [1]
<18:04:51> [Error] [CVARS]: [MISSING] [e_WaterTessellationAmountX] is not a registered console variable; referenced when testing console variable group [sys_spec_water] = [1]
<18:04:51> [Error] [CVARS]: [MISSING] [e_WaterTessellationAmountY] is not a registered console variable; referenced when testing console variable group [sys_spec_water] = [1]
<18:04:51> [Error] [CVARS]: [MISSING] [e_WaterTessellationSwathWidth] is not a registered console variable; referenced when testing console variable group [sys_spec_water] = [1]
<18:04:51> Loading Config file game.cfg (data\game.cfg)
<18:04:51> [Warning] [CVARS]: [CHANGED] variable [sys_asserts] from [0] to [0]; Marked as [VF_CHEAT]
<18:04:51> [Warning] Modifying marked variables will not be allowed in Release mode!
<18:04:51> Stream Engine Initialization
<18:04:51> GameName: Pandemic Express
<18:04:51> BuildTime: Oct 13 2019 19:15:33
<18:04:51> Physics initialization
<18:04:51> Localized language content(english) not available or modified from the original installation.
<18:04:51> Localized language content(english) not available or modified from the original installation.
<18:04:51> Localized language content(english) not available or modified from the original installation.
<18:04:51> <Audio>: AudioSystem initialization
<18:04:51> <Audio> <0.169>: CryAudioImplWwise loaded
<18:04:52> Renderer initialization
<18:04:52> Logging video adapters:
<18:04:52> - NVIDIA GeForce RTX 3070 (vendor = 0x10de, device = 0x2484)
<18:04:52>   - Adapter index: 0
<18:04:52>   - Dedicated video memory: 8043 MB
<18:04:52>   - Feature level: DX11 (SM 5.0)
<18:04:52>   - Displays connected: yes
<18:04:52>   - Suitable rendering device: yes
<18:04:52> - Microsoft Basic Render Driver (vendor = 0x1414, device = 0x008c)
<18:04:52>   - Adapter index: 1
<18:04:52>   - Dedicated video memory: 0 MB
<18:04:52>   - Feature level: DX11 (SM 5.0)
<18:04:52>   - Displays connected: no
<18:04:52>   - Suitable rendering device: no
<18:04:53> Active GPUs: 1
<18:04:53> [Renderer] A display device has been connected to the system
<18:04:53> Loading plugin CryDefaultEntities
<18:04:53> Loading plugin CrySchematycCore
<18:04:53> DLL Failed to load, error code: 7E
<18:04:53> Loading plugin CrySchematycSTDEnv
<18:04:53> DLL Failed to load, error code: 7E
<18:04:53> Loading plugin CrySensorSystem
<18:04:53> DLL Failed to load, error code: 7E
<18:04:53> Loading extension file cryplugin.csv
<18:04:53> Loading plugin ProcAnRandGenerator.dll
<18:04:53> Loading plugin PlayFab.dll
<18:04:53> Loading plugin CEVPlayer.dll
<18:04:54> Font initialization
<18:04:54> Using FreeType 2.5.5
<18:04:55> Network initialization
<18:04:55> [net] Socket IO management: External [iocp], Internal [iocp]
<18:04:55> network hostname: DESKTOP-GKEDPQ6
<18:04:55>   ip:26.90.194.210
<18:04:55>   ip:192.168.20.21
<18:04:55> [Network Version]: PROFILE DEVELOPMENT BUILD
<18:04:55> MovieSystem initialization
<18:04:55> Console initialization
<18:04:55> Time initialization
<18:04:55> Input initialization
<18:04:55> AI initialization
<18:04:55>  
<18:04:55>     con_debug = 0 []
<18:04:55>     con_display_last_messages = 0 []
<18:04:55>     con_line_buffer_size = 1000 []
<18:04:55>     con_restricted = 0 [RESTRICTEDMODE]
<18:04:55>     con_showonload = 0 []
<18:04:55>  
<18:04:55>     con_debug = 0 []
<18:04:55>     con_display_last_messages = 0 []
<18:04:55>     con_line_buffer_size = 1000 []
<18:04:55>     con_restricted = 0 [RESTRICTEDMODE]
<18:04:55>     con_showonload = 0 []
<18:04:55>  
<18:04:55>     con_debug = 0 []
<18:04:55>  
<18:04:55>     con_debug = 0 []
<18:04:55> Initializing Animation System
<18:04:55> Initializing 3D Engine
<18:04:55> Script System Initialization
<18:04:55> Entity system initialization
<18:04:55> Initializing AI System
<18:04:55> Initializing additional systems
<18:04:55> Dynamic Response System initialization
<18:04:55> DLL Failed to load, error code: 7E
<18:04:55> No Dynamic Response System was loaded from a module, will use the NULL implementation.
<18:04:55> [Steam] Steam API initialized successfully
<18:04:56> <ThreadConfigInfo>: [XML Parsing] Thread with name "Main" already loaded. Overriding with new configuration
<18:04:56> <ThreadConfigInfo>: [XML Parsing] Thread with name "Network" already loaded. Overriding with new configuration
<18:04:56> <ThreadConfigInfo>: [XML Parsing] Thread with name "NetworkStallTicker" already loaded. Overriding with new configuration
<18:04:56> <ThreadConfigInfo>: [XML Parsing] Thread with name "ZLibCompressor" already loaded. Overriding with new configuration
<18:04:56> <ThreadConfigInfo>: [XML Parsing] Thread with name "NetworkStallTicker" already loaded. Overriding with new configuration
<18:04:56> <ThreadConfigInfo>: [XML Parsing] Thread with name "ZLibCompressor" already loaded. Overriding with new configuration
<18:04:56> <ThreadConfigInfo>: [XML Parsing] Thread with name "TelemetryCopier" already loaded. Overriding with new configuration
<18:04:56> <ThreadConfigInfo>: [XML Parsing] Thread with name "StatsAgent" already loaded. Overriding with new configuration
<18:04:56> <ThreadConfigInfo>: Thread profile loaded: "pc_8" (config/game.thread_config)  
<18:04:56> Initializing default materials...
<18:05:02> [MFX] Loading FXLib 'breakables' ...
<18:05:02> [MFX] Loading FXLib 'collisions' ...
<18:05:02> [MFX] Loading FXLib 'foley' ...
<18:05:02> [MFX] Loading FXLib 'foley_grunt' ...
<18:05:02> [MFX] Loading FXLib 'foley_player' ...
<18:05:02> [MFX] Loading FXLib 'footstep_grunt' ...
<18:05:02> [MFX] Loading FXLib 'footstep_player' ...
<18:05:02> [MFX] Loading FXLib 'footsteps' ...
<18:05:02> [MFX] Loading FXLib 'grenade' ...
<18:05:02> [MFX] Loading FXLib 'melee' ...
<18:05:02> [MFX] Loading FXLib 'player_fx' ...
<18:05:02> [MFX] Loading FXLib 'projectiles' ...
<18:05:02> [MFX] Loading FXLib 'tornado' ...
<18:05:02> [MFX] Loading FXLib 'vegetation' ...
<18:05:02> [MFX] Loading FXLib 'vehicles' ...
<18:05:02> [MFX] Loading FXLib 'breakables' ...
<18:05:02> [MFX] Loading FXLib 'collisions' ...
<18:05:02> [MFX] Loading FXLib 'foley' ...
<18:05:02> [MFX] Loading FXLib 'foley_grunt' ...
<18:05:02> [MFX] Loading FXLib 'foley_player' ...
<18:05:02> [MFX] Loading FXLib 'footstep_grunt' ...
<18:05:02> [MFX] Loading FXLib 'footstep_player' ...
<18:05:02> [MFX] Loading FXLib 'footsteps' ...
<18:05:02> [MFX] Loading FXLib 'grenade' ...
<18:05:02> [MFX] Loading FXLib 'melee' ...
<18:05:02> [MFX] Loading FXLib 'player_fx' ...
<18:05:02> [MFX] Loading FXLib 'projectiles' ...
<18:05:02> [MFX] Loading FXLib 'tornado' ...
<18:05:02> [MFX] Loading FXLib 'vegetation' ...
<18:05:02> [MFX] Loading FXLib 'vehicles' ...
<18:05:02> Creating socket on port 2838
<18:05:02> CreateDatagramSocket c1
<18:05:02> CreateDatagramSocket c2
<18:05:31> CreateDatagramSocket c1
<18:05:35> Game rules class: InstantAction
<18:05:35> ============================ PrepareLevel Multiplayer/Purgatorium_Esc_Cw ============================
<18:06:03> CryAnimation: character-definition not found: objects/characters/human/sdk_player/sdk_player.cdf
<18:06:03> CryAnimation: character-definition not found: objects/characters/human/sdk_player/sdk_player.cdf
<18:06:03> CryAnimation: character-definition not found: objects/characters/human/sdk_player/sdk_player.cdf
<18:06:03> CryAnimation: character-definition not found: objects/characters/human/sdk_player/sdk_player.cdf
<18:06:03> CryAnimation: character-definition not found: objects/characters/human/sdk_player/sdk_player.cdf
<18:06:03> CryAnimation: character-definition not found: objects/characters/human/sdk_player/sdk_player.cdf
<18:06:03> CryAnimation: character-definition not found: objects/characters/human/sdk_player/sdk_player.cdf
<18:06:03> CryAnimation: character-definition not found: objects/characters/human/sdk_player/sdk_player.cdf
<18:06:03> CryAnimation: character-definition not found: objects/characters/human/sdk_player/sdk_player.cdf
<18:06:03> CryAnimation: character-definition not found: objects/characters/human/sdk_player/sdk_player.cdf
<18:06:03> CryAnimation: character-definition not found: objects/characters/human/sdk_player/sdk_player.cdf
<18:06:03> CryAnimation: character-definition not found: objects/characters/human/sdk_player/sdk_player.cdf
<18:06:03> CryAnimation: character-definition not found: objects/characters/human/sdk_player/sdk_player.cdf
<18:06:03> CryAnimation: character-definition not found: objects/characters/human/sdk_player/sdk_player.cdf
<18:06:03> CryAnimation: character-definition not found: objects/characters/human/sdk_player/sdk_player.cdf
<18:06:03> CryAnimation: character-definition not found: objects/characters/human/sdk_player/sdk_player.cdf
<18:06:03> CryAnimation: character-definition not found: objects/characters/human/sdk_player/sdk_player.cdf
<18:06:03> CryAnimation: character-definition not found: objects/characters/human/sdk_player/sdk_player.cdf
<18:06:03> CryAnimation: character-definition not found: objects/characters/human/sdk_player/sdk_player.cdf
<18:06:03> CryAnimation: character-definition not found: objects/characters/human/sdk_player/sdk_player.cdf
<18:06:03> CryAnimation: character-definition not found: objects/characters/human/sdk_player/sdk_player.cdf
<18:06:03> CryAnimation: character-definition not found: objects/characters/human/sdk_player/sdk_player.cdf
<18:06:03> CryAnimation: character-definition not found: objects/characters/human/sdk_player/sdk_player.cdf
<18:06:03> CryAnimation: character-definition not found: objects/characters/human/sdk_player/sdk_player.cdf
<18:06:03> CryAnimation: character-definition not found: objects/characters/human/sdk_player/sdk_player.cdf
<18:06:03> CryAnimation: character-definition not found: objects/characters/human/sdk_player/sdk_player.cdf
<18:06:03> CryAnimation: character-definition not found: objects/characters/human/sdk_player/sdk_player.cdf
<18:06:03> CryAnimation: character-definition not found: objects/characters/human/sdk_player/sdk_player.cdf
<18:06:03> CryAnimation: character-definition not found: objects/characters/human/sdk_player/sdk_player.cdf
<18:06:03> CryAnimation: character-definition not found: objects/characters/human/sdk_player/sdk_player.cdf
<18:06:03> CryAnimation: character-definition not found: objects/characters/human/sdk_player/sdk_player.cdf
<18:06:03> CryAnimation: character-definition not found: objects/characters/human/sdk_player/sdk_player.cdf
<18:06:03> CryAnimation: character-definition not found: objects/characters/human/sdk_player/sdk_player.cdf
<18:06:03> CryAnimation: character-definition not found: objects/characters/human/sdk_player/sdk_player.cdf
<18:06:03> CryAnimation: character-definition not found: objects/characters/human/sdk_player/sdk_player.cdf
<18:06:03> CryAnimation: character-definition not found: objects/characters/human/sdk_player/sdk_player.cdf
<18:06:03> CryAnimation: character-definition not found: objects/characters/human/sdk_player/sdk_player.cdf
<18:06:03> CryAnimation: character-definition not found: objects/characters/human/sdk_player/sdk_player.cdf
<18:06:03> CryAnimation: character-definition not found: objects/characters/human/sdk_player/sdk_player.cdf
<18:06:05> CryAnimation: character-definition not found: objects/characters/human/sdk_player/sdk_player.cdf
<18:06:05> CryAnimation: character-definition not found: objects/characters/human/sdk_player/sdk_player.cdf
<18:06:05> CryAnimation: character-definition not found: objects/characters/human/sdk_player/sdk_player.cdf
<18:06:07> CryAnimation: character-definition not found: objects/characters/human/sdk_player/sdk_player.cdf
<18:06:07> CryAnimation: character-definition not found: objects/characters/human/sdk_player/sdk_player.cdf
<18:06:07> CryAnimation: character-definition not found: objects/characters/human/sdk_player/sdk_player.cdf
<18:06:08> CryAnimation: character-definition not found: objects/characters/human/sdk_player/sdk_player.cdf
<18:06:08> CryAnimation: character-definition not found: objects/characters/human/sdk_player/sdk_player.cdf
<18:06:08> CryAnimation: character-definition not found: objects/characters/human/sdk_player/sdk_player.cdf
<18:06:10> PLAYERNAME Kornflakes
<18:06:10> CryAnimation: character-definition not found: objects/characters/man.cdf
<18:06:11> CryAnimation: character-definition not found: objects/characters/human/sdk_player/sdk_player.cdf
<18:06:11> CryAnimation: character-definition not found: objects/characters/human/sdk_player/sdk_player.cdf
<18:06:11> CryAnimation: character-definition not found: objects/characters/human/sdk_player/sdk_player.cdf
<18:06:20> _used_prerec_msg 
<18:06:24> CryAnimation: character-definition not found: objects/characters/human/sdk_player/sdk_player.cdf
<18:06:24> CryAnimation: character-definition not found: objects/characters/human/sdk_player/sdk_player.cdf
<18:06:24> CryAnimation: character-definition not found: objects/characters/human/sdk_player/sdk_player.cdf
<18:06:34> st_used_prerec_msg 
<18:06:48> _used_prerec_msg 
<18:06:54> ast_used_prerec_msg 
<18:06:56> CryAnimation: character-definition not found: objects/characters/human/sdk_player/sdk_player.cdf
<18:06:56> CryAnimation: character-definition not found: objects/characters/human/sdk_player/sdk_player.cdf
<18:06:56> CryAnimation: character-definition not found: objects/characters/human/sdk_player/sdk_player.cdf
<18:06:59> CryAnimation: character-definition not found: objects/characters/human/sdk_player/sdk_player.cdf
<18:06:59> CryAnimation: character-definition not found: objects/characters/human/sdk_player/sdk_player.cdf
<18:06:59> CryAnimation: character-definition not found: objects/characters/human/sdk_player/sdk_player.cdf
<18:07:00> CryAnimation: character-definition not found: objects/characters/human/sdk_player/sdk_player.cdf
<18:07:00> CryAnimation: character-definition not found: objects/characters/human/sdk_player/sdk_player.cdf
<18:07:00> CryAnimation: character-definition not found: objects/characters/human/sdk_player/sdk_player.cdf
<18:07:07> CryAnimation: character-definition not found: objects/characters/human/sdk_player/sdk_player.cdf
<18:07:07> CryAnimation: character-definition not found: objects/characters/human/sdk_player/sdk_player.cdf
<18:07:07> CryAnimation: character-definition not found: objects/characters/human/sdk_player/sdk_player.cdf
<18:07:10> CryAnimation: character-definition not found: objects/characters/human/sdk_player/sdk_player.cdf
<18:07:10> CryAnimation: character-definition not found: objects/characters/human/sdk_player/sdk_player.cdf
<18:07:10> CryAnimation: character-definition not found: objects/characters/human/sdk_player/sdk_player.cdf
<18:07:12> CryAnimation: character-definition not found: objects/characters/human/sdk_player/sdk_player.cdf
<18:07:12> CryAnimation: character-definition not found: objects/characters/human/sdk_player/sdk_player.cdf
<18:07:12> CryAnimation: character-definition not found: objects/characters/human/sdk_player/sdk_player.cdf
<18:07:22> CryAnimation: character-definition not found: objects/characters/human/sdk_player/sdk_player.cdf
<18:07:22> CryAnimation: character-definition not found: objects/characters/human/sdk_player/sdk_player.cdf
<18:07:22> CryAnimation: character-definition not found: objects/characters/human/sdk_player/sdk_player.cdf
<18:07:25> d_prerec_msg 
<18:07:31> CryAnimation: character-definition not found: objects/characters/human/sdk_player/sdk_player.cdf
<18:07:31> CryAnimation: character-definition not found: objects/characters/human/sdk_player/sdk_player.cdf
<18:07:31> CryAnimation: character-definition not found: objects/characters/human/sdk_player/sdk_player.cdf
<18:07:39> sed_prerec_msg 
<18:07:46> d_prerec_msg 
<18:07:53> sed_prerec_msg 
<18:07:56> ed_prerec_msg 
<18:08:36> sed_prerec_msg 
<18:08:41> used_prerec_msg 
<18:08:42> CVehicleSeat::NetSetPassengerId c2
<18:08:42> CVehicleSeat::Enter called
<18:08:45> used_prerec_msg 
<18:08:46> CVehicleSeat::NetSetPassengerId c2
<18:08:46> CVehicleSeat::Enter called
<18:08:47> CVehicleSeat::Exit called
<18:08:47> CVehicleSeat::Exit called c2
<18:08:47> ClProcessLeave call
<18:08:47> CVehicleSeat::Exit called
<18:08:47> CVehicleSeat::Exit called c2
<18:08:47> ClProcessLeave call
<18:08:47> used_prerec_msg 
<18:08:53> ClReplDropOpen !params.r_openedDr
<18:08:56> CVehicleSeat::NetSetPassengerId c2
<18:08:56> CVehicleSeat::Enter called
<18:08:56> CVehicleSeat::Exit called
<18:08:56> CVehicleSeat::Exit called c2
<18:08:56> ClProcessLeave call
<18:08:59> CVehicleSeat::NetSetPassengerId c2
<18:08:59> CVehicleSeat::Enter called
<18:09:00> CVehicleSeat::NetSetPassengerId c2
<18:09:00> CVehicleSeat::Enter called
<18:09:02> CVehicleSeat::Exit called
<18:09:02> CVehicleSeat::Exit called c2
<18:09:02> ClProcessLeave call
<18:09:13> d_prerec_msg 
<18:09:13> CVehicleSeat::NetSetPassengerId c2
<18:09:13> CVehicleSeat::Enter called
<18:09:17> CVehicleSeat::Exit called
<18:09:17> CVehicleSeat::Exit called c2
<18:09:17> ClProcessLeave call
<18:09:20> CVehicleSeat::Exit called
<18:09:20> CVehicleSeat::Exit called c2
<18:09:20> ClProcessLeave call
<18:09:34> ClReplDropOpen !params.r_openedDr
<18:09:37> ClReplDropOpen !params.r_openedDr
<18:09:37> ClReplDropOpen !params.r_openedDr
<18:09:54> ClReplDropOpen !params.r_openedDr
<18:10:00> ClReplDropOpen !params.r_openedDr
<18:10:14> ed_prerec_msg 
<18:10:16> ClReplDropOpen !params.r_openedDr
<18:10:17> ed_prerec_msg 
<18:10:30> CHUDNv::showPickArmorGradient()
<18:11:13> ed_prerec_msg 
<18:11:13> CVehicleSeat::NetSetPassengerId c2
<18:11:13> CVehicleSeat::Enter called
<18:11:16> CVehicleSeat::Exit called
<18:11:16> CVehicleSeat::Exit called c2
<18:11:16> ClProcessLeave call
<18:11:19> CVehicleSeat::NetSetPassengerId c2
<18:11:19> CVehicleSeat::Enter called
<18:11:21> CVehicleSeat::Exit called
<18:11:21> CVehicleSeat::Exit called c2
<18:11:21> ClProcessLeave call
<18:11:22> ed_prerec_msg 
<18:11:25> used_prerec_msg 
<18:11:51> t_used_prerec_msg 
<18:11:53> sed_prerec_msg 
<18:11:55> _used_prerec_msg 
<18:12:10> d_prerec_msg 
<18:12:21> _used_prerec_msg 
<18:12:24> _used_prerec_msg 
<18:12:38> _used_prerec_msg 
<18:12:52> d_prerec_msg 
<18:13:01> sed_prerec_msg 
<18:13:18> st_used_prerec_msg 
<18:13:25> st_used_prerec_msg 
<18:13:30> CVehicleSeat::NetSetPassengerId c2
<18:13:30> CVehicleSeat::Enter called
<18:13:40> CVehicleSeat::Exit called
<18:13:40> CVehicleSeat::Exit called c2
<18:13:40> ClProcessLeave call
<18:15:05> ast_used_prerec_msg 
<18:15:17> sed_prerec_msg 
<18:15:26> CVehicleSeat::NetSetPassengerId c2
<18:15:26> CVehicleSeat::Enter called
<18:15:29> CVehicleSeat::Exit called
<18:15:29> CVehicleSeat::Exit called c2
<18:15:29> ClProcessLeave call
<18:16:10> CVehicleSeat::NetSetPassengerId c2
<18:16:10> CVehicleSeat::Enter called
<18:16:11> CVehicleSeat::Exit called
<18:16:11> CVehicleSeat::Exit called c2
<18:16:11> ClProcessLeave call
<18:16:24> st_used_prerec_msg 
<18:16:33> CTrain::SmplPlaySnd train_gts
<18:17:06> ast_used_prerec_msg 
<18:17:07> d_prerec_msg 
<18:17:09> ast_used_prerec_msg 
<18:17:10> ast_used_prerec_msg 
<18:17:13> used_prerec_msg 
<18:17:15> sed_prerec_msg 
<18:17:15> ast_used_prerec_msg 
<18:17:41> sed_prerec_msg 
<18:18:18> st_used_prerec_msg 
<18:18:20> _used_prerec_msg 
<18:18:29> st_used_prerec_msg 
<CRITICAL EXCEPTION>
Exception: 0xC0000005, at Address: 0x0033:0x0000000000000000
Virtual memory usage: 7960Mb
Debug Status: 14:10 Game multiplayer/Purgatorium_Esc_Cw InstantAction
Last D3D debug message: No message queued. Debug runtime might be inactive or not installed.
Exception Code: 0xC0000005
Exception Addr: 0x0033:0x0000000000000000
Exception Module: <Unknown>
Exception Name  : EXCEPTION_ACCESS_VIOLATION
Exception Description: Attempt to write data to address 0x0000000000000000
The memory could not be "written"
Exception Code: 0xC0000005
Exception Addr: 0x0033:0x0000000000000000
Exception Module: <Unknown>
Exception Description: EXCEPTION_ACCESS_VIOLATION, Attempt to write data to address 0x0000000000000000
The memory could not be "written"
Memory in use: 8019.4MB
Debug Status: 14:10 Game multiplayer/Purgatorium_Esc_Cw InstantAction
Out of Memory: 0
MainThread Id: 2352
RenderThread Id: 14712
[Crashed] Thread Id: 2352
[Crashed] ThreadName: Main

[Crashed] Call Stack: ["Main" [2352]]

